[I 2026-03-24 15:31:11,630] Trial 698 finished with value: 0.941747572815534 and parameters: {'n_estimators': 483, 'max_depth': 42, 'learning_rate': 0.037254679891969344, 'reg_alpha': 6.204585241738957e-07, 'reg_lambda': 7.345792642546987e-05, 'min_child_weight': 4}. Best is trial 0 with value: 0.941747572815534.
[I 2026-03-24 15:31:11,718] Trial 699 finished with value: 0.941747572815534 and parameters: {'n_estimators': 528, 'max_depth': 39, 'learning_rate': 0.022555819713783558, 'reg_alpha': 0.009388719545906227, 'reg_lambda': 0.0008954294348648001, 'min_child_weight': 9}. Best is trial 0 with value: 0.941747572815534.
[I 2026-03-24 15:31:11,843] Trial 700 finished with value: 0.941747572815534 and parameters: {'n_estimators': 875, 'max_depth': 30, 'learning_rate': 0.007618290630546839, 'reg_alpha': 0.005559935185907832, 'reg_lambda': 0.027849391570789125, 'min_child_weight': 1}. Best is trial 0 with value: 0.941747572815534.
[I 2026-03-24 15:31:11,902] Trial 701 finished with value: 0.941747572815534 and parameters: {'n_estimators': 271, 'max_depth': 31, 'learning_rate': 0.001709727950635836, 'reg_alpha': 0.0033959130604196645, 'reg_lambda': 0.062098461399763515, 'min_child_weight': 8}. Best is trial 0 with value: 0.941747572815534.
[I 2026-03-24 15:31:11,980] Trial 702 finished with value: 0.941747572815534 and parameters: {'n_estimators': 453, 'max_depth': 45, 'learning_rate': 0.059752788944576606, 'reg_alpha': 2.933566444969465e-07, 'reg_lambda': 0.005166548548572791, 'min_child_weight': 4}. Best is trial 0 with value: 0.941747572815534.
[I 2026-03-24 15:31:12,099] Trial 703 finished with value: 0.941747572815534 and parameters: {'n_estimators': 843, 'max_depth': 34, 'learning_rate': 0.08371620057689616, 'reg_alpha': 0.0015767101027825854, 'reg_lambda': 0.5164308284696822, 'min_child_weight': 8}. Best is trial 0 with value: 0.941747572815534.
[I 2026-03-24 15:31:12,168] Trial 704 finished with value: 0.941747572815534 and parameters: {'n_estimators': 365, 'max_depth': 50, 'learning_rate': 0.002686681774273195, 'reg_alpha': 5.7179384000053994e-08, 'reg_lambda': 0.3013832791184842, 'min_child_weight': 6}. Best is trial 0 with value: 0.941747572815534.
[I 2026-03-24 15:31:12,264] Trial 705 finished with value: 0.941747572815534 and parameters: {'n_estimators': 629, 'max_depth': 41, 'learning_rate': 0.0010226314515089532, 'reg_alpha': 1.2841251791243903e-07, 'reg_lambda': 0.2078601485989172, 'min_child_weight': 5}. Best is trial 0 with value: 0.941747572815534.
[I 2026-03-24 15:31:12,326] Trial 706 finished with value: 0.941747572815534 and parameters: {'n_estimators': 295, 'max_depth': 7, 'learning_rate': 0.004193627819830733, 'reg_alpha': 3.9564551672582415e-06, 'reg_lambda': 5.008506029056854e-07, 'min_child_weight': 7}. Best is trial 0 with value: 0.941747572815534.
[I 2026-03-24 15:31:12,443] Trial 707 finished with value: 0.941747572815534 and parameters: {'n_estimators': 817, 'max_depth': 19, 'learning_rate': 0.005020821836313226, 'reg_alpha': 0.45160463108496407, 'reg_lambda': 0.00018378741363353826, 'min_child_weight': 3}. Best is trial 0 with value: 0.941747572815534.
[I 2026-03-24 15:31:12,512] Trial 708 finished with value: 0.941747572815534 and parameters: {'n_estimators': 351, 'max_depth': 42, 'learning_rate': 0.019390149417004503, 'reg_alpha': 0.0759393783093245, 'reg_lambda': 0.0012212217824540909, 'min_child_weight': 10}. Best is trial 0 with value: 0.941747572815534.
[I 2026-03-24 15:31:12,593] Trial 709 finished with value: 0.941747572815534 and parameters: {'n_estimators': 470, 'max_depth': 24, 'learning_rate': 0.014090003383295907, 'reg_alpha': 0.0007429810509967762, 'reg_lambda': 4.943072421458844e-08, 'min_child_weight': 7}. Best is trial 0 with value: 0.941747572815534.
[I 2026-03-24 15:31:12,683] Trial 710 finished with value: 0.941747572815534 and parameters: {'n_estimators': 550, 'max_depth': 38, 'learning_rate': 0.02762361813616441, 'reg_alpha': 1.4785608355852176e-05, 'reg_lambda': 2.5248889348950407e-06, 'min_child_weight': 2}. Best is trial 0 with value: 0.941747572815534.
[I 2026-03-24 15:31:12,792] Trial 711 finished with value: 0.941747572815534 and parameters: {'n_estimators': 737, 'max_depth': 33, 'learning_rate': 0.0035277354097066746, 'reg_alpha': 4.5371928928218916e-07, 'reg_lambda': 0.010436442156007997, 'min_child_weight': 6}. Best is trial 0 with value: 0.941747572815534.
[I 2026-03-24 15:31:12,904] Trial 712 finished with value: 0.941747572815534 and parameters: {'n_estimators': 758, 'max_depth': 43, 'learning_rate': 0.06918657183739439, 'reg_alpha': 0.0003466963818940126, 'reg_lambda': 0.04568449754834715, 'min_child_weight': 9}. Best is trial 0 with value: 0.941747572815534.
[I 2026-03-24 15:31:12,962] Trial 713 finished with value: 0.941747572815534 and parameters: {'n_estimators': 258, 'max_depth': 9, 'learning_rate': 0.0908058633153553, 'reg_alpha': 1.5258675555412348e-08, 'reg_lambda': 0.13347886901917672, 'min_child_weight': 8}. Best is trial 0 with value: 0.941747572815534.
[I 2026-03-24 15:31:13,047] Trial 714 finished with value: 0.941747572815534 and parameters: {'n_estimators': 508, 'max_depth': 48, 'learning_rate': 0.09987495128362542, 'reg_alpha': 2.27453651420778e-08, 'reg_lambda': 0.08700015445302606, 'min_child_weight': 6}. Best is trial 0 with value: 0.941747572815534.
[I 2026-03-24 15:31:13,121] Trial 715 finished with value: 0.941747572815534 and parameters: {'n_estimators': 397, 'max_depth': 29, 'learning_rate': 0.03175445464550267, 'reg_alpha': 1.9023331509814644e-06, 'reg_lambda': 1.0984538492828603e-07, 'min_child_weight': 7}. Best is trial 0 with value: 0.941747572815534.
[I 2026-03-24 15:31:13,236] Trial 716 finished with value: 0.941747572815534 and parameters: {'n_estimators': 793, 'max_depth': 36, 'learning_rate': 0.0028931628919809053, 'reg_alpha': 7.385196781293126e-08, 'reg_lambda': 5.338034221829131e-05, 'min_child_weight': 4}. Best is trial 0 with value: 0.941747572815534.
[I 2026-03-24 15:31:13,338] Trial 717 finished with value: 0.941747572815534 and parameters: {'n_estimators': 676, 'max_depth': 6, 'learning_rate': 0.009015351840428194, 'reg_alpha': 1.9836098424107347e-07, 'reg_lambda': 1.4242477989435364e-05, 'min_child_weight': 5}. Best is trial 0 with value: 0.941747572815534.
[I 2026-03-24 15:31:13,404] Trial 718 finished with value: 0.941747572815534 and parameters: {'n_estimators': 335, 'max_depth': 46, 'learning_rate': 0.0021474864392049047, 'reg_alpha': 0.002624595374771827, 'reg_lambda': 0.0022507189978647184, 'min_child_weight': 3}. Best is trial 0 with value: 0.941747572815534.
[I 2026-03-24 15:31:13,528] Trial 719 finished with value: 0.941747572815534 and parameters: {'n_estimators': 889, 'max_depth': 44, 'learning_rate': 0.0014450693773467745, 'reg_alpha': 8.13451288375025e-06, 'reg_lambda': 0.006274870247285838, 'min_child_weight': 8}. Best is trial 0 with value: 0.941747572815534.
[I 2026-03-24 15:31:13,642] Trial 720 finished with value: 0.941747572815534 and parameters: {'n_estimators': 774, 'max_depth': 40, 'learning_rate': 0.023917115967048753, 'reg_alpha': 6.140249025020621e-05, 'reg_lambda': 3.037785402792074e-05, 'min_child_weight': 5}. Best is trial 0 with value: 0.941747572815534.
[I 2026-03-24 15:31:13,725] Trial 721 finished with value: 0.941747572815534 and parameters: {'n_estimators': 491, 'max_depth': 49, 'learning_rate': 0.03965232167337047, 'reg_alpha': 0.023696632642208247, 'reg_lambda': 0.0001030500017190403, 'min_child_weight': 10}. Best is trial 0 with value: 0.941747572815534.
[I 2026-03-24 15:31:13,858] Trial 722 finished with value: 0.941747572815534 and parameters: {'n_estimators': 943, 'max_depth': 21, 'learning_rate': 0.006690734864599334, 'reg_alpha': 0.0001693997343893288, 'reg_lambda': 0.0004245875391547519, 'min_child_weight': 7}. Best is trial 0 with value: 0.941747572815534.
[I 2026-03-24 15:31:13,949] Trial 723 finished with value: 0.941747572815534 and parameters: {'n_estimators': 563, 'max_depth': 35, 'learning_rate': 0.06253745407679497, 'reg_alpha': 2.4387778063936832e-05, 'reg_lambda': 0.6998533542605929, 'min_child_weight': 6}. Best is trial 0 with value: 0.941747572815534.
[I 2026-03-24 15:31:14,044] Trial 724 finished with value: 0.941747572815534 and parameters: {'n_estimators': 601, 'max_depth': 28, 'learning_rate': 0.08459352114779763, 'reg_alpha': 3.505056955891617e-08, 'reg_lambda': 0.0132193702480925, 'min_child_weight': 7}. Best is trial 0 with value: 0.941747572815534.
[I 2026-03-24 15:31:14,121] Trial 725 finished with value: 0.941747572815534 and parameters: {'n_estimators': 441, 'max_depth': 32, 'learning_rate': 0.002312775130053585, 'reg_alpha': 5.608803539928072e-06, 'reg_lambda': 1.2094549626049693e-06, 'min_child_weight': 6}. Best is trial 0 with value: 0.941747572815534.
[I 2026-03-24 15:31:14,176] Trial 726 finished with value: 0.941747572815534 and parameters: {'n_estimators': 227, 'max_depth': 22, 'learning_rate': 0.04946103091519474, 'reg_alpha': 0.04272156158341997, 'reg_lambda': 5.871440639220935e-06, 'min_child_weight': 2}. Best is trial 0 with value: 0.941747572815534.
[I 2026-03-24 15:31:14,249] Trial 727 finished with value: 0.941747572815534 and parameters: {'n_estimators': 380, 'max_depth': 47, 'learning_rate': 0.005363917652203339, 'reg_alpha': 0.0009587836883627643, 'reg_lambda': 0.026583160141474525, 'min_child_weight': 9}. Best is trial 0 with value: 0.941747572815534.
[I 2026-03-24 15:31:14,323] Trial 728 finished with value: 0.941747572815534 and parameters: {'n_estimators': 415, 'max_depth': 25, 'learning_rate': 0.0018565737233445536, 'reg_alpha': 1.7097307598532162e-07, 'reg_lambda': 3.0298703970916067e-06, 'min_child_weight': 8}. Best is trial 0 with value: 0.941747572815534.
[I 2026-03-24 15:31:14,439] Trial 729 finished with value: 0.941747572815534 and parameters: {'n_estimators': 813, 'max_depth': 39, 'learning_rate': 0.02625386256815697, 'reg_alpha': 4.080791804783259e-05, 'reg_lambda': 8.18651481097876e-07, 'min_child_weight': 4}. Best is trial 0 with value: 0.941747572815534.
[I 2026-03-24 15:31:14,574] Trial 730 finished with value: 0.941747572815534 and parameters: {'n_estimators': 986, 'max_depth': 45, 'learning_rate': 0.009682598570502767, 'reg_alpha': 2.5486802590081667e-07, 'reg_lambda': 0.08813064775561859, 'min_child_weight': 10}. Best is trial 0 with value: 0.941747572815534.
[I 2026-03-24 15:31:14,681] Trial 731 finished with value: 0.941747572815534 and parameters: {'n_estimators': 721, 'max_depth': 35, 'learning_rate': 0.017150703139680375, 'reg_alpha': 0.007344815331941616, 'reg_lambda': 0.05794522265703019, 'min_child_weight': 7}. Best is trial 0 with value: 0.941747572815534.
[I 2026-03-24 15:31:14,762] Trial 732 finished with value: 0.941747572815534 and parameters: {'n_estimators': 465, 'max_depth': 43, 'learning_rate': 0.05686162964123114, 'reg_alpha': 0.00010137087812492598, 'reg_lambda': 0.0007430390741444052, 'min_child_weight': 6}. Best is trial 0 with value: 0.941747572815534.
[I 2026-03-24 15:31:14,849] Trial 733 finished with value: 0.941747572815534 and parameters: {'n_estimators': 532, 'max_depth': 37, 'learning_rate': 0.0025344184085218874, 'reg_alpha': 0.016467460807306638, 'reg_lambda': 0.19092714149863207, 'min_child_weight': 4}. Best is trial 0 with value: 0.941747572815534.
[I 2026-03-24 15:31:14,932] Trial 734 finished with value: 0.941747572815534 and parameters: {'n_estimators': 480, 'max_depth': 16, 'learning_rate': 0.07215415877617, 'reg_alpha': 1.1637771460189935e-06, 'reg_lambda': 1.977461591356188e-05, 'min_child_weight': 7}. Best is trial 0 with value: 0.941747572815534.
[I 2026-03-24 15:31:15,033] Trial 735 finished with value: 0.941747572815534 and parameters: {'n_estimators': 651, 'max_depth': 38, 'learning_rate': 0.006085090687099207, 'reg_alpha': 2.1629587128949005e-06, 'reg_lambda': 0.00174022972102443, 'min_child_weight': 9}. Best is trial 0 with value: 0.941747572815534.
[I 2026-03-24 15:31:15,145] Trial 736 finished with value: 0.941747572815534 and parameters: {'n_estimators': 760, 'max_depth': 6, 'learning_rate': 0.03506667863810959, 'reg_alpha': 1.1183001808142648e-07, 'reg_lambda': 0.0002949012058704024, 'min_child_weight': 2}. Best is trial 0 with value: 0.941747572815534.
[I 2026-03-24 15:31:15,210] Trial 737 finished with value: 0.941747572815534 and parameters: {'n_estimators': 313, 'max_depth': 41, 'learning_rate': 0.044720374535891824, 'reg_alpha': 6.669463447928532e-07, 'reg_lambda': 0.4227864024057706, 'min_child_weight': 8}. Best is trial 0 with value: 0.941747572815534.
[I 2026-03-24 15:31:15,303] Trial 738 finished with value: 0.941747572815534 and parameters: {'n_estimators': 578, 'max_depth': 26, 'learning_rate': 0.001135319329967445, 'reg_alpha': 0.002232474973129387, 'reg_lambda': 4.0483477277053e-06, 'min_child_weight': 6}. Best is trial 0 with value: 0.941747572815534.
[I 2026-03-24 15:31:15,361] Trial 739 finished with value: 0.941747572815534 and parameters: {'n_estimators': 249, 'max_depth': 8, 'learning_rate': 0.020341583647302167, 'reg_alpha': 3.5074597988306072e-06, 'reg_lambda': 7.247597187974456e-08, 'min_child_weight': 5}. Best is trial 0 with value: 0.941747572815534.
[I 2026-03-24 15:31:15,490] Trial 740 finished with value: 0.941747572815534 and parameters: {'n_estimators': 916, 'max_depth': 42, 'learning_rate': 0.008408299144608092, 'reg_alpha': 0.0002507379272914333, 'reg_lambda': 9.523675645939497e-06, 'min_child_weight': 7}. Best is trial 0 with value: 0.941747572815534.
[I 2026-03-24 15:31:15,587] Trial 741 finished with value: 0.941747572815534 and parameters: {'n_estimators': 634, 'max_depth': 13, 'learning_rate': 0.08987249285201862, 'reg_alpha': 1.4193513320584469e-05, 'reg_lambda': 0.003746173238826008, 'min_child_weight': 3}. Best is trial 0 with value: 0.941747572815534.
[I 2026-03-24 15:31:15,671] Trial 742 finished with value: 0.941747572815534 and parameters: {'n_estimators': 501, 'max_depth': 10, 'learning_rate': 0.02975473385298951, 'reg_alpha': 4.4426259021663076e-08, 'reg_lambda': 0.01867564386422745, 'min_child_weight': 10}. Best is trial 0 with value: 0.941747572815534.
[I 2026-03-24 15:31:15,749] Trial 743 finished with value: 0.941747572815534 and parameters: {'n_estimators': 424, 'max_depth': 23, 'learning_rate': 0.004792924531819417, 'reg_alpha': 0.004564482311787916, 'reg_lambda': 0.00013655973521814187, 'min_child_weight': 6}. Best is trial 0 with value: 0.941747572815534.
[I 2026-03-24 15:31:15,817] Trial 744 finished with value: 0.941747572815534 and parameters: {'n_estimators': 345, 'max_depth': 44, 'learning_rate': 0.015608375421772798, 'reg_alpha': 0.09209496430642494, 'reg_lambda': 1.8279778597749618e-06, 'min_child_weight': 7}. Best is trial 0 with value: 0.941747572815534.
[I 2026-03-24 15:31:15,937] Trial 745 finished with value: 0.941747572815534 and parameters: {'n_estimators': 843, 'max_depth': 41, 'learning_rate': 0.0019694531536986483, 'reg_alpha': 3.760082382146149e-07, 'reg_lambda': 0.045379341338269895, 'min_child_weight': 5}. Best is trial 0 with value: 0.941747572815534.
[I 2026-03-24 15:31:16,044] Trial 746 finished with value: 0.941747572815534 and parameters: {'n_estimators': 704, 'max_depth': 47, 'learning_rate': 0.0012666737751498675, 'reg_alpha': 0.0014552636801928504, 'reg_lambda': 1.0495394164633561e-08, 'min_child_weight': 4}. Best is trial 0 with value: 0.941747572815534.
[I 2026-03-24 15:31:16,157] Trial 747 finished with value: 0.941747572815534 and parameters: {'n_estimators': 783, 'max_depth': 40, 'learning_rate': 0.001006168304012419, 'reg_alpha': 2.424161372652011e-08, 'reg_lambda': 0.30589604588840746, 'min_child_weight': 1}. Best is trial 0 with value: 0.941747572815534.
[I 2026-03-24 15:31:16,279] Trial 748 finished with value: 0.941747572815534 and parameters: {'n_estimators': 859, 'max_depth': 31, 'learning_rate': 0.07845546112378687, 'reg_alpha': 0.011163200599001355, 'reg_lambda': 0.007750838822904785, 'min_child_weight': 6}. Best is trial 0 with value: 0.941747572815534.
[I 2026-03-24 15:31:16,357] Trial 749 finished with value: 0.941747572815534 and parameters: {'n_estimators': 449, 'max_depth': 34, 'learning_rate': 0.003971785654969931, 'reg_alpha': 8.215927570058833e-08, 'reg_lambda': 0.15291561584594318, 'min_child_weight': 8}. Best is trial 0 with value: 0.941747572815534.
[I 2026-03-24 15:31:16,418] Trial 750 finished with value: 0.941747572815534 and parameters: {'n_estimators': 277, 'max_depth': 50, 'learning_rate': 0.0504546136941281, 'reg_alpha': 0.850382861529076, 'reg_lambda': 0.06806025774684334, 'min_child_weight': 7}. Best is trial 0 with value: 0.941747572815534.
[I 2026-03-24 15:31:16,514] Trial 751 finished with value: 0.941747572815534 and parameters: {'n_estimators': 606, 'max_depth': 29, 'learning_rate': 0.023170896946776962, 'reg_alpha': 0.03317086725406376, 'reg_lambda': 0.0005828098576503402, 'min_child_weight': 7}. Best is trial 0 with value: 0.941747572815534.
[I 2026-03-24 15:31:16,630] Trial 752 finished with value: 0.941747572815534 and parameters: {'n_estimators': 804, 'max_depth': 32, 'learning_rate': 0.05419668716179345, 'reg_alpha': 0.0005074475525813374, 'reg_lambda': 2.4440726192854555e-08, 'min_child_weight': 9}. Best is trial 0 with value: 0.941747572815534.
[I 2026-03-24 15:31:16,739] Trial 753 finished with value: 0.941747572815534 and parameters: {'n_estimators': 743, 'max_depth': 37, 'learning_rate': 0.011746045140686561, 'reg_alpha': 1.1235402576075816e-05, 'reg_lambda': 1.6632205871968114e-07, 'min_child_weight': 2}. Best is trial 0 with value: 0.941747572815534.
[I 2026-03-24 15:31:16,813] Trial 754 finished with value: 0.941747572815534 and parameters: {'n_estimators': 401, 'max_depth': 19, 'learning_rate': 0.062307386384487996, 'reg_alpha': 2.0821642908998732e-05, 'reg_lambda': 0.031758534717363264, 'min_child_weight': 10}. Best is trial 0 with value: 0.941747572815534.
[I 2026-03-24 15:31:16,894] Trial 755 finished with value: 0.941747572815534 and parameters: {'n_estimators': 464, 'max_depth': 36, 'learning_rate': 0.012623824055314741, 'reg_alpha': 1.3951492193497135e-08, 'reg_lambda': 0.7420798704288191, 'min_child_weight': 6}. Best is trial 0 with value: 0.941747572815534.
[I 2026-03-24 15:31:16,947] Trial 756 finished with value: 0.941747572815534 and parameters: {'n_estimators': 203, 'max_depth': 27, 'learning_rate': 0.004523621003530562, 'reg_alpha': 6.649398567153433e-06, 'reg_lambda': 0.00019760854214503034, 'min_child_weight': 8}. Best is trial 0 with value: 0.941747572815534.
[I 2026-03-24 15:31:17,033] Trial 757 finished with value: 0.941747572815534 and parameters: {'n_estimators': 520, 'max_depth': 46, 'learning_rate': 0.03300967644922939, 'reg_alpha': 0.0036542335172785934, 'reg_lambda': 9.095276305423497e-05, 'min_child_weight': 3}. Best is trial 0 with value: 0.941747572815534.
[I 2026-03-24 15:31:17,166] Trial 758 finished with value: 0.941747572815534 and parameters: {'n_estimators': 964, 'max_depth': 48, 'learning_rate': 0.007197563657669183, 'reg_alpha': 8.319267410767867e-07, 'reg_lambda': 0.10031736517042833, 'min_child_weight': 7}. Best is trial 0 with value: 0.941747572815534.
[I 2026-03-24 15:31:17,238] Trial 759 finished with value: 0.941747572815534 and parameters: {'n_estimators': 375, 'max_depth': 43, 'learning_rate': 0.026083877063535592, 'reg_alpha': 5.973074448807831e-08, 'reg_lambda': 4.2621962615031964e-07, 'min_child_weight': 5}. Best is trial 0 with value: 0.941747572815534.
[I 2026-03-24 15:31:17,357] Trial 760 finished with value: 0.941747572815534 and parameters: {'n_estimators': 829, 'max_depth': 39, 'learning_rate': 0.09246834694752684, 'reg_alpha': 4.1550882241807165e-07, 'reg_lambda': 4.303980464369474e-05, 'min_child_weight': 4}. Best is trial 0 with value: 0.941747572815534.
[I 2026-03-24 15:31:17,470] Trial 761 finished with value: 0.941747572815534 and parameters: {'n_estimators': 771, 'max_depth': 7, 'learning_rate': 0.002692232662492038, 'reg_alpha': 1.6684754380977837e-07, 'reg_lambda': 0.0003832883482590625, 'min_child_weight': 9}. Best is trial 0 with value: 0.941747572815534.
[I 2026-03-24 15:31:17,564] Trial 762 finished with value: 0.941747572815534 and parameters: {'n_estimators': 589, 'max_depth': 40, 'learning_rate': 0.0016186454343781792, 'reg_alpha': 0.052388702911592935, 'reg_lambda': 0.002961873954525759, 'min_child_weight': 7}. Best is trial 0 with value: 0.941747572815534.
[I 2026-03-24 15:31:17,662] Trial 763 finished with value: 0.941747572815534 and parameters: {'n_estimators': 620, 'max_depth': 30, 'learning_rate': 0.010420617586511532, 'reg_alpha': 0.00015401670525362404, 'reg_lambda': 0.27422558617911313, 'min_child_weight': 6}. Best is trial 0 with value: 0.941747572815534.
[I 2026-03-24 15:31:17,788] Trial 764 finished with value: 0.941747572815534 and parameters: {'n_estimators': 871, 'max_depth': 28, 'learning_rate': 0.0031916840083216513, 'reg_alpha': 0.0018901105138948752, 'reg_lambda': 0.0010216107794671335, 'min_child_weight': 8}. Best is trial 0 with value: 0.941747572815534.
[I 2026-03-24 15:31:17,859] Trial 765 finished with value: 0.941747572815534 and parameters: {'n_estimators': 362, 'max_depth': 45, 'learning_rate': 0.02985139488678106, 'reg_alpha': 7.40176031157131e-05, 'reg_lambda': 0.005537071936110581, 'min_child_weight': 5}. Best is trial 0 with value: 0.941747572815534.
[I 2026-03-24 15:31:17,941] Trial 766 finished with value: 0.941747572815534 and parameters: {'n_estimators': 478, 'max_depth': 33, 'learning_rate': 0.0021403680007295715, 'reg_alpha': 0.019606436459337483, 'reg_lambda': 0.4819027489579579, 'min_child_weight': 7}. Best is trial 0 with value: 0.941747572815534.
[I 2026-03-24 15:31:18,007] Trial 767 finished with value: 0.941747572815534 and parameters: {'n_estimators': 329, 'max_depth': 35, 'learning_rate': 0.005611468887723566, 'reg_alpha': 2.7611567246993223e-06, 'reg_lambda': 7.136959543989467e-06, 'min_child_weight': 10}. Best is trial 0 with value: 0.941747572815534.
