[I 2026-03-24 15:39:41,495] Trial 250 finished with value: 0.9154228855721394 and parameters: {'n_estimators': 927, 'max_depth': 42, 'learning_rate': 0.008936446525293733, 'reg_alpha': 5.952512982063576e-06, 'reg_lambda': 0.001303507260122575, 'min_child_weight': 7}. Best is trial 0 with value: 0.9154228855721394.
[I 2026-03-24 15:39:41,549] Trial 251 finished with value: 0.9154228855721394 and parameters: {'n_estimators': 222, 'max_depth': 25, 'learning_rate': 0.008300113860825117, 'reg_alpha': 0.0018604080243612509, 'reg_lambda': 0.0004091042480014506, 'min_child_weight': 3}. Best is trial 0 with value: 0.9154228855721394.
[I 2026-03-24 15:39:41,648] Trial 252 finished with value: 0.9154228855721394 and parameters: {'n_estimators': 617, 'max_depth': 45, 'learning_rate': 0.0809995068467342, 'reg_alpha': 0.05610169944117802, 'reg_lambda': 2.931542733906311e-06, 'min_child_weight': 2}. Best is trial 0 with value: 0.9154228855721394.
[I 2026-03-24 15:39:41,700] Trial 253 finished with value: 0.9154228855721394 and parameters: {'n_estimators': 201, 'max_depth': 36, 'learning_rate': 0.007656732359553055, 'reg_alpha': 3.6045501319433975e-07, 'reg_lambda': 0.0019963326722623785, 'min_child_weight': 6}. Best is trial 0 with value: 0.9154228855721394.
[I 2026-03-24 15:39:41,758] Trial 254 finished with value: 0.9154228855721394 and parameters: {'n_estimators': 249, 'max_depth': 44, 'learning_rate': 0.00273690946155113, 'reg_alpha': 5.353350748501176e-08, 'reg_lambda': 5.440842131366414e-08, 'min_child_weight': 7}. Best is trial 0 with value: 0.9154228855721394.
[I 2026-03-24 15:39:41,851] Trial 255 finished with value: 0.9154228855721394 and parameters: {'n_estimators': 552, 'max_depth': 35, 'learning_rate': 0.0010035443367385048, 'reg_alpha': 0.4668596776300769, 'reg_lambda': 6.688880171774554e-07, 'min_child_weight': 5}. Best is trial 0 with value: 0.9154228855721394.
[I 2026-03-24 15:39:41,996] Trial 256 finished with value: 0.9154228855721394 and parameters: {'n_estimators': 981, 'max_depth': 47, 'learning_rate': 0.05021222300744217, 'reg_alpha': 3.8808251407974505e-06, 'reg_lambda': 3.8359036771773394e-05, 'min_child_weight': 9}. Best is trial 0 with value: 0.9154228855721394.
[I 2026-03-24 15:39:42,071] Trial 257 finished with value: 0.9154228855721394 and parameters: {'n_estimators': 357, 'max_depth': 32, 'learning_rate': 0.09969196027609989, 'reg_alpha': 1.1391867543656805e-06, 'reg_lambda': 0.0001263095347418158, 'min_child_weight': 1}. Best is trial 0 with value: 0.9154228855721394.
[I 2026-03-24 15:39:42,159] Trial 258 finished with value: 0.9154228855721394 and parameters: {'n_estimators': 519, 'max_depth': 43, 'learning_rate': 0.005035543035527591, 'reg_alpha': 0.0003312338620774036, 'reg_lambda': 8.185376347066167e-06, 'min_child_weight': 8}. Best is trial 0 with value: 0.9154228855721394.
[I 2026-03-24 15:39:42,226] Trial 259 finished with value: 0.9154228855721394 and parameters: {'n_estimators': 338, 'max_depth': 27, 'learning_rate': 0.0032420888546421858, 'reg_alpha': 2.635525354965695e-05, 'reg_lambda': 1.9269613291758683e-06, 'min_child_weight': 3}. Best is trial 0 with value: 0.9154228855721394.
[I 2026-03-24 15:39:42,284] Trial 260 finished with value: 0.9154228855721394 and parameters: {'n_estimators': 265, 'max_depth': 7, 'learning_rate': 0.010691922756714385, 'reg_alpha': 0.018864102489875852, 'reg_lambda': 0.004773765680947577, 'min_child_weight': 6}. Best is trial 0 with value: 0.9154228855721394.
[I 2026-03-24 15:39:42,389] Trial 261 finished with value: 0.9154228855721394 and parameters: {'n_estimators': 660, 'max_depth': 25, 'learning_rate': 0.01579136563824648, 'reg_alpha': 0.0007192710947532509, 'reg_lambda': 1.1183715559792349e-06, 'min_child_weight': 4}. Best is trial 0 with value: 0.9154228855721394.
[I 2026-03-24 15:39:42,504] Trial 262 finished with value: 0.9154228855721394 and parameters: {'n_estimators': 738, 'max_depth': 34, 'learning_rate': 0.006801927779984238, 'reg_alpha': 0.0001170869902202534, 'reg_lambda': 0.0006968114930241463, 'min_child_weight': 7}. Best is trial 0 with value: 0.9154228855721394.
[I 2026-03-24 15:39:42,567] Trial 263 finished with value: 0.9154228855721394 and parameters: {'n_estimators': 304, 'max_depth': 37, 'learning_rate': 0.0368989661279498, 'reg_alpha': 0.2516808884310888, 'reg_lambda': 0.0718178385068542, 'min_child_weight': 9}. Best is trial 0 with value: 0.9154228855721394.
[I 2026-03-24 15:39:42,637] Trial 264 finished with value: 0.9154228855721394 and parameters: {'n_estimators': 377, 'max_depth': 10, 'learning_rate': 0.0012783799083619732, 'reg_alpha': 0.006743155355949892, 'reg_lambda': 2.6834528355412404e-08, 'min_child_weight': 5}. Best is trial 0 with value: 0.9154228855721394.
[I 2026-03-24 15:39:42,839] Trial 265 finished with value: 0.9154228855721394 and parameters: {'n_estimators': 897, 'max_depth': 8, 'learning_rate': 0.004556812393626183, 'reg_alpha': 0.004639628923246466, 'reg_lambda': 0.00017196463649824144, 'min_child_weight': 1}. Best is trial 0 with value: 0.9154228855721394.
[I 2026-03-24 15:39:42,968] Trial 266 finished with value: 0.9154228855721394 and parameters: {'n_estimators': 876, 'max_depth': 49, 'learning_rate': 0.029126832464121306, 'reg_alpha': 6.584479608252209e-06, 'reg_lambda': 0.03141763938636718, 'min_child_weight': 6}. Best is trial 0 with value: 0.9154228855721394.
[I 2026-03-24 15:39:43,086] Trial 267 finished with value: 0.9154228855721394 and parameters: {'n_estimators': 773, 'max_depth': 46, 'learning_rate': 0.0015459335545200165, 'reg_alpha': 5.7408774713566156e-05, 'reg_lambda': 1.8898859552388015e-07, 'min_child_weight': 10}. Best is trial 0 with value: 0.9154228855721394.
[I 2026-03-24 15:39:43,179] Trial 268 finished with value: 0.9154228855721394 and parameters: {'n_estimators': 577, 'max_depth': 24, 'learning_rate': 0.019421364950872478, 'reg_alpha': 0.03462767458651881, 'reg_lambda': 1.7148124472519823e-08, 'min_child_weight': 3}. Best is trial 0 with value: 0.9154228855721394.
[I 2026-03-24 15:39:43,290] Trial 269 finished with value: 0.9154228855721394 and parameters: {'n_estimators': 710, 'max_depth': 13, 'learning_rate': 0.005808977206224015, 'reg_alpha': 1.9060114614745738e-05, 'reg_lambda': 6.184378791380152e-05, 'min_child_weight': 7}. Best is trial 0 with value: 0.9154228855721394.
[I 2026-03-24 15:39:43,342] Trial 270 finished with value: 0.9154228855721394 and parameters: {'n_estimators': 229, 'max_depth': 39, 'learning_rate': 0.0038281186155340453, 'reg_alpha': 2.120962482442714e-06, 'reg_lambda': 4.480993798576505e-07, 'min_child_weight': 2}. Best is trial 0 with value: 0.9154228855721394.
[I 2026-03-24 15:39:43,427] Trial 271 finished with value: 0.9154228855721394 and parameters: {'n_estimators': 502, 'max_depth': 16, 'learning_rate': 0.06902374534922745, 'reg_alpha': 0.0010143072641367573, 'reg_lambda': 9.070653570912092e-08, 'min_child_weight': 5}. Best is trial 0 with value: 0.9154228855721394.
[I 2026-03-24 15:39:43,486] Trial 272 finished with value: 0.9154228855721394 and parameters: {'n_estimators': 281, 'max_depth': 26, 'learning_rate': 0.0022845258111585036, 'reg_alpha': 0.00026000576976410944, 'reg_lambda': 0.001045553976264894, 'min_child_weight': 8}. Best is trial 0 with value: 0.9154228855721394.
[I 2026-03-24 15:39:43,582] Trial 273 finished with value: 0.9154228855721394 and parameters: {'n_estimators': 598, 'max_depth': 14, 'learning_rate': 0.01331902013185327, 'reg_alpha': 0.16223286612751484, 'reg_lambda': 3.972221077502323e-06, 'min_child_weight': 4}. Best is trial 0 with value: 0.9154228855721394.
[I 2026-03-24 15:39:43,690] Trial 274 finished with value: 0.9154228855721394 and parameters: {'n_estimators': 422, 'max_depth': 48, 'learning_rate': 0.007355289319633225, 'reg_alpha': 0.7411197887682567, 'reg_lambda': 0.006214910366407381, 'min_child_weight': 1}. Best is trial 0 with value: 0.9154228855721394.
[I 2026-03-24 15:39:43,791] Trial 275 finished with value: 0.9154228855721394 and parameters: {'n_estimators': 632, 'max_depth': 18, 'learning_rate': 0.0029316972665269915, 'reg_alpha': 0.009536920659275964, 'reg_lambda': 0.00024305460155434194, 'min_child_weight': 6}. Best is trial 0 with value: 0.9154228855721394.
[I 2026-03-24 15:39:43,928] Trial 276 finished with value: 0.9154228855721394 and parameters: {'n_estimators': 937, 'max_depth': 41, 'learning_rate': 0.01444376508910748, 'reg_alpha': 0.000578541676187242, 'reg_lambda': 2.6765274825533992e-05, 'min_child_weight': 3}. Best is trial 0 with value: 0.9154228855721394.
[I 2026-03-24 15:39:43,990] Trial 277 finished with value: 0.9154228855721394 and parameters: {'n_estimators': 313, 'max_depth': 33, 'learning_rate': 0.02256202653616799, 'reg_alpha': 3.3911330379092898e-06, 'reg_lambda': 1.3117512107432425e-05, 'min_child_weight': 7}. Best is trial 0 with value: 0.9154228855721394.
[I 2026-03-24 15:39:44,110] Trial 278 finished with value: 0.9154228855721394 and parameters: {'n_estimators': 805, 'max_depth': 11, 'learning_rate': 0.011566176026186242, 'reg_alpha': 1.2152060896979947e-07, 'reg_lambda': 0.0028430829788609747, 'min_child_weight': 5}. Best is trial 0 with value: 0.9154228855721394.
[I 2026-03-24 15:39:44,225] Trial 279 finished with value: 0.9154228855721394 and parameters: {'n_estimators': 757, 'max_depth': 29, 'learning_rate': 0.039916844084252105, 'reg_alpha': 2.422108702927752e-07, 'reg_lambda': 8.205754804433105e-07, 'min_child_weight': 10}. Best is trial 0 with value: 0.9154228855721394.
[I 2026-03-24 15:39:44,382] Trial 280 finished with value: 0.9154228855721394 and parameters: {'n_estimators': 683, 'max_depth': 50, 'learning_rate': 0.005246483003314257, 'reg_alpha': 8.322410994216234e-06, 'reg_lambda': 1.6140306414389465e-06, 'min_child_weight': 1}. Best is trial 0 with value: 0.9154228855721394.
[I 2026-03-24 15:39:44,516] Trial 281 finished with value: 0.9154228855721394 and parameters: {'n_estimators': 916, 'max_depth': 17, 'learning_rate': 0.006415585192278193, 'reg_alpha': 0.0002041204052360451, 'reg_lambda': 6.715141559791864e-06, 'min_child_weight': 9}. Best is trial 0 with value: 0.9154228855721394.
[I 2026-03-24 15:39:44,604] Trial 282 finished with value: 0.9154228855721394 and parameters: {'n_estimators': 537, 'max_depth': 44, 'learning_rate': 0.05549736377428617, 'reg_alpha': 0.015320884655014985, 'reg_lambda': 0.015075086478260431, 'min_child_weight': 2}. Best is trial 0 with value: 0.9154228855721394.
[I 2026-03-24 15:39:44,668] Trial 283 finished with value: 0.9154228855721394 and parameters: {'n_estimators': 328, 'max_depth': 23, 'learning_rate': 0.016935693608055517, 'reg_alpha': 8.736436555471974e-07, 'reg_lambda': 0.3997748399828706, 'min_child_weight': 8}. Best is trial 0 with value: 0.9154228855721394.
[I 2026-03-24 15:39:44,722] Trial 284 finished with value: 0.9154228855721394 and parameters: {'n_estimators': 253, 'max_depth': 31, 'learning_rate': 0.003395867417660778, 'reg_alpha': 0.37206301631889005, 'reg_lambda': 1.264846920368379e-07, 'min_child_weight': 6}. Best is trial 0 with value: 0.9154228855721394.
[I 2026-03-24 15:39:44,795] Trial 285 finished with value: 0.9154228855721394 and parameters: {'n_estimators': 397, 'max_depth': 22, 'learning_rate': 0.04389601817919623, 'reg_alpha': 1.284250337478244e-05, 'reg_lambda': 0.0003768923509411294, 'min_child_weight': 3}. Best is trial 0 with value: 0.9154228855721394.
[I 2026-03-24 15:39:44,873] Trial 286 finished with value: 0.9154228855721394 and parameters: {'n_estimators': 445, 'max_depth': 35, 'learning_rate': 0.00253440676498168, 'reg_alpha': 3.313937544037317e-05, 'reg_lambda': 1.0427057439776693e-08, 'min_child_weight': 6}. Best is trial 0 with value: 0.9154228855721394.
[I 2026-03-24 15:39:44,953] Trial 287 finished with value: 0.9154228855721394 and parameters: {'n_estimators': 470, 'max_depth': 36, 'learning_rate': 0.008752229341126532, 'reg_alpha': 0.0717976231154829, 'reg_lambda': 2.4515165630193503e-06, 'min_child_weight': 4}. Best is trial 0 with value: 0.9154228855721394.
[I 2026-03-24 15:39:45,064] Trial 288 finished with value: 0.9154228855721394 and parameters: {'n_estimators': 727, 'max_depth': 28, 'learning_rate': 0.024665003511976674, 'reg_alpha': 0.0019822868222455067, 'reg_lambda': 8.057484879695951e-05, 'min_child_weight': 7}. Best is trial 0 with value: 0.9154228855721394.
[I 2026-03-24 15:39:45,191] Trial 289 finished with value: 0.9154228855721394 and parameters: {'n_estimators': 860, 'max_depth': 38, 'learning_rate': 0.004159981746117285, 'reg_alpha': 1.418034357819873e-06, 'reg_lambda': 5.720197371719355e-07, 'min_child_weight': 2}. Best is trial 0 with value: 0.9154228855721394.
[I 2026-03-24 15:39:45,331] Trial 290 finished with value: 0.9154228855721394 and parameters: {'n_estimators': 973, 'max_depth': 42, 'learning_rate': 0.00808392552957055, 'reg_alpha': 0.0004295094772890536, 'reg_lambda': 3.3402744190707346e-07, 'min_child_weight': 8}. Best is trial 0 with value: 0.9154228855721394.
[I 2026-03-24 15:39:45,382] Trial 291 finished with value: 0.9154228855721394 and parameters: {'n_estimators': 227, 'max_depth': 45, 'learning_rate': 0.07675278736980416, 'reg_alpha': 0.04259032758103242, 'reg_lambda': 0.001683704066173358, 'min_child_weight': 5}. Best is trial 0 with value: 0.9154228855721394.
[I 2026-03-24 15:39:45,432] Trial 292 finished with value: 0.9154228855721394 and parameters: {'n_estimators': 216, 'max_depth': 9, 'learning_rate': 0.0030698265953074126, 'reg_alpha': 0.02419787209400735, 'reg_lambda': 1.2330932482812285e-06, 'min_child_weight': 9}. Best is trial 0 with value: 0.9154228855721394.
[I 2026-03-24 15:39:45,491] Trial 293 finished with value: 0.9154228855721394 and parameters: {'n_estimators': 291, 'max_depth': 20, 'learning_rate': 0.08911553824467733, 'reg_alpha': 2.6087881389578464e-08, 'reg_lambda': 4.244909417251553e-06, 'min_child_weight': 4}. Best is trial 0 with value: 0.9154228855721394.
[I 2026-03-24 15:39:45,584] Trial 294 finished with value: 0.9154228855721394 and parameters: {'n_estimators': 348, 'max_depth': 26, 'learning_rate': 0.001922475652201922, 'reg_alpha': 0.013459091636948542, 'reg_lambda': 4.6512542411902406e-05, 'min_child_weight': 1}. Best is trial 0 with value: 0.9154228855721394.
[I 2026-03-24 15:39:45,727] Trial 295 finished with value: 0.9154228855721394 and parameters: {'n_estimators': 1000, 'max_depth': 34, 'learning_rate': 0.03224453216477293, 'reg_alpha': 7.483533056809382e-05, 'reg_lambda': 2.1257459163273684e-08, 'min_child_weight': 6}. Best is trial 0 with value: 0.9154228855721394.
[I 2026-03-24 15:39:45,781] Trial 296 finished with value: 0.9154228855721394 and parameters: {'n_estimators': 246, 'max_depth': 40, 'learning_rate': 0.005544196245724099, 'reg_alpha': 0.0029202545741271275, 'reg_lambda': 0.9997417047116867, 'min_child_weight': 7}. Best is trial 0 with value: 0.9154228855721394.
[I 2026-03-24 15:39:45,886] Trial 297 finished with value: 0.9154228855721394 and parameters: {'n_estimators': 668, 'max_depth': 46, 'learning_rate': 0.0036344272956719817, 'reg_alpha': 1.0191941679833422e-08, 'reg_lambda': 1.5833436814504573e-05, 'min_child_weight': 10}. Best is trial 0 with value: 0.9154228855721394.
[I 2026-03-24 15:39:45,942] Trial 298 finished with value: 0.9154228855721394 and parameters: {'n_estimators': 270, 'max_depth': 43, 'learning_rate': 0.02126631353409593, 'reg_alpha': 0.12360625781483692, 'reg_lambda': 0.00016139974314216074, 'min_child_weight': 5}. Best is trial 0 with value: 0.9154228855721394.
[I 2026-03-24 15:39:46,011] Trial 299 finished with value: 0.9154228855721394 and parameters: {'n_estimators': 378, 'max_depth': 49, 'learning_rate': 0.004728306400799079, 'reg_alpha': 0.0012629106897034295, 'reg_lambda': 3.778760517775726e-08, 'min_child_weight': 3}. Best is trial 0 with value: 0.9154228855721394.
[I 2026-03-24 15:39:46,149] Trial 300 finished with value: 0.9154228855721394 and parameters: {'n_estimators': 953, 'max_depth': 44, 'learning_rate': 0.01809726401016235, 'reg_alpha': 2.118409186109e-06, 'reg_lambda': 0.0005321737192153507, 'min_child_weight': 8}. Best is trial 0 with value: 0.9154228855721394.
[I 2026-03-24 15:39:46,247] Trial 301 finished with value: 0.9154228855721394 and parameters: {'n_estimators': 624, 'max_depth': 38, 'learning_rate': 0.009576650585673826, 'reg_alpha': 0.006898324012970869, 'reg_lambda': 0.18917535689719933, 'min_child_weight': 2}. Best is trial 0 with value: 0.9154228855721394.
[I 2026-03-24 15:39:46,395] Trial 302 finished with value: 0.9154228855721394 and parameters: {'n_estimators': 644, 'max_depth': 35, 'learning_rate': 0.002728340478057015, 'reg_alpha': 0.0001202761249130147, 'reg_lambda': 0.00011284425610625406, 'min_child_weight': 1}. Best is trial 0 with value: 0.9154228855721394.
[I 2026-03-24 15:39:46,469] Trial 303 finished with value: 0.9154228855721394 and parameters: {'n_estimators': 411, 'max_depth': 24, 'learning_rate': 0.0071854494885564705, 'reg_alpha': 5.519937231869754e-06, 'reg_lambda': 2.6484148613172106e-07, 'min_child_weight': 7}. Best is trial 0 with value: 0.9154228855721394.
[I 2026-03-24 15:39:46,564] Trial 304 finished with value: 0.9154228855721394 and parameters: {'n_estimators': 584, 'max_depth': 31, 'learning_rate': 0.006297888889048061, 'reg_alpha': 0.24768085650904922, 'reg_lambda': 3.103975736063902e-05, 'min_child_weight': 6}. Best is trial 0 with value: 0.9154228855721394.
[I 2026-03-24 15:39:46,722] Trial 305 finished with value: 0.9154228855721394 and parameters: {'n_estimators': 695, 'max_depth': 37, 'learning_rate': 0.010711224012999164, 'reg_alpha': 1.7957496379933773e-07, 'reg_lambda': 0.008675902680789216, 'min_child_weight': 1}. Best is trial 0 with value: 0.9154228855721394.
[I 2026-03-24 15:39:46,840] Trial 306 finished with value: 0.9154228855721394 and parameters: {'n_estimators': 787, 'max_depth': 21, 'learning_rate': 0.03485854471852701, 'reg_alpha': 3.580148954635269e-08, 'reg_lambda': 8.158316461476284e-06, 'min_child_weight': 3}. Best is trial 0 with value: 0.9154228855721394.
[I 2026-03-24 15:39:46,970] Trial 307 finished with value: 0.9154228855721394 and parameters: {'n_estimators': 881, 'max_depth': 33, 'learning_rate': 0.06213411117685319, 'reg_alpha': 0.0008775300258342401, 'reg_lambda': 0.00022166183458575332, 'min_child_weight': 9}. Best is trial 0 with value: 0.9154228855721394.
[I 2026-03-24 15:39:47,031] Trial 308 finished with value: 0.9154228855721394 and parameters: {'n_estimators': 303, 'max_depth': 29, 'learning_rate': 0.0011242963603497124, 'reg_alpha': 4.469655046325632e-05, 'reg_lambda': 0.09420841687710196, 'min_child_weight': 5}. Best is trial 0 with value: 0.9154228855721394.
[I 2026-03-24 15:39:47,174] Trial 309 finished with value: 0.9154228855721394 and parameters: {'n_estimators': 982, 'max_depth': 30, 'learning_rate': 0.012458347121954573, 'reg_alpha': 3.891919071978048e-06, 'reg_lambda': 2.647521978612252e-06, 'min_child_weight': 7}. Best is trial 0 with value: 0.9154228855721394.
[I 2026-03-24 15:39:47,306] Trial 310 finished with value: 0.9154228855721394 and parameters: {'n_estimators': 908, 'max_depth': 18, 'learning_rate': 0.0021112239520922785, 'reg_alpha': 0.00019124745623931493, 'reg_lambda': 5.029082621769071e-06, 'min_child_weight': 6}. Best is trial 0 with value: 0.9154228855721394.
[I 2026-03-24 15:39:47,355] Trial 311 finished with value: 0.9154228855721394 and parameters: {'n_estimators': 208, 'max_depth': 25, 'learning_rate': 0.015424180499970483, 'reg_alpha': 5.765419856164027e-07, 'reg_lambda': 0.0038396817572677513, 'min_child_weight': 8}. Best is trial 0 with value: 0.9154228855721394.
[I 2026-03-24 15:39:47,478] Trial 312 finished with value: 0.9154228855721394 and parameters: {'n_estimators': 826, 'max_depth': 8, 'learning_rate': 0.013771966322772089, 'reg_alpha': 0.9989622311926492, 'reg_lambda': 6.170137807622091e-08, 'min_child_weight': 4}. Best is trial 0 with value: 0.9154228855721394.
[I 2026-03-24 15:39:47,546] Trial 313 finished with value: 0.9154228855721394 and parameters: {'n_estimators': 361, 'max_depth': 22, 'learning_rate': 0.00243102117093797, 'reg_alpha': 8.760965184673952e-06, 'reg_lambda': 2.142649702382753e-05, 'min_child_weight': 7}. Best is trial 0 with value: 0.9154228855721394.
[I 2026-03-24 15:39:47,599] Trial 314 finished with value: 0.9154228855721394 and parameters: {'n_estimators': 236, 'max_depth': 12, 'learning_rate': 0.028035635224292216, 'reg_alpha': 0.0003057132034228912, 'reg_lambda': 7.513562683250278e-07, 'min_child_weight': 3}. Best is trial 0 with value: 0.9154228855721394.
[I 2026-03-24 15:39:47,722] Trial 315 finished with value: 0.9154228855721394 and parameters: {'n_estimators': 559, 'max_depth': 27, 'learning_rate': 0.01656180778039121, 'reg_alpha': 0.019048030455289678, 'reg_lambda': 1.4362248450362926e-08, 'min_child_weight': 1}. Best is trial 0 with value: 0.9154228855721394.
[I 2026-03-24 15:39:47,858] Trial 316 finished with value: 0.9154228855721394 and parameters: {'n_estimators': 936, 'max_depth': 36, 'learning_rate': 0.019439083430204288, 'reg_alpha': 7.415926139295516e-08, 'reg_lambda': 0.0008010637265250686, 'min_child_weight': 5}. Best is trial 0 with value: 0.9154228855721394.
[I 2026-03-24 15:39:47,920] Trial 317 finished with value: 0.9154228855721394 and parameters: {'n_estimators': 319, 'max_depth': 50, 'learning_rate': 0.0014018378445192162, 'reg_alpha': 0.0005423016912846054, 'reg_lambda': 6.269238177262087e-05, 'min_child_weight': 2}. Best is trial 0 with value: 0.9154228855721394.
[I 2026-03-24 15:39:48,002] Trial 318 finished with value: 0.9154228855721394 and parameters: {'n_estimators': 485, 'max_depth': 40, 'learning_rate': 0.0012042456076108612, 'reg_alpha': 0.004222822714954513, 'reg_lambda': 0.0025010268109020256, 'min_child_weight': 10}. Best is trial 0 with value: 0.9154228855721394.
