[I 2026-03-24 15:32:29,045] Trial 659 finished with value: 0.941747572815534 and parameters: {'n_estimators': 840, 'max_depth': 47, 'learning_rate': 0.012368724431775545, 'reg_alpha': 2.285403360260919e-08, 'reg_lambda': 3.258711754570078e-07, 'min_child_weight': 3}. Best is trial 0 with value: 0.941747572815534.
[I 2026-03-24 15:32:29,148] Trial 660 finished with value: 0.941747572815534 and parameters: {'n_estimators': 606, 'max_depth': 30, 'learning_rate': 0.004110458897651319, 'reg_alpha': 1.1258163280420229e-07, 'reg_lambda': 5.084659108331098e-07, 'min_child_weight': 9}. Best is trial 0 with value: 0.941747572815534.
[I 2026-03-24 15:32:29,230] Trial 661 finished with value: 0.941747572815534 and parameters: {'n_estimators': 429, 'max_depth': 33, 'learning_rate': 0.0014623712825127281, 'reg_alpha': 0.1258512459917254, 'reg_lambda': 4.886635018423389e-08, 'min_child_weight': 8}. Best is trial 0 with value: 0.941747572815534.
[I 2026-03-24 15:32:29,314] Trial 662 finished with value: 0.941747572815534 and parameters: {'n_estimators': 397, 'max_depth': 23, 'learning_rate': 0.00542940695745077, 'reg_alpha': 0.011824772164678601, 'reg_lambda': 0.0006532192517164244, 'min_child_weight': 9}. Best is trial 0 with value: 0.941747572815534.
[I 2026-03-24 15:32:29,476] Trial 663 finished with value: 0.941747572815534 and parameters: {'n_estimators': 932, 'max_depth': 21, 'learning_rate': 0.0017053194021980167, 'reg_alpha': 7.032983931579058e-08, 'reg_lambda': 0.00722315021343988, 'min_child_weight': 4}. Best is trial 0 with value: 0.941747572815534.
[I 2026-03-24 15:32:29,573] Trial 664 finished with value: 0.941747572815534 and parameters: {'n_estimators': 547, 'max_depth': 43, 'learning_rate': 0.0402362961924881, 'reg_alpha': 0.00022119549290710544, 'reg_lambda': 9.332767904370965e-06, 'min_child_weight': 6}. Best is trial 0 with value: 0.941747572815534.
[I 2026-03-24 15:32:29,673] Trial 665 finished with value: 0.941747572815534 and parameters: {'n_estimators': 583, 'max_depth': 28, 'learning_rate': 0.06784265685969852, 'reg_alpha': 9.564821046887543e-05, 'reg_lambda': 0.9929540103883223, 'min_child_weight': 7}. Best is trial 0 with value: 0.941747572815534.
[I 2026-03-24 15:32:29,747] Trial 666 finished with value: 0.941747572815534 and parameters: {'n_estimators': 363, 'max_depth': 18, 'learning_rate': 0.00342670821282946, 'reg_alpha': 5.624838117963631e-07, 'reg_lambda': 0.001060680664949061, 'min_child_weight': 9}. Best is trial 0 with value: 0.941747572815534.
[I 2026-03-24 15:32:29,845] Trial 667 finished with value: 0.941747572815534 and parameters: {'n_estimators': 565, 'max_depth': 34, 'learning_rate': 0.014795050398424839, 'reg_alpha': 1.3132332516659625e-06, 'reg_lambda': 0.013139227071116198, 'min_child_weight': 6}. Best is trial 0 with value: 0.941747572815534.
[I 2026-03-24 15:32:29,965] Trial 668 finished with value: 0.941747572815534 and parameters: {'n_estimators': 750, 'max_depth': 24, 'learning_rate': 0.009042903646970706, 'reg_alpha': 0.0031944439721196486, 'reg_lambda': 0.00011507186292912792, 'min_child_weight': 9}. Best is trial 0 with value: 0.941747572815534.
[I 2026-03-24 15:32:30,174] Trial 669 finished with value: 0.941747572815534 and parameters: {'n_estimators': 952, 'max_depth': 36, 'learning_rate': 0.0011544805707626774, 'reg_alpha': 0.0017535727819761309, 'reg_lambda': 2.1983318408838125e-08, 'min_child_weight': 2}. Best is trial 0 with value: 0.941747572815534.
[I 2026-03-24 15:32:30,253] Trial 670 finished with value: 0.941747572815534 and parameters: {'n_estimators': 342, 'max_depth': 46, 'learning_rate': 0.0010032713608487916, 'reg_alpha': 2.2738767808398474e-07, 'reg_lambda': 0.00031715770938812565, 'min_child_weight': 5}. Best is trial 0 with value: 0.941747572815534.
[I 2026-03-24 15:32:30,323] Trial 671 finished with value: 0.941747572815534 and parameters: {'n_estimators': 317, 'max_depth': 20, 'learning_rate': 0.006771098677151205, 'reg_alpha': 4.735567804943611e-06, 'reg_lambda': 0.2842525887951371, 'min_child_weight': 7}. Best is trial 0 with value: 0.941747572815534.
[I 2026-03-24 15:32:30,450] Trial 672 finished with value: 0.941747572815534 and parameters: {'n_estimators': 799, 'max_depth': 48, 'learning_rate': 0.0026853591193465552, 'reg_alpha': 1.5640529842831941e-07, 'reg_lambda': 1.3534554162228536e-08, 'min_child_weight': 10}. Best is trial 0 with value: 0.941747572815534.
[I 2026-03-24 15:32:30,598] Trial 673 finished with value: 0.941747572815534 and parameters: {'n_estimators': 979, 'max_depth': 49, 'learning_rate': 0.0013337093728582332, 'reg_alpha': 0.04478213852522151, 'reg_lambda': 5.5251826409104204e-05, 'min_child_weight': 4}. Best is trial 0 with value: 0.941747572815534.
[I 2026-03-24 15:32:30,654] Trial 674 finished with value: 0.941747572815534 and parameters: {'n_estimators': 215, 'max_depth': 26, 'learning_rate': 0.0030882307393526225, 'reg_alpha': 2.900049418534638e-06, 'reg_lambda': 0.0017031403422384731, 'min_child_weight': 8}. Best is trial 0 with value: 0.941747572815534.
[I 2026-03-24 15:32:30,759] Trial 675 finished with value: 0.9306930693069307 and parameters: {'n_estimators': 383, 'max_depth': 19, 'learning_rate': 0.03520174840619371, 'reg_alpha': 0.0003487432622685703, 'reg_lambda': 0.05617382812950024, 'min_child_weight': 1}. Best is trial 0 with value: 0.941747572815534.
[I 2026-03-24 15:32:30,877] Trial 676 finished with value: 0.941747572815534 and parameters: {'n_estimators': 719, 'max_depth': 41, 'learning_rate': 0.05261661250895228, 'reg_alpha': 4.8961318889219694e-08, 'reg_lambda': 2.7148749838055085e-06, 'min_child_weight': 5}. Best is trial 0 with value: 0.941747572815534.
[I 2026-03-24 15:32:30,983] Trial 677 finished with value: 0.941747572815534 and parameters: {'n_estimators': 626, 'max_depth': 50, 'learning_rate': 0.001515392250379293, 'reg_alpha': 4.38740716332497e-07, 'reg_lambda': 9.773903336287133e-07, 'min_child_weight': 3}. Best is trial 0 with value: 0.941747572815534.
[I 2026-03-24 15:32:31,136] Trial 678 finished with value: 0.941747572815534 and parameters: {'n_estimators': 1000, 'max_depth': 14, 'learning_rate': 0.010023490706237766, 'reg_alpha': 5.001082967722175e-05, 'reg_lambda': 1.118711352748528e-05, 'min_child_weight': 4}. Best is trial 0 with value: 0.941747572815534.
[I 2026-03-24 15:32:31,248] Trial 679 finished with value: 0.941747572815534 and parameters: {'n_estimators': 660, 'max_depth': 25, 'learning_rate': 0.001997368706850316, 'reg_alpha': 3.2872376468887475e-08, 'reg_lambda': 1.7881967558875644e-06, 'min_child_weight': 9}. Best is trial 0 with value: 0.941747572815534.
[I 2026-03-24 15:32:31,336] Trial 680 finished with value: 0.941747572815534 and parameters: {'n_estimators': 450, 'max_depth': 32, 'learning_rate': 0.004468476761566116, 'reg_alpha': 3.198062680223291e-07, 'reg_lambda': 0.0005255997455492211, 'min_child_weight': 6}. Best is trial 0 with value: 0.941747572815534.
[I 2026-03-24 15:32:31,477] Trial 681 finished with value: 0.941747572815534 and parameters: {'n_estimators': 921, 'max_depth': 16, 'learning_rate': 0.09094466080586283, 'reg_alpha': 8.466950519033806e-07, 'reg_lambda': 5.608452558338518e-06, 'min_child_weight': 8}. Best is trial 0 with value: 0.941747572815534.
[I 2026-03-24 15:32:31,572] Trial 682 finished with value: 0.941747572815534 and parameters: {'n_estimators': 529, 'max_depth': 10, 'learning_rate': 0.03240292936301517, 'reg_alpha': 0.480585000249007, 'reg_lambda': 4.1820473289634666e-07, 'min_child_weight': 7}. Best is trial 0 with value: 0.941747572815534.
[I 2026-03-24 15:32:31,654] Trial 683 finished with value: 0.941747572815534 and parameters: {'n_estimators': 424, 'max_depth': 15, 'learning_rate': 0.003828961063876756, 'reg_alpha': 7.456069182307486e-06, 'reg_lambda': 7.804360930452403e-08, 'min_child_weight': 10}. Best is trial 0 with value: 0.941747572815534.
[I 2026-03-24 15:32:31,714] Trial 684 finished with value: 0.941747572815534 and parameters: {'n_estimators': 240, 'max_depth': 8, 'learning_rate': 0.077412148646937, 'reg_alpha': 2.051898175136222e-06, 'reg_lambda': 0.0029425164590055775, 'min_child_weight': 2}. Best is trial 0 with value: 0.941747572815534.
[I 2026-03-24 15:32:31,836] Trial 685 finished with value: 0.941747572815534 and parameters: {'n_estimators': 757, 'max_depth': 35, 'learning_rate': 0.0024083734976947995, 'reg_alpha': 1.625831785041104e-08, 'reg_lambda': 3.6280718875135444e-08, 'min_child_weight': 4}. Best is trial 0 with value: 0.941747572815534.
[I 2026-03-24 15:32:31,965] Trial 686 finished with value: 0.941747572815534 and parameters: {'n_estimators': 825, 'max_depth': 22, 'learning_rate': 0.01119918180261523, 'reg_alpha': 0.008447661219980534, 'reg_lambda': 1.2552411151193698e-06, 'min_child_weight': 8}. Best is trial 0 with value: 0.941747572815534.
[I 2026-03-24 15:32:32,029] Trial 687 finished with value: 0.941747572815534 and parameters: {'n_estimators': 282, 'max_depth': 7, 'learning_rate': 0.00803519249151802, 'reg_alpha': 1.232122848770728e-07, 'reg_lambda': 0.00015001025628549913, 'min_child_weight': 9}. Best is trial 0 with value: 0.941747572815534.
[I 2026-03-24 15:32:32,108] Trial 688 finished with value: 0.941747572815534 and parameters: {'n_estimators': 409, 'max_depth': 37, 'learning_rate': 0.021979863098337746, 'reg_alpha': 0.22115586454004416, 'reg_lambda': 1.7577651921461887e-05, 'min_child_weight': 10}. Best is trial 0 with value: 0.941747572815534.
[I 2026-03-24 15:32:32,176] Trial 689 finished with value: 0.941747572815534 and parameters: {'n_estimators': 306, 'max_depth': 39, 'learning_rate': 0.042657660070108884, 'reg_alpha': 3.7934549202769486e-06, 'reg_lambda': 3.9413030883734315e-06, 'min_child_weight': 7}. Best is trial 0 with value: 0.941747572815534.
[I 2026-03-24 15:32:32,266] Trial 690 finished with value: 0.941747572815534 and parameters: {'n_estimators': 479, 'max_depth': 36, 'learning_rate': 0.0015710075894480903, 'reg_alpha': 2.186779882569453e-05, 'reg_lambda': 1.949767530473836e-08, 'min_child_weight': 9}. Best is trial 0 with value: 0.941747572815534.
[I 2026-03-24 15:32:32,404] Trial 691 finished with value: 0.941747572815534 and parameters: {'n_estimators': 875, 'max_depth': 11, 'learning_rate': 0.08553522808838844, 'reg_alpha': 0.00015397400470928456, 'reg_lambda': 2.365388246837592e-07, 'min_child_weight': 8}. Best is trial 0 with value: 0.941747572815534.
[I 2026-03-24 15:32:32,493] Trial 692 finished with value: 0.941747572815534 and parameters: {'n_estimators': 462, 'max_depth': 30, 'learning_rate': 0.024783563635485707, 'reg_alpha': 6.40476456795387e-07, 'reg_lambda': 6.311864171053699e-07, 'min_child_weight': 4}. Best is trial 0 with value: 0.941747572815534.
[I 2026-03-24 15:32:32,595] Trial 693 finished with value: 0.941747572815534 and parameters: {'n_estimators': 586, 'max_depth': 29, 'learning_rate': 0.06258798282996644, 'reg_alpha': 6.775841313659761e-08, 'reg_lambda': 0.00026186129689671517, 'min_child_weight': 3}. Best is trial 0 with value: 0.941747572815534.
[I 2026-03-24 15:32:32,690] Trial 694 finished with value: 0.941747572815534 and parameters: {'n_estimators': 517, 'max_depth': 12, 'learning_rate': 0.003546713605959099, 'reg_alpha': 1.9567544545563587e-07, 'reg_lambda': 3.392087964023291e-05, 'min_child_weight': 6}. Best is trial 0 with value: 0.941747572815534.
[I 2026-03-24 15:32:32,914] Trial 695 finished with value: 0.9306930693069307 and parameters: {'n_estimators': 962, 'max_depth': 34, 'learning_rate': 0.004978923142701588, 'reg_alpha': 1.2190237720696976e-06, 'reg_lambda': 1.498700726611872e-08, 'min_child_weight': 1}. Best is trial 0 with value: 0.941747572815534.
[I 2026-03-24 15:32:33,019] Trial 696 finished with value: 0.941747572815534 and parameters: {'n_estimators': 608, 'max_depth': 43, 'learning_rate': 0.0018280359621409045, 'reg_alpha': 0.0009315350311036769, 'reg_lambda': 0.1732559838145152, 'min_child_weight': 5}. Best is trial 0 with value: 0.941747572815534.
[I 2026-03-24 15:32:33,118] Trial 697 finished with value: 0.941747572815534 and parameters: {'n_estimators': 353, 'max_depth': 17, 'learning_rate': 0.001143586712852503, 'reg_alpha': 2.92471022983922e-07, 'reg_lambda': 0.00085112771314807, 'min_child_weight': 2}. Best is trial 0 with value: 0.941747572815534.
[I 2026-03-24 15:32:33,190] Trial 698 finished with value: 0.941747572815534 and parameters: {'n_estimators': 331, 'max_depth': 9, 'learning_rate': 0.003099680244022605, 'reg_alpha': 1.9598570829186674e-06, 'reg_lambda': 1.254630344373704e-07, 'min_child_weight': 9}. Best is trial 0 with value: 0.941747572815534.
[I 2026-03-24 15:32:33,333] Trial 699 finished with value: 0.941747572815534 and parameters: {'n_estimators': 912, 'max_depth': 27, 'learning_rate': 0.013608867779900589, 'reg_alpha': 0.0004572729951852472, 'reg_lambda': 0.0003475007860370356, 'min_child_weight': 8}. Best is trial 0 with value: 0.941747572815534.
[I 2026-03-24 15:32:33,388] Trial 700 finished with value: 0.941747572815534 and parameters: {'n_estimators': 201, 'max_depth': 24, 'learning_rate': 0.018483585125289352, 'reg_alpha': 1.2855408000889165e-05, 'reg_lambda': 6.459687091250997e-05, 'min_child_weight': 7}. Best is trial 0 with value: 0.941747572815534.
[I 2026-03-24 15:32:33,480] Trial 701 finished with value: 0.941747572815534 and parameters: {'n_estimators': 500, 'max_depth': 49, 'learning_rate': 0.0062881244481676245, 'reg_alpha': 8.131473252483884e-05, 'reg_lambda': 7.494417966552646e-06, 'min_child_weight': 5}. Best is trial 0 with value: 0.941747572815534.
[I 2026-03-24 15:32:33,544] Trial 702 finished with value: 0.941747572815534 and parameters: {'n_estimators': 265, 'max_depth': 50, 'learning_rate': 0.04719074115439656, 'reg_alpha': 4.2454513059968965e-08, 'reg_lambda': 0.028986115916525643, 'min_child_weight': 10}. Best is trial 0 with value: 0.941747572815534.
[I 2026-03-24 15:32:33,657] Trial 703 finished with value: 0.941747572815534 and parameters: {'n_estimators': 671, 'max_depth': 18, 'learning_rate': 0.00728488639202638, 'reg_alpha': 2.000364959640261e-08, 'reg_lambda': 0.00583060205717688, 'min_child_weight': 3}. Best is trial 0 with value: 0.941747572815534.
[I 2026-03-24 15:32:33,778] Trial 704 finished with value: 0.941747572815534 and parameters: {'n_estimators': 732, 'max_depth': 40, 'learning_rate': 0.030779556241055987, 'reg_alpha': 9.827851890619586e-08, 'reg_lambda': 2.3838848620022253e-05, 'min_child_weight': 9}. Best is trial 0 with value: 0.941747572815534.
[I 2026-03-24 15:32:33,930] Trial 705 finished with value: 0.941747572815534 and parameters: {'n_estimators': 982, 'max_depth': 31, 'learning_rate': 0.004204849849759761, 'reg_alpha': 5.623189687554267e-06, 'reg_lambda': 0.00129526501511225, 'min_child_weight': 4}. Best is trial 0 with value: 0.941747572815534.
[I 2026-03-24 15:32:34,026] Trial 706 finished with value: 0.941747572815534 and parameters: {'n_estimators': 553, 'max_depth': 21, 'learning_rate': 0.07141427112406623, 'reg_alpha': 4.7303800409475733e-07, 'reg_lambda': 0.002280933106058793, 'min_child_weight': 9}. Best is trial 0 with value: 0.941747572815534.
[I 2026-03-24 15:32:34,149] Trial 707 finished with value: 0.941747572815534 and parameters: {'n_estimators': 780, 'max_depth': 44, 'learning_rate': 0.026830312762446715, 'reg_alpha': 3.1541239581694217e-06, 'reg_lambda': 1.0179062366354273e-08, 'min_child_weight': 6}. Best is trial 0 with value: 0.941747572815534.
[I 2026-03-24 15:32:34,299] Trial 708 finished with value: 0.941747572815534 and parameters: {'n_estimators': 943, 'max_depth': 34, 'learning_rate': 0.0027615457633367035, 'reg_alpha': 0.00026532217073699943, 'reg_lambda': 2.1971146138307137e-06, 'min_child_weight': 7}. Best is trial 0 with value: 0.941747572815534.
[I 2026-03-24 15:32:34,376] Trial 709 finished with value: 0.941747572815534 and parameters: {'n_estimators': 370, 'max_depth': 42, 'learning_rate': 0.0022039817784747346, 'reg_alpha': 0.027475508577046743, 'reg_lambda': 9.211336822290264e-07, 'min_child_weight': 4}. Best is trial 0 with value: 0.941747572815534.
[I 2026-03-24 15:32:34,581] Trial 710 finished with value: 0.941747572815534 and parameters: {'n_estimators': 807, 'max_depth': 38, 'learning_rate': 0.0012735840026635963, 'reg_alpha': 2.8695787605710136e-08, 'reg_lambda': 0.0004810268744187192, 'min_child_weight': 1}. Best is trial 0 with value: 0.941747572815534.
[I 2026-03-24 15:32:34,691] Trial 711 finished with value: 0.941747572815534 and parameters: {'n_estimators': 637, 'max_depth': 14, 'learning_rate': 0.016884242344053335, 'reg_alpha': 9.063386527577217e-07, 'reg_lambda': 9.47340975929267e-05, 'min_child_weight': 9}. Best is trial 0 with value: 0.941747572815534.
[I 2026-03-24 15:32:34,771] Trial 712 finished with value: 0.941747572815534 and parameters: {'n_estimators': 390, 'max_depth': 20, 'learning_rate': 0.008929582588896237, 'reg_alpha': 9.703795450300982e-06, 'reg_lambda': 0.016517714414681625, 'min_child_weight': 8}. Best is trial 0 with value: 0.941747572815534.
[I 2026-03-24 15:32:34,888] Trial 713 finished with value: 0.941747572815534 and parameters: {'n_estimators': 694, 'max_depth': 45, 'learning_rate': 0.005432986512384441, 'reg_alpha': 6.306330347625234e-08, 'reg_lambda': 3.8206120119992735e-06, 'min_child_weight': 5}. Best is trial 0 with value: 0.941747572815534.
[I 2026-03-24 15:32:34,986] Trial 714 finished with value: 0.941747572815534 and parameters: {'n_estimators': 540, 'max_depth': 23, 'learning_rate': 0.001639136944046674, 'reg_alpha': 3.596689435203177e-07, 'reg_lambda': 6.154106876484339e-08, 'min_child_weight': 4}. Best is trial 0 with value: 0.941747572815534.
[I 2026-03-24 15:32:35,125] Trial 715 finished with value: 0.941747572815534 and parameters: {'n_estimators': 892, 'max_depth': 33, 'learning_rate': 0.03778704618021613, 'reg_alpha': 1.4836258548157968e-06, 'reg_lambda': 1.046009888570436e-05, 'min_child_weight': 2}. Best is trial 0 with value: 0.941747572815534.
[I 2026-03-24 15:32:35,224] Trial 716 finished with value: 0.941747572815534 and parameters: {'n_estimators': 571, 'max_depth': 48, 'learning_rate': 0.0010741494942987074, 'reg_alpha': 1.6342502620277205e-07, 'reg_lambda': 0.0001895067737131924, 'min_child_weight': 10}. Best is trial 0 with value: 0.941747572815534.
[I 2026-03-24 15:32:35,306] Trial 717 finished with value: 0.941747572815534 and parameters: {'n_estimators': 431, 'max_depth': 6, 'learning_rate': 0.05717701086042254, 'reg_alpha': 3.375377478722724e-05, 'reg_lambda': 2.7078485379196284e-08, 'min_child_weight': 8}. Best is trial 0 with value: 0.941747572815534.
[I 2026-03-24 15:32:35,410] Trial 718 finished with value: 0.941747572815534 and parameters: {'n_estimators': 618, 'max_depth': 19, 'learning_rate': 0.010484154777325238, 'reg_alpha': 2.4251593056706546e-07, 'reg_lambda': 1.424593589317666e-06, 'min_child_weight': 5}. Best is trial 0 with value: 0.941747572815534.
[I 2026-03-24 15:32:35,468] Trial 719 finished with value: 0.941747572815534 and parameters: {'n_estimators': 218, 'max_depth': 26, 'learning_rate': 0.001960783614740592, 'reg_alpha': 2.5001562393103346e-06, 'reg_lambda': 4.6491407770704494e-07, 'min_child_weight': 6}. Best is trial 0 with value: 0.941747572815534.
[I 2026-03-24 15:32:35,617] Trial 720 finished with value: 0.941747572815534 and parameters: {'n_estimators': 852, 'max_depth': 25, 'learning_rate': 0.0036706181149177616, 'reg_alpha': 0.00011413077264074447, 'reg_lambda': 1.6244448002723938e-07, 'min_child_weight': 2}. Best is trial 0 with value: 0.941747572815534.
[I 2026-03-24 15:32:35,698] Trial 721 finished with value: 0.941747572815534 and parameters: {'n_estimators': 415, 'max_depth': 16, 'learning_rate': 0.003299213970084925, 'reg_alpha': 6.160524562511155e-05, 'reg_lambda': 0.0005532872132104576, 'min_child_weight': 7}. Best is trial 0 with value: 0.941747572815534.
[I 2026-03-24 15:32:35,807] Trial 722 finished with value: 0.941747572815534 and parameters: {'n_estimators': 652, 'max_depth': 13, 'learning_rate': 0.09895672708907684, 'reg_alpha': 0.0043518932356547664, 'reg_lambda': 6.269896704206922e-06, 'min_child_weight': 9}. Best is trial 0 with value: 0.941747572815534.
[I 2026-03-24 15:32:35,953] Trial 723 finished with value: 0.941747572815534 and parameters: {'n_estimators': 969, 'max_depth': 47, 'learning_rate': 0.0014102941890144036, 'reg_alpha': 0.002473940632633508, 'reg_lambda': 0.009147858751253258, 'min_child_weight': 7}. Best is trial 0 with value: 0.941747572815534.
[I 2026-03-24 15:32:36,109] Trial 724 finished with value: 0.941747572815534 and parameters: {'n_estimators': 981, 'max_depth': 28, 'learning_rate': 0.004729548747137629, 'reg_alpha': 0.0631416796871463, 'reg_lambda': 1.5946535680853312e-05, 'min_child_weight': 4}. Best is trial 0 with value: 0.941747572815534.
[I 2026-03-24 15:32:36,183] Trial 725 finished with value: 0.941747572815534 and parameters: {'n_estimators': 337, 'max_depth': 33, 'learning_rate': 0.07905243108900925, 'reg_alpha': 6.273754682137892e-07, 'reg_lambda': 7.270730772431954e-07, 'min_child_weight': 6}. Best is trial 0 with value: 0.941747572815534.
[I 2026-03-24 15:32:36,250] Trial 726 finished with value: 0.941747572815534 and parameters: {'n_estimators': 298, 'max_depth': 36, 'learning_rate': 0.0897599202655748, 'reg_alpha': 9.044930542762669e-08, 'reg_lambda': 0.0008365310689348296, 'min_child_weight': 10}. Best is trial 0 with value: 0.941747572815534.
[I 2026-03-24 15:32:36,311] Trial 727 finished with value: 0.941747572815534 and parameters: {'n_estimators': 245, 'max_depth': 12, 'learning_rate': 0.035145509683094975, 'reg_alpha': 4.640914484911973e-06, 'reg_lambda': 2.7410619438678094e-07, 'min_child_weight': 8}. Best is trial 0 with value: 0.941747572815534.
