[I 2026-03-24 15:32:36,396] Trial 728 finished with value: 0.941747572815534 and parameters: {'n_estimators': 446, 'max_depth': 50, 'learning_rate': 0.021428085658801742, 'reg_alpha': 7.887995169349433e-06, 'reg_lambda': 2.711563566915969e-06, 'min_child_weight': 3}. Best is trial 0 with value: 0.941747572815534.
[I 2026-03-24 15:32:36,520] Trial 729 finished with value: 0.941747572815534 and parameters: {'n_estimators': 765, 'max_depth': 22, 'learning_rate': 0.0029596267969604433, 'reg_alpha': 9.8655912053194e-07, 'reg_lambda': 0.09836060729638553, 'min_child_weight': 9}. Best is trial 0 with value: 0.941747572815534.
[I 2026-03-24 15:32:36,622] Trial 730 finished with value: 0.941747572815534 and parameters: {'n_estimators': 593, 'max_depth': 8, 'learning_rate': 0.011828095620179408, 'reg_alpha': 0.000625212817574377, 'reg_lambda': 4.091634609114072e-08, 'min_child_weight': 9}. Best is trial 0 with value: 0.941747572815534.
[I 2026-03-24 15:32:36,737] Trial 731 finished with value: 0.941747572815534 and parameters: {'n_estimators': 707, 'max_depth': 46, 'learning_rate': 0.019716279120860554, 'reg_alpha': 4.2552627524201787e-07, 'reg_lambda': 1.507413303137193e-08, 'min_child_weight': 7}. Best is trial 0 with value: 0.941747572815534.
[I 2026-03-24 15:32:36,817] Trial 732 finished with value: 0.941747572815534 and parameters: {'n_estimators': 406, 'max_depth': 49, 'learning_rate': 0.04064969397169642, 'reg_alpha': 3.3612361984380722e-06, 'reg_lambda': 0.004094798819648448, 'min_child_weight': 4}. Best is trial 0 with value: 0.941747572815534.
[I 2026-03-24 15:32:36,886] Trial 733 finished with value: 0.941747572815534 and parameters: {'n_estimators': 315, 'max_depth': 35, 'learning_rate': 0.015000966100261194, 'reg_alpha': 4.20065007086471e-08, 'reg_lambda': 9.564509343530409e-08, 'min_child_weight': 10}. Best is trial 0 with value: 0.941747572815534.
[I 2026-03-24 15:32:37,030] Trial 734 finished with value: 0.941747572815534 and parameters: {'n_estimators': 958, 'max_depth': 38, 'learning_rate': 0.004095102871092709, 'reg_alpha': 0.1685872046048027, 'reg_lambda': 4.581170225203012e-06, 'min_child_weight': 8}. Best is trial 0 with value: 0.941747572815534.
[I 2026-03-24 15:32:37,257] Trial 735 finished with value: 0.9253731343283582 and parameters: {'n_estimators': 931, 'max_depth': 10, 'learning_rate': 0.001709016633103549, 'reg_alpha': 0.27726064761603675, 'reg_lambda': 1.3735870561594289e-06, 'min_child_weight': 1}. Best is trial 0 with value: 0.941747572815534.
[I 2026-03-24 15:32:37,414] Trial 736 finished with value: 0.941747572815534 and parameters: {'n_estimators': 998, 'max_depth': 31, 'learning_rate': 0.012765204196819657, 'reg_alpha': 1.366445727578459e-07, 'reg_lambda': 2.5024683414087738e-05, 'min_child_weight': 6}. Best is trial 0 with value: 0.941747572815534.
[I 2026-03-24 15:32:37,490] Trial 737 finished with value: 0.941747572815534 and parameters: {'n_estimators': 362, 'max_depth': 7, 'learning_rate': 0.009459530581152203, 'reg_alpha': 1.5230111958529563e-05, 'reg_lambda': 0.0003201718034390985, 'min_child_weight': 5}. Best is trial 0 with value: 0.941747572815534.
[I 2026-03-24 15:32:37,586] Trial 738 finished with value: 0.941747572815534 and parameters: {'n_estimators': 507, 'max_depth': 41, 'learning_rate': 0.049760386387937, 'reg_alpha': 0.9847706426750698, 'reg_lambda': 1.1722954755005012e-05, 'min_child_weight': 3}. Best is trial 0 with value: 0.941747572815534.
[I 2026-03-24 15:32:37,716] Trial 739 finished with value: 0.941747572815534 and parameters: {'n_estimators': 833, 'max_depth': 16, 'learning_rate': 0.028064078199110373, 'reg_alpha': 0.1065472586318752, 'reg_lambda': 4.507372186971223e-05, 'min_child_weight': 9}. Best is trial 0 with value: 0.941747572815534.
[I 2026-03-24 15:32:37,824] Trial 740 finished with value: 0.941747572815534 and parameters: {'n_estimators': 633, 'max_depth': 28, 'learning_rate': 0.008084367435692338, 'reg_alpha': 2.1085348317167036e-07, 'reg_lambda': 7.841896360287498e-06, 'min_child_weight': 8}. Best is trial 0 with value: 0.941747572815534.
[I 2026-03-24 15:32:37,902] Trial 741 finished with value: 0.941747572815534 and parameters: {'n_estimators': 389, 'max_depth': 19, 'learning_rate': 0.0033753113870176386, 'reg_alpha': 6.568575908208374e-07, 'reg_lambda': 2.2514548965132572e-08, 'min_child_weight': 4}. Best is trial 0 with value: 0.941747572815534.
[I 2026-03-24 15:32:38,036] Trial 742 finished with value: 0.941747572815534 and parameters: {'n_estimators': 861, 'max_depth': 23, 'learning_rate': 0.0011956629083583685, 'reg_alpha': 1.0434742831160315e-08, 'reg_lambda': 0.6502125754321074, 'min_child_weight': 9}. Best is trial 0 with value: 0.941747572815534.
[I 2026-03-24 15:32:38,176] Trial 743 finished with value: 0.941747572815534 and parameters: {'n_estimators': 907, 'max_depth': 32, 'learning_rate': 0.005692380243567838, 'reg_alpha': 1.97989861204525e-08, 'reg_lambda': 9.581346850736367e-07, 'min_child_weight': 7}. Best is trial 0 with value: 0.941747572815534.
[I 2026-03-24 15:32:38,263] Trial 744 finished with value: 0.941747572815534 and parameters: {'n_estimators': 467, 'max_depth': 21, 'learning_rate': 0.06971839791289537, 'reg_alpha': 4.5508031556610974e-05, 'reg_lambda': 0.04687338453168946, 'min_child_weight': 10}. Best is trial 0 with value: 0.941747572815534.
[I 2026-03-24 15:32:38,319] Trial 745 finished with value: 0.941747572815534 and parameters: {'n_estimators': 200, 'max_depth': 27, 'learning_rate': 0.0024502267871872848, 'reg_alpha': 1.608712491282125e-06, 'reg_lambda': 1.9432129742775343e-06, 'min_child_weight': 3}. Best is trial 0 with value: 0.941747572815534.
[I 2026-03-24 15:32:38,384] Trial 746 finished with value: 0.941747572815534 and parameters: {'n_estimators': 277, 'max_depth': 17, 'learning_rate': 0.0021033231956217578, 'reg_alpha': 0.0002136627758280476, 'reg_lambda': 4.73607008430779e-07, 'min_child_weight': 6}. Best is trial 0 with value: 0.941747572815534.
[I 2026-03-24 15:32:38,515] Trial 747 finished with value: 0.941747572815534 and parameters: {'n_estimators': 788, 'max_depth': 25, 'learning_rate': 0.0013634385489406462, 'reg_alpha': 6.095037283501924e-08, 'reg_lambda': 0.00016059877829216118, 'min_child_weight': 5}. Best is trial 0 with value: 0.941747572815534.
[I 2026-03-24 15:32:38,670] Trial 748 finished with value: 0.9411764705882353 and parameters: {'n_estimators': 611, 'max_depth': 47, 'learning_rate': 0.003806171749589856, 'reg_alpha': 3.3013762953128436e-07, 'reg_lambda': 0.0006851406499245234, 'min_child_weight': 1}. Best is trial 0 with value: 0.941747572815534.
[I 2026-03-24 15:32:38,771] Trial 749 finished with value: 0.941747572815534 and parameters: {'n_estimators': 566, 'max_depth': 15, 'learning_rate': 0.0017379049112253092, 'reg_alpha': 2.0678504169771133e-06, 'reg_lambda': 3.045515434195261e-06, 'min_child_weight': 4}. Best is trial 0 with value: 0.941747572815534.
[I 2026-03-24 15:32:38,834] Trial 750 finished with value: 0.941747572815534 and parameters: {'n_estimators': 230, 'max_depth': 30, 'learning_rate': 0.023909715881753356, 'reg_alpha': 0.01680451565363996, 'reg_lambda': 0.00115494245583033, 'min_child_weight': 2}. Best is trial 0 with value: 0.941747572815534.
[I 2026-03-24 15:32:38,947] Trial 751 finished with value: 0.941747572815534 and parameters: {'n_estimators': 681, 'max_depth': 35, 'learning_rate': 0.08277871084486432, 'reg_alpha': 3.013352020230924e-08, 'reg_lambda': 0.00039273280358512094, 'min_child_weight': 9}. Best is trial 0 with value: 0.941747572815534.
[I 2026-03-24 15:32:39,066] Trial 752 finished with value: 0.941747572815534 and parameters: {'n_estimators': 741, 'max_depth': 20, 'learning_rate': 0.03244796861762583, 'reg_alpha': 2.4696618624831254e-05, 'reg_lambda': 6.917112708602245e-07, 'min_child_weight': 8}. Best is trial 0 with value: 0.941747572815534.
[I 2026-03-24 15:32:39,196] Trial 753 finished with value: 0.941747572815534 and parameters: {'n_estimators': 534, 'max_depth': 29, 'learning_rate': 0.0010809321920233232, 'reg_alpha': 0.0014634399352857275, 'reg_lambda': 5.177332482339451e-06, 'min_child_weight': 2}. Best is trial 0 with value: 0.941747572815534.
[I 2026-03-24 15:32:39,269] Trial 754 finished with value: 0.941747572815534 and parameters: {'n_estimators': 351, 'max_depth': 48, 'learning_rate': 0.0015477423689244025, 'reg_alpha': 6.096260745337648e-06, 'reg_lambda': 0.00023883695539291395, 'min_child_weight': 4}. Best is trial 0 with value: 0.941747572815534.
[I 2026-03-24 15:32:39,362] Trial 755 finished with value: 0.941747572815534 and parameters: {'n_estimators': 482, 'max_depth': 42, 'learning_rate': 0.0066186268124800015, 'reg_alpha': 0.00014926434503676278, 'reg_lambda': 0.001671527655769634, 'min_child_weight': 6}. Best is trial 0 with value: 0.941747572815534.
[I 2026-03-24 15:32:39,473] Trial 756 finished with value: 0.941747572815534 and parameters: {'n_estimators': 661, 'max_depth': 37, 'learning_rate': 0.01057571517289179, 'reg_alpha': 1.4960198177766186e-08, 'reg_lambda': 1.4017992279519616e-08, 'min_child_weight': 5}. Best is trial 0 with value: 0.941747572815534.
[I 2026-03-24 15:32:39,557] Trial 757 finished with value: 0.941747572815534 and parameters: {'n_estimators': 439, 'max_depth': 18, 'learning_rate': 0.0010091472146195864, 'reg_alpha': 8.469799953037485e-08, 'reg_lambda': 2.7263371464397708e-08, 'min_child_weight': 10}. Best is trial 0 with value: 0.941747572815534.
[I 2026-03-24 15:32:39,633] Trial 758 finished with value: 0.941747572815534 and parameters: {'n_estimators': 373, 'max_depth': 43, 'learning_rate': 0.004666490101077819, 'reg_alpha': 4.837712277103851e-07, 'reg_lambda': 8.501370607916823e-05, 'min_child_weight': 7}. Best is trial 0 with value: 0.941747572815534.
[I 2026-03-24 15:32:39,695] Trial 759 finished with value: 0.941747572815534 and parameters: {'n_estimators': 255, 'max_depth': 24, 'learning_rate': 0.0019471952851607096, 'reg_alpha': 2.5865301096691022e-06, 'reg_lambda': 1.0200403290953564e-08, 'min_child_weight': 9}. Best is trial 0 with value: 0.941747572815534.
[I 2026-03-24 15:32:39,767] Trial 760 finished with value: 0.941747572815534 and parameters: {'n_estimators': 333, 'max_depth': 34, 'learning_rate': 0.04496470862164364, 'reg_alpha': 1.3075489773370281e-06, 'reg_lambda': 1.543829427467831e-05, 'min_child_weight': 9}. Best is trial 0 with value: 0.941747572815534.
[I 2026-03-24 15:32:39,864] Trial 761 finished with value: 0.941747572815534 and parameters: {'n_estimators': 520, 'max_depth': 50, 'learning_rate': 0.003170215853805141, 'reg_alpha': 2.7418170707482015e-07, 'reg_lambda': 3.236187615444704e-07, 'min_child_weight': 7}. Best is trial 0 with value: 0.941747572815534.
[I 2026-03-24 15:32:40,020] Trial 762 finished with value: 0.941747572815534 and parameters: {'n_estimators': 985, 'max_depth': 39, 'learning_rate': 0.002695337131291061, 'reg_alpha': 0.6190213865819029, 'reg_lambda': 0.00967892062246939, 'min_child_weight': 8}. Best is trial 0 with value: 0.941747572815534.
[I 2026-03-24 15:32:40,164] Trial 763 finished with value: 0.941747572815534 and parameters: {'n_estimators': 944, 'max_depth': 44, 'learning_rate': 0.08878102219758491, 'reg_alpha': 0.00038200203488377354, 'reg_lambda': 0.002557460363789729, 'min_child_weight': 5}. Best is trial 0 with value: 0.941747572815534.
[I 2026-03-24 15:32:40,311] Trial 764 finished with value: 0.941747572815534 and parameters: {'n_estimators': 965, 'max_depth': 13, 'learning_rate': 0.02978878577122401, 'reg_alpha': 1.7207746140419114e-07, 'reg_lambda': 1.8161221404290217e-07, 'min_child_weight': 4}. Best is trial 0 with value: 0.941747572815534.
[I 2026-03-24 15:32:40,390] Trial 765 finished with value: 0.941747572815534 and parameters: {'n_estimators': 398, 'max_depth': 14, 'learning_rate': 0.055755239147108976, 'reg_alpha': 4.034216509700199e-08, 'reg_lambda': 1.25831214979646e-06, 'min_child_weight': 10}. Best is trial 0 with value: 0.941747572815534.
[I 2026-03-24 15:32:40,492] Trial 766 finished with value: 0.941747572815534 and parameters: {'n_estimators': 551, 'max_depth': 22, 'learning_rate': 0.015998110745467746, 'reg_alpha': 1.192665564038734e-07, 'reg_lambda': 7.6382186426764e-06, 'min_child_weight': 6}. Best is trial 0 with value: 0.941747572815534.
[I 2026-03-24 15:32:40,626] Trial 767 finished with value: 0.941747572815534 and parameters: {'n_estimators': 808, 'max_depth': 49, 'learning_rate': 0.07518709304471474, 'reg_alpha': 4.172507501005438e-06, 'reg_lambda': 4.98101307812982e-08, 'min_child_weight': 9}. Best is trial 0 with value: 0.941747572815534.
[I 2026-03-24 15:32:40,733] Trial 768 finished with value: 0.941747572815534 and parameters: {'n_estimators': 625, 'max_depth': 40, 'learning_rate': 0.004101145925319535, 'reg_alpha': 8.52600078002902e-07, 'reg_lambda': 3.196399291151513e-05, 'min_child_weight': 3}. Best is trial 0 with value: 0.941747572815534.
[I 2026-03-24 15:32:40,851] Trial 769 finished with value: 0.941747572815534 and parameters: {'n_estimators': 721, 'max_depth': 9, 'learning_rate': 0.06293799079220791, 'reg_alpha': 8.547407383496531e-05, 'reg_lambda': 5.55302939952887e-07, 'min_child_weight': 8}. Best is trial 0 with value: 0.941747572815534.
[I 2026-03-24 15:32:41,003] Trial 770 finished with value: 0.9306930693069307 and parameters: {'n_estimators': 645, 'max_depth': 6, 'learning_rate': 0.040135416349153304, 'reg_alpha': 8.11108410307604e-06, 'reg_lambda': 1.6765498048466876e-06, 'min_child_weight': 1}. Best is trial 0 with value: 0.941747572815534.
[I 2026-03-24 15:32:41,140] Trial 771 finished with value: 0.941747572815534 and parameters: {'n_estimators': 886, 'max_depth': 11, 'learning_rate': 0.0036102095540102505, 'reg_alpha': 3.572488213705671e-07, 'reg_lambda': 0.024239084670193208, 'min_child_weight': 5}. Best is trial 0 with value: 0.941747572815534.
[I 2026-03-24 15:32:41,242] Trial 772 finished with value: 0.941747572815534 and parameters: {'n_estimators': 585, 'max_depth': 46, 'learning_rate': 0.00507603665949566, 'reg_alpha': 5.4960079599306514e-08, 'reg_lambda': 3.769595221340701e-06, 'min_child_weight': 7}. Best is trial 0 with value: 0.941747572815534.
[I 2026-03-24 15:32:41,311] Trial 773 finished with value: 0.941747572815534 and parameters: {'n_estimators': 292, 'max_depth': 32, 'learning_rate': 0.009618071204671742, 'reg_alpha': 0.036016736902629166, 'reg_lambda': 0.00045464192592989096, 'min_child_weight': 9}. Best is trial 0 with value: 0.941747572815534.
[I 2026-03-24 15:32:41,434] Trial 774 finished with value: 0.941747572815534 and parameters: {'n_estimators': 757, 'max_depth': 23, 'learning_rate': 0.007269291874305035, 'reg_alpha': 1.1746328632114117e-05, 'reg_lambda': 5.443316971894503e-05, 'min_child_weight': 4}. Best is trial 0 with value: 0.941747572815534.
[I 2026-03-24 15:32:41,515] Trial 775 finished with value: 0.941747572815534 and parameters: {'n_estimators': 416, 'max_depth': 34, 'learning_rate': 0.0018282156240173625, 'reg_alpha': 4.7217266523944155e-06, 'reg_lambda': 0.0001113790930605995, 'min_child_weight': 10}. Best is trial 0 with value: 0.941747572815534.
[I 2026-03-24 15:32:41,601] Trial 776 finished with value: 0.941747572815534 and parameters: {'n_estimators': 458, 'max_depth': 36, 'learning_rate': 0.0013157773483023596, 'reg_alpha': 2.3910475625757196e-08, 'reg_lambda': 0.006377453308653666, 'min_child_weight': 9}. Best is trial 0 with value: 0.941747572815534.
[I 2026-03-24 15:32:41,671] Trial 777 finished with value: 0.941747572815534 and parameters: {'n_estimators': 314, 'max_depth': 15, 'learning_rate': 0.0022211111246251513, 'reg_alpha': 6.199683872453319e-07, 'reg_lambda': 1.8997918502368272e-08, 'min_child_weight': 4}. Best is trial 0 with value: 0.941747572815534.
[I 2026-03-24 15:32:41,825] Trial 778 finished with value: 0.941747572815534 and parameters: {'n_estimators': 977, 'max_depth': 17, 'learning_rate': 0.011752555014702643, 'reg_alpha': 2.025005797658419e-05, 'reg_lambda': 2.70263868105863e-06, 'min_child_weight': 2}. Best is trial 0 with value: 0.941747572815534.
[I 2026-03-24 15:32:41,916] Trial 779 finished with value: 0.941747572815534 and parameters: {'n_estimators': 496, 'max_depth': 20, 'learning_rate': 0.008493291766375328, 'reg_alpha': 0.34232148477042995, 'reg_lambda': 1.1633856856004397e-05, 'min_child_weight': 7}. Best is trial 0 with value: 0.941747572815534.
[I 2026-03-24 15:32:41,993] Trial 780 finished with value: 0.941747572815534 and parameters: {'n_estimators': 381, 'max_depth': 21, 'learning_rate': 0.017624188815168387, 'reg_alpha': 0.007452980747190613, 'reg_lambda': 5.807093901918437e-06, 'min_child_weight': 8}. Best is trial 0 with value: 0.941747572815534.
[I 2026-03-24 15:32:42,129] Trial 781 finished with value: 0.941747572815534 and parameters: {'n_estimators': 872, 'max_depth': 18, 'learning_rate': 0.001195393417094461, 'reg_alpha': 3.299826503220372e-06, 'reg_lambda': 2.254150810462067e-05, 'min_child_weight': 6}. Best is trial 0 with value: 0.941747572815534.
[I 2026-03-24 15:32:42,263] Trial 782 finished with value: 0.941747572815534 and parameters: {'n_estimators': 839, 'max_depth': 26, 'learning_rate': 0.03468366144684058, 'reg_alpha': 1.1872449719431928e-06, 'reg_lambda': 0.01586075647615701, 'min_child_weight': 3}. Best is trial 0 with value: 0.941747572815534.
[I 2026-03-24 15:32:42,324] Trial 783 finished with value: 0.941747572815534 and parameters: {'n_estimators': 219, 'max_depth': 48, 'learning_rate': 0.0029751356542384684, 'reg_alpha': 5.4032377315214656e-05, 'reg_lambda': 0.06806269731879269, 'min_child_weight': 9}. Best is trial 0 with value: 0.941747572815534.
[I 2026-03-24 15:32:42,449] Trial 784 finished with value: 0.941747572815534 and parameters: {'n_estimators': 771, 'max_depth': 50, 'learning_rate': 0.0015385205274825362, 'reg_alpha': 9.95306903621563e-08, 'reg_lambda': 8.223460702428604e-07, 'min_child_weight': 10}. Best is trial 0 with value: 0.941747572815534.
[I 2026-03-24 15:32:42,618] Trial 785 finished with value: 0.941747572815534 and parameters: {'n_estimators': 1000, 'max_depth': 45, 'learning_rate': 0.004365993329985217, 'reg_alpha': 0.00012851300564972206, 'reg_lambda': 0.0007571436753061734, 'min_child_weight': 2}. Best is trial 0 with value: 0.941747572815534.
[I 2026-03-24 15:32:42,724] Trial 786 finished with value: 0.941747572815534 and parameters: {'n_estimators': 599, 'max_depth': 36, 'learning_rate': 0.08130602952676855, 'reg_alpha': 2.7078365277162664e-07, 'reg_lambda': 8.011278774125135e-08, 'min_child_weight': 5}. Best is trial 0 with value: 0.941747572815534.
[I 2026-03-24 15:32:42,871] Trial 787 finished with value: 0.941747572815534 and parameters: {'n_estimators': 949, 'max_depth': 27, 'learning_rate': 0.013629148967530981, 'reg_alpha': 2.0275326848578187e-06, 'reg_lambda': 0.00033961675037629376, 'min_child_weight': 8}. Best is trial 0 with value: 0.941747572815534.
[I 2026-03-24 15:32:42,956] Trial 788 finished with value: 0.941747572815534 and parameters: {'n_estimators': 436, 'max_depth': 33, 'learning_rate': 0.005859322262463684, 'reg_alpha': 1.8366080285520043e-07, 'reg_lambda': 0.4369954351179948, 'min_child_weight': 4}. Best is trial 0 with value: 0.941747572815534.
[I 2026-03-24 15:32:43,034] Trial 789 finished with value: 0.941747572815534 and parameters: {'n_estimators': 353, 'max_depth': 29, 'learning_rate': 0.0928919820981778, 'reg_alpha': 0.00024202791227429503, 'reg_lambda': 0.0035899798511681816, 'min_child_weight': 7}. Best is trial 0 with value: 0.941747572815534.
[I 2026-03-24 15:32:43,176] Trial 790 finished with value: 0.941747572815534 and parameters: {'n_estimators': 918, 'max_depth': 31, 'learning_rate': 0.027045399640976263, 'reg_alpha': 4.33596757192301e-07, 'reg_lambda': 3.4194910491291903e-07, 'min_child_weight': 8}. Best is trial 0 with value: 0.941747572815534.
[I 2026-03-24 15:32:43,278] Trial 791 finished with value: 0.941747572815534 and parameters: {'n_estimators': 563, 'max_depth': 7, 'learning_rate': 0.02093008258614005, 'reg_alpha': 6.197167789629575e-06, 'reg_lambda': 0.00020503092829729524, 'min_child_weight': 9}. Best is trial 0 with value: 0.941747572815534.
[I 2026-03-24 15:32:43,353] Trial 792 finished with value: 0.941747572815534 and parameters: {'n_estimators': 331, 'max_depth': 38, 'learning_rate': 0.05265284147301838, 'reg_alpha': 0.0008112190097393104, 'reg_lambda': 3.607703234527668e-08, 'min_child_weight': 6}. Best is trial 0 with value: 0.941747572815534.
[I 2026-03-24 15:32:43,470] Trial 793 finished with value: 0.941747572815534 and parameters: {'n_estimators': 689, 'max_depth': 42, 'learning_rate': 0.04515467511403949, 'reg_alpha': 6.77467647341023e-08, 'reg_lambda': 0.24003561745745217, 'min_child_weight': 4}. Best is trial 0 with value: 0.941747572815534.
[I 2026-03-24 15:32:43,585] Trial 794 finished with value: 0.941747572815534 and parameters: {'n_estimators': 626, 'max_depth': 35, 'learning_rate': 0.036736676130226804, 'reg_alpha': 1.626618140787733e-08, 'reg_lambda': 8.678404609686391e-06, 'min_child_weight': 9}. Best is trial 0 with value: 0.941747572815534.
[I 2026-03-24 15:32:43,709] Trial 795 finished with value: 0.9306930693069307 and parameters: {'n_estimators': 419, 'max_depth': 33, 'learning_rate': 0.003791871354837017, 'reg_alpha': 3.1639863237977047e-08, 'reg_lambda': 2.2886939070047656e-06, 'min_child_weight': 1}. Best is trial 0 with value: 0.941747572815534.
[I 2026-03-24 15:32:43,841] Trial 796 finished with value: 0.941747572815534 and parameters: {'n_estimators': 815, 'max_depth': 28, 'learning_rate': 0.0014216086320713028, 'reg_alpha': 9.451876826010399e-07, 'reg_lambda': 0.0012433200874068222, 'min_child_weight': 3}. Best is trial 0 with value: 0.941747572815534.
