[I 2026-03-24 15:39:27,546] Trial 112 finished with value: 0.9154228855721394 and parameters: {'n_estimators': 934, 'max_depth': 45, 'learning_rate': 0.031642330958535046, 'reg_alpha': 0.07908607744461144, 'reg_lambda': 1.6968531594490833e-06, 'min_child_weight': 1}. Best is trial 0 with value: 0.9154228855721394.
[I 2026-03-24 15:39:27,614] Trial 113 finished with value: 0.9154228855721394 and parameters: {'n_estimators': 370, 'max_depth': 26, 'learning_rate': 0.02029930172015773, 'reg_alpha': 0.8832895758803285, 'reg_lambda': 1.2274678546077561e-05, 'min_child_weight': 2}. Best is trial 0 with value: 0.9154228855721394.
[I 2026-03-24 15:39:27,822] Trial 114 finished with value: 0.9154228855721394 and parameters: {'n_estimators': 995, 'max_depth': 36, 'learning_rate': 0.017292670435567307, 'reg_alpha': 0.43990303875653125, 'reg_lambda': 1.9374840529531702e-05, 'min_child_weight': 1}. Best is trial 0 with value: 0.9154228855721394.
[I 2026-03-24 15:39:28,006] Trial 115 finished with value: 0.9154228855721394 and parameters: {'n_estimators': 868, 'max_depth': 43, 'learning_rate': 0.002204035631247008, 'reg_alpha': 0.11517289630119516, 'reg_lambda': 6.906338151947524e-07, 'min_child_weight': 1}. Best is trial 0 with value: 0.9154228855721394.
[I 2026-03-24 15:39:28,141] Trial 116 finished with value: 0.9154228855721394 and parameters: {'n_estimators': 889, 'max_depth': 24, 'learning_rate': 0.027360783101234167, 'reg_alpha': 0.04232222127592994, 'reg_lambda': 8.940587329920791e-06, 'min_child_weight': 6}. Best is trial 0 with value: 0.9154228855721394.
[I 2026-03-24 15:39:28,265] Trial 117 finished with value: 0.9154228855721394 and parameters: {'n_estimators': 782, 'max_depth': 38, 'learning_rate': 0.016393501914212204, 'reg_alpha': 3.7592223127014864e-06, 'reg_lambda': 5.011717373227518e-06, 'min_child_weight': 5}. Best is trial 0 with value: 0.9154228855721394.
[I 2026-03-24 15:39:28,365] Trial 118 finished with value: 0.9154228855721394 and parameters: {'n_estimators': 627, 'max_depth': 34, 'learning_rate': 0.007638192814283444, 'reg_alpha': 0.0012130489108564276, 'reg_lambda': 4.537972877934424e-05, 'min_child_weight': 6}. Best is trial 0 with value: 0.9154228855721394.
[I 2026-03-24 15:39:28,503] Trial 119 finished with value: 0.9154228855721394 and parameters: {'n_estimators': 910, 'max_depth': 47, 'learning_rate': 0.002545298221523424, 'reg_alpha': 1.3807405564780546e-05, 'reg_lambda': 0.000264042502777914, 'min_child_weight': 2}. Best is trial 0 with value: 0.9154228855721394.
[I 2026-03-24 15:39:28,653] Trial 120 finished with value: 0.9154228855721394 and parameters: {'n_estimators': 707, 'max_depth': 28, 'learning_rate': 0.011331051704585874, 'reg_alpha': 5.239110553712674e-07, 'reg_lambda': 1.418316314241912e-06, 'min_child_weight': 1}. Best is trial 0 with value: 0.9154228855721394.
[I 2026-03-24 15:39:28,758] Trial 121 finished with value: 0.9154228855721394 and parameters: {'n_estimators': 656, 'max_depth': 22, 'learning_rate': 0.0011167745221064005, 'reg_alpha': 1.1347382117325928e-06, 'reg_lambda': 1.4603610987373817e-08, 'min_child_weight': 4}. Best is trial 0 with value: 0.9154228855721394.
[I 2026-03-24 15:39:28,897] Trial 122 finished with value: 0.9154228855721394 and parameters: {'n_estimators': 956, 'max_depth': 26, 'learning_rate': 0.006348462916964472, 'reg_alpha': 1.1655187575030677e-07, 'reg_lambda': 4.0682417645011265e-08, 'min_child_weight': 4}. Best is trial 0 with value: 0.9154228855721394.
[I 2026-03-24 15:39:28,956] Trial 123 finished with value: 0.9154228855721394 and parameters: {'n_estimators': 274, 'max_depth': 20, 'learning_rate': 0.0017715158419712828, 'reg_alpha': 5.59733878431499e-06, 'reg_lambda': 1.312672409061726e-07, 'min_child_weight': 4}. Best is trial 0 with value: 0.9154228855721394.
[I 2026-03-24 15:39:29,092] Trial 124 finished with value: 0.9154228855721394 and parameters: {'n_estimators': 925, 'max_depth': 24, 'learning_rate': 0.0012292745740834523, 'reg_alpha': 9.37264534293163e-08, 'reg_lambda': 1.8547381600099844e-08, 'min_child_weight': 7}. Best is trial 0 with value: 0.9154228855721394.
[I 2026-03-24 15:39:29,225] Trial 125 finished with value: 0.9154228855721394 and parameters: {'n_estimators': 862, 'max_depth': 23, 'learning_rate': 0.0342083093078189, 'reg_alpha': 7.920779262807034e-07, 'reg_lambda': 0.11188948271272148, 'min_child_weight': 5}. Best is trial 0 with value: 0.9154228855721394.
[I 2026-03-24 15:39:29,293] Trial 126 finished with value: 0.9154228855721394 and parameters: {'n_estimators': 348, 'max_depth': 41, 'learning_rate': 0.009445671287185953, 'reg_alpha': 2.235441032369151e-05, 'reg_lambda': 0.002403045360399939, 'min_child_weight': 3}. Best is trial 0 with value: 0.9154228855721394.
[I 2026-03-24 15:39:29,422] Trial 127 finished with value: 0.9154228855721394 and parameters: {'n_estimators': 818, 'max_depth': 21, 'learning_rate': 0.0015713649912761768, 'reg_alpha': 1.6755974256497716e-07, 'reg_lambda': 3.943767452934506e-06, 'min_child_weight': 10}. Best is trial 0 with value: 0.9154228855721394.
[I 2026-03-24 15:39:29,471] Trial 128 finished with value: 0.9154228855721394 and parameters: {'n_estimators': 200, 'max_depth': 27, 'learning_rate': 0.04469480508060388, 'reg_alpha': 9.566125064062054e-06, 'reg_lambda': 1.0706197095439308e-08, 'min_child_weight': 6}. Best is trial 0 with value: 0.9154228855721394.
[I 2026-03-24 15:39:29,565] Trial 129 finished with value: 0.9154228855721394 and parameters: {'n_estimators': 552, 'max_depth': 25, 'learning_rate': 0.0013689739413304414, 'reg_alpha': 2.1208733003244263e-06, 'reg_lambda': 0.0052258792843649085, 'min_child_weight': 7}. Best is trial 0 with value: 0.9154228855721394.
[I 2026-03-24 15:39:29,699] Trial 130 finished with value: 0.9154228855721394 and parameters: {'n_estimators': 898, 'max_depth': 45, 'learning_rate': 0.0010110870317984202, 'reg_alpha': 0.0006602121954801116, 'reg_lambda': 8.782993114521876e-08, 'min_child_weight': 9}. Best is trial 0 with value: 0.9154228855721394.
[I 2026-03-24 15:39:29,829] Trial 131 finished with value: 0.9154228855721394 and parameters: {'n_estimators': 839, 'max_depth': 37, 'learning_rate': 0.0441022783820631, 'reg_alpha': 0.20917553925348828, 'reg_lambda': 7.385370372554949e-05, 'min_child_weight': 3}. Best is trial 0 with value: 0.9154228855721394.
[I 2026-03-24 15:39:29,946] Trial 132 finished with value: 0.9154228855721394 and parameters: {'n_estimators': 761, 'max_depth': 41, 'learning_rate': 0.018697512257808212, 'reg_alpha': 0.016927087561461884, 'reg_lambda': 2.5071522973962795e-05, 'min_child_weight': 2}. Best is trial 0 with value: 0.9154228855721394.
[I 2026-03-24 15:39:30,061] Trial 133 finished with value: 0.9154228855721394 and parameters: {'n_estimators': 716, 'max_depth': 42, 'learning_rate': 0.005813888351027603, 'reg_alpha': 0.3513298713997856, 'reg_lambda': 8.395930822892653e-06, 'min_child_weight': 3}. Best is trial 0 with value: 0.9154228855721394.
[I 2026-03-24 15:39:30,239] Trial 134 finished with value: 0.9154228855721394 and parameters: {'n_estimators': 801, 'max_depth': 40, 'learning_rate': 0.006985620179952522, 'reg_alpha': 0.05665904072821017, 'reg_lambda': 2.5704912771940864e-06, 'min_child_weight': 1}. Best is trial 0 with value: 0.9154228855721394.
[I 2026-03-24 15:39:30,387] Trial 135 finished with value: 0.9154228855721394 and parameters: {'n_estimators': 980, 'max_depth': 13, 'learning_rate': 0.004180496228114022, 'reg_alpha': 0.8342710881877893, 'reg_lambda': 1.5428432730715724e-05, 'min_child_weight': 3}. Best is trial 0 with value: 0.9154228855721394.
[I 2026-03-24 15:39:30,494] Trial 136 finished with value: 0.9154228855721394 and parameters: {'n_estimators': 684, 'max_depth': 9, 'learning_rate': 0.02328450105615862, 'reg_alpha': 0.001742925163960549, 'reg_lambda': 2.4955066804393526e-08, 'min_child_weight': 5}. Best is trial 0 with value: 0.9154228855721394.
[I 2026-03-24 15:39:30,570] Trial 137 finished with value: 0.9154228855721394 and parameters: {'n_estimators': 399, 'max_depth': 17, 'learning_rate': 0.06461253496187809, 'reg_alpha': 5.0599284843619375e-05, 'reg_lambda': 0.00010470258272680205, 'min_child_weight': 4}. Best is trial 0 with value: 0.9154228855721394.
[I 2026-03-24 15:39:30,672] Trial 138 finished with value: 0.9154228855721394 and parameters: {'n_estimators': 637, 'max_depth': 35, 'learning_rate': 0.013665368766283707, 'reg_alpha': 0.00012790271401510187, 'reg_lambda': 0.00013922937168132481, 'min_child_weight': 8}. Best is trial 0 with value: 0.9154228855721394.
[I 2026-03-24 15:39:30,811] Trial 139 finished with value: 0.9154228855721394 and parameters: {'n_estimators': 747, 'max_depth': 43, 'learning_rate': 0.02507371033216287, 'reg_alpha': 0.00021322266601073972, 'reg_lambda': 5.422040309419847e-06, 'min_child_weight': 1}. Best is trial 0 with value: 0.9154228855721394.
[I 2026-03-24 15:39:30,909] Trial 140 finished with value: 0.9154228855721394 and parameters: {'n_estimators': 602, 'max_depth': 29, 'learning_rate': 0.031109203823467782, 'reg_alpha': 0.00039622091534197135, 'reg_lambda': 0.8552860034408176, 'min_child_weight': 5}. Best is trial 0 with value: 0.9154228855721394.
[I 2026-03-24 15:39:30,989] Trial 141 finished with value: 0.9154228855721394 and parameters: {'n_estimators': 435, 'max_depth': 27, 'learning_rate': 0.0783025800924304, 'reg_alpha': 1.7821718134829835e-06, 'reg_lambda': 3.6097409108272288e-06, 'min_child_weight': 5}. Best is trial 0 with value: 0.9154228855721394.
[I 2026-03-24 15:39:31,074] Trial 142 finished with value: 0.9154228855721394 and parameters: {'n_estimators': 486, 'max_depth': 31, 'learning_rate': 0.07357924084542843, 'reg_alpha': 1.748920758641408e-05, 'reg_lambda': 1.8986921294940502e-06, 'min_child_weight': 6}. Best is trial 0 with value: 0.9154228855721394.
[I 2026-03-24 15:39:31,161] Trial 143 finished with value: 0.9154228855721394 and parameters: {'n_estimators': 502, 'max_depth': 33, 'learning_rate': 0.09212587393054034, 'reg_alpha': 0.025783433307214634, 'reg_lambda': 7.021262206949758e-06, 'min_child_weight': 4}. Best is trial 0 with value: 0.9154228855721394.
[I 2026-03-24 15:39:31,244] Trial 144 finished with value: 0.9154228855721394 and parameters: {'n_estimators': 472, 'max_depth': 7, 'learning_rate': 0.05097231151710785, 'reg_alpha': 3.5977851627303028e-06, 'reg_lambda': 0.0005335020336304277, 'min_child_weight': 10}. Best is trial 0 with value: 0.9154228855721394.
[I 2026-03-24 15:39:31,342] Trial 145 finished with value: 0.9154228855721394 and parameters: {'n_estimators': 573, 'max_depth': 28, 'learning_rate': 0.057611078913306156, 'reg_alpha': 5.485192414727962e-06, 'reg_lambda': 9.362003686908462e-07, 'min_child_weight': 6}. Best is trial 0 with value: 0.9154228855721394.
[I 2026-03-24 15:39:31,396] Trial 146 finished with value: 0.9154228855721394 and parameters: {'n_estimators': 223, 'max_depth': 44, 'learning_rate': 0.008448758673138337, 'reg_alpha': 7.571137127287158e-05, 'reg_lambda': 1.2899089632835323e-05, 'min_child_weight': 4}. Best is trial 0 with value: 0.9154228855721394.
[I 2026-03-24 15:39:31,475] Trial 147 finished with value: 0.9154228855721394 and parameters: {'n_estimators': 410, 'max_depth': 36, 'learning_rate': 0.003584900845919267, 'reg_alpha': 0.0010760994804842928, 'reg_lambda': 0.02532333325539351, 'min_child_weight': 3}. Best is trial 0 with value: 0.9154228855721394.
[I 2026-03-24 15:39:31,555] Trial 148 finished with value: 0.9154228855721394 and parameters: {'n_estimators': 452, 'max_depth': 50, 'learning_rate': 0.021982178304283412, 'reg_alpha': 4.41454583991044e-07, 'reg_lambda': 0.05902170254453591, 'min_child_weight': 9}. Best is trial 0 with value: 0.9154228855721394.
[I 2026-03-24 15:39:31,649] Trial 149 finished with value: 0.9154228855721394 and parameters: {'n_estimators': 532, 'max_depth': 39, 'learning_rate': 0.005406553239670532, 'reg_alpha': 1.1244786859888688e-05, 'reg_lambda': 0.3756764281893445, 'min_child_weight': 8}. Best is trial 0 with value: 0.9154228855721394.
[I 2026-03-24 15:39:31,788] Trial 150 finished with value: 0.9154228855721394 and parameters: {'n_estimators': 940, 'max_depth': 31, 'learning_rate': 0.07874974945241982, 'reg_alpha': 3.156965503402203e-06, 'reg_lambda': 0.0010506991558860348, 'min_child_weight': 5}. Best is trial 0 with value: 0.9154228855721394.
[I 2026-03-24 15:39:31,840] Trial 151 finished with value: 0.9154228855721394 and parameters: {'n_estimators': 211, 'max_depth': 46, 'learning_rate': 0.014842766900684375, 'reg_alpha': 3.8862089722869815e-08, 'reg_lambda': 2.7225583187244476e-05, 'min_child_weight': 7}. Best is trial 0 with value: 0.9154228855721394.
[I 2026-03-24 15:39:31,897] Trial 152 finished with value: 0.9154228855721394 and parameters: {'n_estimators': 260, 'max_depth': 49, 'learning_rate': 0.016864810100176677, 'reg_alpha': 1.2478296159651003e-08, 'reg_lambda': 3.369855622547614e-05, 'min_child_weight': 7}. Best is trial 0 with value: 0.9154228855721394.
[I 2026-03-24 15:39:31,955] Trial 153 finished with value: 0.9154228855721394 and parameters: {'n_estimators': 249, 'max_depth': 49, 'learning_rate': 0.019172907162583804, 'reg_alpha': 0.006032409238165785, 'reg_lambda': 3.2785357960468336e-06, 'min_child_weight': 7}. Best is trial 0 with value: 0.9154228855721394.
[I 2026-03-24 15:39:32,010] Trial 154 finished with value: 0.9154228855721394 and parameters: {'n_estimators': 237, 'max_depth': 48, 'learning_rate': 0.09506359994332364, 'reg_alpha': 9.091751978835781e-07, 'reg_lambda': 0.00023064252642551001, 'min_child_weight': 6}. Best is trial 0 with value: 0.9154228855721394.
[I 2026-03-24 15:39:32,073] Trial 155 finished with value: 0.9154228855721394 and parameters: {'n_estimators': 298, 'max_depth': 34, 'learning_rate': 0.007675496293222579, 'reg_alpha': 4.909246279955303e-08, 'reg_lambda': 1.824814189894383e-05, 'min_child_weight': 7}. Best is trial 0 with value: 0.9154228855721394.
[I 2026-03-24 15:39:32,227] Trial 156 finished with value: 0.9154228855721394 and parameters: {'n_estimators': 670, 'max_depth': 50, 'learning_rate': 0.006527995832359739, 'reg_alpha': 2.533794925486159e-07, 'reg_lambda': 4.851359952370756e-06, 'min_child_weight': 1}. Best is trial 0 with value: 0.9154228855721394.
[I 2026-03-24 15:39:32,328] Trial 157 finished with value: 0.9154228855721394 and parameters: {'n_estimators': 626, 'max_depth': 25, 'learning_rate': 0.009949166192782535, 'reg_alpha': 4.107598444308401e-05, 'reg_lambda': 1.6259825040155632e-07, 'min_child_weight': 6}. Best is trial 0 with value: 0.9154228855721394.
[I 2026-03-24 15:39:32,384] Trial 158 finished with value: 0.9154228855721394 and parameters: {'n_estimators': 228, 'max_depth': 19, 'learning_rate': 0.09856775411516822, 'reg_alpha': 7.10408255613632e-06, 'reg_lambda': 2.9533379645461396e-07, 'min_child_weight': 2}. Best is trial 0 with value: 0.9154228855721394.
[I 2026-03-24 15:39:32,507] Trial 159 finished with value: 0.9154228855721394 and parameters: {'n_estimators': 780, 'max_depth': 38, 'learning_rate': 0.012223516412148111, 'reg_alpha': 1.8473303432980426e-08, 'reg_lambda': 6.118605323514882e-07, 'min_child_weight': 8}. Best is trial 0 with value: 0.9154228855721394.
[I 2026-03-24 15:39:32,604] Trial 160 finished with value: 0.9154228855721394 and parameters: {'n_estimators': 591, 'max_depth': 47, 'learning_rate': 0.004747017243315733, 'reg_alpha': 2.8175400271105612e-05, 'reg_lambda': 5.3928819386126355e-05, 'min_child_weight': 4}. Best is trial 0 with value: 0.9154228855721394.
[I 2026-03-24 15:39:32,759] Trial 161 finished with value: 0.9154228855721394 and parameters: {'n_estimators': 918, 'max_depth': 22, 'learning_rate': 0.03841688697372846, 'reg_alpha': 0.000622807582212167, 'reg_lambda': 1.2793459249252204e-06, 'min_child_weight': 1}. Best is trial 0 with value: 0.9154228855721394.
[I 2026-03-24 15:39:32,895] Trial 162 finished with value: 0.9154228855721394 and parameters: {'n_estimators': 906, 'max_depth': 23, 'learning_rate': 0.0019501020414704896, 'reg_alpha': 0.17339893804913004, 'reg_lambda': 8.716679561014048e-06, 'min_child_weight': 2}. Best is trial 0 with value: 0.9154228855721394.
[I 2026-03-24 15:39:33,029] Trial 163 finished with value: 0.9154228855721394 and parameters: {'n_estimators': 890, 'max_depth': 20, 'learning_rate': 0.003050651163247917, 'reg_alpha': 0.007829537973247626, 'reg_lambda': 4.141646791451102e-07, 'min_child_weight': 2}. Best is trial 0 with value: 0.9154228855721394.
[I 2026-03-24 15:39:33,161] Trial 164 finished with value: 0.9154228855721394 and parameters: {'n_estimators': 877, 'max_depth': 26, 'learning_rate': 0.04076646695793707, 'reg_alpha': 0.011776942793696541, 'reg_lambda': 2.6212309152596825e-06, 'min_child_weight': 3}. Best is trial 0 with value: 0.9154228855721394.
[I 2026-03-24 15:39:33,324] Trial 165 finished with value: 0.9154228855721394 and parameters: {'n_estimators': 949, 'max_depth': 11, 'learning_rate': 0.026845024795164582, 'reg_alpha': 0.004352185189117724, 'reg_lambda': 1.6702247481405843e-06, 'min_child_weight': 1}. Best is trial 0 with value: 0.9154228855721394.
[I 2026-03-24 15:39:33,452] Trial 166 finished with value: 0.9154228855721394 and parameters: {'n_estimators': 852, 'max_depth': 24, 'learning_rate': 0.008853689094204118, 'reg_alpha': 0.02644526751556415, 'reg_lambda': 0.00015518410141084988, 'min_child_weight': 7}. Best is trial 0 with value: 0.9154228855721394.
[I 2026-03-24 15:39:33,532] Trial 167 finished with value: 0.9154228855721394 and parameters: {'n_estimators': 284, 'max_depth': 21, 'learning_rate': 0.033411075167454146, 'reg_alpha': 0.105780870156184, 'reg_lambda': 6.491665921461527e-07, 'min_child_weight': 1}. Best is trial 0 with value: 0.9154228855721394.
[I 2026-03-24 15:39:33,676] Trial 168 finished with value: 0.9154228855721394 and parameters: {'n_estimators': 974, 'max_depth': 22, 'learning_rate': 0.05632025056453744, 'reg_alpha': 0.00031756009030128304, 'reg_lambda': 9.10301858650799e-05, 'min_child_weight': 2}. Best is trial 0 with value: 0.9154228855721394.
[I 2026-03-24 15:39:33,747] Trial 169 finished with value: 0.9154228855721394 and parameters: {'n_estimators': 362, 'max_depth': 32, 'learning_rate': 0.0023640946429973743, 'reg_alpha': 0.00015840349855968672, 'reg_lambda': 4.736206241798391e-08, 'min_child_weight': 10}. Best is trial 0 with value: 0.9154228855721394.
[I 2026-03-24 15:39:33,857] Trial 170 finished with value: 0.9154228855721394 and parameters: {'n_estimators': 699, 'max_depth': 29, 'learning_rate': 0.02939377186525659, 'reg_alpha': 0.0009239627244322261, 'reg_lambda': 9.362105287799059e-08, 'min_child_weight': 3}. Best is trial 0 with value: 0.9154228855721394.
[I 2026-03-24 15:39:33,933] Trial 171 finished with value: 0.9154228855721394 and parameters: {'n_estimators': 409, 'max_depth': 17, 'learning_rate': 0.020463882206938663, 'reg_alpha': 0.036892619706951034, 'reg_lambda': 0.008655272182718943, 'min_child_weight': 5}. Best is trial 0 with value: 0.9154228855721394.
[I 2026-03-24 15:39:34,002] Trial 172 finished with value: 0.9154228855721394 and parameters: {'n_estimators': 348, 'max_depth': 18, 'learning_rate': 0.015987724490442824, 'reg_alpha': 0.015514838775999292, 'reg_lambda': 0.006322278859697864, 'min_child_weight': 5}. Best is trial 0 with value: 0.9154228855721394.
[I 2026-03-24 15:39:34,069] Trial 173 finished with value: 0.9154228855721394 and parameters: {'n_estimators': 323, 'max_depth': 14, 'learning_rate': 0.012943769043785745, 'reg_alpha': 0.05550756449354629, 'reg_lambda': 0.002828292360359401, 'min_child_weight': 5}. Best is trial 0 with value: 0.9154228855721394.
[I 2026-03-24 15:39:34,141] Trial 174 finished with value: 0.9154228855721394 and parameters: {'n_estimators': 378, 'max_depth': 9, 'learning_rate': 0.006028444732437876, 'reg_alpha': 0.002932718753504779, 'reg_lambda': 9.368844387126894e-07, 'min_child_weight': 6}. Best is trial 0 with value: 0.9154228855721394.
[I 2026-03-24 15:39:34,220] Trial 175 finished with value: 0.9154228855721394 and parameters: {'n_estimators': 424, 'max_depth': 11, 'learning_rate': 0.006957991110536745, 'reg_alpha': 0.3517374979939606, 'reg_lambda': 0.001930971157573775, 'min_child_weight': 4}. Best is trial 0 with value: 0.9154228855721394.
[I 2026-03-24 15:39:34,288] Trial 176 finished with value: 0.9154228855721394 and parameters: {'n_estimators': 340, 'max_depth': 15, 'learning_rate': 0.022964086361609033, 'reg_alpha': 0.012762052040887704, 'reg_lambda': 0.01244541289254836, 'min_child_weight': 5}. Best is trial 0 with value: 0.9154228855721394.
[I 2026-03-24 15:39:34,432] Trial 177 finished with value: 0.9154228855721394 and parameters: {'n_estimators': 607, 'max_depth': 43, 'learning_rate': 0.011203561703796364, 'reg_alpha': 0.5788754679370345, 'reg_lambda': 1.0107023348751103e-05, 'min_child_weight': 1}. Best is trial 0 with value: 0.9154228855721394.
[I 2026-03-24 15:39:34,538] Trial 178 finished with value: 0.9154228855721394 and parameters: {'n_estimators': 656, 'max_depth': 13, 'learning_rate': 0.018164593468708648, 'reg_alpha': 1.4712899125615812e-06, 'reg_lambda': 5.683508238309153e-06, 'min_child_weight': 8}. Best is trial 0 with value: 0.9154228855721394.
[I 2026-03-24 15:39:34,603] Trial 179 finished with value: 0.9154228855721394 and parameters: {'n_estimators': 308, 'max_depth': 46, 'learning_rate': 0.014665792151191376, 'reg_alpha': 0.026544014750585675, 'reg_lambda': 0.003761616343134633, 'min_child_weight': 9}. Best is trial 0 with value: 0.9154228855721394.
[I 2026-03-24 15:39:34,664] Trial 180 finished with value: 0.9154228855721394 and parameters: {'n_estimators': 273, 'max_depth': 42, 'learning_rate': 0.024939702085419017, 'reg_alpha': 8.795129425875385e-05, 'reg_lambda': 0.00044936567584540185, 'min_child_weight': 6}. Best is trial 0 with value: 0.9154228855721394.
