[I 2026-03-24 15:38:17,075] Trial 154 finished with value: 0.9154228855721394 and parameters: {'n_estimators': 621, 'max_depth': 17, 'learning_rate': 0.002375169300348621, 'reg_alpha': 0.12264745689305707, 'reg_lambda': 3.24252173097611e-07, 'min_child_weight': 9}. Best is trial 0 with value: 0.9154228855721394.
[I 2026-03-24 15:38:17,162] Trial 155 finished with value: 0.9154228855721394 and parameters: {'n_estimators': 598, 'max_depth': 42, 'learning_rate': 0.08302582402363251, 'reg_alpha': 3.269851736524859e-08, 'reg_lambda': 1.5035129003584053e-06, 'min_child_weight': 3}. Best is trial 0 with value: 0.9154228855721394.
[I 2026-03-24 15:38:17,261] Trial 156 finished with value: 0.9154228855721394 and parameters: {'n_estimators': 689, 'max_depth': 15, 'learning_rate': 0.0019257191318374793, 'reg_alpha': 0.05018991668738157, 'reg_lambda': 5.829167956907217e-06, 'min_child_weight': 8}. Best is trial 0 with value: 0.9154228855721394.
[I 2026-03-24 15:38:17,363] Trial 157 finished with value: 0.9154228855721394 and parameters: {'n_estimators': 729, 'max_depth': 10, 'learning_rate': 0.0015264640838766133, 'reg_alpha': 1.0803317861228373e-07, 'reg_lambda': 0.00541635373306084, 'min_child_weight': 10}. Best is trial 0 with value: 0.9154228855721394.
[I 2026-03-24 15:38:17,426] Trial 158 finished with value: 0.9154228855721394 and parameters: {'n_estimators': 334, 'max_depth': 50, 'learning_rate': 0.001155891626732504, 'reg_alpha': 5.2765030904758564e-05, 'reg_lambda': 1.0579746539340213e-08, 'min_child_weight': 1}. Best is trial 0 with value: 0.9154228855721394.
[I 2026-03-24 15:38:17,560] Trial 159 finished with value: 0.9154228855721394 and parameters: {'n_estimators': 981, 'max_depth': 27, 'learning_rate': 0.010723659358324849, 'reg_alpha': 0.22462949642450292, 'reg_lambda': 0.021069591282590824, 'min_child_weight': 6}. Best is trial 0 with value: 0.9154228855721394.
[I 2026-03-24 15:38:17,658] Trial 160 finished with value: 0.9154228855721394 and parameters: {'n_estimators': 661, 'max_depth': 32, 'learning_rate': 0.003873211443864597, 'reg_alpha': 0.00015333664529368083, 'reg_lambda': 2.2974425219770173e-08, 'min_child_weight': 8}. Best is trial 0 with value: 0.9154228855721394.
[I 2026-03-24 15:38:17,779] Trial 161 finished with value: 0.9154228855721394 and parameters: {'n_estimators': 868, 'max_depth': 7, 'learning_rate': 0.006683002668622615, 'reg_alpha': 1.001075859256346e-05, 'reg_lambda': 0.07590846433000167, 'min_child_weight': 1}. Best is trial 0 with value: 0.9154228855721394.
[I 2026-03-24 15:38:17,898] Trial 162 finished with value: 0.9154228855721394 and parameters: {'n_estimators': 853, 'max_depth': 20, 'learning_rate': 0.00852292987288464, 'reg_alpha': 1.9890784337416395e-08, 'reg_lambda': 1.5345563596285926e-05, 'min_child_weight': 1}. Best is trial 0 with value: 0.9154228855721394.
[I 2026-03-24 15:38:18,025] Trial 163 finished with value: 0.9154228855721394 and parameters: {'n_estimators': 925, 'max_depth': 8, 'learning_rate': 0.005837313236299666, 'reg_alpha': 4.645599836796695e-06, 'reg_lambda': 9.800859405749665e-06, 'min_child_weight': 1}. Best is trial 0 with value: 0.9154228855721394.
[I 2026-03-24 15:38:18,140] Trial 164 finished with value: 0.9154228855721394 and parameters: {'n_estimators': 826, 'max_depth': 13, 'learning_rate': 0.004689013141047485, 'reg_alpha': 7.706641310318239e-06, 'reg_lambda': 2.3813089122116354e-05, 'min_child_weight': 2}. Best is trial 0 with value: 0.9154228855721394.
[I 2026-03-24 15:38:18,267] Trial 165 finished with value: 0.9154228855721394 and parameters: {'n_estimators': 904, 'max_depth': 29, 'learning_rate': 0.07079730553832363, 'reg_alpha': 0.3311371733902108, 'reg_lambda': 1.413283033509269e-07, 'min_child_weight': 1}. Best is trial 0 with value: 0.9154228855721394.
[I 2026-03-24 15:38:18,388] Trial 166 finished with value: 0.9154228855721394 and parameters: {'n_estimators': 877, 'max_depth': 15, 'learning_rate': 0.001291823444024521, 'reg_alpha': 1.682907366468234e-06, 'reg_lambda': 5.525769557525031e-07, 'min_child_weight': 2}. Best is trial 0 with value: 0.9154228855721394.
[I 2026-03-24 15:38:18,524] Trial 167 finished with value: 0.9154228855721394 and parameters: {'n_estimators': 1000, 'max_depth': 22, 'learning_rate': 0.056634527825456575, 'reg_alpha': 0.10045957727047626, 'reg_lambda': 0.0025932860442747863, 'min_child_weight': 5}. Best is trial 0 with value: 0.9154228855721394.
[I 2026-03-24 15:38:18,582] Trial 168 finished with value: 0.9154228855721394 and parameters: {'n_estimators': 285, 'max_depth': 43, 'learning_rate': 0.0042994178230296885, 'reg_alpha': 6.801595877276933e-05, 'reg_lambda': 1.13093966891836e-06, 'min_child_weight': 3}. Best is trial 0 with value: 0.9154228855721394.
[I 2026-03-24 15:38:18,648] Trial 169 finished with value: 0.9154228855721394 and parameters: {'n_estimators': 364, 'max_depth': 25, 'learning_rate': 0.0030363868551911955, 'reg_alpha': 2.6603321395512605e-06, 'reg_lambda': 4.198185853922059e-06, 'min_child_weight': 9}. Best is trial 0 with value: 0.9154228855721394.
[I 2026-03-24 15:38:18,735] Trial 170 finished with value: 0.9154228855721394 and parameters: {'n_estimators': 549, 'max_depth': 19, 'learning_rate': 0.00740775208955818, 'reg_alpha': 0.0006320997325555268, 'reg_lambda': 7.916017557940453e-06, 'min_child_weight': 6}. Best is trial 0 with value: 0.9154228855721394.
[I 2026-03-24 15:38:18,865] Trial 171 finished with value: 0.9154228855721394 and parameters: {'n_estimators': 950, 'max_depth': 41, 'learning_rate': 0.0016960850291703586, 'reg_alpha': 1.498471264460785e-08, 'reg_lambda': 0.0016006231222568822, 'min_child_weight': 8}. Best is trial 0 with value: 0.9154228855721394.
[I 2026-03-24 15:38:18,973] Trial 172 finished with value: 0.9154228855721394 and parameters: {'n_estimators': 747, 'max_depth': 44, 'learning_rate': 0.002090618613392512, 'reg_alpha': 2.3828841586144123e-08, 'reg_lambda': 5.963960339522047e-05, 'min_child_weight': 8}. Best is trial 0 with value: 0.9154228855721394.
[I 2026-03-24 15:38:19,069] Trial 173 finished with value: 0.9154228855721394 and parameters: {'n_estimators': 649, 'max_depth': 42, 'learning_rate': 0.002483074585362007, 'reg_alpha': 0.002164193245055876, 'reg_lambda': 3.5208462928815145e-08, 'min_child_weight': 7}. Best is trial 0 with value: 0.9154228855721394.
[I 2026-03-24 15:38:19,181] Trial 174 finished with value: 0.9154228855721394 and parameters: {'n_estimators': 776, 'max_depth': 40, 'learning_rate': 0.012916645851710927, 'reg_alpha': 4.632457483964686e-08, 'reg_lambda': 0.007854258984098686, 'min_child_weight': 8}. Best is trial 0 with value: 0.9154228855721394.
[I 2026-03-24 15:38:19,236] Trial 175 finished with value: 0.9154228855721394 and parameters: {'n_estimators': 250, 'max_depth': 26, 'learning_rate': 0.009954124431538206, 'reg_alpha': 0.012931140516772186, 'reg_lambda': 2.3643562016289395e-07, 'min_child_weight': 8}. Best is trial 0 with value: 0.9154228855721394.
[I 2026-03-24 15:38:19,353] Trial 176 finished with value: 0.9154228855721394 and parameters: {'n_estimators': 835, 'max_depth': 45, 'learning_rate': 0.0367380165503162, 'reg_alpha': 3.1935036994811414e-06, 'reg_lambda': 2.336826920993904e-06, 'min_child_weight': 2}. Best is trial 0 with value: 0.9154228855721394.
[I 2026-03-24 15:38:19,436] Trial 177 finished with value: 0.9154228855721394 and parameters: {'n_estimators': 515, 'max_depth': 48, 'learning_rate': 0.0010405610723639342, 'reg_alpha': 4.108518682232318e-05, 'reg_lambda': 9.448525114257562e-05, 'min_child_weight': 7}. Best is trial 0 with value: 0.9154228855721394.
[I 2026-03-24 15:38:19,526] Trial 178 finished with value: 0.9154228855721394 and parameters: {'n_estimators': 586, 'max_depth': 39, 'learning_rate': 0.0013794607332999465, 'reg_alpha': 0.03133115819173103, 'reg_lambda': 0.0004329735597081662, 'min_child_weight': 3}. Best is trial 0 with value: 0.9154228855721394.
[I 2026-03-24 15:38:19,630] Trial 179 finished with value: 0.9154228855721394 and parameters: {'n_estimators': 705, 'max_depth': 27, 'learning_rate': 0.02568846842995184, 'reg_alpha': 0.560398396437834, 'reg_lambda': 1.5693319114137164e-05, 'min_child_weight': 4}. Best is trial 0 with value: 0.9154228855721394.
[I 2026-03-24 15:38:19,698] Trial 180 finished with value: 0.9154228855721394 and parameters: {'n_estimators': 387, 'max_depth': 37, 'learning_rate': 0.0018294863282127096, 'reg_alpha': 2.0793276259683118e-05, 'reg_lambda': 0.003195893296515672, 'min_child_weight': 9}. Best is trial 0 with value: 0.9154228855721394.
[I 2026-03-24 15:38:19,786] Trial 181 finished with value: 0.9154228855721394 and parameters: {'n_estimators': 558, 'max_depth': 31, 'learning_rate': 0.005234325414691446, 'reg_alpha': 5.898150484715087e-06, 'reg_lambda': 0.004574173818183156, 'min_child_weight': 7}. Best is trial 0 with value: 0.9154228855721394.
[I 2026-03-24 15:38:19,886] Trial 182 finished with value: 0.9154228855721394 and parameters: {'n_estimators': 678, 'max_depth': 30, 'learning_rate': 0.007116034693315081, 'reg_alpha': 0.1604036289299111, 'reg_lambda': 0.0010989760696586623, 'min_child_weight': 6}. Best is trial 0 with value: 0.9154228855721394.
[I 2026-03-24 15:38:19,937] Trial 183 finished with value: 0.9154228855721394 and parameters: {'n_estimators': 205, 'max_depth': 33, 'learning_rate': 0.003578121135744967, 'reg_alpha': 0.00011070257804430417, 'reg_lambda': 0.0006248642590775582, 'min_child_weight': 6}. Best is trial 0 with value: 0.9154228855721394.
[I 2026-03-24 15:38:20,032] Trial 184 finished with value: 0.9154228855721394 and parameters: {'n_estimators': 628, 'max_depth': 41, 'learning_rate': 0.004703398596076882, 'reg_alpha': 0.021768086223264427, 'reg_lambda': 0.00016549041388309933, 'min_child_weight': 6}. Best is trial 0 with value: 0.9154228855721394.
[I 2026-03-24 15:38:20,165] Trial 185 finished with value: 0.9154228855721394 and parameters: {'n_estimators': 967, 'max_depth': 18, 'learning_rate': 0.005825251831165382, 'reg_alpha': 0.0002514648500432194, 'reg_lambda': 1.6908805332136372e-08, 'min_child_weight': 5}. Best is trial 0 with value: 0.9154228855721394.
[I 2026-03-24 15:38:20,236] Trial 186 finished with value: 0.9154228855721394 and parameters: {'n_estimators': 403, 'max_depth': 29, 'learning_rate': 0.01773717372757432, 'reg_alpha': 0.09029524086604623, 'reg_lambda': 0.0003121143842578667, 'min_child_weight': 10}. Best is trial 0 with value: 0.9154228855721394.
[I 2026-03-24 15:38:20,293] Trial 187 finished with value: 0.9154228855721394 and parameters: {'n_estimators': 267, 'max_depth': 28, 'learning_rate': 0.006415655037919174, 'reg_alpha': 0.05815030041415517, 'reg_lambda': 3.3982424057142666e-05, 'min_child_weight': 5}. Best is trial 0 with value: 0.9154228855721394.
[I 2026-03-24 15:38:20,345] Trial 188 finished with value: 0.9154228855721394 and parameters: {'n_estimators': 225, 'max_depth': 10, 'learning_rate': 0.042995845731648864, 'reg_alpha': 0.0004292004575335839, 'reg_lambda': 0.00633809320686958, 'min_child_weight': 6}. Best is trial 0 with value: 0.9154228855721394.
[I 2026-03-24 15:38:20,407] Trial 189 finished with value: 0.9154228855721394 and parameters: {'n_estimators': 309, 'max_depth': 34, 'learning_rate': 0.008243938285225292, 'reg_alpha': 0.0062479534944912835, 'reg_lambda': 0.0012936503769122583, 'min_child_weight': 1}. Best is trial 0 with value: 0.9154228855721394.
[I 2026-03-24 15:38:20,485] Trial 190 finished with value: 0.9154228855721394 and parameters: {'n_estimators': 468, 'max_depth': 24, 'learning_rate': 0.002227356404980169, 'reg_alpha': 0.19454312350180203, 'reg_lambda': 0.013309465241234494, 'min_child_weight': 3}. Best is trial 0 with value: 0.9154228855721394.
[I 2026-03-24 15:38:20,601] Trial 191 finished with value: 0.9154228855721394 and parameters: {'n_estimators': 810, 'max_depth': 21, 'learning_rate': 0.0023507439703004092, 'reg_alpha': 9.520014476197556e-08, 'reg_lambda': 1.8697208544231007e-06, 'min_child_weight': 4}. Best is trial 0 with value: 0.9154228855721394.
[I 2026-03-24 15:38:20,725] Trial 192 finished with value: 0.9154228855721394 and parameters: {'n_estimators': 898, 'max_depth': 22, 'learning_rate': 0.0027894319169412814, 'reg_alpha': 5.763965172940371e-07, 'reg_lambda': 0.002085457803212588, 'min_child_weight': 5}. Best is trial 0 with value: 0.9154228855721394.
[I 2026-03-24 15:38:20,818] Trial 193 finished with value: 0.9154228855721394 and parameters: {'n_estimators': 607, 'max_depth': 24, 'learning_rate': 0.003779317740869992, 'reg_alpha': 3.0099177437849273e-07, 'reg_lambda': 8.75483218137324e-07, 'min_child_weight': 4}. Best is trial 0 with value: 0.9154228855721394.
[I 2026-03-24 15:38:20,942] Trial 194 finished with value: 0.9154228855721394 and parameters: {'n_estimators': 880, 'max_depth': 23, 'learning_rate': 0.003228121468779234, 'reg_alpha': 1.1201011661121167e-06, 'reg_lambda': 3.0793804494204784e-06, 'min_child_weight': 3}. Best is trial 0 with value: 0.9154228855721394.
[I 2026-03-24 15:38:21,027] Trial 195 finished with value: 0.9154228855721394 and parameters: {'n_estimators': 531, 'max_depth': 20, 'learning_rate': 0.0020098476604746424, 'reg_alpha': 1.0396334443641897e-08, 'reg_lambda': 4.4503461688452577e-07, 'min_child_weight': 4}. Best is trial 0 with value: 0.9154228855721394.
[I 2026-03-24 15:38:21,147] Trial 196 finished with value: 0.9154228855721394 and parameters: {'n_estimators': 858, 'max_depth': 12, 'learning_rate': 0.09296949238297615, 'reg_alpha': 0.31263687732329365, 'reg_lambda': 4.714188884586272e-06, 'min_child_weight': 7}. Best is trial 0 with value: 0.9154228855721394.
[I 2026-03-24 15:38:21,236] Trial 197 finished with value: 0.9154228855721394 and parameters: {'n_estimators': 570, 'max_depth': 46, 'learning_rate': 0.0016331560830153344, 'reg_alpha': 1.452858332781668e-07, 'reg_lambda': 0.4084873066278413, 'min_child_weight': 10}. Best is trial 0 with value: 0.9154228855721394.
[I 2026-03-24 15:38:21,299] Trial 198 finished with value: 0.9154228855721394 and parameters: {'n_estimators': 333, 'max_depth': 47, 'learning_rate': 0.0025884892906250087, 'reg_alpha': 0.6662914545682777, 'reg_lambda': 1.6924585004219532e-06, 'min_child_weight': 9}. Best is trial 0 with value: 0.9154228855721394.
[I 2026-03-24 15:38:21,358] Trial 199 finished with value: 0.9154228855721394 and parameters: {'n_estimators': 295, 'max_depth': 26, 'learning_rate': 0.004057487878368013, 'reg_alpha': 0.00016737403966248985, 'reg_lambda': 4.9483845126518216e-08, 'min_child_weight': 1}. Best is trial 0 with value: 0.9154228855721394.
[I 2026-03-24 15:38:21,433] Trial 200 finished with value: 0.9154228855721394 and parameters: {'n_estimators': 437, 'max_depth': 23, 'learning_rate': 0.005293045426264568, 'reg_alpha': 2.3018493459615678e-08, 'reg_lambda': 8.0501233089713e-07, 'min_child_weight': 8}. Best is trial 0 with value: 0.9154228855721394.
[I 2026-03-24 15:38:21,532] Trial 201 finished with value: 0.9154228855721394 and parameters: {'n_estimators': 638, 'max_depth': 49, 'learning_rate': 0.0012386924892473046, 'reg_alpha': 0.0003910025434532996, 'reg_lambda': 9.939965899885481e-08, 'min_child_weight': 8}. Best is trial 0 with value: 0.9154228855721394.
[I 2026-03-24 15:38:21,632] Trial 202 finished with value: 0.9154228855721394 and parameters: {'n_estimators': 660, 'max_depth': 50, 'learning_rate': 0.009878430703337361, 'reg_alpha': 0.0008913127647647657, 'reg_lambda': 6.96110167229528e-08, 'min_child_weight': 8}. Best is trial 0 with value: 0.9154228855721394.
[I 2026-03-24 15:38:21,727] Trial 203 finished with value: 0.9154228855721394 and parameters: {'n_estimators': 628, 'max_depth': 40, 'learning_rate': 0.0034607219276791418, 'reg_alpha': 0.0002450269803521859, 'reg_lambda': 1.8605937093146096e-07, 'min_child_weight': 7}. Best is trial 0 with value: 0.9154228855721394.
[I 2026-03-24 15:38:21,820] Trial 204 finished with value: 0.9154228855721394 and parameters: {'n_estimators': 598, 'max_depth': 48, 'learning_rate': 0.012097332961418098, 'reg_alpha': 0.002975666270952671, 'reg_lambda': 6.149372040645426e-06, 'min_child_weight': 8}. Best is trial 0 with value: 0.9154228855721394.
[I 2026-03-24 15:38:21,946] Trial 205 finished with value: 0.9154228855721394 and parameters: {'n_estimators': 887, 'max_depth': 21, 'learning_rate': 0.06303375970710644, 'reg_alpha': 0.0013742565347118064, 'reg_lambda': 2.878117674741746e-08, 'min_child_weight': 3}. Best is trial 0 with value: 0.9154228855721394.
[I 2026-03-24 15:38:22,015] Trial 206 finished with value: 0.9154228855721394 and parameters: {'n_estimators': 371, 'max_depth': 6, 'learning_rate': 0.014357300701907775, 'reg_alpha': 9.086854312296344e-05, 'reg_lambda': 1.388369583790628e-08, 'min_child_weight': 8}. Best is trial 0 with value: 0.9154228855721394.
[I 2026-03-24 15:38:22,119] Trial 207 finished with value: 0.9154228855721394 and parameters: {'n_estimators': 703, 'max_depth': 49, 'learning_rate': 0.07990624175142379, 'reg_alpha': 0.13377926287907319, 'reg_lambda': 0.003709886185534901, 'min_child_weight': 5}. Best is trial 0 with value: 0.9154228855721394.
[I 2026-03-24 15:38:22,214] Trial 208 finished with value: 0.9154228855721394 and parameters: {'n_estimators': 611, 'max_depth': 43, 'learning_rate': 0.0030582330266490827, 'reg_alpha': 0.0006146902271817823, 'reg_lambda': 0.00022587333720334172, 'min_child_weight': 9}. Best is trial 0 with value: 0.9154228855721394.
[I 2026-03-24 15:38:22,312] Trial 209 finished with value: 0.9154228855721394 and parameters: {'n_estimators': 658, 'max_depth': 32, 'learning_rate': 0.001849434065446427, 'reg_alpha': 5.292121494505254e-08, 'reg_lambda': 1.0643964917216257e-05, 'min_child_weight': 2}. Best is trial 0 with value: 0.9154228855721394.
[I 2026-03-24 15:38:22,441] Trial 210 finished with value: 0.9154228855721394 and parameters: {'n_estimators': 924, 'max_depth': 8, 'learning_rate': 0.006246805525230881, 'reg_alpha': 0.4350688257562857, 'reg_lambda': 2.792527354331413e-07, 'min_child_weight': 6}. Best is trial 0 with value: 0.9154228855721394.
[I 2026-03-24 15:38:22,512] Trial 211 finished with value: 0.9154228855721394 and parameters: {'n_estimators': 391, 'max_depth': 26, 'learning_rate': 0.001431130178491515, 'reg_alpha': 3.5984272203936034e-08, 'reg_lambda': 1.502414130560301e-07, 'min_child_weight': 7}. Best is trial 0 with value: 0.9154228855721394.
[I 2026-03-24 15:38:22,586] Trial 212 finished with value: 0.9154228855721394 and parameters: {'n_estimators': 422, 'max_depth': 27, 'learning_rate': 0.01931853178184433, 'reg_alpha': 0.004364595066692719, 'reg_lambda': 6.851704952409566e-07, 'min_child_weight': 7}. Best is trial 0 with value: 0.9154228855721394.
[I 2026-03-24 15:38:22,663] Trial 213 finished with value: 0.9154228855721394 and parameters: {'n_estimators': 451, 'max_depth': 25, 'learning_rate': 0.0010320201946389142, 'reg_alpha': 0.012903134103119206, 'reg_lambda': 3.3131919683922794e-07, 'min_child_weight': 7}. Best is trial 0 with value: 0.9154228855721394.
[I 2026-03-24 15:38:22,735] Trial 214 finished with value: 0.9154228855721394 and parameters: {'n_estimators': 400, 'max_depth': 24, 'learning_rate': 0.0011776701088153712, 'reg_alpha': 0.00012100422632614379, 'reg_lambda': 5.57717734105215e-07, 'min_child_weight': 7}. Best is trial 0 with value: 0.9154228855721394.
[I 2026-03-24 15:38:22,845] Trial 215 finished with value: 0.9154228855721394 and parameters: {'n_estimators': 765, 'max_depth': 35, 'learning_rate': 0.029718738779470465, 'reg_alpha': 1.9296899938980696e-06, 'reg_lambda': 4.988048755495983e-07, 'min_child_weight': 8}. Best is trial 0 with value: 0.9154228855721394.
[I 2026-03-24 15:38:22,914] Trial 216 finished with value: 0.9154228855721394 and parameters: {'n_estimators': 380, 'max_depth': 30, 'learning_rate': 0.0012410854179737564, 'reg_alpha': 0.0012759552251032315, 'reg_lambda': 1.121636589338326e-06, 'min_child_weight': 4}. Best is trial 0 with value: 0.9154228855721394.
[I 2026-03-24 15:38:23,005] Trial 217 finished with value: 0.9154228855721394 and parameters: {'n_estimators': 585, 'max_depth': 42, 'learning_rate': 0.0010464284079828399, 'reg_alpha': 0.00020252812416579312, 'reg_lambda': 0.00010951553475776126, 'min_child_weight': 1}. Best is trial 0 with value: 0.9154228855721394.
[I 2026-03-24 15:38:23,137] Trial 218 finished with value: 0.9154228855721394 and parameters: {'n_estimators': 963, 'max_depth': 19, 'learning_rate': 0.0011726099960488235, 'reg_alpha': 2.0661206432954216e-07, 'reg_lambda': 1.9148650705799566e-05, 'min_child_weight': 3}. Best is trial 0 with value: 0.9154228855721394.
[I 2026-03-24 15:38:23,202] Trial 219 finished with value: 0.9154228855721394 and parameters: {'n_estimators': 358, 'max_depth': 16, 'learning_rate': 0.0021752986980569044, 'reg_alpha': 0.002161395217184897, 'reg_lambda': 0.02851814218702948, 'min_child_weight': 5}. Best is trial 0 with value: 0.9154228855721394.
[I 2026-03-24 15:38:23,328] Trial 220 finished with value: 0.9154228855721394 and parameters: {'n_estimators': 907, 'max_depth': 26, 'learning_rate': 0.016002092084081987, 'reg_alpha': 3.5241309774493322e-06, 'reg_lambda': 9.896096248044238e-08, 'min_child_weight': 6}. Best is trial 0 with value: 0.9154228855721394.
[I 2026-03-24 15:38:23,383] Trial 221 finished with value: 0.9154228855721394 and parameters: {'n_estimators': 245, 'max_depth': 31, 'learning_rate': 0.0015464258453646742, 'reg_alpha': 0.003239080891053333, 'reg_lambda': 2.749725715860816e-05, 'min_child_weight': 7}. Best is trial 0 with value: 0.9154228855721394.
[I 2026-03-24 15:38:23,434] Trial 222 finished with value: 0.9154228855721394 and parameters: {'n_estimators': 209, 'max_depth': 29, 'learning_rate': 0.0013845361446038127, 'reg_alpha': 8.458360923591673e-07, 'reg_lambda': 5.06231335634391e-05, 'min_child_weight': 7}. Best is trial 0 with value: 0.9154228855721394.
