[I 2026-03-24 15:32:14,500] Trial 521 finished with value: 0.941747572815534 and parameters: {'n_estimators': 294, 'max_depth': 40, 'learning_rate': 0.00596861318356034, 'reg_alpha': 1.8087069332273372e-07, 'reg_lambda': 4.6218948837653464e-05, 'min_child_weight': 9}. Best is trial 0 with value: 0.941747572815534.
[I 2026-03-24 15:32:14,572] Trial 522 finished with value: 0.941747572815534 and parameters: {'n_estimators': 370, 'max_depth': 17, 'learning_rate': 0.0362862977534107, 'reg_alpha': 0.0003003391013935695, 'reg_lambda': 9.667126655467745e-07, 'min_child_weight': 5}. Best is trial 0 with value: 0.941747572815534.
[I 2026-03-24 15:32:14,685] Trial 523 finished with value: 0.941747572815534 and parameters: {'n_estimators': 716, 'max_depth': 49, 'learning_rate': 0.01729997731660395, 'reg_alpha': 7.273374684233596e-08, 'reg_lambda': 2.523100428598426e-07, 'min_child_weight': 9}. Best is trial 0 with value: 0.941747572815534.
[I 2026-03-24 15:32:14,827] Trial 524 finished with value: 0.941747572815534 and parameters: {'n_estimators': 953, 'max_depth': 35, 'learning_rate': 0.046360912303190414, 'reg_alpha': 2.781865629714356e-07, 'reg_lambda': 1.021759887061174e-07, 'min_child_weight': 8}. Best is trial 0 with value: 0.941747572815534.
[I 2026-03-24 15:32:14,887] Trial 525 finished with value: 0.941747572815534 and parameters: {'n_estimators': 268, 'max_depth': 6, 'learning_rate': 0.004662254317212001, 'reg_alpha': 2.5577655061467674e-05, 'reg_lambda': 2.183054316590623e-08, 'min_child_weight': 7}. Best is trial 0 with value: 0.941747572815534.
[I 2026-03-24 15:32:14,987] Trial 526 finished with value: 0.941747572815534 and parameters: {'n_estimators': 326, 'max_depth': 12, 'learning_rate': 0.003472663635396181, 'reg_alpha': 3.798841973420101e-08, 'reg_lambda': 3.782351520803551e-06, 'min_child_weight': 1}. Best is trial 0 with value: 0.941747572815534.
[I 2026-03-24 15:32:15,101] Trial 527 finished with value: 0.941747572815534 and parameters: {'n_estimators': 574, 'max_depth': 39, 'learning_rate': 0.004052776169651632, 'reg_alpha': 5.387114588657154e-05, 'reg_lambda': 5.641407150953972e-08, 'min_child_weight': 2}. Best is trial 0 with value: 0.941747572815534.
[I 2026-03-24 15:32:15,246] Trial 528 finished with value: 0.941747572815534 and parameters: {'n_estimators': 985, 'max_depth': 42, 'learning_rate': 0.0011378543665154952, 'reg_alpha': 1.1919766974271071e-05, 'reg_lambda': 7.3337357562178495e-06, 'min_child_weight': 4}. Best is trial 0 with value: 0.941747572815534.
[I 2026-03-24 15:32:15,368] Trial 529 finished with value: 0.941747572815534 and parameters: {'n_estimators': 792, 'max_depth': 36, 'learning_rate': 0.031166828253570367, 'reg_alpha': 7.626912462788788e-06, 'reg_lambda': 2.2185809329396205e-06, 'min_child_weight': 9}. Best is trial 0 with value: 0.941747572815534.
[I 2026-03-24 15:32:15,443] Trial 530 finished with value: 0.941747572815534 and parameters: {'n_estimators': 400, 'max_depth': 22, 'learning_rate': 0.0010019114405134392, 'reg_alpha': 0.9716499440514593, 'reg_lambda': 1.737750662421383e-05, 'min_child_weight': 5}. Best is trial 0 with value: 0.941747572815534.
[I 2026-03-24 15:32:15,576] Trial 531 finished with value: 0.941747572815534 and parameters: {'n_estimators': 880, 'max_depth': 48, 'learning_rate': 0.007093010371313569, 'reg_alpha': 2.3897499819110396e-08, 'reg_lambda': 0.009935886951657334, 'min_child_weight': 8}. Best is trial 0 with value: 0.941747572815534.
[I 2026-03-24 15:32:15,674] Trial 532 finished with value: 0.941747572815534 and parameters: {'n_estimators': 588, 'max_depth': 27, 'learning_rate': 0.009295320045122969, 'reg_alpha': 2.087456732231822e-06, 'reg_lambda': 0.00036086220352871985, 'min_child_weight': 6}. Best is trial 0 with value: 0.941747572815534.
[I 2026-03-24 15:32:15,756] Trial 533 finished with value: 0.941747572815534 and parameters: {'n_estimators': 450, 'max_depth': 8, 'learning_rate': 0.011823007481866675, 'reg_alpha': 1.1528253119244715e-06, 'reg_lambda': 1.0161403780559675e-08, 'min_child_weight': 10}. Best is trial 0 with value: 0.941747572815534.
[I 2026-03-24 15:32:15,834] Trial 534 finished with value: 0.941747572815534 and parameters: {'n_estimators': 426, 'max_depth': 15, 'learning_rate': 0.019092844721802452, 'reg_alpha': 4.84519416372011e-07, 'reg_lambda': 0.013511629291075923, 'min_child_weight': 7}. Best is trial 0 with value: 0.941747572815534.
[I 2026-03-24 15:32:15,949] Trial 535 finished with value: 0.941747572815534 and parameters: {'n_estimators': 730, 'max_depth': 37, 'learning_rate': 0.02822435424111249, 'reg_alpha': 4.570995406277798e-06, 'reg_lambda': 1.2294859907135239e-06, 'min_child_weight': 4}. Best is trial 0 with value: 0.941747572815534.
[I 2026-03-24 15:32:16,002] Trial 536 finished with value: 0.941747572815534 and parameters: {'n_estimators': 213, 'max_depth': 25, 'learning_rate': 0.0926534877100441, 'reg_alpha': 0.0007060087848669817, 'reg_lambda': 0.00021124646356622634, 'min_child_weight': 9}. Best is trial 0 with value: 0.941747572815534.
[I 2026-03-24 15:32:16,076] Trial 537 finished with value: 0.941747572815534 and parameters: {'n_estimators': 387, 'max_depth': 34, 'learning_rate': 0.0029106855897503645, 'reg_alpha': 1.556555149900482e-07, 'reg_lambda': 4.910452963249484e-07, 'min_child_weight': 3}. Best is trial 0 with value: 0.941747572815534.
[I 2026-03-24 15:32:16,207] Trial 538 finished with value: 0.941747572815534 and parameters: {'n_estimators': 865, 'max_depth': 10, 'learning_rate': 0.001608450938237282, 'reg_alpha': 8.366543417070669e-07, 'reg_lambda': 1.4314898822149034e-07, 'min_child_weight': 6}. Best is trial 0 with value: 0.941747572815534.
[I 2026-03-24 15:32:16,262] Trial 539 finished with value: 0.941747572815534 and parameters: {'n_estimators': 232, 'max_depth': 28, 'learning_rate': 0.015866166316718687, 'reg_alpha': 0.10968075972116191, 'reg_lambda': 0.002137930677904962, 'min_child_weight': 8}. Best is trial 0 with value: 0.941747572815534.
[I 2026-03-24 15:32:16,408] Trial 540 finished with value: 0.941747572815534 and parameters: {'n_estimators': 969, 'max_depth': 50, 'learning_rate': 0.08631600727250176, 'reg_alpha': 8.641382939880578e-08, 'reg_lambda': 1.9126974042887328e-08, 'min_child_weight': 2}. Best is trial 0 with value: 0.941747572815534.
[I 2026-03-24 15:32:16,515] Trial 541 finished with value: 0.941747572815534 and parameters: {'n_estimators': 665, 'max_depth': 45, 'learning_rate': 0.07516517080727879, 'reg_alpha': 3.6263386724460534e-07, 'reg_lambda': 0.004107672233632382, 'min_child_weight': 5}. Best is trial 0 with value: 0.941747572815534.
[I 2026-03-24 15:32:16,617] Trial 542 finished with value: 0.941747572815534 and parameters: {'n_estimators': 618, 'max_depth': 47, 'learning_rate': 0.0031149137992428195, 'reg_alpha': 0.04066540091923277, 'reg_lambda': 0.0004973508380530726, 'min_child_weight': 10}. Best is trial 0 with value: 0.941747572815534.
[I 2026-03-24 15:32:16,721] Trial 543 finished with value: 0.941747572815534 and parameters: {'n_estimators': 641, 'max_depth': 23, 'learning_rate': 0.004456737555456115, 'reg_alpha': 0.002663447405231826, 'reg_lambda': 1.1557465098786983e-05, 'min_child_weight': 4}. Best is trial 0 with value: 0.941747572815534.
[I 2026-03-24 15:32:16,810] Trial 544 finished with value: 0.941747572815534 and parameters: {'n_estimators': 507, 'max_depth': 14, 'learning_rate': 0.0013819559446280956, 'reg_alpha': 0.00017879522435473204, 'reg_lambda': 0.0007053479057988011, 'min_child_weight': 9}. Best is trial 0 with value: 0.941747572815534.
[I 2026-03-24 15:32:16,929] Trial 545 finished with value: 0.941747572815534 and parameters: {'n_estimators': 771, 'max_depth': 44, 'learning_rate': 0.002393078822739296, 'reg_alpha': 7.56244038380357e-05, 'reg_lambda': 8.490003341995145e-05, 'min_child_weight': 8}. Best is trial 0 with value: 0.941747572815534.
[I 2026-03-24 15:32:17,021] Trial 546 finished with value: 0.941747572815534 and parameters: {'n_estimators': 533, 'max_depth': 19, 'learning_rate': 0.008166095551401872, 'reg_alpha': 4.671054667062854e-08, 'reg_lambda': 2.992929716716003e-08, 'min_child_weight': 9}. Best is trial 0 with value: 0.941747572815534.
[I 2026-03-24 15:32:17,115] Trial 547 finished with value: 0.941747572815534 and parameters: {'n_estimators': 547, 'max_depth': 38, 'learning_rate': 0.005437555267200149, 'reg_alpha': 3.808709284802535e-05, 'reg_lambda': 3.003832908605608e-06, 'min_child_weight': 7}. Best is trial 0 with value: 0.941747572815534.
[I 2026-03-24 15:32:17,176] Trial 548 finished with value: 0.941747572815534 and parameters: {'n_estimators': 282, 'max_depth': 18, 'learning_rate': 0.010270301587922564, 'reg_alpha': 1.6682171661253388e-06, 'reg_lambda': 0.0014644316546709474, 'min_child_weight': 3}. Best is trial 0 with value: 0.941747572815534.
[I 2026-03-24 15:32:17,316] Trial 549 finished with value: 0.941747572815534 and parameters: {'n_estimators': 942, 'max_depth': 31, 'learning_rate': 0.04279982678686319, 'reg_alpha': 3.190501072284383e-06, 'reg_lambda': 6.54583092895702e-07, 'min_child_weight': 4}. Best is trial 0 with value: 0.941747572815534.
[I 2026-03-24 15:32:17,381] Trial 550 finished with value: 0.941747572815534 and parameters: {'n_estimators': 307, 'max_depth': 26, 'learning_rate': 0.022647575994606168, 'reg_alpha': 0.009879065770669713, 'reg_lambda': 1.4633281694449289e-08, 'min_child_weight': 6}. Best is trial 0 with value: 0.941747572815534.
[I 2026-03-24 15:32:17,510] Trial 551 finished with value: 0.941747572815534 and parameters: {'n_estimators': 485, 'max_depth': 16, 'learning_rate': 0.0016894178501844176, 'reg_alpha': 1.3861895387042537e-08, 'reg_lambda': 1.6721751885733207e-06, 'min_child_weight': 1}. Best is trial 0 with value: 0.941747572815534.
[I 2026-03-24 15:32:17,582] Trial 552 finished with value: 0.941747572815534 and parameters: {'n_estimators': 362, 'max_depth': 48, 'learning_rate': 0.032619209152661484, 'reg_alpha': 1.0761614613944285e-07, 'reg_lambda': 6.056791455065397e-06, 'min_child_weight': 5}. Best is trial 0 with value: 0.941747572815534.
[I 2026-03-24 15:32:17,649] Trial 553 finished with value: 0.941747572815534 and parameters: {'n_estimators': 325, 'max_depth': 33, 'learning_rate': 0.05492597468780773, 'reg_alpha': 1.9785853325207572e-08, 'reg_lambda': 8.69759122366267e-07, 'min_child_weight': 7}. Best is trial 0 with value: 0.941747572815534.
[I 2026-03-24 15:32:17,747] Trial 554 finished with value: 0.941747572815534 and parameters: {'n_estimators': 567, 'max_depth': 21, 'learning_rate': 0.002001058853070682, 'reg_alpha': 7.584714770558942e-06, 'reg_lambda': 4.241605399276499e-08, 'min_child_weight': 9}. Best is trial 0 with value: 0.941747572815534.
[I 2026-03-24 15:32:17,804] Trial 555 finished with value: 0.941747572815534 and parameters: {'n_estimators': 245, 'max_depth': 39, 'learning_rate': 0.0037398947984992217, 'reg_alpha': 0.021586146204882792, 'reg_lambda': 2.8834990117369525e-07, 'min_child_weight': 10}. Best is trial 0 with value: 0.941747572815534.
[I 2026-03-24 15:32:17,882] Trial 556 finished with value: 0.941747572815534 and parameters: {'n_estimators': 407, 'max_depth': 50, 'learning_rate': 0.012929793006034883, 'reg_alpha': 7.119431644162238e-07, 'reg_lambda': 0.027102864829830986, 'min_child_weight': 8}. Best is trial 0 with value: 0.941747572815534.
[I 2026-03-24 15:32:17,998] Trial 557 finished with value: 0.941747572815534 and parameters: {'n_estimators': 680, 'max_depth': 34, 'learning_rate': 0.0012708821949694957, 'reg_alpha': 2.499885091543528e-07, 'reg_lambda': 7.665497625183299e-08, 'min_child_weight': 4}. Best is trial 0 with value: 0.941747572815534.
[I 2026-03-24 15:32:18,152] Trial 558 finished with value: 0.941747572815534 and parameters: {'n_estimators': 1000, 'max_depth': 24, 'learning_rate': 0.08117279025140982, 'reg_alpha': 6.060197086554022e-08, 'reg_lambda': 0.0002838413547946726, 'min_child_weight': 2}. Best is trial 0 with value: 0.941747572815534.
[I 2026-03-24 15:32:18,289] Trial 559 finished with value: 0.941747572815534 and parameters: {'n_estimators': 813, 'max_depth': 43, 'learning_rate': 0.0027309931213065687, 'reg_alpha': 1.9644210924158338e-05, 'reg_lambda': 2.876173035464039e-05, 'min_child_weight': 9}. Best is trial 0 with value: 0.941747572815534.
[I 2026-03-24 15:32:18,429] Trial 560 finished with value: 0.941747572815534 and parameters: {'n_estimators': 926, 'max_depth': 8, 'learning_rate': 0.025489881961206017, 'reg_alpha': 5.28972996102393e-07, 'reg_lambda': 1.6818588519869984e-05, 'min_child_weight': 4}. Best is trial 0 with value: 0.941747572815534.
[I 2026-03-24 15:32:18,558] Trial 561 finished with value: 0.941747572815534 and parameters: {'n_estimators': 843, 'max_depth': 29, 'learning_rate': 0.0039824332884780805, 'reg_alpha': 0.0005039554333725279, 'reg_lambda': 4.261564294613269e-06, 'min_child_weight': 5}. Best is trial 0 with value: 0.941747572815534.
[I 2026-03-24 15:32:18,611] Trial 562 finished with value: 0.941747572815534 and parameters: {'n_estimators': 202, 'max_depth': 36, 'learning_rate': 0.060634129145502515, 'reg_alpha': 0.32812017592507353, 'reg_lambda': 7.950569075185587e-06, 'min_child_weight': 6}. Best is trial 0 with value: 0.941747572815534.
[I 2026-03-24 15:32:18,712] Trial 563 finished with value: 0.941747572815534 and parameters: {'n_estimators': 605, 'max_depth': 11, 'learning_rate': 0.004973508094438934, 'reg_alpha': 0.00013430873156027333, 'reg_lambda': 0.8062531747216237, 'min_child_weight': 7}. Best is trial 0 with value: 0.941747572815534.
[I 2026-03-24 15:32:18,829] Trial 564 finished with value: 0.941747572815534 and parameters: {'n_estimators': 743, 'max_depth': 20, 'learning_rate': 0.03640686425953759, 'reg_alpha': 5.608494209143003e-06, 'reg_lambda': 0.00012235563593241018, 'min_child_weight': 10}. Best is trial 0 with value: 0.941747572815534.
[I 2026-03-24 15:32:18,973] Trial 565 finished with value: 0.941747572815534 and parameters: {'n_estimators': 958, 'max_depth': 49, 'learning_rate': 0.0011168820761491183, 'reg_alpha': 2.2571615527495895e-06, 'reg_lambda': 4.4130821341907104e-05, 'min_child_weight': 9}. Best is trial 0 with value: 0.941747572815534.
[I 2026-03-24 15:32:19,056] Trial 566 finished with value: 0.941747572815534 and parameters: {'n_estimators': 459, 'max_depth': 7, 'learning_rate': 0.09962584653022624, 'reg_alpha': 9.629355853724393e-07, 'reg_lambda': 0.06930182663151674, 'min_child_weight': 8}. Best is trial 0 with value: 0.941747572815534.
[I 2026-03-24 15:32:19,307] Trial 567 finished with value: 0.9306930693069307 and parameters: {'n_estimators': 977, 'max_depth': 13, 'learning_rate': 0.0018191873280469248, 'reg_alpha': 3.8018439171492922e-06, 'reg_lambda': 0.0031534036970742143, 'min_child_weight': 1}. Best is trial 0 with value: 0.941747572815534.
[I 2026-03-24 15:32:19,381] Trial 568 finished with value: 0.941747572815534 and parameters: {'n_estimators': 386, 'max_depth': 22, 'learning_rate': 0.0032086621882413194, 'reg_alpha': 3.456163665351661e-08, 'reg_lambda': 4.029660797768712e-07, 'min_child_weight': 3}. Best is trial 0 with value: 0.941747572815534.
[I 2026-03-24 15:32:19,494] Trial 569 finished with value: 0.941747572815534 and parameters: {'n_estimators': 705, 'max_depth': 30, 'learning_rate': 0.0015038907239658752, 'reg_alpha': 0.00409336043890793, 'reg_lambda': 0.35328946498770664, 'min_child_weight': 5}. Best is trial 0 with value: 0.941747572815534.
[I 2026-03-24 15:32:19,573] Trial 570 finished with value: 0.941747572815534 and parameters: {'n_estimators': 421, 'max_depth': 35, 'learning_rate': 0.006453401896299913, 'reg_alpha': 3.4635272777632186e-07, 'reg_lambda': 0.0004692883737624821, 'min_child_weight': 7}. Best is trial 0 with value: 0.941747572815534.
[I 2026-03-24 15:32:19,692] Trial 571 finished with value: 0.941747572815534 and parameters: {'n_estimators': 760, 'max_depth': 42, 'learning_rate': 0.01410867927289868, 'reg_alpha': 1.6541843150946812e-07, 'reg_lambda': 0.20823129960484416, 'min_child_weight': 9}. Best is trial 0 with value: 0.941747572815534.
[I 2026-03-24 15:32:19,797] Trial 572 finished with value: 0.941747572815534 and parameters: {'n_estimators': 645, 'max_depth': 46, 'learning_rate': 0.038987164368725596, 'reg_alpha': 1.2075291812534832e-06, 'reg_lambda': 5.8638391774860095e-05, 'min_child_weight': 4}. Best is trial 0 with value: 0.941747572815534.
[I 2026-03-24 15:32:19,867] Trial 573 finished with value: 0.941747572815534 and parameters: {'n_estimators': 339, 'max_depth': 40, 'learning_rate': 0.0021620563282324736, 'reg_alpha': 0.00010236298071953201, 'reg_lambda': 0.0009734970756153687, 'min_child_weight': 8}. Best is trial 0 with value: 0.941747572815534.
[I 2026-03-24 15:32:19,968] Trial 574 finished with value: 0.941747572815534 and parameters: {'n_estimators': 587, 'max_depth': 17, 'learning_rate': 0.04687236138445162, 'reg_alpha': 0.0015975287587576758, 'reg_lambda': 0.018471257875142106, 'min_child_weight': 2}. Best is trial 0 with value: 0.941747572815534.
[I 2026-03-24 15:32:20,072] Trial 575 finished with value: 0.941747572815534 and parameters: {'n_estimators': 627, 'max_depth': 27, 'learning_rate': 0.003527382728176789, 'reg_alpha': 0.00024915299238656137, 'reg_lambda': 2.3395322920250227e-06, 'min_child_weight': 10}. Best is trial 0 with value: 0.941747572815534.
[I 2026-03-24 15:32:20,127] Trial 576 finished with value: 0.941747572815534 and parameters: {'n_estimators': 224, 'max_depth': 41, 'learning_rate': 0.009438063812110096, 'reg_alpha': 1.162263002321233e-05, 'reg_lambda': 2.0169362238513873e-08, 'min_child_weight': 4}. Best is trial 0 with value: 0.941747572815534.
[I 2026-03-24 15:32:20,187] Trial 577 finished with value: 0.941747572815534 and parameters: {'n_estimators': 257, 'max_depth': 32, 'learning_rate': 0.011099250624392196, 'reg_alpha': 0.14144161460717064, 'reg_lambda': 1.1802250898138612e-06, 'min_child_weight': 9}. Best is trial 0 with value: 0.941747572815534.
[I 2026-03-24 15:32:20,324] Trial 578 finished with value: 0.941747572815534 and parameters: {'n_estimators': 907, 'max_depth': 24, 'learning_rate': 0.06757112963415778, 'reg_alpha': 1.9613600671054063e-07, 'reg_lambda': 1.3705772923759459e-08, 'min_child_weight': 9}. Best is trial 0 with value: 0.941747572815534.
[I 2026-03-24 15:32:20,446] Trial 579 finished with value: 0.941747572815534 and parameters: {'n_estimators': 785, 'max_depth': 49, 'learning_rate': 0.004371984594783873, 'reg_alpha': 5.501520431698812e-07, 'reg_lambda': 1.0672290823169084e-05, 'min_child_weight': 6}. Best is trial 0 with value: 0.941747572815534.
[I 2026-03-24 15:32:20,527] Trial 580 finished with value: 0.941747572815534 and parameters: {'n_estimators': 441, 'max_depth': 15, 'learning_rate': 0.08578770368253177, 'reg_alpha': 7.329401510330065e-08, 'reg_lambda': 1.5725149994946172e-07, 'min_child_weight': 3}. Best is trial 0 with value: 0.941747572815534.
[I 2026-03-24 15:32:20,600] Trial 581 finished with value: 0.941747572815534 and parameters: {'n_estimators': 356, 'max_depth': 47, 'learning_rate': 0.020173605645358778, 'reg_alpha': 1.0676631747909703e-07, 'reg_lambda': 5.841050514139401e-07, 'min_child_weight': 7}. Best is trial 0 with value: 0.941747572815534.
[I 2026-03-24 15:32:20,695] Trial 582 finished with value: 0.941747572815534 and parameters: {'n_estimators': 555, 'max_depth': 37, 'learning_rate': 0.017793550733979507, 'reg_alpha': 2.845096328304979e-06, 'reg_lambda': 4.672073604910516e-06, 'min_child_weight': 8}. Best is trial 0 with value: 0.941747572815534.
[I 2026-03-24 15:32:20,821] Trial 583 finished with value: 0.941747572815534 and parameters: {'n_estimators': 829, 'max_depth': 9, 'learning_rate': 0.007622742855869206, 'reg_alpha': 2.830310556050224e-05, 'reg_lambda': 0.00020526820047541154, 'min_child_weight': 5}. Best is trial 0 with value: 0.941747572815534.
[I 2026-03-24 15:32:21,053] Trial 584 finished with value: 0.9306930693069307 and parameters: {'n_estimators': 983, 'max_depth': 25, 'learning_rate': 0.028185322203050995, 'reg_alpha': 0.5699394624028147, 'reg_lambda': 1.5912674049977869e-06, 'min_child_weight': 1}. Best is trial 0 with value: 0.941747572815534.
[I 2026-03-24 15:32:21,199] Trial 585 finished with value: 0.941747572815534 and parameters: {'n_estimators': 960, 'max_depth': 20, 'learning_rate': 0.00259094535187361, 'reg_alpha': 1.6746353311587788e-06, 'reg_lambda': 0.0003615276626312946, 'min_child_weight': 6}. Best is trial 0 with value: 0.941747572815534.
[I 2026-03-24 15:32:21,274] Trial 586 finished with value: 0.941747572815534 and parameters: {'n_estimators': 374, 'max_depth': 30, 'learning_rate': 0.07512896967515352, 'reg_alpha': 6.372640210125132e-05, 'reg_lambda': 9.400342675456392e-07, 'min_child_weight': 7}. Best is trial 0 with value: 0.941747572815534.
[I 2026-03-24 15:32:21,365] Trial 587 finished with value: 0.941747572815534 and parameters: {'n_estimators': 504, 'max_depth': 35, 'learning_rate': 0.0016479000075437188, 'reg_alpha': 4.195204790601605e-08, 'reg_lambda': 2.9313902219310785e-08, 'min_child_weight': 10}. Best is trial 0 with value: 0.941747572815534.
[I 2026-03-24 15:32:21,458] Trial 588 finished with value: 0.941747572815534 and parameters: {'n_estimators': 523, 'max_depth': 21, 'learning_rate': 0.001192426113178547, 'reg_alpha': 3.6703353086472833e-07, 'reg_lambda': 0.04673343944566832, 'min_child_weight': 3}. Best is trial 0 with value: 0.941747572815534.
[I 2026-03-24 15:32:21,594] Trial 589 finished with value: 0.941747572815534 and parameters: {'n_estimators': 893, 'max_depth': 7, 'learning_rate': 0.003316283133009256, 'reg_alpha': 0.0003692184833769863, 'reg_lambda': 0.004983253651530239, 'min_child_weight': 9}. Best is trial 0 with value: 0.941747572815534.
