[I 2026-03-24 15:30:40,482] Trial 348 finished with value: 0.941747572815534 and parameters: {'n_estimators': 798, 'max_depth': 29, 'learning_rate': 0.010056645861301934, 'reg_alpha': 0.0004894055771532851, 'reg_lambda': 0.002056358114208531, 'min_child_weight': 1}. Best is trial 0 with value: 0.941747572815534.
[I 2026-03-24 15:30:40,550] Trial 349 finished with value: 0.941747572815534 and parameters: {'n_estimators': 408, 'max_depth': 36, 'learning_rate': 0.039967613278480536, 'reg_alpha': 1.258930236249978e-07, 'reg_lambda': 0.0005064196975774086, 'min_child_weight': 6}. Best is trial 0 with value: 0.941747572815534.
[I 2026-03-24 15:30:40,657] Trial 350 finished with value: 0.941747572815534 and parameters: {'n_estimators': 779, 'max_depth': 41, 'learning_rate': 0.09130378406158585, 'reg_alpha': 7.409843724434802e-08, 'reg_lambda': 0.043263885356001994, 'min_child_weight': 5}. Best is trial 0 with value: 0.941747572815534.
[I 2026-03-24 15:30:40,734] Trial 351 finished with value: 0.941747572815534 and parameters: {'n_estimators': 486, 'max_depth': 49, 'learning_rate': 0.006334663788233801, 'reg_alpha': 0.0012338328647765347, 'reg_lambda': 3.894526155485197e-06, 'min_child_weight': 7}. Best is trial 0 with value: 0.941747572815534.
[I 2026-03-24 15:30:40,800] Trial 352 finished with value: 0.941747572815534 and parameters: {'n_estimators': 387, 'max_depth': 42, 'learning_rate': 0.01811791784828843, 'reg_alpha': 2.1966587146662377e-08, 'reg_lambda': 0.008467792869822157, 'min_child_weight': 10}. Best is trial 0 with value: 0.941747572815534.
[I 2026-03-24 15:30:40,889] Trial 353 finished with value: 0.941747572815534 and parameters: {'n_estimators': 612, 'max_depth': 47, 'learning_rate': 0.0018967402590347128, 'reg_alpha': 0.05798874414591156, 'reg_lambda': 0.31139918531672944, 'min_child_weight': 4}. Best is trial 0 with value: 0.941747572815534.
[I 2026-03-24 15:30:40,986] Trial 354 finished with value: 0.941747572815534 and parameters: {'n_estimators': 685, 'max_depth': 16, 'learning_rate': 0.07163476740572178, 'reg_alpha': 1.2170740299024025e-06, 'reg_lambda': 1.4142905855109637e-06, 'min_child_weight': 8}. Best is trial 0 with value: 0.941747572815534.
[I 2026-03-24 15:30:41,100] Trial 355 finished with value: 0.941747572815534 and parameters: {'n_estimators': 831, 'max_depth': 44, 'learning_rate': 0.0038642683553304275, 'reg_alpha': 3.5741485737155698e-06, 'reg_lambda': 0.00015080990526742958, 'min_child_weight': 2}. Best is trial 0 with value: 0.941747572815534.
[I 2026-03-24 15:30:41,183] Trial 356 finished with value: 0.941747572815534 and parameters: {'n_estimators': 528, 'max_depth': 40, 'learning_rate': 0.05398850227169787, 'reg_alpha': 7.842814641454406e-06, 'reg_lambda': 2.0254268400706987e-05, 'min_child_weight': 7}. Best is trial 0 with value: 0.941747572815534.
[I 2026-03-24 15:30:41,287] Trial 357 finished with value: 0.941747572815534 and parameters: {'n_estimators': 711, 'max_depth': 49, 'learning_rate': 0.003071645533646191, 'reg_alpha': 8.420987076141823e-05, 'reg_lambda': 0.10553746166834889, 'min_child_weight': 6}. Best is trial 0 with value: 0.941747572815534.
[I 2026-03-24 15:30:41,334] Trial 358 finished with value: 0.941747572815534 and parameters: {'n_estimators': 201, 'max_depth': 31, 'learning_rate': 0.0010117639646562608, 'reg_alpha': 0.0019054320372018801, 'reg_lambda': 2.301840819976595e-07, 'min_child_weight': 9}. Best is trial 0 with value: 0.941747572815534.
[I 2026-03-24 15:30:41,420] Trial 359 finished with value: 0.941747572815534 and parameters: {'n_estimators': 542, 'max_depth': 37, 'learning_rate': 0.00267621744698478, 'reg_alpha': 3.7331393671784704e-08, 'reg_lambda': 0.1986292039629682, 'min_child_weight': 4}. Best is trial 0 with value: 0.941747572815534.
[I 2026-03-24 15:30:41,553] Trial 360 finished with value: 0.941747572815534 and parameters: {'n_estimators': 993, 'max_depth': 45, 'learning_rate': 0.025292488884253592, 'reg_alpha': 1.504073953339709e-05, 'reg_lambda': 0.0002780146089387371, 'min_child_weight': 3}. Best is trial 0 with value: 0.941747572815534.
[I 2026-03-24 15:30:41,661] Trial 361 finished with value: 0.941747572815534 and parameters: {'n_estimators': 766, 'max_depth': 27, 'learning_rate': 0.001296643482014473, 'reg_alpha': 1.755334873322119e-07, 'reg_lambda': 0.05669971155024333, 'min_child_weight': 6}. Best is trial 0 with value: 0.941747572815534.
[I 2026-03-24 15:30:41,781] Trial 362 finished with value: 0.941747572815534 and parameters: {'n_estimators': 895, 'max_depth': 12, 'learning_rate': 0.007302692883720925, 'reg_alpha': 0.004125073250207199, 'reg_lambda': 7.162031967690254e-05, 'min_child_weight': 5}. Best is trial 0 with value: 0.941747572815534.
[I 2026-03-24 15:30:41,841] Trial 363 finished with value: 0.941747572815534 and parameters: {'n_estimators': 339, 'max_depth': 19, 'learning_rate': 0.005336344199322004, 'reg_alpha': 0.007847449749652822, 'reg_lambda': 0.005343611335816167, 'min_child_weight': 7}. Best is trial 0 with value: 0.941747572815534.
[I 2026-03-24 15:30:41,939] Trial 364 finished with value: 0.941747572815534 and parameters: {'n_estimators': 668, 'max_depth': 38, 'learning_rate': 0.016857582643220476, 'reg_alpha': 0.029787164566896278, 'reg_lambda': 8.864562418801823e-06, 'min_child_weight': 8}. Best is trial 0 with value: 0.941747572815534.
[I 2026-03-24 15:30:42,055] Trial 365 finished with value: 0.941747572815534 and parameters: {'n_estimators': 857, 'max_depth': 9, 'learning_rate': 0.010986905398069543, 'reg_alpha': 0.00017786981392066374, 'reg_lambda': 0.4726426960213718, 'min_child_weight': 10}. Best is trial 0 with value: 0.941747572815534.
[I 2026-03-24 15:30:42,176] Trial 366 finished with value: 0.941747572815534 and parameters: {'n_estimators': 918, 'max_depth': 20, 'learning_rate': 0.002156488839371739, 'reg_alpha': 0.0003188137894875294, 'reg_lambda': 0.011677448012410907, 'min_child_weight': 7}. Best is trial 0 with value: 0.941747572815534.
[I 2026-03-24 15:30:42,256] Trial 367 finished with value: 0.941747572815534 and parameters: {'n_estimators': 508, 'max_depth': 39, 'learning_rate': 0.06034375668726349, 'reg_alpha': 5.973993270541681e-07, 'reg_lambda': 0.0006175740689211488, 'min_child_weight': 7}. Best is trial 0 with value: 0.941747572815534.
[I 2026-03-24 15:30:42,322] Trial 368 finished with value: 0.941747572815534 and parameters: {'n_estimators': 373, 'max_depth': 33, 'learning_rate': 0.028472964229975188, 'reg_alpha': 4.681103068176072e-05, 'reg_lambda': 0.027975111103836024, 'min_child_weight': 6}. Best is trial 0 with value: 0.941747572815534.
[I 2026-03-24 15:30:42,383] Trial 369 finished with value: 0.941747572815534 and parameters: {'n_estimators': 353, 'max_depth': 47, 'learning_rate': 0.008223770617015251, 'reg_alpha': 5.57240575625885e-06, 'reg_lambda': 3.6848939077583347e-07, 'min_child_weight': 3}. Best is trial 0 with value: 0.941747572815534.
[I 2026-03-24 15:30:42,486] Trial 370 finished with value: 0.941747572815534 and parameters: {'n_estimators': 737, 'max_depth': 43, 'learning_rate': 0.04616461820691167, 'reg_alpha': 2.794202325386795e-07, 'reg_lambda': 3.61469531793476e-05, 'min_child_weight': 5}. Best is trial 0 with value: 0.941747572815534.
[I 2026-03-24 15:30:42,597] Trial 371 finished with value: 0.941747572815534 and parameters: {'n_estimators': 814, 'max_depth': 35, 'learning_rate': 0.021919156493769895, 'reg_alpha': 0.01308755157263845, 'reg_lambda': 0.10066188521821987, 'min_child_weight': 9}. Best is trial 0 with value: 0.941747572815534.
[I 2026-03-24 15:30:42,656] Trial 372 finished with value: 0.941747572815534 and parameters: {'n_estimators': 319, 'max_depth': 22, 'learning_rate': 0.07846498421444303, 'reg_alpha': 0.04425308859776548, 'reg_lambda': 0.003692899567877715, 'min_child_weight': 4}. Best is trial 0 with value: 0.941747572815534.
[I 2026-03-24 15:30:42,727] Trial 373 finished with value: 0.941747572815534 and parameters: {'n_estimators': 431, 'max_depth': 8, 'learning_rate': 0.09979338196626726, 'reg_alpha': 0.30207329956323875, 'reg_lambda': 2.355762135767903e-06, 'min_child_weight': 7}. Best is trial 0 with value: 0.941747572815534.
[I 2026-03-24 15:30:42,799] Trial 374 finished with value: 0.941747572815534 and parameters: {'n_estimators': 451, 'max_depth': 30, 'learning_rate': 0.012393617622827188, 'reg_alpha': 9.734770989020875e-06, 'reg_lambda': 1.3043025499457315e-07, 'min_child_weight': 8}. Best is trial 0 with value: 0.941747572815534.
[I 2026-03-24 15:30:42,922] Trial 375 finished with value: 0.941747572815534 and parameters: {'n_estimators': 970, 'max_depth': 48, 'learning_rate': 0.0337328226230099, 'reg_alpha': 2.4348178577337773e-06, 'reg_lambda': 1.146351209065773e-08, 'min_child_weight': 6}. Best is trial 0 with value: 0.941747572815534.
[I 2026-03-24 15:30:43,007] Trial 376 finished with value: 0.941747572815534 and parameters: {'n_estimators': 594, 'max_depth': 41, 'learning_rate': 0.08858652970131901, 'reg_alpha': 0.0006323411971117437, 'reg_lambda': 0.0170703481709596, 'min_child_weight': 10}. Best is trial 0 with value: 0.941747572815534.
[I 2026-03-24 15:30:43,080] Trial 377 finished with value: 0.941747572815534 and parameters: {'n_estimators': 472, 'max_depth': 36, 'learning_rate': 0.004365191405851227, 'reg_alpha': 1.1010750814736482e-07, 'reg_lambda': 0.0009112860159533931, 'min_child_weight': 6}. Best is trial 0 with value: 0.941747572815534.
[I 2026-03-24 15:30:43,171] Trial 378 finished with value: 0.941747572815534 and parameters: {'n_estimators': 644, 'max_depth': 46, 'learning_rate': 0.0011636821897888072, 'reg_alpha': 4.3299060636809833e-07, 'reg_lambda': 0.7430359999101167, 'min_child_weight': 9}. Best is trial 0 with value: 0.941747572815534.
[I 2026-03-24 15:30:43,238] Trial 379 finished with value: 0.941747572815534 and parameters: {'n_estimators': 400, 'max_depth': 17, 'learning_rate': 0.001643434137215772, 'reg_alpha': 2.654267621201226e-05, 'reg_lambda': 0.26446681125914057, 'min_child_weight': 7}. Best is trial 0 with value: 0.941747572815534.
[I 2026-03-24 15:30:43,352] Trial 380 finished with value: 0.941747572815534 and parameters: {'n_estimators': 874, 'max_depth': 40, 'learning_rate': 0.004759225382334394, 'reg_alpha': 0.14241623530832354, 'reg_lambda': 0.056197314387709835, 'min_child_weight': 8}. Best is trial 0 with value: 0.941747572815534.
[I 2026-03-24 15:30:43,462] Trial 381 finished with value: 0.941747572815534 and parameters: {'n_estimators': 798, 'max_depth': 6, 'learning_rate': 0.0034021836151709593, 'reg_alpha': 0.0026793878562033297, 'reg_lambda': 0.15092836528555237, 'min_child_weight': 4}. Best is trial 0 with value: 0.941747572815534.
[I 2026-03-24 15:30:43,516] Trial 382 finished with value: 0.941747572815534 and parameters: {'n_estimators': 268, 'max_depth': 32, 'learning_rate': 0.03656765421347725, 'reg_alpha': 6.339477284991087e-08, 'reg_lambda': 0.00043436507969822147, 'min_child_weight': 2}. Best is trial 0 with value: 0.941747572815534.
[I 2026-03-24 15:30:43,567] Trial 383 finished with value: 0.941747572815534 and parameters: {'n_estimators': 235, 'max_depth': 25, 'learning_rate': 0.002454409386703255, 'reg_alpha': 2.4968495160886776e-08, 'reg_lambda': 0.03854409836345078, 'min_child_weight': 7}. Best is trial 0 with value: 0.941747572815534.
[I 2026-03-24 15:30:43,645] Trial 384 finished with value: 0.941747572815534 and parameters: {'n_estimators': 494, 'max_depth': 42, 'learning_rate': 0.055304543611815596, 'reg_alpha': 0.00012488970813328036, 'reg_lambda': 0.00022361770009247337, 'min_child_weight': 9}. Best is trial 0 with value: 0.941747572815534.
[I 2026-03-24 15:30:43,751] Trial 385 finished with value: 0.941747572815534 and parameters: {'n_estimators': 760, 'max_depth': 39, 'learning_rate': 0.06604388942034044, 'reg_alpha': 8.738162908013316e-07, 'reg_lambda': 0.0727159034908613, 'min_child_weight': 5}. Best is trial 0 with value: 0.941747572815534.
[I 2026-03-24 15:30:43,841] Trial 386 finished with value: 0.941747572815534 and parameters: {'n_estimators': 619, 'max_depth': 44, 'learning_rate': 0.026036694865613264, 'reg_alpha': 0.020934099030788855, 'reg_lambda': 5.976908680306536e-07, 'min_child_weight': 8}. Best is trial 0 with value: 0.941747572815534.
[I 2026-03-24 15:30:43,949] Trial 387 finished with value: 0.941747572815534 and parameters: {'n_estimators': 777, 'max_depth': 28, 'learning_rate': 0.03176541630272286, 'reg_alpha': 0.44896744622934776, 'reg_lambda': 6.258856532347089e-06, 'min_child_weight': 10}. Best is trial 0 with value: 0.941747572815534.
[I 2026-03-24 15:30:44,035] Trial 388 finished with value: 0.941747572815534 and parameters: {'n_estimators': 581, 'max_depth': 50, 'learning_rate': 0.015382820362716217, 'reg_alpha': 2.0265125965004405e-07, 'reg_lambda': 1.1558742167042737e-05, 'min_child_weight': 7}. Best is trial 0 with value: 0.941747572815534.
[I 2026-03-24 15:30:44,110] Trial 389 finished with value: 0.941747572815534 and parameters: {'n_estimators': 459, 'max_depth': 7, 'learning_rate': 0.08102318881878069, 'reg_alpha': 0.0003061158915354533, 'reg_lambda': 3.6923048168655642e-06, 'min_child_weight': 6}. Best is trial 0 with value: 0.941747572815534.
[I 2026-03-24 15:30:44,184] Trial 390 finished with value: 0.941747572815534 and parameters: {'n_estimators': 478, 'max_depth': 29, 'learning_rate': 0.00586670916466744, 'reg_alpha': 1.0276984518099792e-08, 'reg_lambda': 0.002330067761485187, 'min_child_weight': 4}. Best is trial 0 with value: 0.941747572815534.
[I 2026-03-24 15:30:44,270] Trial 391 finished with value: 0.941747572815534 and parameters: {'n_estimators': 559, 'max_depth': 38, 'learning_rate': 0.0028923091588515027, 'reg_alpha': 0.005724195850339533, 'reg_lambda': 1.1120156301374043e-06, 'min_child_weight': 1}. Best is trial 0 with value: 0.941747572815534.
[I 2026-03-24 15:30:44,339] Trial 392 finished with value: 0.941747572815534 and parameters: {'n_estimators': 419, 'max_depth': 14, 'learning_rate': 0.04973687936058501, 'reg_alpha': 4.541769569716948e-08, 'reg_lambda': 0.3706847880222374, 'min_child_weight': 7}. Best is trial 0 with value: 0.941747572815534.
[I 2026-03-24 15:30:44,395] Trial 393 finished with value: 0.941747572815534 and parameters: {'n_estimators': 285, 'max_depth': 43, 'learning_rate': 0.023004248194800046, 'reg_alpha': 0.0010454683259824274, 'reg_lambda': 5.925331793935366e-05, 'min_child_weight': 3}. Best is trial 0 with value: 0.941747572815534.
[I 2026-03-24 15:30:44,475] Trial 394 finished with value: 0.941747572815534 and parameters: {'n_estimators': 514, 'max_depth': 34, 'learning_rate': 0.006756955184043487, 'reg_alpha': 1.8005738931863687e-06, 'reg_lambda': 0.023942519376898133, 'min_child_weight': 2}. Best is trial 0 with value: 0.941747572815534.
[I 2026-03-24 15:30:44,539] Trial 395 finished with value: 0.941747572815534 and parameters: {'n_estimators': 363, 'max_depth': 45, 'learning_rate': 0.019393148133272965, 'reg_alpha': 3.5596334828854517e-06, 'reg_lambda': 0.001243530743762916, 'min_child_weight': 6}. Best is trial 0 with value: 0.941747572815534.
[I 2026-03-24 15:30:44,606] Trial 396 finished with value: 0.941747572815534 and parameters: {'n_estimators': 384, 'max_depth': 37, 'learning_rate': 0.09385895552511501, 'reg_alpha': 0.0016460163125104326, 'reg_lambda': 1.7368586935509814e-05, 'min_child_weight': 5}. Best is trial 0 with value: 0.941747572815534.
[I 2026-03-24 15:30:44,720] Trial 397 finished with value: 0.941747572815534 and parameters: {'n_estimators': 839, 'max_depth': 21, 'learning_rate': 0.07108641755358934, 'reg_alpha': 3.1512569293299654e-08, 'reg_lambda': 0.009266766304812844, 'min_child_weight': 2}. Best is trial 0 with value: 0.941747572815534.
[I 2026-03-24 15:30:44,810] Trial 398 finished with value: 0.941747572815534 and parameters: {'n_estimators': 603, 'max_depth': 48, 'learning_rate': 0.0014560325117581648, 'reg_alpha': 1.5912304315562976e-05, 'reg_lambda': 0.00017605639832841573, 'min_child_weight': 8}. Best is trial 0 with value: 0.941747572815534.
[I 2026-03-24 15:30:44,919] Trial 399 finished with value: 0.941747572815534 and parameters: {'n_estimators': 742, 'max_depth': 31, 'learning_rate': 0.010169159313851386, 'reg_alpha': 2.8603062693478394e-07, 'reg_lambda': 0.00010215910231842872, 'min_child_weight': 7}. Best is trial 0 with value: 0.941747572815534.
[I 2026-03-24 15:30:45,042] Trial 400 finished with value: 0.941747572815534 and parameters: {'n_estimators': 936, 'max_depth': 15, 'learning_rate': 0.001990571770609711, 'reg_alpha': 1.0300755661561675e-05, 'reg_lambda': 0.962823290696896, 'min_child_weight': 9}. Best is trial 0 with value: 0.941747572815534.
[I 2026-03-24 15:30:45,153] Trial 401 finished with value: 0.941747572815534 and parameters: {'n_estimators': 787, 'max_depth': 47, 'learning_rate': 0.0419071579923729, 'reg_alpha': 1.7620167991463866e-08, 'reg_lambda': 0.005768790458738863, 'min_child_weight': 4}. Best is trial 0 with value: 0.941747572815534.
[I 2026-03-24 15:30:45,225] Trial 402 finished with value: 0.941747572815534 and parameters: {'n_estimators': 436, 'max_depth': 42, 'learning_rate': 0.027917122560653693, 'reg_alpha': 8.792290126289852e-08, 'reg_lambda': 0.10300275121746201, 'min_child_weight': 6}. Best is trial 0 with value: 0.941747572815534.
[I 2026-03-24 15:30:45,287] Trial 403 finished with value: 0.941747572815534 and parameters: {'n_estimators': 338, 'max_depth': 27, 'learning_rate': 0.08596810400892192, 'reg_alpha': 0.003771085225414631, 'reg_lambda': 0.20607765217556437, 'min_child_weight': 10}. Best is trial 0 with value: 0.941747572815534.
[I 2026-03-24 15:30:45,398] Trial 404 finished with value: 0.941747572815534 and parameters: {'n_estimators': 824, 'max_depth': 34, 'learning_rate': 0.013447282859659468, 'reg_alpha': 0.03761140293163601, 'reg_lambda': 0.5540862999299532, 'min_child_weight': 5}. Best is trial 0 with value: 0.941747572815534.
[I 2026-03-24 15:30:45,476] Trial 405 finished with value: 0.941747572815534 and parameters: {'n_estimators': 489, 'max_depth': 36, 'learning_rate': 0.0022441478628673194, 'reg_alpha': 6.196575062211224e-06, 'reg_lambda': 2.715316971310414e-06, 'min_child_weight': 7}. Best is trial 0 with value: 0.941747572815534.
[I 2026-03-24 15:30:45,525] Trial 406 finished with value: 0.941747572815534 and parameters: {'n_estimators': 215, 'max_depth': 39, 'learning_rate': 0.06127238626387811, 'reg_alpha': 0.08966845964153579, 'reg_lambda': 0.0003389806586044585, 'min_child_weight': 6}. Best is trial 0 with value: 0.941747572815534.
[I 2026-03-24 15:30:45,607] Trial 407 finished with value: 0.941747572815534 and parameters: {'n_estimators': 534, 'max_depth': 26, 'learning_rate': 0.008709598900123168, 'reg_alpha': 7.140472834714132e-05, 'reg_lambda': 2.6273782586155632e-05, 'min_child_weight': 7}. Best is trial 0 with value: 0.941747572815534.
[I 2026-03-24 15:30:45,659] Trial 408 finished with value: 0.941747572815534 and parameters: {'n_estimators': 249, 'max_depth': 43, 'learning_rate': 0.0037752904556884567, 'reg_alpha': 6.695432310751915e-07, 'reg_lambda': 0.04739733324341125, 'min_child_weight': 8}. Best is trial 0 with value: 0.941747572815534.
[I 2026-03-24 15:30:45,752] Trial 409 finished with value: 0.941747572815534 and parameters: {'n_estimators': 636, 'max_depth': 11, 'learning_rate': 0.0075916621502010615, 'reg_alpha': 1.3036354123328812e-06, 'reg_lambda': 0.1231959264804446, 'min_child_weight': 10}. Best is trial 0 with value: 0.941747572815534.
[I 2026-03-24 15:30:45,851] Trial 410 finished with value: 0.941747572815534 and parameters: {'n_estimators': 695, 'max_depth': 23, 'learning_rate': 0.0025387157975597405, 'reg_alpha': 0.009618944340407444, 'reg_lambda': 0.0007068862283419148, 'min_child_weight': 6}. Best is trial 0 with value: 0.941747572815534.
[I 2026-03-24 15:30:45,937] Trial 411 finished with value: 0.941747572815534 and parameters: {'n_estimators': 569, 'max_depth': 44, 'learning_rate': 0.0010657943613884442, 'reg_alpha': 1.4565081110517673e-07, 'reg_lambda': 0.015005466045121029, 'min_child_weight': 8}. Best is trial 0 with value: 0.941747572815534.
[I 2026-03-24 15:30:45,996] Trial 412 finished with value: 0.941747572815534 and parameters: {'n_estimators': 311, 'max_depth': 40, 'learning_rate': 0.0017225581910630193, 'reg_alpha': 0.015395224291318597, 'reg_lambda': 0.0720317131644731, 'min_child_weight': 9}. Best is trial 0 with value: 0.941747572815534.
[I 2026-03-24 15:30:46,112] Trial 413 finished with value: 0.941747572815534 and parameters: {'n_estimators': 855, 'max_depth': 9, 'learning_rate': 0.030114426533032517, 'reg_alpha': 5.730424508011228e-08, 'reg_lambda': 3.99638482056872e-08, 'min_child_weight': 4}. Best is trial 0 with value: 0.941747572815534.
[I 2026-03-24 15:30:46,234] Trial 414 finished with value: 0.941747572815534 and parameters: {'n_estimators': 894, 'max_depth': 18, 'learning_rate': 0.0051380426883302225, 'reg_alpha': 0.0002234443544135089, 'reg_lambda': 1.895004724039972e-06, 'min_child_weight': 3}. Best is trial 0 with value: 0.941747572815534.
[I 2026-03-24 15:30:46,311] Trial 415 finished with value: 0.941747572815534 and parameters: {'n_estimators': 457, 'max_depth': 35, 'learning_rate': 0.017568082446545022, 'reg_alpha': 0.0008058315861774632, 'reg_lambda': 7.303072889852269e-06, 'min_child_weight': 7}. Best is trial 0 with value: 0.941747572815534.
[I 2026-03-24 15:30:46,382] Trial 416 finished with value: 0.941747572815534 and parameters: {'n_estimators': 403, 'max_depth': 29, 'learning_rate': 0.05520654486365092, 'reg_alpha': 3.429216318525945e-07, 'reg_lambda': 0.4385795640132608, 'min_child_weight': 5}. Best is trial 0 with value: 0.941747572815534.
[I 2026-03-24 15:30:46,490] Trial 417 finished with value: 0.941747572815534 and parameters: {'n_estimators': 724, 'max_depth': 46, 'learning_rate': 0.011785777804968842, 'reg_alpha': 0.025165402593368795, 'reg_lambda': 0.02488046650393192, 'min_child_weight': 6}. Best is trial 0 with value: 0.941747572815534.
