[I 2026-03-24 15:40:39,617] Trial 1 finished with value: 0.9154228855721394 and parameters: {'n_estimators': 937, 'max_depth': 23, 'learning_rate': 0.037640259036639256, 'reg_alpha': 2.6162894416306596e-06, 'reg_lambda': 5.662352462711433e-08, 'min_child_weight': 4}. Best is trial 0 with value: 0.9154228855721394.
[I 2026-03-24 15:40:39,746] Trial 2 finished with value: 0.9154228855721394 and parameters: {'n_estimators': 873, 'max_depth': 12, 'learning_rate': 0.09591753393794183, 'reg_alpha': 2.267838443858784e-06, 'reg_lambda': 0.006768919678406708, 'min_child_weight': 4}. Best is trial 0 with value: 0.9154228855721394.
[I 2026-03-24 15:40:39,798] Trial 3 finished with value: 0.9154228855721394 and parameters: {'n_estimators': 318, 'max_depth': 34, 'learning_rate': 0.09936030442628374, 'reg_alpha': 0.12226420712577844, 'reg_lambda': 6.964841830971416e-05, 'min_child_weight': 9}. Best is trial 0 with value: 0.9154228855721394.
[I 2026-03-24 15:40:39,908] Trial 4 finished with value: 0.9154228855721394 and parameters: {'n_estimators': 748, 'max_depth': 36, 'learning_rate': 0.0019983519039226106, 'reg_alpha': 5.7023145292034915e-08, 'reg_lambda': 2.55575294396319e-07, 'min_child_weight': 6}. Best is trial 0 with value: 0.9154228855721394.
[I 2026-03-24 15:40:40,016] Trial 5 finished with value: 0.9154228855721394 and parameters: {'n_estimators': 725, 'max_depth': 11, 'learning_rate': 0.01451744503033452, 'reg_alpha': 0.0003452336035885383, 'reg_lambda': 0.0023078318607974986, 'min_child_weight': 8}. Best is trial 0 with value: 0.9154228855721394.
[I 2026-03-24 15:40:40,079] Trial 6 finished with value: 0.9154228855721394 and parameters: {'n_estimators': 407, 'max_depth': 25, 'learning_rate': 0.016821932401175216, 'reg_alpha': 0.00028578998599954297, 'reg_lambda': 7.767100774515245e-08, 'min_child_weight': 5}. Best is trial 0 with value: 0.9154228855721394.
[I 2026-03-24 15:40:40,177] Trial 7 finished with value: 0.9154228855721394 and parameters: {'n_estimators': 666, 'max_depth': 21, 'learning_rate': 0.010272165931786571, 'reg_alpha': 0.00014427586147978914, 'reg_lambda': 0.7610029413426428, 'min_child_weight': 5}. Best is trial 0 with value: 0.9154228855721394.
[I 2026-03-24 15:40:40,283] Trial 8 finished with value: 0.9154228855721394 and parameters: {'n_estimators': 714, 'max_depth': 43, 'learning_rate': 0.001152956540775395, 'reg_alpha': 1.8380100400835666e-05, 'reg_lambda': 0.0019926532584558575, 'min_child_weight': 9}. Best is trial 0 with value: 0.9154228855721394.
[I 2026-03-24 15:40:40,409] Trial 9 finished with value: 0.9154228855721394 and parameters: {'n_estimators': 872, 'max_depth': 25, 'learning_rate': 0.007708117378531052, 'reg_alpha': 0.0013706293945157544, 'reg_lambda': 0.22354997135345608, 'min_child_weight': 8}. Best is trial 0 with value: 0.9154228855721394.
[I 2026-03-24 15:40:40,559] Trial 10 finished with value: 0.9154228855721394 and parameters: {'n_estimators': 499, 'max_depth': 48, 'learning_rate': 0.003958707101020533, 'reg_alpha': 0.7003444326478374, 'reg_lambda': 2.3777506120098766e-05, 'min_child_weight': 1}. Best is trial 0 with value: 0.9154228855721394.
[I 2026-03-24 15:40:40,723] Trial 11 finished with value: 0.9154228855721394 and parameters: {'n_estimators': 985, 'max_depth': 34, 'learning_rate': 0.03772442085605601, 'reg_alpha': 0.014982121975718217, 'reg_lambda': 2.1706126199425564e-06, 'min_child_weight': 2}. Best is trial 0 with value: 0.9154228855721394.
[I 2026-03-24 15:40:40,872] Trial 12 finished with value: 0.9154228855721394 and parameters: {'n_estimators': 975, 'max_depth': 17, 'learning_rate': 0.034755825443649024, 'reg_alpha': 1.22859258336562e-06, 'reg_lambda': 2.0259454629968776e-08, 'min_child_weight': 3}. Best is trial 0 with value: 0.9154228855721394.
[I 2026-03-24 15:40:41,004] Trial 13 finished with value: 0.9154228855721394 and parameters: {'n_estimators': 864, 'max_depth': 41, 'learning_rate': 0.03962461937408014, 'reg_alpha': 9.693728911194015e-08, 'reg_lambda': 3.4290400374857658e-06, 'min_child_weight': 4}. Best is trial 0 with value: 0.9154228855721394.
[I 2026-03-24 15:40:41,093] Trial 14 finished with value: 0.9154228855721394 and parameters: {'n_estimators': 545, 'max_depth': 30, 'learning_rate': 0.005135775629758604, 'reg_alpha': 1.1259049055920747e-05, 'reg_lambda': 0.047454927329509684, 'min_child_weight': 6}. Best is trial 0 with value: 0.9154228855721394.
[I 2026-03-24 15:40:41,135] Trial 15 finished with value: 0.9154228855721394 and parameters: {'n_estimators': 202, 'max_depth': 7, 'learning_rate': 0.022290702179585575, 'reg_alpha': 0.008203844871861396, 'reg_lambda': 0.0003229103291023796, 'min_child_weight': 3}. Best is trial 0 with value: 0.9154228855721394.
[I 2026-03-24 15:40:41,267] Trial 16 finished with value: 0.9154228855721394 and parameters: {'n_estimators': 828, 'max_depth': 49, 'learning_rate': 0.0029853534311664277, 'reg_alpha': 8.300268760250769e-07, 'reg_lambda': 3.7591072710897037e-06, 'min_child_weight': 7}. Best is trial 0 with value: 0.9154228855721394.
[I 2026-03-24 15:40:41,543] Trial 17 finished with value: 0.914572864321608 and parameters: {'n_estimators': 996, 'max_depth': 43, 'learning_rate': 0.0069817572549901955, 'reg_alpha': 1.3360400542772923e-08, 'reg_lambda': 0.0002895441027509956, 'min_child_weight': 1}. Best is trial 0 with value: 0.9154228855721394.
[I 2026-03-24 15:40:41,642] Trial 18 finished with value: 0.9154228855721394 and parameters: {'n_estimators': 621, 'max_depth': 18, 'learning_rate': 0.05808595101892774, 'reg_alpha': 0.0022826857930360366, 'reg_lambda': 0.013480217841440092, 'min_child_weight': 3}. Best is trial 0 with value: 0.9154228855721394.
[I 2026-03-24 15:40:41,765] Trial 19 finished with value: 0.9154228855721394 and parameters: {'n_estimators': 790, 'max_depth': 30, 'learning_rate': 0.02470708626959408, 'reg_alpha': 2.8581970455294476e-05, 'reg_lambda': 2.398167004714111e-07, 'min_child_weight': 4}. Best is trial 0 with value: 0.9154228855721394.
[I 2026-03-24 15:40:41,979] Trial 20 finished with value: 0.9154228855721394 and parameters: {'n_estimators': 939, 'max_depth': 37, 'learning_rate': 0.011206448448396678, 'reg_alpha': 0.14524448757172423, 'reg_lambda': 3.465362786376153e-05, 'min_child_weight': 2}. Best is trial 0 with value: 0.9154228855721394.
[I 2026-03-24 15:40:42,115] Trial 21 finished with value: 0.9154228855721394 and parameters: {'n_estimators': 898, 'max_depth': 11, 'learning_rate': 0.09454290281740632, 'reg_alpha': 2.262123102357496e-06, 'reg_lambda': 0.0024651129492823266, 'min_child_weight': 4}. Best is trial 0 with value: 0.9154228855721394.
[I 2026-03-24 15:40:42,254] Trial 22 finished with value: 0.9154228855721394 and parameters: {'n_estimators': 922, 'max_depth': 15, 'learning_rate': 0.054614290516283054, 'reg_alpha': 2.3229377331316367e-07, 'reg_lambda': 0.02857417478308743, 'min_child_weight': 5}. Best is trial 0 with value: 0.9154228855721394.
[I 2026-03-24 15:40:42,378] Trial 23 finished with value: 0.9154228855721394 and parameters: {'n_estimators': 820, 'max_depth': 22, 'learning_rate': 0.058396472892671566, 'reg_alpha': 4.825425580908815e-06, 'reg_lambda': 0.006602124361684557, 'min_child_weight': 4}. Best is trial 0 with value: 0.9154228855721394.
[I 2026-03-24 15:40:42,528] Trial 24 finished with value: 0.9154228855721394 and parameters: {'n_estimators': 917, 'max_depth': 13, 'learning_rate': 0.07900586302902393, 'reg_alpha': 0.0009599776377847356, 'reg_lambda': 0.0007081390769951879, 'min_child_weight': 2}. Best is trial 0 with value: 0.9154228855721394.
[I 2026-03-24 15:40:42,647] Trial 25 finished with value: 0.9154228855721394 and parameters: {'n_estimators': 767, 'max_depth': 7, 'learning_rate': 0.02512639577789163, 'reg_alpha': 4.4225141786354295e-05, 'reg_lambda': 0.05780220591230591, 'min_child_weight': 6}. Best is trial 0 with value: 0.9154228855721394.
[I 2026-03-24 15:40:42,798] Trial 26 finished with value: 0.9154228855721394 and parameters: {'n_estimators': 999, 'max_depth': 27, 'learning_rate': 0.015388668856022993, 'reg_alpha': 5.352887200770071e-07, 'reg_lambda': 1.167529482751525e-05, 'min_child_weight': 3}. Best is trial 0 with value: 0.9154228855721394.
[I 2026-03-24 15:40:42,929] Trial 27 finished with value: 0.9154228855721394 and parameters: {'n_estimators': 861, 'max_depth': 20, 'learning_rate': 0.07406652190359833, 'reg_alpha': 4.7346069502009835e-06, 'reg_lambda': 0.000172395758120902, 'min_child_weight': 5}. Best is trial 0 with value: 0.9154228855721394.
[I 2026-03-24 15:40:43,070] Trial 28 finished with value: 0.9154228855721394 and parameters: {'n_estimators': 934, 'max_depth': 31, 'learning_rate': 0.006598406301808534, 'reg_alpha': 0.010939435341010587, 'reg_lambda': 0.1191745357525225, 'min_child_weight': 4}. Best is trial 0 with value: 0.9154228855721394.
[I 2026-03-24 15:40:43,138] Trial 29 finished with value: 0.9154228855721394 and parameters: {'n_estimators': 393, 'max_depth': 40, 'learning_rate': 0.09501060351337937, 'reg_alpha': 5.575476420197979e-05, 'reg_lambda': 0.006211555007633137, 'min_child_weight': 7}. Best is trial 0 with value: 0.9154228855721394.
[I 2026-03-24 15:40:43,245] Trial 30 finished with value: 0.9154228855721394 and parameters: {'n_estimators': 681, 'max_depth': 23, 'learning_rate': 0.031139181228667368, 'reg_alpha': 0.05444703841477439, 'reg_lambda': 1.3346112256729104e-08, 'min_child_weight': 10}. Best is trial 0 with value: 0.9154228855721394.
[I 2026-03-24 15:40:43,288] Trial 31 finished with value: 0.9154228855721394 and parameters: {'n_estimators': 200, 'max_depth': 35, 'learning_rate': 0.06110307389271987, 'reg_alpha': 0.4312804648110113, 'reg_lambda': 3.9601758496068327e-07, 'min_child_weight': 10}. Best is trial 0 with value: 0.9154228855721394.
[I 2026-03-24 15:40:43,358] Trial 32 finished with value: 0.9154228855721394 and parameters: {'n_estimators': 408, 'max_depth': 38, 'learning_rate': 0.04394691230970337, 'reg_alpha': 0.0619389246115238, 'reg_lambda': 7.813038650485556e-05, 'min_child_weight': 6}. Best is trial 0 with value: 0.9154228855721394.
[I 2026-03-24 15:40:43,418] Trial 33 finished with value: 0.9154228855721394 and parameters: {'n_estimators': 327, 'max_depth': 33, 'learning_rate': 0.09823738249152587, 'reg_alpha': 0.004902505195184373, 'reg_lambda': 0.000889193516645252, 'min_child_weight': 7}. Best is trial 0 with value: 0.9154228855721394.
[I 2026-03-24 15:40:43,507] Trial 34 finished with value: 0.9154228855721394 and parameters: {'n_estimators': 542, 'max_depth': 27, 'learning_rate': 0.012294063984850289, 'reg_alpha': 0.000303275838420407, 'reg_lambda': 9.559991697096468e-07, 'min_child_weight': 9}. Best is trial 0 with value: 0.9154228855721394.
[I 2026-03-24 15:40:43,569] Trial 35 finished with value: 0.9154228855721394 and parameters: {'n_estimators': 334, 'max_depth': 47, 'learning_rate': 0.019736071095129325, 'reg_alpha': 2.931953303170015e-08, 'reg_lambda': 7.82602770518558e-08, 'min_child_weight': 5}. Best is trial 0 with value: 0.9154228855721394.
[I 2026-03-24 15:40:43,693] Trial 36 finished with value: 0.9154228855721394 and parameters: {'n_estimators': 811, 'max_depth': 44, 'learning_rate': 0.0012073046598605483, 'reg_alpha': 0.00014764368340697433, 'reg_lambda': 0.001792279325269772, 'min_child_weight': 8}. Best is trial 0 with value: 0.9154228855721394.
[I 2026-03-24 15:40:43,809] Trial 37 finished with value: 0.9154228855721394 and parameters: {'n_estimators': 731, 'max_depth': 9, 'learning_rate': 0.0723555041204968, 'reg_alpha': 0.13841701456118538, 'reg_lambda': 0.3315498770626957, 'min_child_weight': 4}. Best is trial 0 with value: 0.9154228855721394.
[I 2026-03-24 15:40:43,956] Trial 38 finished with value: 0.9154228855721394 and parameters: {'n_estimators': 953, 'max_depth': 25, 'learning_rate': 0.047311362691902344, 'reg_alpha': 0.02712890757094726, 'reg_lambda': 0.007427583454369123, 'min_child_weight': 9}. Best is trial 0 with value: 0.9154228855721394.
[I 2026-03-24 15:40:44,009] Trial 39 finished with value: 0.9154228855721394 and parameters: {'n_estimators': 269, 'max_depth': 39, 'learning_rate': 0.00850400406566254, 'reg_alpha': 2.1659852865163857e-07, 'reg_lambda': 0.7633601965952411, 'min_child_weight': 3}. Best is trial 0 with value: 0.9154228855721394.
[I 2026-03-24 15:40:44,143] Trial 40 finished with value: 0.9154228855721394 and parameters: {'n_estimators': 883, 'max_depth': 33, 'learning_rate': 0.0025983202790425737, 'reg_alpha': 9.114667777580668e-06, 'reg_lambda': 8.08204039843906e-06, 'min_child_weight': 5}. Best is trial 0 with value: 0.9154228855721394.
[I 2026-03-24 15:40:44,259] Trial 41 finished with value: 0.9154228855721394 and parameters: {'n_estimators': 739, 'max_depth': 36, 'learning_rate': 0.002780107406607196, 'reg_alpha': 6.35399701942416e-08, 'reg_lambda': 3.875760296859666e-08, 'min_child_weight': 8}. Best is trial 0 with value: 0.9154228855721394.
[I 2026-03-24 15:40:44,370] Trial 42 finished with value: 0.9154228855721394 and parameters: {'n_estimators': 671, 'max_depth': 45, 'learning_rate': 0.0017865785220680865, 'reg_alpha': 2.8801476703604266e-07, 'reg_lambda': 9.398211294640047e-08, 'min_child_weight': 6}. Best is trial 0 with value: 0.9154228855721394.
[I 2026-03-24 15:40:44,475] Trial 43 finished with value: 0.9154228855721394 and parameters: {'n_estimators': 622, 'max_depth': 41, 'learning_rate': 0.005204558532624906, 'reg_alpha': 0.000751137206480484, 'reg_lambda': 2.698931571373372e-07, 'min_child_weight': 5}. Best is trial 0 with value: 0.9154228855721394.
[I 2026-03-24 15:40:44,629] Trial 44 finished with value: 0.9154228855721394 and parameters: {'n_estimators': 849, 'max_depth': 31, 'learning_rate': 0.03030842964801571, 'reg_alpha': 2.4351799531576528e-06, 'reg_lambda': 6.012681974696696e-05, 'min_child_weight': 2}. Best is trial 0 with value: 0.9154228855721394.
[I 2026-03-24 15:40:44,754] Trial 45 finished with value: 0.9154228855721394 and parameters: {'n_estimators': 775, 'max_depth': 18, 'learning_rate': 0.0015889579961367603, 'reg_alpha': 6.970991475878175e-08, 'reg_lambda': 3.334785590172918e-08, 'min_child_weight': 4}. Best is trial 0 with value: 0.9154228855721394.
[I 2026-03-24 15:40:44,840] Trial 46 finished with value: 0.9154228855721394 and parameters: {'n_estimators': 488, 'max_depth': 29, 'learning_rate': 0.004087894560311708, 'reg_alpha': 0.002863975368869206, 'reg_lambda': 1.0609230792955536e-06, 'min_child_weight': 7}. Best is trial 0 with value: 0.9154228855721394.
[I 2026-03-24 15:40:44,990] Trial 47 finished with value: 0.9154228855721394 and parameters: {'n_estimators': 949, 'max_depth': 42, 'learning_rate': 0.01954411076302351, 'reg_alpha': 1.1855294362400683e-08, 'reg_lambda': 0.020988330487952563, 'min_child_weight': 3}. Best is trial 0 with value: 0.9154228855721394.
[I 2026-03-24 15:40:45,142] Trial 48 finished with value: 0.9154228855721394 and parameters: {'n_estimators': 974, 'max_depth': 34, 'learning_rate': 0.0022736303674181055, 'reg_alpha': 1.3426176750723022e-05, 'reg_lambda': 0.0027196022587803238, 'min_child_weight': 8}. Best is trial 0 with value: 0.9154228855721394.
[I 2026-03-24 15:40:45,282] Trial 49 finished with value: 0.9154228855721394 and parameters: {'n_estimators': 898, 'max_depth': 37, 'learning_rate': 0.003902113204033456, 'reg_alpha': 0.5430105385476397, 'reg_lambda': 1.230061605643198e-07, 'min_child_weight': 4}. Best is trial 0 with value: 0.9154228855721394.
[I 2026-03-24 15:40:45,515] Trial 50 finished with value: 0.914572864321608 and parameters: {'n_estimators': 854, 'max_depth': 15, 'learning_rate': 0.00930939599707535, 'reg_alpha': 0.00014964986099748218, 'reg_lambda': 1.0195604385299036e-08, 'min_child_weight': 1}. Best is trial 0 with value: 0.9154228855721394.
[I 2026-03-24 15:40:45,631] Trial 51 finished with value: 0.9154228855721394 and parameters: {'n_estimators': 708, 'max_depth': 12, 'learning_rate': 0.014663140105282371, 'reg_alpha': 0.0008350413176543479, 'reg_lambda': 0.0005943463881248188, 'min_child_weight': 9}. Best is trial 0 with value: 0.9154228855721394.
[I 2026-03-24 15:40:45,731] Trial 52 finished with value: 0.9154228855721394 and parameters: {'n_estimators': 583, 'max_depth': 9, 'learning_rate': 0.048543612310564345, 'reg_alpha': 0.00021500591061882779, 'reg_lambda': 0.00032002000508811446, 'min_child_weight': 9}. Best is trial 0 with value: 0.9154228855721394.
[I 2026-03-24 15:40:45,837] Trial 53 finished with value: 0.9154228855721394 and parameters: {'n_estimators': 640, 'max_depth': 16, 'learning_rate': 0.07110488639551661, 'reg_alpha': 7.589446218288889e-05, 'reg_lambda': 0.0014158252847179024, 'min_child_weight': 8}. Best is trial 0 with value: 0.9154228855721394.
[I 2026-03-24 15:40:45,968] Trial 54 finished with value: 0.9154228855721394 and parameters: {'n_estimators': 820, 'max_depth': 6, 'learning_rate': 0.03573064471446406, 'reg_alpha': 0.0005381815577093182, 'reg_lambda': 0.004223777976109768, 'min_child_weight': 6}. Best is trial 0 with value: 0.9154228855721394.
[I 2026-03-24 15:40:46,090] Trial 55 finished with value: 0.9154228855721394 and parameters: {'n_estimators': 759, 'max_depth': 21, 'learning_rate': 0.005682081493355736, 'reg_alpha': 2.248588544988137e-05, 'reg_lambda': 0.014152795193838993, 'min_child_weight': 10}. Best is trial 0 with value: 0.9154228855721394.
[I 2026-03-24 15:40:46,242] Trial 56 finished with value: 0.9154228855721394 and parameters: {'n_estimators': 976, 'max_depth': 10, 'learning_rate': 0.012224835635896363, 'reg_alpha': 0.0020221729796114393, 'reg_lambda': 0.00018502629077052604, 'min_child_weight': 5}. Best is trial 0 with value: 0.9154228855721394.
[I 2026-03-24 15:40:46,388] Trial 57 finished with value: 0.9154228855721394 and parameters: {'n_estimators': 921, 'max_depth': 12, 'learning_rate': 0.08180034795503964, 'reg_alpha': 1.253799857914803e-06, 'reg_lambda': 0.07452338196947711, 'min_child_weight': 3}. Best is trial 0 with value: 0.9154228855721394.
[I 2026-03-24 15:40:46,517] Trial 58 finished with value: 0.9154228855721394 and parameters: {'n_estimators': 803, 'max_depth': 14, 'learning_rate': 0.02739001894696999, 'reg_alpha': 3.568865966070391e-08, 'reg_lambda': 2.039253662365096e-05, 'min_child_weight': 4}. Best is trial 0 with value: 0.9154228855721394.
[I 2026-03-24 15:40:46,633] Trial 59 finished with value: 0.9154228855721394 and parameters: {'n_estimators': 710, 'max_depth': 19, 'learning_rate': 0.060838790395683434, 'reg_alpha': 0.004354842372431794, 'reg_lambda': 0.030210914765646885, 'min_child_weight': 6}. Best is trial 0 with value: 0.9154228855721394.
[I 2026-03-24 15:40:46,752] Trial 60 finished with value: 0.9154228855721394 and parameters: {'n_estimators': 475, 'max_depth': 25, 'learning_rate': 0.0035342078962209375, 'reg_alpha': 4.6618398733826353e-07, 'reg_lambda': 1.3472398781651128e-06, 'min_child_weight': 2}. Best is trial 0 with value: 0.9154228855721394.
[I 2026-03-24 15:40:46,804] Trial 61 finished with value: 0.9154228855721394 and parameters: {'n_estimators': 251, 'max_depth': 23, 'learning_rate': 0.01568956245047612, 'reg_alpha': 0.0003751435003058774, 'reg_lambda': 6.305184305096233e-07, 'min_child_weight': 4}. Best is trial 0 with value: 0.9154228855721394.
[I 2026-03-24 15:40:46,878] Trial 62 finished with value: 0.9154228855721394 and parameters: {'n_estimators': 409, 'max_depth': 27, 'learning_rate': 0.018659639971355908, 'reg_alpha': 6.212016650451008e-06, 'reg_lambda': 3.883603083337719e-08, 'min_child_weight': 5}. Best is trial 0 with value: 0.9154228855721394.
[I 2026-03-24 15:40:46,946] Trial 63 finished with value: 0.9154228855721394 and parameters: {'n_estimators': 352, 'max_depth': 32, 'learning_rate': 0.010278797277549647, 'reg_alpha': 0.9941462038164849, 'reg_lambda': 3.0369263591509744e-06, 'min_child_weight': 5}. Best is trial 0 with value: 0.9154228855721394.
[I 2026-03-24 15:40:47,028] Trial 64 finished with value: 0.9154228855721394 and parameters: {'n_estimators': 454, 'max_depth': 39, 'learning_rate': 0.007513997720609386, 'reg_alpha': 4.327148056816619e-05, 'reg_lambda': 6.774015707244413e-08, 'min_child_weight': 3}. Best is trial 0 with value: 0.9154228855721394.
[I 2026-03-24 15:40:47,096] Trial 65 finished with value: 0.9154228855721394 and parameters: {'n_estimators': 369, 'max_depth': 46, 'learning_rate': 0.04037474425074199, 'reg_alpha': 0.01782989104379088, 'reg_lambda': 1.7102659653942709e-07, 'min_child_weight': 7}. Best is trial 0 with value: 0.9154228855721394.
[I 2026-03-24 15:40:47,154] Trial 66 finished with value: 0.9154228855721394 and parameters: {'n_estimators': 282, 'max_depth': 24, 'learning_rate': 0.01584334824039163, 'reg_alpha': 1.4092776420865867e-07, 'reg_lambda': 2.606944063574098e-08, 'min_child_weight': 4}. Best is trial 0 with value: 0.9154228855721394.
[I 2026-03-24 15:40:47,247] Trial 67 finished with value: 0.9154228855721394 and parameters: {'n_estimators': 554, 'max_depth': 29, 'learning_rate': 0.022784271858954395, 'reg_alpha': 2.4690708401420537e-06, 'reg_lambda': 0.0010224031543160563, 'min_child_weight': 5}. Best is trial 0 with value: 0.9154228855721394.
[I 2026-03-24 15:40:47,404] Trial 68 finished with value: 0.9154228855721394 and parameters: {'n_estimators': 999, 'max_depth': 35, 'learning_rate': 0.0010024964396173166, 'reg_alpha': 0.2177618942988227, 'reg_lambda': 5.942666941668254e-06, 'min_child_weight': 10}. Best is trial 0 with value: 0.9154228855721394.
[I 2026-03-24 15:40:47,547] Trial 69 finished with value: 0.9154228855721394 and parameters: {'n_estimators': 901, 'max_depth': 43, 'learning_rate': 0.08361044498888794, 'reg_alpha': 0.0013149795873712618, 'reg_lambda': 4.4336181826588825e-07, 'min_child_weight': 8}. Best is trial 0 with value: 0.9154228855721394.
