[I 2026-03-24 15:32:07,480] Trial 452 finished with value: 0.941747572815534 and parameters: {'n_estimators': 699, 'max_depth': 38, 'learning_rate': 0.0017220295655342268, 'reg_alpha': 0.0005003627029842664, 'reg_lambda': 1.3473169846006454e-05, 'min_child_weight': 8}. Best is trial 0 with value: 0.941747572815534.
[I 2026-03-24 15:32:07,631] Trial 453 finished with value: 0.941747572815534 and parameters: {'n_estimators': 999, 'max_depth': 29, 'learning_rate': 0.001396262977455896, 'reg_alpha': 3.80549836804599e-07, 'reg_lambda': 2.347757654246981e-08, 'min_child_weight': 5}. Best is trial 0 with value: 0.941747572815534.
[I 2026-03-24 15:32:07,700] Trial 454 finished with value: 0.941747572815534 and parameters: {'n_estimators': 341, 'max_depth': 25, 'learning_rate': 0.004670230543449547, 'reg_alpha': 7.222458760970466e-07, 'reg_lambda': 0.0008011012487001926, 'min_child_weight': 6}. Best is trial 0 with value: 0.941747572815534.
[I 2026-03-24 15:32:07,845] Trial 455 finished with value: 0.941747572815534 and parameters: {'n_estimators': 962, 'max_depth': 45, 'learning_rate': 0.005653431189373298, 'reg_alpha': 0.0001649340994112562, 'reg_lambda': 0.013479253214875942, 'min_child_weight': 9}. Best is trial 0 with value: 0.941747572815534.
[I 2026-03-24 15:32:07,939] Trial 456 finished with value: 0.941747572815534 and parameters: {'n_estimators': 548, 'max_depth': 22, 'learning_rate': 0.020006460797735617, 'reg_alpha': 3.2410430414982105e-06, 'reg_lambda': 0.0034507537279162364, 'min_child_weight': 4}. Best is trial 0 with value: 0.941747572815534.
[I 2026-03-24 15:32:08,005] Trial 457 finished with value: 0.941747572815534 and parameters: {'n_estimators': 309, 'max_depth': 44, 'learning_rate': 0.09318775729515123, 'reg_alpha': 3.542041306142193e-08, 'reg_lambda': 0.5575522610599883, 'min_child_weight': 3}. Best is trial 0 with value: 0.941747572815534.
[I 2026-03-24 15:32:08,141] Trial 458 finished with value: 0.9306930693069307 and parameters: {'n_estimators': 560, 'max_depth': 16, 'learning_rate': 0.060181819438422796, 'reg_alpha': 5.3796842022283846e-05, 'reg_lambda': 7.551594279187096e-06, 'min_child_weight': 1}. Best is trial 0 with value: 0.941747572815534.
[I 2026-03-24 15:32:08,251] Trial 459 finished with value: 0.941747572815534 and parameters: {'n_estimators': 716, 'max_depth': 40, 'learning_rate': 0.0749786296623406, 'reg_alpha': 0.02437885655892751, 'reg_lambda': 0.0003695731492073334, 'min_child_weight': 3}. Best is trial 0 with value: 0.941747572815534.
[I 2026-03-24 15:32:08,380] Trial 460 finished with value: 0.941747572815534 and parameters: {'n_estimators': 878, 'max_depth': 24, 'learning_rate': 0.012150364523834176, 'reg_alpha': 1.7859396882401414e-05, 'reg_lambda': 1.248036477448619e-06, 'min_child_weight': 10}. Best is trial 0 with value: 0.941747572815534.
[I 2026-03-24 15:32:08,476] Trial 461 finished with value: 0.941747572815534 and parameters: {'n_estimators': 593, 'max_depth': 50, 'learning_rate': 0.016126955244330957, 'reg_alpha': 1.3923952401275779e-06, 'reg_lambda': 1.7877994442622696e-08, 'min_child_weight': 9}. Best is trial 0 with value: 0.941747572815534.
[I 2026-03-24 15:32:08,598] Trial 462 finished with value: 0.941747572815534 and parameters: {'n_estimators': 809, 'max_depth': 41, 'learning_rate': 0.04100888108576821, 'reg_alpha': 4.851366904170943e-06, 'reg_lambda': 2.210332980097409e-05, 'min_child_weight': 6}. Best is trial 0 with value: 0.941747572815534.
[I 2026-03-24 15:32:08,686] Trial 463 finished with value: 0.941747572815534 and parameters: {'n_estimators': 525, 'max_depth': 31, 'learning_rate': 0.008419026635078153, 'reg_alpha': 1.4953528501946357e-07, 'reg_lambda': 4.925783054292571e-06, 'min_child_weight': 8}. Best is trial 0 with value: 0.941747572815534.
[I 2026-03-24 15:32:08,761] Trial 464 finished with value: 0.941747572815534 and parameters: {'n_estimators': 411, 'max_depth': 39, 'learning_rate': 0.010202029955341634, 'reg_alpha': 1.869903575454044e-08, 'reg_lambda': 3.29548999383446e-08, 'min_child_weight': 8}. Best is trial 0 with value: 0.941747572815534.
[I 2026-03-24 15:32:08,833] Trial 465 finished with value: 0.941747572815534 and parameters: {'n_estimators': 384, 'max_depth': 20, 'learning_rate': 0.018021028864585818, 'reg_alpha': 9.030753571800336e-06, 'reg_lambda': 3.959756961822768e-07, 'min_child_weight': 5}. Best is trial 0 with value: 0.941747572815534.
[I 2026-03-24 15:32:08,920] Trial 466 finished with value: 0.941747572815534 and parameters: {'n_estimators': 422, 'max_depth': 48, 'learning_rate': 0.0069770977949658395, 'reg_alpha': 7.667608292980759e-08, 'reg_lambda': 2.407266121235287e-07, 'min_child_weight': 2}. Best is trial 0 with value: 0.941747572815534.
[I 2026-03-24 15:32:09,065] Trial 467 finished with value: 0.941747572815534 and parameters: {'n_estimators': 930, 'max_depth': 34, 'learning_rate': 0.0036415678816171986, 'reg_alpha': 0.6519985016882585, 'reg_lambda': 2.1254913994033347e-06, 'min_child_weight': 4}. Best is trial 0 with value: 0.941747572815534.
[I 2026-03-24 15:32:09,173] Trial 468 finished with value: 0.941747572815534 and parameters: {'n_estimators': 642, 'max_depth': 18, 'learning_rate': 0.0018769245389757847, 'reg_alpha': 5.346369026253783e-07, 'reg_lambda': 0.16767657544454198, 'min_child_weight': 7}. Best is trial 0 with value: 0.941747572815534.
[I 2026-03-24 15:32:09,260] Trial 469 finished with value: 0.941747572815534 and parameters: {'n_estimators': 477, 'max_depth': 12, 'learning_rate': 0.001194872534202425, 'reg_alpha': 1.040624240873703e-06, 'reg_lambda': 1.0130851941247263e-07, 'min_child_weight': 9}. Best is trial 0 with value: 0.941747572815534.
[I 2026-03-24 15:32:09,337] Trial 470 finished with value: 0.941747572815534 and parameters: {'n_estimators': 275, 'max_depth': 32, 'learning_rate': 0.002159130360223497, 'reg_alpha': 2.4668326789667394e-06, 'reg_lambda': 0.0005219961819844785, 'min_child_weight': 2}. Best is trial 0 with value: 0.941747572815534.
[I 2026-03-24 15:32:09,402] Trial 471 finished with value: 0.941747572815534 and parameters: {'n_estimators': 324, 'max_depth': 26, 'learning_rate': 0.004303005803926624, 'reg_alpha': 1.9203669681027325e-07, 'reg_lambda': 7.760300439906393e-07, 'min_child_weight': 10}. Best is trial 0 with value: 0.941747572815534.
[I 2026-03-24 15:32:09,546] Trial 472 finished with value: 0.941747572815534 and parameters: {'n_estimators': 983, 'max_depth': 28, 'learning_rate': 0.0015419609670873655, 'reg_alpha': 3.297882599066974e-07, 'reg_lambda': 0.34348365305838713, 'min_child_weight': 4}. Best is trial 0 with value: 0.941747572815534.
[I 2026-03-24 15:32:09,669] Trial 473 finished with value: 0.941747572815534 and parameters: {'n_estimators': 763, 'max_depth': 6, 'learning_rate': 0.05206562060682317, 'reg_alpha': 1.28344631423815e-07, 'reg_lambda': 0.00014713578932181806, 'min_child_weight': 9}. Best is trial 0 with value: 0.941747572815534.
[I 2026-03-24 15:32:09,797] Trial 474 finished with value: 0.941747572815534 and parameters: {'n_estimators': 854, 'max_depth': 23, 'learning_rate': 0.0438854323053001, 'reg_alpha': 1.0026975515046933e-08, 'reg_lambda': 5.670198626603664e-05, 'min_child_weight': 7}. Best is trial 0 with value: 0.941747572815534.
[I 2026-03-24 15:32:09,867] Trial 475 finished with value: 0.941747572815534 and parameters: {'n_estimators': 363, 'max_depth': 19, 'learning_rate': 0.02250448771018425, 'reg_alpha': 2.5716017726751632e-05, 'reg_lambda': 1.1067890312601318e-05, 'min_child_weight': 6}. Best is trial 0 with value: 0.941747572815534.
[I 2026-03-24 15:32:09,931] Trial 476 finished with value: 0.941747572815534 and parameters: {'n_estimators': 294, 'max_depth': 8, 'learning_rate': 0.08231482702965578, 'reg_alpha': 0.08717687281593868, 'reg_lambda': 0.0019173600073215187, 'min_child_weight': 9}. Best is trial 0 with value: 0.941747572815534.
[I 2026-03-24 15:32:10,044] Trial 477 finished with value: 0.941747572815534 and parameters: {'n_estimators': 737, 'max_depth': 10, 'learning_rate': 0.0010996377462507653, 'reg_alpha': 4.396737942356929e-08, 'reg_lambda': 0.00026259009268795556, 'min_child_weight': 8}. Best is trial 0 with value: 0.941747572815534.
[I 2026-03-24 15:32:10,184] Trial 478 finished with value: 0.941747572815534 and parameters: {'n_estimators': 965, 'max_depth': 49, 'learning_rate': 0.0998300344917735, 'reg_alpha': 0.0012168116284663579, 'reg_lambda': 0.06146928637468975, 'min_child_weight': 5}. Best is trial 0 with value: 0.941747572815534.
[I 2026-03-24 15:32:10,275] Trial 479 finished with value: 0.941747572815534 and parameters: {'n_estimators': 509, 'max_depth': 11, 'learning_rate': 0.026714416866233083, 'reg_alpha': 5.90372467861595e-06, 'reg_lambda': 2.862696345586519e-05, 'min_child_weight': 10}. Best is trial 0 with value: 0.941747572815534.
[I 2026-03-24 15:32:10,356] Trial 480 finished with value: 0.941747572815534 and parameters: {'n_estimators': 431, 'max_depth': 30, 'learning_rate': 0.0032268474271868173, 'reg_alpha': 1.1941089504431042e-05, 'reg_lambda': 1.5529089813948557e-08, 'min_child_weight': 3}. Best is trial 0 with value: 0.941747572815534.
[I 2026-03-24 15:32:10,461] Trial 481 finished with value: 0.941747572815534 and parameters: {'n_estimators': 658, 'max_depth': 35, 'learning_rate': 0.037196246468249, 'reg_alpha': 1.661075562995861e-06, 'reg_lambda': 6.140287256407091e-08, 'min_child_weight': 4}. Best is trial 0 with value: 0.941747572815534.
[I 2026-03-24 15:32:10,567] Trial 482 finished with value: 0.941747572815534 and parameters: {'n_estimators': 607, 'max_depth': 15, 'learning_rate': 0.006279806431693025, 'reg_alpha': 0.005313277630034168, 'reg_lambda': 1.0347796004318696e-06, 'min_child_weight': 6}. Best is trial 0 with value: 0.941747572815534.
[I 2026-03-24 15:32:10,663] Trial 483 finished with value: 0.941747572815534 and parameters: {'n_estimators': 577, 'max_depth': 37, 'learning_rate': 0.06834842111592065, 'reg_alpha': 7.219263227041688e-05, 'reg_lambda': 4.849180618759856e-07, 'min_child_weight': 8}. Best is trial 0 with value: 0.941747572815534.
[I 2026-03-24 15:32:10,793] Trial 484 finished with value: 0.941747572815534 and parameters: {'n_estimators': 838, 'max_depth': 50, 'learning_rate': 0.0048271435259394655, 'reg_alpha': 3.3384645667306446e-06, 'reg_lambda': 6.359743105103264e-06, 'min_child_weight': 9}. Best is trial 0 with value: 0.941747572815534.
[I 2026-03-24 15:32:10,851] Trial 485 finished with value: 0.941747572815534 and parameters: {'n_estimators': 234, 'max_depth': 26, 'learning_rate': 0.0038195045248218006, 'reg_alpha': 0.0008092692151441397, 'reg_lambda': 3.1997092614822972e-06, 'min_child_weight': 7}. Best is trial 0 with value: 0.941747572815534.
[I 2026-03-24 15:32:10,976] Trial 486 finished with value: 0.941747572815534 and parameters: {'n_estimators': 451, 'max_depth': 29, 'learning_rate': 0.002578760246390949, 'reg_alpha': 7.24907884891713e-07, 'reg_lambda': 7.503511561541572e-05, 'min_child_weight': 1}. Best is trial 0 with value: 0.941747572815534.
[I 2026-03-24 15:32:11,100] Trial 487 finished with value: 0.941747572815534 and parameters: {'n_estimators': 799, 'max_depth': 46, 'learning_rate': 0.001745833174080532, 'reg_alpha': 0.002162640506188994, 'reg_lambda': 0.0007549723242628766, 'min_child_weight': 5}. Best is trial 0 with value: 0.941747572815534.
[I 2026-03-24 15:32:11,175] Trial 488 finished with value: 0.941747572815534 and parameters: {'n_estimators': 397, 'max_depth': 21, 'learning_rate': 0.008891537032805005, 'reg_alpha': 0.00013428519137832933, 'reg_lambda': 2.0170097755169805e-06, 'min_child_weight': 4}. Best is trial 0 with value: 0.941747572815534.
[I 2026-03-24 15:32:11,226] Trial 489 finished with value: 0.941747572815534 and parameters: {'n_estimators': 200, 'max_depth': 33, 'learning_rate': 0.029881080911657698, 'reg_alpha': 6.623805947282702e-08, 'reg_lambda': 0.0012658469193880624, 'min_child_weight': 9}. Best is trial 0 with value: 0.941747572815534.
[I 2026-03-24 15:32:11,354] Trial 490 finished with value: 0.941747572815534 and parameters: {'n_estimators': 625, 'max_depth': 36, 'learning_rate': 0.0027998296564069216, 'reg_alpha': 4.554441744503918e-07, 'reg_lambda': 0.00011464178706875138, 'min_child_weight': 2}. Best is trial 0 with value: 0.941747572815534.
[I 2026-03-24 15:32:11,501] Trial 491 finished with value: 0.941747572815534 and parameters: {'n_estimators': 987, 'max_depth': 9, 'learning_rate': 0.004140418744465223, 'reg_alpha': 1.0106513495733341e-07, 'reg_lambda': 0.0026718206817314743, 'min_child_weight': 3}. Best is trial 0 with value: 0.941747572815534.
[I 2026-03-24 15:32:11,645] Trial 492 finished with value: 0.941747572815534 and parameters: {'n_estimators': 941, 'max_depth': 17, 'learning_rate': 0.001413968701155069, 'reg_alpha': 2.0264737135156936e-07, 'reg_lambda': 1.4227527938777614e-05, 'min_child_weight': 7}. Best is trial 0 with value: 0.941747572815534.
[I 2026-03-24 15:32:11,703] Trial 493 finished with value: 0.941747572815534 and parameters: {'n_estimators': 252, 'max_depth': 27, 'learning_rate': 0.0113520069465297, 'reg_alpha': 2.7359292720477504e-08, 'reg_lambda': 1.0708186969431093e-08, 'min_child_weight': 10}. Best is trial 0 with value: 0.941747572815534.
[I 2026-03-24 15:32:11,836] Trial 494 finished with value: 0.941747572815534 and parameters: {'n_estimators': 892, 'max_depth': 22, 'learning_rate': 0.033765922902012434, 'reg_alpha': 0.000212573264904023, 'reg_lambda': 1.4313182784535901e-06, 'min_child_weight': 8}. Best is trial 0 with value: 0.941747572815534.
[I 2026-03-24 15:32:11,908] Trial 495 finished with value: 0.941747572815534 and parameters: {'n_estimators': 347, 'max_depth': 25, 'learning_rate': 0.013145050168263542, 'reg_alpha': 7.677526099483152e-06, 'reg_lambda': 0.0004807132967707384, 'min_child_weight': 4}. Best is trial 0 with value: 0.941747572815534.
[I 2026-03-24 15:32:11,994] Trial 496 finished with value: 0.941747572815534 and parameters: {'n_estimators': 491, 'max_depth': 48, 'learning_rate': 0.0034156984933530286, 'reg_alpha': 0.4526151745930835, 'reg_lambda': 2.703396375827937e-08, 'min_child_weight': 9}. Best is trial 0 with value: 0.941747572815534.
[I 2026-03-24 15:32:12,093] Trial 497 finished with value: 0.941747572815534 and parameters: {'n_estimators': 595, 'max_depth': 24, 'learning_rate': 0.09090429093050023, 'reg_alpha': 0.18131840259569504, 'reg_lambda': 0.022648761603862644, 'min_child_weight': 6}. Best is trial 0 with value: 0.941747572815534.
[I 2026-03-24 15:32:12,206] Trial 498 finished with value: 0.941747572815534 and parameters: {'n_estimators': 694, 'max_depth': 43, 'learning_rate': 0.07435476689482844, 'reg_alpha': 1.700866098175416e-08, 'reg_lambda': 0.008050785215357046, 'min_child_weight': 5}. Best is trial 0 with value: 0.941747572815534.
[I 2026-03-24 15:32:12,259] Trial 499 finished with value: 0.941747572815534 and parameters: {'n_estimators': 219, 'max_depth': 14, 'learning_rate': 0.001195905487815334, 'reg_alpha': 3.175650380631897e-07, 'reg_lambda': 1.7971992416517088e-07, 'min_child_weight': 10}. Best is trial 0 with value: 0.941747572815534.
[I 2026-03-24 15:32:12,366] Trial 500 finished with value: 0.941747572815534 and parameters: {'n_estimators': 675, 'max_depth': 41, 'learning_rate': 0.002058559546524151, 'reg_alpha': 0.014541859948061571, 'reg_lambda': 3.3115758091433646e-07, 'min_child_weight': 8}. Best is trial 0 with value: 0.941747572815534.
[I 2026-03-24 15:32:12,430] Trial 501 finished with value: 0.941747572815534 and parameters: {'n_estimators': 311, 'max_depth': 7, 'learning_rate': 0.003048585316151229, 'reg_alpha': 3.7967997377933226e-06, 'reg_lambda': 7.449089131892129e-07, 'min_child_weight': 7}. Best is trial 0 with value: 0.941747572815534.
[I 2026-03-24 15:32:12,550] Trial 502 finished with value: 0.941747572815534 and parameters: {'n_estimators': 777, 'max_depth': 47, 'learning_rate': 0.010178795384682828, 'reg_alpha': 2.3136295319593163e-06, 'reg_lambda': 4.541096055291898e-06, 'min_child_weight': 9}. Best is trial 0 with value: 0.941747572815534.
[I 2026-03-24 15:32:12,622] Trial 503 finished with value: 0.941747572815534 and parameters: {'n_estimators': 379, 'max_depth': 34, 'learning_rate': 0.002280918037693662, 'reg_alpha': 0.0004056532650310141, 'reg_lambda': 8.291995007200374e-06, 'min_child_weight': 4}. Best is trial 0 with value: 0.941747572815534.
[I 2026-03-24 15:32:12,713] Trial 504 finished with value: 0.941747572815534 and parameters: {'n_estimators': 538, 'max_depth': 44, 'learning_rate': 0.014807932490581788, 'reg_alpha': 1.0822204038436584e-06, 'reg_lambda': 3.8549530180395525e-08, 'min_child_weight': 9}. Best is trial 0 with value: 0.941747572815534.
[I 2026-03-24 15:32:12,854] Trial 505 finished with value: 0.9306930693069307 and parameters: {'n_estimators': 557, 'max_depth': 13, 'learning_rate': 0.007718681682712412, 'reg_alpha': 5.97258627746959e-07, 'reg_lambda': 0.00017192119163077406, 'min_child_weight': 1}. Best is trial 0 with value: 0.941747572815534.
[I 2026-03-24 15:32:12,997] Trial 506 finished with value: 0.941747572815534 and parameters: {'n_estimators': 970, 'max_depth': 32, 'learning_rate': 0.05731978242153437, 'reg_alpha': 4.3678463371217316e-05, 'reg_lambda': 2.7494901244348043e-06, 'min_child_weight': 5}. Best is trial 0 with value: 0.941747572815534.
[I 2026-03-24 15:32:13,143] Trial 507 finished with value: 0.941747572815534 and parameters: {'n_estimators': 1000, 'max_depth': 16, 'learning_rate': 0.0016097666677933268, 'reg_alpha': 5.3606514592536103e-08, 'reg_lambda': 0.0003666864360097143, 'min_child_weight': 6}. Best is trial 0 with value: 0.941747572815534.
[I 2026-03-24 15:32:13,221] Trial 508 finished with value: 0.941747572815534 and parameters: {'n_estimators': 412, 'max_depth': 46, 'learning_rate': 0.08268492293971352, 'reg_alpha': 2.5110983072536656e-07, 'reg_lambda': 3.2461538834128405e-05, 'min_child_weight': 2}. Best is trial 0 with value: 0.941747572815534.
[I 2026-03-24 15:32:13,327] Trial 509 finished with value: 0.941747572815534 and parameters: {'n_estimators': 650, 'max_depth': 21, 'learning_rate': 0.0019101030463986911, 'reg_alpha': 0.05608144915814967, 'reg_lambda': 1.5373747078863904e-08, 'min_child_weight': 3}. Best is trial 0 with value: 0.941747572815534.
[I 2026-03-24 15:32:13,464] Trial 510 finished with value: 0.941747572815534 and parameters: {'n_estimators': 922, 'max_depth': 50, 'learning_rate': 0.0010441402757236143, 'reg_alpha': 1.1572005118607076e-07, 'reg_lambda': 5.598153319961119e-07, 'min_child_weight': 8}. Best is trial 0 with value: 0.941747572815534.
[I 2026-03-24 15:32:13,582] Trial 511 finished with value: 0.941747572815534 and parameters: {'n_estimators': 752, 'max_depth': 38, 'learning_rate': 0.005275918778216787, 'reg_alpha': 1.6367600439813224e-05, 'reg_lambda': 2.1230516976717547e-05, 'min_child_weight': 7}. Best is trial 0 with value: 0.941747572815534.
[I 2026-03-24 15:32:13,684] Trial 512 finished with value: 0.941747572815534 and parameters: {'n_estimators': 632, 'max_depth': 19, 'learning_rate': 0.049578218949002634, 'reg_alpha': 5.0812571971152e-06, 'reg_lambda': 0.00025512323647685313, 'min_child_weight': 10}. Best is trial 0 with value: 0.941747572815534.
[I 2026-03-24 15:32:13,752] Trial 513 finished with value: 0.941747572815534 and parameters: {'n_estimators': 339, 'max_depth': 35, 'learning_rate': 0.021061217542084915, 'reg_alpha': 0.00010113309018239402, 'reg_lambda': 0.03766064358229711, 'min_child_weight': 4}. Best is trial 0 with value: 0.941747572815534.
[I 2026-03-24 15:32:13,831] Trial 514 finished with value: 0.941747572815534 and parameters: {'n_estimators': 435, 'max_depth': 31, 'learning_rate': 0.0036581566686574233, 'reg_alpha': 0.23654534241304045, 'reg_lambda': 1.5765240719311825e-06, 'min_child_weight': 9}. Best is trial 0 with value: 0.941747572815534.
[I 2026-03-24 15:32:13,958] Trial 515 finished with value: 0.941747572815534 and parameters: {'n_estimators': 825, 'max_depth': 33, 'learning_rate': 0.0647864204043664, 'reg_alpha': 2.9884481658372825e-08, 'reg_lambda': 0.000670518871100327, 'min_child_weight': 3}. Best is trial 0 with value: 0.941747572815534.
[I 2026-03-24 15:32:14,095] Trial 516 finished with value: 0.941747572815534 and parameters: {'n_estimators': 907, 'max_depth': 23, 'learning_rate': 0.024559328466153708, 'reg_alpha': 4.1364026618303975e-07, 'reg_lambda': 0.0058719105565857395, 'min_child_weight': 8}. Best is trial 0 with value: 0.941747572815534.
[I 2026-03-24 15:32:14,196] Trial 517 finished with value: 0.941747572815534 and parameters: {'n_estimators': 610, 'max_depth': 28, 'learning_rate': 0.0013105636128240652, 'reg_alpha': 1.5168188283510769e-06, 'reg_lambda': 0.0010786734895828643, 'min_child_weight': 4}. Best is trial 0 with value: 0.941747572815534.
[I 2026-03-24 15:32:14,265] Trial 518 finished with value: 0.941747572815534 and parameters: {'n_estimators': 354, 'max_depth': 30, 'learning_rate': 0.04126111693903704, 'reg_alpha': 1.4335668226504045e-08, 'reg_lambda': 1.0560567900522085e-05, 'min_child_weight': 7}. Best is trial 0 with value: 0.941747572815534.
[I 2026-03-24 15:32:14,355] Trial 519 finished with value: 0.941747572815534 and parameters: {'n_estimators': 519, 'max_depth': 18, 'learning_rate': 0.001495113269024337, 'reg_alpha': 2.8015935755710002e-06, 'reg_lambda': 5.34592630226602e-06, 'min_child_weight': 6}. Best is trial 0 with value: 0.941747572815534.
[I 2026-03-24 15:32:14,438] Trial 520 finished with value: 0.941747572815534 and parameters: {'n_estimators': 470, 'max_depth': 20, 'learning_rate': 0.0018049563545734595, 'reg_alpha': 7.490724564785651e-07, 'reg_lambda': 0.11019707824250599, 'min_child_weight': 10}. Best is trial 0 with value: 0.941747572815534.
