[I 2026-03-24 15:34:40,024] Trial 99 finished with value: 0.9411764705882353 and parameters: {'n_estimators': 825, 'max_depth': 11, 'learning_rate': 0.005795241325795985, 'reg_alpha': 0.24897532506874737, 'reg_lambda': 4.296811002730882e-07, 'min_child_weight': 1}. Best is trial 0 with value: 0.941747572815534.
[I 2026-03-24 15:34:40,094] Trial 100 finished with value: 0.941747572815534 and parameters: {'n_estimators': 320, 'max_depth': 23, 'learning_rate': 0.06223528562660301, 'reg_alpha': 3.831834814418223e-05, 'reg_lambda': 1.4791538481029514e-08, 'min_child_weight': 7}. Best is trial 0 with value: 0.941747572815534.
[I 2026-03-24 15:34:40,234] Trial 101 finished with value: 0.941747572815534 and parameters: {'n_estimators': 777, 'max_depth': 46, 'learning_rate': 0.0894989817017919, 'reg_alpha': 0.00012547213373838236, 'reg_lambda': 2.8315340987988746e-05, 'min_child_weight': 6}. Best is trial 0 with value: 0.941747572815534.
[I 2026-03-24 15:34:40,371] Trial 102 finished with value: 0.941747572815534 and parameters: {'n_estimators': 689, 'max_depth': 43, 'learning_rate': 0.07984659492383127, 'reg_alpha': 1.5717745435313217e-05, 'reg_lambda': 2.7451195301650136e-08, 'min_child_weight': 10}. Best is trial 0 with value: 0.941747572815534.
[I 2026-03-24 15:34:40,516] Trial 103 finished with value: 0.941747572815534 and parameters: {'n_estimators': 812, 'max_depth': 44, 'learning_rate': 0.04507813162724791, 'reg_alpha': 3.6500706738811944e-06, 'reg_lambda': 1.6226464910904897e-06, 'min_child_weight': 4}. Best is trial 0 with value: 0.941747572815534.
[I 2026-03-24 15:34:40,651] Trial 104 finished with value: 0.941747572815534 and parameters: {'n_estimators': 742, 'max_depth': 25, 'learning_rate': 0.008217563124348154, 'reg_alpha': 1.9767643222837025e-06, 'reg_lambda': 6.432438992994641e-06, 'min_child_weight': 8}. Best is trial 0 with value: 0.941747572815534.
[I 2026-03-24 15:34:40,803] Trial 105 finished with value: 0.941747572815534 and parameters: {'n_estimators': 840, 'max_depth': 41, 'learning_rate': 0.06697647188454255, 'reg_alpha': 0.5298747294569225, 'reg_lambda': 7.408428723292819e-07, 'min_child_weight': 9}. Best is trial 0 with value: 0.941747572815534.
[I 2026-03-24 15:34:40,939] Trial 106 finished with value: 0.941747572815534 and parameters: {'n_estimators': 757, 'max_depth': 8, 'learning_rate': 0.09359011688491421, 'reg_alpha': 0.008577112965190987, 'reg_lambda': 0.18389721127250663, 'min_child_weight': 5}. Best is trial 0 with value: 0.941747572815534.
[I 2026-03-24 15:34:41,071] Trial 107 finished with value: 0.941747572815534 and parameters: {'n_estimators': 725, 'max_depth': 38, 'learning_rate': 0.08459550819112671, 'reg_alpha': 1.7061171529927555e-07, 'reg_lambda': 0.061017583990937645, 'min_child_weight': 10}. Best is trial 0 with value: 0.941747572815534.
[I 2026-03-24 15:34:41,160] Trial 108 finished with value: 0.941747572815534 and parameters: {'n_estimators': 424, 'max_depth': 48, 'learning_rate': 0.07220461515387881, 'reg_alpha': 0.0004926180396782555, 'reg_lambda': 8.884949304203996e-08, 'min_child_weight': 7}. Best is trial 0 with value: 0.941747572815534.
[I 2026-03-24 15:34:41,265] Trial 109 finished with value: 0.941747572815534 and parameters: {'n_estimators': 522, 'max_depth': 27, 'learning_rate': 0.006778026703762717, 'reg_alpha': 0.003661941905118247, 'reg_lambda': 0.10380590153037063, 'min_child_weight': 3}. Best is trial 0 with value: 0.941747572815534.
[I 2026-03-24 15:34:41,395] Trial 110 finished with value: 0.941747572815534 and parameters: {'n_estimators': 665, 'max_depth': 42, 'learning_rate': 0.009420850490256344, 'reg_alpha': 7.108420172644037e-05, 'reg_lambda': 9.277185077647912e-05, 'min_child_weight': 9}. Best is trial 0 with value: 0.941747572815534.
[I 2026-03-24 15:34:41,543] Trial 111 finished with value: 0.941747572815534 and parameters: {'n_estimators': 792, 'max_depth': 45, 'learning_rate': 0.0019060618828117088, 'reg_alpha': 0.005045895742190511, 'reg_lambda': 0.0014172202474245278, 'min_child_weight': 3}. Best is trial 0 with value: 0.941747572815534.
[I 2026-03-24 15:34:41,683] Trial 112 finished with value: 0.941747572815534 and parameters: {'n_estimators': 499, 'max_depth': 39, 'learning_rate': 0.0023229322068985562, 'reg_alpha': 0.05602058036092343, 'reg_lambda': 0.005829137439845804, 'min_child_weight': 2}. Best is trial 0 with value: 0.941747572815534.
[I 2026-03-24 15:34:41,782] Trial 113 finished with value: 0.941747572815534 and parameters: {'n_estimators': 467, 'max_depth': 30, 'learning_rate': 0.0030328440753751317, 'reg_alpha': 0.012763801470186669, 'reg_lambda': 0.011250923485087294, 'min_child_weight': 3}. Best is trial 0 with value: 0.941747572815534.
[I 2026-03-24 15:34:42,014] Trial 114 finished with value: 0.941747572815534 and parameters: {'n_estimators': 853, 'max_depth': 21, 'learning_rate': 0.0015537453021598716, 'reg_alpha': 0.0018229955850999039, 'reg_lambda': 3.798324976382572e-08, 'min_child_weight': 2}. Best is trial 0 with value: 0.941747572815534.
[I 2026-03-24 15:34:42,160] Trial 115 finished with value: 0.941747572815534 and parameters: {'n_estimators': 811, 'max_depth': 41, 'learning_rate': 0.0017186778502684362, 'reg_alpha': 5.793627988624057e-07, 'reg_lambda': 0.004494423813760799, 'min_child_weight': 3}. Best is trial 0 with value: 0.941747572815534.
[I 2026-03-24 15:34:42,273] Trial 116 finished with value: 0.941747572815534 and parameters: {'n_estimators': 583, 'max_depth': 47, 'learning_rate': 0.0022689075496302212, 'reg_alpha': 0.0005956098398207082, 'reg_lambda': 0.00021630866975180622, 'min_child_weight': 6}. Best is trial 0 with value: 0.941747572815534.
[I 2026-03-24 15:34:42,430] Trial 117 finished with value: 0.941747572815534 and parameters: {'n_estimators': 879, 'max_depth': 49, 'learning_rate': 0.0044608618624139345, 'reg_alpha': 0.0010525411753041247, 'reg_lambda': 0.021108367633314005, 'min_child_weight': 8}. Best is trial 0 with value: 0.941747572815534.
[I 2026-03-24 15:34:42,579] Trial 118 finished with value: 0.941747572815534 and parameters: {'n_estimators': 767, 'max_depth': 42, 'learning_rate': 0.005144320810165915, 'reg_alpha': 5.195322436123077e-08, 'reg_lambda': 1.0994328331245251e-07, 'min_child_weight': 4}. Best is trial 0 with value: 0.941747572815534.
[I 2026-03-24 15:34:42,765] Trial 119 finished with value: 0.941747572815534 and parameters: {'n_estimators': 939, 'max_depth': 22, 'learning_rate': 0.007275258115370702, 'reg_alpha': 0.0002945850466704119, 'reg_lambda': 2.231007417383389e-08, 'min_child_weight': 10}. Best is trial 0 with value: 0.941747572815534.
[I 2026-03-24 15:34:42,884] Trial 120 finished with value: 0.941747572815534 and parameters: {'n_estimators': 636, 'max_depth': 40, 'learning_rate': 0.00804234057642632, 'reg_alpha': 9.393845363880812e-07, 'reg_lambda': 0.35921594772482235, 'min_child_weight': 3}. Best is trial 0 with value: 0.941747572815534.
[I 2026-03-24 15:34:43,059] Trial 121 finished with value: 0.941747572815534 and parameters: {'n_estimators': 999, 'max_depth': 37, 'learning_rate': 0.0018864878157786667, 'reg_alpha': 2.6706633540719382e-05, 'reg_lambda': 9.41877367164714e-05, 'min_child_weight': 6}. Best is trial 0 with value: 0.941747572815534.
[I 2026-03-24 15:34:43,174] Trial 122 finished with value: 0.941747572815534 and parameters: {'n_estimators': 618, 'max_depth': 32, 'learning_rate': 0.0010004917934944586, 'reg_alpha': 9.39625747675399e-06, 'reg_lambda': 3.0340810355934246e-05, 'min_child_weight': 7}. Best is trial 0 with value: 0.941747572815534.
[I 2026-03-24 15:34:43,305] Trial 123 finished with value: 0.941747572815534 and parameters: {'n_estimators': 710, 'max_depth': 34, 'learning_rate': 0.0013646937186901284, 'reg_alpha': 0.00011363384485323052, 'reg_lambda': 0.0005341543458168592, 'min_child_weight': 5}. Best is trial 0 with value: 0.941747572815534.
[I 2026-03-24 15:34:43,364] Trial 124 finished with value: 0.941747572815534 and parameters: {'n_estimators': 222, 'max_depth': 38, 'learning_rate': 0.0011997237193442695, 'reg_alpha': 1.901953447705694e-05, 'reg_lambda': 1.4060996880027307e-05, 'min_child_weight': 7}. Best is trial 0 with value: 0.941747572815534.
[I 2026-03-24 15:34:43,491] Trial 125 finished with value: 0.941747572815534 and parameters: {'n_estimators': 670, 'max_depth': 24, 'learning_rate': 0.0011503876594984757, 'reg_alpha': 4.3438922282709506e-05, 'reg_lambda': 1.017760826691699e-08, 'min_child_weight': 6}. Best is trial 0 with value: 0.941747572815534.
[I 2026-03-24 15:34:43,628] Trial 126 finished with value: 0.941747572815534 and parameters: {'n_estimators': 726, 'max_depth': 44, 'learning_rate': 0.0027392546182009297, 'reg_alpha': 0.03287098490824462, 'reg_lambda': 5.843022465674103e-05, 'min_child_weight': 5}. Best is trial 0 with value: 0.941747572815534.
[I 2026-03-24 15:34:43,712] Trial 127 finished with value: 0.941747572815534 and parameters: {'n_estimators': 379, 'max_depth': 43, 'learning_rate': 0.012242796457658215, 'reg_alpha': 2.2712400686554558e-07, 'reg_lambda': 0.0011159395076561144, 'min_child_weight': 4}. Best is trial 0 with value: 0.941747572815534.
[I 2026-03-24 15:34:43,819] Trial 128 finished with value: 0.941747572815534 and parameters: {'n_estimators': 543, 'max_depth': 40, 'learning_rate': 0.010373401892730174, 'reg_alpha': 0.08712216015864771, 'reg_lambda': 0.00032920478382555664, 'min_child_weight': 10}. Best is trial 0 with value: 0.941747572815534.
[I 2026-03-24 15:34:43,954] Trial 129 finished with value: 0.941747572815534 and parameters: {'n_estimators': 693, 'max_depth': 19, 'learning_rate': 0.02672742448262635, 'reg_alpha': 5.17973285653008e-06, 'reg_lambda': 0.13516775203151107, 'min_child_weight': 6}. Best is trial 0 with value: 0.941747572815534.
[I 2026-03-24 15:34:44,083] Trial 130 finished with value: 0.941747572815534 and parameters: {'n_estimators': 650, 'max_depth': 35, 'learning_rate': 0.0014621399911292946, 'reg_alpha': 1.0653585883154848e-07, 'reg_lambda': 1.9070724699911685e-07, 'min_child_weight': 9}. Best is trial 0 with value: 0.941747572815534.
[I 2026-03-24 15:34:44,260] Trial 131 finished with value: 0.941747572815534 and parameters: {'n_estimators': 995, 'max_depth': 49, 'learning_rate': 0.00347008057320388, 'reg_alpha': 0.0026956576746610555, 'reg_lambda': 2.9764919211204574e-06, 'min_child_weight': 5}. Best is trial 0 with value: 0.941747572815534.
[I 2026-03-24 15:34:44,404] Trial 132 finished with value: 0.941747572815534 and parameters: {'n_estimators': 785, 'max_depth': 46, 'learning_rate': 0.0041154969927421625, 'reg_alpha': 0.006317181524646262, 'reg_lambda': 0.2601844601272545, 'min_child_weight': 3}. Best is trial 0 with value: 0.941747572815534.
[I 2026-03-24 15:34:44,575] Trial 133 finished with value: 0.941747572815534 and parameters: {'n_estimators': 964, 'max_depth': 28, 'learning_rate': 0.060708079271189784, 'reg_alpha': 0.0011314129811292397, 'reg_lambda': 1.9389153196954254e-06, 'min_child_weight': 4}. Best is trial 0 with value: 0.941747572815534.
[I 2026-03-24 15:34:44,689] Trial 134 finished with value: 0.941747572815534 and parameters: {'n_estimators': 597, 'max_depth': 36, 'learning_rate': 0.0030016261290046523, 'reg_alpha': 0.004128532005894951, 'reg_lambda': 7.764229589669327e-06, 'min_child_weight': 3}. Best is trial 0 with value: 0.941747572815534.
[I 2026-03-24 15:34:44,850] Trial 135 finished with value: 0.941747572815534 and parameters: {'n_estimators': 903, 'max_depth': 31, 'learning_rate': 0.09806121729421022, 'reg_alpha': 0.0016649941181858382, 'reg_lambda': 0.03714182299749275, 'min_child_weight': 5}. Best is trial 0 with value: 0.941747572815534.
[I 2026-03-24 15:34:45,002] Trial 136 finished with value: 0.941747572815534 and parameters: {'n_estimators': 842, 'max_depth': 16, 'learning_rate': 0.006400551873914247, 'reg_alpha': 0.009654066308528221, 'reg_lambda': 9.391599062955429e-07, 'min_child_weight': 4}. Best is trial 0 with value: 0.941747572815534.
[I 2026-03-24 15:34:45,069] Trial 137 finished with value: 0.941747572815534 and parameters: {'n_estimators': 277, 'max_depth': 50, 'learning_rate': 0.008879064621209071, 'reg_alpha': 0.18528234969328947, 'reg_lambda': 3.1182924757745796e-07, 'min_child_weight': 8}. Best is trial 0 with value: 0.941747572815534.
[I 2026-03-24 15:34:45,241] Trial 138 finished with value: 0.941747572815534 and parameters: {'n_estimators': 977, 'max_depth': 44, 'learning_rate': 0.05355775101402574, 'reg_alpha': 0.0004512643511991326, 'reg_lambda': 0.0625547182192545, 'min_child_weight': 3}. Best is trial 0 with value: 0.941747572815534.
[I 2026-03-24 15:34:45,408] Trial 139 finished with value: 0.941747572815534 and parameters: {'n_estimators': 944, 'max_depth': 13, 'learning_rate': 0.0020968566236992886, 'reg_alpha': 0.002792048238526153, 'reg_lambda': 5.3252466240925926e-06, 'min_child_weight': 5}. Best is trial 0 with value: 0.941747572815534.
[I 2026-03-24 15:34:45,499] Trial 140 finished with value: 0.941747572815534 and parameters: {'n_estimators': 437, 'max_depth': 38, 'learning_rate': 0.07448137973893701, 'reg_alpha': 0.0008260799955013208, 'reg_lambda': 1.976442082850764e-06, 'min_child_weight': 10}. Best is trial 0 with value: 0.941747572815534.
[I 2026-03-24 15:34:45,646] Trial 141 finished with value: 0.941747572815534 and parameters: {'n_estimators': 801, 'max_depth': 41, 'learning_rate': 0.04427062543098464, 'reg_alpha': 0.0001718490279016191, 'reg_lambda': 0.7451939616928902, 'min_child_weight': 8}. Best is trial 0 with value: 0.941747572815534.
[I 2026-03-24 15:34:45,802] Trial 142 finished with value: 0.941747572815534 and parameters: {'n_estimators': 866, 'max_depth': 39, 'learning_rate': 0.021166422065135936, 'reg_alpha': 5.3069855100580055e-05, 'reg_lambda': 0.31638156024588615, 'min_child_weight': 7}. Best is trial 0 with value: 0.941747572815534.
[I 2026-03-24 15:34:45,889] Trial 143 finished with value: 0.941747572815534 and parameters: {'n_estimators': 406, 'max_depth': 43, 'learning_rate': 0.034892390999349786, 'reg_alpha': 0.3883589869312539, 'reg_lambda': 0.5625848992878407, 'min_child_weight': 9}. Best is trial 0 with value: 0.941747572815534.
[I 2026-03-24 15:34:46,038] Trial 144 finished with value: 0.941747572815534 and parameters: {'n_estimators': 822, 'max_depth': 40, 'learning_rate': 0.08702566798197994, 'reg_alpha': 0.00017262421775891032, 'reg_lambda': 0.0001484559183451853, 'min_child_weight': 7}. Best is trial 0 with value: 0.941747572815534.
[I 2026-03-24 15:34:46,114] Trial 145 finished with value: 0.941747572815534 and parameters: {'n_estimators': 310, 'max_depth': 42, 'learning_rate': 0.0026653296290740573, 'reg_alpha': 3.4933895656029403e-07, 'reg_lambda': 0.1925672356168764, 'min_child_weight': 8}. Best is trial 0 with value: 0.941747572815534.
[I 2026-03-24 15:34:46,208] Trial 146 finished with value: 0.941747572815534 and parameters: {'n_estimators': 458, 'max_depth': 45, 'learning_rate': 0.005629207860727292, 'reg_alpha': 0.021221272306932767, 'reg_lambda': 6.025455663751336e-08, 'min_child_weight': 9}. Best is trial 0 with value: 0.941747572815534.
[I 2026-03-24 15:34:46,287] Trial 147 finished with value: 0.941747572815534 and parameters: {'n_estimators': 356, 'max_depth': 47, 'learning_rate': 0.06685431040104911, 'reg_alpha': 0.0002744266130978533, 'reg_lambda': 0.8305985190561586, 'min_child_weight': 3}. Best is trial 0 with value: 0.941747572815534.
[I 2026-03-24 15:34:46,429] Trial 148 finished with value: 0.941747572815534 and parameters: {'n_estimators': 749, 'max_depth': 42, 'learning_rate': 0.0016462994792739126, 'reg_alpha': 0.001464579265165832, 'reg_lambda': 4.054820386980667e-05, 'min_child_weight': 8}. Best is trial 0 with value: 0.941747572815534.
[I 2026-03-24 15:34:46,532] Trial 149 finished with value: 0.941747572815534 and parameters: {'n_estimators': 485, 'max_depth': 29, 'learning_rate': 0.003809764065184571, 'reg_alpha': 2.8827452050902723e-05, 'reg_lambda': 1.585349686430672e-08, 'min_child_weight': 10}. Best is trial 0 with value: 0.941747572815534.
[I 2026-03-24 15:34:46,684] Trial 150 finished with value: 0.941747572815534 and parameters: {'n_estimators': 829, 'max_depth': 41, 'learning_rate': 0.0024323955080298018, 'reg_alpha': 0.0003448608166577045, 'reg_lambda': 0.08787885408057033, 'min_child_weight': 3}. Best is trial 0 with value: 0.941747572815534.
[I 2026-03-24 15:34:46,839] Trial 151 finished with value: 0.941747572815534 and parameters: {'n_estimators': 853, 'max_depth': 9, 'learning_rate': 0.0835779585949447, 'reg_alpha': 4.8478964538481213e-08, 'reg_lambda': 2.9296154986451096e-06, 'min_child_weight': 10}. Best is trial 0 with value: 0.941747572815534.
[I 2026-03-24 15:34:46,997] Trial 152 finished with value: 0.941747572815534 and parameters: {'n_estimators': 878, 'max_depth': 20, 'learning_rate': 0.0968637413586879, 'reg_alpha': 0.0007742833974344218, 'reg_lambda': 1.1366468102261589e-06, 'min_child_weight': 10}. Best is trial 0 with value: 0.941747572815534.
[I 2026-03-24 15:34:47,164] Trial 153 finished with value: 0.941747572815534 and parameters: {'n_estimators': 926, 'max_depth': 11, 'learning_rate': 0.011466892647179372, 'reg_alpha': 1.637950503239728e-08, 'reg_lambda': 4.790073804749136e-06, 'min_child_weight': 10}. Best is trial 0 with value: 0.941747572815534.
[I 2026-03-24 15:34:47,369] Trial 154 finished with value: 0.9365853658536586 and parameters: {'n_estimators': 783, 'max_depth': 23, 'learning_rate': 0.07590080886158483, 'reg_alpha': 3.8129633698778276e-08, 'reg_lambda': 0.00318096781689556, 'min_child_weight': 2}. Best is trial 0 with value: 0.941747572815534.
[I 2026-03-24 15:34:47,434] Trial 155 finished with value: 0.941747572815534 and parameters: {'n_estimators': 248, 'max_depth': 17, 'learning_rate': 0.004948931695412862, 'reg_alpha': 1.0678668017782117e-05, 'reg_lambda': 4.2351828911613686e-07, 'min_child_weight': 9}. Best is trial 0 with value: 0.941747572815534.
[I 2026-03-24 15:34:47,588] Trial 156 finished with value: 0.941747572815534 and parameters: {'n_estimators': 830, 'max_depth': 40, 'learning_rate': 0.016608784210745332, 'reg_alpha': 2.6779951010186878e-08, 'reg_lambda': 3.306384814537606e-08, 'min_child_weight': 6}. Best is trial 0 with value: 0.941747572815534.
[I 2026-03-24 15:34:47,737] Trial 157 finished with value: 0.941747572815534 and parameters: {'n_estimators': 807, 'max_depth': 26, 'learning_rate': 0.0011087439429190934, 'reg_alpha': 1.3996049295213718e-06, 'reg_lambda': 5.981153287999011e-07, 'min_child_weight': 10}. Best is trial 0 with value: 0.941747572815534.
[I 2026-03-24 15:34:47,912] Trial 158 finished with value: 0.941747572815534 and parameters: {'n_estimators': 978, 'max_depth': 15, 'learning_rate': 0.007665926980670808, 'reg_alpha': 0.04770383124660728, 'reg_lambda': 0.0015970941316371138, 'min_child_weight': 4}. Best is trial 0 with value: 0.941747572815534.
[I 2026-03-24 15:34:48,053] Trial 159 finished with value: 0.941747572815534 and parameters: {'n_estimators': 771, 'max_depth': 18, 'learning_rate': 0.030113443552600653, 'reg_alpha': 1.2280867725390825e-07, 'reg_lambda': 2.208436018268624e-08, 'min_child_weight': 7}. Best is trial 0 with value: 0.941747572815534.
[I 2026-03-24 15:34:48,221] Trial 160 finished with value: 0.941747572815534 and parameters: {'n_estimators': 889, 'max_depth': 25, 'learning_rate': 0.06786095344078336, 'reg_alpha': 0.0005945621533366368, 'reg_lambda': 0.44208622248209106, 'min_child_weight': 9}. Best is trial 0 with value: 0.941747572815534.
[I 2026-03-24 15:34:48,362] Trial 161 finished with value: 0.941747572815534 and parameters: {'n_estimators': 717, 'max_depth': 45, 'learning_rate': 0.0033145413293426823, 'reg_alpha': 0.002305332846215111, 'reg_lambda': 1.0830553872829443e-05, 'min_child_weight': 4}. Best is trial 0 with value: 0.941747572815534.
[I 2026-03-24 15:34:48,496] Trial 162 finished with value: 0.941747572815534 and parameters: {'n_estimators': 675, 'max_depth': 43, 'learning_rate': 0.0029729486744245466, 'reg_alpha': 6.289790166363248e-07, 'reg_lambda': 4.329807873125109e-06, 'min_child_weight': 5}. Best is trial 0 with value: 0.941747572815534.
[I 2026-03-24 15:34:48,632] Trial 163 finished with value: 0.941747572815534 and parameters: {'n_estimators': 735, 'max_depth': 49, 'learning_rate': 0.08010037652334852, 'reg_alpha': 7.946515438831814e-05, 'reg_lambda': 1.2786138216178795e-05, 'min_child_weight': 3}. Best is trial 0 with value: 0.941747572815534.
[I 2026-03-24 15:34:48,771] Trial 164 finished with value: 0.941747572815534 and parameters: {'n_estimators': 758, 'max_depth': 46, 'learning_rate': 0.0044232378587929855, 'reg_alpha': 3.4886390174213025e-05, 'reg_lambda': 2.079446669885983e-05, 'min_child_weight': 4}. Best is trial 0 with value: 0.941747572815534.
[I 2026-03-24 15:34:48,895] Trial 165 finished with value: 0.941747572815534 and parameters: {'n_estimators': 651, 'max_depth': 37, 'learning_rate': 0.009573518840470911, 'reg_alpha': 1.8594081184438114e-05, 'reg_lambda': 2.549698149418533e-06, 'min_child_weight': 3}. Best is trial 0 with value: 0.941747572815534.
[I 2026-03-24 15:34:49,028] Trial 166 finished with value: 0.941747572815534 and parameters: {'n_estimators': 701, 'max_depth': 33, 'learning_rate': 0.0014273797999284233, 'reg_alpha': 0.0012378232294196494, 'reg_lambda': 0.00010175577139224623, 'min_child_weight': 5}. Best is trial 0 with value: 0.941747572815534.
[I 2026-03-24 15:34:49,173] Trial 167 finished with value: 0.941747572815534 and parameters: {'n_estimators': 791, 'max_depth': 48, 'learning_rate': 0.0017687805231240822, 'reg_alpha': 0.004596002593608697, 'reg_lambda': 1.4427500983784456e-06, 'min_child_weight': 10}. Best is trial 0 with value: 0.941747572815534.
