[I 2026-03-24 15:40:08,045] Trial 526 finished with value: 0.9154228855721394 and parameters: {'n_estimators': 767, 'max_depth': 24, 'learning_rate': 0.007255208879403883, 'reg_alpha': 2.6099401122156745e-06, 'reg_lambda': 1.9130508049609432e-08, 'min_child_weight': 4}. Best is trial 0 with value: 0.9154228855721394.
[I 2026-03-24 15:40:08,131] Trial 527 finished with value: 0.9154228855721394 and parameters: {'n_estimators': 468, 'max_depth': 16, 'learning_rate': 0.017603339622967423, 'reg_alpha': 0.00040729418352335384, 'reg_lambda': 3.201712333226399e-08, 'min_child_weight': 5}. Best is trial 0 with value: 0.9154228855721394.
[I 2026-03-24 15:40:08,187] Trial 528 finished with value: 0.9154228855721394 and parameters: {'n_estimators': 215, 'max_depth': 37, 'learning_rate': 0.0026581216639656674, 'reg_alpha': 0.00016689619558495623, 'reg_lambda': 0.00011635669378545566, 'min_child_weight': 2}. Best is trial 0 with value: 0.9154228855721394.
[I 2026-03-24 15:40:08,395] Trial 529 finished with value: 0.9154228855721394 and parameters: {'n_estimators': 946, 'max_depth': 25, 'learning_rate': 0.005740155896120837, 'reg_alpha': 7.572291087055263e-06, 'reg_lambda': 7.161119187347772e-07, 'min_child_weight': 1}. Best is trial 0 with value: 0.9154228855721394.
[I 2026-03-24 15:40:08,454] Trial 530 finished with value: 0.9154228855721394 and parameters: {'n_estimators': 264, 'max_depth': 50, 'learning_rate': 0.003063063081415981, 'reg_alpha': 0.3513995371593387, 'reg_lambda': 7.003192370114667e-06, 'min_child_weight': 6}. Best is trial 0 with value: 0.9154228855721394.
[I 2026-03-24 15:40:08,551] Trial 531 finished with value: 0.9154228855721394 and parameters: {'n_estimators': 572, 'max_depth': 34, 'learning_rate': 0.0010014729335596, 'reg_alpha': 2.8552327167789697e-05, 'reg_lambda': 0.00708102853599911, 'min_child_weight': 3}. Best is trial 0 with value: 0.9154228855721394.
[I 2026-03-24 15:40:08,615] Trial 532 finished with value: 0.9154228855721394 and parameters: {'n_estimators': 297, 'max_depth': 44, 'learning_rate': 0.004256137824429235, 'reg_alpha': 3.83146725122778e-06, 'reg_lambda': 0.07909360177130467, 'min_child_weight': 5}. Best is trial 0 with value: 0.9154228855721394.
[I 2026-03-24 15:40:08,681] Trial 533 finished with value: 0.9154228855721394 and parameters: {'n_estimators': 323, 'max_depth': 13, 'learning_rate': 0.0048567317663487245, 'reg_alpha': 2.255033553682513e-08, 'reg_lambda': 0.004285931594628985, 'min_child_weight': 7}. Best is trial 0 with value: 0.9154228855721394.
[I 2026-03-24 15:40:08,737] Trial 534 finished with value: 0.9154228855721394 and parameters: {'n_estimators': 234, 'max_depth': 39, 'learning_rate': 0.0390405261580145, 'reg_alpha': 0.004429997158739991, 'reg_lambda': 0.0002538373479733761, 'min_child_weight': 10}. Best is trial 0 with value: 0.9154228855721394.
[I 2026-03-24 15:40:08,850] Trial 535 finished with value: 0.9154228855721394 and parameters: {'n_estimators': 505, 'max_depth': 33, 'learning_rate': 0.021146166608261137, 'reg_alpha': 0.010941666254831095, 'reg_lambda': 2.474364485203861e-07, 'min_child_weight': 1}. Best is trial 0 with value: 0.9154228855721394.
[I 2026-03-24 15:40:08,998] Trial 536 finished with value: 0.9154228855721394 and parameters: {'n_estimators': 970, 'max_depth': 36, 'learning_rate': 0.013138424049447076, 'reg_alpha': 1.1709461626008267e-05, 'reg_lambda': 4.6364813500456294e-05, 'min_child_weight': 6}. Best is trial 0 with value: 0.9154228855721394.
[I 2026-03-24 15:40:09,103] Trial 537 finished with value: 0.9154228855721394 and parameters: {'n_estimators': 633, 'max_depth': 48, 'learning_rate': 0.008801271874982468, 'reg_alpha': 1.1255962048515098e-06, 'reg_lambda': 1.2943356558736722e-05, 'min_child_weight': 4}. Best is trial 0 with value: 0.9154228855721394.
[I 2026-03-24 15:40:09,253] Trial 538 finished with value: 0.9154228855721394 and parameters: {'n_estimators': 999, 'max_depth': 9, 'learning_rate': 0.0012184990650266731, 'reg_alpha': 0.19033452198159756, 'reg_lambda': 2.687917982810755e-06, 'min_child_weight': 8}. Best is trial 0 with value: 0.9154228855721394.
[I 2026-03-24 15:40:09,348] Trial 539 finished with value: 0.9154228855721394 and parameters: {'n_estimators': 550, 'max_depth': 42, 'learning_rate': 0.07685454255294248, 'reg_alpha': 0.00217582870575978, 'reg_lambda': 0.00020735214370266384, 'min_child_weight': 5}. Best is trial 0 with value: 0.9154228855721394.
[I 2026-03-24 15:40:09,399] Trial 540 finished with value: 0.9154228855721394 and parameters: {'n_estimators': 200, 'max_depth': 19, 'learning_rate': 0.0034927385334311374, 'reg_alpha': 9.312593196908466e-05, 'reg_lambda': 2.6721401476725085e-05, 'min_child_weight': 7}. Best is trial 0 with value: 0.9154228855721394.
[I 2026-03-24 15:40:09,540] Trial 541 finished with value: 0.9154228855721394 and parameters: {'n_estimators': 929, 'max_depth': 26, 'learning_rate': 0.007638755401733139, 'reg_alpha': 0.02337000600837728, 'reg_lambda': 1.2420926495832885e-06, 'min_child_weight': 9}. Best is trial 0 with value: 0.9154228855721394.
[I 2026-03-24 15:40:09,647] Trial 542 finished with value: 0.9154228855721394 and parameters: {'n_estimators': 669, 'max_depth': 44, 'learning_rate': 0.02806556882067426, 'reg_alpha': 0.0005045923068592347, 'reg_lambda': 5.085550662494223e-07, 'min_child_weight': 3}. Best is trial 0 with value: 0.9154228855721394.
[I 2026-03-24 15:40:09,766] Trial 543 finished with value: 0.9154228855721394 and parameters: {'n_estimators': 749, 'max_depth': 46, 'learning_rate': 0.09919961793261443, 'reg_alpha': 6.483420832643883e-07, 'reg_lambda': 0.18406607029907762, 'min_child_weight': 2}. Best is trial 0 with value: 0.9154228855721394.
[I 2026-03-24 15:40:09,841] Trial 544 finished with value: 0.9154228855721394 and parameters: {'n_estimators': 246, 'max_depth': 23, 'learning_rate': 0.006108950869690082, 'reg_alpha': 0.001258827871448332, 'reg_lambda': 0.002870561345952945, 'min_child_weight': 1}. Best is trial 0 with value: 0.9154228855721394.
[I 2026-03-24 15:40:09,902] Trial 545 finished with value: 0.9154228855721394 and parameters: {'n_estimators': 277, 'max_depth': 32, 'learning_rate': 0.0022545546539935466, 'reg_alpha': 5.524752996218625e-06, 'reg_lambda': 0.0006060651615842488, 'min_child_weight': 6}. Best is trial 0 with value: 0.9154228855721394.
[I 2026-03-24 15:40:09,972] Trial 546 finished with value: 0.9154228855721394 and parameters: {'n_estimators': 354, 'max_depth': 49, 'learning_rate': 0.0028725023861394094, 'reg_alpha': 0.04681327848354421, 'reg_lambda': 0.014483481368282584, 'min_child_weight': 4}. Best is trial 0 with value: 0.9154228855721394.
[I 2026-03-24 15:40:10,041] Trial 547 finished with value: 0.9154228855721394 and parameters: {'n_estimators': 335, 'max_depth': 37, 'learning_rate': 0.06669700562560815, 'reg_alpha': 0.0008095208275196444, 'reg_lambda': 5.003025495172516e-06, 'min_child_weight': 7}. Best is trial 0 with value: 0.9154228855721394.
[I 2026-03-24 15:40:10,151] Trial 548 finished with value: 0.9154228855721394 and parameters: {'n_estimators': 482, 'max_depth': 31, 'learning_rate': 0.015915056618887057, 'reg_alpha': 0.00012955238811609876, 'reg_lambda': 0.11307224048797186, 'min_child_weight': 5}. Best is trial 0 with value: 0.9154228855721394.
[I 2026-03-24 15:40:10,254] Trial 549 finished with value: 0.9154228855721394 and parameters: {'n_estimators': 624, 'max_depth': 29, 'learning_rate': 0.0014380776113679253, 'reg_alpha': 2.2682192556019332e-07, 'reg_lambda': 1.7599603375165875e-06, 'min_child_weight': 8}. Best is trial 0 with value: 0.9154228855721394.
[I 2026-03-24 15:40:10,393] Trial 550 finished with value: 0.9154228855721394 and parameters: {'n_estimators': 906, 'max_depth': 30, 'learning_rate': 0.0190276380200135, 'reg_alpha': 0.018098857419935825, 'reg_lambda': 7.876213739215109e-06, 'min_child_weight': 3}. Best is trial 0 with value: 0.9154228855721394.
[I 2026-03-24 15:40:10,525] Trial 551 finished with value: 0.9154228855721394 and parameters: {'n_estimators': 860, 'max_depth': 20, 'learning_rate': 0.010670730326658924, 'reg_alpha': 0.00035157712542014405, 'reg_lambda': 0.0016073810174744216, 'min_child_weight': 6}. Best is trial 0 with value: 0.9154228855721394.
[I 2026-03-24 15:40:10,707] Trial 552 finished with value: 0.9154228855721394 and parameters: {'n_estimators': 776, 'max_depth': 45, 'learning_rate': 0.006724952643954394, 'reg_alpha': 0.008586493397371107, 'reg_lambda': 1.7753481432740913e-05, 'min_child_weight': 1}. Best is trial 0 with value: 0.9154228855721394.
[I 2026-03-24 15:40:10,814] Trial 553 finished with value: 0.9154228855721394 and parameters: {'n_estimators': 651, 'max_depth': 39, 'learning_rate': 0.008069055502980432, 'reg_alpha': 3.1481228678461707e-06, 'reg_lambda': 1.469556357044548e-08, 'min_child_weight': 2}. Best is trial 0 with value: 0.9154228855721394.
[I 2026-03-24 15:40:10,870] Trial 554 finished with value: 0.9154228855721394 and parameters: {'n_estimators': 226, 'max_depth': 28, 'learning_rate': 0.04526819395583021, 'reg_alpha': 2.0473768585961937e-06, 'reg_lambda': 8.48674982342844e-07, 'min_child_weight': 10}. Best is trial 0 with value: 0.9154228855721394.
[I 2026-03-24 15:40:10,982] Trial 555 finished with value: 0.9154228855721394 and parameters: {'n_estimators': 700, 'max_depth': 27, 'learning_rate': 0.014127359694297266, 'reg_alpha': 6.697570459820004e-08, 'reg_lambda': 0.25582707100351176, 'min_child_weight': 6}. Best is trial 0 with value: 0.9154228855721394.
[I 2026-03-24 15:40:11,097] Trial 556 finished with value: 0.9154228855721394 and parameters: {'n_estimators': 720, 'max_depth': 25, 'learning_rate': 0.0037531633488612293, 'reg_alpha': 0.00022140905736271825, 'reg_lambda': 3.3829651896459095e-06, 'min_child_weight': 7}. Best is trial 0 with value: 0.9154228855721394.
[I 2026-03-24 15:40:11,175] Trial 557 finished with value: 0.9154228855721394 and parameters: {'n_estimators': 419, 'max_depth': 11, 'learning_rate': 0.004432437861574608, 'reg_alpha': 0.134740827409261, 'reg_lambda': 0.02060926275240308, 'min_child_weight': 5}. Best is trial 0 with value: 0.9154228855721394.
[I 2026-03-24 15:40:11,267] Trial 558 finished with value: 0.9154228855721394 and parameters: {'n_estimators': 521, 'max_depth': 22, 'learning_rate': 0.0024986121209037647, 'reg_alpha': 0.031232243128918574, 'reg_lambda': 0.00011741362544289102, 'min_child_weight': 9}. Best is trial 0 with value: 0.9154228855721394.
[I 2026-03-24 15:40:11,340] Trial 559 finished with value: 0.9154228855721394 and parameters: {'n_estimators': 369, 'max_depth': 35, 'learning_rate': 0.005547574067771877, 'reg_alpha': 9.322825129163288e-08, 'reg_lambda': 0.00043623108781968884, 'min_child_weight': 7}. Best is trial 0 with value: 0.9154228855721394.
[I 2026-03-24 15:40:11,423] Trial 560 finished with value: 0.9154228855721394 and parameters: {'n_estimators': 450, 'max_depth': 34, 'learning_rate': 0.011927625021269326, 'reg_alpha': 0.06915793898266084, 'reg_lambda': 3.454127767908719e-05, 'min_child_weight': 4}. Best is trial 0 with value: 0.9154228855721394.
[I 2026-03-24 15:40:11,504] Trial 561 finished with value: 0.9154228855721394 and parameters: {'n_estimators': 298, 'max_depth': 15, 'learning_rate': 0.031274827027902734, 'reg_alpha': 9.327848667191485e-06, 'reg_lambda': 1.0444414282039094e-08, 'min_child_weight': 1}. Best is trial 0 with value: 0.9154228855721394.
[I 2026-03-24 15:40:11,601] Trial 562 finished with value: 0.9154228855721394 and parameters: {'n_estimators': 577, 'max_depth': 7, 'learning_rate': 0.0032904972052014933, 'reg_alpha': 1.3331548613947187e-06, 'reg_lambda': 0.005913008715264796, 'min_child_weight': 8}. Best is trial 0 with value: 0.9154228855721394.
[I 2026-03-24 15:40:11,666] Trial 563 finished with value: 0.9154228855721394 and parameters: {'n_estimators': 310, 'max_depth': 24, 'learning_rate': 0.009189753591186813, 'reg_alpha': 6.472248451548324e-05, 'reg_lambda': 0.0010853545615456778, 'min_child_weight': 3}. Best is trial 0 with value: 0.9154228855721394.
[I 2026-03-24 15:40:11,765] Trial 564 finished with value: 0.9154228855721394 and parameters: {'n_estimators': 598, 'max_depth': 42, 'learning_rate': 0.0362271842296676, 'reg_alpha': 3.647336737851945e-05, 'reg_lambda': 7.56240249199775e-05, 'min_child_weight': 6}. Best is trial 0 with value: 0.9154228855721394.
[I 2026-03-24 15:40:11,839] Trial 565 finished with value: 0.9154228855721394 and parameters: {'n_estimators': 384, 'max_depth': 37, 'learning_rate': 0.01746631916950642, 'reg_alpha': 0.000573849954069796, 'reg_lambda': 1.465330101794682e-07, 'min_child_weight': 2}. Best is trial 0 with value: 0.9154228855721394.
[I 2026-03-24 15:40:11,983] Trial 566 finished with value: 0.9154228855721394 and parameters: {'n_estimators': 975, 'max_depth': 50, 'learning_rate': 0.052898543247458435, 'reg_alpha': 0.015112328001868427, 'reg_lambda': 6.824192586679916e-08, 'min_child_weight': 9}. Best is trial 0 with value: 0.9154228855721394.
[I 2026-03-24 15:40:12,100] Trial 567 finished with value: 0.9154228855721394 and parameters: {'n_estimators': 738, 'max_depth': 43, 'learning_rate': 0.006878701926006796, 'reg_alpha': 5.641651052605928e-06, 'reg_lambda': 0.00017340688426477967, 'min_child_weight': 6}. Best is trial 0 with value: 0.9154228855721394.
[I 2026-03-24 15:40:12,158] Trial 568 finished with value: 0.9154228855721394 and parameters: {'n_estimators': 249, 'max_depth': 18, 'learning_rate': 0.020649864388759168, 'reg_alpha': 0.4125671374160901, 'reg_lambda': 2.8748081025542083e-07, 'min_child_weight': 5}. Best is trial 0 with value: 0.9154228855721394.
[I 2026-03-24 15:40:12,233] Trial 569 finished with value: 0.9154228855721394 and parameters: {'n_estimators': 398, 'max_depth': 40, 'learning_rate': 0.023630371841013416, 'reg_alpha': 0.003738343189854779, 'reg_lambda': 1.203992680283956e-06, 'min_child_weight': 3}. Best is trial 0 with value: 0.9154228855721394.
[I 2026-03-24 15:40:12,343] Trial 570 finished with value: 0.9154228855721394 and parameters: {'n_estimators': 682, 'max_depth': 36, 'learning_rate': 0.004944430252824103, 'reg_alpha': 0.006474634996104416, 'reg_lambda': 2.379310708195466e-06, 'min_child_weight': 7}. Best is trial 0 with value: 0.9154228855721394.
[I 2026-03-24 15:40:12,398] Trial 571 finished with value: 0.9154228855721394 and parameters: {'n_estimators': 221, 'max_depth': 9, 'learning_rate': 0.0010944010159812962, 'reg_alpha': 1.9638656868938607e-05, 'reg_lambda': 0.0024056264573957186, 'min_child_weight': 8}. Best is trial 0 with value: 0.9154228855721394.
[I 2026-03-24 15:40:12,532] Trial 572 finished with value: 0.9154228855721394 and parameters: {'n_estimators': 881, 'max_depth': 45, 'learning_rate': 0.0016555073800865246, 'reg_alpha': 0.7829535788579327, 'reg_lambda': 2.373237559363761e-08, 'min_child_weight': 5}. Best is trial 0 with value: 0.9154228855721394.
[I 2026-03-24 15:40:12,661] Trial 573 finished with value: 0.91 and parameters: {'n_estimators': 799, 'max_depth': 47, 'learning_rate': 0.08943551315818196, 'reg_alpha': 3.542030943095134e-07, 'reg_lambda': 0.0003330895587858366, 'min_child_weight': 1}. Best is trial 0 with value: 0.9154228855721394.
[I 2026-03-24 15:40:12,753] Trial 574 finished with value: 0.9154228855721394 and parameters: {'n_estimators': 537, 'max_depth': 21, 'learning_rate': 0.06066938376726264, 'reg_alpha': 3.57431406442119e-08, 'reg_lambda': 9.251889401830735e-06, 'min_child_weight': 10}. Best is trial 0 with value: 0.9154228855721394.
[I 2026-03-24 15:40:12,894] Trial 575 finished with value: 0.9154228855721394 and parameters: {'n_estimators': 939, 'max_depth': 28, 'learning_rate': 0.002733653011835286, 'reg_alpha': 0.0009845584109301638, 'reg_lambda': 0.4755492797799392, 'min_child_weight': 2}. Best is trial 0 with value: 0.9154228855721394.
[I 2026-03-24 15:40:12,954] Trial 576 finished with value: 0.9154228855721394 and parameters: {'n_estimators': 267, 'max_depth': 38, 'learning_rate': 0.007381703266872276, 'reg_alpha': 0.001867071607584617, 'reg_lambda': 0.05768565228545823, 'min_child_weight': 9}. Best is trial 0 with value: 0.9154228855721394.
[I 2026-03-24 15:40:13,082] Trial 577 finished with value: 0.9154228855721394 and parameters: {'n_estimators': 831, 'max_depth': 49, 'learning_rate': 0.006068598691044248, 'reg_alpha': 0.00029444511622789824, 'reg_lambda': 5.384703496072906e-05, 'min_child_weight': 7}. Best is trial 0 with value: 0.9154228855721394.
[I 2026-03-24 15:40:13,224] Trial 578 finished with value: 0.9154228855721394 and parameters: {'n_estimators': 955, 'max_depth': 41, 'learning_rate': 0.0183539103480847, 'reg_alpha': 0.10271515931800466, 'reg_lambda': 6.875778966102973e-07, 'min_child_weight': 4}. Best is trial 0 with value: 0.9154228855721394.
[I 2026-03-24 15:40:13,402] Trial 579 finished with value: 0.9154228855721394 and parameters: {'n_estimators': 916, 'max_depth': 23, 'learning_rate': 0.01523324813438818, 'reg_alpha': 0.00018085481084691195, 'reg_lambda': 4.3119428116712304e-07, 'min_child_weight': 1}. Best is trial 0 with value: 0.9154228855721394.
[I 2026-03-24 15:40:13,471] Trial 580 finished with value: 0.9154228855721394 and parameters: {'n_estimators': 338, 'max_depth': 46, 'learning_rate': 0.0012761465446748637, 'reg_alpha': 0.2627472109257205, 'reg_lambda': 4.465963989321201e-06, 'min_child_weight': 7}. Best is trial 0 with value: 0.9154228855721394.
[I 2026-03-24 15:40:13,571] Trial 581 finished with value: 0.9154228855721394 and parameters: {'n_estimators': 609, 'max_depth': 26, 'learning_rate': 0.002374265996366906, 'reg_alpha': 4.164621878363028e-06, 'reg_lambda': 1.969772550994855e-05, 'min_child_weight': 5}. Best is trial 0 with value: 0.9154228855721394.
[I 2026-03-24 15:40:13,637] Trial 582 finished with value: 0.9154228855721394 and parameters: {'n_estimators': 319, 'max_depth': 33, 'learning_rate': 0.002942146923438981, 'reg_alpha': 0.03808085217205157, 'reg_lambda': 0.8219634493656235, 'min_child_weight': 3}. Best is trial 0 with value: 0.9154228855721394.
[I 2026-03-24 15:40:13,717] Trial 583 finished with value: 0.9154228855721394 and parameters: {'n_estimators': 428, 'max_depth': 43, 'learning_rate': 0.010308223895629832, 'reg_alpha': 1.1804843703002674e-05, 'reg_lambda': 0.011216762906145145, 'min_child_weight': 6}. Best is trial 0 with value: 0.9154228855721394.
[I 2026-03-24 15:40:13,923] Trial 584 finished with value: 0.9154228855721394 and parameters: {'n_estimators': 980, 'max_depth': 35, 'learning_rate': 0.00851032290116953, 'reg_alpha': 2.580010328394722e-06, 'reg_lambda': 0.00014450570034944425, 'min_child_weight': 1}. Best is trial 0 with value: 0.9154228855721394.
[I 2026-03-24 15:40:13,981] Trial 585 finished with value: 0.9154228855721394 and parameters: {'n_estimators': 240, 'max_depth': 36, 'learning_rate': 0.00571669804256943, 'reg_alpha': 4.857166903545596e-05, 'reg_lambda': 0.0002479031361820444, 'min_child_weight': 8}. Best is trial 0 with value: 0.9154228855721394.
[I 2026-03-24 15:40:14,053] Trial 586 finished with value: 0.9154228855721394 and parameters: {'n_estimators': 357, 'max_depth': 17, 'learning_rate': 0.013778067514358984, 'reg_alpha': 1.4575622875159703e-08, 'reg_lambda': 0.0007278486870786446, 'min_child_weight': 4}. Best is trial 0 with value: 0.9154228855721394.
[I 2026-03-24 15:40:14,203] Trial 587 finished with value: 0.9154228855721394 and parameters: {'n_estimators': 1000, 'max_depth': 32, 'learning_rate': 0.0020862707181568104, 'reg_alpha': 5.580015407420152e-07, 'reg_lambda': 0.004435323668312898, 'min_child_weight': 5}. Best is trial 0 with value: 0.9154228855721394.
[I 2026-03-24 15:40:14,266] Trial 588 finished with value: 0.9154228855721394 and parameters: {'n_estimators': 293, 'max_depth': 44, 'learning_rate': 0.004639116547853216, 'reg_alpha': 0.011691551829110636, 'reg_lambda': 1.7633896450147845e-06, 'min_child_weight': 2}. Best is trial 0 with value: 0.9154228855721394.
[I 2026-03-24 15:40:14,319] Trial 589 finished with value: 0.9154228855721394 and parameters: {'n_estimators': 210, 'max_depth': 16, 'learning_rate': 0.025945432741616203, 'reg_alpha': 0.0004480534535044551, 'reg_lambda': 0.03509944954439984, 'min_child_weight': 7}. Best is trial 0 with value: 0.9154228855721394.
[I 2026-03-24 15:40:14,379] Trial 590 finished with value: 0.9154228855721394 and parameters: {'n_estimators': 255, 'max_depth': 13, 'learning_rate': 0.04243218586712267, 'reg_alpha': 6.92527465237736e-06, 'reg_lambda': 4.0468786849913264e-08, 'min_child_weight': 3}. Best is trial 0 with value: 0.9154228855721394.
[I 2026-03-24 15:40:14,516] Trial 591 finished with value: 0.9154228855721394 and parameters: {'n_estimators': 893, 'max_depth': 22, 'learning_rate': 0.011313419418468374, 'reg_alpha': 0.023687666311255354, 'reg_lambda': 1.1737249394554e-05, 'min_child_weight': 6}. Best is trial 0 with value: 0.9154228855721394.
[I 2026-03-24 15:40:14,622] Trial 592 finished with value: 0.9154228855721394 and parameters: {'n_estimators': 641, 'max_depth': 41, 'learning_rate': 0.01653899552383366, 'reg_alpha': 0.00012278349278183704, 'reg_lambda': 9.096502695413258e-07, 'min_child_weight': 9}. Best is trial 0 with value: 0.9154228855721394.
[I 2026-03-24 15:40:14,798] Trial 593 finished with value: 0.9154228855721394 and parameters: {'n_estimators': 764, 'max_depth': 26, 'learning_rate': 0.003550511498306181, 'reg_alpha': 0.000762496150339403, 'reg_lambda': 9.345489801862e-05, 'min_child_weight': 1}. Best is trial 0 with value: 0.9154228855721394.
[I 2026-03-24 15:40:14,906] Trial 594 finished with value: 0.9154228855721394 and parameters: {'n_estimators': 658, 'max_depth': 48, 'learning_rate': 0.009531148932180954, 'reg_alpha': 0.5327925461350822, 'reg_lambda': 6.511875986125157e-06, 'min_child_weight': 4}. Best is trial 0 with value: 0.9154228855721394.
