[I 2026-03-24 15:34:05,887] Trial 621 finished with value: 0.941747572815534 and parameters: {'n_estimators': 379, 'max_depth': 12, 'learning_rate': 0.05723891166053423, 'reg_alpha': 0.0001800273246272032, 'reg_lambda': 3.1146468193201835e-07, 'min_child_weight': 8}. Best is trial 0 with value: 0.941747572815534.
[I 2026-03-24 15:34:05,964] Trial 622 finished with value: 0.941747572815534 and parameters: {'n_estimators': 349, 'max_depth': 45, 'learning_rate': 0.04363289933878023, 'reg_alpha': 0.00044025688745492425, 'reg_lambda': 1.3910296665312022e-07, 'min_child_weight': 9}. Best is trial 0 with value: 0.941747572815534.
[I 2026-03-24 15:34:06,032] Trial 623 finished with value: 0.941747572815534 and parameters: {'n_estimators': 280, 'max_depth': 25, 'learning_rate': 0.022151036033121508, 'reg_alpha': 0.0022034632044851776, 'reg_lambda': 7.808004477826615e-05, 'min_child_weight': 6}. Best is trial 0 with value: 0.941747572815534.
[I 2026-03-24 15:34:06,167] Trial 624 finished with value: 0.941747572815534 and parameters: {'n_estimators': 778, 'max_depth': 50, 'learning_rate': 0.09186889823348536, 'reg_alpha': 7.749945684962603e-08, 'reg_lambda': 2.5384559639429738e-06, 'min_child_weight': 7}. Best is trial 0 with value: 0.941747572815534.
[I 2026-03-24 15:34:06,226] Trial 625 finished with value: 0.941747572815534 and parameters: {'n_estimators': 215, 'max_depth': 20, 'learning_rate': 0.0021813073280567514, 'reg_alpha': 2.7771818976481544e-06, 'reg_lambda': 0.00018500106870357068, 'min_child_weight': 10}. Best is trial 0 with value: 0.941747572815534.
[I 2026-03-24 15:34:06,383] Trial 626 finished with value: 0.941747572815534 and parameters: {'n_estimators': 933, 'max_depth': 19, 'learning_rate': 0.009662112647271773, 'reg_alpha': 0.020837509874751418, 'reg_lambda': 0.0004078957728597325, 'min_child_weight': 2}. Best is trial 0 with value: 0.941747572815534.
[I 2026-03-24 15:34:06,500] Trial 627 finished with value: 0.941747572815534 and parameters: {'n_estimators': 629, 'max_depth': 17, 'learning_rate': 0.051256726302625434, 'reg_alpha': 3.9589875008960265e-07, 'reg_lambda': 0.0038183324766802875, 'min_child_weight': 4}. Best is trial 0 with value: 0.941747572815534.
[I 2026-03-24 15:34:06,649] Trial 628 finished with value: 0.941747572815534 and parameters: {'n_estimators': 870, 'max_depth': 48, 'learning_rate': 0.018098476010603434, 'reg_alpha': 0.9580286135155822, 'reg_lambda': 3.5551784168589544e-08, 'min_child_weight': 9}. Best is trial 0 with value: 0.941747572815534.
[I 2026-03-24 15:34:06,744] Trial 629 finished with value: 0.941747572815534 and parameters: {'n_estimators': 463, 'max_depth': 21, 'learning_rate': 0.04047174878301265, 'reg_alpha': 0.04853259793858385, 'reg_lambda': 0.0007341635920865182, 'min_child_weight': 8}. Best is trial 0 with value: 0.941747572815534.
[I 2026-03-24 15:34:06,883] Trial 630 finished with value: 0.941747572815534 and parameters: {'n_estimators': 804, 'max_depth': 23, 'learning_rate': 0.09982191421637482, 'reg_alpha': 4.0865328247947726e-05, 'reg_lambda': 3.650676518059065e-05, 'min_child_weight': 5}. Best is trial 0 with value: 0.941747572815534.
[I 2026-03-24 15:34:07,011] Trial 631 finished with value: 0.941747572815534 and parameters: {'n_estimators': 728, 'max_depth': 9, 'learning_rate': 0.005640478856164337, 'reg_alpha': 0.0007789510337156684, 'reg_lambda': 8.70882426945198e-07, 'min_child_weight': 6}. Best is trial 0 with value: 0.941747572815534.
[I 2026-03-24 15:34:07,173] Trial 632 finished with value: 0.941747572815534 and parameters: {'n_estimators': 974, 'max_depth': 14, 'learning_rate': 0.02760898819456897, 'reg_alpha': 0.003014523276358094, 'reg_lambda': 1.483034040638254e-05, 'min_child_weight': 10}. Best is trial 0 with value: 0.941747572815534.
[I 2026-03-24 15:34:07,246] Trial 633 finished with value: 0.941747572815534 and parameters: {'n_estimators': 312, 'max_depth': 41, 'learning_rate': 0.0026362816715535175, 'reg_alpha': 0.008264693759143788, 'reg_lambda': 0.00025909981380303467, 'min_child_weight': 8}. Best is trial 0 with value: 0.941747572815534.
[I 2026-03-24 15:34:07,355] Trial 634 finished with value: 0.941747572815534 and parameters: {'n_estimators': 580, 'max_depth': 35, 'learning_rate': 0.07562573241205031, 'reg_alpha': 0.00011647437316214165, 'reg_lambda': 0.030548451279643108, 'min_child_weight': 7}. Best is trial 0 with value: 0.941747572815534.
[I 2026-03-24 15:34:07,474] Trial 635 finished with value: 0.941747572815534 and parameters: {'n_estimators': 661, 'max_depth': 39, 'learning_rate': 0.03684848347320428, 'reg_alpha': 0.00023643077760800792, 'reg_lambda': 5.852881187375066e-06, 'min_child_weight': 10}. Best is trial 0 with value: 0.941747572815534.
[I 2026-03-24 15:34:07,627] Trial 636 finished with value: 0.941747572815534 and parameters: {'n_estimators': 898, 'max_depth': 26, 'learning_rate': 0.013053108654126648, 'reg_alpha': 0.005704985047468397, 'reg_lambda': 6.105456092148998e-05, 'min_child_weight': 5}. Best is trial 0 with value: 0.941747572815534.
[I 2026-03-24 15:34:07,723] Trial 637 finished with value: 0.941747572815534 and parameters: {'n_estimators': 494, 'max_depth': 25, 'learning_rate': 0.0328844105001287, 'reg_alpha': 0.3566314563815431, 'reg_lambda': 4.875742371431342e-07, 'min_child_weight': 10}. Best is trial 0 with value: 0.941747572815534.
[I 2026-03-24 15:34:07,789] Trial 638 finished with value: 0.941747572815534 and parameters: {'n_estimators': 259, 'max_depth': 36, 'learning_rate': 0.0032672577698367794, 'reg_alpha': 0.0003769848711603911, 'reg_lambda': 0.0013987410172468448, 'min_child_weight': 8}. Best is trial 0 with value: 0.941747572815534.
[I 2026-03-24 15:34:07,904] Trial 639 finished with value: 0.9359605911330049 and parameters: {'n_estimators': 400, 'max_depth': 44, 'learning_rate': 0.04538845943436399, 'reg_alpha': 0.0016336291403144469, 'reg_lambda': 0.00011062552714859567, 'min_child_weight': 1}. Best is trial 0 with value: 0.941747572815534.
[I 2026-03-24 15:34:08,046] Trial 640 finished with value: 0.941747572815534 and parameters: {'n_estimators': 832, 'max_depth': 24, 'learning_rate': 0.055140581472577624, 'reg_alpha': 0.015385987803858706, 'reg_lambda': 0.14183926167218028, 'min_child_weight': 9}. Best is trial 0 with value: 0.941747572815534.
[I 2026-03-24 15:34:08,177] Trial 641 finished with value: 0.941747572815534 and parameters: {'n_estimators': 751, 'max_depth': 33, 'learning_rate': 0.0168759155527864, 'reg_alpha': 0.08581517350604727, 'reg_lambda': 1.1759737030060921e-05, 'min_child_weight': 3}. Best is trial 0 with value: 0.941747572815534.
[I 2026-03-24 15:34:08,234] Trial 642 finished with value: 0.941747572815534 and parameters: {'n_estimators': 200, 'max_depth': 27, 'learning_rate': 0.0016930363288856615, 'reg_alpha': 2.1412842108744584e-05, 'reg_lambda': 0.0027331876728077004, 'min_child_weight': 6}. Best is trial 0 with value: 0.941747572815534.
[I 2026-03-24 15:34:08,322] Trial 643 finished with value: 0.941747572815534 and parameters: {'n_estimators': 429, 'max_depth': 47, 'learning_rate': 0.06767519058859658, 'reg_alpha': 5.944401626666634e-05, 'reg_lambda': 2.5134833324053652e-05, 'min_child_weight': 9}. Best is trial 0 with value: 0.941747572815534.
[I 2026-03-24 15:34:08,448] Trial 644 finished with value: 0.941747572815534 and parameters: {'n_estimators': 698, 'max_depth': 49, 'learning_rate': 0.0029074977811861594, 'reg_alpha': 0.0001697573341147556, 'reg_lambda': 9.176218227995909e-06, 'min_child_weight': 7}. Best is trial 0 with value: 0.941747572815534.
[I 2026-03-24 15:34:08,608] Trial 645 finished with value: 0.941747572815534 and parameters: {'n_estimators': 951, 'max_depth': 40, 'learning_rate': 0.0020417294080063314, 'reg_alpha': 0.0036278063355923373, 'reg_lambda': 1.6687958804118354e-05, 'min_child_weight': 2}. Best is trial 0 with value: 0.941747572815534.
[I 2026-03-24 15:34:08,752] Trial 646 finished with value: 0.941747572815534 and parameters: {'n_estimators': 853, 'max_depth': 28, 'learning_rate': 0.008669363317902964, 'reg_alpha': 2.2026403217553292e-07, 'reg_lambda': 1.0562119302945019e-07, 'min_child_weight': 4}. Best is trial 0 with value: 0.941747572815534.
[I 2026-03-24 15:34:08,851] Trial 647 finished with value: 0.941747572815534 and parameters: {'n_estimators': 511, 'max_depth': 46, 'learning_rate': 0.001169930264357237, 'reg_alpha': 4.312766266224919e-06, 'reg_lambda': 4.395352915869558e-05, 'min_child_weight': 10}. Best is trial 0 with value: 0.941747572815534.
[I 2026-03-24 15:34:09,000] Trial 648 finished with value: 0.941747572815534 and parameters: {'n_estimators': 881, 'max_depth': 15, 'learning_rate': 0.007331808264793342, 'reg_alpha': 0.18401142009628793, 'reg_lambda': 0.6300653550019362, 'min_child_weight': 10}. Best is trial 0 with value: 0.941747572815534.
[I 2026-03-24 15:34:09,110] Trial 649 finished with value: 0.941747572815534 and parameters: {'n_estimators': 591, 'max_depth': 19, 'learning_rate': 0.060679740007134095, 'reg_alpha': 1.1653890376492543e-07, 'reg_lambda': 0.005145967781380006, 'min_child_weight': 7}. Best is trial 0 with value: 0.941747572815534.
[I 2026-03-24 15:34:09,186] Trial 650 finished with value: 0.941747572815534 and parameters: {'n_estimators': 332, 'max_depth': 24, 'learning_rate': 0.04808998020536551, 'reg_alpha': 0.009907921348745206, 'reg_lambda': 0.019036906425238583, 'min_child_weight': 9}. Best is trial 0 with value: 0.941747572815534.
[I 2026-03-24 15:34:09,339] Trial 651 finished with value: 0.941747572815534 and parameters: {'n_estimators': 909, 'max_depth': 30, 'learning_rate': 0.006298439238112088, 'reg_alpha': 1.8389725931052662e-06, 'reg_lambda': 0.0001479221963971911, 'min_child_weight': 5}. Best is trial 0 with value: 0.941747572815534.
[I 2026-03-24 15:34:09,504] Trial 652 finished with value: 0.941747572815534 and parameters: {'n_estimators': 990, 'max_depth': 7, 'learning_rate': 0.01435434249594127, 'reg_alpha': 0.0005388990833762616, 'reg_lambda': 1.0314302738800885e-08, 'min_child_weight': 9}. Best is trial 0 with value: 0.941747572815534.
[I 2026-03-24 15:34:09,566] Trial 653 finished with value: 0.941747572815534 and parameters: {'n_estimators': 235, 'max_depth': 21, 'learning_rate': 0.0024034642292607568, 'reg_alpha': 0.059766483079031554, 'reg_lambda': 0.009485392527373824, 'min_child_weight': 6}. Best is trial 0 with value: 0.941747572815534.
[I 2026-03-24 15:34:09,702] Trial 654 finished with value: 0.941747572815534 and parameters: {'n_estimators': 789, 'max_depth': 32, 'learning_rate': 0.08494795994794425, 'reg_alpha': 0.0010226675060038355, 'reg_lambda': 0.0005707148861705856, 'min_child_weight': 8}. Best is trial 0 with value: 0.941747572815534.
[I 2026-03-24 15:34:09,843] Trial 655 finished with value: 0.941747572815534 and parameters: {'n_estimators': 816, 'max_depth': 22, 'learning_rate': 0.03773793123972282, 'reg_alpha': 9.391331484859704e-05, 'reg_lambda': 2.583556830832272e-07, 'min_child_weight': 10}. Best is trial 0 with value: 0.941747572815534.
[I 2026-03-24 15:34:09,923] Trial 656 finished with value: 0.941747572815534 and parameters: {'n_estimators': 360, 'max_depth': 11, 'learning_rate': 0.0418896617906864, 'reg_alpha': 0.00029098657568231944, 'reg_lambda': 4.055259190148004e-06, 'min_child_weight': 6}. Best is trial 0 with value: 0.941747572815534.
[I 2026-03-24 15:34:10,018] Trial 657 finished with value: 0.941747572815534 and parameters: {'n_estimators': 477, 'max_depth': 38, 'learning_rate': 0.05168747610784373, 'reg_alpha': 0.023462373288510016, 'reg_lambda': 1.6705665838414433e-07, 'min_child_weight': 9}. Best is trial 0 with value: 0.941747572815534.
[I 2026-03-24 15:34:10,124] Trial 658 finished with value: 0.941747572815534 and parameters: {'n_estimators': 555, 'max_depth': 18, 'learning_rate': 0.06644115128379793, 'reg_alpha': 0.002234464317124478, 'reg_lambda': 0.0009696514269159176, 'min_child_weight': 6}. Best is trial 0 with value: 0.941747572815534.
[I 2026-03-24 15:34:10,238] Trial 659 finished with value: 0.941747572815534 and parameters: {'n_estimators': 616, 'max_depth': 13, 'learning_rate': 0.010936061374888473, 'reg_alpha': 1.405488459943919e-05, 'reg_lambda': 0.0017693898289530769, 'min_child_weight': 7}. Best is trial 0 with value: 0.941747572815534.
[I 2026-03-24 15:34:10,388] Trial 660 finished with value: 0.941747572815534 and parameters: {'n_estimators': 871, 'max_depth': 37, 'learning_rate': 0.018994636484820537, 'reg_alpha': 0.005415067748637352, 'reg_lambda': 6.764139775055144e-06, 'min_child_weight': 3}. Best is trial 0 with value: 0.941747572815534.
[I 2026-03-24 15:34:10,546] Trial 661 finished with value: 0.941747572815534 and parameters: {'n_estimators': 933, 'max_depth': 29, 'learning_rate': 0.004778911839867029, 'reg_alpha': 0.003556974703089033, 'reg_lambda': 2.053796493185725e-08, 'min_child_weight': 10}. Best is trial 0 with value: 0.941747572815534.
[I 2026-03-24 15:34:10,664] Trial 662 finished with value: 0.941747572815534 and parameters: {'n_estimators': 645, 'max_depth': 31, 'learning_rate': 0.07817013596555275, 'reg_alpha': 0.03551333223015445, 'reg_lambda': 0.07190668868646448, 'min_child_weight': 5}. Best is trial 0 with value: 0.941747572815534.
[I 2026-03-24 15:34:10,767] Trial 663 finished with value: 0.941747572815534 and parameters: {'n_estimators': 528, 'max_depth': 50, 'learning_rate': 0.03050224148306931, 'reg_alpha': 0.1325487591361153, 'reg_lambda': 2.8677823691312812e-05, 'min_child_weight': 8}. Best is trial 0 with value: 0.941747572815534.
[I 2026-03-24 15:34:10,860] Trial 664 finished with value: 0.941747572815534 and parameters: {'n_estimators': 452, 'max_depth': 24, 'learning_rate': 0.006722194462609836, 'reg_alpha': 7.179006971424256e-06, 'reg_lambda': 1.5283085974492468e-06, 'min_child_weight': 3}. Best is trial 0 with value: 0.941747572815534.
[I 2026-03-24 15:34:10,989] Trial 665 finished with value: 0.941747572815534 and parameters: {'n_estimators': 734, 'max_depth': 35, 'learning_rate': 0.09115504324049425, 'reg_alpha': 3.331977754443621e-05, 'reg_lambda': 6.135438437316146e-08, 'min_child_weight': 4}. Best is trial 0 with value: 0.941747572815534.
[I 2026-03-24 15:34:11,206] Trial 666 finished with value: 0.9313725490196079 and parameters: {'n_estimators': 843, 'max_depth': 15, 'learning_rate': 0.012223970494723808, 'reg_alpha': 0.013303953716602326, 'reg_lambda': 0.0003551292807547308, 'min_child_weight': 1}. Best is trial 0 with value: 0.941747572815534.
[I 2026-03-24 15:34:11,277] Trial 667 finished with value: 0.941747572815534 and parameters: {'n_estimators': 297, 'max_depth': 23, 'learning_rate': 0.004042116349772128, 'reg_alpha': 0.007260056275752419, 'reg_lambda': 0.0034504156592249373, 'min_child_weight': 7}. Best is trial 0 with value: 0.941747572815534.
[I 2026-03-24 15:34:11,439] Trial 668 finished with value: 0.941747572815534 and parameters: {'n_estimators': 958, 'max_depth': 42, 'learning_rate': 0.026838446540540867, 'reg_alpha': 0.0015856885884084806, 'reg_lambda': 8.35346106965578e-05, 'min_child_weight': 10}. Best is trial 0 with value: 0.941747572815534.
[I 2026-03-24 15:34:11,503] Trial 669 finished with value: 0.941747572815534 and parameters: {'n_estimators': 224, 'max_depth': 16, 'learning_rate': 0.002555507613089782, 'reg_alpha': 0.00015502339195040975, 'reg_lambda': 0.013943884372870492, 'min_child_weight': 9}. Best is trial 0 with value: 0.941747572815534.
[I 2026-03-24 15:34:11,653] Trial 670 finished with value: 0.941747572815534 and parameters: {'n_estimators': 886, 'max_depth': 26, 'learning_rate': 0.0076748511522568875, 'reg_alpha': 9.946216533729743e-07, 'reg_lambda': 1.3702869765452903e-05, 'min_child_weight': 8}. Best is trial 0 with value: 0.941747572815534.
[I 2026-03-24 15:34:11,740] Trial 671 finished with value: 0.941747572815534 and parameters: {'n_estimators': 415, 'max_depth': 8, 'learning_rate': 0.001435687212414625, 'reg_alpha': 6.575851831517072e-05, 'reg_lambda': 0.40123977255507387, 'min_child_weight': 10}. Best is trial 0 with value: 0.941747572815534.
[I 2026-03-24 15:34:11,874] Trial 672 finished with value: 0.941747572815534 and parameters: {'n_estimators': 766, 'max_depth': 17, 'learning_rate': 0.0031147492797003137, 'reg_alpha': 2.3741155908174664e-08, 'reg_lambda': 2.1186608455745223e-05, 'min_child_weight': 5}. Best is trial 0 with value: 0.941747572815534.
[I 2026-03-24 15:34:12,017] Trial 673 finished with value: 0.941747572815534 and parameters: {'n_estimators': 827, 'max_depth': 12, 'learning_rate': 0.005348119746153554, 'reg_alpha': 0.00021740075541808076, 'reg_lambda': 0.025026908097601733, 'min_child_weight': 2}. Best is trial 0 with value: 0.941747572815534.
[I 2026-03-24 15:34:12,172] Trial 674 finished with value: 0.941747572815534 and parameters: {'n_estimators': 919, 'max_depth': 22, 'learning_rate': 0.022386423015734885, 'reg_alpha': 0.004293698524632416, 'reg_lambda': 5.029171663961538e-05, 'min_child_weight': 9}. Best is trial 0 with value: 0.941747572815534.
[I 2026-03-24 15:34:12,253] Trial 675 finished with value: 0.941747572815534 and parameters: {'n_estimators': 374, 'max_depth': 48, 'learning_rate': 0.003521316946432037, 'reg_alpha': 2.9641843894396126e-06, 'reg_lambda': 0.21455342579763298, 'min_child_weight': 8}. Best is trial 0 with value: 0.941747572815534.
[I 2026-03-24 15:34:12,400] Trial 676 finished with value: 0.941747572815534 and parameters: {'n_estimators': 856, 'max_depth': 45, 'learning_rate': 0.05707633913612644, 'reg_alpha': 0.002583628147651341, 'reg_lambda': 0.0021770560923809763, 'min_child_weight': 6}. Best is trial 0 with value: 0.941747572815534.
[I 2026-03-24 15:34:12,566] Trial 677 finished with value: 0.941747572815534 and parameters: {'n_estimators': 978, 'max_depth': 14, 'learning_rate': 0.015897581978571485, 'reg_alpha': 0.00038493058718863746, 'reg_lambda': 3.0088804721611705e-06, 'min_child_weight': 10}. Best is trial 0 with value: 0.941747572815534.
[I 2026-03-24 15:34:12,717] Trial 678 finished with value: 0.941747572815534 and parameters: {'n_estimators': 893, 'max_depth': 29, 'learning_rate': 0.00982250978421511, 'reg_alpha': 0.011772104587880765, 'reg_lambda': 8.56724447027756e-06, 'min_child_weight': 7}. Best is trial 0 with value: 0.941747572815534.
[I 2026-03-24 15:34:12,815] Trial 679 finished with value: 0.941747572815534 and parameters: {'n_estimators': 487, 'max_depth': 43, 'learning_rate': 0.0019787139623863876, 'reg_alpha': 0.0765219249591801, 'reg_lambda': 0.006834359245464828, 'min_child_weight': 4}. Best is trial 0 with value: 0.941747572815534.
[I 2026-03-24 15:34:12,937] Trial 680 finished with value: 0.941747572815534 and parameters: {'n_estimators': 685, 'max_depth': 25, 'learning_rate': 0.04737293604260116, 'reg_alpha': 0.0006370877971804884, 'reg_lambda': 0.001312378118641276, 'min_child_weight': 2}. Best is trial 0 with value: 0.941747572815534.
[I 2026-03-24 15:34:13,037] Trial 681 finished with value: 0.941747572815534 and parameters: {'n_estimators': 512, 'max_depth': 10, 'learning_rate': 0.0325914473096013, 'reg_alpha': 0.03248023817044585, 'reg_lambda': 0.00023947060679045936, 'min_child_weight': 6}. Best is trial 0 with value: 0.941747572815534.
[I 2026-03-24 15:34:13,164] Trial 682 finished with value: 0.941747572815534 and parameters: {'n_estimators': 711, 'max_depth': 28, 'learning_rate': 0.04097148931358244, 'reg_alpha': 0.5676561150897492, 'reg_lambda': 3.765974809630662e-08, 'min_child_weight': 9}. Best is trial 0 with value: 0.941747572815534.
[I 2026-03-24 15:34:13,303] Trial 683 finished with value: 0.941747572815534 and parameters: {'n_estimators': 804, 'max_depth': 34, 'learning_rate': 0.002233032636193443, 'reg_alpha': 4.572289664957924e-08, 'reg_lambda': 2.174963335349692e-06, 'min_child_weight': 7}. Best is trial 0 with value: 0.941747572815534.
[I 2026-03-24 15:34:13,377] Trial 684 finished with value: 0.941747572815534 and parameters: {'n_estimators': 321, 'max_depth': 49, 'learning_rate': 0.0356620743847907, 'reg_alpha': 0.0001255420814041038, 'reg_lambda': 0.047850976050001034, 'min_child_weight': 10}. Best is trial 0 with value: 0.941747572815534.
[I 2026-03-24 15:34:13,462] Trial 685 finished with value: 0.941747572815534 and parameters: {'n_estimators': 397, 'max_depth': 17, 'learning_rate': 0.0015998875768985328, 'reg_alpha': 4.329464389527646e-05, 'reg_lambda': 9.710851340947523e-08, 'min_child_weight': 10}. Best is trial 0 with value: 0.941747572815534.
[I 2026-03-24 15:34:13,569] Trial 686 finished with value: 0.941747572815534 and parameters: {'n_estimators': 567, 'max_depth': 20, 'learning_rate': 0.06180085779230768, 'reg_alpha': 0.27434435765258486, 'reg_lambda': 1.1670328858037195e-05, 'min_child_weight': 9}. Best is trial 0 with value: 0.941747572815534.
[I 2026-03-24 15:34:13,648] Trial 687 finished with value: 0.941747572815534 and parameters: {'n_estimators': 350, 'max_depth': 30, 'learning_rate': 0.07299949083629627, 'reg_alpha': 0.01687007826622859, 'reg_lambda': 0.00013057671821372447, 'min_child_weight': 5}. Best is trial 0 with value: 0.941747572815534.
[I 2026-03-24 15:34:13,738] Trial 688 finished with value: 0.941747572815534 and parameters: {'n_estimators': 437, 'max_depth': 23, 'learning_rate': 0.0026778195478512454, 'reg_alpha': 0.0009558450701377173, 'reg_lambda': 1.7799789519315614e-05, 'min_child_weight': 8}. Best is trial 0 with value: 0.941747572815534.
[I 2026-03-24 15:34:13,899] Trial 689 finished with value: 0.941747572815534 and parameters: {'n_estimators': 946, 'max_depth': 21, 'learning_rate': 0.006080400387241412, 'reg_alpha': 1.4526900180809641e-08, 'reg_lambda': 0.0007225333648574717, 'min_child_weight': 3}. Best is trial 0 with value: 0.941747572815534.
