[I 2026-03-24 15:40:21,871] Trial 664 finished with value: 0.9154228855721394 and parameters: {'n_estimators': 908, 'max_depth': 43, 'learning_rate': 0.002158118952778675, 'reg_alpha': 0.9234374207545959, 'reg_lambda': 7.285606334489976e-06, 'min_child_weight': 6}. Best is trial 0 with value: 0.9154228855721394.
[I 2026-03-24 15:40:22,006] Trial 665 finished with value: 0.9154228855721394 and parameters: {'n_estimators': 867, 'max_depth': 9, 'learning_rate': 0.0030003885721021245, 'reg_alpha': 0.002706664674113329, 'reg_lambda': 3.486446885638804e-05, 'min_child_weight': 9}. Best is trial 0 with value: 0.9154228855721394.
[I 2026-03-24 15:40:22,064] Trial 666 finished with value: 0.9154228855721394 and parameters: {'n_estimators': 229, 'max_depth': 48, 'learning_rate': 0.005908658135932672, 'reg_alpha': 0.024451336484916354, 'reg_lambda': 1.3173852153200077e-06, 'min_child_weight': 8}. Best is trial 0 with value: 0.9154228855721394.
[I 2026-03-24 15:40:22,163] Trial 667 finished with value: 0.9154228855721394 and parameters: {'n_estimators': 570, 'max_depth': 40, 'learning_rate': 0.0010457639274455623, 'reg_alpha': 0.0005108805302807998, 'reg_lambda': 1.9037692607062765e-07, 'min_child_weight': 4}. Best is trial 0 with value: 0.9154228855721394.
[I 2026-03-24 15:40:22,279] Trial 668 finished with value: 0.9154228855721394 and parameters: {'n_estimators': 705, 'max_depth': 49, 'learning_rate': 0.0011567153693992699, 'reg_alpha': 0.04608134131105995, 'reg_lambda': 0.05294842958289954, 'min_child_weight': 7}. Best is trial 0 with value: 0.9154228855721394.
[I 2026-03-24 15:40:22,446] Trial 669 finished with value: 0.9154228855721394 and parameters: {'n_estimators': 926, 'max_depth': 37, 'learning_rate': 0.03250782203665732, 'reg_alpha': 4.306868789070107e-05, 'reg_lambda': 8.560915541648557e-08, 'min_child_weight': 1}. Best is trial 0 with value: 0.9154228855721394.
[I 2026-03-24 15:40:22,569] Trial 670 finished with value: 0.9154228855721394 and parameters: {'n_estimators': 758, 'max_depth': 36, 'learning_rate': 0.00995124026616326, 'reg_alpha': 2.065643073865362e-05, 'reg_lambda': 6.333417921945162e-07, 'min_child_weight': 5}. Best is trial 0 with value: 0.9154228855721394.
[I 2026-03-24 15:40:22,720] Trial 671 finished with value: 0.9154228855721394 and parameters: {'n_estimators': 983, 'max_depth': 45, 'learning_rate': 0.018783451862701913, 'reg_alpha': 0.0010028230832620042, 'reg_lambda': 1.594845725000942e-05, 'min_child_weight': 3}. Best is trial 0 with value: 0.9154228855721394.
[I 2026-03-24 15:40:22,797] Trial 672 finished with value: 0.9154228855721394 and parameters: {'n_estimators': 382, 'max_depth': 32, 'learning_rate': 0.004084723548539963, 'reg_alpha': 0.005565227947292448, 'reg_lambda': 0.0005846033801449735, 'min_child_weight': 6}. Best is trial 0 with value: 0.9154228855721394.
[I 2026-03-24 15:40:22,861] Trial 673 finished with value: 0.9154228855721394 and parameters: {'n_estimators': 284, 'max_depth': 23, 'learning_rate': 0.014040749776954853, 'reg_alpha': 1.0610476341854116e-05, 'reg_lambda': 0.0015847084621045662, 'min_child_weight': 8}. Best is trial 0 with value: 0.9154228855721394.
[I 2026-03-24 15:40:22,916] Trial 674 finished with value: 0.9154228855721394 and parameters: {'n_estimators': 200, 'max_depth': 42, 'learning_rate': 0.00837526860638904, 'reg_alpha': 1.606459146167237e-06, 'reg_lambda': 0.00010220493771957185, 'min_child_weight': 2}. Best is trial 0 with value: 0.9154228855721394.
[I 2026-03-24 15:40:23,035] Trial 675 finished with value: 0.9154228855721394 and parameters: {'n_estimators': 738, 'max_depth': 44, 'learning_rate': 0.0023696062889219894, 'reg_alpha': 2.1019441681788952e-07, 'reg_lambda': 0.00020325217645282407, 'min_child_weight': 9}. Best is trial 0 with value: 0.9154228855721394.
[I 2026-03-24 15:40:23,097] Trial 676 finished with value: 0.9154228855721394 and parameters: {'n_estimators': 262, 'max_depth': 16, 'learning_rate': 0.02374510872874601, 'reg_alpha': 6.053743765114464e-07, 'reg_lambda': 0.003326366115465665, 'min_child_weight': 5}. Best is trial 0 with value: 0.9154228855721394.
[I 2026-03-24 15:40:23,169] Trial 677 finished with value: 0.9154228855721394 and parameters: {'n_estimators': 342, 'max_depth': 22, 'learning_rate': 0.002655601646070054, 'reg_alpha': 0.00011296152823223822, 'reg_lambda': 1.9571019625236785e-06, 'min_child_weight': 7}. Best is trial 0 with value: 0.9154228855721394.
[I 2026-03-24 15:40:23,286] Trial 678 finished with value: 0.9154228855721394 and parameters: {'n_estimators': 452, 'max_depth': 47, 'learning_rate': 0.012653390402897024, 'reg_alpha': 0.44145918558088415, 'reg_lambda': 0.03722524064320971, 'min_child_weight': 1}. Best is trial 0 with value: 0.9154228855721394.
[I 2026-03-24 15:40:23,367] Trial 679 finished with value: 0.9154228855721394 and parameters: {'n_estimators': 415, 'max_depth': 20, 'learning_rate': 0.09977127696378128, 'reg_alpha': 1.0392562714895548e-06, 'reg_lambda': 0.0011413779274965753, 'min_child_weight': 6}. Best is trial 0 with value: 0.9154228855721394.
[I 2026-03-24 15:40:23,435] Trial 680 finished with value: 0.9154228855721394 and parameters: {'n_estimators': 312, 'max_depth': 38, 'learning_rate': 0.006607803213144793, 'reg_alpha': 0.09415872406656461, 'reg_lambda': 0.0002960957475416803, 'min_child_weight': 10}. Best is trial 0 with value: 0.9154228855721394.
[I 2026-03-24 15:40:23,574] Trial 681 finished with value: 0.9154228855721394 and parameters: {'n_estimators': 890, 'max_depth': 25, 'learning_rate': 0.0056545075672265865, 'reg_alpha': 3.440735080135024e-05, 'reg_lambda': 3.1305618517192436e-06, 'min_child_weight': 3}. Best is trial 0 with value: 0.9154228855721394.
[I 2026-03-24 15:40:23,670] Trial 682 finished with value: 0.9154228855721394 and parameters: {'n_estimators': 545, 'max_depth': 26, 'learning_rate': 0.0159367803170473, 'reg_alpha': 0.013215246238572358, 'reg_lambda': 4.1778263864495965e-07, 'min_child_weight': 4}. Best is trial 0 with value: 0.9154228855721394.
[I 2026-03-24 15:40:23,777] Trial 683 finished with value: 0.9154228855721394 and parameters: {'n_estimators': 638, 'max_depth': 50, 'learning_rate': 0.004917894790552459, 'reg_alpha': 0.03650427092702797, 'reg_lambda': 9.68505751306923e-07, 'min_child_weight': 7}. Best is trial 0 with value: 0.9154228855721394.
[I 2026-03-24 15:40:23,925] Trial 684 finished with value: 0.9154228855721394 and parameters: {'n_estimators': 962, 'max_depth': 36, 'learning_rate': 0.07094773683647757, 'reg_alpha': 1.4692775073056638e-05, 'reg_lambda': 0.005114649877660614, 'min_child_weight': 5}. Best is trial 0 with value: 0.9154228855721394.
[I 2026-03-24 15:40:24,026] Trial 685 finished with value: 0.9154228855721394 and parameters: {'n_estimators': 588, 'max_depth': 28, 'learning_rate': 0.0015880084799489822, 'reg_alpha': 6.372659231262606e-06, 'reg_lambda': 0.08571846203224512, 'min_child_weight': 2}. Best is trial 0 with value: 0.9154228855721394.
[I 2026-03-24 15:40:24,086] Trial 686 finished with value: 0.9154228855721394 and parameters: {'n_estimators': 239, 'max_depth': 10, 'learning_rate': 0.007456639920944011, 'reg_alpha': 0.00026567998161808364, 'reg_lambda': 9.86683783891892e-06, 'min_child_weight': 7}. Best is trial 0 with value: 0.9154228855721394.
[I 2026-03-24 15:40:24,237] Trial 687 finished with value: 0.9154228855721394 and parameters: {'n_estimators': 620, 'max_depth': 46, 'learning_rate': 0.0031756570113243084, 'reg_alpha': 6.357624824640365e-05, 'reg_lambda': 2.781052560893745e-05, 'min_child_weight': 1}. Best is trial 0 with value: 0.9154228855721394.
[I 2026-03-24 15:40:24,293] Trial 688 finished with value: 0.9154228855721394 and parameters: {'n_estimators': 215, 'max_depth': 30, 'learning_rate': 0.04500481291389712, 'reg_alpha': 2.97495927658127e-06, 'reg_lambda': 0.0003925387396161634, 'min_child_weight': 8}. Best is trial 0 with value: 0.9154228855721394.
[I 2026-03-24 15:40:24,363] Trial 689 finished with value: 0.9154228855721394 and parameters: {'n_estimators': 333, 'max_depth': 39, 'learning_rate': 0.0110006848594634, 'reg_alpha': 0.00036907781372076627, 'reg_lambda': 6.373950750739838e-05, 'min_child_weight': 6}. Best is trial 0 with value: 0.9154228855721394.
[I 2026-03-24 15:40:24,453] Trial 690 finished with value: 0.9154228855721394 and parameters: {'n_estimators': 486, 'max_depth': 33, 'learning_rate': 0.020835082151754114, 'reg_alpha': 0.020252237223881493, 'reg_lambda': 1.0191006985065086e-08, 'min_child_weight': 3}. Best is trial 0 with value: 0.9154228855721394.
[I 2026-03-24 15:40:24,586] Trial 691 finished with value: 0.9154228855721394 and parameters: {'n_estimators': 843, 'max_depth': 24, 'learning_rate': 0.005175025137113175, 'reg_alpha': 0.008482278884435916, 'reg_lambda': 3.88375106443746e-06, 'min_child_weight': 4}. Best is trial 0 with value: 0.9154228855721394.
[I 2026-03-24 15:40:24,704] Trial 692 finished with value: 0.9154228855721394 and parameters: {'n_estimators': 723, 'max_depth': 14, 'learning_rate': 0.07997704228291388, 'reg_alpha': 0.0008052369515907304, 'reg_lambda': 1.6158915095900596e-08, 'min_child_weight': 9}. Best is trial 0 with value: 0.9154228855721394.
[I 2026-03-24 15:40:24,834] Trial 693 finished with value: 0.9154228855721394 and parameters: {'n_estimators': 821, 'max_depth': 34, 'learning_rate': 0.02660448540625385, 'reg_alpha': 1.8920144145169463e-08, 'reg_lambda': 0.00013542442855246596, 'min_child_weight': 7}. Best is trial 0 with value: 0.9154228855721394.
[I 2026-03-24 15:40:24,912] Trial 694 finished with value: 0.9154228855721394 and parameters: {'n_estimators': 398, 'max_depth': 41, 'learning_rate': 0.006243013255779933, 'reg_alpha': 0.23438896025190334, 'reg_lambda': 5.29959678039552e-07, 'min_child_weight': 5}. Best is trial 0 with value: 0.9154228855721394.
[I 2026-03-24 15:40:24,996] Trial 695 finished with value: 0.9154228855721394 and parameters: {'n_estimators': 436, 'max_depth': 30, 'learning_rate': 0.029380622670556515, 'reg_alpha': 0.0016390220862995753, 'reg_lambda': 0.012078245340173755, 'min_child_weight': 3}. Best is trial 0 with value: 0.9154228855721394.
[I 2026-03-24 15:40:25,146] Trial 696 finished with value: 0.9154228855721394 and parameters: {'n_estimators': 976, 'max_depth': 6, 'learning_rate': 0.009340473553638118, 'reg_alpha': 3.9905439717404196e-07, 'reg_lambda': 1.437457505836714e-06, 'min_child_weight': 6}. Best is trial 0 with value: 0.9154228855721394.
[I 2026-03-24 15:40:25,355] Trial 697 finished with value: 0.9154228855721394 and parameters: {'n_estimators': 935, 'max_depth': 35, 'learning_rate': 0.0035831122656104163, 'reg_alpha': 0.0036252007691626306, 'reg_lambda': 0.001945770465574255, 'min_child_weight': 1}. Best is trial 0 with value: 0.9154228855721394.
[I 2026-03-24 15:40:25,430] Trial 698 finished with value: 0.9154228855721394 and parameters: {'n_estimators': 359, 'max_depth': 45, 'learning_rate': 0.004245252499233563, 'reg_alpha': 0.15407170374715642, 'reg_lambda': 0.0007037611642419479, 'min_child_weight': 2}. Best is trial 0 with value: 0.9154228855721394.
[I 2026-03-24 15:40:25,557] Trial 699 finished with value: 0.9154228855721394 and parameters: {'n_estimators': 792, 'max_depth': 17, 'learning_rate': 0.0028565915761444, 'reg_alpha': 4.403221717451637e-06, 'reg_lambda': 0.8153759810270249, 'min_child_weight': 10}. Best is trial 0 with value: 0.9154228855721394.
[I 2026-03-24 15:40:25,624] Trial 700 finished with value: 0.9154228855721394 and parameters: {'n_estimators': 299, 'max_depth': 43, 'learning_rate': 0.008125114736726079, 'reg_alpha': 0.05944396773123337, 'reg_lambda': 3.2670265820558357e-07, 'min_child_weight': 5}. Best is trial 0 with value: 0.9154228855721394.
[I 2026-03-24 15:40:25,735] Trial 701 finished with value: 0.9154228855721394 and parameters: {'n_estimators': 659, 'max_depth': 37, 'learning_rate': 0.017004614088904933, 'reg_alpha': 0.00047728162266343955, 'reg_lambda': 1.4774352460073639e-05, 'min_child_weight': 8}. Best is trial 0 with value: 0.9154228855721394.
[I 2026-03-24 15:40:25,839] Trial 702 finished with value: 0.9154228855721394 and parameters: {'n_estimators': 606, 'max_depth': 49, 'learning_rate': 0.0025831547907804744, 'reg_alpha': 1.9862629641075256e-06, 'reg_lambda': 4.6557136272766805e-06, 'min_child_weight': 2}. Best is trial 0 with value: 0.9154228855721394.
[I 2026-03-24 15:40:25,900] Trial 703 finished with value: 0.9154228855721394 and parameters: {'n_estimators': 247, 'max_depth': 11, 'learning_rate': 0.007102854632511752, 'reg_alpha': 0.027572583656214726, 'reg_lambda': 4.191287493660652e-05, 'min_child_weight': 6}. Best is trial 0 with value: 0.9154228855721394.
[I 2026-03-24 15:40:26,054] Trial 704 finished with value: 0.9154228855721394 and parameters: {'n_estimators': 1000, 'max_depth': 19, 'learning_rate': 0.0012458820406557618, 'reg_alpha': 4.86277625824662e-08, 'reg_lambda': 0.0002255300145690063, 'min_child_weight': 4}. Best is trial 0 with value: 0.9154228855721394.
[I 2026-03-24 15:40:26,233] Trial 705 finished with value: 0.9154228855721394 and parameters: {'n_estimators': 770, 'max_depth': 29, 'learning_rate': 0.0018285790904848133, 'reg_alpha': 2.4278007885625926e-05, 'reg_lambda': 1.432822864485651e-07, 'min_child_weight': 1}. Best is trial 0 with value: 0.9154228855721394.
[I 2026-03-24 15:40:26,327] Trial 706 finished with value: 0.9154228855721394 and parameters: {'n_estimators': 528, 'max_depth': 8, 'learning_rate': 0.018681084876963915, 'reg_alpha': 0.006504138178368161, 'reg_lambda': 6.635653097024972e-07, 'min_child_weight': 7}. Best is trial 0 with value: 0.9154228855721394.
[I 2026-03-24 15:40:26,386] Trial 707 finished with value: 0.9154228855721394 and parameters: {'n_estimators': 228, 'max_depth': 23, 'learning_rate': 0.033700778261726023, 'reg_alpha': 0.00014816490028427616, 'reg_lambda': 2.4132906117011373e-08, 'min_child_weight': 9}. Best is trial 0 with value: 0.9154228855721394.
[I 2026-03-24 15:40:26,450] Trial 708 finished with value: 0.9154228855721394 and parameters: {'n_estimators': 273, 'max_depth': 31, 'learning_rate': 0.015184294023745406, 'reg_alpha': 0.0002308058620869735, 'reg_lambda': 7.273273272019692e-06, 'min_child_weight': 3}. Best is trial 0 with value: 0.9154228855721394.
[I 2026-03-24 15:40:26,527] Trial 709 finished with value: 0.9154228855721394 and parameters: {'n_estimators': 381, 'max_depth': 27, 'learning_rate': 0.002251360157717431, 'reg_alpha': 4.9532568871994945e-06, 'reg_lambda': 2.1236753897638613e-05, 'min_child_weight': 7}. Best is trial 0 with value: 0.9154228855721394.
[I 2026-03-24 15:40:26,669] Trial 710 finished with value: 0.9154228855721394 and parameters: {'n_estimators': 912, 'max_depth': 40, 'learning_rate': 0.013217961266983123, 'reg_alpha': 3.165341523044754e-08, 'reg_lambda': 0.024279153146484187, 'min_child_weight': 6}. Best is trial 0 with value: 0.9154228855721394.
[I 2026-03-24 15:40:26,809] Trial 711 finished with value: 0.9154228855721394 and parameters: {'n_estimators': 691, 'max_depth': 38, 'learning_rate': 0.022883830570938627, 'reg_alpha': 2.7147919829227893e-07, 'reg_lambda': 1.035627373230712e-06, 'min_child_weight': 1}. Best is trial 0 with value: 0.9154228855721394.
[I 2026-03-24 15:40:26,866] Trial 712 finished with value: 0.9154228855721394 and parameters: {'n_estimators': 218, 'max_depth': 32, 'learning_rate': 0.004658105654495875, 'reg_alpha': 9.866874105367537e-05, 'reg_lambda': 0.0038763360201219447, 'min_child_weight': 7}. Best is trial 0 with value: 0.9154228855721394.
[I 2026-03-24 15:40:27,003] Trial 713 finished with value: 0.9154228855721394 and parameters: {'n_estimators': 874, 'max_depth': 44, 'learning_rate': 0.008961527915858667, 'reg_alpha': 1.026297202279064e-05, 'reg_lambda': 2.532664915376904e-06, 'min_child_weight': 5}. Best is trial 0 with value: 0.9154228855721394.
[I 2026-03-24 15:40:27,073] Trial 714 finished with value: 0.9154228855721394 and parameters: {'n_estimators': 325, 'max_depth': 34, 'learning_rate': 0.0054070335872236615, 'reg_alpha': 0.3596209391286416, 'reg_lambda': 0.00012509282774733827, 'min_child_weight': 8}. Best is trial 0 with value: 0.9154228855721394.
[I 2026-03-24 15:40:27,140] Trial 715 finished with value: 0.9154228855721394 and parameters: {'n_estimators': 293, 'max_depth': 42, 'learning_rate': 0.003299021818717739, 'reg_alpha': 0.011358503273764295, 'reg_lambda': 0.009285847098239042, 'min_child_weight': 5}. Best is trial 0 with value: 0.9154228855721394.
[I 2026-03-24 15:40:27,247] Trial 716 finished with value: 0.9154228855721394 and parameters: {'n_estimators': 625, 'max_depth': 9, 'learning_rate': 0.0013813112532848847, 'reg_alpha': 6.96903468691576e-07, 'reg_lambda': 4.7704736352080115e-08, 'min_child_weight': 3}. Best is trial 0 with value: 0.9154228855721394.
[I 2026-03-24 15:40:27,397] Trial 717 finished with value: 0.9154228855721394 and parameters: {'n_estimators': 983, 'max_depth': 18, 'learning_rate': 0.03956125950055762, 'reg_alpha': 2.9091157378710692e-06, 'reg_lambda': 0.1433375514753437, 'min_child_weight': 10}. Best is trial 0 with value: 0.9154228855721394.
[I 2026-03-24 15:40:27,490] Trial 718 finished with value: 0.9154228855721394 and parameters: {'n_estimators': 506, 'max_depth': 13, 'learning_rate': 0.009900809849251842, 'reg_alpha': 0.0006816133035323917, 'reg_lambda': 0.00032832984737870066, 'min_child_weight': 8}. Best is trial 0 with value: 0.9154228855721394.
[I 2026-03-24 15:40:27,552] Trial 719 finished with value: 0.9154228855721394 and parameters: {'n_estimators': 250, 'max_depth': 47, 'learning_rate': 0.00678215158485527, 'reg_alpha': 0.01609787833400349, 'reg_lambda': 0.00017733906564034745, 'min_child_weight': 2}. Best is trial 0 with value: 0.9154228855721394.
[I 2026-03-24 15:40:27,674] Trial 720 finished with value: 0.9154228855721394 and parameters: {'n_estimators': 746, 'max_depth': 26, 'learning_rate': 0.002974197609250871, 'reg_alpha': 0.0023410106375670843, 'reg_lambda': 1.935118914728795e-06, 'min_child_weight': 6}. Best is trial 0 with value: 0.9154228855721394.
[I 2026-03-24 15:40:27,821] Trial 721 finished with value: 0.9154228855721394 and parameters: {'n_estimators': 951, 'max_depth': 46, 'learning_rate': 0.011513354531865477, 'reg_alpha': 1.2273766529689584e-06, 'reg_lambda': 0.0008887945711507673, 'min_child_weight': 4}. Best is trial 0 with value: 0.9154228855721394.
[I 2026-03-24 15:40:27,909] Trial 722 finished with value: 0.9154228855721394 and parameters: {'n_estimators': 471, 'max_depth': 48, 'learning_rate': 0.0026348791242353014, 'reg_alpha': 1.4119387485524759e-07, 'reg_lambda': 1.1690494206001533e-05, 'min_child_weight': 9}. Best is trial 0 with value: 0.9154228855721394.
[I 2026-03-24 15:40:28,058] Trial 723 finished with value: 0.9154228855721394 and parameters: {'n_estimators': 898, 'max_depth': 35, 'learning_rate': 0.05707939109616975, 'reg_alpha': 7.598602957264248e-06, 'reg_lambda': 9.18496692917023e-05, 'min_child_weight': 1}. Best is trial 0 with value: 0.9154228855721394.
[I 2026-03-24 15:40:28,126] Trial 724 finished with value: 0.9154228855721394 and parameters: {'n_estimators': 310, 'max_depth': 24, 'learning_rate': 0.003950144006935641, 'reg_alpha': 0.03672225316888864, 'reg_lambda': 5.984124946633524e-06, 'min_child_weight': 3}. Best is trial 0 with value: 0.9154228855721394.
[I 2026-03-24 15:40:28,244] Trial 725 finished with value: 0.9154228855721394 and parameters: {'n_estimators': 716, 'max_depth': 28, 'learning_rate': 0.0058425338932299245, 'reg_alpha': 0.11813902528096613, 'reg_lambda': 2.3254861451710242e-07, 'min_child_weight': 9}. Best is trial 0 with value: 0.9154228855721394.
[I 2026-03-24 15:40:28,344] Trial 726 finished with value: 0.9154228855721394 and parameters: {'n_estimators': 570, 'max_depth': 45, 'learning_rate': 0.008154251462212377, 'reg_alpha': 0.0012323854508270713, 'reg_lambda': 1.398717128370029e-08, 'min_child_weight': 6}. Best is trial 0 with value: 0.9154228855721394.
[I 2026-03-24 15:40:28,426] Trial 727 finished with value: 0.9154228855721394 and parameters: {'n_estimators': 420, 'max_depth': 36, 'learning_rate': 0.0652223725672725, 'reg_alpha': 0.0003266721608367598, 'reg_lambda': 0.006805031831212705, 'min_child_weight': 7}. Best is trial 0 with value: 0.9154228855721394.
[I 2026-03-24 15:40:28,525] Trial 728 finished with value: 0.9154228855721394 and parameters: {'n_estimators': 365, 'max_depth': 43, 'learning_rate': 0.025310178592927255, 'reg_alpha': 0.02164376298009905, 'reg_lambda': 3.353800077414796e-08, 'min_child_weight': 1}. Best is trial 0 with value: 0.9154228855721394.
[I 2026-03-24 15:40:28,638] Trial 729 finished with value: 0.9154228855721394 and parameters: {'n_estimators': 670, 'max_depth': 25, 'learning_rate': 0.020491185330776325, 'reg_alpha': 1.260726637495134e-05, 'reg_lambda': 8.239071137691679e-07, 'min_child_weight': 5}. Best is trial 0 with value: 0.9154228855721394.
[I 2026-03-24 15:40:28,746] Trial 730 finished with value: 0.9154228855721394 and parameters: {'n_estimators': 647, 'max_depth': 50, 'learning_rate': 0.001989757078038979, 'reg_alpha': 9.601552776971346e-08, 'reg_lambda': 7.816276613795515e-08, 'min_child_weight': 7}. Best is trial 0 with value: 0.9154228855721394.
[I 2026-03-24 15:40:28,819] Trial 731 finished with value: 0.9154228855721394 and parameters: {'n_estimators': 343, 'max_depth': 37, 'learning_rate': 0.03641833841245805, 'reg_alpha': 3.1404031417595453e-05, 'reg_lambda': 0.0005170815859595775, 'min_child_weight': 3}. Best is trial 0 with value: 0.9154228855721394.
[I 2026-03-24 15:40:28,879] Trial 732 finished with value: 0.9154228855721394 and parameters: {'n_estimators': 231, 'max_depth': 33, 'learning_rate': 0.014556629361930806, 'reg_alpha': 5.99681587369464e-05, 'reg_lambda': 0.0023027164129722105, 'min_child_weight': 4}. Best is trial 0 with value: 0.9154228855721394.
