[I 2026-03-24 15:38:42,136] Trial 430 finished with value: 0.9154228855721394 and parameters: {'n_estimators': 958, 'max_depth': 27, 'learning_rate': 0.0016546242557279153, 'reg_alpha': 2.456911039405765e-07, 'reg_lambda': 2.5317031534508777e-08, 'min_child_weight': 1}. Best is trial 0 with value: 0.9154228855721394.
[I 2026-03-24 15:38:42,229] Trial 431 finished with value: 0.9154228855721394 and parameters: {'n_estimators': 604, 'max_depth': 28, 'learning_rate': 0.0037706806032114485, 'reg_alpha': 0.006208806348638947, 'reg_lambda': 4.0171375968273485e-08, 'min_child_weight': 6}. Best is trial 0 with value: 0.9154228855721394.
[I 2026-03-24 15:38:42,301] Trial 432 finished with value: 0.9154228855721394 and parameters: {'n_estimators': 402, 'max_depth': 49, 'learning_rate': 0.0019458223691802103, 'reg_alpha': 0.04277832518219233, 'reg_lambda': 0.0001455364251373139, 'min_child_weight': 8}. Best is trial 0 with value: 0.9154228855721394.
[I 2026-03-24 15:38:42,385] Trial 433 finished with value: 0.9154228855721394 and parameters: {'n_estimators': 526, 'max_depth': 14, 'learning_rate': 0.0012532076624150858, 'reg_alpha': 1.7162013155675708e-08, 'reg_lambda': 1.109717336917694e-06, 'min_child_weight': 3}. Best is trial 0 with value: 0.9154228855721394.
[I 2026-03-24 15:38:42,498] Trial 434 finished with value: 0.9154228855721394 and parameters: {'n_estimators': 773, 'max_depth': 25, 'learning_rate': 0.015230065933960826, 'reg_alpha': 0.0001430772713419843, 'reg_lambda': 6.259454877951241e-07, 'min_child_weight': 5}. Best is trial 0 with value: 0.9154228855721394.
[I 2026-03-24 15:38:42,546] Trial 435 finished with value: 0.9154228855721394 and parameters: {'n_estimators': 201, 'max_depth': 8, 'learning_rate': 0.0027883609215618864, 'reg_alpha': 0.20859369115477394, 'reg_lambda': 4.971510501347003e-06, 'min_child_weight': 7}. Best is trial 0 with value: 0.9154228855721394.
[I 2026-03-24 15:38:42,645] Trial 436 finished with value: 0.9154228855721394 and parameters: {'n_estimators': 663, 'max_depth': 23, 'learning_rate': 0.0015226920735810596, 'reg_alpha': 3.8956909271350826e-08, 'reg_lambda': 0.00046262242648691126, 'min_child_weight': 8}. Best is trial 0 with value: 0.9154228855721394.
[I 2026-03-24 15:38:42,737] Trial 437 finished with value: 0.9154228855721394 and parameters: {'n_estimators': 581, 'max_depth': 42, 'learning_rate': 0.005624768850391056, 'reg_alpha': 7.0789389281357005e-06, 'reg_lambda': 1.119098074024455e-07, 'min_child_weight': 2}. Best is trial 0 with value: 0.9154228855721394.
[I 2026-03-24 15:38:42,841] Trial 438 finished with value: 0.9154228855721394 and parameters: {'n_estimators': 704, 'max_depth': 31, 'learning_rate': 0.004422664007675387, 'reg_alpha': 5.9208572648891684e-05, 'reg_lambda': 8.263697760126637e-06, 'min_child_weight': 6}. Best is trial 0 with value: 0.9154228855721394.
[I 2026-03-24 15:38:42,902] Trial 439 finished with value: 0.9154228855721394 and parameters: {'n_estimators': 314, 'max_depth': 50, 'learning_rate': 0.0335223918587497, 'reg_alpha': 0.09887218985679597, 'reg_lambda': 3.8646017317556804e-07, 'min_child_weight': 9}. Best is trial 0 with value: 0.9154228855721394.
[I 2026-03-24 15:38:43,028] Trial 440 finished with value: 0.9154228855721394 and parameters: {'n_estimators': 904, 'max_depth': 20, 'learning_rate': 0.05561359425600638, 'reg_alpha': 0.0032479550257115447, 'reg_lambda': 1.9035655292487275e-05, 'min_child_weight': 10}. Best is trial 0 with value: 0.9154228855721394.
[I 2026-03-24 15:38:43,105] Trial 441 finished with value: 0.9154228855721394 and parameters: {'n_estimators': 470, 'max_depth': 33, 'learning_rate': 0.0010840244218393352, 'reg_alpha': 0.2834678855576231, 'reg_lambda': 2.3238334563001917e-07, 'min_child_weight': 4}. Best is trial 0 with value: 0.9154228855721394.
[I 2026-03-24 15:38:43,192] Trial 442 finished with value: 0.9154228855721394 and parameters: {'n_estimators': 554, 'max_depth': 26, 'learning_rate': 0.0031178938834026536, 'reg_alpha': 0.988832409333352, 'reg_lambda': 5.072323613070075e-05, 'min_child_weight': 7}. Best is trial 0 with value: 0.9154228855721394.
[I 2026-03-24 15:38:43,256] Trial 443 finished with value: 0.9154228855721394 and parameters: {'n_estimators': 336, 'max_depth': 21, 'learning_rate': 0.0013436512141754542, 'reg_alpha': 0.0009707662809839863, 'reg_lambda': 0.020907225028392394, 'min_child_weight': 3}. Best is trial 0 with value: 0.9154228855721394.
[I 2026-03-24 15:38:43,323] Trial 444 finished with value: 0.9154228855721394 and parameters: {'n_estimators': 373, 'max_depth': 48, 'learning_rate': 0.06345063135896342, 'reg_alpha': 0.001989522324848156, 'reg_lambda': 1.8274157339135857e-06, 'min_child_weight': 1}. Best is trial 0 with value: 0.9154228855721394.
[I 2026-03-24 15:38:43,401] Trial 445 finished with value: 0.9154228855721394 and parameters: {'n_estimators': 486, 'max_depth': 37, 'learning_rate': 0.002309018145820524, 'reg_alpha': 0.0004663377997513479, 'reg_lambda': 1.4212744455887417e-08, 'min_child_weight': 8}. Best is trial 0 with value: 0.9154228855721394.
[I 2026-03-24 15:38:43,484] Trial 446 finished with value: 0.9154228855721394 and parameters: {'n_estimators': 509, 'max_depth': 16, 'learning_rate': 0.006217314861021403, 'reg_alpha': 0.5173067540470095, 'reg_lambda': 2.8556670367324354e-05, 'min_child_weight': 7}. Best is trial 0 with value: 0.9154228855721394.
[I 2026-03-24 15:38:43,579] Trial 447 finished with value: 0.9154228855721394 and parameters: {'n_estimators': 637, 'max_depth': 19, 'learning_rate': 0.0035583733905909633, 'reg_alpha': 0.008219271131934354, 'reg_lambda': 1.3823405093049169e-05, 'min_child_weight': 6}. Best is trial 0 with value: 0.9154228855721394.
[I 2026-03-24 15:38:43,636] Trial 448 finished with value: 0.9154228855721394 and parameters: {'n_estimators': 271, 'max_depth': 34, 'learning_rate': 0.001183148282449744, 'reg_alpha': 1.4642260878319742e-06, 'reg_lambda': 7.767194366018722e-07, 'min_child_weight': 4}. Best is trial 0 with value: 0.9154228855721394.
[I 2026-03-24 15:38:43,768] Trial 449 finished with value: 0.9154228855721394 and parameters: {'n_estimators': 967, 'max_depth': 22, 'learning_rate': 0.0010848631796321628, 'reg_alpha': 0.05623387631448667, 'reg_lambda': 4.639350601034218e-08, 'min_child_weight': 5}. Best is trial 0 with value: 0.9154228855721394.
[I 2026-03-24 15:38:43,819] Trial 450 finished with value: 0.9154228855721394 and parameters: {'n_estimators': 230, 'max_depth': 24, 'learning_rate': 0.09094647988210006, 'reg_alpha': 3.769084224812207e-05, 'reg_lambda': 1.0104585827228462e-08, 'min_child_weight': 9}. Best is trial 0 with value: 0.9154228855721394.
[I 2026-03-24 15:38:43,928] Trial 451 finished with value: 0.9154228855721394 and parameters: {'n_estimators': 791, 'max_depth': 38, 'learning_rate': 0.0017546191903512274, 'reg_alpha': 3.4837240928237437e-06, 'reg_lambda': 7.432504666073748e-08, 'min_child_weight': 6}. Best is trial 0 with value: 0.9154228855721394.
[I 2026-03-24 15:38:44,034] Trial 452 finished with value: 0.9154228855721394 and parameters: {'n_estimators': 726, 'max_depth': 41, 'learning_rate': 0.008965656258981625, 'reg_alpha': 0.0006507556501488834, 'reg_lambda': 0.008308907627077786, 'min_child_weight': 10}. Best is trial 0 with value: 0.9154228855721394.
[I 2026-03-24 15:38:44,100] Trial 453 finished with value: 0.9154228855721394 and parameters: {'n_estimators': 356, 'max_depth': 25, 'learning_rate': 0.01106203704485711, 'reg_alpha': 2.0552394047939998e-05, 'reg_lambda': 0.004320333740462059, 'min_child_weight': 7}. Best is trial 0 with value: 0.9154228855721394.
[I 2026-03-24 15:38:44,189] Trial 454 finished with value: 0.9154228855721394 and parameters: {'n_estimators': 568, 'max_depth': 30, 'learning_rate': 0.037715473340529986, 'reg_alpha': 0.13427068525602712, 'reg_lambda': 0.05888630058567352, 'min_child_weight': 8}. Best is trial 0 with value: 0.9154228855721394.
[I 2026-03-24 15:38:44,309] Trial 455 finished with value: 0.9154228855721394 and parameters: {'n_estimators': 853, 'max_depth': 28, 'learning_rate': 0.004019305201848015, 'reg_alpha': 0.0025256162690788643, 'reg_lambda': 1.6621181194469056e-07, 'min_child_weight': 1}. Best is trial 0 with value: 0.9154228855721394.
[I 2026-03-24 15:38:44,380] Trial 456 finished with value: 0.9154228855721394 and parameters: {'n_estimators': 412, 'max_depth': 29, 'learning_rate': 0.0014799163166367194, 'reg_alpha': 0.0001010520378599418, 'reg_lambda': 0.002791080749081172, 'min_child_weight': 3}. Best is trial 0 with value: 0.9154228855721394.
[I 2026-03-24 15:38:44,514] Trial 457 finished with value: 0.9154228855721394 and parameters: {'n_estimators': 988, 'max_depth': 27, 'learning_rate': 0.0025678354912134073, 'reg_alpha': 1.6308592334401303e-07, 'reg_lambda': 9.592570223146408e-06, 'min_child_weight': 5}. Best is trial 0 with value: 0.9154228855721394.
[I 2026-03-24 15:38:44,568] Trial 458 finished with value: 0.9154228855721394 and parameters: {'n_estimators': 251, 'max_depth': 40, 'learning_rate': 0.012959117915699633, 'reg_alpha': 0.00016319450588931982, 'reg_lambda': 0.0016312303010587873, 'min_child_weight': 8}. Best is trial 0 with value: 0.9154228855721394.
[I 2026-03-24 15:38:44,653] Trial 459 finished with value: 0.9154228855721394 and parameters: {'n_estimators': 537, 'max_depth': 17, 'learning_rate': 0.0010030041772129523, 'reg_alpha': 5.71204801103333e-06, 'reg_lambda': 4.001337898340351e-07, 'min_child_weight': 4}. Best is trial 0 with value: 0.9154228855721394.
[I 2026-03-24 15:38:44,789] Trial 460 finished with value: 0.9154228855721394 and parameters: {'n_estimators': 1000, 'max_depth': 47, 'learning_rate': 0.004763825373688274, 'reg_alpha': 0.013771769157497664, 'reg_lambda': 3.6677121248103314e-06, 'min_child_weight': 6}. Best is trial 0 with value: 0.9154228855721394.
[I 2026-03-24 15:38:44,862] Trial 461 finished with value: 0.9154228855721394 and parameters: {'n_estimators': 434, 'max_depth': 13, 'learning_rate': 0.09672413723671576, 'reg_alpha': 1.0071390566410687e-08, 'reg_lambda': 1.317983556865375e-06, 'min_child_weight': 7}. Best is trial 0 with value: 0.9154228855721394.
[I 2026-03-24 15:38:44,954] Trial 462 finished with value: 0.9154228855721394 and parameters: {'n_estimators': 599, 'max_depth': 49, 'learning_rate': 0.0013268686350528785, 'reg_alpha': 0.026893721963531896, 'reg_lambda': 0.0003202250282749193, 'min_child_weight': 9}. Best is trial 0 with value: 0.9154228855721394.
[I 2026-03-24 15:38:45,083] Trial 463 finished with value: 0.9154228855721394 and parameters: {'n_estimators': 930, 'max_depth': 10, 'learning_rate': 0.01966782883856015, 'reg_alpha': 6.014958567682014e-07, 'reg_lambda': 4.200375490854149e-05, 'min_child_weight': 3}. Best is trial 0 with value: 0.9154228855721394.
[I 2026-03-24 15:38:45,199] Trial 464 finished with value: 0.9154228855721394 and parameters: {'n_estimators': 826, 'max_depth': 26, 'learning_rate': 0.001944546069232267, 'reg_alpha': 0.0042584965201551625, 'reg_lambda': 2.2928500610897606e-06, 'min_child_weight': 2}. Best is trial 0 with value: 0.9154228855721394.
[I 2026-03-24 15:38:45,293] Trial 465 finished with value: 0.9154228855721394 and parameters: {'n_estimators': 618, 'max_depth': 7, 'learning_rate': 0.003378682545189077, 'reg_alpha': 0.0013073528115043556, 'reg_lambda': 1.124763493863506e-07, 'min_child_weight': 10}. Best is trial 0 with value: 0.9154228855721394.
[I 2026-03-24 15:38:45,370] Trial 466 finished with value: 0.9154228855721394 and parameters: {'n_estimators': 452, 'max_depth': 23, 'learning_rate': 0.08085500766474917, 'reg_alpha': 0.08596587946574241, 'reg_lambda': 2.9231856991042002e-08, 'min_child_weight': 8}. Best is trial 0 with value: 0.9154228855721394.
[I 2026-03-24 15:38:45,440] Trial 467 finished with value: 0.9154228855721394 and parameters: {'n_estimators': 394, 'max_depth': 39, 'learning_rate': 0.02392396894906666, 'reg_alpha': 2.088148476893481e-08, 'reg_lambda': 8.86510712126617e-05, 'min_child_weight': 1}. Best is trial 0 with value: 0.9154228855721394.
[I 2026-03-24 15:38:45,541] Trial 468 finished with value: 0.9154228855721394 and parameters: {'n_estimators': 675, 'max_depth': 25, 'learning_rate': 0.0021790933956435253, 'reg_alpha': 5.5640775419807786e-08, 'reg_lambda': 1.99751071312875e-05, 'min_child_weight': 5}. Best is trial 0 with value: 0.9154228855721394.
[I 2026-03-24 15:38:45,641] Trial 469 finished with value: 0.9154228855721394 and parameters: {'n_estimators': 653, 'max_depth': 43, 'learning_rate': 0.001631383794477903, 'reg_alpha': 9.417907910898299e-06, 'reg_lambda': 6.049017234126284e-06, 'min_child_weight': 7}. Best is trial 0 with value: 0.9154228855721394.
[I 2026-03-24 15:38:45,766] Trial 470 finished with value: 0.9154228855721394 and parameters: {'n_estimators': 891, 'max_depth': 26, 'learning_rate': 0.0012060975411166395, 'reg_alpha': 0.21421480661663947, 'reg_lambda': 6.013509865459985e-08, 'min_child_weight': 8}. Best is trial 0 with value: 0.9154228855721394.
[I 2026-03-24 15:38:45,829] Trial 471 finished with value: 0.9154228855721394 and parameters: {'n_estimators': 326, 'max_depth': 32, 'learning_rate': 0.001868547519899458, 'reg_alpha': 0.00029038508263900777, 'reg_lambda': 2.8252250727988685e-07, 'min_child_weight': 6}. Best is trial 0 with value: 0.9154228855721394.
[I 2026-03-24 15:38:45,887] Trial 472 finished with value: 0.9154228855721394 and parameters: {'n_estimators': 296, 'max_depth': 18, 'learning_rate': 0.006866076563815963, 'reg_alpha': 4.9217460095619135e-05, 'reg_lambda': 0.006114373174359821, 'min_child_weight': 5}. Best is trial 0 with value: 0.9154228855721394.
[I 2026-03-24 15:38:46,011] Trial 473 finished with value: 0.9154228855721394 and parameters: {'n_estimators': 877, 'max_depth': 12, 'learning_rate': 0.0014222549462129873, 'reg_alpha': 0.46527367828807326, 'reg_lambda': 8.663727919870581e-07, 'min_child_weight': 3}. Best is trial 0 with value: 0.9154228855721394.
[I 2026-03-24 15:38:46,102] Trial 474 finished with value: 0.9154228855721394 and parameters: {'n_estimators': 583, 'max_depth': 29, 'learning_rate': 0.0011316863365767739, 'reg_alpha': 0.15450225548015648, 'reg_lambda': 0.00014161262502237722, 'min_child_weight': 2}. Best is trial 0 with value: 0.9154228855721394.
[I 2026-03-24 15:38:46,168] Trial 475 finished with value: 0.9154228855721394 and parameters: {'n_estimators': 373, 'max_depth': 36, 'learning_rate': 0.008212165950813656, 'reg_alpha': 7.384521168314604e-05, 'reg_lambda': 1.4042675263217235e-05, 'min_child_weight': 9}. Best is trial 0 with value: 0.9154228855721394.
[I 2026-03-24 15:38:46,249] Trial 476 finished with value: 0.9154228855721394 and parameters: {'n_estimators': 516, 'max_depth': 24, 'learning_rate': 0.002866696047450391, 'reg_alpha': 0.0003699042247828454, 'reg_lambda': 5.613595628075121e-07, 'min_child_weight': 7}. Best is trial 0 with value: 0.9154228855721394.
[I 2026-03-24 15:38:46,298] Trial 477 finished with value: 0.9154228855721394 and parameters: {'n_estimators': 213, 'max_depth': 22, 'learning_rate': 0.03114024980972173, 'reg_alpha': 0.0058081982705899, 'reg_lambda': 8.384622761833164e-08, 'min_child_weight': 10}. Best is trial 0 with value: 0.9154228855721394.
[I 2026-03-24 15:38:46,404] Trial 478 finished with value: 0.9154228855721394 and parameters: {'n_estimators': 745, 'max_depth': 50, 'learning_rate': 0.016038450064738252, 'reg_alpha': 0.30996557652110884, 'reg_lambda': 0.6855231182463996, 'min_child_weight': 4}. Best is trial 0 with value: 0.9154228855721394.
[I 2026-03-24 15:38:46,492] Trial 479 finished with value: 0.9154228855721394 and parameters: {'n_estimators': 562, 'max_depth': 47, 'learning_rate': 0.005487690462237567, 'reg_alpha': 9.558285463149737e-07, 'reg_lambda': 0.0008776230554348759, 'min_child_weight': 8}. Best is trial 0 with value: 0.9154228855721394.
[I 2026-03-24 15:38:46,596] Trial 480 finished with value: 0.9154228855721394 and parameters: {'n_estimators': 695, 'max_depth': 40, 'learning_rate': 0.014158018874950782, 'reg_alpha': 2.064569535709861e-06, 'reg_lambda': 2.0964151802290377e-08, 'min_child_weight': 7}. Best is trial 0 with value: 0.9154228855721394.
[I 2026-03-24 15:38:46,683] Trial 481 finished with value: 0.9154228855721394 and parameters: {'n_estimators': 544, 'max_depth': 20, 'learning_rate': 0.0694355956049316, 'reg_alpha': 0.04045741773489482, 'reg_lambda': 1.4115775403120494e-07, 'min_child_weight': 6}. Best is trial 0 with value: 0.9154228855721394.
[I 2026-03-24 15:38:46,806] Trial 482 finished with value: 0.9154228855721394 and parameters: {'n_estimators': 866, 'max_depth': 44, 'learning_rate': 0.001259403605610834, 'reg_alpha': 0.00020226689940798973, 'reg_lambda': 0.0005785873302079271, 'min_child_weight': 1}. Best is trial 0 with value: 0.9154228855721394.
[I 2026-03-24 15:38:46,887] Trial 483 finished with value: 0.9154228855721394 and parameters: {'n_estimators': 492, 'max_depth': 33, 'learning_rate': 0.001623611178449531, 'reg_alpha': 0.0007670612048443715, 'reg_lambda': 2.7768999273622184e-05, 'min_child_weight': 2}. Best is trial 0 with value: 0.9154228855721394.
[I 2026-03-24 15:38:46,961] Trial 484 finished with value: 0.9154228855721394 and parameters: {'n_estimators': 424, 'max_depth': 28, 'learning_rate': 0.004416321183700047, 'reg_alpha': 2.9721019360890277e-08, 'reg_lambda': 0.0033463176779073294, 'min_child_weight': 8}. Best is trial 0 with value: 0.9154228855721394.
[I 2026-03-24 15:38:47,093] Trial 485 finished with value: 0.9154228855721394 and parameters: {'n_estimators': 949, 'max_depth': 42, 'learning_rate': 0.003036354885190147, 'reg_alpha': 4.359136038181264e-06, 'reg_lambda': 1.6620530904748566e-06, 'min_child_weight': 6}. Best is trial 0 with value: 0.9154228855721394.
[I 2026-03-24 15:38:47,186] Trial 486 finished with value: 0.9154228855721394 and parameters: {'n_estimators': 612, 'max_depth': 38, 'learning_rate': 0.006217627733866455, 'reg_alpha': 0.010148236192214952, 'reg_lambda': 0.027576998808130533, 'min_child_weight': 10}. Best is trial 0 with value: 0.9154228855721394.
[I 2026-03-24 15:38:47,258] Trial 487 finished with value: 0.9154228855721394 and parameters: {'n_estimators': 399, 'max_depth': 34, 'learning_rate': 0.0011283115354764719, 'reg_alpha': 3.6545818573795705e-07, 'reg_lambda': 1.0066685168049757e-05, 'min_child_weight': 7}. Best is trial 0 with value: 0.9154228855721394.
[I 2026-03-24 15:38:47,369] Trial 488 finished with value: 0.9154228855721394 and parameters: {'n_estimators': 767, 'max_depth': 27, 'learning_rate': 0.0035895577434228738, 'reg_alpha': 1.583746633180417e-05, 'reg_lambda': 2.1499686018280273e-07, 'min_child_weight': 9}. Best is trial 0 with value: 0.9154228855721394.
[I 2026-03-24 15:38:47,435] Trial 489 finished with value: 0.9154228855721394 and parameters: {'n_estimators': 350, 'max_depth': 18, 'learning_rate': 0.04580676820837248, 'reg_alpha': 1.0317228340045774e-07, 'reg_lambda': 3.392114569000822e-06, 'min_child_weight': 4}. Best is trial 0 with value: 0.9154228855721394.
[I 2026-03-24 15:38:47,572] Trial 490 finished with value: 0.9154228855721394 and parameters: {'n_estimators': 975, 'max_depth': 31, 'learning_rate': 0.001015017284852723, 'reg_alpha': 0.06246845166843504, 'reg_lambda': 4.436938250879239e-07, 'min_child_weight': 6}. Best is trial 0 with value: 0.9154228855721394.
[I 2026-03-24 15:38:47,691] Trial 491 finished with value: 0.9154228855721394 and parameters: {'n_estimators': 839, 'max_depth': 24, 'learning_rate': 0.002062516826868749, 'reg_alpha': 0.7590175532595906, 'reg_lambda': 0.00011287288748535228, 'min_child_weight': 3}. Best is trial 0 with value: 0.9154228855721394.
[I 2026-03-24 15:38:47,784] Trial 492 finished with value: 0.9154228855721394 and parameters: {'n_estimators': 587, 'max_depth': 45, 'learning_rate': 0.010196029510856438, 'reg_alpha': 2.7170981605250878e-05, 'reg_lambda': 1.3597770879103846e-08, 'min_child_weight': 5}. Best is trial 0 with value: 0.9154228855721394.
[I 2026-03-24 15:38:47,897] Trial 493 finished with value: 0.9154228855721394 and parameters: {'n_estimators': 781, 'max_depth': 15, 'learning_rate': 0.0013839555189106775, 'reg_alpha': 0.0027139610698811057, 'reg_lambda': 6.239660954906322e-05, 'min_child_weight': 8}. Best is trial 0 with value: 0.9154228855721394.
[I 2026-03-24 15:38:47,994] Trial 494 finished with value: 0.9154228855721394 and parameters: {'n_estimators': 627, 'max_depth': 48, 'learning_rate': 0.0023814048435243872, 'reg_alpha': 0.10567975932654895, 'reg_lambda': 5.637608003301657e-06, 'min_child_weight': 9}. Best is trial 0 with value: 0.9154228855721394.
[I 2026-03-24 15:38:48,122] Trial 495 finished with value: 0.9154228855721394 and parameters: {'n_estimators': 907, 'max_depth': 26, 'learning_rate': 0.005065079939124885, 'reg_alpha': 0.0001589035613111297, 'reg_lambda': 0.0022642730191474118, 'min_child_weight': 1}. Best is trial 0 with value: 0.9154228855721394.
[I 2026-03-24 15:38:48,251] Trial 496 finished with value: 0.9154228855721394 and parameters: {'n_estimators': 927, 'max_depth': 19, 'learning_rate': 0.05236642863782085, 'reg_alpha': 0.00010462681516631037, 'reg_lambda': 0.00022255628766943127, 'min_child_weight': 7}. Best is trial 0 with value: 0.9154228855721394.
[I 2026-03-24 15:38:48,328] Trial 497 finished with value: 0.9154228855721394 and parameters: {'n_estimators': 458, 'max_depth': 35, 'learning_rate': 0.028227805697479427, 'reg_alpha': 0.0017981026273870071, 'reg_lambda': 1.285973280140501e-06, 'min_child_weight': 8}. Best is trial 0 with value: 0.9154228855721394.
[I 2026-03-24 15:38:48,434] Trial 498 finished with value: 0.9154228855721394 and parameters: {'n_estimators': 716, 'max_depth': 22, 'learning_rate': 0.0018055097937158071, 'reg_alpha': 0.01956109731424394, 'reg_lambda': 5.487405584934578e-08, 'min_child_weight': 3}. Best is trial 0 with value: 0.9154228855721394.
