[I 2026-03-24 15:35:16,028] Trial 375 finished with value: 0.941747572815534 and parameters: {'n_estimators': 959, 'max_depth': 35, 'learning_rate': 0.007216300854114855, 'reg_alpha': 3.158579575148871e-05, 'reg_lambda': 6.757278279278505e-08, 'min_child_weight': 3}. Best is trial 213 with value: 0.9463414634146341.
[I 2026-03-24 15:35:16,211] Trial 376 finished with value: 0.941747572815534 and parameters: {'n_estimators': 525, 'max_depth': 37, 'learning_rate': 0.002255335384477766, 'reg_alpha': 0.0001899983883198148, 'reg_lambda': 0.5591461191711415, 'min_child_weight': 1}. Best is trial 213 with value: 0.9463414634146341.
[I 2026-03-24 15:35:16,383] Trial 377 finished with value: 0.941747572815534 and parameters: {'n_estimators': 975, 'max_depth': 14, 'learning_rate': 0.09881632505279024, 'reg_alpha': 0.004540426877351198, 'reg_lambda': 0.024128519574768536, 'min_child_weight': 9}. Best is trial 213 with value: 0.9463414634146341.
[I 2026-03-24 15:35:16,481] Trial 378 finished with value: 0.941747572815534 and parameters: {'n_estimators': 468, 'max_depth': 26, 'learning_rate': 0.025921631960842285, 'reg_alpha': 8.728992733211474e-05, 'reg_lambda': 1.6543005126542492e-06, 'min_child_weight': 10}. Best is trial 213 with value: 0.9463414634146341.
[I 2026-03-24 15:35:16,675] Trial 379 finished with value: 0.941747572815534 and parameters: {'n_estimators': 729, 'max_depth': 22, 'learning_rate': 0.009048409315534883, 'reg_alpha': 7.946039627548826e-08, 'reg_lambda': 0.0036807739776530068, 'min_child_weight': 2}. Best is trial 213 with value: 0.9463414634146341.
[I 2026-03-24 15:35:16,812] Trial 380 finished with value: 0.941747572815534 and parameters: {'n_estimators': 752, 'max_depth': 43, 'learning_rate': 0.001020536211376851, 'reg_alpha': 0.0005509806630761762, 'reg_lambda': 1.9334523767754102e-08, 'min_child_weight': 6}. Best is trial 213 with value: 0.9463414634146341.
[I 2026-03-24 15:35:16,966] Trial 381 finished with value: 0.941747572815534 and parameters: {'n_estimators': 859, 'max_depth': 6, 'learning_rate': 0.08306454966491529, 'reg_alpha': 0.0011146502629513688, 'reg_lambda': 0.0014569881553481664, 'min_child_weight': 5}. Best is trial 213 with value: 0.9463414634146341.
[I 2026-03-24 15:35:17,106] Trial 382 finished with value: 0.941747572815534 and parameters: {'n_estimators': 779, 'max_depth': 40, 'learning_rate': 0.0017858432916455335, 'reg_alpha': 0.021389245677940438, 'reg_lambda': 7.829510910546032e-05, 'min_child_weight': 3}. Best is trial 213 with value: 0.9463414634146341.
[I 2026-03-24 15:35:17,271] Trial 383 finished with value: 0.941747572815534 and parameters: {'n_estimators': 938, 'max_depth': 18, 'learning_rate': 0.062087536141211215, 'reg_alpha': 0.4244627787061411, 'reg_lambda': 0.16673427065544286, 'min_child_weight': 7}. Best is trial 213 with value: 0.9463414634146341.
[I 2026-03-24 15:35:17,381] Trial 384 finished with value: 0.941747572815534 and parameters: {'n_estimators': 566, 'max_depth': 16, 'learning_rate': 0.005295994559014812, 'reg_alpha': 5.881235956491254e-07, 'reg_lambda': 0.0009485568301249318, 'min_child_weight': 8}. Best is trial 213 with value: 0.9463414634146341.
[I 2026-03-24 15:35:17,499] Trial 385 finished with value: 0.941747572815534 and parameters: {'n_estimators': 622, 'max_depth': 48, 'learning_rate': 0.0011477448269805713, 'reg_alpha': 1.3050523257419741e-05, 'reg_lambda': 0.3723520737127083, 'min_child_weight': 4}. Best is trial 213 with value: 0.9463414634146341.
[I 2026-03-24 15:35:17,645] Trial 386 finished with value: 0.941747572815534 and parameters: {'n_estimators': 809, 'max_depth': 47, 'learning_rate': 0.006049819347142633, 'reg_alpha': 5.1532530252377326e-05, 'reg_lambda': 0.9401761116435492, 'min_child_weight': 3}. Best is trial 213 with value: 0.9463414634146341.
[I 2026-03-24 15:35:17,709] Trial 387 finished with value: 0.941747572815534 and parameters: {'n_estimators': 258, 'max_depth': 41, 'learning_rate': 0.04667860532030839, 'reg_alpha': 0.9784603542447331, 'reg_lambda': 1.7175747175411342e-05, 'min_child_weight': 10}. Best is trial 213 with value: 0.9463414634146341.
[I 2026-03-24 15:35:17,793] Trial 388 finished with value: 0.941747572815534 and parameters: {'n_estimators': 390, 'max_depth': 38, 'learning_rate': 0.0013755662647951244, 'reg_alpha': 0.001803459108382359, 'reg_lambda': 0.05241503570856827, 'min_child_weight': 5}. Best is trial 213 with value: 0.9463414634146341.
[I 2026-03-24 15:35:17,893] Trial 389 finished with value: 0.941747572815534 and parameters: {'n_estimators': 492, 'max_depth': 12, 'learning_rate': 0.0021453964867534196, 'reg_alpha': 0.008472501349861947, 'reg_lambda': 0.00648697231070173, 'min_child_weight': 6}. Best is trial 213 with value: 0.9463414634146341.
[I 2026-03-24 15:35:18,042] Trial 390 finished with value: 0.941747572815534 and parameters: {'n_estimators': 833, 'max_depth': 44, 'learning_rate': 0.002780010494864366, 'reg_alpha': 0.002910392554596551, 'reg_lambda': 0.0796133718277409, 'min_child_weight': 9}. Best is trial 213 with value: 0.9463414634146341.
[I 2026-03-24 15:35:18,203] Trial 391 finished with value: 0.941747572815534 and parameters: {'n_estimators': 901, 'max_depth': 39, 'learning_rate': 0.004243783000441822, 'reg_alpha': 3.8869089739575666e-07, 'reg_lambda': 4.636965096510854e-06, 'min_child_weight': 7}. Best is trial 213 with value: 0.9463414634146341.
[I 2026-03-24 15:35:18,296] Trial 392 finished with value: 0.941747572815534 and parameters: {'n_estimators': 450, 'max_depth': 28, 'learning_rate': 0.041710571907453836, 'reg_alpha': 1.2285257419311597e-06, 'reg_lambda': 1.3924604421950915e-08, 'min_child_weight': 4}. Best is trial 213 with value: 0.9463414634146341.
[I 2026-03-24 15:35:18,505] Trial 393 finished with value: 0.941747572815534 and parameters: {'n_estimators': 792, 'max_depth': 24, 'learning_rate': 0.006797677370025695, 'reg_alpha': 0.18529811308608246, 'reg_lambda': 2.6125565600853345e-06, 'min_child_weight': 2}. Best is trial 213 with value: 0.9463414634146341.
[I 2026-03-24 15:35:18,680] Trial 394 finished with value: 0.941747572815534 and parameters: {'n_estimators': 998, 'max_depth': 19, 'learning_rate': 0.003417100065890168, 'reg_alpha': 0.0004658843157670713, 'reg_lambda': 0.016054130733966346, 'min_child_weight': 5}. Best is trial 213 with value: 0.9463414634146341.
[I 2026-03-24 15:35:18,808] Trial 395 finished with value: 0.941747572815534 and parameters: {'n_estimators': 682, 'max_depth': 20, 'learning_rate': 0.05275772111438837, 'reg_alpha': 1.932728294813823e-07, 'reg_lambda': 0.037289031438486664, 'min_child_weight': 10}. Best is trial 213 with value: 0.9463414634146341.
[I 2026-03-24 15:35:18,902] Trial 396 finished with value: 0.941747572815534 and parameters: {'n_estimators': 215, 'max_depth': 42, 'learning_rate': 0.009602490279934726, 'reg_alpha': 0.0007039371638643253, 'reg_lambda': 0.0004253934795633462, 'min_child_weight': 1}. Best is trial 213 with value: 0.9463414634146341.
[I 2026-03-24 15:35:19,034] Trial 397 finished with value: 0.941747572815534 and parameters: {'n_estimators': 717, 'max_depth': 46, 'learning_rate': 0.07424451192597963, 'reg_alpha': 0.0003398311126612224, 'reg_lambda': 9.921814111476747e-05, 'min_child_weight': 3}. Best is trial 213 with value: 0.9463414634146341.
[I 2026-03-24 15:35:19,120] Trial 398 finished with value: 0.941747572815534 and parameters: {'n_estimators': 411, 'max_depth': 45, 'learning_rate': 0.011152211587647572, 'reg_alpha': 0.00011291188196714113, 'reg_lambda': 0.2422518056492431, 'min_child_weight': 5}. Best is trial 213 with value: 0.9463414634146341.
[I 2026-03-24 15:35:19,269] Trial 399 finished with value: 0.941747572815534 and parameters: {'n_estimators': 820, 'max_depth': 27, 'learning_rate': 0.005608315859881853, 'reg_alpha': 2.5000949460604476e-05, 'reg_lambda': 0.002312418989553902, 'min_child_weight': 6}. Best is trial 213 with value: 0.9463414634146341.
[I 2026-03-24 15:35:19,332] Trial 400 finished with value: 0.941747572815534 and parameters: {'n_estimators': 244, 'max_depth': 11, 'learning_rate': 0.006711881997150158, 'reg_alpha': 0.03383974440192895, 'reg_lambda': 0.00028065246500675326, 'min_child_weight': 4}. Best is trial 213 with value: 0.9463414634146341.
[I 2026-03-24 15:35:19,470] Trial 401 finished with value: 0.941747572815534 and parameters: {'n_estimators': 762, 'max_depth': 40, 'learning_rate': 0.08545843777697287, 'reg_alpha': 2.1010508836562522e-08, 'reg_lambda': 2.1210072136258706e-07, 'min_child_weight': 7}. Best is trial 213 with value: 0.9463414634146341.
[I 2026-03-24 15:35:19,536] Trial 402 finished with value: 0.941747572815534 and parameters: {'n_estimators': 277, 'max_depth': 44, 'learning_rate': 0.0024066674159963462, 'reg_alpha': 0.0011692396434921494, 'reg_lambda': 0.12574682828029463, 'min_child_weight': 3}. Best is trial 213 with value: 0.9463414634146341.
[I 2026-03-24 15:35:19,627] Trial 403 finished with value: 0.941747572815534 and parameters: {'n_estimators': 436, 'max_depth': 41, 'learning_rate': 0.008094979822856556, 'reg_alpha': 0.4042374781925973, 'reg_lambda': 2.429304999995616e-08, 'min_child_weight': 6}. Best is trial 213 with value: 0.9463414634146341.
[I 2026-03-24 15:35:19,919] Trial 404 finished with value: 0.941747572815534 and parameters: {'n_estimators': 846, 'max_depth': 50, 'learning_rate': 0.0019181039265933812, 'reg_alpha': 0.00015454680755403548, 'reg_lambda': 0.026118997444201767, 'min_child_weight': 1}. Best is trial 213 with value: 0.9463414634146341.
[I 2026-03-24 15:35:20,015] Trial 405 finished with value: 0.941747572815534 and parameters: {'n_estimators': 475, 'max_depth': 9, 'learning_rate': 0.022442024591793466, 'reg_alpha': 0.7329993331289312, 'reg_lambda': 7.611749643579275e-07, 'min_child_weight': 8}. Best is trial 213 with value: 0.9463414634146341.
[I 2026-03-24 15:35:20,138] Trial 406 finished with value: 0.941747572815534 and parameters: {'n_estimators': 649, 'max_depth': 13, 'learning_rate': 0.004461289915189254, 'reg_alpha': 6.444560145485865e-05, 'reg_lambda': 0.00015420520361014036, 'min_child_weight': 10}. Best is trial 213 with value: 0.9463414634146341.
[I 2026-03-24 15:35:20,294] Trial 407 finished with value: 0.941747572815534 and parameters: {'n_estimators': 870, 'max_depth': 17, 'learning_rate': 0.0015449404956780965, 'reg_alpha': 0.013846232787964038, 'reg_lambda': 0.010288312892537793, 'min_child_weight': 7}. Best is trial 213 with value: 0.9463414634146341.
[I 2026-03-24 15:35:20,368] Trial 408 finished with value: 0.941747572815534 and parameters: {'n_estimators': 319, 'max_depth': 38, 'learning_rate': 0.00500420210795291, 'reg_alpha': 0.0002663097770516563, 'reg_lambda': 5.420733384059322e-05, 'min_child_weight': 5}. Best is trial 213 with value: 0.9463414634146341.
[I 2026-03-24 15:35:20,483] Trial 409 finished with value: 0.941747572815534 and parameters: {'n_estimators': 600, 'max_depth': 23, 'learning_rate': 0.006089929166375513, 'reg_alpha': 0.001647030946627314, 'reg_lambda': 0.6420635833295839, 'min_child_weight': 10}. Best is trial 213 with value: 0.9463414634146341.
[I 2026-03-24 15:35:20,629] Trial 410 finished with value: 0.941747572815534 and parameters: {'n_estimators': 809, 'max_depth': 43, 'learning_rate': 0.003776109649958281, 'reg_alpha': 0.005956996092966692, 'reg_lambda': 0.0007018142361208635, 'min_child_weight': 3}. Best is trial 213 with value: 0.9463414634146341.
[I 2026-03-24 15:35:20,764] Trial 411 finished with value: 0.941747572815534 and parameters: {'n_estimators': 739, 'max_depth': 21, 'learning_rate': 0.0029885396168528575, 'reg_alpha': 0.04807750925136094, 'reg_lambda': 0.09881981560437408, 'min_child_weight': 4}. Best is trial 213 with value: 0.9463414634146341.
[I 2026-03-24 15:35:20,906] Trial 412 finished with value: 0.941747572815534 and parameters: {'n_estimators': 779, 'max_depth': 42, 'learning_rate': 0.01700151778566072, 'reg_alpha': 1.1454258351451789e-07, 'reg_lambda': 1.4980526891976707e-06, 'min_child_weight': 9}. Best is trial 213 with value: 0.9463414634146341.
[I 2026-03-24 15:35:21,029] Trial 413 finished with value: 0.9365853658536586 and parameters: {'n_estimators': 424, 'max_depth': 25, 'learning_rate': 0.08991202467835649, 'reg_alpha': 5.835310016565371e-08, 'reg_lambda': 3.2907945355010485e-08, 'min_child_weight': 2}. Best is trial 213 with value: 0.9463414634146341.
[I 2026-03-24 15:35:21,132] Trial 414 finished with value: 0.941747572815534 and parameters: {'n_estimators': 512, 'max_depth': 8, 'learning_rate': 0.0016589002062519784, 'reg_alpha': 4.444474385018949e-05, 'reg_lambda': 0.41538182655581146, 'min_child_weight': 5}. Best is trial 213 with value: 0.9463414634146341.
[I 2026-03-24 15:35:21,258] Trial 415 finished with value: 0.941747572815534 and parameters: {'n_estimators': 671, 'max_depth': 32, 'learning_rate': 0.014798952816224589, 'reg_alpha': 0.02575598179542898, 'reg_lambda': 7.91524203477213e-06, 'min_child_weight': 5}. Best is trial 213 with value: 0.9463414634146341.
[I 2026-03-24 15:35:21,319] Trial 416 finished with value: 0.941747572815534 and parameters: {'n_estimators': 232, 'max_depth': 48, 'learning_rate': 0.007797908642569708, 'reg_alpha': 0.09316926166862571, 'reg_lambda': 0.004840257647497919, 'min_child_weight': 8}. Best is trial 213 with value: 0.9463414634146341.
[I 2026-03-24 15:35:21,417] Trial 417 finished with value: 0.941747572815534 and parameters: {'n_estimators': 459, 'max_depth': 36, 'learning_rate': 0.07177695617994415, 'reg_alpha': 0.000915875776785436, 'reg_lambda': 0.04565826097045201, 'min_child_weight': 9}. Best is trial 213 with value: 0.9463414634146341.
[I 2026-03-24 15:35:21,593] Trial 418 finished with value: 0.941747572815534 and parameters: {'n_estimators': 980, 'max_depth': 34, 'learning_rate': 0.008792328429127779, 'reg_alpha': 0.0031367556347794583, 'reg_lambda': 0.00021978170161618735, 'min_child_weight': 4}. Best is trial 213 with value: 0.9463414634146341.
[I 2026-03-24 15:35:21,748] Trial 419 finished with value: 0.941747572815534 and parameters: {'n_estimators': 378, 'max_depth': 25, 'learning_rate': 0.0025139376806053246, 'reg_alpha': 0.0005876131293349108, 'reg_lambda': 0.14630362373242084, 'min_child_weight': 1}. Best is trial 213 with value: 0.9463414634146341.
[I 2026-03-24 15:35:21,880] Trial 420 finished with value: 0.941747572815534 and parameters: {'n_estimators': 701, 'max_depth': 7, 'learning_rate': 0.010171564757366318, 'reg_alpha': 0.1455000052470385, 'reg_lambda': 5.085834225416036e-06, 'min_child_weight': 3}. Best is trial 213 with value: 0.9463414634146341.
[I 2026-03-24 15:35:22,031] Trial 421 finished with value: 0.941747572815534 and parameters: {'n_estimators': 824, 'max_depth': 37, 'learning_rate': 0.0021715284346946356, 'reg_alpha': 0.31542909533864893, 'reg_lambda': 0.003039401934346844, 'min_child_weight': 5}. Best is trial 213 with value: 0.9463414634146341.
[I 2026-03-24 15:35:22,088] Trial 422 finished with value: 0.941747572815534 and parameters: {'n_estimators': 200, 'max_depth': 29, 'learning_rate': 0.006949173384116962, 'reg_alpha': 0.002147829749372328, 'reg_lambda': 0.06807839258901355, 'min_child_weight': 6}. Best is trial 213 with value: 0.9463414634146341.
[I 2026-03-24 15:35:22,248] Trial 423 finished with value: 0.941747572815534 and parameters: {'n_estimators': 885, 'max_depth': 30, 'learning_rate': 0.028734538022440765, 'reg_alpha': 0.6016048322451293, 'reg_lambda': 0.21721882674516713, 'min_child_weight': 10}. Best is trial 213 with value: 0.9463414634146341.
[I 2026-03-24 15:35:22,413] Trial 424 finished with value: 0.941747572815534 and parameters: {'n_estimators': 924, 'max_depth': 41, 'learning_rate': 0.07947450463657972, 'reg_alpha': 2.4465741139791506e-06, 'reg_lambda': 0.0017682612351035136, 'min_child_weight': 7}. Best is trial 213 with value: 0.9463414634146341.
[I 2026-03-24 15:35:22,513] Trial 425 finished with value: 0.941747572815534 and parameters: {'n_estimators': 486, 'max_depth': 46, 'learning_rate': 0.001276863532567637, 'reg_alpha': 2.8454504106578455e-07, 'reg_lambda': 0.01521697173004157, 'min_child_weight': 8}. Best is trial 213 with value: 0.9463414634146341.
[I 2026-03-24 15:35:22,660] Trial 426 finished with value: 0.941747572815534 and parameters: {'n_estimators': 795, 'max_depth': 43, 'learning_rate': 0.0018661780157311456, 'reg_alpha': 2.6324093830188625e-05, 'reg_lambda': 3.107315435628934e-06, 'min_child_weight': 3}. Best is trial 213 with value: 0.9463414634146341.
[I 2026-03-24 15:35:22,828] Trial 427 finished with value: 0.941747572815534 and parameters: {'n_estimators': 950, 'max_depth': 39, 'learning_rate': 0.005427382069495246, 'reg_alpha': 1.6893950818345714e-05, 'reg_lambda': 0.00012882595601739624, 'min_child_weight': 6}. Best is trial 213 with value: 0.9463414634146341.
[I 2026-03-24 15:35:22,966] Trial 428 finished with value: 0.941747572815534 and parameters: {'n_estimators': 757, 'max_depth': 44, 'learning_rate': 0.09963551358418511, 'reg_alpha': 8.587494688148756e-05, 'reg_lambda': 0.3119610688816072, 'min_child_weight': 4}. Best is trial 213 with value: 0.9463414634146341.
[I 2026-03-24 15:35:23,121] Trial 429 finished with value: 0.941747572815534 and parameters: {'n_estimators': 856, 'max_depth': 40, 'learning_rate': 0.005965914707260484, 'reg_alpha': 9.033263001034521e-06, 'reg_lambda': 0.03084776225135983, 'min_child_weight': 10}. Best is trial 213 with value: 0.9463414634146341.
[I 2026-03-24 15:35:23,273] Trial 430 finished with value: 0.941747572815534 and parameters: {'n_estimators': 838, 'max_depth': 11, 'learning_rate': 0.06683056913142524, 'reg_alpha': 0.00038945306362062727, 'reg_lambda': 4.688208571926223e-08, 'min_child_weight': 7}. Best is trial 213 with value: 0.9463414634146341.
[I 2026-03-24 15:35:23,345] Trial 431 finished with value: 0.941747572815534 and parameters: {'n_estimators': 303, 'max_depth': 47, 'learning_rate': 0.007522942724405039, 'reg_alpha': 0.004670372526517052, 'reg_lambda': 0.07553838586989955, 'min_child_weight': 3}. Best is trial 213 with value: 0.9463414634146341.
[I 2026-03-24 15:35:23,424] Trial 432 finished with value: 0.941747572815534 and parameters: {'n_estimators': 352, 'max_depth': 14, 'learning_rate': 0.0338809190973509, 'reg_alpha': 0.0010145767150822216, 'reg_lambda': 1.0772754826194297e-08, 'min_child_weight': 5}. Best is trial 213 with value: 0.9463414634146341.
[I 2026-03-24 15:35:23,557] Trial 433 finished with value: 0.941747572815534 and parameters: {'n_estimators': 460, 'max_depth': 40, 'learning_rate': 0.012877275520735138, 'reg_alpha': 0.00015610006773580042, 'reg_lambda': 0.04370259122458217, 'min_child_weight': 2}. Best is trial 213 with value: 0.9463414634146341.
[I 2026-03-24 15:35:23,662] Trial 434 finished with value: 0.941747572815534 and parameters: {'n_estimators': 537, 'max_depth': 31, 'learning_rate': 0.002053548605137127, 'reg_alpha': 0.0014908983974039208, 'reg_lambda': 1.1658369882321728e-05, 'min_child_weight': 9}. Best is trial 213 with value: 0.9463414634146341.
[I 2026-03-24 15:35:23,824] Trial 435 finished with value: 0.941747572815534 and parameters: {'n_estimators': 577, 'max_depth': 49, 'learning_rate': 0.006457175729917687, 'reg_alpha': 0.000638770239366182, 'reg_lambda': 0.9872611560839429, 'min_child_weight': 2}. Best is trial 213 with value: 0.9463414634146341.
[I 2026-03-24 15:35:24,050] Trial 436 finished with value: 0.9359605911330049 and parameters: {'n_estimators': 726, 'max_depth': 42, 'learning_rate': 0.05640681410752709, 'reg_alpha': 0.01944812416979081, 'reg_lambda': 2.166904389926855e-06, 'min_child_weight': 1}. Best is trial 213 with value: 0.9463414634146341.
[I 2026-03-24 15:35:24,142] Trial 437 finished with value: 0.941747572815534 and parameters: {'n_estimators': 440, 'max_depth': 22, 'learning_rate': 0.0027140075543024412, 'reg_alpha': 0.24344181659016406, 'reg_lambda': 6.975898493072882e-05, 'min_child_weight': 4}. Best is trial 213 with value: 0.9463414634146341.
[I 2026-03-24 15:35:24,219] Trial 438 finished with value: 0.941747572815534 and parameters: {'n_estimators': 334, 'max_depth': 46, 'learning_rate': 0.004690273855777363, 'reg_alpha': 0.0002204656280615231, 'reg_lambda': 0.008680302002092874, 'min_child_weight': 5}. Best is trial 213 with value: 0.9463414634146341.
[I 2026-03-24 15:35:24,363] Trial 439 finished with value: 0.941747572815534 and parameters: {'n_estimators': 786, 'max_depth': 26, 'learning_rate': 0.0031294941318015176, 'reg_alpha': 0.0088691797622637, 'reg_lambda': 0.001133282416390203, 'min_child_weight': 3}. Best is trial 213 with value: 0.9463414634146341.
[I 2026-03-24 15:35:24,509] Trial 440 finished with value: 0.941747572815534 and parameters: {'n_estimators': 809, 'max_depth': 38, 'learning_rate': 0.019781620208918032, 'reg_alpha': 3.473723850608822e-05, 'reg_lambda': 2.3546632395263283e-05, 'min_child_weight': 10}. Best is trial 213 with value: 0.9463414634146341.
[I 2026-03-24 15:35:24,660] Trial 441 finished with value: 0.941747572815534 and parameters: {'n_estimators': 826, 'max_depth': 35, 'learning_rate': 0.0014600295171803817, 'reg_alpha': 0.0666603226174322, 'reg_lambda': 0.10777705893686423, 'min_child_weight': 6}. Best is trial 213 with value: 0.9463414634146341.
[I 2026-03-24 15:35:24,726] Trial 442 finished with value: 0.941747572815534 and parameters: {'n_estimators': 262, 'max_depth': 42, 'learning_rate': 0.0039502150918146, 'reg_alpha': 0.0008340297506021417, 'reg_lambda': 3.923508411381826e-05, 'min_child_weight': 8}. Best is trial 213 with value: 0.9463414634146341.
[I 2026-03-24 15:35:24,892] Trial 443 finished with value: 0.9359605911330049 and parameters: {'n_estimators': 507, 'max_depth': 27, 'learning_rate': 0.08987377418178522, 'reg_alpha': 5.212402473604301e-07, 'reg_lambda': 1.9591670625416334e-08, 'min_child_weight': 1}. Best is trial 213 with value: 0.9463414634146341.
