[I 2026-03-24 15:42:35,575] Trial 515 finished with value: 0.92 and parameters: {'n_estimators': 1000, 'max_depth': 34, 'learning_rate': 0.0036696553474954165, 'reg_alpha': 0.03821053160612399, 'reg_lambda': 0.0005084626935136095, 'min_child_weight': 1}. Best is trial 112 with value: 0.92.
[I 2026-03-24 15:42:35,853] Trial 516 finished with value: 0.92 and parameters: {'n_estimators': 974, 'max_depth': 33, 'learning_rate': 0.0025181176136377984, 'reg_alpha': 0.05690510896460055, 'reg_lambda': 1.9619831524618902e-05, 'min_child_weight': 1}. Best is trial 112 with value: 0.92.
[I 2026-03-24 15:42:36,118] Trial 517 finished with value: 0.92 and parameters: {'n_estimators': 949, 'max_depth': 32, 'learning_rate': 0.004326407357888893, 'reg_alpha': 0.019894729892000616, 'reg_lambda': 4.396753106776133e-05, 'min_child_weight': 1}. Best is trial 112 with value: 0.92.
[I 2026-03-24 15:42:36,367] Trial 518 finished with value: 0.9154228855721394 and parameters: {'n_estimators': 858, 'max_depth': 31, 'learning_rate': 0.0017123610504377652, 'reg_alpha': 0.08849632115906962, 'reg_lambda': 1.1898733285077289e-05, 'min_child_weight': 1}. Best is trial 112 with value: 0.92.
[I 2026-03-24 15:42:36,624] Trial 519 finished with value: 0.914572864321608 and parameters: {'n_estimators': 984, 'max_depth': 30, 'learning_rate': 0.008177448058647578, 'reg_alpha': 0.0427081103406287, 'reg_lambda': 8.374527646425475e-05, 'min_child_weight': 1}. Best is trial 112 with value: 0.92.
[I 2026-03-24 15:42:36,888] Trial 520 finished with value: 0.92 and parameters: {'n_estimators': 968, 'max_depth': 33, 'learning_rate': 0.0038577887049341597, 'reg_alpha': 0.13299473361037378, 'reg_lambda': 3.538014795561743e-05, 'min_child_weight': 1}. Best is trial 112 with value: 0.92.
[I 2026-03-24 15:42:37,153] Trial 521 finished with value: 0.92 and parameters: {'n_estimators': 914, 'max_depth': 34, 'learning_rate': 0.0032221014253526856, 'reg_alpha': 0.027016318895218328, 'reg_lambda': 6.123930997146739e-05, 'min_child_weight': 1}. Best is trial 112 with value: 0.92.
[I 2026-03-24 15:42:37,417] Trial 522 finished with value: 0.92 and parameters: {'n_estimators': 987, 'max_depth': 33, 'learning_rate': 0.004689009875522801, 'reg_alpha': 0.05680666158019964, 'reg_lambda': 3.0215194718076886e-05, 'min_child_weight': 1}. Best is trial 112 with value: 0.92.
[I 2026-03-24 15:42:37,686] Trial 523 finished with value: 0.92 and parameters: {'n_estimators': 960, 'max_depth': 31, 'learning_rate': 0.003518411371402864, 'reg_alpha': 0.036467561923739046, 'reg_lambda': 4.62819592019316e-05, 'min_child_weight': 1}. Best is trial 112 with value: 0.92.
[I 2026-03-24 15:42:37,912] Trial 524 finished with value: 0.9154228855721394 and parameters: {'n_estimators': 940, 'max_depth': 32, 'learning_rate': 0.004077582258186673, 'reg_alpha': 0.08558605243606032, 'reg_lambda': 2.0566224701941152e-05, 'min_child_weight': 2}. Best is trial 112 with value: 0.92.
[I 2026-03-24 15:42:38,184] Trial 525 finished with value: 0.914572864321608 and parameters: {'n_estimators': 1000, 'max_depth': 35, 'learning_rate': 0.004897095538404413, 'reg_alpha': 0.017625745546424446, 'reg_lambda': 0.00010579155809542634, 'min_child_weight': 1}. Best is trial 112 with value: 0.92.
[I 2026-03-24 15:42:38,443] Trial 526 finished with value: 0.914572864321608 and parameters: {'n_estimators': 975, 'max_depth': 30, 'learning_rate': 0.005742166268568893, 'reg_alpha': 0.16852957409367522, 'reg_lambda': 7.246173149556263e-05, 'min_child_weight': 1}. Best is trial 112 with value: 0.92.
[I 2026-03-24 15:42:38,604] Trial 527 finished with value: 0.9154228855721394 and parameters: {'n_estimators': 983, 'max_depth': 29, 'learning_rate': 0.0043459971675641725, 'reg_alpha': 0.027513590206356877, 'reg_lambda': 2.8537763978621852e-05, 'min_child_weight': 4}. Best is trial 112 with value: 0.92.
[I 2026-03-24 15:42:38,880] Trial 528 finished with value: 0.92 and parameters: {'n_estimators': 960, 'max_depth': 34, 'learning_rate': 0.0020386309130995105, 'reg_alpha': 0.051508188152848355, 'reg_lambda': 5.4721218761882036e-05, 'min_child_weight': 1}. Best is trial 112 with value: 0.92.
[I 2026-03-24 15:42:38,979] Trial 529 finished with value: 0.9154228855721394 and parameters: {'n_estimators': 264, 'max_depth': 32, 'learning_rate': 0.0037419796596830377, 'reg_alpha': 0.07290166084074694, 'reg_lambda': 3.8801717698537146e-05, 'min_child_weight': 1}. Best is trial 112 with value: 0.92.
[I 2026-03-24 15:42:39,216] Trial 530 finished with value: 0.9154228855721394 and parameters: {'n_estimators': 1000, 'max_depth': 33, 'learning_rate': 0.0030751919375540887, 'reg_alpha': 0.5103154254681513, 'reg_lambda': 0.00022762646382300516, 'min_child_weight': 2}. Best is trial 112 with value: 0.92.
[I 2026-03-24 15:42:39,488] Trial 531 finished with value: 0.92 and parameters: {'n_estimators': 973, 'max_depth': 31, 'learning_rate': 0.0033608482861087812, 'reg_alpha': 0.03854371991137579, 'reg_lambda': 0.00012984436195279952, 'min_child_weight': 1}. Best is trial 112 with value: 0.92.
[I 2026-03-24 15:42:39,771] Trial 532 finished with value: 0.92 and parameters: {'n_estimators': 951, 'max_depth': 18, 'learning_rate': 0.0027270313224548545, 'reg_alpha': 3.4845289664865655e-06, 'reg_lambda': 1.4359434344947584e-05, 'min_child_weight': 1}. Best is trial 112 with value: 0.92.
[I 2026-03-24 15:42:40,004] Trial 533 finished with value: 0.92 and parameters: {'n_estimators': 788, 'max_depth': 33, 'learning_rate': 0.004005584312835793, 'reg_alpha': 0.010195910699240718, 'reg_lambda': 2.4151292627002653e-05, 'min_child_weight': 1}. Best is trial 112 with value: 0.92.
[I 2026-03-24 15:42:40,261] Trial 534 finished with value: 0.92 and parameters: {'n_estimators': 933, 'max_depth': 31, 'learning_rate': 0.003575725138486044, 'reg_alpha': 0.11082083997127866, 'reg_lambda': 9.058136446734108e-05, 'min_child_weight': 1}. Best is trial 112 with value: 0.92.
[I 2026-03-24 15:42:40,531] Trial 535 finished with value: 0.92 and parameters: {'n_estimators': 983, 'max_depth': 32, 'learning_rate': 0.004481662568883475, 'reg_alpha': 0.02636661251017192, 'reg_lambda': 3.3021196087594515e-07, 'min_child_weight': 1}. Best is trial 112 with value: 0.92.
[I 2026-03-24 15:42:40,794] Trial 536 finished with value: 0.92 and parameters: {'n_estimators': 969, 'max_depth': 32, 'learning_rate': 0.00396643680258457, 'reg_alpha': 0.05386076761843027, 'reg_lambda': 5.2464610208968754e-05, 'min_child_weight': 1}. Best is trial 112 with value: 0.92.
[I 2026-03-24 15:42:41,061] Trial 537 finished with value: 0.914572864321608 and parameters: {'n_estimators': 987, 'max_depth': 50, 'learning_rate': 0.005115621234325036, 'reg_alpha': 0.03574568683482392, 'reg_lambda': 3.71137160868535e-05, 'min_child_weight': 1}. Best is trial 112 with value: 0.92.
[I 2026-03-24 15:42:41,325] Trial 538 finished with value: 0.92 and parameters: {'n_estimators': 951, 'max_depth': 30, 'learning_rate': 0.0030485521902505, 'reg_alpha': 0.06771209228637332, 'reg_lambda': 7.316034809325174e-05, 'min_child_weight': 1}. Best is trial 112 with value: 0.92.
[I 2026-03-24 15:42:41,563] Trial 539 finished with value: 0.9154228855721394 and parameters: {'n_estimators': 987, 'max_depth': 34, 'learning_rate': 0.0010836770508962283, 'reg_alpha': 0.01896992426509469, 'reg_lambda': 0.00015250637456335508, 'min_child_weight': 2}. Best is trial 112 with value: 0.92.
[I 2026-03-24 15:42:41,837] Trial 540 finished with value: 0.92 and parameters: {'n_estimators': 1000, 'max_depth': 31, 'learning_rate': 0.00337454366404632, 'reg_alpha': 0.046551196870003, 'reg_lambda': 8.084705488220353e-06, 'min_child_weight': 1}. Best is trial 112 with value: 0.92.
[I 2026-03-24 15:42:41,996] Trial 541 finished with value: 0.9154228855721394 and parameters: {'n_estimators': 969, 'max_depth': 38, 'learning_rate': 0.00436456109497658, 'reg_alpha': 0.0828866196285102, 'reg_lambda': 2.2001923732498602e-05, 'min_child_weight': 6}. Best is trial 112 with value: 0.92.
[I 2026-03-24 15:42:42,265] Trial 542 finished with value: 0.92 and parameters: {'n_estimators': 959, 'max_depth': 32, 'learning_rate': 0.0037682716937290223, 'reg_alpha': 0.025243781415200162, 'reg_lambda': 4.646904196611156e-05, 'min_child_weight': 1}. Best is trial 112 with value: 0.92.
[I 2026-03-24 15:42:42,531] Trial 543 finished with value: 0.92 and parameters: {'n_estimators': 922, 'max_depth': 29, 'learning_rate': 0.0023463314414169153, 'reg_alpha': 0.19171275130332918, 'reg_lambda': 2.9793933917191985e-05, 'min_child_weight': 1}. Best is trial 112 with value: 0.92.
[I 2026-03-24 15:42:42,764] Trial 544 finished with value: 0.92 and parameters: {'n_estimators': 840, 'max_depth': 35, 'learning_rate': 0.004840381041357242, 'reg_alpha': 0.11751183263921952, 'reg_lambda': 6.290480402059912e-05, 'min_child_weight': 1}. Best is trial 112 with value: 0.92.
[I 2026-03-24 15:42:43,036] Trial 545 finished with value: 0.92 and parameters: {'n_estimators': 977, 'max_depth': 33, 'learning_rate': 0.004133541399179671, 'reg_alpha': 0.013879714510427268, 'reg_lambda': 9.425615260020751e-05, 'min_child_weight': 1}. Best is trial 112 with value: 0.92.
[I 2026-03-24 15:42:43,191] Trial 546 finished with value: 0.9154228855721394 and parameters: {'n_estimators': 939, 'max_depth': 30, 'learning_rate': 0.003607471230200342, 'reg_alpha': 0.038439522350898585, 'reg_lambda': 0.00031117648967870544, 'min_child_weight': 5}. Best is trial 112 with value: 0.92.
[I 2026-03-24 15:42:43,472] Trial 547 finished with value: 0.92 and parameters: {'n_estimators': 1000, 'max_depth': 32, 'learning_rate': 0.0027754943384113834, 'reg_alpha': 0.05748764565140069, 'reg_lambda': 3.928781614049881e-05, 'min_child_weight': 1}. Best is trial 112 with value: 0.92.
[I 2026-03-24 15:42:43,750] Trial 548 finished with value: 0.92 and parameters: {'n_estimators': 985, 'max_depth': 33, 'learning_rate': 0.0032968444239430067, 'reg_alpha': 0.031150736921710335, 'reg_lambda': 1.7458697150733455e-05, 'min_child_weight': 1}. Best is trial 112 with value: 0.92.
[I 2026-03-24 15:42:44,012] Trial 549 finished with value: 0.92 and parameters: {'n_estimators': 965, 'max_depth': 31, 'learning_rate': 0.0038577554282950856, 'reg_alpha': 0.08081747073251813, 'reg_lambda': 6.115767524620284e-05, 'min_child_weight': 1}. Best is trial 112 with value: 0.92.
[I 2026-03-24 15:42:44,296] Trial 550 finished with value: 0.92 and parameters: {'n_estimators': 976, 'max_depth': 34, 'learning_rate': 0.004595710357370388, 'reg_alpha': 0.002959023966735965, 'reg_lambda': 2.8979033044760984e-05, 'min_child_weight': 1}. Best is trial 112 with value: 0.92.
[I 2026-03-24 15:42:44,555] Trial 551 finished with value: 0.92 and parameters: {'n_estimators': 950, 'max_depth': 28, 'learning_rate': 0.00422527150311687, 'reg_alpha': 0.04804182585990538, 'reg_lambda': 0.00011027043040077214, 'min_child_weight': 1}. Best is trial 112 with value: 0.92.
[I 2026-03-24 15:42:44,739] Trial 552 finished with value: 0.9154228855721394 and parameters: {'n_estimators': 988, 'max_depth': 32, 'learning_rate': 0.025227912345916318, 'reg_alpha': 0.02426355918094286, 'reg_lambda': 4.6883182982649295e-05, 'min_child_weight': 2}. Best is trial 112 with value: 0.92.
[I 2026-03-24 15:42:45,035] Trial 553 finished with value: 0.92 and parameters: {'n_estimators': 1000, 'max_depth': 30, 'learning_rate': 0.003042075667662745, 'reg_alpha': 0.00024060338606762228, 'reg_lambda': 0.00016919892236943055, 'min_child_weight': 1}. Best is trial 112 with value: 0.92.
[I 2026-03-24 15:42:45,300] Trial 554 finished with value: 0.92 and parameters: {'n_estimators': 966, 'max_depth': 33, 'learning_rate': 0.00356462894027654, 'reg_alpha': 0.063774046588853, 'reg_lambda': 1.1711478124117782e-05, 'min_child_weight': 1}. Best is trial 112 with value: 0.92.
[I 2026-03-24 15:42:45,583] Trial 555 finished with value: 0.914572864321608 and parameters: {'n_estimators': 976, 'max_depth': 31, 'learning_rate': 0.005453604531801334, 'reg_alpha': 8.142581975790187e-05, 'reg_lambda': 7.745602286067745e-05, 'min_child_weight': 1}. Best is trial 112 with value: 0.92.
[I 2026-03-24 15:42:45,843] Trial 556 finished with value: 0.92 and parameters: {'n_estimators': 945, 'max_depth': 32, 'learning_rate': 0.003955682911263385, 'reg_alpha': 0.13406894162742145, 'reg_lambda': 2.071128699850141e-05, 'min_child_weight': 1}. Best is trial 112 with value: 0.92.
[I 2026-03-24 15:42:46,022] Trial 557 finished with value: 0.9154228855721394 and parameters: {'n_estimators': 574, 'max_depth': 33, 'learning_rate': 0.003294221473009497, 'reg_alpha': 0.03828573613747265, 'reg_lambda': 3.497024451238528e-05, 'min_child_weight': 1}. Best is trial 112 with value: 0.92.
[I 2026-03-24 15:42:46,264] Trial 558 finished with value: 0.914572864321608 and parameters: {'n_estimators': 986, 'max_depth': 31, 'learning_rate': 0.015267110464894774, 'reg_alpha': 0.015980958309761508, 'reg_lambda': 5.354976538549307e-05, 'min_child_weight': 1}. Best is trial 112 with value: 0.92.
[I 2026-03-24 15:42:46,568] Trial 559 finished with value: 0.92 and parameters: {'n_estimators': 960, 'max_depth': 29, 'learning_rate': 0.00451611941022313, 'reg_alpha': 0.05109597665728983, 'reg_lambda': 2.676275248371291e-05, 'min_child_weight': 1}. Best is trial 112 with value: 0.92.
[I 2026-03-24 15:42:46,736] Trial 560 finished with value: 0.9154228855721394 and parameters: {'n_estimators': 986, 'max_depth': 34, 'learning_rate': 0.003708079450425835, 'reg_alpha': 0.10668954805701937, 'reg_lambda': 8.272252330200768e-05, 'min_child_weight': 3}. Best is trial 112 with value: 0.92.
[I 2026-03-24 15:42:47,012] Trial 561 finished with value: 0.92 and parameters: {'n_estimators': 1000, 'max_depth': 32, 'learning_rate': 0.004196358442060026, 'reg_alpha': 0.35670392431431003, 'reg_lambda': 4.4738170556693705e-05, 'min_child_weight': 1}. Best is trial 112 with value: 0.92.
[I 2026-03-24 15:42:47,247] Trial 562 finished with value: 0.9154228855721394 and parameters: {'n_estimators': 969, 'max_depth': 36, 'learning_rate': 0.0068022495325703244, 'reg_alpha': 0.031105803704749913, 'reg_lambda': 1.657099864108404e-05, 'min_child_weight': 2}. Best is trial 112 with value: 0.92.
[I 2026-03-24 15:42:47,498] Trial 563 finished with value: 0.92 and parameters: {'n_estimators': 931, 'max_depth': 35, 'learning_rate': 0.004925200265958762, 'reg_alpha': 0.07787700580753223, 'reg_lambda': 0.00010999896595627678, 'min_child_weight': 1}. Best is trial 112 with value: 0.92.
[I 2026-03-24 15:42:47,777] Trial 564 finished with value: 0.92 and parameters: {'n_estimators': 954, 'max_depth': 31, 'learning_rate': 0.002896950708284077, 'reg_alpha': 0.02195625910232653, 'reg_lambda': 3.370403958121604e-05, 'min_child_weight': 1}. Best is trial 112 with value: 0.92.
[I 2026-03-24 15:42:47,939] Trial 565 finished with value: 0.9154228855721394 and parameters: {'n_estimators': 976, 'max_depth': 14, 'learning_rate': 0.003234717654419627, 'reg_alpha': 0.043870801180161824, 'reg_lambda': 1.5008342824462478e-07, 'min_child_weight': 8}. Best is trial 112 with value: 0.92.
[I 2026-03-24 15:42:48,219] Trial 566 finished with value: 0.92 and parameters: {'n_estimators': 986, 'max_depth': 33, 'learning_rate': 0.002516715554348458, 'reg_alpha': 0.0636164334643295, 'reg_lambda': 6.032505385465166e-05, 'min_child_weight': 1}. Best is trial 112 with value: 0.92.
[I 2026-03-24 15:42:48,484] Trial 567 finished with value: 0.92 and parameters: {'n_estimators': 961, 'max_depth': 30, 'learning_rate': 0.0038492556343231233, 'reg_alpha': 0.037082073088042324, 'reg_lambda': 0.01944119125876915, 'min_child_weight': 1}. Best is trial 112 with value: 0.92.
[I 2026-03-24 15:42:48,735] Trial 568 finished with value: 0.92 and parameters: {'n_estimators': 896, 'max_depth': 34, 'learning_rate': 0.0034991763061960383, 'reg_alpha': 0.08759471715954185, 'reg_lambda': 0.0001968256756828996, 'min_child_weight': 1}. Best is trial 112 with value: 0.92.
[I 2026-03-24 15:42:49,005] Trial 569 finished with value: 0.92 and parameters: {'n_estimators': 985, 'max_depth': 32, 'learning_rate': 0.004224469734477378, 'reg_alpha': 0.2333405211427075, 'reg_lambda': 4.060053799714201e-05, 'min_child_weight': 1}. Best is trial 112 with value: 0.92.
[I 2026-03-24 15:42:49,291] Trial 570 finished with value: 0.9154228855721394 and parameters: {'n_estimators': 1000, 'max_depth': 28, 'learning_rate': 0.0014468262136279478, 'reg_alpha': 0.028986292904941573, 'reg_lambda': 6.829364174848491e-05, 'min_child_weight': 1}. Best is trial 112 with value: 0.92.
[I 2026-03-24 15:42:49,550] Trial 571 finished with value: 0.92 and parameters: {'n_estimators': 968, 'max_depth': 31, 'learning_rate': 0.004678329214814955, 'reg_alpha': 0.051726727246215895, 'reg_lambda': 2.4442863561197784e-05, 'min_child_weight': 1}. Best is trial 112 with value: 0.92.
[I 2026-03-24 15:42:49,833] Trial 572 finished with value: 0.92 and parameters: {'n_estimators': 946, 'max_depth': 34, 'learning_rate': 0.003587529379534977, 'reg_alpha': 0.000359077510338329, 'reg_lambda': 0.00010661729813077008, 'min_child_weight': 1}. Best is trial 112 with value: 0.92.
[I 2026-03-24 15:42:50,105] Trial 573 finished with value: 0.92 and parameters: {'n_estimators': 974, 'max_depth': 33, 'learning_rate': 0.0039447470653672535, 'reg_alpha': 0.01989238363337239, 'reg_lambda': 4.775166580163912e-05, 'min_child_weight': 1}. Best is trial 112 with value: 0.92.
[I 2026-03-24 15:42:50,388] Trial 574 finished with value: 0.92 and parameters: {'n_estimators': 987, 'max_depth': 30, 'learning_rate': 0.003173053848868125, 'reg_alpha': 0.011255789591868718, 'reg_lambda': 2.988239389542153e-05, 'min_child_weight': 1}. Best is trial 112 with value: 0.92.
[I 2026-03-24 15:42:50,563] Trial 575 finished with value: 0.9154228855721394 and parameters: {'n_estimators': 684, 'max_depth': 31, 'learning_rate': 0.004307068849105339, 'reg_alpha': 0.1502620834455902, 'reg_lambda': 7.313558737112666e-05, 'min_child_weight': 2}. Best is trial 112 with value: 0.92.
[I 2026-03-24 15:42:50,827] Trial 576 finished with value: 0.92 and parameters: {'n_estimators': 961, 'max_depth': 32, 'learning_rate': 0.0034918483977839612, 'reg_alpha': 0.06723274672360136, 'reg_lambda': 0.00014636858876011224, 'min_child_weight': 1}. Best is trial 112 with value: 0.92.
[I 2026-03-24 15:42:51,077] Trial 577 finished with value: 0.914572864321608 and parameters: {'n_estimators': 921, 'max_depth': 32, 'learning_rate': 0.005276327333609668, 'reg_alpha': 0.03737674204591849, 'reg_lambda': 1.526842803457555e-05, 'min_child_weight': 1}. Best is trial 112 with value: 0.92.
[I 2026-03-24 15:42:51,239] Trial 578 finished with value: 0.9154228855721394 and parameters: {'n_estimators': 513, 'max_depth': 27, 'learning_rate': 0.003868599328939994, 'reg_alpha': 0.10083713924762183, 'reg_lambda': 3.992811407147027e-05, 'min_child_weight': 1}. Best is trial 112 with value: 0.92.
[I 2026-03-24 15:42:51,402] Trial 579 finished with value: 0.9154228855721394 and parameters: {'n_estimators': 986, 'max_depth': 33, 'learning_rate': 0.013148821628140133, 'reg_alpha': 0.026186574145282297, 'reg_lambda': 2.1361648398493288e-05, 'min_child_weight': 4}. Best is trial 112 with value: 0.92.
[I 2026-03-24 15:42:51,683] Trial 580 finished with value: 0.92 and parameters: {'n_estimators': 1000, 'max_depth': 29, 'learning_rate': 0.002961055857661189, 'reg_alpha': 0.052661620647943046, 'reg_lambda': 5.748845769310042e-05, 'min_child_weight': 1}. Best is trial 112 with value: 0.92.
[I 2026-03-24 15:42:51,962] Trial 581 finished with value: 0.92 and parameters: {'n_estimators': 941, 'max_depth': 30, 'learning_rate': 0.0026349500381539297, 'reg_alpha': 0.006945324771017022, 'reg_lambda': 8.870455256216715e-05, 'min_child_weight': 1}. Best is trial 112 with value: 0.92.
[I 2026-03-24 15:42:52,202] Trial 582 finished with value: 0.9154228855721394 and parameters: {'n_estimators': 973, 'max_depth': 32, 'learning_rate': 0.004626112329638965, 'reg_alpha': 0.017124378237794637, 'reg_lambda': 3.034631049578744e-05, 'min_child_weight': 2}. Best is trial 112 with value: 0.92.
[I 2026-03-24 15:42:52,472] Trial 583 finished with value: 0.92 and parameters: {'n_estimators': 954, 'max_depth': 34, 'learning_rate': 0.0040037010229648055, 'reg_alpha': 0.04210679213246733, 'reg_lambda': 1.0929438385589184e-05, 'min_child_weight': 1}. Best is trial 112 with value: 0.92.
[I 2026-03-24 15:42:52,741] Trial 584 finished with value: 0.92 and parameters: {'n_estimators': 975, 'max_depth': 31, 'learning_rate': 0.0033873970077497833, 'reg_alpha': 0.07052447958884164, 'reg_lambda': 4.9684157658262626e-05, 'min_child_weight': 1}. Best is trial 112 with value: 0.92.
[I 2026-03-24 15:42:53,014] Trial 585 finished with value: 0.92 and parameters: {'n_estimators': 988, 'max_depth': 33, 'learning_rate': 0.004236368694419634, 'reg_alpha': 0.03052187950955764, 'reg_lambda': 7.037267800640195e-05, 'min_child_weight': 1}. Best is trial 112 with value: 0.92.
[I 2026-03-24 15:42:53,278] Trial 586 finished with value: 0.92 and parameters: {'n_estimators': 960, 'max_depth': 31, 'learning_rate': 0.0036692337929862475, 'reg_alpha': 0.09650970855583384, 'reg_lambda': 0.0001372878704731353, 'min_child_weight': 1}. Best is trial 112 with value: 0.92.
[I 2026-03-24 15:42:53,540] Trial 587 finished with value: 0.92 and parameters: {'n_estimators': 974, 'max_depth': 35, 'learning_rate': 0.004918651360780869, 'reg_alpha': 0.05383264284482983, 'reg_lambda': 3.559629274540645e-05, 'min_child_weight': 1}. Best is trial 112 with value: 0.92.
[I 2026-03-24 15:42:53,814] Trial 588 finished with value: 0.92 and parameters: {'n_estimators': 933, 'max_depth': 32, 'learning_rate': 0.00295711980133563, 'reg_alpha': 0.024859046017023982, 'reg_lambda': 2.128233650453563e-05, 'min_child_weight': 1}. Best is trial 112 with value: 0.92.
