[I 2026-03-24 15:35:56,160] Trial 651 finished with value: 0.941747572815534 and parameters: {'n_estimators': 399, 'max_depth': 18, 'learning_rate': 0.005940034697469714, 'reg_alpha': 0.003122640558554037, 'reg_lambda': 0.005242756204603207, 'min_child_weight': 2}. Best is trial 213 with value: 0.9463414634146341.
[I 2026-03-24 15:35:56,322] Trial 652 finished with value: 0.9411764705882353 and parameters: {'n_estimators': 431, 'max_depth': 20, 'learning_rate': 0.008110542531690638, 'reg_alpha': 0.011597060158499315, 'reg_lambda': 0.002685511697553112, 'min_child_weight': 1}. Best is trial 213 with value: 0.9463414634146341.
[I 2026-03-24 15:35:56,488] Trial 653 finished with value: 0.941747572815534 and parameters: {'n_estimators': 422, 'max_depth': 23, 'learning_rate': 0.005432633145755671, 'reg_alpha': 0.007998984322910288, 'reg_lambda': 0.007215987412077319, 'min_child_weight': 1}. Best is trial 213 with value: 0.9463414634146341.
[I 2026-03-24 15:35:56,646] Trial 654 finished with value: 0.941747572815534 and parameters: {'n_estimators': 409, 'max_depth': 19, 'learning_rate': 0.006489670167095202, 'reg_alpha': 0.004216145550677842, 'reg_lambda': 0.010071544346068871, 'min_child_weight': 1}. Best is trial 213 with value: 0.9463414634146341.
[I 2026-03-24 15:35:56,813] Trial 655 finished with value: 0.9411764705882353 and parameters: {'n_estimators': 438, 'max_depth': 21, 'learning_rate': 0.0071778297612878125, 'reg_alpha': 0.001974548505792385, 'reg_lambda': 0.004206585474196337, 'min_child_weight': 1}. Best is trial 213 with value: 0.9463414634146341.
[I 2026-03-24 15:35:56,954] Trial 656 finished with value: 0.941747572815534 and parameters: {'n_estimators': 369, 'max_depth': 17, 'learning_rate': 0.006185285001130164, 'reg_alpha': 0.006967544045973477, 'reg_lambda': 0.019253778504204358, 'min_child_weight': 1}. Best is trial 213 with value: 0.9463414634146341.
[I 2026-03-24 15:35:57,100] Trial 657 finished with value: 0.9463414634146341 and parameters: {'n_estimators': 390, 'max_depth': 20, 'learning_rate': 0.007965250648199662, 'reg_alpha': 0.013374994379549764, 'reg_lambda': 0.006277118589017943, 'min_child_weight': 1}. Best is trial 213 with value: 0.9463414634146341.
[I 2026-03-24 15:35:57,273] Trial 658 finished with value: 0.9411764705882353 and parameters: {'n_estimators': 487, 'max_depth': 22, 'learning_rate': 0.006897450717903067, 'reg_alpha': 0.0048464995346851605, 'reg_lambda': 0.012625861369347196, 'min_child_weight': 1}. Best is trial 213 with value: 0.9463414634146341.
[I 2026-03-24 15:35:57,440] Trial 659 finished with value: 0.9411764705882353 and parameters: {'n_estimators': 458, 'max_depth': 19, 'learning_rate': 0.00746480504079314, 'reg_alpha': 0.0029338508644102547, 'reg_lambda': 0.0019850787232745474, 'min_child_weight': 1}. Best is trial 213 with value: 0.9463414634146341.
[I 2026-03-24 15:35:57,565] Trial 660 finished with value: 0.941747572815534 and parameters: {'n_estimators': 422, 'max_depth': 18, 'learning_rate': 0.0057948802467090565, 'reg_alpha': 0.007617727948386249, 'reg_lambda': 0.008220564308419736, 'min_child_weight': 2}. Best is trial 213 with value: 0.9463414634146341.
[I 2026-03-24 15:35:57,714] Trial 661 finished with value: 0.941747572815534 and parameters: {'n_estimators': 397, 'max_depth': 20, 'learning_rate': 0.006781043748393252, 'reg_alpha': 0.004011160447256433, 'reg_lambda': 0.004785621078117921, 'min_child_weight': 1}. Best is trial 213 with value: 0.9463414634146341.
[I 2026-03-24 15:35:57,873] Trial 662 finished with value: 0.9411764705882353 and parameters: {'n_estimators': 447, 'max_depth': 22, 'learning_rate': 0.008691963498126343, 'reg_alpha': 0.01084366866530588, 'reg_lambda': 0.003236208629688934, 'min_child_weight': 1}. Best is trial 213 with value: 0.9463414634146341.
[I 2026-03-24 15:35:58,027] Trial 663 finished with value: 0.941747572815534 and parameters: {'n_estimators': 411, 'max_depth': 19, 'learning_rate': 0.005233091198623208, 'reg_alpha': 0.005756613722563865, 'reg_lambda': 0.014523056284717097, 'min_child_weight': 1}. Best is trial 213 with value: 0.9463414634146341.
[I 2026-03-24 15:35:58,200] Trial 664 finished with value: 0.941747572815534 and parameters: {'n_estimators': 431, 'max_depth': 20, 'learning_rate': 0.006178900836378939, 'reg_alpha': 0.008992396226811803, 'reg_lambda': 0.006447340835441011, 'min_child_weight': 1}. Best is trial 213 with value: 0.9463414634146341.
[I 2026-03-24 15:35:58,344] Trial 665 finished with value: 0.9463414634146341 and parameters: {'n_estimators': 377, 'max_depth': 19, 'learning_rate': 0.007622439389134858, 'reg_alpha': 0.002659616039992235, 'reg_lambda': 0.009532973985845641, 'min_child_weight': 1}. Best is trial 213 with value: 0.9463414634146341.
[I 2026-03-24 15:35:58,510] Trial 666 finished with value: 0.9411764705882353 and parameters: {'n_estimators': 465, 'max_depth': 21, 'learning_rate': 0.0066100834329396365, 'reg_alpha': 0.005960484792044543, 'reg_lambda': 0.024895185133513974, 'min_child_weight': 1}. Best is trial 213 with value: 0.9463414634146341.
[I 2026-03-24 15:35:58,667] Trial 667 finished with value: 0.9463414634146341 and parameters: {'n_estimators': 403, 'max_depth': 18, 'learning_rate': 0.007113148496202896, 'reg_alpha': 0.01771647443692965, 'reg_lambda': 0.004961113620094754, 'min_child_weight': 1}. Best is trial 213 with value: 0.9463414634146341.
[I 2026-03-24 15:35:58,803] Trial 668 finished with value: 0.9411764705882353 and parameters: {'n_estimators': 361, 'max_depth': 20, 'learning_rate': 0.009464740607213423, 'reg_alpha': 0.004075564994528309, 'reg_lambda': 0.003397904909457199, 'min_child_weight': 1}. Best is trial 213 with value: 0.9463414634146341.
[I 2026-03-24 15:35:58,966] Trial 669 finished with value: 0.941747572815534 and parameters: {'n_estimators': 437, 'max_depth': 18, 'learning_rate': 0.005712609245653767, 'reg_alpha': 0.0018834851293533057, 'reg_lambda': 0.007948808852478168, 'min_child_weight': 1}. Best is trial 213 with value: 0.9463414634146341.
[I 2026-03-24 15:35:59,126] Trial 670 finished with value: 0.9411764705882353 and parameters: {'n_estimators': 422, 'max_depth': 17, 'learning_rate': 0.008305026526038246, 'reg_alpha': 0.007989099400970067, 'reg_lambda': 0.013429124711543085, 'min_child_weight': 1}. Best is trial 213 with value: 0.9463414634146341.
[I 2026-03-24 15:35:59,244] Trial 671 finished with value: 0.941747572815534 and parameters: {'n_estimators': 389, 'max_depth': 23, 'learning_rate': 0.006304278926123858, 'reg_alpha': 0.0034496397827048866, 'reg_lambda': 0.00674362281308999, 'min_child_weight': 2}. Best is trial 213 with value: 0.9463414634146341.
[I 2026-03-24 15:35:59,407] Trial 672 finished with value: 0.9411764705882353 and parameters: {'n_estimators': 455, 'max_depth': 21, 'learning_rate': 0.0074481457228058835, 'reg_alpha': 0.01380236916624044, 'reg_lambda': 0.004593079318209749, 'min_child_weight': 1}. Best is trial 213 with value: 0.9463414634146341.
[I 2026-03-24 15:35:59,566] Trial 673 finished with value: 0.9463414634146341 and parameters: {'n_estimators': 410, 'max_depth': 19, 'learning_rate': 0.006768355140959609, 'reg_alpha': 0.005302032005509868, 'reg_lambda': 0.01029770831653954, 'min_child_weight': 1}. Best is trial 213 with value: 0.9463414634146341.
[I 2026-03-24 15:35:59,727] Trial 674 finished with value: 0.941747572815534 and parameters: {'n_estimators': 435, 'max_depth': 21, 'learning_rate': 0.005215486694544173, 'reg_alpha': 0.009228403439692312, 'reg_lambda': 0.0025873572884859584, 'min_child_weight': 1}. Best is trial 213 with value: 0.9463414634146341.
[I 2026-03-24 15:35:59,882] Trial 675 finished with value: 0.941747572815534 and parameters: {'n_estimators': 419, 'max_depth': 20, 'learning_rate': 0.006205793186355556, 'reg_alpha': 0.006544274379339247, 'reg_lambda': 0.005045658872772633, 'min_child_weight': 1}. Best is trial 213 with value: 0.9463414634146341.
[I 2026-03-24 15:36:00,051] Trial 676 finished with value: 0.9411764705882353 and parameters: {'n_estimators': 474, 'max_depth': 19, 'learning_rate': 0.007767810913633682, 'reg_alpha': 0.002749163658154402, 'reg_lambda': 0.0015571636603380144, 'min_child_weight': 1}. Best is trial 213 with value: 0.9463414634146341.
[I 2026-03-24 15:36:00,214] Trial 677 finished with value: 0.941747572815534 and parameters: {'n_estimators': 445, 'max_depth': 17, 'learning_rate': 0.005728091187193959, 'reg_alpha': 0.004102811524190971, 'reg_lambda': 0.017513652054577698, 'min_child_weight': 1}. Best is trial 213 with value: 0.9463414634146341.
[I 2026-03-24 15:36:00,363] Trial 678 finished with value: 0.9463414634146341 and parameters: {'n_estimators': 397, 'max_depth': 22, 'learning_rate': 0.006983576243242663, 'reg_alpha': 0.010094867047041363, 'reg_lambda': 0.007303065221368513, 'min_child_weight': 1}. Best is trial 213 with value: 0.9463414634146341.
[I 2026-03-24 15:36:00,506] Trial 679 finished with value: 0.941747572815534 and parameters: {'n_estimators': 379, 'max_depth': 16, 'learning_rate': 0.006549412073552795, 'reg_alpha': 0.005424480027240503, 'reg_lambda': 0.0036807932739126976, 'min_child_weight': 1}. Best is trial 213 with value: 0.9463414634146341.
[I 2026-03-24 15:36:00,633] Trial 680 finished with value: 0.941747572815534 and parameters: {'n_estimators': 424, 'max_depth': 18, 'learning_rate': 0.008757389322343666, 'reg_alpha': 0.007528021740705307, 'reg_lambda': 0.008913950841463302, 'min_child_weight': 2}. Best is trial 213 with value: 0.9463414634146341.
[I 2026-03-24 15:36:00,785] Trial 681 finished with value: 0.9463414634146341 and parameters: {'n_estimators': 407, 'max_depth': 20, 'learning_rate': 0.007314435269876762, 'reg_alpha': 0.0037669451693471325, 'reg_lambda': 0.0052103687461591995, 'min_child_weight': 1}. Best is trial 213 with value: 0.9463414634146341.
[I 2026-03-24 15:36:00,950] Trial 682 finished with value: 0.9463414634146341 and parameters: {'n_estimators': 451, 'max_depth': 21, 'learning_rate': 0.00604746529977934, 'reg_alpha': 0.0016459648715922922, 'reg_lambda': 0.012288104353233745, 'min_child_weight': 1}. Best is trial 213 with value: 0.9463414634146341.
[I 2026-03-24 15:36:01,107] Trial 683 finished with value: 0.9411764705882353 and parameters: {'n_estimators': 436, 'max_depth': 19, 'learning_rate': 0.008132069515956904, 'reg_alpha': 0.018654385930569624, 'reg_lambda': 0.0024861608093819138, 'min_child_weight': 1}. Best is trial 213 with value: 0.9463414634146341.
[I 2026-03-24 15:36:01,268] Trial 684 finished with value: 0.941747572815534 and parameters: {'n_estimators': 388, 'max_depth': 18, 'learning_rate': 0.006595459782160102, 'reg_alpha': 0.0025048503125111804, 'reg_lambda': 0.00651186652341376, 'min_child_weight': 1}. Best is trial 213 with value: 0.9463414634146341.
[I 2026-03-24 15:36:01,440] Trial 685 finished with value: 0.941747572815534 and parameters: {'n_estimators': 411, 'max_depth': 20, 'learning_rate': 0.004913299896303569, 'reg_alpha': 0.012431585826502632, 'reg_lambda': 0.009186808814393519, 'min_child_weight': 1}. Best is trial 213 with value: 0.9463414634146341.
[I 2026-03-24 15:36:01,588] Trial 686 finished with value: 0.941747572815534 and parameters: {'n_estimators': 348, 'max_depth': 19, 'learning_rate': 0.007091457536301587, 'reg_alpha': 0.005041610500632546, 'reg_lambda': 0.023189607129621308, 'min_child_weight': 1}. Best is trial 213 with value: 0.9463414634146341.
[I 2026-03-24 15:36:01,749] Trial 687 finished with value: 0.941747572815534 and parameters: {'n_estimators': 427, 'max_depth': 21, 'learning_rate': 0.005541943849251361, 'reg_alpha': 0.007120164045316914, 'reg_lambda': 0.003852777620241547, 'min_child_weight': 1}. Best is trial 213 with value: 0.9463414634146341.
[I 2026-03-24 15:36:01,913] Trial 688 finished with value: 0.9411764705882353 and parameters: {'n_estimators': 401, 'max_depth': 22, 'learning_rate': 0.007768378436188263, 'reg_alpha': 0.003318551641787052, 'reg_lambda': 0.014233712657311066, 'min_child_weight': 1}. Best is trial 213 with value: 0.9463414634146341.
[I 2026-03-24 15:36:02,053] Trial 689 finished with value: 0.941747572815534 and parameters: {'n_estimators': 464, 'max_depth': 19, 'learning_rate': 0.006350470617270736, 'reg_alpha': 0.009515977848397479, 'reg_lambda': 0.006486438181063428, 'min_child_weight': 2}. Best is trial 213 with value: 0.9463414634146341.
[I 2026-03-24 15:36:02,233] Trial 690 finished with value: 0.941747572815534 and parameters: {'n_estimators': 445, 'max_depth': 20, 'learning_rate': 0.005832964822425372, 'reg_alpha': 0.005107974440382182, 'reg_lambda': 0.009890403205342178, 'min_child_weight': 1}. Best is trial 213 with value: 0.9463414634146341.
[I 2026-03-24 15:36:02,404] Trial 691 finished with value: 0.9463414634146341 and parameters: {'n_estimators': 418, 'max_depth': 18, 'learning_rate': 0.007064105082333575, 'reg_alpha': 0.00654868429076456, 'reg_lambda': 0.0034027105286305783, 'min_child_weight': 1}. Best is trial 213 with value: 0.9463414634146341.
[I 2026-03-24 15:36:02,558] Trial 692 finished with value: 0.9463414634146341 and parameters: {'n_estimators': 367, 'max_depth': 21, 'learning_rate': 0.008290157981558476, 'reg_alpha': 0.013828031077044334, 'reg_lambda': 0.005182057404985576, 'min_child_weight': 1}. Best is trial 213 with value: 0.9463414634146341.
[I 2026-03-24 15:36:02,721] Trial 693 finished with value: 0.941747572815534 and parameters: {'n_estimators': 391, 'max_depth': 19, 'learning_rate': 0.006461149113316458, 'reg_alpha': 0.002088102450576038, 'reg_lambda': 0.0019813437985017873, 'min_child_weight': 1}. Best is trial 213 with value: 0.9463414634146341.
[I 2026-03-24 15:36:02,896] Trial 694 finished with value: 0.9463414634146341 and parameters: {'n_estimators': 434, 'max_depth': 17, 'learning_rate': 0.007301779391948784, 'reg_alpha': 0.0035100434088532247, 'reg_lambda': 0.007930439902877963, 'min_child_weight': 1}. Best is trial 213 with value: 0.9463414634146341.
[I 2026-03-24 15:36:03,089] Trial 695 finished with value: 0.9463414634146341 and parameters: {'n_estimators': 484, 'max_depth': 20, 'learning_rate': 0.006039782377010894, 'reg_alpha': 0.004461764963440765, 'reg_lambda': 0.012331269852377638, 'min_child_weight': 1}. Best is trial 213 with value: 0.9463414634146341.
[I 2026-03-24 15:36:03,255] Trial 696 finished with value: 0.9411764705882353 and parameters: {'n_estimators': 417, 'max_depth': 22, 'learning_rate': 0.009580562130067333, 'reg_alpha': 0.008516559004274168, 'reg_lambda': 0.0058893578885416175, 'min_child_weight': 1}. Best is trial 213 with value: 0.9463414634146341.
[I 2026-03-24 15:36:03,437] Trial 697 finished with value: 0.941747572815534 and parameters: {'n_estimators': 449, 'max_depth': 18, 'learning_rate': 0.005426033962767149, 'reg_alpha': 0.006171095946427799, 'reg_lambda': 0.01757253039264791, 'min_child_weight': 1}. Best is trial 213 with value: 0.9463414634146341.
[I 2026-03-24 15:36:03,603] Trial 698 finished with value: 0.941747572815534 and parameters: {'n_estimators': 401, 'max_depth': 19, 'learning_rate': 0.006749768150366542, 'reg_alpha': 0.011030168841626846, 'reg_lambda': 0.0031568585898334826, 'min_child_weight': 1}. Best is trial 213 with value: 0.9463414634146341.
[I 2026-03-24 15:36:03,776] Trial 699 finished with value: 0.9411764705882353 and parameters: {'n_estimators': 428, 'max_depth': 21, 'learning_rate': 0.007704234473226474, 'reg_alpha': 0.002740900552769945, 'reg_lambda': 0.004229178868103158, 'min_child_weight': 1}. Best is trial 213 with value: 0.9463414634146341.
[I 2026-03-24 15:36:03,917] Trial 700 finished with value: 0.941747572815534 and parameters: {'n_estimators': 469, 'max_depth': 20, 'learning_rate': 0.006255610926099248, 'reg_alpha': 0.02515637927388923, 'reg_lambda': 0.008953667793173508, 'min_child_weight': 2}. Best is trial 213 with value: 0.9463414634146341.
[I 2026-03-24 15:36:04,077] Trial 701 finished with value: 0.9463414634146341 and parameters: {'n_estimators': 386, 'max_depth': 17, 'learning_rate': 0.007039842109726768, 'reg_alpha': 0.004270018359170337, 'reg_lambda': 0.0059038124439640335, 'min_child_weight': 1}. Best is trial 213 with value: 0.9463414634146341.
[I 2026-03-24 15:36:04,244] Trial 702 finished with value: 0.9411764705882353 and parameters: {'n_estimators': 411, 'max_depth': 20, 'learning_rate': 0.00838937239453997, 'reg_alpha': 0.007189991619344693, 'reg_lambda': 0.013131607203257982, 'min_child_weight': 1}. Best is trial 213 with value: 0.9463414634146341.
[I 2026-03-24 15:36:04,422] Trial 703 finished with value: 0.941747572815534 and parameters: {'n_estimators': 435, 'max_depth': 18, 'learning_rate': 0.005748524184012413, 'reg_alpha': 0.015810889886327215, 'reg_lambda': 0.007662363779925914, 'min_child_weight': 1}. Best is trial 213 with value: 0.9463414634146341.
[I 2026-03-24 15:36:04,603] Trial 704 finished with value: 0.9411764705882353 and parameters: {'n_estimators': 454, 'max_depth': 20, 'learning_rate': 0.007591886070233539, 'reg_alpha': 0.004993327904139453, 'reg_lambda': 0.004513032547790957, 'min_child_weight': 1}. Best is trial 213 with value: 0.9463414634146341.
[I 2026-03-24 15:36:04,774] Trial 705 finished with value: 0.9463414634146341 and parameters: {'n_estimators': 418, 'max_depth': 23, 'learning_rate': 0.006684013244488248, 'reg_alpha': 0.009086869269345764, 'reg_lambda': 0.01014375278769446, 'min_child_weight': 1}. Best is trial 213 with value: 0.9463414634146341.
[I 2026-03-24 15:36:04,931] Trial 706 finished with value: 0.941747572815534 and parameters: {'n_estimators': 371, 'max_depth': 16, 'learning_rate': 0.005099124559636803, 'reg_alpha': 0.0017552862329594497, 'reg_lambda': 0.002485193815845628, 'min_child_weight': 1}. Best is trial 213 with value: 0.9463414634146341.
[I 2026-03-24 15:36:05,056] Trial 707 finished with value: 0.941747572815534 and parameters: {'n_estimators': 399, 'max_depth': 19, 'learning_rate': 0.006294203791280934, 'reg_alpha': 0.002901422566457962, 'reg_lambda': 0.006787127289846441, 'min_child_weight': 2}. Best is trial 213 with value: 0.9463414634146341.
[I 2026-03-24 15:36:05,233] Trial 708 finished with value: 0.9463414634146341 and parameters: {'n_estimators': 438, 'max_depth': 21, 'learning_rate': 0.0073175115928839725, 'reg_alpha': 0.005907635935056811, 'reg_lambda': 0.023516605521761224, 'min_child_weight': 1}. Best is trial 213 with value: 0.9463414634146341.
[I 2026-03-24 15:36:05,401] Trial 709 finished with value: 0.9411764705882353 and parameters: {'n_estimators': 409, 'max_depth': 19, 'learning_rate': 0.008661227791894531, 'reg_alpha': 0.0037290046210538847, 'reg_lambda': 0.0036540585085749226, 'min_child_weight': 1}. Best is trial 213 with value: 0.9463414634146341.
[I 2026-03-24 15:36:05,575] Trial 710 finished with value: 0.9463414634146341 and parameters: {'n_estimators': 426, 'max_depth': 22, 'learning_rate': 0.006775178727976324, 'reg_alpha': 0.01125385910000137, 'reg_lambda': 0.005536731921373949, 'min_child_weight': 1}. Best is trial 213 with value: 0.9463414634146341.
[I 2026-03-24 15:36:05,762] Trial 711 finished with value: 0.9463414634146341 and parameters: {'n_estimators': 461, 'max_depth': 18, 'learning_rate': 0.005909528254405146, 'reg_alpha': 0.007252821451352498, 'reg_lambda': 0.010732448277062363, 'min_child_weight': 1}. Best is trial 213 with value: 0.9463414634146341.
[I 2026-03-24 15:36:05,922] Trial 712 finished with value: 0.9463414634146341 and parameters: {'n_estimators': 386, 'max_depth': 20, 'learning_rate': 0.0077840570826216305, 'reg_alpha': 0.005088978741129405, 'reg_lambda': 0.015798116384144363, 'min_child_weight': 1}. Best is trial 213 with value: 0.9463414634146341.
[I 2026-03-24 15:36:06,102] Trial 713 finished with value: 0.9463414634146341 and parameters: {'n_estimators': 445, 'max_depth': 21, 'learning_rate': 0.006610914516509488, 'reg_alpha': 0.002154088801761396, 'reg_lambda': 0.007500165755737136, 'min_child_weight': 1}. Best is trial 213 with value: 0.9463414634146341.
[I 2026-03-24 15:36:06,270] Trial 714 finished with value: 0.941747572815534 and parameters: {'n_estimators': 404, 'max_depth': 23, 'learning_rate': 0.005423101168207713, 'reg_alpha': 0.00795157014266939, 'reg_lambda': 0.0045038290496213634, 'min_child_weight': 1}. Best is trial 213 with value: 0.9463414634146341.
[I 2026-03-24 15:36:06,465] Trial 715 finished with value: 0.9411764705882353 and parameters: {'n_estimators': 486, 'max_depth': 19, 'learning_rate': 0.007201139548622985, 'reg_alpha': 0.003880455787240547, 'reg_lambda': 0.0030520916994034174, 'min_child_weight': 1}. Best is trial 213 with value: 0.9463414634146341.
[I 2026-03-24 15:36:06,641] Trial 716 finished with value: 0.941747572815534 and parameters: {'n_estimators': 424, 'max_depth': 17, 'learning_rate': 0.006054147583686711, 'reg_alpha': 0.013699697534115943, 'reg_lambda': 0.0013791641532072945, 'min_child_weight': 1}. Best is trial 213 with value: 0.9463414634146341.
[I 2026-03-24 15:36:06,800] Trial 717 finished with value: 0.9463414634146341 and parameters: {'n_estimators': 381, 'max_depth': 18, 'learning_rate': 0.008005407457227528, 'reg_alpha': 0.0058381802546105, 'reg_lambda': 0.010175899714509204, 'min_child_weight': 1}. Best is trial 213 with value: 0.9463414634146341.
[I 2026-03-24 15:36:06,933] Trial 718 finished with value: 0.941747572815534 and parameters: {'n_estimators': 434, 'max_depth': 20, 'learning_rate': 0.009035850056893585, 'reg_alpha': 0.009965642173545246, 'reg_lambda': 0.005949163083220793, 'min_child_weight': 2}. Best is trial 213 with value: 0.9463414634146341.
[I 2026-03-24 15:36:07,101] Trial 719 finished with value: 0.9463414634146341 and parameters: {'n_estimators': 407, 'max_depth': 21, 'learning_rate': 0.006922182754730381, 'reg_alpha': 0.0028505474230295373, 'reg_lambda': 0.015252327419987307, 'min_child_weight': 1}. Best is trial 213 with value: 0.9463414634146341.
