[I 2026-03-24 15:31:46,463] Trial 245 finished with value: 0.9306930693069307 and parameters: {'n_estimators': 411, 'max_depth': 42, 'learning_rate': 0.003701327269510153, 'reg_alpha': 8.806485317311656e-06, 'reg_lambda': 5.289247688183655e-06, 'min_child_weight': 1}. Best is trial 0 with value: 0.941747572815534.
[I 2026-03-24 15:31:46,560] Trial 246 finished with value: 0.941747572815534 and parameters: {'n_estimators': 541, 'max_depth': 22, 'learning_rate': 0.0031460933949174104, 'reg_alpha': 6.853276634344798e-06, 'reg_lambda': 2.7886631273274374e-08, 'min_child_weight': 8}. Best is trial 0 with value: 0.941747572815534.
[I 2026-03-24 15:31:46,611] Trial 247 finished with value: 0.941747572815534 and parameters: {'n_estimators': 200, 'max_depth': 10, 'learning_rate': 0.001134032583813332, 'reg_alpha': 4.906719408921116e-07, 'reg_lambda': 0.0006119244207685568, 'min_child_weight': 7}. Best is trial 0 with value: 0.941747572815534.
[I 2026-03-24 15:31:46,743] Trial 248 finished with value: 0.941747572815534 and parameters: {'n_estimators': 882, 'max_depth': 18, 'learning_rate': 0.023438909026495137, 'reg_alpha': 1.0127561512403092e-08, 'reg_lambda': 1.812356169689275e-08, 'min_child_weight': 3}. Best is trial 0 with value: 0.941747572815534.
[I 2026-03-24 15:31:46,823] Trial 249 finished with value: 0.941747572815534 and parameters: {'n_estimators': 443, 'max_depth': 14, 'learning_rate': 0.011573938064472147, 'reg_alpha': 0.3718293747714205, 'reg_lambda': 6.768662402057193e-08, 'min_child_weight': 4}. Best is trial 0 with value: 0.941747572815534.
[I 2026-03-24 15:31:46,985] Trial 250 finished with value: 0.941747572815534 and parameters: {'n_estimators': 980, 'max_depth': 7, 'learning_rate': 0.004334202302982099, 'reg_alpha': 1.0962210655644404e-07, 'reg_lambda': 0.10543699196860853, 'min_child_weight': 2}. Best is trial 0 with value: 0.941747572815534.
[I 2026-03-24 15:31:47,058] Trial 251 finished with value: 0.941747572815534 and parameters: {'n_estimators': 396, 'max_depth': 27, 'learning_rate': 0.004835562621419073, 'reg_alpha': 1.808926224356149e-07, 'reg_lambda': 0.033577543021941575, 'min_child_weight': 10}. Best is trial 0 with value: 0.941747572815534.
[I 2026-03-24 15:31:47,124] Trial 252 finished with value: 0.941747572815534 and parameters: {'n_estimators': 316, 'max_depth': 49, 'learning_rate': 0.0015057092219747403, 'reg_alpha': 0.00017634760607505365, 'reg_lambda': 2.0931993888856327e-06, 'min_child_weight': 5}. Best is trial 0 with value: 0.941747572815534.
[I 2026-03-24 15:31:47,245] Trial 253 finished with value: 0.941747572815534 and parameters: {'n_estimators': 784, 'max_depth': 12, 'learning_rate': 0.02757676823942561, 'reg_alpha': 3.837163858067715e-08, 'reg_lambda': 1.1880047773454209e-05, 'min_child_weight': 9}. Best is trial 0 with value: 0.941747572815534.
[I 2026-03-24 15:31:47,345] Trial 254 finished with value: 0.941747572815534 and parameters: {'n_estimators': 619, 'max_depth': 20, 'learning_rate': 0.002002130379900471, 'reg_alpha': 2.045410026043299e-06, 'reg_lambda': 0.624805022116012, 'min_child_weight': 6}. Best is trial 0 with value: 0.941747572815534.
[I 2026-03-24 15:31:47,435] Trial 255 finished with value: 0.941747572815534 and parameters: {'n_estimators': 531, 'max_depth': 37, 'learning_rate': 0.0016890875114851872, 'reg_alpha': 3.597263241711525e-06, 'reg_lambda': 1.0864720668570357e-07, 'min_child_weight': 8}. Best is trial 0 with value: 0.941747572815534.
[I 2026-03-24 15:31:47,551] Trial 256 finished with value: 0.941747572815534 and parameters: {'n_estimators': 725, 'max_depth': 19, 'learning_rate': 0.08713188765486918, 'reg_alpha': 0.0003125609059117229, 'reg_lambda': 2.733448822084204e-07, 'min_child_weight': 4}. Best is trial 0 with value: 0.941747572815534.
[I 2026-03-24 15:31:47,634] Trial 257 finished with value: 0.941747572815534 and parameters: {'n_estimators': 475, 'max_depth': 50, 'learning_rate': 0.01715633695254003, 'reg_alpha': 0.001058478461855544, 'reg_lambda': 1.4203310136307631e-06, 'min_child_weight': 7}. Best is trial 0 with value: 0.941747572815534.
[I 2026-03-24 15:31:47,765] Trial 258 finished with value: 0.941747572815534 and parameters: {'n_estimators': 896, 'max_depth': 21, 'learning_rate': 0.03172101689006078, 'reg_alpha': 5.825640877541048e-08, 'reg_lambda': 1.2632007517978298e-08, 'min_child_weight': 9}. Best is trial 0 with value: 0.941747572815534.
[I 2026-03-24 15:31:47,906] Trial 259 finished with value: 0.941747572815534 and parameters: {'n_estimators': 958, 'max_depth': 32, 'learning_rate': 0.0669537316797626, 'reg_alpha': 1.1432412751034575e-06, 'reg_lambda': 6.075940899324783e-07, 'min_child_weight': 10}. Best is trial 0 with value: 0.941747572815534.
[I 2026-03-24 15:31:47,979] Trial 260 finished with value: 0.941747572815534 and parameters: {'n_estimators': 376, 'max_depth': 35, 'learning_rate': 0.04074724972799766, 'reg_alpha': 1.9308902597851008e-08, 'reg_lambda': 0.00029713512326360046, 'min_child_weight': 2}. Best is trial 0 with value: 0.941747572815534.
[I 2026-03-24 15:31:48,075] Trial 261 finished with value: 0.941747572815534 and parameters: {'n_estimators': 576, 'max_depth': 13, 'learning_rate': 0.008065228711934266, 'reg_alpha': 0.05240083820019711, 'reg_lambda': 0.007361602261378718, 'min_child_weight': 4}. Best is trial 0 with value: 0.941747572815534.
[I 2026-03-24 15:31:48,194] Trial 262 finished with value: 0.941747572815534 and parameters: {'n_estimators': 797, 'max_depth': 28, 'learning_rate': 0.005848283453866819, 'reg_alpha': 4.0814273544615493e-07, 'reg_lambda': 0.0008866663528695223, 'min_child_weight': 6}. Best is trial 0 with value: 0.941747572815534.
[I 2026-03-24 15:31:48,259] Trial 263 finished with value: 0.941747572815534 and parameters: {'n_estimators': 332, 'max_depth': 16, 'learning_rate': 0.002454164188888704, 'reg_alpha': 6.473332249043504e-07, 'reg_lambda': 3.2138314113515803e-06, 'min_child_weight': 8}. Best is trial 0 with value: 0.941747572815534.
[I 2026-03-24 15:31:48,356] Trial 264 finished with value: 0.941747572815534 and parameters: {'n_estimators': 598, 'max_depth': 44, 'learning_rate': 0.0038901117203846043, 'reg_alpha': 2.945558079913291e-06, 'reg_lambda': 0.0001115287233897873, 'min_child_weight': 7}. Best is trial 0 with value: 0.941747572815534.
[I 2026-03-24 15:31:48,461] Trial 265 finished with value: 0.941747572815534 and parameters: {'n_estimators': 643, 'max_depth': 48, 'learning_rate': 0.048311769525651395, 'reg_alpha': 4.210573961990251e-05, 'reg_lambda': 0.3705036416478086, 'min_child_weight': 9}. Best is trial 0 with value: 0.941747572815534.
[I 2026-03-24 15:31:48,522] Trial 266 finished with value: 0.941747572815534 and parameters: {'n_estimators': 297, 'max_depth': 39, 'learning_rate': 0.058665565232694325, 'reg_alpha': 0.00012197112663410839, 'reg_lambda': 6.028532516743825e-06, 'min_child_weight': 6}. Best is trial 0 with value: 0.941747572815534.
[I 2026-03-24 15:31:48,669] Trial 267 finished with value: 0.941747572815534 and parameters: {'n_estimators': 983, 'max_depth': 34, 'learning_rate': 0.0074953593535608785, 'reg_alpha': 0.10489786302527086, 'reg_lambda': 0.0015334184218727075, 'min_child_weight': 4}. Best is trial 0 with value: 0.941747572815534.
[I 2026-03-24 15:31:48,756] Trial 268 finished with value: 0.941747572815534 and parameters: {'n_estimators': 504, 'max_depth': 9, 'learning_rate': 0.01237646106075471, 'reg_alpha': 2.732553746652262e-07, 'reg_lambda': 3.5048444008336534e-05, 'min_child_weight': 5}. Best is trial 0 with value: 0.941747572815534.
[I 2026-03-24 15:31:48,970] Trial 269 finished with value: 0.9411764705882353 and parameters: {'n_estimators': 933, 'max_depth': 30, 'learning_rate': 0.003337623054783033, 'reg_alpha': 5.8045315472551495e-06, 'reg_lambda': 0.00038453131352605925, 'min_child_weight': 1}. Best is trial 0 with value: 0.941747572815534.
[I 2026-03-24 15:31:49,086] Trial 270 finished with value: 0.941747572815534 and parameters: {'n_estimators': 751, 'max_depth': 11, 'learning_rate': 0.0018488084903126104, 'reg_alpha': 9.257108178191998e-08, 'reg_lambda': 9.870354032950305e-07, 'min_child_weight': 3}. Best is trial 0 with value: 0.941747572815534.
[I 2026-03-24 15:31:49,143] Trial 271 finished with value: 0.941747572815534 and parameters: {'n_estimators': 250, 'max_depth': 36, 'learning_rate': 0.009777112624523344, 'reg_alpha': 0.6512144507634242, 'reg_lambda': 3.629826442308143e-08, 'min_child_weight': 10}. Best is trial 0 with value: 0.941747572815534.
[I 2026-03-24 15:31:49,224] Trial 272 finished with value: 0.941747572815534 and parameters: {'n_estimators': 460, 'max_depth': 49, 'learning_rate': 0.014493604037150552, 'reg_alpha': 0.01918796625790345, 'reg_lambda': 0.0050141304142650115, 'min_child_weight': 9}. Best is trial 0 with value: 0.941747572815534.
[I 2026-03-24 15:31:49,279] Trial 273 finished with value: 0.941747572815534 and parameters: {'n_estimators': 229, 'max_depth': 25, 'learning_rate': 0.0980324830297006, 'reg_alpha': 6.245529984634301e-05, 'reg_lambda': 0.0005561387259667822, 'min_child_weight': 5}. Best is trial 0 with value: 0.941747572815534.
[I 2026-03-24 15:31:49,346] Trial 274 finished with value: 0.941747572815534 and parameters: {'n_estimators': 347, 'max_depth': 29, 'learning_rate': 0.07378491807794847, 'reg_alpha': 2.267098955430068e-05, 'reg_lambda': 0.0032727957812369994, 'min_child_weight': 8}. Best is trial 0 with value: 0.941747572815534.
[I 2026-03-24 15:31:49,424] Trial 275 finished with value: 0.941747572815534 and parameters: {'n_estimators': 430, 'max_depth': 33, 'learning_rate': 0.0014420560931907977, 'reg_alpha': 2.7429431964082434e-08, 'reg_lambda': 4.327598424977307e-06, 'min_child_weight': 9}. Best is trial 0 with value: 0.941747572815534.
[I 2026-03-24 15:31:49,529] Trial 276 finished with value: 0.941747572815534 and parameters: {'n_estimators': 658, 'max_depth': 47, 'learning_rate': 0.04424403195971158, 'reg_alpha': 1.790718638124352e-06, 'reg_lambda': 1.0353951874063038e-05, 'min_child_weight': 7}. Best is trial 0 with value: 0.941747572815534.
[I 2026-03-24 15:31:49,633] Trial 277 finished with value: 0.941747572815534 and parameters: {'n_estimators': 624, 'max_depth': 15, 'learning_rate': 0.03702515280254569, 'reg_alpha': 0.0005107633701226125, 'reg_lambda': 1.8247901820772965e-05, 'min_child_weight': 2}. Best is trial 0 with value: 0.941747572815534.
[I 2026-03-24 15:31:49,727] Trial 278 finished with value: 0.941747572815534 and parameters: {'n_estimators': 550, 'max_depth': 23, 'learning_rate': 0.008749966748418388, 'reg_alpha': 1.7154722427002467e-07, 'reg_lambda': 3.818025695454206e-07, 'min_child_weight': 4}. Best is trial 0 with value: 0.941747572815534.
[I 2026-03-24 15:31:49,867] Trial 279 finished with value: 0.941747572815534 and parameters: {'n_estimators': 946, 'max_depth': 31, 'learning_rate': 0.08643540154453577, 'reg_alpha': 0.27670299830355044, 'reg_lambda': 5.947674576395083e-05, 'min_child_weight': 9}. Best is trial 0 with value: 0.941747572815534.
[I 2026-03-24 15:31:49,978] Trial 280 finished with value: 0.941747572815534 and parameters: {'n_estimators': 708, 'max_depth': 42, 'learning_rate': 0.0011802282117646427, 'reg_alpha': 1.1811536129126614e-05, 'reg_lambda': 0.00018153931779963303, 'min_child_weight': 6}. Best is trial 0 with value: 0.941747572815534.
[I 2026-03-24 15:31:50,053] Trial 281 finished with value: 0.941747572815534 and parameters: {'n_estimators': 417, 'max_depth': 6, 'learning_rate': 0.0030188906621407808, 'reg_alpha': 6.45352954038975e-07, 'reg_lambda': 1.433469237555393e-08, 'min_child_weight': 8}. Best is trial 0 with value: 0.941747572815534.
[I 2026-03-24 15:31:50,170] Trial 282 finished with value: 0.941747572815534 and parameters: {'n_estimators': 764, 'max_depth': 17, 'learning_rate': 0.0026931997401643828, 'reg_alpha': 6.19094263838433e-08, 'reg_lambda': 2.3195099810749257e-08, 'min_child_weight': 10}. Best is trial 0 with value: 0.941747572815534.
[I 2026-03-24 15:31:50,241] Trial 283 finished with value: 0.941747572815534 and parameters: {'n_estimators': 363, 'max_depth': 19, 'learning_rate': 0.004060649153389139, 'reg_alpha': 0.15804212025702827, 'reg_lambda': 1.9758004066181904e-07, 'min_child_weight': 3}. Best is trial 0 with value: 0.941747572815534.
[I 2026-03-24 15:31:50,315] Trial 284 finished with value: 0.941747572815534 and parameters: {'n_estimators': 391, 'max_depth': 50, 'learning_rate': 0.05394062369934356, 'reg_alpha': 0.0035508800708126025, 'reg_lambda': 1.3931884615674609e-06, 'min_child_weight': 5}. Best is trial 0 with value: 0.941747572815534.
[I 2026-03-24 15:31:50,441] Trial 285 finished with value: 0.941747572815534 and parameters: {'n_estimators': 841, 'max_depth': 37, 'learning_rate': 0.00459668049372618, 'reg_alpha': 9.865532728944061e-07, 'reg_lambda': 7.390492216370991e-07, 'min_child_weight': 4}. Best is trial 0 with value: 0.941747572815534.
[I 2026-03-24 15:31:50,529] Trial 286 finished with value: 0.941747572815534 and parameters: {'n_estimators': 524, 'max_depth': 21, 'learning_rate': 0.0012925884644392337, 'reg_alpha': 4.492639492605791e-06, 'reg_lambda': 0.07320280434968401, 'min_child_weight': 9}. Best is trial 0 with value: 0.941747572815534.
[I 2026-03-24 15:31:50,592] Trial 287 finished with value: 0.941747572815534 and parameters: {'n_estimators': 319, 'max_depth': 35, 'learning_rate': 0.021698402766101795, 'reg_alpha': 3.9167076256379436e-07, 'reg_lambda': 2.1031412267504658e-06, 'min_child_weight': 8}. Best is trial 0 with value: 0.941747572815534.
[I 2026-03-24 15:31:50,735] Trial 288 finished with value: 0.941747572815534 and parameters: {'n_estimators': 968, 'max_depth': 45, 'learning_rate': 0.003590526233768602, 'reg_alpha': 1.454565632200543e-08, 'reg_lambda': 0.0011080422553126994, 'min_child_weight': 7}. Best is trial 0 with value: 0.941747572815534.
[I 2026-03-24 15:31:50,786] Trial 289 finished with value: 0.941747572815534 and parameters: {'n_estimators': 216, 'max_depth': 40, 'learning_rate': 0.0016374325158378367, 'reg_alpha': 1.4229351528785038e-06, 'reg_lambda': 6.9216207025353204e-06, 'min_child_weight': 8}. Best is trial 0 with value: 0.941747572815534.
[I 2026-03-24 15:31:50,929] Trial 290 finished with value: 0.941747572815534 and parameters: {'n_estimators': 991, 'max_depth': 24, 'learning_rate': 0.001987179632513313, 'reg_alpha': 1.1888996428719147e-07, 'reg_lambda': 0.0004529971939957788, 'min_child_weight': 10}. Best is trial 0 with value: 0.941747572815534.
[I 2026-03-24 15:31:51,067] Trial 291 finished with value: 0.941747572815534 and parameters: {'n_estimators': 918, 'max_depth': 26, 'learning_rate': 0.025565068353597516, 'reg_alpha': 3.5584463977057926e-08, 'reg_lambda': 2.9085628565839567e-06, 'min_child_weight': 2}. Best is trial 0 with value: 0.941747572815534.
[I 2026-03-24 15:31:51,161] Trial 292 finished with value: 0.941747572815534 and parameters: {'n_estimators': 573, 'max_depth': 7, 'learning_rate': 0.005223205754538617, 'reg_alpha': 0.00805592510165938, 'reg_lambda': 0.2528561600828081, 'min_child_weight': 5}. Best is trial 0 with value: 0.941747572815534.
[I 2026-03-24 15:31:51,267] Trial 293 finished with value: 0.941747572815534 and parameters: {'n_estimators': 675, 'max_depth': 43, 'learning_rate': 0.019514141405528936, 'reg_alpha': 0.012566894294373418, 'reg_lambda': 0.0002833813117846876, 'min_child_weight': 6}. Best is trial 0 with value: 0.941747572815534.
[I 2026-03-24 15:31:51,351] Trial 294 finished with value: 0.941747572815534 and parameters: {'n_estimators': 488, 'max_depth': 22, 'learning_rate': 0.0023280842644066817, 'reg_alpha': 0.00025145917102983845, 'reg_lambda': 8.019509437108848e-08, 'min_child_weight': 9}. Best is trial 0 with value: 0.941747572815534.
[I 2026-03-24 15:31:51,411] Trial 295 finished with value: 0.941747572815534 and parameters: {'n_estimators': 287, 'max_depth': 16, 'learning_rate': 0.03037608972794402, 'reg_alpha': 2.5887406589096216e-07, 'reg_lambda': 1.0252165966819314e-05, 'min_child_weight': 3}. Best is trial 0 with value: 0.941747572815534.
[I 2026-03-24 15:31:51,511] Trial 296 finished with value: 0.941747572815534 and parameters: {'n_estimators': 606, 'max_depth': 14, 'learning_rate': 0.035474035240278624, 'reg_alpha': 8.067926469504527e-05, 'reg_lambda': 4.925760591761756e-06, 'min_child_weight': 4}. Best is trial 0 with value: 0.941747572815534.
[I 2026-03-24 15:31:51,616] Trial 297 finished with value: 0.941747572815534 and parameters: {'n_estimators': 443, 'max_depth': 38, 'learning_rate': 0.0010044268370451108, 'reg_alpha': 3.1160645414509257e-06, 'reg_lambda': 0.0007055928034908045, 'min_child_weight': 1}. Best is trial 0 with value: 0.941747572815534.
[I 2026-03-24 15:31:51,682] Trial 298 finished with value: 0.941747572815534 and parameters: {'n_estimators': 339, 'max_depth': 33, 'learning_rate': 0.07747708918406251, 'reg_alpha': 6.113376320044306e-06, 'reg_lambda': 0.020998997291603018, 'min_child_weight': 7}. Best is trial 0 with value: 0.941747572815534.
[I 2026-03-24 15:31:51,805] Trial 299 finished with value: 0.941747572815534 and parameters: {'n_estimators': 804, 'max_depth': 19, 'learning_rate': 0.0010950840240189022, 'reg_alpha': 2.2642946352087807e-06, 'reg_lambda': 0.01350251308893303, 'min_child_weight': 6}. Best is trial 0 with value: 0.941747572815534.
[I 2026-03-24 15:31:51,878] Trial 300 finished with value: 0.941747572815534 and parameters: {'n_estimators': 395, 'max_depth': 41, 'learning_rate': 0.006565089659247085, 'reg_alpha': 9.485512209012507e-06, 'reg_lambda': 2.340620231342813e-05, 'min_child_weight': 7}. Best is trial 0 with value: 0.941747572815534.
[I 2026-03-24 15:31:51,991] Trial 301 finished with value: 0.941747572815534 and parameters: {'n_estimators': 737, 'max_depth': 47, 'learning_rate': 0.03317924491765191, 'reg_alpha': 2.039245123921774e-07, 'reg_lambda': 8.91338364419368e-05, 'min_child_weight': 9}. Best is trial 0 with value: 0.941747572815534.
[I 2026-03-24 15:31:52,048] Trial 302 finished with value: 0.941747572815534 and parameters: {'n_estimators': 265, 'max_depth': 49, 'learning_rate': 0.015489264056107174, 'reg_alpha': 8.384717374678217e-07, 'reg_lambda': 1.4237119602036913e-07, 'min_child_weight': 10}. Best is trial 0 with value: 0.941747572815534.
[I 2026-03-24 15:31:52,148] Trial 303 finished with value: 0.941747572815534 and parameters: {'n_estimators': 627, 'max_depth': 12, 'learning_rate': 0.010381891020240659, 'reg_alpha': 0.0001676841963216042, 'reg_lambda': 1.1006800700375896e-08, 'min_child_weight': 5}. Best is trial 0 with value: 0.941747572815534.
[I 2026-03-24 15:31:52,197] Trial 304 finished with value: 0.941747572815534 and parameters: {'n_estimators': 201, 'max_depth': 28, 'learning_rate': 0.09979601797346482, 'reg_alpha': 7.665510691303064e-08, 'reg_lambda': 5.926408104093516e-07, 'min_child_weight': 4}. Best is trial 0 with value: 0.941747572815534.
[I 2026-03-24 15:31:52,381] Trial 305 finished with value: 0.941747572815534 and parameters: {'n_estimators': 1000, 'max_depth': 32, 'learning_rate': 0.0017809887681520037, 'reg_alpha': 4.492753405214915e-08, 'reg_lambda': 0.0022691442586497187, 'min_child_weight': 2}. Best is trial 0 with value: 0.941747572815534.
[I 2026-03-24 15:31:52,523] Trial 306 finished with value: 0.941747572815534 and parameters: {'n_estimators': 952, 'max_depth': 35, 'learning_rate': 0.01305516294525922, 'reg_alpha': 3.490400025377918e-07, 'reg_lambda': 4.2338374835851967e-05, 'min_child_weight': 3}. Best is trial 0 with value: 0.941747572815534.
[I 2026-03-24 15:31:52,630] Trial 307 finished with value: 0.941747572815534 and parameters: {'n_estimators': 649, 'max_depth': 15, 'learning_rate': 0.0015537090123891111, 'reg_alpha': 0.04046330481127453, 'reg_lambda': 0.00020095388478613932, 'min_child_weight': 9}. Best is trial 0 with value: 0.941747572815534.
[I 2026-03-24 15:31:52,705] Trial 308 finished with value: 0.941747572815534 and parameters: {'n_estimators': 413, 'max_depth': 27, 'learning_rate': 0.08910487812792973, 'reg_alpha': 0.002079490331083444, 'reg_lambda': 1.7723279672751662e-08, 'min_child_weight': 7}. Best is trial 0 with value: 0.941747572815534.
[I 2026-03-24 15:31:52,797] Trial 309 finished with value: 0.941747572815534 and parameters: {'n_estimators': 562, 'max_depth': 36, 'learning_rate': 0.06464763405591728, 'reg_alpha': 2.2541618190494863e-08, 'reg_lambda': 1.0431574633459282e-06, 'min_child_weight': 10}. Best is trial 0 with value: 0.941747572815534.
[I 2026-03-24 15:31:52,891] Trial 310 finished with value: 0.941747572815534 and parameters: {'n_estimators': 538, 'max_depth': 50, 'learning_rate': 0.04301714337724523, 'reg_alpha': 1.5473757020948397e-07, 'reg_lambda': 3.474460389845525e-08, 'min_child_weight': 8}. Best is trial 0 with value: 0.941747572815534.
[I 2026-03-24 15:31:53,028] Trial 311 finished with value: 0.941747572815534 and parameters: {'n_estimators': 891, 'max_depth': 9, 'learning_rate': 0.0033458359837956505, 'reg_alpha': 2.6959982447761518e-05, 'reg_lambda': 1.834832958267493e-06, 'min_child_weight': 4}. Best is trial 0 with value: 0.941747572815534.
[I 2026-03-24 15:31:53,099] Trial 312 finished with value: 0.941747572815534 and parameters: {'n_estimators': 379, 'max_depth': 25, 'learning_rate': 0.017496202096577592, 'reg_alpha': 5.445167177849893e-07, 'reg_lambda': 4.563801793740106e-07, 'min_child_weight': 6}. Best is trial 0 with value: 0.941747572815534.
[I 2026-03-24 15:31:53,152] Trial 313 finished with value: 0.941747572815534 and parameters: {'n_estimators': 242, 'max_depth': 17, 'learning_rate': 0.023101436412962327, 'reg_alpha': 1.2101963103210827e-06, 'reg_lambda': 5.7307668313160104e-08, 'min_child_weight': 9}. Best is trial 0 with value: 0.941747572815534.
