[I 2026-03-24 15:30:34,493] Trial 278 finished with value: 0.941747572815534 and parameters: {'n_estimators': 843, 'max_depth': 43, 'learning_rate': 0.09354104378582624, 'reg_alpha': 0.07845470866622796, 'reg_lambda': 0.0026906991960152647, 'min_child_weight': 7}. Best is trial 0 with value: 0.941747572815534.
[I 2026-03-24 15:30:34,612] Trial 279 finished with value: 0.941747572815534 and parameters: {'n_estimators': 897, 'max_depth': 7, 'learning_rate': 0.06556811265789925, 'reg_alpha': 2.4026334170175762e-08, 'reg_lambda': 0.009761637513507108, 'min_child_weight': 10}. Best is trial 0 with value: 0.941747572815534.
[I 2026-03-24 15:30:34,685] Trial 280 finished with value: 0.941747572815534 and parameters: {'n_estimators': 458, 'max_depth': 8, 'learning_rate': 0.0010006220357490444, 'reg_alpha': 0.043410910112527935, 'reg_lambda': 0.029596204360964617, 'min_child_weight': 1}. Best is trial 0 with value: 0.941747572815534.
[I 2026-03-24 15:30:34,742] Trial 281 finished with value: 0.941747572815534 and parameters: {'n_estimators': 285, 'max_depth': 14, 'learning_rate': 0.03939454771365003, 'reg_alpha': 0.0001606317821558626, 'reg_lambda': 0.00020942744231091455, 'min_child_weight': 2}. Best is trial 0 with value: 0.941747572815534.
[I 2026-03-24 15:30:34,819] Trial 282 finished with value: 0.941747572815534 and parameters: {'n_estimators': 492, 'max_depth': 32, 'learning_rate': 0.02660431767260767, 'reg_alpha': 9.702707987794709e-08, 'reg_lambda': 0.3530313562156998, 'min_child_weight': 8}. Best is trial 0 with value: 0.941747572815534.
[I 2026-03-24 15:30:34,890] Trial 283 finished with value: 0.941747572815534 and parameters: {'n_estimators': 430, 'max_depth': 41, 'learning_rate': 0.00490268695785945, 'reg_alpha': 2.4097965139233314e-05, 'reg_lambda': 0.006862822432015486, 'min_child_weight': 6}. Best is trial 0 with value: 0.941747572815534.
[I 2026-03-24 15:30:35,001] Trial 284 finished with value: 0.941747572815534 and parameters: {'n_estimators': 807, 'max_depth': 45, 'learning_rate': 0.03122629332203378, 'reg_alpha': 5.560799456497337e-07, 'reg_lambda': 1.8056500168836224e-05, 'min_child_weight': 4}. Best is trial 0 with value: 0.941747572815534.
[I 2026-03-24 15:30:35,116] Trial 285 finished with value: 0.941747572815534 and parameters: {'n_estimators': 862, 'max_depth': 16, 'learning_rate': 0.05387588652295574, 'reg_alpha': 2.698961851844629e-06, 'reg_lambda': 0.13489417825454428, 'min_child_weight': 8}. Best is trial 0 with value: 0.941747572815534.
[I 2026-03-24 15:30:35,205] Trial 286 finished with value: 0.941747572815534 and parameters: {'n_estimators': 613, 'max_depth': 50, 'learning_rate': 0.0028650213755156253, 'reg_alpha': 6.70956760258723e-08, 'reg_lambda': 0.04542621551212552, 'min_child_weight': 7}. Best is trial 0 with value: 0.941747572815534.
[I 2026-03-24 15:30:35,271] Trial 287 finished with value: 0.941747572815534 and parameters: {'n_estimators': 379, 'max_depth': 38, 'learning_rate': 0.0998581325847811, 'reg_alpha': 4.518184949505906e-06, 'reg_lambda': 7.107463391380057e-06, 'min_child_weight': 6}. Best is trial 0 with value: 0.941747572815534.
[I 2026-03-24 15:30:35,376] Trial 288 finished with value: 0.941747572815534 and parameters: {'n_estimators': 768, 'max_depth': 47, 'learning_rate': 0.010539911623708004, 'reg_alpha': 0.009962199945300202, 'reg_lambda': 0.0011304892797832466, 'min_child_weight': 7}. Best is trial 0 with value: 0.941747572815534.
[I 2026-03-24 15:30:35,425] Trial 289 finished with value: 0.941747572815534 and parameters: {'n_estimators': 218, 'max_depth': 40, 'learning_rate': 0.00254056561554732, 'reg_alpha': 0.001965385096070866, 'reg_lambda': 3.88454068001183e-06, 'min_child_weight': 5}. Best is trial 0 with value: 0.941747572815534.
[I 2026-03-24 15:30:35,503] Trial 290 finished with value: 0.941747572815534 and parameters: {'n_estimators': 513, 'max_depth': 33, 'learning_rate': 0.006154735103115959, 'reg_alpha': 1.0126622617464847e-08, 'reg_lambda': 0.07420348403211367, 'min_child_weight': 9}. Best is trial 0 with value: 0.941747572815534.
[I 2026-03-24 15:30:35,561] Trial 291 finished with value: 0.941747572815534 and parameters: {'n_estimators': 323, 'max_depth': 29, 'learning_rate': 0.02083196757675946, 'reg_alpha': 0.0037911548125694823, 'reg_lambda': 7.13947747422985e-08, 'min_child_weight': 2}. Best is trial 0 with value: 0.941747572815534.
[I 2026-03-24 15:30:35,654] Trial 292 finished with value: 0.941747572815534 and parameters: {'n_estimators': 632, 'max_depth': 43, 'learning_rate': 0.059792660346779235, 'reg_alpha': 6.717096304012831e-06, 'reg_lambda': 1.7607650296088976e-07, 'min_child_weight': 3}. Best is trial 0 with value: 0.941747572815534.
[I 2026-03-24 15:30:35,760] Trial 293 finished with value: 0.941747572815534 and parameters: {'n_estimators': 784, 'max_depth': 45, 'learning_rate': 0.008371583703907446, 'reg_alpha': 1.404935628322585e-07, 'reg_lambda': 0.5962516243290509, 'min_child_weight': 10}. Best is trial 0 with value: 0.941747572815534.
[I 2026-03-24 15:30:35,860] Trial 294 finished with value: 0.941747572815534 and parameters: {'n_estimators': 694, 'max_depth': 48, 'learning_rate': 0.0011519332994115775, 'reg_alpha': 0.0005688454580275118, 'reg_lambda': 2.2412696162306123e-06, 'min_child_weight': 7}. Best is trial 0 with value: 0.941747572815534.
[I 2026-03-24 15:30:35,957] Trial 295 finished with value: 0.941747572815534 and parameters: {'n_estimators': 669, 'max_depth': 35, 'learning_rate': 0.08585492049969493, 'reg_alpha': 0.12423850469338588, 'reg_lambda': 0.0003046087461118001, 'min_child_weight': 8}. Best is trial 0 with value: 0.941747572815534.
[I 2026-03-24 15:30:36,044] Trial 296 finished with value: 0.941747572815534 and parameters: {'n_estimators': 594, 'max_depth': 36, 'learning_rate': 0.003583389227407897, 'reg_alpha': 3.77200642567547e-08, 'reg_lambda': 3.0697092015409425e-07, 'min_child_weight': 4}. Best is trial 0 with value: 0.941747572815534.
[I 2026-03-24 15:30:36,107] Trial 297 finished with value: 0.941747572815534 and parameters: {'n_estimators': 342, 'max_depth': 38, 'learning_rate': 0.04766011678221527, 'reg_alpha': 0.018236982792843574, 'reg_lambda': 0.012344783836793504, 'min_child_weight': 6}. Best is trial 0 with value: 0.941747572815534.
[I 2026-03-24 15:30:36,192] Trial 298 finished with value: 0.941747572815534 and parameters: {'n_estimators': 576, 'max_depth': 42, 'learning_rate': 0.023572981433245675, 'reg_alpha': 0.00023902954515620477, 'reg_lambda': 0.0017094704182766048, 'min_child_weight': 3}. Best is trial 0 with value: 0.941747572815534.
[I 2026-03-24 15:30:36,295] Trial 299 finished with value: 0.941747572815534 and parameters: {'n_estimators': 746, 'max_depth': 27, 'learning_rate': 0.0069717960905631435, 'reg_alpha': 2.1672954722241093e-07, 'reg_lambda': 4.08651063883571e-05, 'min_child_weight': 2}. Best is trial 0 with value: 0.941747572815534.
[I 2026-03-24 15:30:36,424] Trial 300 finished with value: 0.941747572815534 and parameters: {'n_estimators': 971, 'max_depth': 21, 'learning_rate': 0.03489148309420709, 'reg_alpha': 9.60129380363996e-06, 'reg_lambda': 0.10969389762345604, 'min_child_weight': 7}. Best is trial 0 with value: 0.941747572815534.
[I 2026-03-24 15:30:36,485] Trial 301 finished with value: 0.941747572815534 and parameters: {'n_estimators': 306, 'max_depth': 44, 'learning_rate': 0.06795210042135606, 'reg_alpha': 0.00010112216571955929, 'reg_lambda': 0.000668666861527964, 'min_child_weight': 6}. Best is trial 0 with value: 0.941747572815534.
[I 2026-03-24 15:30:36,560] Trial 302 finished with value: 0.941747572815534 and parameters: {'n_estimators': 474, 'max_depth': 40, 'learning_rate': 0.005346230343935503, 'reg_alpha': 1.0494711035785908e-06, 'reg_lambda': 1.6482042827156e-08, 'min_child_weight': 8}. Best is trial 0 with value: 0.941747572815534.
[I 2026-03-24 15:30:36,632] Trial 303 finished with value: 0.941747572815534 and parameters: {'n_estimators': 444, 'max_depth': 25, 'learning_rate': 0.07256847579622953, 'reg_alpha': 4.0235571013779544e-07, 'reg_lambda': 0.9886501892891965, 'min_child_weight': 7}. Best is trial 0 with value: 0.941747572815534.
[I 2026-03-24 15:30:36,743] Trial 304 finished with value: 0.941747572815534 and parameters: {'n_estimators': 800, 'max_depth': 30, 'learning_rate': 0.001956336211684181, 'reg_alpha': 1.7657020118073296e-08, 'reg_lambda': 0.19358510627771117, 'min_child_weight': 10}. Best is trial 0 with value: 0.941747572815534.
[I 2026-03-24 15:30:36,827] Trial 305 finished with value: 0.941747572815534 and parameters: {'n_estimators': 549, 'max_depth': 18, 'learning_rate': 0.001369999854125429, 'reg_alpha': 0.0009408865524218094, 'reg_lambda': 0.03625706755236826, 'min_child_weight': 9}. Best is trial 0 with value: 0.941747572815534.
[I 2026-03-24 15:30:36,896] Trial 306 finished with value: 0.941747572815534 and parameters: {'n_estimators': 402, 'max_depth': 7, 'learning_rate': 0.029745437040115376, 'reg_alpha': 0.027548891875041996, 'reg_lambda': 0.3051521868994428, 'min_child_weight': 5}. Best is trial 0 with value: 0.941747572815534.
[I 2026-03-24 15:30:36,977] Trial 307 finished with value: 0.941747572815534 and parameters: {'n_estimators': 527, 'max_depth': 32, 'learning_rate': 0.013810393050391848, 'reg_alpha': 2.850222039882842e-07, 'reg_lambda': 9.347497497035586e-06, 'min_child_weight': 6}. Best is trial 0 with value: 0.941747572815534.
[I 2026-03-24 15:30:37,095] Trial 308 finished with value: 0.941747572815534 and parameters: {'n_estimators': 884, 'max_depth': 49, 'learning_rate': 0.025824458888076298, 'reg_alpha': 1.7411515055072265e-05, 'reg_lambda': 0.0001461945117926159, 'min_child_weight': 8}. Best is trial 0 with value: 0.941747572815534.
[I 2026-03-24 15:30:37,164] Trial 309 finished with value: 0.941747572815534 and parameters: {'n_estimators': 418, 'max_depth': 39, 'learning_rate': 0.0031269008321426085, 'reg_alpha': 0.00040565093060245715, 'reg_lambda': 0.02418367839580566, 'min_child_weight': 7}. Best is trial 0 with value: 0.941747572815534.
[I 2026-03-24 15:30:37,240] Trial 310 finished with value: 0.941747572815534 and parameters: {'n_estimators': 485, 'max_depth': 28, 'learning_rate': 0.002228090315790655, 'reg_alpha': 6.094162293341216e-07, 'reg_lambda': 0.06043579672814944, 'min_child_weight': 7}. Best is trial 0 with value: 0.941747572815534.
[I 2026-03-24 15:30:37,293] Trial 311 finished with value: 0.941747572815534 and parameters: {'n_estimators': 246, 'max_depth': 6, 'learning_rate': 0.01144184198131453, 'reg_alpha': 0.0030774496172008186, 'reg_lambda': 0.41010061574971185, 'min_child_weight': 6}. Best is trial 0 with value: 0.941747572815534.
[I 2026-03-24 15:30:37,370] Trial 312 finished with value: 0.941747572815534 and parameters: {'n_estimators': 500, 'max_depth': 37, 'learning_rate': 0.08661323963166115, 'reg_alpha': 0.006646214780297106, 'reg_lambda': 0.004735838231631288, 'min_child_weight': 5}. Best is trial 0 with value: 0.941747572815534.
[I 2026-03-24 15:30:37,433] Trial 313 finished with value: 0.941747572815534 and parameters: {'n_estimators': 364, 'max_depth': 22, 'learning_rate': 0.007723482299702474, 'reg_alpha': 5.560881448518912e-08, 'reg_lambda': 9.526469973739407e-05, 'min_child_weight': 4}. Best is trial 0 with value: 0.941747572815534.
[I 2026-03-24 15:30:37,509] Trial 314 finished with value: 0.941747572815534 and parameters: {'n_estimators': 462, 'max_depth': 46, 'learning_rate': 0.09987461128339645, 'reg_alpha': 1.5695537079846735e-06, 'reg_lambda': 1.1788885566060138e-06, 'min_child_weight': 4}. Best is trial 0 with value: 0.941747572815534.
[I 2026-03-24 15:30:37,613] Trial 315 finished with value: 0.941747572815534 and parameters: {'n_estimators': 771, 'max_depth': 41, 'learning_rate': 0.004358268919325718, 'reg_alpha': 1.2428092255510906e-07, 'reg_lambda': 0.0004727000473450156, 'min_child_weight': 9}. Best is trial 0 with value: 0.941747572815534.
[I 2026-03-24 15:30:37,735] Trial 316 finished with value: 0.941747572815534 and parameters: {'n_estimators': 933, 'max_depth': 36, 'learning_rate': 0.05341983897589204, 'reg_alpha': 0.21335058977012722, 'reg_lambda': 4.8335467782292635e-06, 'min_child_weight': 8}. Best is trial 0 with value: 0.941747572815534.
[I 2026-03-24 15:30:37,846] Trial 317 finished with value: 0.941747572815534 and parameters: {'n_estimators': 825, 'max_depth': 47, 'learning_rate': 0.018973290907937083, 'reg_alpha': 2.845405195582649e-06, 'reg_lambda': 2.5960166657393776e-05, 'min_child_weight': 6}. Best is trial 0 with value: 0.941747572815534.
[I 2026-03-24 15:30:37,946] Trial 318 finished with value: 0.941747572815534 and parameters: {'n_estimators': 720, 'max_depth': 43, 'learning_rate': 0.01650251389867794, 'reg_alpha': 0.06533180301723404, 'reg_lambda': 0.10181306853104602, 'min_child_weight': 3}. Best is trial 0 with value: 0.941747572815534.
[I 2026-03-24 15:30:38,034] Trial 319 finished with value: 0.941747572815534 and parameters: {'n_estimators': 608, 'max_depth': 34, 'learning_rate': 0.0778092378483258, 'reg_alpha': 6.041619322838839e-06, 'reg_lambda': 0.1565089032859013, 'min_child_weight': 7}. Best is trial 0 with value: 0.941747572815534.
[I 2026-03-24 15:30:38,096] Trial 320 finished with value: 0.941747572815534 and parameters: {'n_estimators': 350, 'max_depth': 10, 'learning_rate': 0.0012319023708076936, 'reg_alpha': 0.01517433335125033, 'reg_lambda': 6.244705300143705e-05, 'min_child_weight': 10}. Best is trial 0 with value: 0.941747572815534.
[I 2026-03-24 15:30:38,148] Trial 321 finished with value: 0.941747572815534 and parameters: {'n_estimators': 273, 'max_depth': 41, 'learning_rate': 0.002431328249508218, 'reg_alpha': 0.002066081958772906, 'reg_lambda': 0.0002209898490628036, 'min_child_weight': 2}. Best is trial 0 with value: 0.941747572815534.
[I 2026-03-24 15:30:38,261] Trial 322 finished with value: 0.941747572815534 and parameters: {'n_estimators': 845, 'max_depth': 44, 'learning_rate': 0.01286836240422642, 'reg_alpha': 0.0013780731624553249, 'reg_lambda': 0.014674145748443687, 'min_child_weight': 8}. Best is trial 0 with value: 0.941747572815534.
[I 2026-03-24 15:30:38,367] Trial 323 finished with value: 0.941747572815534 and parameters: {'n_estimators': 788, 'max_depth': 31, 'learning_rate': 0.021812702931005606, 'reg_alpha': 8.260392683300018e-08, 'reg_lambda': 2.94499080239833e-06, 'min_child_weight': 7}. Best is trial 0 with value: 0.941747572815534.
[I 2026-03-24 15:30:38,434] Trial 324 finished with value: 0.941747572815534 and parameters: {'n_estimators': 386, 'max_depth': 23, 'learning_rate': 0.03753377722083166, 'reg_alpha': 0.03851595375725179, 'reg_lambda': 0.046206498162302545, 'min_child_weight': 5}. Best is trial 0 with value: 0.941747572815534.
[I 2026-03-24 15:30:38,506] Trial 325 finished with value: 0.941747572815534 and parameters: {'n_estimators': 439, 'max_depth': 19, 'learning_rate': 0.00932919546841401, 'reg_alpha': 0.6094156099202079, 'reg_lambda': 0.07174947348199655, 'min_child_weight': 9}. Best is trial 0 with value: 0.941747572815534.
[I 2026-03-24 15:30:38,626] Trial 326 finished with value: 0.941747572815534 and parameters: {'n_estimators': 908, 'max_depth': 39, 'learning_rate': 0.0017730506518732956, 'reg_alpha': 6.128303427512254e-05, 'reg_lambda': 5.079638089415557e-07, 'min_child_weight': 6}. Best is trial 0 with value: 0.941747572815534.
[I 2026-03-24 15:30:38,706] Trial 327 finished with value: 0.941747572815534 and parameters: {'n_estimators': 518, 'max_depth': 33, 'learning_rate': 0.0026616926155334664, 'reg_alpha': 3.0262530005332635e-08, 'reg_lambda': 0.0030865171090511075, 'min_child_weight': 2}. Best is trial 0 with value: 0.941747572815534.
[I 2026-03-24 15:30:38,768] Trial 328 finished with value: 0.941747572815534 and parameters: {'n_estimators': 330, 'max_depth': 13, 'learning_rate': 0.0900443528213581, 'reg_alpha': 3.451786084220584e-05, 'reg_lambda': 0.0008569206490139543, 'min_child_weight': 4}. Best is trial 0 with value: 0.941747572815534.
[I 2026-03-24 15:30:38,871] Trial 329 finished with value: 0.941747572815534 and parameters: {'n_estimators': 739, 'max_depth': 37, 'learning_rate': 0.04425049437752715, 'reg_alpha': 0.00020698798427644196, 'reg_lambda': 0.5345519028888922, 'min_child_weight': 10}. Best is trial 0 with value: 0.941747572815534.
[I 2026-03-24 15:30:38,956] Trial 330 finished with value: 0.941747572815534 and parameters: {'n_estimators': 569, 'max_depth': 42, 'learning_rate': 0.005711308325817553, 'reg_alpha': 1.8549467277095582e-07, 'reg_lambda': 0.007083993944363559, 'min_child_weight': 7}. Best is trial 0 with value: 0.941747572815534.
[I 2026-03-24 15:30:39,049] Trial 331 finished with value: 0.941747572815534 and parameters: {'n_estimators': 648, 'max_depth': 45, 'learning_rate': 0.05842237398305713, 'reg_alpha': 1.1848513865732359e-05, 'reg_lambda': 0.24445915893661557, 'min_child_weight': 6}. Best is trial 0 with value: 0.941747572815534.
[I 2026-03-24 15:30:39,159] Trial 332 finished with value: 0.941747572815534 and parameters: {'n_estimators': 810, 'max_depth': 50, 'learning_rate': 0.0015318791043506586, 'reg_alpha': 8.107414229515893e-07, 'reg_lambda': 0.019308004480471826, 'min_child_weight': 8}. Best is trial 0 with value: 0.941747572815534.
[I 2026-03-24 15:30:39,276] Trial 333 finished with value: 0.941747572815534 and parameters: {'n_estimators': 866, 'max_depth': 48, 'learning_rate': 0.030044811281857774, 'reg_alpha': 0.00013091718425756988, 'reg_lambda': 1.3172494451814254e-05, 'min_child_weight': 7}. Best is trial 0 with value: 0.941747572815534.
[I 2026-03-24 15:30:39,352] Trial 334 finished with value: 0.941747572815534 and parameters: {'n_estimators': 477, 'max_depth': 7, 'learning_rate': 0.027538359216763352, 'reg_alpha': 0.0007649411322470778, 'reg_lambda': 0.00034226731800946023, 'min_child_weight': 7}. Best is trial 0 with value: 0.941747572815534.
[I 2026-03-24 15:30:39,448] Trial 335 finished with value: 0.941747572815534 and parameters: {'n_estimators': 627, 'max_depth': 28, 'learning_rate': 0.004024911474640458, 'reg_alpha': 0.005081937359140823, 'reg_lambda': 2.8316105995260643e-08, 'min_child_weight': 4}. Best is trial 0 with value: 0.941747572815534.
[I 2026-03-24 15:30:39,560] Trial 336 finished with value: 0.941747572815534 and parameters: {'n_estimators': 758, 'max_depth': 24, 'learning_rate': 0.04988989267413567, 'reg_alpha': 4.3738024919946236e-07, 'reg_lambda': 7.534158043458399e-07, 'min_child_weight': 5}. Best is trial 0 with value: 0.941747572815534.
[I 2026-03-24 15:30:39,612] Trial 337 finished with value: 0.941747572815534 and parameters: {'n_estimators': 228, 'max_depth': 40, 'learning_rate': 0.002096729081344551, 'reg_alpha': 4.414767035369445e-06, 'reg_lambda': 4.990764742431648e-08, 'min_child_weight': 3}. Best is trial 0 with value: 0.941747572815534.
[I 2026-03-24 15:30:39,684] Trial 338 finished with value: 0.941747572815534 and parameters: {'n_estimators': 449, 'max_depth': 35, 'learning_rate': 0.032639522488194475, 'reg_alpha': 4.733811484551485e-08, 'reg_lambda': 1.9833054379718698e-06, 'min_child_weight': 6}. Best is trial 0 with value: 0.941747572815534.
[I 2026-03-24 15:30:39,748] Trial 339 finished with value: 0.941747572815534 and parameters: {'n_estimators': 366, 'max_depth': 43, 'learning_rate': 0.0010858670993389727, 'reg_alpha': 0.021278040546260542, 'reg_lambda': 0.030562133125409712, 'min_child_weight': 9}. Best is trial 0 with value: 0.941747572815534.
[I 2026-03-24 15:30:39,805] Trial 340 finished with value: 0.941747572815534 and parameters: {'n_estimators': 297, 'max_depth': 6, 'learning_rate': 0.004863922644941829, 'reg_alpha': 0.010235953578339809, 'reg_lambda': 0.0013673778124714342, 'min_child_weight': 10}. Best is trial 0 with value: 0.941747572815534.
[I 2026-03-24 15:30:39,891] Trial 341 finished with value: 0.941747572815534 and parameters: {'n_estimators': 590, 'max_depth': 26, 'learning_rate': 0.014907360630791105, 'reg_alpha': 0.9750649401485157, 'reg_lambda': 0.14361149143202187, 'min_child_weight': 6}. Best is trial 0 with value: 0.941747572815534.
[I 2026-03-24 15:30:39,974] Trial 342 finished with value: 0.941747572815534 and parameters: {'n_estimators': 552, 'max_depth': 34, 'learning_rate': 0.02002751568199876, 'reg_alpha': 1.987428694277205e-06, 'reg_lambda': 5.979261318369876e-06, 'min_child_weight': 7}. Best is trial 0 with value: 0.941747572815534.
[I 2026-03-24 15:30:40,046] Trial 343 finished with value: 0.941747572815534 and parameters: {'n_estimators': 424, 'max_depth': 46, 'learning_rate': 0.024142437166014438, 'reg_alpha': 1.4653139738364905e-08, 'reg_lambda': 0.7437833430007341, 'min_child_weight': 5}. Best is trial 0 with value: 0.941747572815534.
[I 2026-03-24 15:30:40,098] Trial 344 finished with value: 0.941747572815534 and parameters: {'n_estimators': 255, 'max_depth': 30, 'learning_rate': 0.06530205268018734, 'reg_alpha': 2.9639626254439774e-07, 'reg_lambda': 0.07914642163141106, 'min_child_weight': 7}. Best is trial 0 with value: 0.941747572815534.
[I 2026-03-24 15:30:40,174] Trial 345 finished with value: 0.941747572815534 and parameters: {'n_estimators': 503, 'max_depth': 32, 'learning_rate': 0.08180604418478905, 'reg_alpha': 0.08923530518844439, 'reg_lambda': 1.0351652907925385e-07, 'min_child_weight': 8}. Best is trial 0 with value: 0.941747572815534.
[I 2026-03-24 15:30:40,248] Trial 346 finished with value: 0.941747572815534 and parameters: {'n_estimators': 464, 'max_depth': 38, 'learning_rate': 0.008806255106825747, 'reg_alpha': 0.0029910931897026375, 'reg_lambda': 4.5865737896820377e-05, 'min_child_weight': 2}. Best is trial 0 with value: 0.941747572815534.
[I 2026-03-24 15:30:40,373] Trial 347 finished with value: 0.941747572815534 and parameters: {'n_estimators': 950, 'max_depth': 8, 'learning_rate': 0.0023368451153593203, 'reg_alpha': 2.2813235210396922e-05, 'reg_lambda': 0.00010363950305748269, 'min_child_weight': 8}. Best is trial 0 with value: 0.941747572815534.
