[I 2026-03-24 15:36:54,545] Trial 265 finished with value: 0.941747572815534 and parameters: {'n_estimators': 312, 'max_depth': 9, 'learning_rate': 0.026069105010433198, 'reg_alpha': 3.5630681903916845e-08, 'reg_lambda': 5.390550486590486e-06, 'min_child_weight': 4}. Best is trial 0 with value: 0.941747572815534.
[I 2026-03-24 15:36:54,669] Trial 266 finished with value: 0.941747572815534 and parameters: {'n_estimators': 597, 'max_depth': 16, 'learning_rate': 0.016507360309548313, 'reg_alpha': 6.955522961948898e-07, 'reg_lambda': 0.00011655340607888537, 'min_child_weight': 6}. Best is trial 0 with value: 0.941747572815534.
[I 2026-03-24 15:36:54,759] Trial 267 finished with value: 0.941747572815534 and parameters: {'n_estimators': 373, 'max_depth': 18, 'learning_rate': 0.013281474770367124, 'reg_alpha': 2.508500910615862e-07, 'reg_lambda': 7.741124607838916e-07, 'min_child_weight': 8}. Best is trial 0 with value: 0.941747572815534.
[I 2026-03-24 15:36:54,881] Trial 268 finished with value: 0.941747572815534 and parameters: {'n_estimators': 573, 'max_depth': 45, 'learning_rate': 0.002271506483601844, 'reg_alpha': 0.000502005756112967, 'reg_lambda': 1.0242030134003084e-05, 'min_child_weight': 5}. Best is trial 0 with value: 0.941747572815534.
[I 2026-03-24 15:36:55,010] Trial 269 finished with value: 0.941747572815534 and parameters: {'n_estimators': 626, 'max_depth': 23, 'learning_rate': 0.006840297389914984, 'reg_alpha': 1.8669999513548313e-05, 'reg_lambda': 0.0005406937160757619, 'min_child_weight': 10}. Best is trial 0 with value: 0.941747572815534.
[I 2026-03-24 15:36:55,285] Trial 270 finished with value: 0.9405940594059405 and parameters: {'n_estimators': 658, 'max_depth': 39, 'learning_rate': 0.0031904697578426914, 'reg_alpha': 1.0786477970876982e-05, 'reg_lambda': 1.9212116922612456e-07, 'min_child_weight': 1}. Best is trial 0 with value: 0.941747572815534.
[I 2026-03-24 15:36:55,571] Trial 271 finished with value: 0.941747572815534 and parameters: {'n_estimators': 999, 'max_depth': 34, 'learning_rate': 0.001009560728956686, 'reg_alpha': 0.00023413991434233575, 'reg_lambda': 5.323188287568327e-07, 'min_child_weight': 4}. Best is trial 0 with value: 0.941747572815534.
[I 2026-03-24 15:36:55,640] Trial 272 finished with value: 0.941747572815534 and parameters: {'n_estimators': 253, 'max_depth': 31, 'learning_rate': 0.01898447640138473, 'reg_alpha': 0.15459316281954164, 'reg_lambda': 1.3480919607451955e-08, 'min_child_weight': 9}. Best is trial 0 with value: 0.941747572815534.
[I 2026-03-24 15:36:55,783] Trial 273 finished with value: 0.941747572815534 and parameters: {'n_estimators': 698, 'max_depth': 14, 'learning_rate': 0.031159821121101244, 'reg_alpha': 1.2211007008465665e-06, 'reg_lambda': 6.699924389909289e-08, 'min_child_weight': 6}. Best is trial 0 with value: 0.941747572815534.
[I 2026-03-24 15:36:55,850] Trial 274 finished with value: 0.941747572815534 and parameters: {'n_estimators': 237, 'max_depth': 25, 'learning_rate': 0.0024586611766115253, 'reg_alpha': 4.209971768601892e-06, 'reg_lambda': 2.1332506662810654e-06, 'min_child_weight': 7}. Best is trial 0 with value: 0.941747572815534.
[I 2026-03-24 15:36:55,955] Trial 275 finished with value: 0.941747572815534 and parameters: {'n_estimators': 485, 'max_depth': 7, 'learning_rate': 0.020365475014580015, 'reg_alpha': 0.06840356771784462, 'reg_lambda': 0.04284627312170622, 'min_child_weight': 8}. Best is trial 0 with value: 0.941747572815534.
[I 2026-03-24 15:36:56,071] Trial 276 finished with value: 0.941747572815534 and parameters: {'n_estimators': 531, 'max_depth': 15, 'learning_rate': 0.002129233377291197, 'reg_alpha': 1.0787604055187367e-07, 'reg_lambda': 0.0003122902090413096, 'min_child_weight': 10}. Best is trial 0 with value: 0.941747572815534.
[I 2026-03-24 15:36:56,157] Trial 277 finished with value: 0.941747572815534 and parameters: {'n_estimators': 358, 'max_depth': 47, 'learning_rate': 0.01551826428810624, 'reg_alpha': 9.9228591254031e-05, 'reg_lambda': 3.580555958079673e-06, 'min_child_weight': 9}. Best is trial 0 with value: 0.941747572815534.
[I 2026-03-24 15:36:56,262] Trial 278 finished with value: 0.941747572815534 and parameters: {'n_estimators': 298, 'max_depth': 37, 'learning_rate': 0.02831544841327662, 'reg_alpha': 2.447424527501235e-06, 'reg_lambda': 1.6100727430279997e-06, 'min_child_weight': 4}. Best is trial 0 with value: 0.941747572815534.
[I 2026-03-24 15:36:56,325] Trial 279 finished with value: 0.941747572815534 and parameters: {'n_estimators': 214, 'max_depth': 42, 'learning_rate': 0.08518703851150175, 'reg_alpha': 0.03385230886108806, 'reg_lambda': 0.0010339663133183499, 'min_child_weight': 6}. Best is trial 0 with value: 0.941747572815534.
[I 2026-03-24 15:36:56,506] Trial 280 finished with value: 0.941747572815534 and parameters: {'n_estimators': 911, 'max_depth': 12, 'learning_rate': 0.0224080945030836, 'reg_alpha': 0.002498408889641729, 'reg_lambda': 2.5402046775022183e-08, 'min_child_weight': 8}. Best is trial 0 with value: 0.941747572815534.
[I 2026-03-24 15:36:56,597] Trial 281 finished with value: 0.941747572815534 and parameters: {'n_estimators': 393, 'max_depth': 9, 'learning_rate': 0.001134273229768018, 'reg_alpha': 3.899568472493164e-05, 'reg_lambda': 0.004246724836826793, 'min_child_weight': 9}. Best is trial 0 with value: 0.941747572815534.
[I 2026-03-24 15:36:56,658] Trial 282 finished with value: 0.941747572815534 and parameters: {'n_estimators': 201, 'max_depth': 21, 'learning_rate': 0.01829845648334411, 'reg_alpha': 0.0004270249969183867, 'reg_lambda': 2.261723628550663e-05, 'min_child_weight': 5}. Best is trial 0 with value: 0.941747572815534.
[I 2026-03-24 15:36:56,729] Trial 283 finished with value: 0.941747572815534 and parameters: {'n_estimators': 269, 'max_depth': 41, 'learning_rate': 0.002940901930438747, 'reg_alpha': 0.39722815238247594, 'reg_lambda': 5.309708639995418e-05, 'min_child_weight': 7}. Best is trial 0 with value: 0.941747572815534.
[I 2026-03-24 15:36:56,973] Trial 284 finished with value: 0.941747572815534 and parameters: {'n_estimators': 736, 'max_depth': 19, 'learning_rate': 0.001616755988090506, 'reg_alpha': 0.0010275663058717701, 'reg_lambda': 9.312533898204033e-08, 'min_child_weight': 3}. Best is trial 0 with value: 0.941747572815534.
[I 2026-03-24 15:36:57,109] Trial 285 finished with value: 0.941747572815534 and parameters: {'n_estimators': 672, 'max_depth': 27, 'learning_rate': 0.03322292306100554, 'reg_alpha': 9.000220071368184e-06, 'reg_lambda': 0.0018041980092383238, 'min_child_weight': 10}. Best is trial 0 with value: 0.941747572815534.
[I 2026-03-24 15:36:57,207] Trial 286 finished with value: 0.941747572815534 and parameters: {'n_estimators': 445, 'max_depth': 11, 'learning_rate': 0.0546976373068704, 'reg_alpha': 4.912215284844895e-07, 'reg_lambda': 4.1423980656395207e-07, 'min_child_weight': 8}. Best is trial 0 with value: 0.941747572815534.
[I 2026-03-24 15:36:57,494] Trial 287 finished with value: 0.941747572815534 and parameters: {'n_estimators': 977, 'max_depth': 17, 'learning_rate': 0.012532709084480986, 'reg_alpha': 0.005117082208420432, 'reg_lambda': 0.018974962701837416, 'min_child_weight': 4}. Best is trial 0 with value: 0.941747572815534.
[I 2026-03-24 15:36:57,576] Trial 288 finished with value: 0.941747572815534 and parameters: {'n_estimators': 343, 'max_depth': 38, 'learning_rate': 0.01432853235802938, 'reg_alpha': 4.9826464902219335e-08, 'reg_lambda': 3.43632805745639e-05, 'min_child_weight': 6}. Best is trial 0 with value: 0.941747572815534.
[I 2026-03-24 15:36:57,741] Trial 289 finished with value: 0.941747572815534 and parameters: {'n_estimators': 839, 'max_depth': 7, 'learning_rate': 0.024525536934870546, 'reg_alpha': 1.4678269954905171e-06, 'reg_lambda': 6.502125313657667e-06, 'min_child_weight': 9}. Best is trial 0 with value: 0.941747572815534.
[I 2026-03-24 15:36:57,900] Trial 290 finished with value: 0.941747572815534 and parameters: {'n_estimators': 812, 'max_depth': 28, 'learning_rate': 0.003583920348373532, 'reg_alpha': 0.0018847986791097175, 'reg_lambda': 9.382001982300693e-07, 'min_child_weight': 5}. Best is trial 0 with value: 0.941747572815534.
[I 2026-03-24 15:36:57,993] Trial 291 finished with value: 0.941747572815534 and parameters: {'n_estimators': 409, 'max_depth': 13, 'learning_rate': 0.04048654209768634, 'reg_alpha': 0.00014239700589616734, 'reg_lambda': 4.343274682667798e-08, 'min_child_weight': 10}. Best is trial 0 with value: 0.941747572815534.
[I 2026-03-24 15:36:58,233] Trial 292 finished with value: 0.941747572815534 and parameters: {'n_estimators': 760, 'max_depth': 44, 'learning_rate': 0.001835156440541307, 'reg_alpha': 9.647301217189988e-07, 'reg_lambda': 1.4025402810477353e-05, 'min_child_weight': 3}. Best is trial 0 with value: 0.941747572815534.
[I 2026-03-24 15:36:58,374] Trial 293 finished with value: 0.941747572815534 and parameters: {'n_estimators': 715, 'max_depth': 35, 'learning_rate': 0.017226854819719747, 'reg_alpha': 3.2559310354726415e-06, 'reg_lambda': 1.5258063255016902e-07, 'min_child_weight': 9}. Best is trial 0 with value: 0.941747572815534.
[I 2026-03-24 15:36:58,452] Trial 294 finished with value: 0.941747572815534 and parameters: {'n_estimators': 316, 'max_depth': 30, 'learning_rate': 0.04756457461832547, 'reg_alpha': 0.00874827648816675, 'reg_lambda': 1.0010361703265887e-08, 'min_child_weight': 7}. Best is trial 0 with value: 0.941747572815534.
[I 2026-03-24 15:36:58,721] Trial 295 finished with value: 0.941747572815534 and parameters: {'n_estimators': 944, 'max_depth': 36, 'learning_rate': 0.009701242164464762, 'reg_alpha': 1.518044339713966e-08, 'reg_lambda': 1.7227602521652106e-08, 'min_child_weight': 4}. Best is trial 0 with value: 0.941747572815534.
[I 2026-03-24 15:36:58,786] Trial 296 finished with value: 0.941747572815534 and parameters: {'n_estimators': 227, 'max_depth': 6, 'learning_rate': 0.006496106034629023, 'reg_alpha': 2.032283965830673e-05, 'reg_lambda': 2.7958357373143874e-07, 'min_child_weight': 9}. Best is trial 0 with value: 0.941747572815534.
[I 2026-03-24 15:36:58,888] Trial 297 finished with value: 0.941747572815534 and parameters: {'n_estimators': 469, 'max_depth': 10, 'learning_rate': 0.011305547241882208, 'reg_alpha': 5.426325954047672e-06, 'reg_lambda': 8.738042411783395e-06, 'min_child_weight': 8}. Best is trial 0 with value: 0.941747572815534.
[I 2026-03-24 15:36:58,990] Trial 298 finished with value: 0.941747572815534 and parameters: {'n_estimators': 248, 'max_depth': 26, 'learning_rate': 0.004526964106679749, 'reg_alpha': 0.6666376659038912, 'reg_lambda': 0.00015835685449556929, 'min_child_weight': 2}. Best is trial 0 with value: 0.941747572815534.
[I 2026-03-24 15:36:59,061] Trial 299 finished with value: 0.941747572815534 and parameters: {'n_estimators': 282, 'max_depth': 33, 'learning_rate': 0.007475255408214454, 'reg_alpha': 0.00031377069276433277, 'reg_lambda': 0.1377807338419185, 'min_child_weight': 6}. Best is trial 0 with value: 0.941747572815534.
[I 2026-03-24 15:36:59,196] Trial 300 finished with value: 0.941747572815534 and parameters: {'n_estimators': 685, 'max_depth': 11, 'learning_rate': 0.008656604237425524, 'reg_alpha': 0.09664831352945553, 'reg_lambda': 6.445300274327038e-07, 'min_child_weight': 8}. Best is trial 0 with value: 0.941747572815534.
[I 2026-03-24 15:36:59,277] Trial 301 finished with value: 0.941747572815534 and parameters: {'n_estimators': 330, 'max_depth': 40, 'learning_rate': 0.021257979295449755, 'reg_alpha': 0.02072788971152757, 'reg_lambda': 0.009803733678926892, 'min_child_weight': 10}. Best is trial 0 with value: 0.941747572815534.
[I 2026-03-24 15:36:59,337] Trial 302 finished with value: 0.941747572815534 and parameters: {'n_estimators': 211, 'max_depth': 22, 'learning_rate': 0.002563234092315308, 'reg_alpha': 1.82379246973487e-06, 'reg_lambda': 9.356743120212044e-05, 'min_child_weight': 5}. Best is trial 0 with value: 0.941747572815534.
[I 2026-03-24 15:36:59,597] Trial 303 finished with value: 0.941747572815534 and parameters: {'n_estimators': 929, 'max_depth': 20, 'learning_rate': 0.0012845651981045814, 'reg_alpha': 0.00017902482897885023, 'reg_lambda': 7.598424492211985e-08, 'min_child_weight': 4}. Best is trial 0 with value: 0.941747572815534.
[I 2026-03-24 15:36:59,762] Trial 304 finished with value: 0.941747572815534 and parameters: {'n_estimators': 864, 'max_depth': 16, 'learning_rate': 0.005655842828156316, 'reg_alpha': 0.003659507375017673, 'reg_lambda': 4.219780691664192e-06, 'min_child_weight': 9}. Best is trial 0 with value: 0.941747572815534.
[I 2026-03-24 15:36:59,868] Trial 305 finished with value: 0.941747572815534 and parameters: {'n_estimators': 506, 'max_depth': 24, 'learning_rate': 0.001978713505138681, 'reg_alpha': 1.496634077901805e-07, 'reg_lambda': 2.6131961126904417e-06, 'min_child_weight': 7}. Best is trial 0 with value: 0.941747572815534.
[I 2026-03-24 15:36:59,998] Trial 306 finished with value: 0.941747572815534 and parameters: {'n_estimators': 648, 'max_depth': 29, 'learning_rate': 0.027424035594803272, 'reg_alpha': 7.218439651824831e-06, 'reg_lambda': 0.002748496160121449, 'min_child_weight': 6}. Best is trial 0 with value: 0.941747572815534.
[I 2026-03-24 15:37:00,084] Trial 307 finished with value: 0.941747572815534 and parameters: {'n_estimators': 379, 'max_depth': 38, 'learning_rate': 0.015438214634429029, 'reg_alpha': 0.0006821309017991677, 'reg_lambda': 3.150619833380348e-08, 'min_child_weight': 5}. Best is trial 0 with value: 0.941747572815534.
[I 2026-03-24 15:37:00,170] Trial 308 finished with value: 0.941747572815534 and parameters: {'n_estimators': 365, 'max_depth': 32, 'learning_rate': 0.01347815293452529, 'reg_alpha': 0.01242313480032747, 'reg_lambda': 3.781250657117528e-07, 'min_child_weight': 10}. Best is trial 0 with value: 0.941747572815534.
[I 2026-03-24 15:37:00,294] Trial 309 finished with value: 0.941747572815534 and parameters: {'n_estimators': 604, 'max_depth': 17, 'learning_rate': 0.019117836484741274, 'reg_alpha': 1.364781916335922e-05, 'reg_lambda': 6.406282330221553e-05, 'min_child_weight': 9}. Best is trial 0 with value: 0.941747572815534.
[I 2026-03-24 15:37:00,407] Trial 310 finished with value: 0.941747572815534 and parameters: {'n_estimators': 546, 'max_depth': 12, 'learning_rate': 0.0014955738846363748, 'reg_alpha': 6.59940456393335e-05, 'reg_lambda': 1.3986409797029234e-06, 'min_child_weight': 6}. Best is trial 0 with value: 0.941747572815534.
[I 2026-03-24 15:37:00,503] Trial 311 finished with value: 0.941747572815534 and parameters: {'n_estimators': 430, 'max_depth': 9, 'learning_rate': 0.016958125210918447, 'reg_alpha': 0.0011471668555011515, 'reg_lambda': 1.0927125376024188e-05, 'min_child_weight': 7}. Best is trial 0 with value: 0.941747572815534.
[I 2026-03-24 15:37:00,577] Trial 312 finished with value: 0.941747572815534 and parameters: {'n_estimators': 300, 'max_depth': 13, 'learning_rate': 0.023632139537556496, 'reg_alpha': 2.4115865106611927e-08, 'reg_lambda': 1.342894595211285e-07, 'min_child_weight': 8}. Best is trial 0 with value: 0.941747572815534.
[I 2026-03-24 15:37:00,676] Trial 313 finished with value: 0.9365853658536586 and parameters: {'n_estimators': 231, 'max_depth': 15, 'learning_rate': 0.03510347263277995, 'reg_alpha': 3.6031500288709116e-07, 'reg_lambda': 2.068563034648311e-05, 'min_child_weight': 2}. Best is trial 0 with value: 0.941747572815534.
[I 2026-03-24 15:37:00,769] Trial 314 finished with value: 0.941747572815534 and parameters: {'n_estimators': 260, 'max_depth': 43, 'learning_rate': 0.0022892517998476833, 'reg_alpha': 3.4295783320901234e-06, 'reg_lambda': 2.0473580527951727e-07, 'min_child_weight': 4}. Best is trial 0 with value: 0.941747572815534.
[I 2026-03-24 15:37:00,850] Trial 315 finished with value: 0.941747572815534 and parameters: {'n_estimators': 327, 'max_depth': 28, 'learning_rate': 0.012131974042332856, 'reg_alpha': 9.838518766022732e-07, 'reg_lambda': 0.00022010124027611565, 'min_child_weight': 10}. Best is trial 0 with value: 0.941747572815534.
[I 2026-03-24 15:37:00,939] Trial 316 finished with value: 0.941747572815534 and parameters: {'n_estimators': 350, 'max_depth': 34, 'learning_rate': 0.07813605852776168, 'reg_alpha': 7.543208804427367e-08, 'reg_lambda': 5.722649407509838e-07, 'min_child_weight': 8}. Best is trial 0 with value: 0.941747572815534.
[I 2026-03-24 15:37:01,116] Trial 317 finished with value: 0.941747572815534 and parameters: {'n_estimators': 882, 'max_depth': 24, 'learning_rate': 0.01051636716398103, 'reg_alpha': 6.02585433923516e-07, 'reg_lambda': 9.476406391996419e-07, 'min_child_weight': 9}. Best is trial 0 with value: 0.941747572815534.
[I 2026-03-24 15:37:01,207] Trial 318 finished with value: 0.941747572815534 and parameters: {'n_estimators': 244, 'max_depth': 36, 'learning_rate': 0.004120977030988638, 'reg_alpha': 0.0003599919344375482, 'reg_lambda': 0.0061607616402787535, 'min_child_weight': 4}. Best is trial 0 with value: 0.941747572815534.
[I 2026-03-24 15:37:01,369] Trial 319 finished with value: 0.941747572815534 and parameters: {'n_estimators': 829, 'max_depth': 48, 'learning_rate': 0.020145142566411405, 'reg_alpha': 0.0002156546926354417, 'reg_lambda': 0.0006251594685875049, 'min_child_weight': 6}. Best is trial 0 with value: 0.941747572815534.
[I 2026-03-24 15:37:01,462] Trial 320 finished with value: 0.941747572815534 and parameters: {'n_estimators': 397, 'max_depth': 8, 'learning_rate': 0.030281926304508485, 'reg_alpha': 3.0011201893783766e-05, 'reg_lambda': 4.9351019927646654e-08, 'min_child_weight': 5}. Best is trial 0 with value: 0.941747572815534.
[I 2026-03-24 15:37:01,592] Trial 321 finished with value: 0.941747572815534 and parameters: {'n_estimators': 627, 'max_depth': 18, 'learning_rate': 0.06300667109531563, 'reg_alpha': 2.3529732364303025e-06, 'reg_lambda': 3.698058296496216e-05, 'min_child_weight': 10}. Best is trial 0 with value: 0.941747572815534.
[I 2026-03-24 15:37:01,656] Trial 322 finished with value: 0.941747572815534 and parameters: {'n_estimators': 219, 'max_depth': 30, 'learning_rate': 0.0027664055605592422, 'reg_alpha': 0.0005656090385151129, 'reg_lambda': 0.00040611080351592806, 'min_child_weight': 7}. Best is trial 0 with value: 0.941747572815534.
[I 2026-03-24 15:37:01,734] Trial 323 finished with value: 0.941747572815534 and parameters: {'n_estimators': 285, 'max_depth': 21, 'learning_rate': 0.02492126271362621, 'reg_alpha': 2.489130647482849e-07, 'reg_lambda': 2.385717781423221e-08, 'min_child_weight': 9}. Best is trial 0 with value: 0.941747572815534.
[I 2026-03-24 15:37:01,862] Trial 324 finished with value: 0.941747572815534 and parameters: {'n_estimators': 577, 'max_depth': 37, 'learning_rate': 0.013463617796975538, 'reg_alpha': 1.2887845087051212e-06, 'reg_lambda': 1.8359772801231146e-06, 'min_child_weight': 8}. Best is trial 0 with value: 0.941747572815534.
[I 2026-03-24 15:37:02,080] Trial 325 finished with value: 0.9365853658536586 and parameters: {'n_estimators': 702, 'max_depth': 6, 'learning_rate': 0.015063894487502356, 'reg_alpha': 9.478384698164354e-05, 'reg_lambda': 6.216121548720524e-06, 'min_child_weight': 3}. Best is trial 0 with value: 0.941747572815534.
[I 2026-03-24 15:37:02,224] Trial 326 finished with value: 0.941747572815534 and parameters: {'n_estimators': 663, 'max_depth': 39, 'learning_rate': 0.008240664845593807, 'reg_alpha': 1.1297374460421457e-05, 'reg_lambda': 1.1167924696262156e-07, 'min_child_weight': 5}. Best is trial 0 with value: 0.941747572815534.
[I 2026-03-24 15:37:02,516] Trial 327 finished with value: 0.9365853658536586 and parameters: {'n_estimators': 901, 'max_depth': 14, 'learning_rate': 0.009575498430342668, 'reg_alpha': 7.305040773223996e-06, 'reg_lambda': 1.337942052609288e-05, 'min_child_weight': 3}. Best is trial 0 with value: 0.941747572815534.
[I 2026-03-24 15:37:02,598] Trial 328 finished with value: 0.941747572815534 and parameters: {'n_estimators': 306, 'max_depth': 19, 'learning_rate': 0.005124090319851788, 'reg_alpha': 0.20572221738928506, 'reg_lambda': 4.4385572559810605e-06, 'min_child_weight': 10}. Best is trial 0 with value: 0.941747572815534.
[I 2026-03-24 15:37:02,738] Trial 329 finished with value: 0.941747572815534 and parameters: {'n_estimators': 412, 'max_depth': 10, 'learning_rate': 0.017753915038455692, 'reg_alpha': 4.52739706460456e-06, 'reg_lambda': 0.0013621921755594055, 'min_child_weight': 4}. Best is trial 0 with value: 0.941747572815534.
[I 2026-03-24 15:37:02,933] Trial 330 finished with value: 0.941747572815534 and parameters: {'n_estimators': 959, 'max_depth': 27, 'learning_rate': 0.021661830359220632, 'reg_alpha': 7.768945011958351e-07, 'reg_lambda': 4.429801292794755e-07, 'min_child_weight': 6}. Best is trial 0 with value: 0.941747572815534.
[I 2026-03-24 15:37:03,039] Trial 331 finished with value: 0.941747572815534 and parameters: {'n_estimators': 453, 'max_depth': 33, 'learning_rate': 0.006131617024370232, 'reg_alpha': 4.8907710430054436e-05, 'reg_lambda': 0.00012112129208555248, 'min_child_weight': 9}. Best is trial 0 with value: 0.941747572815534.
[I 2026-03-24 15:37:03,202] Trial 332 finished with value: 0.941747572815534 and parameters: {'n_estimators': 801, 'max_depth': 25, 'learning_rate': 0.011718686417053854, 'reg_alpha': 0.006184157323738365, 'reg_lambda': 7.013067402070473e-07, 'min_child_weight': 7}. Best is trial 0 with value: 0.941747572815534.
[I 2026-03-24 15:37:03,267] Trial 333 finished with value: 0.941747572815534 and parameters: {'n_estimators': 202, 'max_depth': 23, 'learning_rate': 0.044526669163041974, 'reg_alpha': 0.03117904195191371, 'reg_lambda': 2.8002575921191835e-07, 'min_child_weight': 9}. Best is trial 0 with value: 0.941747572815534.
