[I 2026-03-24 15:39:21,244] Trial 43 finished with value: 0.9154228855721394 and parameters: {'n_estimators': 950, 'max_depth': 48, 'learning_rate': 0.0010347331423265968, 'reg_alpha': 0.00012974725342669422, 'reg_lambda': 1.6919287092702928e-06, 'min_child_weight': 9}. Best is trial 0 with value: 0.9154228855721394.
[I 2026-03-24 15:39:21,339] Trial 44 finished with value: 0.9154228855721394 and parameters: {'n_estimators': 646, 'max_depth': 40, 'learning_rate': 0.021501019623661424, 'reg_alpha': 6.511701834827588e-05, 'reg_lambda': 3.336216084713763e-08, 'min_child_weight': 5}. Best is trial 0 with value: 0.9154228855721394.
[I 2026-03-24 15:39:21,457] Trial 45 finished with value: 0.9154228855721394 and parameters: {'n_estimators': 804, 'max_depth': 37, 'learning_rate': 0.005266234511854494, 'reg_alpha': 6.825526809585403e-07, 'reg_lambda': 1.1582905557244581e-05, 'min_child_weight': 10}. Best is trial 0 with value: 0.9154228855721394.
[I 2026-03-24 15:39:21,583] Trial 46 finished with value: 0.9154228855721394 and parameters: {'n_estimators': 877, 'max_depth': 44, 'learning_rate': 0.015098917241810497, 'reg_alpha': 0.03351250574389591, 'reg_lambda': 4.047931736594422e-07, 'min_child_weight': 4}. Best is trial 0 with value: 0.9154228855721394.
[I 2026-03-24 15:39:21,652] Trial 47 finished with value: 0.9154228855721394 and parameters: {'n_estimators': 415, 'max_depth': 30, 'learning_rate': 0.00750075715270493, 'reg_alpha': 2.0039708707064902e-05, 'reg_lambda': 1.8472171399078816e-06, 'min_child_weight': 6}. Best is trial 0 with value: 0.9154228855721394.
[I 2026-03-24 15:39:21,730] Trial 48 finished with value: 0.9154228855721394 and parameters: {'n_estimators': 492, 'max_depth': 34, 'learning_rate': 0.002485179295724358, 'reg_alpha': 5.872872816231221e-06, 'reg_lambda': 3.056728027693735e-08, 'min_child_weight': 2}. Best is trial 0 with value: 0.9154228855721394.
[I 2026-03-24 15:39:21,787] Trial 49 finished with value: 0.9154228855721394 and parameters: {'n_estimators': 323, 'max_depth': 49, 'learning_rate': 0.0016399936080542473, 'reg_alpha': 2.5240434377560053e-07, 'reg_lambda': 0.13799956063163205, 'min_child_weight': 5}. Best is trial 0 with value: 0.9154228855721394.
[I 2026-03-24 15:39:21,837] Trial 50 finished with value: 0.9154228855721394 and parameters: {'n_estimators': 268, 'max_depth': 23, 'learning_rate': 0.004384221952711954, 'reg_alpha': 0.0003517710791915213, 'reg_lambda': 6.432867352129982e-07, 'min_child_weight': 7}. Best is trial 0 with value: 0.9154228855721394.
[I 2026-03-24 15:39:21,988] Trial 51 finished with value: 0.9154228855721394 and parameters: {'n_estimators': 765, 'max_depth': 30, 'learning_rate': 0.010392767615672854, 'reg_alpha': 1.0078813418500817e-05, 'reg_lambda': 3.45856883213823e-05, 'min_child_weight': 1}. Best is trial 0 with value: 0.9154228855721394.
[I 2026-03-24 15:39:22,125] Trial 52 finished with value: 0.9154228855721394 and parameters: {'n_estimators': 962, 'max_depth': 26, 'learning_rate': 0.023435250614585793, 'reg_alpha': 1.3112444659838397e-06, 'reg_lambda': 9.740069244431942e-05, 'min_child_weight': 3}. Best is trial 0 with value: 0.9154228855721394.
[I 2026-03-24 15:39:22,229] Trial 53 finished with value: 0.9154228855721394 and parameters: {'n_estimators': 701, 'max_depth': 37, 'learning_rate': 0.019160946555634592, 'reg_alpha': 3.3125689952711824e-05, 'reg_lambda': 0.0003462852472241152, 'min_child_weight': 2}. Best is trial 0 with value: 0.9154228855721394.
[I 2026-03-24 15:39:22,369] Trial 54 finished with value: 0.9154228855721394 and parameters: {'n_estimators': 899, 'max_depth': 19, 'learning_rate': 0.03152048887833336, 'reg_alpha': 2.5032346035329255e-06, 'reg_lambda': 0.00703857147263846, 'min_child_weight': 1}. Best is trial 0 with value: 0.9154228855721394.
[I 2026-03-24 15:39:22,486] Trial 55 finished with value: 0.9154228855721394 and parameters: {'n_estimators': 828, 'max_depth': 33, 'learning_rate': 0.011779484807886846, 'reg_alpha': 0.006013997194536414, 'reg_lambda': 9.584942233940687e-06, 'min_child_weight': 4}. Best is trial 0 with value: 0.9154228855721394.
[I 2026-03-24 15:39:22,586] Trial 56 finished with value: 0.9154228855721394 and parameters: {'n_estimators': 627, 'max_depth': 27, 'learning_rate': 0.003260982197405232, 'reg_alpha': 0.1798688986048846, 'reg_lambda': 3.122628936927616e-06, 'min_child_weight': 2}. Best is trial 0 with value: 0.9154228855721394.
[I 2026-03-24 15:39:22,633] Trial 57 finished with value: 0.9154228855721394 and parameters: {'n_estimators': 234, 'max_depth': 38, 'learning_rate': 0.008247278814255788, 'reg_alpha': 0.001385859819277781, 'reg_lambda': 1.026041380236741e-08, 'min_child_weight': 6}. Best is trial 0 with value: 0.9154228855721394.
[I 2026-03-24 15:39:22,697] Trial 58 finished with value: 0.9154228855721394 and parameters: {'n_estimators': 369, 'max_depth': 24, 'learning_rate': 0.005679864765962357, 'reg_alpha': 0.020040335928349213, 'reg_lambda': 6.248879099694871e-06, 'min_child_weight': 3}. Best is trial 0 with value: 0.9154228855721394.
[I 2026-03-24 15:39:22,751] Trial 59 finished with value: 0.9154228855721394 and parameters: {'n_estimators': 302, 'max_depth': 30, 'learning_rate': 0.013959573056406473, 'reg_alpha': 9.698199527588167e-05, 'reg_lambda': 1.1886186632001106e-07, 'min_child_weight': 8}. Best is trial 0 with value: 0.9154228855721394.
[I 2026-03-24 15:39:22,839] Trial 60 finished with value: 0.9154228855721394 and parameters: {'n_estimators': 564, 'max_depth': 42, 'learning_rate': 0.026965514685419096, 'reg_alpha': 0.0002463381636404977, 'reg_lambda': 0.0015859546090476327, 'min_child_weight': 7}. Best is trial 0 with value: 0.9154228855721394.
[I 2026-03-24 15:39:22,931] Trial 61 finished with value: 0.9154228855721394 and parameters: {'n_estimators': 625, 'max_depth': 14, 'learning_rate': 0.007033912310513412, 'reg_alpha': 3.077207088111597e-05, 'reg_lambda': 1.6393209651671238e-05, 'min_child_weight': 6}. Best is trial 0 with value: 0.9154228855721394.
[I 2026-03-24 15:39:22,975] Trial 62 finished with value: 0.9154228855721394 and parameters: {'n_estimators': 200, 'max_depth': 17, 'learning_rate': 0.011941981226729065, 'reg_alpha': 7.57267184186248e-06, 'reg_lambda': 9.168950176895639e-05, 'min_child_weight': 7}. Best is trial 0 with value: 0.9154228855721394.
[I 2026-03-24 15:39:23,051] Trial 63 finished with value: 0.9154228855721394 and parameters: {'n_estimators': 485, 'max_depth': 10, 'learning_rate': 0.016771529774309776, 'reg_alpha': 6.174204272333627e-05, 'reg_lambda': 0.00021276256584559964, 'min_child_weight': 5}. Best is trial 0 with value: 0.9154228855721394.
[I 2026-03-24 15:39:23,192] Trial 64 finished with value: 0.9154228855721394 and parameters: {'n_estimators': 978, 'max_depth': 35, 'learning_rate': 0.003916511673703468, 'reg_alpha': 4.732134088580174e-06, 'reg_lambda': 0.0006032806575175339, 'min_child_weight': 8}. Best is trial 0 with value: 0.9154228855721394.
[I 2026-03-24 15:39:23,261] Trial 65 finished with value: 0.9154228855721394 and parameters: {'n_estimators': 412, 'max_depth': 16, 'learning_rate': 0.0019444027984503215, 'reg_alpha': 0.00046983051575737617, 'reg_lambda': 2.3219351457606818e-05, 'min_child_weight': 7}. Best is trial 0 with value: 0.9154228855721394.
[I 2026-03-24 15:39:23,372] Trial 66 finished with value: 0.9154228855721394 and parameters: {'n_estimators': 778, 'max_depth': 32, 'learning_rate': 0.044322028745615194, 'reg_alpha': 0.0038685273241707008, 'reg_lambda': 0.009385449409875578, 'min_child_weight': 9}. Best is trial 0 with value: 0.9154228855721394.
[I 2026-03-24 15:39:23,505] Trial 67 finished with value: 0.9154228855721394 and parameters: {'n_estimators': 915, 'max_depth': 40, 'learning_rate': 0.00881388468732573, 'reg_alpha': 0.0009430775255298728, 'reg_lambda': 1.0918473048102609e-06, 'min_child_weight': 6}. Best is trial 0 with value: 0.9154228855721394.
[I 2026-03-24 15:39:23,587] Trial 68 finished with value: 0.9154228855721394 and parameters: {'n_estimators': 531, 'max_depth': 22, 'learning_rate': 0.004991541867624745, 'reg_alpha': 0.0001798960928641337, 'reg_lambda': 5.1808528394871764e-05, 'min_child_weight': 5}. Best is trial 0 with value: 0.9154228855721394.
[I 2026-03-24 15:39:23,696] Trial 69 finished with value: 0.9154228855721394 and parameters: {'n_estimators': 730, 'max_depth': 10, 'learning_rate': 0.0064514652444804844, 'reg_alpha': 2.1040630622211316e-05, 'reg_lambda': 4.0139429968444275e-07, 'min_child_weight': 7}. Best is trial 0 with value: 0.9154228855721394.
[I 2026-03-24 15:39:23,794] Trial 70 finished with value: 0.9154228855721394 and parameters: {'n_estimators': 664, 'max_depth': 46, 'learning_rate': 0.010644306858005395, 'reg_alpha': 3.350079142081868e-07, 'reg_lambda': 0.0012787219137133199, 'min_child_weight': 8}. Best is trial 0 with value: 0.9154228855721394.
[I 2026-03-24 15:39:23,858] Trial 71 finished with value: 0.9154228855721394 and parameters: {'n_estimators': 233, 'max_depth': 7, 'learning_rate': 0.01811413955689217, 'reg_alpha': 0.00011890778306348626, 'reg_lambda': 0.07216663437136847, 'min_child_weight': 1}. Best is trial 0 with value: 0.9154228855721394.
[I 2026-03-24 15:39:23,908] Trial 72 finished with value: 0.9154228855721394 and parameters: {'n_estimators': 259, 'max_depth': 12, 'learning_rate': 0.01360972597553372, 'reg_alpha': 0.46999500019570695, 'reg_lambda': 0.005003715159207944, 'min_child_weight': 2}. Best is trial 0 with value: 0.9154228855721394.
[I 2026-03-24 15:39:23,992] Trial 73 finished with value: 0.9154228855721394 and parameters: {'n_estimators': 350, 'max_depth': 12, 'learning_rate': 0.002556809648313928, 'reg_alpha': 1.0483877006375295e-08, 'reg_lambda': 0.018218017058374864, 'min_child_weight': 1}. Best is trial 0 with value: 0.9154228855721394.
[I 2026-03-24 15:39:24,120] Trial 74 finished with value: 0.9154228855721394 and parameters: {'n_estimators': 591, 'max_depth': 20, 'learning_rate': 0.015503258120266076, 'reg_alpha': 0.0010995057191623705, 'reg_lambda': 0.6418830924733901, 'min_child_weight': 1}. Best is trial 0 with value: 0.9154228855721394.
[I 2026-03-24 15:39:24,175] Trial 75 finished with value: 0.9154228855721394 and parameters: {'n_estimators': 281, 'max_depth': 8, 'learning_rate': 0.03695555500128736, 'reg_alpha': 0.011002551705291661, 'reg_lambda': 0.0020327475348996082, 'min_child_weight': 2}. Best is trial 0 with value: 0.9154228855721394.
[I 2026-03-24 15:39:24,223] Trial 76 finished with value: 0.9154228855721394 and parameters: {'n_estimators': 241, 'max_depth': 31, 'learning_rate': 0.0020896569286289407, 'reg_alpha': 0.0006032431372604282, 'reg_lambda': 0.03916569551234061, 'min_child_weight': 6}. Best is trial 0 with value: 0.9154228855721394.
[I 2026-03-24 15:39:24,284] Trial 77 finished with value: 0.9154228855721394 and parameters: {'n_estimators': 325, 'max_depth': 29, 'learning_rate': 0.0013747259040797941, 'reg_alpha': 2.475173667660195e-06, 'reg_lambda': 0.0003733847596297362, 'min_child_weight': 3}. Best is trial 0 with value: 0.9154228855721394.
[I 2026-03-24 15:39:24,409] Trial 78 finished with value: 0.9154228855721394 and parameters: {'n_estimators': 884, 'max_depth': 35, 'learning_rate': 0.08518527884836125, 'reg_alpha': 5.466873577735916e-05, 'reg_lambda': 0.000755559143374217, 'min_child_weight': 6}. Best is trial 0 with value: 0.9154228855721394.
[I 2026-03-24 15:39:24,498] Trial 79 finished with value: 0.9154228855721394 and parameters: {'n_estimators': 561, 'max_depth': 50, 'learning_rate': 0.020613778473568156, 'reg_alpha': 1.2571752456731738e-05, 'reg_lambda': 1.915701746910741e-07, 'min_child_weight': 7}. Best is trial 0 with value: 0.9154228855721394.
[I 2026-03-24 15:39:24,630] Trial 80 finished with value: 0.9154228855721394 and parameters: {'n_estimators': 936, 'max_depth': 44, 'learning_rate': 0.007798835211757371, 'reg_alpha': 1.2780381186835694e-06, 'reg_lambda': 5.300951695108193e-08, 'min_child_weight': 10}. Best is trial 0 with value: 0.9154228855721394.
[I 2026-03-24 15:39:24,726] Trial 81 finished with value: 0.9154228855721394 and parameters: {'n_estimators': 615, 'max_depth': 9, 'learning_rate': 0.009371457899296668, 'reg_alpha': 0.0025437480089575116, 'reg_lambda': 0.19527783880151478, 'min_child_weight': 9}. Best is trial 0 with value: 0.9154228855721394.
[I 2026-03-24 15:39:24,828] Trial 82 finished with value: 0.9154228855721394 and parameters: {'n_estimators': 686, 'max_depth': 6, 'learning_rate': 0.0048203330819540655, 'reg_alpha': 0.000354612502441811, 'reg_lambda': 0.25147810045635005, 'min_child_weight': 10}. Best is trial 0 with value: 0.9154228855721394.
[I 2026-03-24 15:39:24,929] Trial 83 finished with value: 0.9154228855721394 and parameters: {'n_estimators': 649, 'max_depth': 12, 'learning_rate': 0.005668276733070839, 'reg_alpha': 0.00013766924105768465, 'reg_lambda': 0.4055905690409539, 'min_child_weight': 9}. Best is trial 0 with value: 0.9154228855721394.
[I 2026-03-24 15:39:25,009] Trial 84 finished with value: 0.9154228855721394 and parameters: {'n_estimators': 508, 'max_depth': 14, 'learning_rate': 0.0032545511221361285, 'reg_alpha': 0.042161954339188124, 'reg_lambda': 0.00013782325649625083, 'min_child_weight': 10}. Best is trial 0 with value: 0.9154228855721394.
[I 2026-03-24 15:39:25,088] Trial 85 finished with value: 0.9154228855721394 and parameters: {'n_estimators': 467, 'max_depth': 10, 'learning_rate': 0.004281141690629763, 'reg_alpha': 4.8287710338896306e-05, 'reg_lambda': 0.06689818841658579, 'min_child_weight': 8}. Best is trial 0 with value: 0.9154228855721394.
[I 2026-03-24 15:39:25,195] Trial 86 finished with value: 0.9154228855721394 and parameters: {'n_estimators': 719, 'max_depth': 33, 'learning_rate': 0.003845881435942508, 'reg_alpha': 0.0038075967187304314, 'reg_lambda': 0.01765481626605192, 'min_child_weight': 4}. Best is trial 0 with value: 0.9154228855721394.
[I 2026-03-24 15:39:25,256] Trial 87 finished with value: 0.9154228855721394 and parameters: {'n_estimators': 216, 'max_depth': 27, 'learning_rate': 0.006572552071023619, 'reg_alpha': 2.0218881498334083e-05, 'reg_lambda': 7.311604883800471e-05, 'min_child_weight': 1}. Best is trial 0 with value: 0.9154228855721394.
[I 2026-03-24 15:39:25,377] Trial 88 finished with value: 0.9154228855721394 and parameters: {'n_estimators': 843, 'max_depth': 41, 'learning_rate': 0.005580901781847065, 'reg_alpha': 0.00023813957017815985, 'reg_lambda': 6.028165871300624e-06, 'min_child_weight': 9}. Best is trial 0 with value: 0.9154228855721394.
[I 2026-03-24 15:39:25,433] Trial 89 finished with value: 0.9154228855721394 and parameters: {'n_estimators': 286, 'max_depth': 48, 'learning_rate': 0.010931503211284046, 'reg_alpha': 9.346783000923497e-05, 'reg_lambda': 3.526893146336078e-05, 'min_child_weight': 5}. Best is trial 0 with value: 0.9154228855721394.
[I 2026-03-24 15:39:25,525] Trial 90 finished with value: 0.9154228855721394 and parameters: {'n_estimators': 591, 'max_depth': 38, 'learning_rate': 0.024423878764501906, 'reg_alpha': 0.0007819082547887884, 'reg_lambda': 3.4155665968818184e-06, 'min_child_weight': 6}. Best is trial 0 with value: 0.9154228855721394.
[I 2026-03-24 15:39:25,583] Trial 91 finished with value: 0.9154228855721394 and parameters: {'n_estimators': 301, 'max_depth': 46, 'learning_rate': 0.007377100585141722, 'reg_alpha': 2.180386356991922e-08, 'reg_lambda': 1.221094754225392e-06, 'min_child_weight': 9}. Best is trial 0 with value: 0.9154228855721394.
[I 2026-03-24 15:39:25,636] Trial 92 finished with value: 0.9154228855721394 and parameters: {'n_estimators': 262, 'max_depth': 43, 'learning_rate': 0.00943124007558008, 'reg_alpha': 3.3399528933634095e-08, 'reg_lambda': 3.338229444609402e-07, 'min_child_weight': 10}. Best is trial 0 with value: 0.9154228855721394.
[I 2026-03-24 15:39:25,706] Trial 93 finished with value: 0.9154228855721394 and parameters: {'n_estimators': 386, 'max_depth': 36, 'learning_rate': 0.008178530747373552, 'reg_alpha': 2.493452098964193e-07, 'reg_lambda': 1.763106452157159e-08, 'min_child_weight': 8}. Best is trial 0 with value: 0.9154228855721394.
[I 2026-03-24 15:39:25,853] Trial 94 finished with value: 0.9154228855721394 and parameters: {'n_estimators': 993, 'max_depth': 42, 'learning_rate': 0.0028110737465223603, 'reg_alpha': 0.0016623107597213515, 'reg_lambda': 5.376045685699845e-07, 'min_child_weight': 7}. Best is trial 0 with value: 0.9154228855721394.
[I 2026-03-24 15:39:25,943] Trial 95 finished with value: 0.9154228855721394 and parameters: {'n_estimators': 547, 'max_depth': 40, 'learning_rate': 0.012293871888722406, 'reg_alpha': 7.006243653819416e-08, 'reg_lambda': 2.0434036030237088e-07, 'min_child_weight': 9}. Best is trial 0 with value: 0.9154228855721394.
[I 2026-03-24 15:39:26,016] Trial 96 finished with value: 0.9154228855721394 and parameters: {'n_estimators': 426, 'max_depth': 25, 'learning_rate': 0.0147507678163287, 'reg_alpha': 0.0004121594380310753, 'reg_lambda': 2.1989748345361062e-06, 'min_child_weight': 10}. Best is trial 0 with value: 0.9154228855721394.
[I 2026-03-24 15:39:26,118] Trial 97 finished with value: 0.9154228855721394 and parameters: {'n_estimators': 644, 'max_depth': 33, 'learning_rate': 0.006135235175444899, 'reg_alpha': 0.07149067132492175, 'reg_lambda': 1.0164328168332358e-06, 'min_child_weight': 8}. Best is trial 0 with value: 0.9154228855721394.
[I 2026-03-24 15:39:26,180] Trial 98 finished with value: 0.9154228855721394 and parameters: {'n_estimators': 218, 'max_depth': 44, 'learning_rate': 0.003320163711675866, 'reg_alpha': 7.976962047783371e-06, 'reg_lambda': 0.0036723261713645723, 'min_child_weight': 1}. Best is trial 0 with value: 0.9154228855721394.
[I 2026-03-24 15:39:26,243] Trial 99 finished with value: 0.9154228855721394 and parameters: {'n_estimators': 333, 'max_depth': 16, 'learning_rate': 0.0070791660376117406, 'reg_alpha': 2.9301734678717676e-05, 'reg_lambda': 0.0001952237878761566, 'min_child_weight': 3}. Best is trial 0 with value: 0.9154228855721394.
[I 2026-03-24 15:39:26,345] Trial 100 finished with value: 0.9154228855721394 and parameters: {'n_estimators': 675, 'max_depth': 29, 'learning_rate': 0.012655203702326366, 'reg_alpha': 0.00016533417548566582, 'reg_lambda': 6.751199445431268e-08, 'min_child_weight': 5}. Best is trial 0 with value: 0.9154228855721394.
[I 2026-03-24 15:39:26,444] Trial 101 finished with value: 0.9154228855721394 and parameters: {'n_estimators': 609, 'max_depth': 19, 'learning_rate': 0.06237504385863627, 'reg_alpha': 0.5680778953411179, 'reg_lambda': 8.552539752769555e-08, 'min_child_weight': 4}. Best is trial 0 with value: 0.9154228855721394.
[I 2026-03-24 15:39:26,514] Trial 102 finished with value: 0.9154228855721394 and parameters: {'n_estimators': 385, 'max_depth': 23, 'learning_rate': 0.008684999290413258, 'reg_alpha': 0.29236357456701145, 'reg_lambda': 1.8885681094609004e-07, 'min_child_weight': 2}. Best is trial 0 with value: 0.9154228855721394.
[I 2026-03-24 15:39:26,601] Trial 103 finished with value: 0.9154228855721394 and parameters: {'n_estimators': 517, 'max_depth': 21, 'learning_rate': 0.08865269029120657, 'reg_alpha': 7.960568483172924e-05, 'reg_lambda': 8.336009613174479e-07, 'min_child_weight': 7}. Best is trial 0 with value: 0.9154228855721394.
[I 2026-03-24 15:39:26,661] Trial 104 finished with value: 0.9154228855721394 and parameters: {'n_estimators': 311, 'max_depth': 18, 'learning_rate': 0.05080607449139139, 'reg_alpha': 0.14053491689795045, 'reg_lambda': 0.0004364291853495538, 'min_child_weight': 5}. Best is trial 0 with value: 0.9154228855721394.
[I 2026-03-24 15:39:26,740] Trial 105 finished with value: 0.9154228855721394 and parameters: {'n_estimators': 442, 'max_depth': 11, 'learning_rate': 0.06824779982873526, 'reg_alpha': 0.00027344204075208735, 'reg_lambda': 0.0009012733342946739, 'min_child_weight': 6}. Best is trial 0 with value: 0.9154228855721394.
[I 2026-03-24 15:39:26,831] Trial 106 finished with value: 0.9154228855721394 and parameters: {'n_estimators': 580, 'max_depth': 15, 'learning_rate': 0.00468318132383796, 'reg_alpha': 0.0005090611991660923, 'reg_lambda': 0.01018158378877112, 'min_child_weight': 4}. Best is trial 0 with value: 0.9154228855721394.
[I 2026-03-24 15:39:26,886] Trial 107 finished with value: 0.9154228855721394 and parameters: {'n_estimators': 248, 'max_depth': 8, 'learning_rate': 0.0017509729960493666, 'reg_alpha': 0.003932183617091016, 'reg_lambda': 3.228437873576269e-08, 'min_child_weight': 2}. Best is trial 0 with value: 0.9154228855721394.
[I 2026-03-24 15:39:27,006] Trial 108 finished with value: 0.9154228855721394 and parameters: {'n_estimators': 822, 'max_depth': 39, 'learning_rate': 0.02805903339576291, 'reg_alpha': 0.008740680631544748, 'reg_lambda': 4.719823283938485e-07, 'min_child_weight': 8}. Best is trial 0 with value: 0.9154228855721394.
[I 2026-03-24 15:39:27,087] Trial 109 finished with value: 0.9154228855721394 and parameters: {'n_estimators': 468, 'max_depth': 31, 'learning_rate': 0.0052588802619759805, 'reg_alpha': 0.01863689873884692, 'reg_lambda': 0.030476228399241755, 'min_child_weight': 3}. Best is trial 0 with value: 0.9154228855721394.
[I 2026-03-24 15:39:27,199] Trial 110 finished with value: 0.9154228855721394 and parameters: {'n_estimators': 746, 'max_depth': 47, 'learning_rate': 0.010160870704070627, 'reg_alpha': 3.744098958951305e-05, 'reg_lambda': 2.6953486226250373e-07, 'min_child_weight': 9}. Best is trial 0 with value: 0.9154228855721394.
[I 2026-03-24 15:39:27,387] Trial 111 finished with value: 0.9154228855721394 and parameters: {'n_estimators': 968, 'max_depth': 49, 'learning_rate': 0.037893525070602986, 'reg_alpha': 0.23596845784365006, 'reg_lambda': 2.612297585119919e-06, 'min_child_weight': 1}. Best is trial 0 with value: 0.9154228855721394.
