[I 2026-03-24 15:42:54,036] Trial 589 finished with value: 0.92 and parameters: {'n_estimators': 741, 'max_depth': 30, 'learning_rate': 0.003686773381363217, 'reg_alpha': 0.038178259725871556, 'reg_lambda': 0.00022666949717218922, 'min_child_weight': 1}. Best is trial 112 with value: 0.92.
[I 2026-03-24 15:42:54,299] Trial 590 finished with value: 0.914572864321608 and parameters: {'n_estimators': 990, 'max_depth': 33, 'learning_rate': 0.005769484880851982, 'reg_alpha': 0.16467788998908486, 'reg_lambda': 5.172258531982208e-05, 'min_child_weight': 1}. Best is trial 112 with value: 0.92.
[I 2026-03-24 15:42:54,573] Trial 591 finished with value: 0.92 and parameters: {'n_estimators': 1000, 'max_depth': 34, 'learning_rate': 0.003288777403748226, 'reg_alpha': 0.07144146030123405, 'reg_lambda': 1.1061202426875024e-06, 'min_child_weight': 1}. Best is trial 112 with value: 0.92.
[I 2026-03-24 15:42:54,840] Trial 592 finished with value: 0.92 and parameters: {'n_estimators': 949, 'max_depth': 31, 'learning_rate': 0.004470655335673827, 'reg_alpha': 0.015165478984125253, 'reg_lambda': 9.844693563255223e-05, 'min_child_weight': 1}. Best is trial 112 with value: 0.92.
[I 2026-03-24 15:42:55,104] Trial 593 finished with value: 0.92 and parameters: {'n_estimators': 971, 'max_depth': 32, 'learning_rate': 0.004024696277255153, 'reg_alpha': 0.047841727152810855, 'reg_lambda': 2.8784068715644263e-05, 'min_child_weight': 1}. Best is trial 112 with value: 0.92.
[I 2026-03-24 15:42:55,374] Trial 594 finished with value: 0.92 and parameters: {'n_estimators': 911, 'max_depth': 33, 'learning_rate': 0.0031622869531407385, 'reg_alpha': 0.11475289224758788, 'reg_lambda': 0.00037567068272688933, 'min_child_weight': 1}. Best is trial 112 with value: 0.92.
[I 2026-03-24 15:42:55,625] Trial 595 finished with value: 0.9154228855721394 and parameters: {'n_estimators': 986, 'max_depth': 30, 'learning_rate': 0.0037519673265733705, 'reg_alpha': 0.0314180756274464, 'reg_lambda': 4.161590256854021e-05, 'min_child_weight': 2}. Best is trial 112 with value: 0.92.
[I 2026-03-24 15:42:55,894] Trial 596 finished with value: 0.92 and parameters: {'n_estimators': 959, 'max_depth': 29, 'learning_rate': 0.004294375258969768, 'reg_alpha': 0.06209501665951024, 'reg_lambda': 7.397086524249112e-05, 'min_child_weight': 1}. Best is trial 112 with value: 0.92.
[I 2026-03-24 15:42:56,175] Trial 597 finished with value: 0.92 and parameters: {'n_estimators': 1000, 'max_depth': 32, 'learning_rate': 0.0034556964225485195, 'reg_alpha': 0.02172550687043465, 'reg_lambda': 1.8096085457253877e-05, 'min_child_weight': 1}. Best is trial 112 with value: 0.92.
[I 2026-03-24 15:42:56,365] Trial 598 finished with value: 0.92 and parameters: {'n_estimators': 647, 'max_depth': 31, 'learning_rate': 0.004740833754337206, 'reg_alpha': 0.09060005299013126, 'reg_lambda': 0.00012110118588656306, 'min_child_weight': 1}. Best is trial 112 with value: 0.92.
[I 2026-03-24 15:42:56,656] Trial 599 finished with value: 0.92 and parameters: {'n_estimators': 975, 'max_depth': 33, 'learning_rate': 0.0022505148117650054, 'reg_alpha': 0.00014260177933685147, 'reg_lambda': 5.682110832054777e-05, 'min_child_weight': 1}. Best is trial 112 with value: 0.92.
[I 2026-03-24 15:42:56,927] Trial 600 finished with value: 0.92 and parameters: {'n_estimators': 944, 'max_depth': 32, 'learning_rate': 0.0026647924651208533, 'reg_alpha': 0.04208363220297488, 'reg_lambda': 0.086065859611053, 'min_child_weight': 1}. Best is trial 112 with value: 0.92.
[I 2026-03-24 15:42:57,127] Trial 601 finished with value: 0.9154228855721394 and parameters: {'n_estimators': 1000, 'max_depth': 34, 'learning_rate': 0.0039561427022321155, 'reg_alpha': 0.7397383190146563, 'reg_lambda': 3.5970886451569066e-05, 'min_child_weight': 2}. Best is trial 112 with value: 0.92.
[I 2026-03-24 15:42:57,395] Trial 602 finished with value: 0.92 and parameters: {'n_estimators': 965, 'max_depth': 31, 'learning_rate': 0.004212707713226918, 'reg_alpha': 0.03295613328449559, 'reg_lambda': 2.390636468090099e-05, 'min_child_weight': 1}. Best is trial 112 with value: 0.92.
[I 2026-03-24 15:42:57,667] Trial 603 finished with value: 0.92 and parameters: {'n_estimators': 982, 'max_depth': 35, 'learning_rate': 0.003484292890063195, 'reg_alpha': 0.0573600082573022, 'reg_lambda': 1.3497518146396723e-05, 'min_child_weight': 1}. Best is trial 112 with value: 0.92.
[I 2026-03-24 15:42:57,937] Trial 604 finished with value: 0.914572864321608 and parameters: {'n_estimators': 978, 'max_depth': 36, 'learning_rate': 0.005059186399341061, 'reg_alpha': 0.021480808701346527, 'reg_lambda': 8.692515465099477e-05, 'min_child_weight': 1}. Best is trial 112 with value: 0.92.
[I 2026-03-24 15:42:58,198] Trial 605 finished with value: 0.92 and parameters: {'n_estimators': 956, 'max_depth': 32, 'learning_rate': 0.0037658328949182938, 'reg_alpha': 0.08002619934792528, 'reg_lambda': 5.4709296304731186e-05, 'min_child_weight': 1}. Best is trial 112 with value: 0.92.
[I 2026-03-24 15:42:58,472] Trial 606 finished with value: 0.92 and parameters: {'n_estimators': 933, 'max_depth': 30, 'learning_rate': 0.0029031446264122574, 'reg_alpha': 0.009557945500418021, 'reg_lambda': 2.9092094862607304e-05, 'min_child_weight': 1}. Best is trial 112 with value: 0.92.
[I 2026-03-24 15:42:58,744] Trial 607 finished with value: 0.92 and parameters: {'n_estimators': 979, 'max_depth': 33, 'learning_rate': 0.004492006381079196, 'reg_alpha': 0.2756173678581219, 'reg_lambda': 7.963593679396747e-06, 'min_child_weight': 1}. Best is trial 112 with value: 0.92.
[I 2026-03-24 15:42:59,023] Trial 608 finished with value: 0.92 and parameters: {'n_estimators': 1000, 'max_depth': 29, 'learning_rate': 0.0031736757009136135, 'reg_alpha': 0.04715812721716958, 'reg_lambda': 0.00016539778351367995, 'min_child_weight': 1}. Best is trial 112 with value: 0.92.
[I 2026-03-24 15:42:59,288] Trial 609 finished with value: 0.92 and parameters: {'n_estimators': 962, 'max_depth': 34, 'learning_rate': 0.003805251962939314, 'reg_alpha': 0.13320189279723102, 'reg_lambda': 4.327554617861379e-05, 'min_child_weight': 1}. Best is trial 112 with value: 0.92.
[I 2026-03-24 15:42:59,526] Trial 610 finished with value: 0.9154228855721394 and parameters: {'n_estimators': 986, 'max_depth': 31, 'learning_rate': 0.0034456156416039704, 'reg_alpha': 0.03209381319624501, 'reg_lambda': 7.32136847582462e-05, 'min_child_weight': 2}. Best is trial 112 with value: 0.92.
[I 2026-03-24 15:42:59,754] Trial 611 finished with value: 0.92 and parameters: {'n_estimators': 804, 'max_depth': 33, 'learning_rate': 0.004141195267275011, 'reg_alpha': 0.05446704018867913, 'reg_lambda': 3.812785125692787e-05, 'min_child_weight': 1}. Best is trial 112 with value: 0.92.
[I 2026-03-24 15:43:00,013] Trial 612 finished with value: 0.914572864321608 and parameters: {'n_estimators': 967, 'max_depth': 30, 'learning_rate': 0.005356998596485731, 'reg_alpha': 0.08214033077475826, 'reg_lambda': 0.0001055798252530124, 'min_child_weight': 1}. Best is trial 112 with value: 0.92.
[I 2026-03-24 15:43:00,279] Trial 613 finished with value: 0.92 and parameters: {'n_estimators': 945, 'max_depth': 32, 'learning_rate': 0.004615491757348901, 'reg_alpha': 0.014216113076754277, 'reg_lambda': 2.18472335015394e-05, 'min_child_weight': 1}. Best is trial 112 with value: 0.92.
[I 2026-03-24 15:43:00,442] Trial 614 finished with value: 0.9154228855721394 and parameters: {'n_estimators': 986, 'max_depth': 32, 'learning_rate': 0.0040459840197183605, 'reg_alpha': 0.025687965444007713, 'reg_lambda': 5.7417900831117725e-05, 'min_child_weight': 9}. Best is trial 112 with value: 0.92.
[I 2026-03-24 15:43:00,722] Trial 615 finished with value: 0.92 and parameters: {'n_estimators': 1000, 'max_depth': 31, 'learning_rate': 0.0032573666527182855, 'reg_alpha': 0.03990782682748166, 'reg_lambda': 2.9927571489857465e-05, 'min_child_weight': 1}. Best is trial 112 with value: 0.92.
[I 2026-03-24 15:43:01,012] Trial 616 finished with value: 0.92 and parameters: {'n_estimators': 970, 'max_depth': 35, 'learning_rate': 0.0036761963224619023, 'reg_alpha': 1.1098057767834358e-07, 'reg_lambda': 0.00026907129292499585, 'min_child_weight': 1}. Best is trial 112 with value: 0.92.
[I 2026-03-24 15:43:01,203] Trial 617 finished with value: 0.9154228855721394 and parameters: {'n_estimators': 622, 'max_depth': 33, 'learning_rate': 0.002407627690258561, 'reg_alpha': 0.1847842696120894, 'reg_lambda': 1.556986160220805e-05, 'min_child_weight': 1}. Best is trial 112 with value: 0.92.
[I 2026-03-24 15:43:01,474] Trial 618 finished with value: 0.92 and parameters: {'n_estimators': 951, 'max_depth': 30, 'learning_rate': 0.002868876906245312, 'reg_alpha': 0.06744113897824953, 'reg_lambda': 6.783939935763682e-05, 'min_child_weight': 1}. Best is trial 112 with value: 0.92.
[I 2026-03-24 15:43:01,743] Trial 619 finished with value: 0.92 and parameters: {'n_estimators': 985, 'max_depth': 33, 'learning_rate': 0.004231990210154596, 'reg_alpha': 0.12159501157230408, 'reg_lambda': 3.8853171337183254e-05, 'min_child_weight': 1}. Best is trial 112 with value: 0.92.
[I 2026-03-24 15:43:02,013] Trial 620 finished with value: 0.914572864321608 and parameters: {'n_estimators': 972, 'max_depth': 27, 'learning_rate': 0.00492568387237483, 'reg_alpha': 0.018044407099010416, 'reg_lambda': 0.00010021312217336533, 'min_child_weight': 1}. Best is trial 112 with value: 0.92.
[I 2026-03-24 15:43:02,250] Trial 621 finished with value: 0.9154228855721394 and parameters: {'n_estimators': 986, 'max_depth': 31, 'learning_rate': 0.0034671205958689564, 'reg_alpha': 0.042535492406589825, 'reg_lambda': 0.00014918240047350251, 'min_child_weight': 2}. Best is trial 112 with value: 0.92.
[I 2026-03-24 15:43:02,521] Trial 622 finished with value: 0.92 and parameters: {'n_estimators': 924, 'max_depth': 32, 'learning_rate': 0.0031272848386511426, 'reg_alpha': 0.029595886514325896, 'reg_lambda': 5.455533377823676e-05, 'min_child_weight': 1}. Best is trial 112 with value: 0.92.
[I 2026-03-24 15:43:02,787] Trial 623 finished with value: 0.92 and parameters: {'n_estimators': 955, 'max_depth': 29, 'learning_rate': 0.003913993532589852, 'reg_alpha': 0.058352847865742276, 'reg_lambda': 2.429862666863349e-05, 'min_child_weight': 1}. Best is trial 112 with value: 0.92.
[I 2026-03-24 15:43:03,060] Trial 624 finished with value: 0.92 and parameters: {'n_estimators': 1000, 'max_depth': 34, 'learning_rate': 0.004262021431417315, 'reg_alpha': 0.08944680047386667, 'reg_lambda': 3.7472618926048037e-05, 'min_child_weight': 1}. Best is trial 112 with value: 0.92.
[I 2026-03-24 15:43:03,332] Trial 625 finished with value: 0.92 and parameters: {'n_estimators': 969, 'max_depth': 31, 'learning_rate': 0.003676826702730682, 'reg_alpha': 0.041271100728713046, 'reg_lambda': 8.42186108940641e-05, 'min_child_weight': 1}. Best is trial 112 with value: 0.92.
[I 2026-03-24 15:43:03,605] Trial 626 finished with value: 0.92 and parameters: {'n_estimators': 982, 'max_depth': 32, 'learning_rate': 0.004758034073742511, 'reg_alpha': 0.02525093858625967, 'reg_lambda': 0.4922446494152698, 'min_child_weight': 1}. Best is trial 112 with value: 0.92.
[I 2026-03-24 15:43:03,750] Trial 627 finished with value: 0.9154228855721394 and parameters: {'n_estimators': 439, 'max_depth': 34, 'learning_rate': 0.002767558515912221, 'reg_alpha': 0.06642241880563096, 'reg_lambda': 4.872391792077529e-05, 'min_child_weight': 1}. Best is trial 112 with value: 0.92.
[I 2026-03-24 15:43:04,013] Trial 628 finished with value: 0.92 and parameters: {'n_estimators': 939, 'max_depth': 33, 'learning_rate': 0.003428870413041542, 'reg_alpha': 0.1050699573916985, 'reg_lambda': 1.9303622197249748e-05, 'min_child_weight': 1}. Best is trial 112 with value: 0.92.
[I 2026-03-24 15:43:04,139] Trial 629 finished with value: 0.9154228855721394 and parameters: {'n_estimators': 363, 'max_depth': 30, 'learning_rate': 0.004476012869912591, 'reg_alpha': 0.03519242542028484, 'reg_lambda': 1.2805009968487265e-08, 'min_child_weight': 1}. Best is trial 112 with value: 0.92.
[I 2026-03-24 15:43:04,346] Trial 630 finished with value: 0.92 and parameters: {'n_estimators': 662, 'max_depth': 33, 'learning_rate': 0.0038058956018284735, 'reg_alpha': 0.019138295432527166, 'reg_lambda': 0.0009974196610784535, 'min_child_weight': 1}. Best is trial 112 with value: 0.92.
[I 2026-03-24 15:43:04,578] Trial 631 finished with value: 0.9154228855721394 and parameters: {'n_estimators': 960, 'max_depth': 32, 'learning_rate': 0.003101903183399854, 'reg_alpha': 0.05198661868833478, 'reg_lambda': 2.9516862718528875e-05, 'min_child_weight': 2}. Best is trial 112 with value: 0.92.
[I 2026-03-24 15:43:04,852] Trial 632 finished with value: 0.92 and parameters: {'n_estimators': 986, 'max_depth': 29, 'learning_rate': 0.004081353430820694, 'reg_alpha': 0.028970416516120447, 'reg_lambda': 6.228734083402205e-05, 'min_child_weight': 1}. Best is trial 112 with value: 0.92.
[I 2026-03-24 15:43:05,127] Trial 633 finished with value: 0.92 and parameters: {'n_estimators': 1000, 'max_depth': 28, 'learning_rate': 0.003562894700312566, 'reg_alpha': 0.08417698221142739, 'reg_lambda': 1.0631838784287888e-05, 'min_child_weight': 1}. Best is trial 112 with value: 0.92.
[I 2026-03-24 15:43:05,395] Trial 634 finished with value: 0.914572864321608 and parameters: {'n_estimators': 971, 'max_depth': 33, 'learning_rate': 0.005184779255575358, 'reg_alpha': 0.01291005918802436, 'reg_lambda': 0.00012983621255988794, 'min_child_weight': 1}. Best is trial 112 with value: 0.92.
[I 2026-03-24 15:43:05,653] Trial 635 finished with value: 0.914572864321608 and parameters: {'n_estimators': 952, 'max_depth': 31, 'learning_rate': 0.005772354220951998, 'reg_alpha': 0.046949804232272824, 'reg_lambda': 0.00020852159312337513, 'min_child_weight': 1}. Best is trial 112 with value: 0.92.
[I 2026-03-24 15:43:05,920] Trial 636 finished with value: 0.92 and parameters: {'n_estimators': 976, 'max_depth': 34, 'learning_rate': 0.004451361071881302, 'reg_alpha': 0.143406695395477, 'reg_lambda': 4.3617801639466165e-05, 'min_child_weight': 1}. Best is trial 112 with value: 0.92.
[I 2026-03-24 15:43:06,205] Trial 637 finished with value: 0.92 and parameters: {'n_estimators': 986, 'max_depth': 30, 'learning_rate': 0.002049472603777017, 'reg_alpha': 0.06290325020486155, 'reg_lambda': 8.239204516946708e-05, 'min_child_weight': 1}. Best is trial 112 with value: 0.92.
[I 2026-03-24 15:43:06,468] Trial 638 finished with value: 0.92 and parameters: {'n_estimators': 933, 'max_depth': 32, 'learning_rate': 0.003985571763609605, 'reg_alpha': 0.03496568600682865, 'reg_lambda': 2.625049929788616e-05, 'min_child_weight': 1}. Best is trial 112 with value: 0.92.
[I 2026-03-24 15:43:06,748] Trial 639 finished with value: 0.92 and parameters: {'n_estimators': 958, 'max_depth': 32, 'learning_rate': 0.0032347175965113414, 'reg_alpha': 0.02549425490726406, 'reg_lambda': 1.758112436270186e-05, 'min_child_weight': 1}. Best is trial 112 with value: 0.92.
[I 2026-03-24 15:43:07,034] Trial 640 finished with value: 0.92 and parameters: {'n_estimators': 975, 'max_depth': 35, 'learning_rate': 0.0025128947694326707, 'reg_alpha': 0.04797602220717475, 'reg_lambda': 3.7172580747469824e-05, 'min_child_weight': 1}. Best is trial 112 with value: 0.92.
[I 2026-03-24 15:43:07,218] Trial 641 finished with value: 0.92 and parameters: {'n_estimators': 587, 'max_depth': 31, 'learning_rate': 0.003602696111133765, 'reg_alpha': 0.07039931636659566, 'reg_lambda': 5.8501384209961705e-05, 'min_child_weight': 1}. Best is trial 112 with value: 0.92.
[I 2026-03-24 15:43:07,350] Trial 642 finished with value: 0.9154228855721394 and parameters: {'n_estimators': 482, 'max_depth': 10, 'learning_rate': 0.00395110210230395, 'reg_alpha': 0.21431932942257498, 'reg_lambda': 4.683276416107585e-05, 'min_child_weight': 2}. Best is trial 112 with value: 0.92.
[I 2026-03-24 15:43:07,581] Trial 643 finished with value: 0.914572864321608 and parameters: {'n_estimators': 988, 'max_depth': 31, 'learning_rate': 0.06352868059086261, 'reg_alpha': 0.10348981535328454, 'reg_lambda': 0.00010143618212840214, 'min_child_weight': 1}. Best is trial 112 with value: 0.92.
[I 2026-03-24 15:43:07,877] Trial 644 finished with value: 0.914572864321608 and parameters: {'n_estimators': 1000, 'max_depth': 33, 'learning_rate': 0.004523224981771665, 'reg_alpha': 5.839245087818175e-05, 'reg_lambda': 7.407916668645303e-05, 'min_child_weight': 1}. Best is trial 112 with value: 0.92.
[I 2026-03-24 15:43:08,154] Trial 645 finished with value: 0.92 and parameters: {'n_estimators': 959, 'max_depth': 32, 'learning_rate': 0.0033084260607963716, 'reg_alpha': 0.4230695026521391, 'reg_lambda': 3.074566992320598e-05, 'min_child_weight': 1}. Best is trial 112 with value: 0.92.
[I 2026-03-24 15:43:08,425] Trial 646 finished with value: 0.92 and parameters: {'n_estimators': 913, 'max_depth': 34, 'learning_rate': 0.00282180467812977, 'reg_alpha': 0.021861420608055838, 'reg_lambda': 1.3823245763726975e-05, 'min_child_weight': 1}. Best is trial 112 with value: 0.92.
[I 2026-03-24 15:43:08,700] Trial 647 finished with value: 0.92 and parameters: {'n_estimators': 942, 'max_depth': 30, 'learning_rate': 0.0041158140726635295, 'reg_alpha': 0.00497884475073524, 'reg_lambda': 0.0001472737580149165, 'min_child_weight': 1}. Best is trial 112 with value: 0.92.
[I 2026-03-24 15:43:08,862] Trial 648 finished with value: 0.9154228855721394 and parameters: {'n_estimators': 973, 'max_depth': 33, 'learning_rate': 0.004840498003469083, 'reg_alpha': 0.03769656464265153, 'reg_lambda': 2.3053568988211383e-05, 'min_child_weight': 3}. Best is trial 112 with value: 0.92.
[I 2026-03-24 15:43:09,124] Trial 649 finished with value: 0.914572864321608 and parameters: {'n_estimators': 986, 'max_depth': 31, 'learning_rate': 0.006403055826148866, 'reg_alpha': 0.056336015292299695, 'reg_lambda': 4.7621886554845775e-05, 'min_child_weight': 1}. Best is trial 112 with value: 0.92.
[I 2026-03-24 15:43:09,397] Trial 650 finished with value: 0.92 and parameters: {'n_estimators': 966, 'max_depth': 32, 'learning_rate': 0.0037230449827272876, 'reg_alpha': 0.017434398205203608, 'reg_lambda': 7.022109883731994e-05, 'min_child_weight': 1}. Best is trial 112 with value: 0.92.
[I 2026-03-24 15:43:09,678] Trial 651 finished with value: 0.92 and parameters: {'n_estimators': 982, 'max_depth': 33, 'learning_rate': 0.0030487680535481224, 'reg_alpha': 0.03371608791158216, 'reg_lambda': 3.368756092358794e-05, 'min_child_weight': 1}. Best is trial 112 with value: 0.92.
[I 2026-03-24 15:43:09,941] Trial 652 finished with value: 0.92 and parameters: {'n_estimators': 947, 'max_depth': 35, 'learning_rate': 0.0034319978685932472, 'reg_alpha': 0.08327153401948258, 'reg_lambda': 0.0001153493046396699, 'min_child_weight': 1}. Best is trial 112 with value: 0.92.
[I 2026-03-24 15:43:10,135] Trial 653 finished with value: 0.9154228855721394 and parameters: {'n_estimators': 775, 'max_depth': 37, 'learning_rate': 0.004345053430683753, 'reg_alpha': 0.04436202903152488, 'reg_lambda': 4.1807322458235985e-08, 'min_child_weight': 2}. Best is trial 112 with value: 0.92.
[I 2026-03-24 15:43:10,434] Trial 654 finished with value: 0.92 and parameters: {'n_estimators': 1000, 'max_depth': 31, 'learning_rate': 0.003940025881648056, 'reg_alpha': 7.130352205416677e-07, 'reg_lambda': 5.287223341130149e-05, 'min_child_weight': 1}. Best is trial 112 with value: 0.92.
[I 2026-03-24 15:43:10,599] Trial 655 finished with value: 0.9154228855721394 and parameters: {'n_estimators': 965, 'max_depth': 30, 'learning_rate': 0.0036748531125601713, 'reg_alpha': 0.11083022965041042, 'reg_lambda': 2.251379619666011e-05, 'min_child_weight': 10}. Best is trial 112 with value: 0.92.
[I 2026-03-24 15:43:10,869] Trial 656 finished with value: 0.92 and parameters: {'n_estimators': 986, 'max_depth': 48, 'learning_rate': 0.004436392527788284, 'reg_alpha': 0.06422173173478246, 'reg_lambda': 8.669734174942603e-05, 'min_child_weight': 1}. Best is trial 112 with value: 0.92.
[I 2026-03-24 15:43:11,137] Trial 657 finished with value: 0.914572864321608 and parameters: {'n_estimators': 969, 'max_depth': 32, 'learning_rate': 0.005081891345415167, 'reg_alpha': 0.027782396945919455, 'reg_lambda': 3.5892698298054805e-05, 'min_child_weight': 1}. Best is trial 112 with value: 0.92.
[I 2026-03-24 15:43:11,399] Trial 658 finished with value: 0.92 and parameters: {'n_estimators': 883, 'max_depth': 28, 'learning_rate': 0.003158112040789644, 'reg_alpha': 0.009604947106177309, 'reg_lambda': 6.069343779544498e-05, 'min_child_weight': 1}. Best is trial 112 with value: 0.92.
[I 2026-03-24 15:43:11,565] Trial 659 finished with value: 0.9154228855721394 and parameters: {'n_estimators': 987, 'max_depth': 34, 'learning_rate': 0.03291887261609807, 'reg_alpha': 0.04846838447257639, 'reg_lambda': 0.00017484402714729698, 'min_child_weight': 5}. Best is trial 112 with value: 0.92.
[I 2026-03-24 15:43:11,707] Trial 660 finished with value: 0.9154228855721394 and parameters: {'n_estimators': 534, 'max_depth': 30, 'learning_rate': 0.009730742473138626, 'reg_alpha': 0.14286897599479265, 'reg_lambda': 2.653051002203182e-05, 'min_child_weight': 2}. Best is trial 112 with value: 0.92.
[I 2026-03-24 15:43:11,974] Trial 661 finished with value: 0.92 and parameters: {'n_estimators': 952, 'max_depth': 40, 'learning_rate': 0.004064218486279044, 'reg_alpha': 0.020196347031971665, 'reg_lambda': 1.6136131525184752e-05, 'min_child_weight': 1}. Best is trial 112 with value: 0.92.
[I 2026-03-24 15:43:12,142] Trial 662 finished with value: 0.9154228855721394 and parameters: {'n_estimators': 1000, 'max_depth': 32, 'learning_rate': 0.0026610244595942083, 'reg_alpha': 0.07106438656210652, 'reg_lambda': 4.100345753906631e-05, 'min_child_weight': 7}. Best is trial 112 with value: 0.92.
