[I 2026-03-24 15:32:00,400] Trial 383 finished with value: 0.941747572815534 and parameters: {'n_estimators': 316, 'max_depth': 48, 'learning_rate': 0.023073324879323658, 'reg_alpha': 1.1248759400800768e-06, 'reg_lambda': 1.550882206465678e-08, 'min_child_weight': 4}. Best is trial 0 with value: 0.941747572815534.
[I 2026-03-24 15:32:00,470] Trial 384 finished with value: 0.941747572815534 and parameters: {'n_estimators': 374, 'max_depth': 19, 'learning_rate': 0.0706637281827955, 'reg_alpha': 2.986471842655829e-07, 'reg_lambda': 9.574297709038927e-07, 'min_child_weight': 5}. Best is trial 0 with value: 0.941747572815534.
[I 2026-03-24 15:32:00,520] Trial 385 finished with value: 0.941747572815534 and parameters: {'n_estimators': 201, 'max_depth': 35, 'learning_rate': 0.001319509683500907, 'reg_alpha': 0.00011831439576014886, 'reg_lambda': 0.00020738098294132717, 'min_child_weight': 3}. Best is trial 0 with value: 0.941747572815534.
[I 2026-03-24 15:32:00,645] Trial 386 finished with value: 0.941747572815534 and parameters: {'n_estimators': 835, 'max_depth': 43, 'learning_rate': 0.0021076489170248564, 'reg_alpha': 3.966090675548093e-08, 'reg_lambda': 3.589465558245942e-07, 'min_child_weight': 10}. Best is trial 0 with value: 0.941747572815534.
[I 2026-03-24 15:32:00,767] Trial 387 finished with value: 0.941747572815534 and parameters: {'n_estimators': 760, 'max_depth': 44, 'learning_rate': 0.0049089671782731265, 'reg_alpha': 0.5137507421049915, 'reg_lambda': 1.9557196073856627e-05, 'min_child_weight': 9}. Best is trial 0 with value: 0.941747572815534.
[I 2026-03-24 15:32:00,918] Trial 388 finished with value: 0.941747572815534 and parameters: {'n_estimators': 980, 'max_depth': 10, 'learning_rate': 0.008634730922642683, 'reg_alpha': 0.017378361266417914, 'reg_lambda': 1.0445710587537783e-08, 'min_child_weight': 8}. Best is trial 0 with value: 0.941747572815534.
[I 2026-03-24 15:32:00,989] Trial 389 finished with value: 0.941747572815534 and parameters: {'n_estimators': 350, 'max_depth': 37, 'learning_rate': 0.027138697542136273, 'reg_alpha': 0.002955438908353826, 'reg_lambda': 8.286423094488066e-05, 'min_child_weight': 5}. Best is trial 0 with value: 0.941747572815534.
[I 2026-03-24 15:32:01,128] Trial 390 finished with value: 0.941747572815534 and parameters: {'n_estimators': 939, 'max_depth': 38, 'learning_rate': 0.003512891806959752, 'reg_alpha': 1.9968296549596454e-06, 'reg_lambda': 2.2330987171721363e-06, 'min_child_weight': 7}. Best is trial 0 with value: 0.941747572815534.
[I 2026-03-24 15:32:01,187] Trial 391 finished with value: 0.941747572815534 and parameters: {'n_estimators': 279, 'max_depth': 32, 'learning_rate': 0.0016304180382875277, 'reg_alpha': 5.771926929920797e-07, 'reg_lambda': 0.000552180496053346, 'min_child_weight': 9}. Best is trial 0 with value: 0.941747572815534.
[I 2026-03-24 15:32:01,283] Trial 392 finished with value: 0.941747572815534 and parameters: {'n_estimators': 557, 'max_depth': 8, 'learning_rate': 0.005747517154891621, 'reg_alpha': 3.105078074296264e-05, 'reg_lambda': 0.006441193871833459, 'min_child_weight': 4}. Best is trial 0 with value: 0.941747572815534.
[I 2026-03-24 15:32:01,414] Trial 393 finished with value: 0.941747572815534 and parameters: {'n_estimators': 887, 'max_depth': 27, 'learning_rate': 0.0044303004990950065, 'reg_alpha': 9.73408998726503e-08, 'reg_lambda': 7.475550589481669e-07, 'min_child_weight': 3}. Best is trial 0 with value: 0.941747572815534.
[I 2026-03-24 15:32:01,533] Trial 394 finished with value: 0.941747572815534 and parameters: {'n_estimators': 801, 'max_depth': 40, 'learning_rate': 0.011428536686548816, 'reg_alpha': 9.496420386975195e-06, 'reg_lambda': 1.388307170959123e-06, 'min_child_weight': 6}. Best is trial 0 with value: 0.941747572815534.
[I 2026-03-24 15:32:01,606] Trial 395 finished with value: 0.941747572815534 and parameters: {'n_estimators': 393, 'max_depth': 6, 'learning_rate': 0.06204169057753875, 'reg_alpha': 8.08985273672739e-05, 'reg_lambda': 9.741127245322047e-06, 'min_child_weight': 8}. Best is trial 0 with value: 0.941747572815534.
[I 2026-03-24 15:32:01,700] Trial 396 finished with value: 0.941747572815534 and parameters: {'n_estimators': 577, 'max_depth': 49, 'learning_rate': 0.03513275383648049, 'reg_alpha': 0.0010424279460455649, 'reg_lambda': 1.2251720008586838e-07, 'min_child_weight': 10}. Best is trial 0 with value: 0.941747572815534.
[I 2026-03-24 15:32:01,854] Trial 397 finished with value: 0.941747572815534 and parameters: {'n_estimators': 918, 'max_depth': 20, 'learning_rate': 0.003897121764903065, 'reg_alpha': 3.917924171709857e-06, 'reg_lambda': 4.248541995901305e-06, 'min_child_weight': 2}. Best is trial 0 with value: 0.941747572815534.
[I 2026-03-24 15:32:01,956] Trial 398 finished with value: 0.941747572815534 and parameters: {'n_estimators': 645, 'max_depth': 47, 'learning_rate': 0.002614854782708462, 'reg_alpha': 1.4663911890816517e-07, 'reg_lambda': 0.0002734742655398015, 'min_child_weight': 9}. Best is trial 0 with value: 0.941747572815534.
[I 2026-03-24 15:32:02,073] Trial 399 finished with value: 0.941747572815534 and parameters: {'n_estimators': 742, 'max_depth': 50, 'learning_rate': 0.01872618403568784, 'reg_alpha': 2.2838904447768674e-07, 'reg_lambda': 0.0038020635742406785, 'min_child_weight': 4}. Best is trial 0 with value: 0.941747572815534.
[I 2026-03-24 15:32:02,185] Trial 400 finished with value: 0.941747572815534 and parameters: {'n_estimators': 707, 'max_depth': 9, 'learning_rate': 0.0011143926803052868, 'reg_alpha': 5.4068172460836137e-08, 'reg_lambda': 1.998752522828142e-07, 'min_child_weight': 5}. Best is trial 0 with value: 0.941747572815534.
[I 2026-03-24 15:32:02,269] Trial 401 finished with value: 0.9359605911330049 and parameters: {'n_estimators': 301, 'max_depth': 21, 'learning_rate': 0.041981800973398486, 'reg_alpha': 8.362097534718497e-07, 'reg_lambda': 0.9041109247080331, 'min_child_weight': 1}. Best is trial 0 with value: 0.941747572815534.
[I 2026-03-24 15:32:02,347] Trial 402 finished with value: 0.941747572815534 and parameters: {'n_estimators': 423, 'max_depth': 17, 'learning_rate': 0.00294813757269077, 'reg_alpha': 4.0514255228751015e-05, 'reg_lambda': 0.0023581119713581263, 'min_child_weight': 8}. Best is trial 0 with value: 0.941747572815534.
[I 2026-03-24 15:32:02,495] Trial 403 finished with value: 0.941747572815534 and parameters: {'n_estimators': 997, 'max_depth': 29, 'learning_rate': 0.054855067290114363, 'reg_alpha': 0.04766113578719075, 'reg_lambda': 5.2625202040062377e-08, 'min_child_weight': 7}. Best is trial 0 with value: 0.941747572815534.
[I 2026-03-24 15:32:02,602] Trial 404 finished with value: 0.941747572815534 and parameters: {'n_estimators': 671, 'max_depth': 15, 'learning_rate': 0.0014433892540003067, 'reg_alpha': 4.000490632347274e-07, 'reg_lambda': 5.936245804400965e-06, 'min_child_weight': 6}. Best is trial 0 with value: 0.941747572815534.
[I 2026-03-24 15:32:02,669] Trial 405 finished with value: 0.941747572815534 and parameters: {'n_estimators': 333, 'max_depth': 34, 'learning_rate': 0.014698127101014117, 'reg_alpha': 1.0228278030474326e-08, 'reg_lambda': 3.133718332519039e-08, 'min_child_weight': 9}. Best is trial 0 with value: 0.941747572815534.
[I 2026-03-24 15:32:02,773] Trial 406 finished with value: 0.941747572815534 and parameters: {'n_estimators': 603, 'max_depth': 42, 'learning_rate': 0.001242179220242721, 'reg_alpha': 2.955913773196077e-06, 'reg_lambda': 5.282592527465613e-07, 'min_child_weight': 6}. Best is trial 0 with value: 0.941747572815534.
[I 2026-03-24 15:32:02,858] Trial 407 finished with value: 0.941747572815534 and parameters: {'n_estimators': 448, 'max_depth': 25, 'learning_rate': 0.08454665160373033, 'reg_alpha': 6.620791335925268e-06, 'reg_lambda': 0.0003949602175498076, 'min_child_weight': 4}. Best is trial 0 with value: 0.941747572815534.
[I 2026-03-24 15:32:02,944] Trial 408 finished with value: 0.941747572815534 and parameters: {'n_estimators': 484, 'max_depth': 7, 'learning_rate': 0.0018068265945867436, 'reg_alpha': 2.1891434497543927e-08, 'reg_lambda': 1.4330011381908935e-05, 'min_child_weight': 8}. Best is trial 0 with value: 0.941747572815534.
[I 2026-03-24 15:32:02,997] Trial 409 finished with value: 0.941747572815534 and parameters: {'n_estimators': 215, 'max_depth': 12, 'learning_rate': 0.0073213795738837845, 'reg_alpha': 1.3689484869544224e-06, 'reg_lambda': 1.7556877819192066e-08, 'min_child_weight': 9}. Best is trial 0 with value: 0.941747572815534.
[I 2026-03-24 15:32:03,067] Trial 410 finished with value: 0.941747572815534 and parameters: {'n_estimators': 364, 'max_depth': 36, 'learning_rate': 0.010629144687122422, 'reg_alpha': 7.165798023233279e-08, 'reg_lambda': 2.6594332898558415e-06, 'min_child_weight': 10}. Best is trial 0 with value: 0.941747572815534.
[I 2026-03-24 15:32:03,159] Trial 411 finished with value: 0.941747572815534 and parameters: {'n_estimators': 541, 'max_depth': 23, 'learning_rate': 0.025187270486096175, 'reg_alpha': 0.00063458588587495, 'reg_lambda': 3.444447479226555e-05, 'min_child_weight': 3}. Best is trial 0 with value: 0.941747572815534.
[I 2026-03-24 15:32:03,260] Trial 412 finished with value: 0.941747572815534 and parameters: {'n_estimators': 623, 'max_depth': 14, 'learning_rate': 0.009185953781280324, 'reg_alpha': 6.3664430793084e-07, 'reg_lambda': 0.0007879910768363607, 'min_child_weight': 5}. Best is trial 0 with value: 0.941747572815534.
[I 2026-03-24 15:32:03,405] Trial 413 finished with value: 0.941747572815534 and parameters: {'n_estimators': 976, 'max_depth': 31, 'learning_rate': 0.004451732427009287, 'reg_alpha': 0.0017839612353611138, 'reg_lambda': 0.03042615596910826, 'min_child_weight': 7}. Best is trial 0 with value: 0.941747572815534.
[I 2026-03-24 15:32:03,549] Trial 414 finished with value: 0.941747572815534 and parameters: {'n_estimators': 899, 'max_depth': 39, 'learning_rate': 0.016835273332111676, 'reg_alpha': 0.07880676454661457, 'reg_lambda': 5.9914691807847644e-05, 'min_child_weight': 2}. Best is trial 0 with value: 0.941747572815534.
[I 2026-03-24 15:32:03,690] Trial 415 finished with value: 0.941747572815534 and parameters: {'n_estimators': 953, 'max_depth': 34, 'learning_rate': 0.07759971749596206, 'reg_alpha': 1.4079977790184447e-05, 'reg_lambda': 0.00014551511719125174, 'min_child_weight': 9}. Best is trial 0 with value: 0.941747572815534.
[I 2026-03-24 15:32:03,769] Trial 416 finished with value: 0.941747572815534 and parameters: {'n_estimators': 406, 'max_depth': 35, 'learning_rate': 0.002281123475443303, 'reg_alpha': 6.397479422600066e-05, 'reg_lambda': 0.0013418881888665282, 'min_child_weight': 4}. Best is trial 0 with value: 0.941747572815534.
[I 2026-03-24 15:32:03,907] Trial 417 finished with value: 0.941747572815534 and parameters: {'n_estimators': 860, 'max_depth': 41, 'learning_rate': 0.02113091115234914, 'reg_alpha': 0.01087652698044034, 'reg_lambda': 1.8198663076950035e-06, 'min_child_weight': 8}. Best is trial 0 with value: 0.941747572815534.
[I 2026-03-24 15:32:03,966] Trial 418 finished with value: 0.941747572815534 and parameters: {'n_estimators': 262, 'max_depth': 33, 'learning_rate': 0.012483140184373177, 'reg_alpha': 0.00019249395217846372, 'reg_lambda': 1.1505861534732808e-06, 'min_child_weight': 7}. Best is trial 0 with value: 0.941747572815534.
[I 2026-03-24 15:32:04,089] Trial 419 finished with value: 0.941747572815534 and parameters: {'n_estimators': 788, 'max_depth': 22, 'learning_rate': 0.091589326831995, 'reg_alpha': 2.0627325408312236e-06, 'reg_lambda': 2.946483332507964e-07, 'min_child_weight': 6}. Best is trial 0 with value: 0.941747572815534.
[I 2026-03-24 15:32:04,226] Trial 420 finished with value: 0.941747572815534 and parameters: {'n_estimators': 846, 'max_depth': 49, 'learning_rate': 0.030318517725810873, 'reg_alpha': 2.98018936421427e-07, 'reg_lambda': 0.08463882527713024, 'min_child_weight': 10}. Best is trial 0 with value: 0.941747572815534.
[I 2026-03-24 15:32:04,346] Trial 421 finished with value: 0.941747572815534 and parameters: {'n_estimators': 726, 'max_depth': 45, 'learning_rate': 0.0036628048121380434, 'reg_alpha': 0.15289900211600335, 'reg_lambda': 0.043880270304803785, 'min_child_weight': 9}. Best is trial 0 with value: 0.941747572815534.
[I 2026-03-24 15:32:04,456] Trial 422 finished with value: 0.941747572815534 and parameters: {'n_estimators': 684, 'max_depth': 11, 'learning_rate': 0.0016439589963937035, 'reg_alpha': 2.2512989798723815e-05, 'reg_lambda': 0.24296891839379303, 'min_child_weight': 3}. Best is trial 0 with value: 0.941747572815534.
[I 2026-03-24 15:32:04,544] Trial 423 finished with value: 0.941747572815534 and parameters: {'n_estimators': 323, 'max_depth': 16, 'learning_rate': 0.0019313636746650644, 'reg_alpha': 0.0003504061590205302, 'reg_lambda': 2.2828104289007586e-08, 'min_child_weight': 2}. Best is trial 0 with value: 0.941747572815534.
[I 2026-03-24 15:32:04,684] Trial 424 finished with value: 0.9306930693069307 and parameters: {'n_estimators': 514, 'max_depth': 13, 'learning_rate': 0.0033754362045899464, 'reg_alpha': 1.357553330122799e-07, 'reg_lambda': 0.00041114109827204096, 'min_child_weight': 1}. Best is trial 0 with value: 0.941747572815534.
[I 2026-03-24 15:32:04,823] Trial 425 finished with value: 0.941747572815534 and parameters: {'n_estimators': 932, 'max_depth': 26, 'learning_rate': 0.0010672327490297874, 'reg_alpha': 0.00012299607959572983, 'reg_lambda': 7.586213079168264e-06, 'min_child_weight': 5}. Best is trial 0 with value: 0.941747572815534.
[I 2026-03-24 15:32:04,896] Trial 426 finished with value: 0.941747572815534 and parameters: {'n_estimators': 383, 'max_depth': 18, 'learning_rate': 0.00643474085366178, 'reg_alpha': 3.452172892658668e-06, 'reg_lambda': 7.855623709194595e-08, 'min_child_weight': 9}. Best is trial 0 with value: 0.941747572815534.
[I 2026-03-24 15:32:05,040] Trial 427 finished with value: 0.941747572815534 and parameters: {'n_estimators': 974, 'max_depth': 48, 'learning_rate': 0.05011900426252573, 'reg_alpha': 0.03372136177133489, 'reg_lambda': 3.8290206617949705e-06, 'min_child_weight': 4}. Best is trial 0 with value: 0.941747572815534.
[I 2026-03-24 15:32:05,144] Trial 428 finished with value: 0.941747572815534 and parameters: {'n_estimators': 639, 'max_depth': 28, 'learning_rate': 0.002733719327907548, 'reg_alpha': 3.4669014338363856e-08, 'reg_lambda': 0.018145803736353435, 'min_child_weight': 8}. Best is trial 0 with value: 0.941747572815534.
[I 2026-03-24 15:32:05,206] Trial 429 finished with value: 0.941747572815534 and parameters: {'n_estimators': 287, 'max_depth': 17, 'learning_rate': 0.03449497713468389, 'reg_alpha': 1.8751008477435853e-07, 'reg_lambda': 0.00018919357242075534, 'min_child_weight': 7}. Best is trial 0 with value: 0.941747572815534.
[I 2026-03-24 15:32:05,274] Trial 430 finished with value: 0.941747572815534 and parameters: {'n_estimators': 349, 'max_depth': 30, 'learning_rate': 0.004144523091889801, 'reg_alpha': 4.247576719862387e-07, 'reg_lambda': 1.8452857412197887e-05, 'min_child_weight': 10}. Best is trial 0 with value: 0.941747572815534.
[I 2026-03-24 15:32:05,369] Trial 431 finished with value: 0.941747572815534 and parameters: {'n_estimators': 567, 'max_depth': 43, 'learning_rate': 0.0020503418861612657, 'reg_alpha': 6.214340254514353e-06, 'reg_lambda': 7.144041804067897e-07, 'min_child_weight': 9}. Best is trial 0 with value: 0.941747572815534.
[I 2026-03-24 15:32:05,496] Trial 432 finished with value: 0.941747572815534 and parameters: {'n_estimators': 822, 'max_depth': 20, 'learning_rate': 0.005129911040973142, 'reg_alpha': 1.5110457295967322e-08, 'reg_lambda': 1.4401752528414878e-08, 'min_child_weight': 6}. Best is trial 0 with value: 0.941747572815534.
[I 2026-03-24 15:32:05,587] Trial 433 finished with value: 0.941747572815534 and parameters: {'n_estimators': 533, 'max_depth': 50, 'learning_rate': 0.007948483513599842, 'reg_alpha': 1.1338550403163761e-06, 'reg_lambda': 5.461861097837707e-06, 'min_child_weight': 8}. Best is trial 0 with value: 0.941747572815534.
[I 2026-03-24 15:32:05,671] Trial 434 finished with value: 0.941747572815534 and parameters: {'n_estimators': 468, 'max_depth': 24, 'learning_rate': 0.07007519409473933, 'reg_alpha': 1.0287157484283459e-07, 'reg_lambda': 0.0005710770993723878, 'min_child_weight': 7}. Best is trial 0 with value: 0.941747572815534.
[I 2026-03-24 15:32:05,773] Trial 435 finished with value: 0.941747572815534 and parameters: {'n_estimators': 611, 'max_depth': 37, 'learning_rate': 0.0389885060216232, 'reg_alpha': 2.3471743882698948e-06, 'reg_lambda': 4.2174318926056257e-07, 'min_child_weight': 4}. Best is trial 0 with value: 0.941747572815534.
[I 2026-03-24 15:32:05,829] Trial 436 finished with value: 0.941747572815534 and parameters: {'n_estimators': 246, 'max_depth': 32, 'learning_rate': 0.04601872713599373, 'reg_alpha': 4.835523346887149e-06, 'reg_lambda': 0.001024528369497394, 'min_child_weight': 5}. Best is trial 0 with value: 0.941747572815534.
[I 2026-03-24 15:32:05,938] Trial 437 finished with value: 0.941747572815534 and parameters: {'n_estimators': 435, 'max_depth': 46, 'learning_rate': 0.0013229899877938449, 'reg_alpha': 4.8717568488243206e-08, 'reg_lambda': 0.008984965298950053, 'min_child_weight': 1}. Best is trial 0 with value: 0.941747572815534.
[I 2026-03-24 15:32:06,085] Trial 438 finished with value: 0.941747572815534 and parameters: {'n_estimators': 984, 'max_depth': 36, 'learning_rate': 0.009531402546072336, 'reg_alpha': 8.661175531920628e-07, 'reg_lambda': 1.528699984345601e-07, 'min_child_weight': 10}. Best is trial 0 with value: 0.941747572815534.
[I 2026-03-24 15:32:06,140] Trial 439 finished with value: 0.941747572815534 and parameters: {'n_estimators': 231, 'max_depth': 9, 'learning_rate': 0.001541000513319211, 'reg_alpha': 8.610666209822176e-08, 'reg_lambda': 9.633011439253256e-06, 'min_child_weight': 9}. Best is trial 0 with value: 0.941747572815534.
[I 2026-03-24 15:32:06,261] Trial 440 finished with value: 0.941747572815534 and parameters: {'n_estimators': 777, 'max_depth': 47, 'learning_rate': 0.002459209362000426, 'reg_alpha': 0.007490858528996456, 'reg_lambda': 1.6276870136254492e-06, 'min_child_weight': 6}. Best is trial 0 with value: 0.941747572815534.
[I 2026-03-24 15:32:06,360] Trial 441 finished with value: 0.941747572815534 and parameters: {'n_estimators': 584, 'max_depth': 21, 'learning_rate': 0.0010024045934784657, 'reg_alpha': 9.654287518548117e-06, 'reg_lambda': 1.0250435649631823e-08, 'min_child_weight': 3}. Best is trial 0 with value: 0.941747572815534.
[I 2026-03-24 15:32:06,469] Trial 442 finished with value: 0.941747572815534 and parameters: {'n_estimators': 661, 'max_depth': 7, 'learning_rate': 0.002969181919762612, 'reg_alpha': 2.7983216332908654e-07, 'reg_lambda': 4.483096284144146e-08, 'min_child_weight': 9}. Best is trial 0 with value: 0.941747572815534.
[I 2026-03-24 15:32:06,589] Trial 443 finished with value: 0.941747572815534 and parameters: {'n_estimators': 751, 'max_depth': 13, 'learning_rate': 0.027742141640791456, 'reg_alpha': 5.117760558107177e-07, 'reg_lambda': 2.6427330108507957e-06, 'min_child_weight': 7}. Best is trial 0 with value: 0.941747572815534.
[I 2026-03-24 15:32:06,671] Trial 444 finished with value: 0.941747572815534 and parameters: {'n_estimators': 454, 'max_depth': 42, 'learning_rate': 0.03224975337320116, 'reg_alpha': 2.5651426641475547e-08, 'reg_lambda': 0.0017023681136022811, 'min_child_weight': 4}. Best is trial 0 with value: 0.941747572815534.
[I 2026-03-24 15:32:06,815] Trial 445 finished with value: 0.941747572815534 and parameters: {'n_estimators': 951, 'max_depth': 27, 'learning_rate': 0.0012059941785259386, 'reg_alpha': 0.31146622521439504, 'reg_lambda': 1.0353901676785044e-06, 'min_child_weight': 8}. Best is trial 0 with value: 0.941747572815534.
[I 2026-03-24 15:32:06,902] Trial 446 finished with value: 0.941747572815534 and parameters: {'n_estimators': 497, 'max_depth': 19, 'learning_rate': 0.0032494635181894885, 'reg_alpha': 1.7932608177177847e-06, 'reg_lambda': 4.2040075348382546e-05, 'min_child_weight': 4}. Best is trial 0 with value: 0.941747572815534.
[I 2026-03-24 15:32:06,999] Trial 447 finished with value: 0.941747572815534 and parameters: {'n_estimators': 398, 'max_depth': 33, 'learning_rate': 0.0038895665357703965, 'reg_alpha': 3.767183062687156e-05, 'reg_lambda': 0.0002545309664294165, 'min_child_weight': 2}. Best is trial 0 with value: 0.941747572815534.
[I 2026-03-24 15:32:07,052] Trial 448 finished with value: 0.941747572815534 and parameters: {'n_estimators': 214, 'max_depth': 15, 'learning_rate': 0.023820568492029726, 'reg_alpha': 5.751865462712086e-08, 'reg_lambda': 0.005131096766853276, 'min_child_weight': 5}. Best is trial 0 with value: 0.941747572815534.
[I 2026-03-24 15:32:07,157] Trial 449 finished with value: 0.941747572815534 and parameters: {'n_estimators': 626, 'max_depth': 14, 'learning_rate': 0.08488046063231541, 'reg_alpha': 9.185599843016571e-05, 'reg_lambda': 9.582070914822846e-05, 'min_child_weight': 9}. Best is trial 0 with value: 0.941747572815534.
[I 2026-03-24 15:32:07,294] Trial 450 finished with value: 0.941747572815534 and parameters: {'n_estimators': 909, 'max_depth': 35, 'learning_rate': 0.010909693091330238, 'reg_alpha': 0.00027737248811309423, 'reg_lambda': 6.411613792580991e-07, 'min_child_weight': 10}. Best is trial 0 with value: 0.941747572815534.
[I 2026-03-24 15:32:07,367] Trial 451 finished with value: 0.941747572815534 and parameters: {'n_estimators': 371, 'max_depth': 49, 'learning_rate': 0.013875818180837034, 'reg_alpha': 2.3718030550577452e-07, 'reg_lambda': 3.4629311552864182e-06, 'min_child_weight': 7}. Best is trial 0 with value: 0.941747572815534.
