[I 2026-03-24 15:30:46,584] Trial 418 finished with value: 0.941747572815534 and parameters: {'n_estimators': 657, 'max_depth': 7, 'learning_rate': 0.047185298798394996, 'reg_alpha': 2.4350134600180364e-06, 'reg_lambda': 0.004595521887271004, 'min_child_weight': 7}. Best is trial 0 with value: 0.941747572815534.
[I 2026-03-24 15:30:46,695] Trial 419 finished with value: 0.941747572815534 and parameters: {'n_estimators': 770, 'max_depth': 41, 'learning_rate': 0.024732019983415635, 'reg_alpha': 0.0022546410043817306, 'reg_lambda': 8.283020882401688e-07, 'min_child_weight': 8}. Best is trial 0 with value: 0.941747572815534.
[I 2026-03-24 15:30:46,830] Trial 420 finished with value: 0.941747572815534 and parameters: {'n_estimators': 978, 'max_depth': 6, 'learning_rate': 0.02057301711124542, 'reg_alpha': 0.060703105521269014, 'reg_lambda': 0.17351461392009465, 'min_child_weight': 4}. Best is trial 0 with value: 0.941747572815534.
[I 2026-03-24 15:30:46,923] Trial 421 finished with value: 0.941747572815534 and parameters: {'n_estimators': 350, 'max_depth': 10, 'learning_rate': 0.014475097352190774, 'reg_alpha': 0.0004660785379830183, 'reg_lambda': 6.876494621651755e-08, 'min_child_weight': 7}. Best is trial 0 with value: 0.941747572815534.
[I 2026-03-24 15:30:47,032] Trial 422 finished with value: 0.941747572815534 and parameters: {'n_estimators': 798, 'max_depth': 49, 'learning_rate': 0.0012073340989648513, 'reg_alpha': 1.890505237095429e-05, 'reg_lambda': 0.04291596515401061, 'min_child_weight': 2}. Best is trial 0 with value: 0.941747572815534.
[I 2026-03-24 15:30:47,127] Trial 423 finished with value: 0.941747572815534 and parameters: {'n_estimators': 627, 'max_depth': 38, 'learning_rate': 0.09912315535218402, 'reg_alpha': 3.5022798568888585e-05, 'reg_lambda': 0.2971530053732824, 'min_child_weight': 6}. Best is trial 0 with value: 0.941747572815534.
[I 2026-03-24 15:30:47,232] Trial 424 finished with value: 0.941747572815534 and parameters: {'n_estimators': 752, 'max_depth': 33, 'learning_rate': 0.0020631831361341817, 'reg_alpha': 4.223086341176233e-07, 'reg_lambda': 4.683275769005854e-06, 'min_child_weight': 5}. Best is trial 0 with value: 0.941747572815534.
[I 2026-03-24 15:30:47,313] Trial 425 finished with value: 0.941747572815534 and parameters: {'n_estimators': 507, 'max_depth': 42, 'learning_rate': 0.07550943270991992, 'reg_alpha': 2.3298429632381387e-07, 'reg_lambda': 0.0004720133173287733, 'min_child_weight': 3}. Best is trial 0 with value: 0.941747572815534.
[I 2026-03-24 15:30:47,434] Trial 426 finished with value: 0.941747572815534 and parameters: {'n_estimators': 911, 'max_depth': 44, 'learning_rate': 0.006092013859666996, 'reg_alpha': 0.21986826512908136, 'reg_lambda': 2.057233585823343e-08, 'min_child_weight': 9}. Best is trial 0 with value: 0.941747572815534.
[I 2026-03-24 15:30:47,502] Trial 427 finished with value: 0.941747572815534 and parameters: {'n_estimators': 375, 'max_depth': 37, 'learning_rate': 0.03458744687823711, 'reg_alpha': 4.73246544127269e-06, 'reg_lambda': 2.673012085982037e-07, 'min_child_weight': 10}. Best is trial 0 with value: 0.941747572815534.
[I 2026-03-24 15:30:47,577] Trial 428 finished with value: 0.941747572815534 and parameters: {'n_estimators': 470, 'max_depth': 48, 'learning_rate': 0.004154068504557876, 'reg_alpha': 0.0001177028933445804, 'reg_lambda': 0.00012199283842900266, 'min_child_weight': 7}. Best is trial 0 with value: 0.941747572815534.
[I 2026-03-24 15:30:47,697] Trial 429 finished with value: 0.941747572815534 and parameters: {'n_estimators': 881, 'max_depth': 50, 'learning_rate': 0.09076133282037871, 'reg_alpha': 0.007047675632710714, 'reg_lambda': 0.010896382866076224, 'min_child_weight': 6}. Best is trial 0 with value: 0.941747572815534.
[I 2026-03-24 15:30:47,766] Trial 430 finished with value: 0.941747572815534 and parameters: {'n_estimators': 421, 'max_depth': 41, 'learning_rate': 0.009168830400449532, 'reg_alpha': 9.867430597622899e-08, 'reg_lambda': 0.08787376005212416, 'min_child_weight': 8}. Best is trial 0 with value: 0.941747572815534.
[I 2026-03-24 15:30:47,847] Trial 431 finished with value: 0.941747572815534 and parameters: {'n_estimators': 544, 'max_depth': 25, 'learning_rate': 0.0027495034953361457, 'reg_alpha': 0.0012457598623337694, 'reg_lambda': 0.002875799680392647, 'min_child_weight': 7}. Best is trial 0 with value: 0.941747572815534.
[I 2026-03-24 15:30:47,957] Trial 432 finished with value: 0.941747572815534 and parameters: {'n_estimators': 817, 'max_depth': 30, 'learning_rate': 0.08131891033436188, 'reg_alpha': 8.544449158756826e-07, 'reg_lambda': 0.00167131317437965, 'min_child_weight': 4}. Best is trial 0 with value: 0.941747572815534.
[I 2026-03-24 15:30:48,014] Trial 433 finished with value: 0.941747572815534 and parameters: {'n_estimators': 298, 'max_depth': 45, 'learning_rate': 0.027256768428371672, 'reg_alpha': 3.298485871827246e-08, 'reg_lambda': 5.109998966829272e-05, 'min_child_weight': 5}. Best is trial 0 with value: 0.941747572815534.
[I 2026-03-24 15:30:48,089] Trial 434 finished with value: 0.941747572815534 and parameters: {'n_estimators': 489, 'max_depth': 32, 'learning_rate': 0.051046034845608726, 'reg_alpha': 1.555908924442473e-08, 'reg_lambda': 1.659838230028773e-07, 'min_child_weight': 10}. Best is trial 0 with value: 0.941747572815534.
[I 2026-03-24 15:30:48,212] Trial 435 finished with value: 0.941747572815534 and parameters: {'n_estimators': 955, 'max_depth': 35, 'learning_rate': 0.0031952599822879565, 'reg_alpha': 8.705902539720178e-06, 'reg_lambda': 0.0585221590200693, 'min_child_weight': 6}. Best is trial 0 with value: 0.941747572815534.
[I 2026-03-24 15:30:48,318] Trial 436 finished with value: 0.941747572815534 and parameters: {'n_estimators': 784, 'max_depth': 38, 'learning_rate': 0.015772918091594007, 'reg_alpha': 0.00017355325726715754, 'reg_lambda': 8.027798001886153e-05, 'min_child_weight': 7}. Best is trial 0 with value: 0.941747572815534.
[I 2026-03-24 15:30:48,398] Trial 437 finished with value: 0.941747572815534 and parameters: {'n_estimators': 522, 'max_depth': 33, 'learning_rate': 0.04133870098045513, 'reg_alpha': 1.7001281178858755e-07, 'reg_lambda': 0.007316555143561488, 'min_child_weight': 8}. Best is trial 0 with value: 0.941747572815534.
[I 2026-03-24 15:30:48,458] Trial 438 finished with value: 0.941747572815534 and parameters: {'n_estimators': 324, 'max_depth': 40, 'learning_rate': 0.0023697657170321513, 'reg_alpha': 3.362497300916591e-06, 'reg_lambda': 1.1187528613396114e-05, 'min_child_weight': 6}. Best is trial 0 with value: 0.941747572815534.
[I 2026-03-24 15:30:48,547] Trial 439 finished with value: 0.941747572815534 and parameters: {'n_estimators': 607, 'max_depth': 24, 'learning_rate': 0.004567698055468396, 'reg_alpha': 4.981332699044299e-07, 'reg_lambda': 0.13990570379320455, 'min_child_weight': 3}. Best is trial 0 with value: 0.941747572815534.
[I 2026-03-24 15:30:48,618] Trial 440 finished with value: 0.941747572815534 and parameters: {'n_estimators': 438, 'max_depth': 8, 'learning_rate': 0.06429039486762754, 'reg_alpha': 0.0049295154817230605, 'reg_lambda': 0.6032071332150051, 'min_child_weight': 2}. Best is trial 0 with value: 0.941747572815534.
[I 2026-03-24 15:30:48,730] Trial 441 finished with value: 0.941747572815534 and parameters: {'n_estimators': 843, 'max_depth': 39, 'learning_rate': 0.0018390456453498073, 'reg_alpha': 0.11504045157522357, 'reg_lambda': 0.000316476928266699, 'min_child_weight': 7}. Best is trial 0 with value: 0.941747572815534.
[I 2026-03-24 15:30:48,825] Trial 442 finished with value: 0.941747572815534 and parameters: {'n_estimators': 677, 'max_depth': 47, 'learning_rate': 0.0013368128227116223, 'reg_alpha': 0.0029084412313543835, 'reg_lambda': 0.00022125687728681345, 'min_child_weight': 9}. Best is trial 0 with value: 0.941747572815534.
[I 2026-03-24 15:30:48,911] Trial 443 finished with value: 0.941747572815534 and parameters: {'n_estimators': 578, 'max_depth': 36, 'learning_rate': 0.02268776736362306, 'reg_alpha': 4.3324434834341685e-08, 'reg_lambda': 0.038485867843214505, 'min_child_weight': 7}. Best is trial 0 with value: 0.941747572815534.
[I 2026-03-24 15:30:48,965] Trial 444 finished with value: 0.941747572815534 and parameters: {'n_estimators': 260, 'max_depth': 43, 'learning_rate': 0.056847607458234646, 'reg_alpha': 6.28986353354252e-05, 'reg_lambda': 0.0009699397425623585, 'min_child_weight': 10}. Best is trial 0 with value: 0.941747572815534.
[I 2026-03-24 15:30:49,068] Trial 445 finished with value: 0.941747572815534 and parameters: {'n_estimators': 763, 'max_depth': 31, 'learning_rate': 0.0706921792199402, 'reg_alpha': 1.2548069727711744e-05, 'reg_lambda': 3.733748013939055e-05, 'min_child_weight': 4}. Best is trial 0 with value: 0.941747572815534.
[I 2026-03-24 15:30:49,131] Trial 446 finished with value: 0.941747572815534 and parameters: {'n_estimators': 361, 'max_depth': 46, 'learning_rate': 0.005485029324772667, 'reg_alpha': 1.2272582898933136e-06, 'reg_lambda': 1.5112171014289546e-06, 'min_child_weight': 5}. Best is trial 0 with value: 0.941747572815534.
[I 2026-03-24 15:30:49,196] Trial 447 finished with value: 0.941747572815534 and parameters: {'n_estimators': 384, 'max_depth': 28, 'learning_rate': 0.00813118366479039, 'reg_alpha': 0.0003352729770718836, 'reg_lambda': 0.016894591217259457, 'min_child_weight': 6}. Best is trial 0 with value: 0.941747572815534.
[I 2026-03-24 15:30:49,283] Trial 448 finished with value: 0.941747572815534 and parameters: {'n_estimators': 590, 'max_depth': 42, 'learning_rate': 0.011069875892738466, 'reg_alpha': 1.7697740110652976e-06, 'reg_lambda': 0.21765186688365587, 'min_child_weight': 7}. Best is trial 0 with value: 0.941747572815534.
[I 2026-03-24 15:30:49,356] Trial 449 finished with value: 0.941747572815534 and parameters: {'n_estimators': 457, 'max_depth': 20, 'learning_rate': 0.03138128202645258, 'reg_alpha': 0.03227190880498437, 'reg_lambda': 0.08250701335603404, 'min_child_weight': 8}. Best is trial 0 with value: 0.941747572815534.
[I 2026-03-24 15:30:49,405] Trial 450 finished with value: 0.941747572815534 and parameters: {'n_estimators': 216, 'max_depth': 6, 'learning_rate': 0.00684015727170992, 'reg_alpha': 0.013478621128836916, 'reg_lambda': 0.0006328600485385039, 'min_child_weight': 9}. Best is trial 0 with value: 0.941747572815534.
[I 2026-03-24 15:30:49,478] Trial 451 finished with value: 0.941747572815534 and parameters: {'n_estimators': 445, 'max_depth': 41, 'learning_rate': 0.018825093508958706, 'reg_alpha': 0.05163675730435168, 'reg_lambda': 2.8015818685264673e-06, 'min_child_weight': 4}. Best is trial 0 with value: 0.941747572815534.
[I 2026-03-24 15:30:49,556] Trial 452 finished with value: 0.941747572815534 and parameters: {'n_estimators': 474, 'max_depth': 49, 'learning_rate': 0.0010959976713676963, 'reg_alpha': 2.579216772038508e-08, 'reg_lambda': 3.7228371870697746e-07, 'min_child_weight': 5}. Best is trial 0 with value: 0.941747572815534.
[I 2026-03-24 15:30:49,679] Trial 453 finished with value: 0.941747572815534 and parameters: {'n_estimators': 929, 'max_depth': 22, 'learning_rate': 0.002220369927623065, 'reg_alpha': 7.902588805622427e-08, 'reg_lambda': 5.287967908178583e-06, 'min_child_weight': 2}. Best is trial 0 with value: 0.941747572815534.
[I 2026-03-24 15:30:49,790] Trial 454 finished with value: 0.941747572815534 and parameters: {'n_estimators': 806, 'max_depth': 37, 'learning_rate': 0.08616869002256403, 'reg_alpha': 6.2140583512384e-08, 'reg_lambda': 0.9861468212374125, 'min_child_weight': 8}. Best is trial 0 with value: 0.941747572815534.
[I 2026-03-24 15:30:49,860] Trial 455 finished with value: 0.941747572815534 and parameters: {'n_estimators': 415, 'max_depth': 44, 'learning_rate': 0.026852744735077004, 'reg_alpha': 0.0017263211653360299, 'reg_lambda': 0.028335989848867368, 'min_child_weight': 6}. Best is trial 0 with value: 0.941747572815534.
[I 2026-03-24 15:30:49,939] Trial 456 finished with value: 0.941747572815534 and parameters: {'n_estimators': 504, 'max_depth': 34, 'learning_rate': 0.009957723204013362, 'reg_alpha': 7.395943168926708e-06, 'reg_lambda': 0.003971348852698356, 'min_child_weight': 7}. Best is trial 0 with value: 0.941747572815534.
[I 2026-03-24 15:30:50,026] Trial 457 finished with value: 0.941747572815534 and parameters: {'n_estimators': 555, 'max_depth': 40, 'learning_rate': 0.003480696346236466, 'reg_alpha': 3.040354027162618e-05, 'reg_lambda': 0.00017667803743380775, 'min_child_weight': 6}. Best is trial 0 with value: 0.941747572815534.
[I 2026-03-24 15:30:50,126] Trial 458 finished with value: 0.941747572815534 and parameters: {'n_estimators': 711, 'max_depth': 8, 'learning_rate': 0.001003677046690073, 'reg_alpha': 2.059659941681524e-05, 'reg_lambda': 8.000112381675786e-06, 'min_child_weight': 10}. Best is trial 0 with value: 0.941747572815534.
[I 2026-03-24 15:30:50,179] Trial 459 finished with value: 0.941747572815534 and parameters: {'n_estimators': 240, 'max_depth': 45, 'learning_rate': 0.04473761588015981, 'reg_alpha': 1.396072011012623e-07, 'reg_lambda': 1.677125967362064e-05, 'min_child_weight': 7}. Best is trial 0 with value: 0.941747572815534.
[I 2026-03-24 15:30:50,308] Trial 460 finished with value: 0.941747572815534 and parameters: {'n_estimators': 999, 'max_depth': 29, 'learning_rate': 0.023961699698489075, 'reg_alpha': 0.020594074223951913, 'reg_lambda': 0.39537081140706365, 'min_child_weight': 3}. Best is trial 0 with value: 0.941747572815534.
[I 2026-03-24 15:30:50,371] Trial 461 finished with value: 0.941747572815534 and parameters: {'n_estimators': 337, 'max_depth': 50, 'learning_rate': 0.037765148493926454, 'reg_alpha': 0.000675739854308593, 'reg_lambda': 0.12212538506869815, 'min_child_weight': 2}. Best is trial 0 with value: 0.941747572815534.
[I 2026-03-24 15:30:50,461] Trial 462 finished with value: 0.941747572815534 and parameters: {'n_estimators': 617, 'max_depth': 48, 'learning_rate': 0.06012442106381633, 'reg_alpha': 0.0038450005592089577, 'reg_lambda': 0.060199139961140916, 'min_child_weight': 8}. Best is trial 0 with value: 0.941747572815534.
[I 2026-03-24 15:30:50,577] Trial 463 finished with value: 0.941747572815534 and parameters: {'n_estimators': 872, 'max_depth': 27, 'learning_rate': 0.02944353746033885, 'reg_alpha': 2.649686439633912e-07, 'reg_lambda': 0.01098832461333253, 'min_child_weight': 5}. Best is trial 0 with value: 0.941747572815534.
[I 2026-03-24 15:30:50,689] Trial 464 finished with value: 0.941747572815534 and parameters: {'n_estimators': 833, 'max_depth': 39, 'learning_rate': 0.09221683383972117, 'reg_alpha': 0.0023724194137892665, 'reg_lambda': 0.6276693341505347, 'min_child_weight': 7}. Best is trial 0 with value: 0.941747572815534.
[I 2026-03-24 15:30:50,792] Trial 465 finished with value: 0.941747572815534 and parameters: {'n_estimators': 730, 'max_depth': 16, 'learning_rate': 0.07858366270196186, 'reg_alpha': 4.792262194951557e-06, 'reg_lambda': 0.006719274989317686, 'min_child_weight': 4}. Best is trial 0 with value: 0.941747572815534.
[I 2026-03-24 15:30:50,903] Trial 466 finished with value: 0.941747572815534 and parameters: {'n_estimators': 787, 'max_depth': 43, 'learning_rate': 0.0020177864930479017, 'reg_alpha': 6.072580405619963e-07, 'reg_lambda': 3.57721677015693e-06, 'min_child_weight': 1}. Best is trial 0 with value: 0.941747572815534.
[I 2026-03-24 15:30:50,961] Trial 467 finished with value: 0.941747572815534 and parameters: {'n_estimators': 286, 'max_depth': 18, 'learning_rate': 0.0995002155797132, 'reg_alpha': 0.16281018419533447, 'reg_lambda': 2.7940722503749517e-05, 'min_child_weight': 9}. Best is trial 0 with value: 0.941747572815534.
[I 2026-03-24 15:30:51,045] Trial 468 finished with value: 0.941747572815534 and parameters: {'n_estimators': 526, 'max_depth': 7, 'learning_rate': 0.013325178665447386, 'reg_alpha': 0.6534871556744536, 'reg_lambda': 5.460216410013249e-07, 'min_child_weight': 6}. Best is trial 0 with value: 0.941747572815534.
[I 2026-03-24 15:30:51,123] Trial 469 finished with value: 0.941747572815534 and parameters: {'n_estimators': 497, 'max_depth': 32, 'learning_rate': 0.002462741243095046, 'reg_alpha': 4.383854824682831e-05, 'reg_lambda': 0.00035318847927959203, 'min_child_weight': 7}. Best is trial 0 with value: 0.941747572815534.
[I 2026-03-24 15:30:51,191] Trial 470 finished with value: 0.941747572815534 and parameters: {'n_estimators': 399, 'max_depth': 26, 'learning_rate': 0.01738638050171438, 'reg_alpha': 0.00022288783633008478, 'reg_lambda': 0.03395350963166907, 'min_child_weight': 8}. Best is trial 0 with value: 0.941747572815534.
[I 2026-03-24 15:30:51,298] Trial 471 finished with value: 0.941747572815534 and parameters: {'n_estimators': 772, 'max_depth': 35, 'learning_rate': 0.021168272543760316, 'reg_alpha': 1.4034479660201225e-08, 'reg_lambda': 8.634246926738535e-08, 'min_child_weight': 10}. Best is trial 0 with value: 0.941747572815534.
[I 2026-03-24 15:30:51,361] Trial 472 finished with value: 0.941747572815534 and parameters: {'n_estimators': 356, 'max_depth': 46, 'learning_rate': 0.004852528844237068, 'reg_alpha': 0.009709180902000961, 'reg_lambda': 0.2998382939352385, 'min_child_weight': 5}. Best is trial 0 with value: 0.941747572815534.
[I 2026-03-24 15:30:51,437] Trial 473 finished with value: 0.941747572815534 and parameters: {'n_estimators': 475, 'max_depth': 42, 'learning_rate': 0.0014719401261949034, 'reg_alpha': 0.08017881488994173, 'reg_lambda': 9.839146157702987e-07, 'min_child_weight': 6}. Best is trial 0 with value: 0.941747572815534.
[I 2026-03-24 15:30:51,529] Trial 474 finished with value: 0.941747572815534 and parameters: {'n_estimators': 631, 'max_depth': 38, 'learning_rate': 0.0525406386977498, 'reg_alpha': 0.0010658766291595648, 'reg_lambda': 0.00014565267080249961, 'min_child_weight': 1}. Best is trial 0 with value: 0.941747572815534.
[I 2026-03-24 15:30:51,655] Trial 475 finished with value: 0.941747572815534 and parameters: {'n_estimators': 947, 'max_depth': 30, 'learning_rate': 0.06874461190336506, 'reg_alpha': 1.0257447380878569e-06, 'reg_lambda': 0.021049218109157105, 'min_child_weight': 7}. Best is trial 0 with value: 0.941747572815534.
[I 2026-03-24 15:30:51,759] Trial 476 finished with value: 0.941747572815534 and parameters: {'n_estimators': 747, 'max_depth': 47, 'learning_rate': 0.03513043607862304, 'reg_alpha': 5.148537878670198e-08, 'reg_lambda': 0.001231831229123038, 'min_child_weight': 4}. Best is trial 0 with value: 0.941747572815534.
[I 2026-03-24 15:30:51,830] Trial 477 finished with value: 0.941747572815534 and parameters: {'n_estimators': 433, 'max_depth': 44, 'learning_rate': 0.007235894334636585, 'reg_alpha': 3.4758772967786075e-07, 'reg_lambda': 7.687953179342751e-05, 'min_child_weight': 7}. Best is trial 0 with value: 0.941747572815534.
[I 2026-03-24 15:30:51,940] Trial 478 finished with value: 0.941747572815534 and parameters: {'n_estimators': 810, 'max_depth': 13, 'learning_rate': 0.0012143722146579561, 'reg_alpha': 2.7040016902676297e-06, 'reg_lambda': 0.13475643034501997, 'min_child_weight': 8}. Best is trial 0 with value: 0.941747572815534.
[I 2026-03-24 15:30:52,004] Trial 479 finished with value: 0.941747572815534 and parameters: {'n_estimators': 369, 'max_depth': 41, 'learning_rate': 0.002725705887621911, 'reg_alpha': 1.0406586075140765e-07, 'reg_lambda': 0.0024702982668370122, 'min_child_weight': 6}. Best is trial 0 with value: 0.941747572815534.
[I 2026-03-24 15:30:52,091] Trial 480 finished with value: 0.941747572815534 and parameters: {'n_estimators': 595, 'max_depth': 36, 'learning_rate': 0.012479746090699911, 'reg_alpha': 0.006478251864228316, 'reg_lambda': 0.08493121944997731, 'min_child_weight': 6}. Best is trial 0 with value: 0.941747572815534.
[I 2026-03-24 15:30:52,149] Trial 481 finished with value: 0.941747572815534 and parameters: {'n_estimators': 311, 'max_depth': 40, 'learning_rate': 0.006026093891762101, 'reg_alpha': 9.62362741577931e-05, 'reg_lambda': 0.0004955944848237194, 'min_child_weight': 9}. Best is trial 0 with value: 0.941747572815534.
[I 2026-03-24 15:30:52,266] Trial 482 finished with value: 0.941747572815534 and parameters: {'n_estimators': 905, 'max_depth': 21, 'learning_rate': 0.025814589159761363, 'reg_alpha': 2.438851230294137e-08, 'reg_lambda': 1.861310990379342e-06, 'min_child_weight': 2}. Best is trial 0 with value: 0.941747572815534.
[I 2026-03-24 15:30:52,341] Trial 483 finished with value: 0.941747572815534 and parameters: {'n_estimators': 463, 'max_depth': 37, 'learning_rate': 0.032078021243803226, 'reg_alpha': 0.044794547927389176, 'reg_lambda': 0.00026815716408245356, 'min_child_weight': 3}. Best is trial 0 with value: 0.941747572815534.
[I 2026-03-24 15:30:52,427] Trial 484 finished with value: 0.941747572815534 and parameters: {'n_estimators': 574, 'max_depth': 10, 'learning_rate': 0.002943537119718231, 'reg_alpha': 1.0133866930740763e-05, 'reg_lambda': 0.05425292700284709, 'min_child_weight': 7}. Best is trial 0 with value: 0.941747572815534.
[I 2026-03-24 15:30:52,541] Trial 485 finished with value: 0.941747572815534 and parameters: {'n_estimators': 852, 'max_depth': 7, 'learning_rate': 0.00433189307337644, 'reg_alpha': 0.029329376713856017, 'reg_lambda': 2.8797957616860665e-08, 'min_child_weight': 4}. Best is trial 0 with value: 0.941747572815534.
[I 2026-03-24 15:30:52,622] Trial 486 finished with value: 0.941747572815534 and parameters: {'n_estimators': 535, 'max_depth': 49, 'learning_rate': 0.0016264497973664605, 'reg_alpha': 2.0121934001063692e-07, 'reg_lambda': 0.22364174167242415, 'min_child_weight': 5}. Best is trial 0 with value: 0.941747572815534.
[I 2026-03-24 15:30:52,689] Trial 487 finished with value: 0.941747572815534 and parameters: {'n_estimators': 388, 'max_depth': 33, 'learning_rate': 0.04870313903098197, 'reg_alpha': 6.604085751307111e-06, 'reg_lambda': 0.0008221215851138931, 'min_child_weight': 10}. Best is trial 0 with value: 0.941747572815534.
