[I 2026-03-24 15:31:39,352] Trial 176 finished with value: 0.941747572815534 and parameters: {'n_estimators': 749, 'max_depth': 16, 'learning_rate': 0.00103898541791256, 'reg_alpha': 3.668430503395452e-05, 'reg_lambda': 0.0005839312817999137, 'min_child_weight': 2}. Best is trial 0 with value: 0.941747572815534.
[I 2026-03-24 15:31:39,498] Trial 177 finished with value: 0.941747572815534 and parameters: {'n_estimators': 998, 'max_depth': 43, 'learning_rate': 0.008093268290961115, 'reg_alpha': 0.0038329902516621582, 'reg_lambda': 1.63430282540424e-06, 'min_child_weight': 8}. Best is trial 0 with value: 0.941747572815534.
[I 2026-03-24 15:31:39,563] Trial 178 finished with value: 0.941747572815534 and parameters: {'n_estimators': 322, 'max_depth': 28, 'learning_rate': 0.009928037321909926, 'reg_alpha': 2.3270263557251462e-08, 'reg_lambda': 0.011240210076632751, 'min_child_weight': 6}. Best is trial 0 with value: 0.941747572815534.
[I 2026-03-24 15:31:39,668] Trial 179 finished with value: 0.941747572815534 and parameters: {'n_estimators': 642, 'max_depth': 49, 'learning_rate': 0.00341567964323311, 'reg_alpha': 7.636819064427286e-06, 'reg_lambda': 8.781217759746098e-05, 'min_child_weight': 3}. Best is trial 0 with value: 0.941747572815534.
[I 2026-03-24 15:31:39,720] Trial 180 finished with value: 0.941747572815534 and parameters: {'n_estimators': 216, 'max_depth': 48, 'learning_rate': 0.005453271338560282, 'reg_alpha': 3.4767724652206034e-08, 'reg_lambda': 0.9735545539206772, 'min_child_weight': 9}. Best is trial 0 with value: 0.941747572815534.
[I 2026-03-24 15:31:39,810] Trial 181 finished with value: 0.941747572815534 and parameters: {'n_estimators': 534, 'max_depth': 33, 'learning_rate': 0.04955213701824444, 'reg_alpha': 1.200059177241737e-06, 'reg_lambda': 0.006865237311192489, 'min_child_weight': 10}. Best is trial 0 with value: 0.941747572815534.
[I 2026-03-24 15:31:39,884] Trial 182 finished with value: 0.941747572815534 and parameters: {'n_estimators': 401, 'max_depth': 37, 'learning_rate': 0.04253569421878987, 'reg_alpha': 0.5911568534611374, 'reg_lambda': 0.0032460422796037392, 'min_child_weight': 10}. Best is trial 0 with value: 0.941747572815534.
[I 2026-03-24 15:31:39,964] Trial 183 finished with value: 0.941747572815534 and parameters: {'n_estimators': 450, 'max_depth': 32, 'learning_rate': 0.060768373301424185, 'reg_alpha': 4.383224189392527e-07, 'reg_lambda': 1.3451127434235088e-08, 'min_child_weight': 10}. Best is trial 0 with value: 0.941747572815534.
[I 2026-03-24 15:31:40,086] Trial 184 finished with value: 0.941747572815534 and parameters: {'n_estimators': 786, 'max_depth': 36, 'learning_rate': 0.05546215627231871, 'reg_alpha': 3.7654444864078017e-06, 'reg_lambda': 4.0495429049409415e-06, 'min_child_weight': 10}. Best is trial 0 with value: 0.941747572815534.
[I 2026-03-24 15:31:40,171] Trial 185 finished with value: 0.941747572815534 and parameters: {'n_estimators': 479, 'max_depth': 19, 'learning_rate': 0.0026823254792455306, 'reg_alpha': 2.438500368923747e-06, 'reg_lambda': 0.00047031582654276046, 'min_child_weight': 9}. Best is trial 0 with value: 0.941747572815534.
[I 2026-03-24 15:31:40,279] Trial 186 finished with value: 0.941747572815534 and parameters: {'n_estimators': 686, 'max_depth': 23, 'learning_rate': 0.011461940001952336, 'reg_alpha': 7.674136332752229e-08, 'reg_lambda': 0.022487747246945404, 'min_child_weight': 6}. Best is trial 0 with value: 0.941747572815534.
[I 2026-03-24 15:31:40,349] Trial 187 finished with value: 0.941747572815534 and parameters: {'n_estimators': 356, 'max_depth': 29, 'learning_rate': 0.08983205482474593, 'reg_alpha': 2.882614584048423e-07, 'reg_lambda': 0.001662374094353759, 'min_child_weight': 8}. Best is trial 0 with value: 0.941747572815534.
[I 2026-03-24 15:31:40,491] Trial 188 finished with value: 0.941747572815534 and parameters: {'n_estimators': 977, 'max_depth': 27, 'learning_rate': 0.07137235755338811, 'reg_alpha': 5.188905818434515e-06, 'reg_lambda': 3.570039140812014e-07, 'min_child_weight': 4}. Best is trial 0 with value: 0.941747572815534.
[I 2026-03-24 15:31:40,581] Trial 189 finished with value: 0.941747572815534 and parameters: {'n_estimators': 510, 'max_depth': 25, 'learning_rate': 0.034675196539563136, 'reg_alpha': 6.722647891004318e-07, 'reg_lambda': 0.00019554562799771905, 'min_child_weight': 2}. Best is trial 0 with value: 0.941747572815534.
[I 2026-03-24 15:31:40,718] Trial 190 finished with value: 0.941747572815534 and parameters: {'n_estimators': 905, 'max_depth': 34, 'learning_rate': 0.044826803943392, 'reg_alpha': 1.2566674244397687e-08, 'reg_lambda': 7.029775297085711e-07, 'min_child_weight': 5}. Best is trial 0 with value: 0.941747572815534.
[I 2026-03-24 15:31:40,819] Trial 191 finished with value: 0.941747572815534 and parameters: {'n_estimators': 612, 'max_depth': 24, 'learning_rate': 0.001609921197395639, 'reg_alpha': 0.00014762603811188505, 'reg_lambda': 4.308195689221365e-05, 'min_child_weight': 4}. Best is trial 0 with value: 0.941747572815534.
[I 2026-03-24 15:31:40,925] Trial 192 finished with value: 0.941747572815534 and parameters: {'n_estimators': 665, 'max_depth': 21, 'learning_rate': 0.0030575643994885664, 'reg_alpha': 0.0004789800850869394, 'reg_lambda': 4.966753678209408e-05, 'min_child_weight': 4}. Best is trial 0 with value: 0.941747572815534.
[I 2026-03-24 15:31:41,031] Trial 193 finished with value: 0.941747572815534 and parameters: {'n_estimators': 653, 'max_depth': 50, 'learning_rate': 0.0036319987330976256, 'reg_alpha': 0.0014078994576985672, 'reg_lambda': 4.100244602662019e-08, 'min_child_weight': 4}. Best is trial 0 with value: 0.941747572815534.
[I 2026-03-24 15:31:41,145] Trial 194 finished with value: 0.941747572815534 and parameters: {'n_estimators': 715, 'max_depth': 22, 'learning_rate': 0.0014223901558807566, 'reg_alpha': 6.421122676018861e-05, 'reg_lambda': 0.000889717436385271, 'min_child_weight': 9}. Best is trial 0 with value: 0.941747572815534.
[I 2026-03-24 15:31:41,221] Trial 195 finished with value: 0.941747572815534 and parameters: {'n_estimators': 421, 'max_depth': 23, 'learning_rate': 0.001969876054633223, 'reg_alpha': 0.0002056850196803799, 'reg_lambda': 3.1352453356521704e-05, 'min_child_weight': 4}. Best is trial 0 with value: 0.941747572815534.
[I 2026-03-24 15:31:41,363] Trial 196 finished with value: 0.941747572815534 and parameters: {'n_estimators': 946, 'max_depth': 17, 'learning_rate': 0.0019003363630242652, 'reg_alpha': 0.00027646208695093153, 'reg_lambda': 1.4492231316095614e-05, 'min_child_weight': 7}. Best is trial 0 with value: 0.941747572815534.
[I 2026-03-24 15:31:41,527] Trial 197 finished with value: 0.941747572815534 and parameters: {'n_estimators': 595, 'max_depth': 38, 'learning_rate': 0.0017021069795659827, 'reg_alpha': 0.00011000150775762969, 'reg_lambda': 0.0040244448581160785, 'min_child_weight': 1}. Best is trial 0 with value: 0.941747572815534.
[I 2026-03-24 15:31:41,626] Trial 198 finished with value: 0.941747572815534 and parameters: {'n_estimators': 561, 'max_depth': 20, 'learning_rate': 0.012841458511035178, 'reg_alpha': 1.8915694086040798e-06, 'reg_lambda': 0.0012995955436817086, 'min_child_weight': 10}. Best is trial 0 with value: 0.941747572815534.
[I 2026-03-24 15:31:41,689] Trial 199 finished with value: 0.941747572815534 and parameters: {'n_estimators': 289, 'max_depth': 26, 'learning_rate': 0.08224285531530416, 'reg_alpha': 0.00039493792273747534, 'reg_lambda': 6.987332696441842e-08, 'min_child_weight': 3}. Best is trial 0 with value: 0.941747572815534.
[I 2026-03-24 15:31:41,811] Trial 200 finished with value: 0.941747572815534 and parameters: {'n_estimators': 734, 'max_depth': 40, 'learning_rate': 0.0025368230158659346, 'reg_alpha': 9.370806900166815e-07, 'reg_lambda': 7.404788278913329e-06, 'min_child_weight': 5}. Best is trial 0 with value: 0.941747572815534.
[I 2026-03-24 15:31:41,894] Trial 201 finished with value: 0.941747572815534 and parameters: {'n_estimators': 437, 'max_depth': 14, 'learning_rate': 0.016113419285256968, 'reg_alpha': 0.25022795334351017, 'reg_lambda': 1.9463070327826953e-08, 'min_child_weight': 7}. Best is trial 0 with value: 0.941747572815534.
[I 2026-03-24 15:31:41,979] Trial 202 finished with value: 0.941747572815534 and parameters: {'n_estimators': 463, 'max_depth': 12, 'learning_rate': 0.018954950658504336, 'reg_alpha': 0.8601226927055128, 'reg_lambda': 1.4472397981085632e-07, 'min_child_weight': 7}. Best is trial 0 with value: 0.941747572815534.
[I 2026-03-24 15:31:42,055] Trial 203 finished with value: 0.941747572815534 and parameters: {'n_estimators': 389, 'max_depth': 15, 'learning_rate': 0.010623203158607345, 'reg_alpha': 0.12339906593880287, 'reg_lambda': 9.863150128979979e-08, 'min_child_weight': 7}. Best is trial 0 with value: 0.941747572815534.
[I 2026-03-24 15:31:42,134] Trial 204 finished with value: 0.941747572815534 and parameters: {'n_estimators': 405, 'max_depth': 10, 'learning_rate': 0.02215474133201529, 'reg_alpha': 0.0025467377592650656, 'reg_lambda': 1.0024769519187093e-08, 'min_child_weight': 7}. Best is trial 0 with value: 0.941747572815534.
[I 2026-03-24 15:31:42,205] Trial 205 finished with value: 0.941747572815534 and parameters: {'n_estimators': 376, 'max_depth': 8, 'learning_rate': 0.001194522509376506, 'reg_alpha': 0.4493750110345937, 'reg_lambda': 3.087717971767989e-08, 'min_child_weight': 4}. Best is trial 0 with value: 0.941747572815534.
[I 2026-03-24 15:31:42,356] Trial 206 finished with value: 0.941747572815534 and parameters: {'n_estimators': 970, 'max_depth': 13, 'learning_rate': 0.009514514592865128, 'reg_alpha': 4.5024693786806317e-08, 'reg_lambda': 0.0003652809852732998, 'min_child_weight': 8}. Best is trial 0 with value: 0.941747572815534.
[I 2026-03-24 15:31:42,463] Trial 207 finished with value: 0.941747572815534 and parameters: {'n_estimators': 622, 'max_depth': 35, 'learning_rate': 0.015221451744587389, 'reg_alpha': 0.0690634015965978, 'reg_lambda': 9.046366795594482e-07, 'min_child_weight': 6}. Best is trial 0 with value: 0.941747572815534.
[I 2026-03-24 15:31:42,594] Trial 208 finished with value: 0.941747572815534 and parameters: {'n_estimators': 817, 'max_depth': 17, 'learning_rate': 0.031041670758470617, 'reg_alpha': 1.9025476488521405e-08, 'reg_lambda': 4.438794774737404e-07, 'min_child_weight': 2}. Best is trial 0 with value: 0.941747572815534.
[I 2026-03-24 15:31:42,664] Trial 209 finished with value: 0.941747572815534 and parameters: {'n_estimators': 336, 'max_depth': 25, 'learning_rate': 0.004147630925568352, 'reg_alpha': 0.0007328519852226931, 'reg_lambda': 0.14707242529844158, 'min_child_weight': 3}. Best is trial 0 with value: 0.941747572815534.
[I 2026-03-24 15:31:42,746] Trial 210 finished with value: 0.941747572815534 and parameters: {'n_estimators': 426, 'max_depth': 15, 'learning_rate': 0.025200532301084478, 'reg_alpha': 1.0446469747290919e-07, 'reg_lambda': 0.0006932839894728169, 'min_child_weight': 9}. Best is trial 0 with value: 0.941747572815534.
[I 2026-03-24 15:31:42,900] Trial 211 finished with value: 0.941747572815534 and parameters: {'n_estimators': 986, 'max_depth': 30, 'learning_rate': 0.0012585081352582922, 'reg_alpha': 3.657258669336334e-07, 'reg_lambda': 3.952247495679926e-06, 'min_child_weight': 9}. Best is trial 0 with value: 0.941747572815534.
[I 2026-03-24 15:31:43,045] Trial 212 finished with value: 0.941747572815534 and parameters: {'n_estimators': 924, 'max_depth': 33, 'learning_rate': 0.0011574722498596877, 'reg_alpha': 0.009552569183606948, 'reg_lambda': 2.2400454249781665e-06, 'min_child_weight': 9}. Best is trial 0 with value: 0.941747572815534.
[I 2026-03-24 15:31:43,197] Trial 213 finished with value: 0.941747572815534 and parameters: {'n_estimators': 962, 'max_depth': 35, 'learning_rate': 0.03998727843949306, 'reg_alpha': 2.181282381830149e-07, 'reg_lambda': 8.028357796063485e-06, 'min_child_weight': 9}. Best is trial 0 with value: 0.941747572815534.
[I 2026-03-24 15:31:43,308] Trial 214 finished with value: 0.941747572815534 and parameters: {'n_estimators': 648, 'max_depth': 31, 'learning_rate': 0.0010725882022126888, 'reg_alpha': 0.028881266279217898, 'reg_lambda': 1.4837326790457948e-06, 'min_child_weight': 10}. Best is trial 0 with value: 0.941747572815534.
[I 2026-03-24 15:31:43,374] Trial 215 finished with value: 0.941747572815534 and parameters: {'n_estimators': 307, 'max_depth': 6, 'learning_rate': 0.0010357520394567137, 'reg_alpha': 0.17296558899992232, 'reg_lambda': 3.25213691052646e-06, 'min_child_weight': 4}. Best is trial 0 with value: 0.941747572815534.
[I 2026-03-24 15:31:43,479] Trial 216 finished with value: 0.941747572815534 and parameters: {'n_estimators': 602, 'max_depth': 33, 'learning_rate': 0.051715078239987076, 'reg_alpha': 5.404581261884051e-07, 'reg_lambda': 1.316656655036332e-08, 'min_child_weight': 8}. Best is trial 0 with value: 0.941747572815534.
[I 2026-03-24 15:31:43,565] Trial 217 finished with value: 0.941747572815534 and parameters: {'n_estimators': 497, 'max_depth': 46, 'learning_rate': 0.002304365530393557, 'reg_alpha': 1.1559353467658509e-06, 'reg_lambda': 5.760600397750842e-06, 'min_child_weight': 9}. Best is trial 0 with value: 0.941747572815534.
[I 2026-03-24 15:31:43,672] Trial 218 finished with value: 0.9306930693069307 and parameters: {'n_estimators': 369, 'max_depth': 34, 'learning_rate': 0.004597938228589387, 'reg_alpha': 3.5630979963507514e-06, 'reg_lambda': 7.477309727536803e-05, 'min_child_weight': 1}. Best is trial 0 with value: 0.941747572815534.
[I 2026-03-24 15:31:43,773] Trial 219 finished with value: 0.941747572815534 and parameters: {'n_estimators': 634, 'max_depth': 18, 'learning_rate': 0.00698198543036877, 'reg_alpha': 5.214397409581381e-05, 'reg_lambda': 1.0661410588564242e-05, 'min_child_weight': 6}. Best is trial 0 with value: 0.941747572815534.
[I 2026-03-24 15:31:43,902] Trial 220 finished with value: 0.941747572815534 and parameters: {'n_estimators': 851, 'max_depth': 26, 'learning_rate': 0.0032790553711034634, 'reg_alpha': 1.6681192534137417e-06, 'reg_lambda': 0.00024078582004164714, 'min_child_weight': 10}. Best is trial 0 with value: 0.941747572815534.
[I 2026-03-24 15:31:43,953] Trial 221 finished with value: 0.941747572815534 and parameters: {'n_estimators': 206, 'max_depth': 45, 'learning_rate': 0.07627676605635748, 'reg_alpha': 1.5921017178753637e-07, 'reg_lambda': 1.4945192700567907e-05, 'min_child_weight': 9}. Best is trial 0 with value: 0.941747572815534.
[I 2026-03-24 15:31:44,008] Trial 222 finished with value: 0.941747572815534 and parameters: {'n_estimators': 237, 'max_depth': 43, 'learning_rate': 0.0018701340759934438, 'reg_alpha': 8.136569119114981e-08, 'reg_lambda': 1.879112128836144e-05, 'min_child_weight': 9}. Best is trial 0 with value: 0.941747572815534.
[I 2026-03-24 15:31:44,061] Trial 223 finished with value: 0.941747572815534 and parameters: {'n_estimators': 223, 'max_depth': 44, 'learning_rate': 0.0015289649686358508, 'reg_alpha': 3.057976312622015e-07, 'reg_lambda': 8.61207419777309e-06, 'min_child_weight': 9}. Best is trial 0 with value: 0.941747572815534.
[I 2026-03-24 15:31:44,118] Trial 224 finished with value: 0.941747572815534 and parameters: {'n_estimators': 258, 'max_depth': 36, 'learning_rate': 0.00180915719212347, 'reg_alpha': 1.3252213061531305e-07, 'reg_lambda': 4.663531123759755e-06, 'min_child_weight': 9}. Best is trial 0 with value: 0.941747572815534.
[I 2026-03-24 15:31:44,171] Trial 225 finished with value: 0.941747572815534 and parameters: {'n_estimators': 220, 'max_depth': 49, 'learning_rate': 0.09371843437702347, 'reg_alpha': 4.609482170411807e-08, 'reg_lambda': 0.00013310139239885863, 'min_child_weight': 4}. Best is trial 0 with value: 0.941747572815534.
[I 2026-03-24 15:31:44,241] Trial 226 finished with value: 0.941747572815534 and parameters: {'n_estimators': 354, 'max_depth': 47, 'learning_rate': 0.002189557909100824, 'reg_alpha': 4.6395783016597483e-07, 'reg_lambda': 2.0903338539136084e-08, 'min_child_weight': 5}. Best is trial 0 with value: 0.941747572815534.
[I 2026-03-24 15:31:44,387] Trial 227 finished with value: 0.941747572815534 and parameters: {'n_estimators': 1000, 'max_depth': 50, 'learning_rate': 0.03635397294590434, 'reg_alpha': 2.9613977690890282e-05, 'reg_lambda': 0.0003996561591192719, 'min_child_weight': 8}. Best is trial 0 with value: 0.941747572815534.
[I 2026-03-24 15:31:44,497] Trial 228 finished with value: 0.941747572815534 and parameters: {'n_estimators': 697, 'max_depth': 24, 'learning_rate': 0.013602494455333236, 'reg_alpha': 2.198956723125181e-07, 'reg_lambda': 0.0022454898903756307, 'min_child_weight': 6}. Best is trial 0 with value: 0.941747572815534.
[I 2026-03-24 15:31:44,641] Trial 229 finished with value: 0.941747572815534 and parameters: {'n_estimators': 940, 'max_depth': 28, 'learning_rate': 0.0028450307443841274, 'reg_alpha': 6.898414138189191e-08, 'reg_lambda': 0.0172998253294594, 'min_child_weight': 7}. Best is trial 0 with value: 0.941747572815534.
[I 2026-03-24 15:31:44,704] Trial 230 finished with value: 0.941747572815534 and parameters: {'n_estimators': 274, 'max_depth': 48, 'learning_rate': 0.001000105763508434, 'reg_alpha': 7.630793607669189e-06, 'reg_lambda': 2.7269499037369954e-07, 'min_child_weight': 9}. Best is trial 0 with value: 0.941747572815534.
[I 2026-03-24 15:31:44,841] Trial 231 finished with value: 0.941747572815534 and parameters: {'n_estimators': 906, 'max_depth': 29, 'learning_rate': 0.0020771018607060447, 'reg_alpha': 7.546780425032295e-07, 'reg_lambda': 1.7078094618700143e-06, 'min_child_weight': 8}. Best is trial 0 with value: 0.941747572815534.
[I 2026-03-24 15:31:44,971] Trial 232 finished with value: 0.941747572815534 and parameters: {'n_estimators': 855, 'max_depth': 31, 'learning_rate': 0.00905004538788787, 'reg_alpha': 2.331130556461301e-06, 'reg_lambda': 1.1325667255963786e-06, 'min_child_weight': 9}. Best is trial 0 with value: 0.941747572815534.
[I 2026-03-24 15:31:45,095] Trial 233 finished with value: 0.941747572815534 and parameters: {'n_estimators': 812, 'max_depth': 32, 'learning_rate': 0.0017434158162197867, 'reg_alpha': 5.511615286196904e-07, 'reg_lambda': 2.235605859310678e-06, 'min_child_weight': 7}. Best is trial 0 with value: 0.941747572815534.
[I 2026-03-24 15:31:45,203] Trial 234 finished with value: 0.941747572815534 and parameters: {'n_estimators': 674, 'max_depth': 30, 'learning_rate': 0.0013980086809670064, 'reg_alpha': 3.5212191038349655e-07, 'reg_lambda': 3.077763903337329e-06, 'min_child_weight': 10}. Best is trial 0 with value: 0.941747572815534.
[I 2026-03-24 15:31:45,326] Trial 235 finished with value: 0.941747572815534 and parameters: {'n_estimators': 775, 'max_depth': 41, 'learning_rate': 0.0038077855713827026, 'reg_alpha': 8.530317576207743e-07, 'reg_lambda': 7.233967487791924e-06, 'min_child_weight': 5}. Best is trial 0 with value: 0.941747572815534.
[I 2026-03-24 15:31:45,463] Trial 236 finished with value: 0.941747572815534 and parameters: {'n_estimators': 867, 'max_depth': 34, 'learning_rate': 0.010672952200013365, 'reg_alpha': 2.7413053972203763e-08, 'reg_lambda': 5.726526917764824e-07, 'min_child_weight': 3}. Best is trial 0 with value: 0.941747572815534.
[I 2026-03-24 15:31:45,582] Trial 237 finished with value: 0.941747572815534 and parameters: {'n_estimators': 752, 'max_depth': 39, 'learning_rate': 0.001631206765357548, 'reg_alpha': 1.3792034147606457e-06, 'reg_lambda': 0.010723808205137584, 'min_child_weight': 4}. Best is trial 0 with value: 0.941747572815534.
[I 2026-03-24 15:31:45,714] Trial 238 finished with value: 0.941747572815534 and parameters: {'n_estimators': 871, 'max_depth': 21, 'learning_rate': 0.0013257498082278614, 'reg_alpha': 2.69741399912323e-06, 'reg_lambda': 2.4073553281432356e-05, 'min_child_weight': 9}. Best is trial 0 with value: 0.941747572815534.
[I 2026-03-24 15:31:45,844] Trial 239 finished with value: 0.941747572815534 and parameters: {'n_estimators': 832, 'max_depth': 46, 'learning_rate': 0.02013422762769264, 'reg_alpha': 2.726402907995629e-07, 'reg_lambda': 7.58233992807401e-07, 'min_child_weight': 8}. Best is trial 0 with value: 0.941747572815534.
[I 2026-03-24 15:31:45,970] Trial 240 finished with value: 0.941747572815534 and parameters: {'n_estimators': 827, 'max_depth': 8, 'learning_rate': 0.08181411715671136, 'reg_alpha': 5.101561842285661e-06, 'reg_lambda': 0.04742161125912309, 'min_child_weight': 7}. Best is trial 0 with value: 0.941747572815534.
[I 2026-03-24 15:31:46,064] Trial 241 finished with value: 0.941747572815534 and parameters: {'n_estimators': 552, 'max_depth': 23, 'learning_rate': 0.004213745998447893, 'reg_alpha': 1.2914402610715283e-05, 'reg_lambda': 1.7760282896645527e-07, 'min_child_weight': 8}. Best is trial 0 with value: 0.941747572815534.
[I 2026-03-24 15:31:46,154] Trial 242 finished with value: 0.941747572815534 and parameters: {'n_estimators': 520, 'max_depth': 20, 'learning_rate': 0.0034678657731580477, 'reg_alpha': 4.241206474619585e-06, 'reg_lambda': 4.287609530391282e-07, 'min_child_weight': 8}. Best is trial 0 with value: 0.941747572815534.
[I 2026-03-24 15:31:46,249] Trial 243 finished with value: 0.941747572815534 and parameters: {'n_estimators': 566, 'max_depth': 22, 'learning_rate': 0.005150475427253832, 'reg_alpha': 1.8047304097229594e-05, 'reg_lambda': 4.962572817177469e-08, 'min_child_weight': 8}. Best is trial 0 with value: 0.941747572815534.
[I 2026-03-24 15:31:46,346] Trial 244 finished with value: 0.941747572815534 and parameters: {'n_estimators': 586, 'max_depth': 24, 'learning_rate': 0.006228736423578527, 'reg_alpha': 9.024592424397323e-05, 'reg_lambda': 1.0241415163278105e-06, 'min_child_weight': 9}. Best is trial 0 with value: 0.941747572815534.
