[I 2026-03-24 15:43:12,299] Trial 663 finished with value: 0.9154228855721394 and parameters: {'n_estimators': 932, 'max_depth': 33, 'learning_rate': 0.0034418092692400765, 'reg_alpha': 0.2908640430652162, 'reg_lambda': 0.00010021662570525995, 'min_child_weight': 8}. Best is trial 112 with value: 0.92.
[I 2026-03-24 15:43:12,572] Trial 664 finished with value: 0.92 and parameters: {'n_estimators': 971, 'max_depth': 29, 'learning_rate': 0.003780021833767822, 'reg_alpha': 0.035395712088405744, 'reg_lambda': 4.646256919725365e-06, 'min_child_weight': 1}. Best is trial 112 with value: 0.92.
[I 2026-03-24 15:43:12,805] Trial 665 finished with value: 0.92 and parameters: {'n_estimators': 822, 'max_depth': 31, 'learning_rate': 0.0046740595799113945, 'reg_alpha': 0.049673680968488024, 'reg_lambda': 0.00030843009615187634, 'min_child_weight': 1}. Best is trial 112 with value: 0.92.
[I 2026-03-24 15:43:13,091] Trial 666 finished with value: 0.92 and parameters: {'n_estimators': 977, 'max_depth': 32, 'learning_rate': 0.0029489572419182796, 'reg_alpha': 0.02578862887402113, 'reg_lambda': 6.687715061306225e-05, 'min_child_weight': 1}. Best is trial 112 with value: 0.92.
[I 2026-03-24 15:43:13,208] Trial 667 finished with value: 0.9154228855721394 and parameters: {'n_estimators': 323, 'max_depth': 33, 'learning_rate': 0.0041895674397924645, 'reg_alpha': 0.0017059122040440303, 'reg_lambda': 4.4897886913863465e-05, 'min_child_weight': 1}. Best is trial 112 with value: 0.92.
[I 2026-03-24 15:43:13,496] Trial 668 finished with value: 0.92 and parameters: {'n_estimators': 954, 'max_depth': 34, 'learning_rate': 0.003307100524649495, 'reg_alpha': 7.3784120682797255e-06, 'reg_lambda': 9.988541447870277e-06, 'min_child_weight': 1}. Best is trial 112 with value: 0.92.
[I 2026-03-24 15:43:13,764] Trial 669 finished with value: 0.92 and parameters: {'n_estimators': 986, 'max_depth': 26, 'learning_rate': 0.005388487011008649, 'reg_alpha': 0.013798981991321417, 'reg_lambda': 0.2188257734063129, 'min_child_weight': 1}. Best is trial 112 with value: 0.92.
[I 2026-03-24 15:43:14,038] Trial 670 finished with value: 0.92 and parameters: {'n_estimators': 1000, 'max_depth': 30, 'learning_rate': 0.0037065746154518694, 'reg_alpha': 0.09340353431643549, 'reg_lambda': 2.923897245487877e-05, 'min_child_weight': 1}. Best is trial 112 with value: 0.92.
[I 2026-03-24 15:43:14,303] Trial 671 finished with value: 0.92 and parameters: {'n_estimators': 962, 'max_depth': 35, 'learning_rate': 0.004430582487352474, 'reg_alpha': 0.03773383711737168, 'reg_lambda': 1.8294259843463503e-05, 'min_child_weight': 1}. Best is trial 112 with value: 0.92.
[I 2026-03-24 15:43:14,562] Trial 672 finished with value: 0.92 and parameters: {'n_estimators': 940, 'max_depth': 32, 'learning_rate': 0.003917079944503478, 'reg_alpha': 0.0663835550472201, 'reg_lambda': 5.903041335212407e-07, 'min_child_weight': 1}. Best is trial 112 with value: 0.92.
[I 2026-03-24 15:43:14,843] Trial 673 finished with value: 0.92 and parameters: {'n_estimators': 975, 'max_depth': 31, 'learning_rate': 0.003469379456992518, 'reg_alpha': 0.027182686769438337, 'reg_lambda': 7.883568272195602e-05, 'min_child_weight': 1}. Best is trial 112 with value: 0.92.
[I 2026-03-24 15:43:15,083] Trial 674 finished with value: 0.9154228855721394 and parameters: {'n_estimators': 986, 'max_depth': 29, 'learning_rate': 0.0023223157952484102, 'reg_alpha': 0.04863623432120494, 'reg_lambda': 0.00012874290285868272, 'min_child_weight': 2}. Best is trial 112 with value: 0.92.
[I 2026-03-24 15:43:15,355] Trial 675 finished with value: 0.92 and parameters: {'n_estimators': 1000, 'max_depth': 31, 'learning_rate': 0.004199794462472649, 'reg_alpha': 0.10979014629051081, 'reg_lambda': 5.406298112538962e-05, 'min_child_weight': 1}. Best is trial 112 with value: 0.92.
[I 2026-03-24 15:43:15,610] Trial 676 finished with value: 0.92 and parameters: {'n_estimators': 920, 'max_depth': 33, 'learning_rate': 0.004782399201452367, 'reg_alpha': 0.20195879707071013, 'reg_lambda': 3.602428110081314e-05, 'min_child_weight': 1}. Best is trial 112 with value: 0.92.
[I 2026-03-24 15:43:15,891] Trial 677 finished with value: 0.92 and parameters: {'n_estimators': 964, 'max_depth': 34, 'learning_rate': 0.0030636739893828502, 'reg_alpha': 0.01877977157640929, 'reg_lambda': 0.00018492218280623325, 'min_child_weight': 1}. Best is trial 112 with value: 0.92.
[I 2026-03-24 15:43:16,157] Trial 678 finished with value: 0.92 and parameters: {'n_estimators': 975, 'max_depth': 36, 'learning_rate': 0.0037691070651784835, 'reg_alpha': 0.07861641156155334, 'reg_lambda': 2.6740107723798945e-05, 'min_child_weight': 1}. Best is trial 112 with value: 0.92.
[I 2026-03-24 15:43:16,371] Trial 679 finished with value: 0.92 and parameters: {'n_estimators': 699, 'max_depth': 31, 'learning_rate': 0.003472568732483475, 'reg_alpha': 0.03829955645771012, 'reg_lambda': 7.153941494250404e-05, 'min_child_weight': 1}. Best is trial 112 with value: 0.92.
[I 2026-03-24 15:43:16,642] Trial 680 finished with value: 0.92 and parameters: {'n_estimators': 948, 'max_depth': 32, 'learning_rate': 0.0028751386262392564, 'reg_alpha': 0.0614937878103426, 'reg_lambda': 4.339063014085684e-05, 'min_child_weight': 1}. Best is trial 112 with value: 0.92.
[I 2026-03-24 15:43:16,913] Trial 681 finished with value: 0.92 and parameters: {'n_estimators': 984, 'max_depth': 33, 'learning_rate': 0.004091196952563089, 'reg_alpha': 0.03297463812971848, 'reg_lambda': 0.00011245081963938354, 'min_child_weight': 1}. Best is trial 112 with value: 0.92.
[I 2026-03-24 15:43:17,176] Trial 682 finished with value: 0.92 and parameters: {'n_estimators': 962, 'max_depth': 20, 'learning_rate': 0.0045899675366375915, 'reg_alpha': 0.1362622550598177, 'reg_lambda': 1.9519825215247935e-05, 'min_child_weight': 1}. Best is trial 112 with value: 0.92.
[I 2026-03-24 15:43:17,453] Trial 683 finished with value: 0.92 and parameters: {'n_estimators': 1000, 'max_depth': 44, 'learning_rate': 0.0033419734953627996, 'reg_alpha': 0.05294334009449899, 'reg_lambda': 5.4408876441322835e-05, 'min_child_weight': 1}. Best is trial 112 with value: 0.92.
[I 2026-03-24 15:43:17,691] Trial 684 finished with value: 0.9154228855721394 and parameters: {'n_estimators': 984, 'max_depth': 30, 'learning_rate': 0.0026138370128220676, 'reg_alpha': 0.5763568282133041, 'reg_lambda': 3.332207758755928e-05, 'min_child_weight': 2}. Best is trial 112 with value: 0.92.
[I 2026-03-24 15:43:17,962] Trial 685 finished with value: 0.92 and parameters: {'n_estimators': 968, 'max_depth': 33, 'learning_rate': 0.0037910641511638473, 'reg_alpha': 0.025990222607336837, 'reg_lambda': 8.726418346425203e-05, 'min_child_weight': 1}. Best is trial 112 with value: 0.92.
[I 2026-03-24 15:43:18,227] Trial 686 finished with value: 0.92 and parameters: {'n_estimators': 940, 'max_depth': 32, 'learning_rate': 0.004246935418464468, 'reg_alpha': 0.01430379432379872, 'reg_lambda': 4.60646826215328e-05, 'min_child_weight': 1}. Best is trial 112 with value: 0.92.
[I 2026-03-24 15:43:18,495] Trial 687 finished with value: 0.914572864321608 and parameters: {'n_estimators': 985, 'max_depth': 31, 'learning_rate': 0.005035594395995493, 'reg_alpha': 0.042020489540905225, 'reg_lambda': 1.2376686599237885e-05, 'min_child_weight': 1}. Best is trial 112 with value: 0.92.
[I 2026-03-24 15:43:18,765] Trial 688 finished with value: 0.92 and parameters: {'n_estimators': 958, 'max_depth': 34, 'learning_rate': 0.003147207756004399, 'reg_alpha': 0.08513728531459222, 'reg_lambda': 2.4417744286640715e-05, 'min_child_weight': 1}. Best is trial 112 with value: 0.92.
[I 2026-03-24 15:43:19,047] Trial 689 finished with value: 0.92 and parameters: {'n_estimators': 1000, 'max_depth': 29, 'learning_rate': 0.003620478992571871, 'reg_alpha': 0.02088657144756589, 'reg_lambda': 6.641002392388845e-05, 'min_child_weight': 1}. Best is trial 112 with value: 0.92.
[I 2026-03-24 15:43:19,285] Trial 690 finished with value: 0.914572864321608 and parameters: {'n_estimators': 975, 'max_depth': 32, 'learning_rate': 0.01882580848031604, 'reg_alpha': 0.06635587092544935, 'reg_lambda': 7.105708065100648e-06, 'min_child_weight': 1}. Best is trial 112 with value: 0.92.
[I 2026-03-24 15:43:19,554] Trial 691 finished with value: 0.92 and parameters: {'n_estimators': 954, 'max_depth': 33, 'learning_rate': 0.003969381827144225, 'reg_alpha': 0.032126458606991086, 'reg_lambda': 0.00022799967383640993, 'min_child_weight': 1}. Best is trial 112 with value: 0.92.
[I 2026-03-24 15:43:19,824] Trial 692 finished with value: 0.92 and parameters: {'n_estimators': 985, 'max_depth': 31, 'learning_rate': 0.004563831613709837, 'reg_alpha': 0.04803632377638453, 'reg_lambda': 3.703965583556819e-05, 'min_child_weight': 1}. Best is trial 112 with value: 0.92.
[I 2026-03-24 15:43:20,083] Trial 693 finished with value: 0.92 and parameters: {'n_estimators': 927, 'max_depth': 30, 'learning_rate': 0.003481233063619315, 'reg_alpha': 0.10207608675477517, 'reg_lambda': 0.00010266781707390601, 'min_child_weight': 1}. Best is trial 112 with value: 0.92.
[I 2026-03-24 15:43:20,246] Trial 694 finished with value: 0.9154228855721394 and parameters: {'n_estimators': 969, 'max_depth': 32, 'learning_rate': 0.004285812423040865, 'reg_alpha': 0.06308484045594344, 'reg_lambda': 1.8537766619494684e-05, 'min_child_weight': 4}. Best is trial 112 with value: 0.92.
[I 2026-03-24 15:43:20,514] Trial 695 finished with value: 0.914572864321608 and parameters: {'n_estimators': 1000, 'max_depth': 35, 'learning_rate': 0.005776144163103796, 'reg_alpha': 0.16472361928141074, 'reg_lambda': 5.4880894015467454e-05, 'min_child_weight': 1}. Best is trial 112 with value: 0.92.
[I 2026-03-24 15:43:20,736] Trial 696 finished with value: 0.9154228855721394 and parameters: {'n_estimators': 896, 'max_depth': 32, 'learning_rate': 0.0031356239346242275, 'reg_alpha': 0.02996255774797903, 'reg_lambda': 0.0004834989087386619, 'min_child_weight': 2}. Best is trial 112 with value: 0.92.
[I 2026-03-24 15:43:21,009] Trial 697 finished with value: 0.92 and parameters: {'n_estimators': 977, 'max_depth': 34, 'learning_rate': 0.003827531068064609, 'reg_alpha': 0.04249115325494202, 'reg_lambda': 3.0659488208184904e-05, 'min_child_weight': 1}. Best is trial 112 with value: 0.92.
[I 2026-03-24 15:43:21,175] Trial 698 finished with value: 0.9154228855721394 and parameters: {'n_estimators': 945, 'max_depth': 33, 'learning_rate': 0.0028592223592957037, 'reg_alpha': 0.019370193872178424, 'reg_lambda': 0.0001480286727704965, 'min_child_weight': 6}. Best is trial 112 with value: 0.92.
[I 2026-03-24 15:43:21,468] Trial 699 finished with value: 0.914572864321608 and parameters: {'n_estimators': 987, 'max_depth': 30, 'learning_rate': 0.004786873219252117, 'reg_alpha': 1.137024291778206e-05, 'reg_lambda': 7.88791257687232e-05, 'min_child_weight': 1}. Best is trial 112 with value: 0.92.
[I 2026-03-24 15:43:21,736] Trial 700 finished with value: 0.92 and parameters: {'n_estimators': 962, 'max_depth': 28, 'learning_rate': 0.003583891708871429, 'reg_alpha': 0.07844482576930022, 'reg_lambda': 5.143420349413997e-05, 'min_child_weight': 1}. Best is trial 112 with value: 0.92.
[I 2026-03-24 15:43:22,007] Trial 701 finished with value: 0.92 and parameters: {'n_estimators': 986, 'max_depth': 31, 'learning_rate': 0.003989629523535231, 'reg_alpha': 0.05097844028492162, 'reg_lambda': 2.7834123065912138e-05, 'min_child_weight': 1}. Best is trial 112 with value: 0.92.
[I 2026-03-24 15:43:22,282] Trial 702 finished with value: 0.914572864321608 and parameters: {'n_estimators': 973, 'max_depth': 34, 'learning_rate': 0.005319447121082043, 'reg_alpha': 0.007984970419491333, 'reg_lambda': 1.4377127391500602e-05, 'min_child_weight': 1}. Best is trial 112 with value: 0.92.
[I 2026-03-24 15:43:22,557] Trial 703 finished with value: 0.92 and parameters: {'n_estimators': 949, 'max_depth': 33, 'learning_rate': 0.003251628013903868, 'reg_alpha': 0.025951393314883227, 'reg_lambda': 0.0412425071405045, 'min_child_weight': 1}. Best is trial 112 with value: 0.92.
[I 2026-03-24 15:43:22,801] Trial 704 finished with value: 0.9154228855721394 and parameters: {'n_estimators': 1000, 'max_depth': 32, 'learning_rate': 0.004325678230867647, 'reg_alpha': 0.012240608654565858, 'reg_lambda': 4.145468325416834e-05, 'min_child_weight': 2}. Best is trial 112 with value: 0.92.
[I 2026-03-24 15:43:23,069] Trial 705 finished with value: 0.92 and parameters: {'n_estimators': 965, 'max_depth': 31, 'learning_rate': 0.003672378780117132, 'reg_alpha': 0.11526221571968073, 'reg_lambda': 7.360169302711046e-05, 'min_child_weight': 1}. Best is trial 112 with value: 0.92.
[I 2026-03-24 15:43:23,359] Trial 706 finished with value: 0.92 and parameters: {'n_estimators': 985, 'max_depth': 12, 'learning_rate': 0.002446672692804825, 'reg_alpha': 0.03922611539663922, 'reg_lambda': 2.404209537655786e-05, 'min_child_weight': 1}. Best is trial 112 with value: 0.92.
[I 2026-03-24 15:43:23,573] Trial 707 finished with value: 0.92 and parameters: {'n_estimators': 722, 'max_depth': 29, 'learning_rate': 0.004074709196673604, 'reg_alpha': 0.06425952271929206, 'reg_lambda': 0.00012500712302863703, 'min_child_weight': 1}. Best is trial 112 with value: 0.92.
[I 2026-03-24 15:43:23,846] Trial 708 finished with value: 0.92 and parameters: {'n_estimators': 931, 'max_depth': 32, 'learning_rate': 0.003468583322974662, 'reg_alpha': 0.033431583984587676, 'reg_lambda': 3.7840894042695694e-05, 'min_child_weight': 1}. Best is trial 112 with value: 0.92.
[I 2026-03-24 15:43:24,118] Trial 709 finished with value: 0.914572864321608 and parameters: {'n_estimators': 973, 'max_depth': 31, 'learning_rate': 0.004950268349211015, 'reg_alpha': 0.018527239767683525, 'reg_lambda': 6.094984714679616e-05, 'min_child_weight': 1}. Best is trial 112 with value: 0.92.
[I 2026-03-24 15:43:24,395] Trial 710 finished with value: 0.92 and parameters: {'n_estimators': 956, 'max_depth': 33, 'learning_rate': 0.002748643946298485, 'reg_alpha': 0.08947536308047871, 'reg_lambda': 9.753006229316043e-05, 'min_child_weight': 1}. Best is trial 112 with value: 0.92.
[I 2026-03-24 15:43:24,667] Trial 711 finished with value: 0.92 and parameters: {'n_estimators': 1000, 'max_depth': 30, 'learning_rate': 0.004462153171701475, 'reg_alpha': 0.051108631858953105, 'reg_lambda': 4.541062981978904e-05, 'min_child_weight': 1}. Best is trial 112 with value: 0.92.
[I 2026-03-24 15:43:24,904] Trial 712 finished with value: 0.914572864321608 and parameters: {'n_estimators': 987, 'max_depth': 34, 'learning_rate': 0.049432023858684115, 'reg_alpha': 0.025904567462798674, 'reg_lambda': 1.943888462540098e-05, 'min_child_weight': 1}. Best is trial 112 with value: 0.92.
[I 2026-03-24 15:43:25,141] Trial 713 finished with value: 0.9154228855721394 and parameters: {'n_estimators': 969, 'max_depth': 32, 'learning_rate': 0.0030612514702708484, 'reg_alpha': 0.195510523041405, 'reg_lambda': 3.132354733879494e-05, 'min_child_weight': 2}. Best is trial 112 with value: 0.92.
[I 2026-03-24 15:43:25,406] Trial 714 finished with value: 0.92 and parameters: {'n_estimators': 943, 'max_depth': 31, 'learning_rate': 0.0039038773219121268, 'reg_alpha': 0.04218657229157876, 'reg_lambda': 6.792464767999154e-05, 'min_child_weight': 1}. Best is trial 112 with value: 0.92.
[I 2026-03-24 15:43:25,684] Trial 715 finished with value: 0.9154228855721394 and parameters: {'n_estimators': 985, 'max_depth': 36, 'learning_rate': 0.0033227843226536413, 'reg_alpha': 0.9612210721895019, 'reg_lambda': 0.0002064173015825365, 'min_child_weight': 1}. Best is trial 112 with value: 0.92.
[I 2026-03-24 15:43:25,930] Trial 716 finished with value: 0.92 and parameters: {'n_estimators': 862, 'max_depth': 33, 'learning_rate': 0.0037304026600176766, 'reg_alpha': 0.07697173422513226, 'reg_lambda': 4.5176865496036794e-05, 'min_child_weight': 1}. Best is trial 112 with value: 0.92.
[I 2026-03-24 15:43:26,200] Trial 717 finished with value: 0.92 and parameters: {'n_estimators': 958, 'max_depth': 30, 'learning_rate': 0.004241662303734912, 'reg_alpha': 0.3140229805396298, 'reg_lambda': 9.360914437309373e-05, 'min_child_weight': 1}. Best is trial 112 with value: 0.92.
[I 2026-03-24 15:43:26,429] Trial 718 finished with value: 0.9154228855721394 and parameters: {'n_estimators': 752, 'max_depth': 32, 'learning_rate': 0.002228119933141971, 'reg_alpha': 0.03398435980092379, 'reg_lambda': 2.4273382394855597e-05, 'min_child_weight': 1}. Best is trial 112 with value: 0.92.
[I 2026-03-24 15:43:26,566] Trial 719 finished with value: 0.9154228855721394 and parameters: {'n_estimators': 389, 'max_depth': 35, 'learning_rate': 0.004637815894811186, 'reg_alpha': 0.13161119422092224, 'reg_lambda': 1.3654368537636823e-05, 'min_child_weight': 1}. Best is trial 112 with value: 0.92.
[I 2026-03-24 15:43:26,824] Trial 720 finished with value: 0.92 and parameters: {'n_estimators': 909, 'max_depth': 32, 'learning_rate': 0.003421407051421777, 'reg_alpha': 0.058777606198735594, 'reg_lambda': 0.0025650957582011224, 'min_child_weight': 1}. Best is trial 112 with value: 0.92.
[I 2026-03-24 15:43:27,101] Trial 721 finished with value: 0.92 and parameters: {'n_estimators': 975, 'max_depth': 33, 'learning_rate': 0.003930444816445149, 'reg_alpha': 0.023273932367344496, 'reg_lambda': 0.00013237568564075514, 'min_child_weight': 1}. Best is trial 112 with value: 0.92.
[I 2026-03-24 15:43:27,379] Trial 722 finished with value: 0.92 and parameters: {'n_estimators': 986, 'max_depth': 31, 'learning_rate': 0.003046656713297737, 'reg_alpha': 0.07981618476961538, 'reg_lambda': 5.756233480410913e-05, 'min_child_weight': 1}. Best is trial 112 with value: 0.92.
[I 2026-03-24 15:43:27,645] Trial 723 finished with value: 0.92 and parameters: {'n_estimators': 956, 'max_depth': 30, 'learning_rate': 0.004222746642498995, 'reg_alpha': 0.04844326304768903, 'reg_lambda': 3.407599113116907e-05, 'min_child_weight': 1}. Best is trial 112 with value: 0.92.
[I 2026-03-24 15:43:27,879] Trial 724 finished with value: 0.9154228855721394 and parameters: {'n_estimators': 974, 'max_depth': 34, 'learning_rate': 0.003651521816809654, 'reg_alpha': 0.014761408359878575, 'reg_lambda': 8.107168298459992e-05, 'min_child_weight': 2}. Best is trial 112 with value: 0.92.
[I 2026-03-24 15:43:28,149] Trial 725 finished with value: 0.914572864321608 and parameters: {'n_estimators': 988, 'max_depth': 29, 'learning_rate': 0.005011431294537968, 'reg_alpha': 0.039636223689648434, 'reg_lambda': 2.047097635942098e-05, 'min_child_weight': 1}. Best is trial 112 with value: 0.92.
[I 2026-03-24 15:43:28,308] Trial 726 finished with value: 0.9154228855721394 and parameters: {'n_estimators': 940, 'max_depth': 33, 'learning_rate': 0.003327536129143334, 'reg_alpha': 0.1054923011625869, 'reg_lambda': 3.719794041763704e-05, 'min_child_weight': 5}. Best is trial 112 with value: 0.92.
[I 2026-03-24 15:43:28,587] Trial 727 finished with value: 0.92 and parameters: {'n_estimators': 968, 'max_depth': 31, 'learning_rate': 0.0026347642449229217, 'reg_alpha': 0.06117297013582634, 'reg_lambda': 5.6726544215351554e-05, 'min_child_weight': 1}. Best is trial 112 with value: 0.92.
[I 2026-03-24 15:43:28,885] Trial 728 finished with value: 0.92 and parameters: {'n_estimators': 988, 'max_depth': 32, 'learning_rate': 0.003877077397248922, 'reg_alpha': 2.096459449752935e-06, 'reg_lambda': 0.0003017592409458191, 'min_child_weight': 1}. Best is trial 112 with value: 0.92.
[I 2026-03-24 15:43:29,146] Trial 729 finished with value: 0.92 and parameters: {'n_estimators': 924, 'max_depth': 33, 'learning_rate': 0.004467509284617556, 'reg_alpha': 0.029252105823436507, 'reg_lambda': 9.591643880861946e-06, 'min_child_weight': 1}. Best is trial 112 with value: 0.92.
[I 2026-03-24 15:43:29,437] Trial 730 finished with value: 0.92 and parameters: {'n_estimators': 1000, 'max_depth': 32, 'learning_rate': 0.0029606150034103156, 'reg_alpha': 0.021815788768459056, 'reg_lambda': 2.7704700445666242e-05, 'min_child_weight': 1}. Best is trial 112 with value: 0.92.
[I 2026-03-24 15:43:29,701] Trial 731 finished with value: 0.914572864321608 and parameters: {'n_estimators': 955, 'max_depth': 29, 'learning_rate': 0.005408837949492865, 'reg_alpha': 0.05025646130647485, 'reg_lambda': 0.00016930654642461718, 'min_child_weight': 1}. Best is trial 112 with value: 0.92.
[I 2026-03-24 15:43:29,933] Trial 732 finished with value: 0.914572864321608 and parameters: {'n_estimators': 974, 'max_depth': 30, 'learning_rate': 0.0771711668283388, 'reg_alpha': 0.14522027332116327, 'reg_lambda': 4.5656479641235845e-05, 'min_child_weight': 1}. Best is trial 112 with value: 0.92.
[I 2026-03-24 15:43:30,203] Trial 733 finished with value: 0.92 and parameters: {'n_estimators': 987, 'max_depth': 31, 'learning_rate': 0.004081877064168367, 'reg_alpha': 0.07881754310589607, 'reg_lambda': 0.00010542703076637798, 'min_child_weight': 1}. Best is trial 112 with value: 0.92.
[I 2026-03-24 15:43:30,439] Trial 734 finished with value: 0.9154228855721394 and parameters: {'n_estimators': 963, 'max_depth': 34, 'learning_rate': 0.003588768254837572, 'reg_alpha': 0.036400320291752074, 'reg_lambda': 6.31628506979628e-05, 'min_child_weight': 2}. Best is trial 112 with value: 0.92.
[I 2026-03-24 15:43:30,710] Trial 735 finished with value: 0.92 and parameters: {'n_estimators': 1000, 'max_depth': 28, 'learning_rate': 0.004695263801657842, 'reg_alpha': 0.05852252478800322, 'reg_lambda': 3.4140364471384065e-05, 'min_child_weight': 1}. Best is trial 112 with value: 0.92.
[I 2026-03-24 15:43:30,984] Trial 736 finished with value: 0.914572864321608 and parameters: {'n_estimators': 941, 'max_depth': 35, 'learning_rate': 0.0061623627832449865, 'reg_alpha': 2.1098835767697923e-07, 'reg_lambda': 2.2119989803294898e-05, 'min_child_weight': 1}. Best is trial 112 with value: 0.92.
