[I 2026-03-24 15:43:31,270] Trial 737 finished with value: 0.92 and parameters: {'n_estimators': 978, 'max_depth': 33, 'learning_rate': 0.0032931988650648555, 'reg_alpha': 0.01694450262695652, 'reg_lambda': 9.033006530203007e-05, 'min_child_weight': 1}. Best is trial 112 with value: 0.92.
[I 2026-03-24 15:43:31,536] Trial 738 finished with value: 0.914572864321608 and parameters: {'n_estimators': 1000, 'max_depth': 32, 'learning_rate': 0.007506374946856405, 'reg_alpha': 0.031459294472251355, 'reg_lambda': 4.716829575620472e-05, 'min_child_weight': 1}. Best is trial 112 with value: 0.92.
[I 2026-03-24 15:43:31,802] Trial 739 finished with value: 0.92 and parameters: {'n_estimators': 965, 'max_depth': 34, 'learning_rate': 0.0038118469145881654, 'reg_alpha': 0.1064167596316048, 'reg_lambda': 1.7131130943919494e-05, 'min_child_weight': 1}. Best is trial 112 with value: 0.92.
[I 2026-03-24 15:43:32,073] Trial 740 finished with value: 0.92 and parameters: {'n_estimators': 980, 'max_depth': 31, 'learning_rate': 0.0042271751076518585, 'reg_alpha': 0.039972558597268254, 'reg_lambda': 7.834854749162944e-05, 'min_child_weight': 1}. Best is trial 112 with value: 0.92.
[I 2026-03-24 15:43:32,354] Trial 741 finished with value: 0.9154228855721394 and parameters: {'n_estimators': 954, 'max_depth': 32, 'learning_rate': 0.0018713436459100808, 'reg_alpha': 0.02194523928263972, 'reg_lambda': 3.0275996059165382e-05, 'min_child_weight': 1}. Best is trial 112 with value: 0.92.
[I 2026-03-24 15:43:32,627] Trial 742 finished with value: 0.92 and parameters: {'n_estimators': 974, 'max_depth': 30, 'learning_rate': 0.0035008775138718, 'reg_alpha': 0.06804444408734239, 'reg_lambda': 5.590689801403235e-05, 'min_child_weight': 1}. Best is trial 112 with value: 0.92.
[I 2026-03-24 15:43:32,865] Trial 743 finished with value: 0.9154228855721394 and parameters: {'n_estimators': 985, 'max_depth': 33, 'learning_rate': 0.002888622616051591, 'reg_alpha': 0.04577820078126606, 'reg_lambda': 0.00014746795730401024, 'min_child_weight': 2}. Best is trial 112 with value: 0.92.
[I 2026-03-24 15:43:33,141] Trial 744 finished with value: 0.92 and parameters: {'n_estimators': 936, 'max_depth': 23, 'learning_rate': 0.004530699526699305, 'reg_alpha': 0.002724771129640047, 'reg_lambda': 1.4054321132997396e-05, 'min_child_weight': 1}. Best is trial 112 with value: 0.92.
[I 2026-03-24 15:43:33,333] Trial 745 finished with value: 0.92 and parameters: {'n_estimators': 604, 'max_depth': 8, 'learning_rate': 0.003968617266243518, 'reg_alpha': 0.01050229118583304, 'reg_lambda': 4.006946289527965e-05, 'min_child_weight': 1}. Best is trial 112 with value: 0.92.
[I 2026-03-24 15:43:33,610] Trial 746 finished with value: 0.92 and parameters: {'n_estimators': 953, 'max_depth': 17, 'learning_rate': 0.0031387708135072277, 'reg_alpha': 0.02802403420975719, 'reg_lambda': 2.619916935653295e-05, 'min_child_weight': 1}. Best is trial 112 with value: 0.92.
[I 2026-03-24 15:43:33,879] Trial 747 finished with value: 0.92 and parameters: {'n_estimators': 969, 'max_depth': 31, 'learning_rate': 0.0036981979860384487, 'reg_alpha': 0.08305729013737093, 'reg_lambda': 6.8198148522905e-05, 'min_child_weight': 1}. Best is trial 112 with value: 0.92.
[I 2026-03-24 15:43:34,148] Trial 748 finished with value: 0.92 and parameters: {'n_estimators': 986, 'max_depth': 32, 'learning_rate': 0.004940086806029606, 'reg_alpha': 0.2393389309520434, 'reg_lambda': 0.00011021320516321347, 'min_child_weight': 1}. Best is trial 112 with value: 0.92.
[I 2026-03-24 15:43:34,438] Trial 749 finished with value: 0.92 and parameters: {'n_estimators': 964, 'max_depth': 33, 'learning_rate': 0.004015506549157599, 'reg_alpha': 0.0006573568752063722, 'reg_lambda': 4.646096665920247e-05, 'min_child_weight': 1}. Best is trial 112 with value: 0.92.
[I 2026-03-24 15:43:34,711] Trial 750 finished with value: 0.92 and parameters: {'n_estimators': 984, 'max_depth': 34, 'learning_rate': 0.0043278797207535954, 'reg_alpha': 0.041039482453959275, 'reg_lambda': 0.00022498752779642937, 'min_child_weight': 1}. Best is trial 112 with value: 0.92.
[I 2026-03-24 15:43:34,954] Trial 751 finished with value: 0.9154228855721394 and parameters: {'n_estimators': 1000, 'max_depth': 32, 'learning_rate': 0.003327334195782213, 'reg_alpha': 0.05826556520518605, 'reg_lambda': 3.326730426905163e-05, 'min_child_weight': 2}. Best is trial 112 with value: 0.92.
[I 2026-03-24 15:43:35,231] Trial 752 finished with value: 0.9154228855721394 and parameters: {'n_estimators': 949, 'max_depth': 31, 'learning_rate': 0.0015398785537992339, 'reg_alpha': 0.1481371324321306, 'reg_lambda': 7.3573412360488e-05, 'min_child_weight': 1}. Best is trial 112 with value: 0.92.
[I 2026-03-24 15:43:35,490] Trial 753 finished with value: 0.92 and parameters: {'n_estimators': 918, 'max_depth': 29, 'learning_rate': 0.003625718407557554, 'reg_alpha': 0.09339057064068194, 'reg_lambda': 2.1694849818834785e-05, 'min_child_weight': 1}. Best is trial 112 with value: 0.92.
[I 2026-03-24 15:43:35,794] Trial 754 finished with value: 0.92 and parameters: {'n_estimators': 1000, 'max_depth': 34, 'learning_rate': 0.0025646630447491115, 'reg_alpha': 3.35402908321686e-08, 'reg_lambda': 5.430411366227088e-05, 'min_child_weight': 1}. Best is trial 112 with value: 0.92.
[I 2026-03-24 15:43:36,078] Trial 755 finished with value: 0.9154228855721394 and parameters: {'n_estimators': 973, 'max_depth': 31, 'learning_rate': 0.0012787022289604878, 'reg_alpha': 0.016789655178967362, 'reg_lambda': 0.00014043839507578779, 'min_child_weight': 1}. Best is trial 112 with value: 0.92.
[I 2026-03-24 15:43:36,354] Trial 756 finished with value: 0.92 and parameters: {'n_estimators': 988, 'max_depth': 27, 'learning_rate': 0.00430145410698765, 'reg_alpha': 0.029460382004423545, 'reg_lambda': 3.525778505400309e-05, 'min_child_weight': 1}. Best is trial 112 with value: 0.92.
[I 2026-03-24 15:43:36,616] Trial 757 finished with value: 0.92 and parameters: {'n_estimators': 966, 'max_depth': 30, 'learning_rate': 0.004764380824157936, 'reg_alpha': 0.05872078211643131, 'reg_lambda': 9.313981825307575e-05, 'min_child_weight': 1}. Best is trial 112 with value: 0.92.
[I 2026-03-24 15:43:36,883] Trial 758 finished with value: 0.92 and parameters: {'n_estimators': 942, 'max_depth': 32, 'learning_rate': 0.003788232039133635, 'reg_alpha': 0.036963795020605664, 'reg_lambda': 1.7048222583387858e-05, 'min_child_weight': 1}. Best is trial 112 with value: 0.92.
[I 2026-03-24 15:43:37,175] Trial 759 finished with value: 0.92 and parameters: {'n_estimators': 1000, 'max_depth': 35, 'learning_rate': 0.003382060818070807, 'reg_alpha': 0.39586895316206316, 'reg_lambda': 4.445210917311619e-05, 'min_child_weight': 1}. Best is trial 112 with value: 0.92.
[I 2026-03-24 15:43:37,446] Trial 760 finished with value: 0.914572864321608 and parameters: {'n_estimators': 975, 'max_depth': 33, 'learning_rate': 0.005350903722710583, 'reg_alpha': 0.023220950540160535, 'reg_lambda': 1.0556091142350308e-05, 'min_child_weight': 1}. Best is trial 112 with value: 0.92.
[I 2026-03-24 15:43:37,674] Trial 761 finished with value: 0.9154228855721394 and parameters: {'n_estimators': 954, 'max_depth': 42, 'learning_rate': 0.010773214065305807, 'reg_alpha': 0.08868363943966202, 'reg_lambda': 0.008784159610789417, 'min_child_weight': 2}. Best is trial 112 with value: 0.92.
[I 2026-03-24 15:43:37,956] Trial 762 finished with value: 0.92 and parameters: {'n_estimators': 985, 'max_depth': 33, 'learning_rate': 0.002864114192815002, 'reg_alpha': 0.04913700014433428, 'reg_lambda': 2.9357081195344863e-06, 'min_child_weight': 1}. Best is trial 112 with value: 0.92.
[I 2026-03-24 15:43:38,120] Trial 763 finished with value: 0.9154228855721394 and parameters: {'n_estimators': 963, 'max_depth': 30, 'learning_rate': 0.004105828551700472, 'reg_alpha': 0.12415323530229869, 'reg_lambda': 2.3984953355750568e-05, 'min_child_weight': 3}. Best is trial 112 with value: 0.92.
[I 2026-03-24 15:43:38,385] Trial 764 finished with value: 0.92 and parameters: {'n_estimators': 927, 'max_depth': 32, 'learning_rate': 0.003152524884008584, 'reg_alpha': 0.07048675398662069, 'reg_lambda': 6.643531082686794e-05, 'min_child_weight': 1}. Best is trial 112 with value: 0.92.
[I 2026-03-24 15:43:38,670] Trial 765 finished with value: 0.92 and parameters: {'n_estimators': 1000, 'max_depth': 37, 'learning_rate': 0.003666088339022441, 'reg_alpha': 0.013191686352488597, 'reg_lambda': 3.4647506145751907e-05, 'min_child_weight': 1}. Best is trial 112 with value: 0.92.
[I 2026-03-24 15:43:38,941] Trial 766 finished with value: 0.92 and parameters: {'n_estimators': 975, 'max_depth': 31, 'learning_rate': 0.004461472423698577, 'reg_alpha': 0.031314136306966, 'reg_lambda': 0.00010591759407357597, 'min_child_weight': 1}. Best is trial 112 with value: 0.92.
[I 2026-03-24 15:43:39,212] Trial 767 finished with value: 0.92 and parameters: {'n_estimators': 986, 'max_depth': 31, 'learning_rate': 0.0039592391446877625, 'reg_alpha': 0.04953838883158645, 'reg_lambda': 5.431013841643591e-05, 'min_child_weight': 1}. Best is trial 112 with value: 0.92.
[I 2026-03-24 15:43:39,484] Trial 768 finished with value: 0.92 and parameters: {'n_estimators': 950, 'max_depth': 32, 'learning_rate': 0.0035424719629667772, 'reg_alpha': 0.023825181405093092, 'reg_lambda': 2.8131420574771412e-05, 'min_child_weight': 1}. Best is trial 112 with value: 0.92.
[I 2026-03-24 15:43:39,749] Trial 769 finished with value: 0.92 and parameters: {'n_estimators': 973, 'max_depth': 33, 'learning_rate': 0.004896166220795889, 'reg_alpha': 0.036567719349613934, 'reg_lambda': 7.88525120888635e-05, 'min_child_weight': 1}. Best is trial 112 with value: 0.92.
[I 2026-03-24 15:43:40,040] Trial 770 finished with value: 0.9154228855721394 and parameters: {'n_estimators': 986, 'max_depth': 34, 'learning_rate': 0.0020817104956434604, 'reg_alpha': 0.1813369243221865, 'reg_lambda': 5.636935253422216e-06, 'min_child_weight': 1}. Best is trial 112 with value: 0.92.
[I 2026-03-24 15:43:40,285] Trial 771 finished with value: 0.92 and parameters: {'n_estimators': 836, 'max_depth': 32, 'learning_rate': 0.003249413255687052, 'reg_alpha': 0.06674905136378688, 'reg_lambda': 4.453987600983782e-05, 'min_child_weight': 1}. Best is trial 112 with value: 0.92.
[I 2026-03-24 15:43:40,549] Trial 772 finished with value: 0.92 and parameters: {'n_estimators': 960, 'max_depth': 28, 'learning_rate': 0.0041262882353520726, 'reg_alpha': 0.0960323210336496, 'reg_lambda': 0.00012504060873857925, 'min_child_weight': 1}. Best is trial 112 with value: 0.92.
[I 2026-03-24 15:43:40,822] Trial 773 finished with value: 0.92 and parameters: {'n_estimators': 942, 'max_depth': 30, 'learning_rate': 0.0028367368271752535, 'reg_alpha': 0.047788018629080206, 'reg_lambda': 1.820736095200078e-05, 'min_child_weight': 1}. Best is trial 112 with value: 0.92.
[I 2026-03-24 15:43:41,066] Trial 774 finished with value: 0.9154228855721394 and parameters: {'n_estimators': 985, 'max_depth': 29, 'learning_rate': 0.004487939517903503, 'reg_alpha': 0.019635422916482608, 'reg_lambda': 5.834395087776671e-05, 'min_child_weight': 2}. Best is trial 112 with value: 0.92.
[I 2026-03-24 15:43:41,341] Trial 775 finished with value: 0.92 and parameters: {'n_estimators': 967, 'max_depth': 35, 'learning_rate': 0.003736043364807814, 'reg_alpha': 0.03172612563464681, 'reg_lambda': 0.00018343976745450693, 'min_child_weight': 1}. Best is trial 112 with value: 0.92.
[I 2026-03-24 15:43:41,624] Trial 776 finished with value: 0.92 and parameters: {'n_estimators': 1000, 'max_depth': 36, 'learning_rate': 0.00320391734700794, 'reg_alpha': 0.055349209438084954, 'reg_lambda': 3.611675240127124e-05, 'min_child_weight': 1}. Best is trial 112 with value: 0.92.
[I 2026-03-24 15:43:41,893] Trial 777 finished with value: 0.92 and parameters: {'n_estimators': 976, 'max_depth': 33, 'learning_rate': 0.0039424301121274465, 'reg_alpha': 0.07318588429786943, 'reg_lambda': 2.6292339396509142e-05, 'min_child_weight': 1}. Best is trial 112 with value: 0.92.
[I 2026-03-24 15:43:42,174] Trial 778 finished with value: 0.92 and parameters: {'n_estimators': 957, 'max_depth': 31, 'learning_rate': 0.003539343775681512, 'reg_alpha': 0.007911735368719627, 'reg_lambda': 7.898280574229578e-05, 'min_child_weight': 1}. Best is trial 112 with value: 0.92.
[I 2026-03-24 15:43:42,447] Trial 779 finished with value: 0.914572864321608 and parameters: {'n_estimators': 1000, 'max_depth': 34, 'learning_rate': 0.005611782241479465, 'reg_alpha': 0.0415267045866822, 'reg_lambda': 4.484866398793658e-05, 'min_child_weight': 1}. Best is trial 112 with value: 0.92.
[I 2026-03-24 15:43:42,709] Trial 780 finished with value: 0.92 and parameters: {'n_estimators': 937, 'max_depth': 32, 'learning_rate': 0.004643520958224916, 'reg_alpha': 0.12164255892182975, 'reg_lambda': 6.949558883860248e-05, 'min_child_weight': 1}. Best is trial 112 with value: 0.92.
[I 2026-03-24 15:43:42,793] Trial 781 finished with value: 0.9154228855721394 and parameters: {'n_estimators': 235, 'max_depth': 31, 'learning_rate': 0.002465724407669449, 'reg_alpha': 0.0284626558070825, 'reg_lambda': 2.4003343682750604e-05, 'min_child_weight': 2}. Best is trial 112 with value: 0.92.
