[I 2026-03-24 15:41:58,815] Trial 367 finished with value: 0.92 and parameters: {'n_estimators': 868, 'max_depth': 33, 'learning_rate': 0.004684885258736969, 'reg_alpha': 0.3061604906498405, 'reg_lambda': 4.000988881354373e-06, 'min_child_weight': 1}. Best is trial 112 with value: 0.92.
[I 2026-03-24 15:41:59,077] Trial 368 finished with value: 0.92 and parameters: {'n_estimators': 970, 'max_depth': 28, 'learning_rate': 0.004016320753968415, 'reg_alpha': 0.03794596435999461, 'reg_lambda': 4.257633854250184e-05, 'min_child_weight': 1}. Best is trial 112 with value: 0.92.
[I 2026-03-24 15:41:59,307] Trial 369 finished with value: 0.9154228855721394 and parameters: {'n_estimators': 978, 'max_depth': 31, 'learning_rate': 0.003177507484464226, 'reg_alpha': 0.05528068893128076, 'reg_lambda': 8.582104943474703e-05, 'min_child_weight': 2}. Best is trial 112 with value: 0.92.
[I 2026-03-24 15:41:59,593] Trial 370 finished with value: 0.92 and parameters: {'n_estimators': 1000, 'max_depth': 32, 'learning_rate': 0.0028172307359231735, 'reg_alpha': 0.017313986851092356, 'reg_lambda': 2.9943173151902245e-05, 'min_child_weight': 1}. Best is trial 112 with value: 0.92.
[I 2026-03-24 15:41:59,853] Trial 371 finished with value: 0.92 and parameters: {'n_estimators': 957, 'max_depth': 33, 'learning_rate': 0.003780442274315227, 'reg_alpha': 0.08587309262592495, 'reg_lambda': 8.542149952255435e-06, 'min_child_weight': 1}. Best is trial 112 with value: 0.92.
[I 2026-03-24 15:42:00,117] Trial 372 finished with value: 0.92 and parameters: {'n_estimators': 985, 'max_depth': 31, 'learning_rate': 0.0043489318826502345, 'reg_alpha': 0.029824864195695463, 'reg_lambda': 5.8526133321233646e-05, 'min_child_weight': 1}. Best is trial 112 with value: 0.92.
[I 2026-03-24 15:42:00,382] Trial 373 finished with value: 0.92 and parameters: {'n_estimators': 965, 'max_depth': 30, 'learning_rate': 0.0034290432923021214, 'reg_alpha': 0.20101790807288192, 'reg_lambda': 1.9055062776328762e-05, 'min_child_weight': 1}. Best is trial 112 with value: 0.92.
[I 2026-03-24 15:42:00,567] Trial 374 finished with value: 0.9154228855721394 and parameters: {'n_estimators': 615, 'max_depth': 34, 'learning_rate': 0.0021628205487519876, 'reg_alpha': 0.04732284675400778, 'reg_lambda': 4.151724417606603e-05, 'min_child_weight': 1}. Best is trial 112 with value: 0.92.
[I 2026-03-24 15:42:00,788] Trial 375 finished with value: 0.9154228855721394 and parameters: {'n_estimators': 938, 'max_depth': 32, 'learning_rate': 0.004147831201274087, 'reg_alpha': 0.06956805010321093, 'reg_lambda': 9.101372565129471e-05, 'min_child_weight': 2}. Best is trial 112 with value: 0.92.
[I 2026-03-24 15:42:01,050] Trial 376 finished with value: 0.914572864321608 and parameters: {'n_estimators': 985, 'max_depth': 31, 'learning_rate': 0.005115060994066953, 'reg_alpha': 0.024615089737912613, 'reg_lambda': 2.7362267844715787e-05, 'min_child_weight': 1}. Best is trial 112 with value: 0.92.
[I 2026-03-24 15:42:01,316] Trial 377 finished with value: 0.92 and parameters: {'n_estimators': 1000, 'max_depth': 32, 'learning_rate': 0.003838823531930621, 'reg_alpha': 0.13027863323817468, 'reg_lambda': 6.532118613175631e-05, 'min_child_weight': 1}. Best is trial 112 with value: 0.92.
[I 2026-03-24 15:42:01,582] Trial 378 finished with value: 0.92 and parameters: {'n_estimators': 970, 'max_depth': 35, 'learning_rate': 0.00458949310788088, 'reg_alpha': 0.012684883353514545, 'reg_lambda': 4.7668922559787365e-05, 'min_child_weight': 1}. Best is trial 112 with value: 0.92.
[I 2026-03-24 15:42:01,848] Trial 379 finished with value: 0.92 and parameters: {'n_estimators': 951, 'max_depth': 37, 'learning_rate': 0.003065723000306399, 'reg_alpha': 0.0365752747651491, 'reg_lambda': 0.0001367866161130993, 'min_child_weight': 1}. Best is trial 112 with value: 0.92.
[I 2026-03-24 15:42:02,111] Trial 380 finished with value: 0.92 and parameters: {'n_estimators': 978, 'max_depth': 34, 'learning_rate': 0.003525390207429219, 'reg_alpha': 0.05531529540953346, 'reg_lambda': 1.3927594663543128e-05, 'min_child_weight': 1}. Best is trial 112 with value: 0.92.
[I 2026-03-24 15:42:02,354] Trial 381 finished with value: 0.92 and parameters: {'n_estimators': 910, 'max_depth': 33, 'learning_rate': 0.003978510685333704, 'reg_alpha': 0.07877761941337989, 'reg_lambda': 3.535770599806291e-05, 'min_child_weight': 1}. Best is trial 112 with value: 0.92.
[I 2026-03-24 15:42:02,627] Trial 382 finished with value: 0.92 and parameters: {'n_estimators': 986, 'max_depth': 32, 'learning_rate': 0.0032839257028788554, 'reg_alpha': 0.03678068241232539, 'reg_lambda': 2.0447095316869448e-05, 'min_child_weight': 1}. Best is trial 112 with value: 0.92.
[I 2026-03-24 15:42:02,889] Trial 383 finished with value: 0.92 and parameters: {'n_estimators': 961, 'max_depth': 30, 'learning_rate': 0.004373676158521585, 'reg_alpha': 0.02322456271853147, 'reg_lambda': 6.54617356448706e-05, 'min_child_weight': 1}. Best is trial 112 with value: 0.92.
[I 2026-03-24 15:42:03,152] Trial 384 finished with value: 0.92 and parameters: {'n_estimators': 932, 'max_depth': 31, 'learning_rate': 0.0025818760529120813, 'reg_alpha': 0.05632915055380177, 'reg_lambda': 9.051974349470122e-05, 'min_child_weight': 1}. Best is trial 112 with value: 0.92.
[I 2026-03-24 15:42:03,382] Trial 385 finished with value: 0.9154228855721394 and parameters: {'n_estimators': 1000, 'max_depth': 33, 'learning_rate': 0.0036769470879501527, 'reg_alpha': 0.09518052386878531, 'reg_lambda': 3.211717316100088e-05, 'min_child_weight': 2}. Best is trial 112 with value: 0.92.
[I 2026-03-24 15:42:03,639] Trial 386 finished with value: 0.92 and parameters: {'n_estimators': 976, 'max_depth': 28, 'learning_rate': 0.004779014531947404, 'reg_alpha': 0.030683679470932815, 'reg_lambda': 0.00020338149717002852, 'min_child_weight': 1}. Best is trial 112 with value: 0.92.
[I 2026-03-24 15:42:03,912] Trial 387 finished with value: 0.92 and parameters: {'n_estimators': 950, 'max_depth': 32, 'learning_rate': 0.002849023162506061, 'reg_alpha': 0.0019310921681523253, 'reg_lambda': 5.5680219928224946e-05, 'min_child_weight': 1}. Best is trial 112 with value: 0.92.
[I 2026-03-24 15:42:04,179] Trial 388 finished with value: 0.92 and parameters: {'n_estimators': 985, 'max_depth': 29, 'learning_rate': 0.004158227565395889, 'reg_alpha': 0.01593926093628274, 'reg_lambda': 4.158756136036906e-05, 'min_child_weight': 1}. Best is trial 112 with value: 0.92.
[I 2026-03-24 15:42:04,441] Trial 389 finished with value: 0.92 and parameters: {'n_estimators': 967, 'max_depth': 34, 'learning_rate': 0.0033845887741593625, 'reg_alpha': 0.0434253094535309, 'reg_lambda': 2.3323704033000433e-05, 'min_child_weight': 1}. Best is trial 112 with value: 0.92.
[I 2026-03-24 15:42:04,705] Trial 390 finished with value: 0.92 and parameters: {'n_estimators': 985, 'max_depth': 30, 'learning_rate': 0.003781389230562461, 'reg_alpha': 0.1466793456656767, 'reg_lambda': 0.0001193973409096784, 'min_child_weight': 1}. Best is trial 112 with value: 0.92.
[I 2026-03-24 15:42:04,965] Trial 391 finished with value: 0.92 and parameters: {'n_estimators': 962, 'max_depth': 33, 'learning_rate': 0.003150515545495125, 'reg_alpha': 0.06988501191859577, 'reg_lambda': 0.0006158078114577594, 'min_child_weight': 1}. Best is trial 112 with value: 0.92.
[I 2026-03-24 15:42:05,180] Trial 392 finished with value: 0.92 and parameters: {'n_estimators': 797, 'max_depth': 31, 'learning_rate': 0.005555405433306716, 'reg_alpha': 0.04679218225387258, 'reg_lambda': 7.555491260730189e-05, 'min_child_weight': 1}. Best is trial 112 with value: 0.92.
[I 2026-03-24 15:42:05,434] Trial 393 finished with value: 0.92 and parameters: {'n_estimators': 943, 'max_depth': 32, 'learning_rate': 0.004472847830003514, 'reg_alpha': 0.025118141793892688, 'reg_lambda': 4.708652760797587e-05, 'min_child_weight': 1}. Best is trial 112 with value: 0.92.
[I 2026-03-24 15:42:05,661] Trial 394 finished with value: 0.9154228855721394 and parameters: {'n_estimators': 975, 'max_depth': 31, 'learning_rate': 0.003609920238156988, 'reg_alpha': 0.09071462356012626, 'reg_lambda': 1.6231607009703858e-05, 'min_child_weight': 2}. Best is trial 112 with value: 0.92.
[I 2026-03-24 15:42:05,927] Trial 395 finished with value: 0.92 and parameters: {'n_estimators': 1000, 'max_depth': 35, 'learning_rate': 0.004037907821269329, 'reg_alpha': 0.0368325704874866, 'reg_lambda': 1.0530304090711326e-05, 'min_child_weight': 1}. Best is trial 112 with value: 0.92.
[I 2026-03-24 15:42:06,162] Trial 396 finished with value: 0.92 and parameters: {'n_estimators': 891, 'max_depth': 33, 'learning_rate': 0.005071325628760438, 'reg_alpha': 0.05967903147183263, 'reg_lambda': 2.9087445421236862e-05, 'min_child_weight': 1}. Best is trial 112 with value: 0.92.
[I 2026-03-24 15:42:06,319] Trial 397 finished with value: 0.9154228855721394 and parameters: {'n_estimators': 987, 'max_depth': 32, 'learning_rate': 0.003862356911123924, 'reg_alpha': 0.019470567586716392, 'reg_lambda': 0.00010023042125304733, 'min_child_weight': 3}. Best is trial 112 with value: 0.92.
[I 2026-03-24 15:42:06,532] Trial 398 finished with value: 0.92 and parameters: {'n_estimators': 730, 'max_depth': 30, 'learning_rate': 0.002999403005752683, 'reg_alpha': 0.03057382963171812, 'reg_lambda': 5.168725945725002e-05, 'min_child_weight': 1}. Best is trial 112 with value: 0.92.
[I 2026-03-24 15:42:06,796] Trial 399 finished with value: 0.92 and parameters: {'n_estimators': 964, 'max_depth': 34, 'learning_rate': 0.0033717033916691483, 'reg_alpha': 0.13101121341481242, 'reg_lambda': 3.342955449267851e-05, 'min_child_weight': 1}. Best is trial 112 with value: 0.92.
[I 2026-03-24 15:42:06,982] Trial 400 finished with value: 0.92 and parameters: {'n_estimators': 638, 'max_depth': 31, 'learning_rate': 0.00436576339985357, 'reg_alpha': 0.04885223272413752, 'reg_lambda': 0.00014720958938015244, 'min_child_weight': 1}. Best is trial 112 with value: 0.92.
[I 2026-03-24 15:42:07,230] Trial 401 finished with value: 0.92 and parameters: {'n_estimators': 948, 'max_depth': 33, 'learning_rate': 0.0047847193595866875, 'reg_alpha': 0.08087638803053246, 'reg_lambda': 2.2776554589643876e-05, 'min_child_weight': 1}. Best is trial 112 with value: 0.92.
[I 2026-03-24 15:42:07,497] Trial 402 finished with value: 0.92 and parameters: {'n_estimators': 974, 'max_depth': 27, 'learning_rate': 0.0036339760470410604, 'reg_alpha': 0.013738322362650485, 'reg_lambda': 7.453069738571861e-05, 'min_child_weight': 1}. Best is trial 112 with value: 0.92.
[I 2026-03-24 15:42:07,730] Trial 403 finished with value: 0.9154228855721394 and parameters: {'n_estimators': 1000, 'max_depth': 32, 'learning_rate': 0.004153375860388991, 'reg_alpha': 0.06227169742437743, 'reg_lambda': 4.6990855536570654e-05, 'min_child_weight': 2}. Best is trial 112 with value: 0.92.
[I 2026-03-24 15:42:07,991] Trial 404 finished with value: 0.92 and parameters: {'n_estimators': 929, 'max_depth': 29, 'learning_rate': 0.0032312311326207323, 'reg_alpha': 0.03541106349460198, 'reg_lambda': 0.00025695241805708967, 'min_child_weight': 1}. Best is trial 112 with value: 0.92.
[I 2026-03-24 15:42:08,270] Trial 405 finished with value: 0.92 and parameters: {'n_estimators': 982, 'max_depth': 33, 'learning_rate': 0.0027896587037530745, 'reg_alpha': 0.023873533166860774, 'reg_lambda': 6.528813046288576e-05, 'min_child_weight': 1}. Best is trial 112 with value: 0.92.
[I 2026-03-24 15:42:08,538] Trial 406 finished with value: 0.92 and parameters: {'n_estimators': 958, 'max_depth': 31, 'learning_rate': 0.0038332802672388974, 'reg_alpha': 0.2098209698414766, 'reg_lambda': 3.675611414401366e-05, 'min_child_weight': 1}. Best is trial 112 with value: 0.92.
[I 2026-03-24 15:42:08,823] Trial 407 finished with value: 0.9154228855721394 and parameters: {'n_estimators': 987, 'max_depth': 32, 'learning_rate': 0.002464574660946369, 'reg_alpha': 0.44044956908344784, 'reg_lambda': 9.853163804860898e-05, 'min_child_weight': 1}. Best is trial 112 with value: 0.92.
[I 2026-03-24 15:42:09,082] Trial 408 finished with value: 0.92 and parameters: {'n_estimators': 970, 'max_depth': 34, 'learning_rate': 0.00449105873260528, 'reg_alpha': 0.04549964585285867, 'reg_lambda': 1.680183397644589e-05, 'min_child_weight': 1}. Best is trial 112 with value: 0.92.
[I 2026-03-24 15:42:09,339] Trial 409 finished with value: 0.92 and parameters: {'n_estimators': 954, 'max_depth': 30, 'learning_rate': 0.0035805982443500883, 'reg_alpha': 0.09414835125386674, 'reg_lambda': 2.6293996233656727e-05, 'min_child_weight': 1}. Best is trial 112 with value: 0.92.
[I 2026-03-24 15:42:09,599] Trial 410 finished with value: 0.92 and parameters: {'n_estimators': 987, 'max_depth': 35, 'learning_rate': 0.004077776208255158, 'reg_alpha': 0.059480376487220925, 'reg_lambda': 4.7898221032316454e-05, 'min_child_weight': 1}. Best is trial 112 with value: 0.92.
[I 2026-03-24 15:42:09,867] Trial 411 finished with value: 0.9154228855721394 and parameters: {'n_estimators': 969, 'max_depth': 31, 'learning_rate': 0.003383418534417868, 'reg_alpha': 0.9847718071441369, 'reg_lambda': 6.200869920581622e-05, 'min_child_weight': 1}. Best is trial 112 with value: 0.92.
[I 2026-03-24 15:42:10,048] Trial 412 finished with value: 0.9154228855721394 and parameters: {'n_estimators': 600, 'max_depth': 32, 'learning_rate': 0.0030159467335742606, 'reg_alpha': 0.027047815174189017, 'reg_lambda': 0.00016526730962850535, 'min_child_weight': 1}. Best is trial 112 with value: 0.92.
[I 2026-03-24 15:42:10,272] Trial 413 finished with value: 0.9154228855721394 and parameters: {'n_estimators': 938, 'max_depth': 37, 'learning_rate': 0.004841027450985554, 'reg_alpha': 0.03976421286006184, 'reg_lambda': 3.512620707754178e-05, 'min_child_weight': 2}. Best is trial 112 with value: 0.92.
[I 2026-03-24 15:42:10,533] Trial 414 finished with value: 0.914572864321608 and parameters: {'n_estimators': 988, 'max_depth': 33, 'learning_rate': 0.006170747650366111, 'reg_alpha': 0.01878618797727975, 'reg_lambda': 0.00010680232381352082, 'min_child_weight': 1}. Best is trial 112 with value: 0.92.
[I 2026-03-24 15:42:10,809] Trial 415 finished with value: 0.92 and parameters: {'n_estimators': 972, 'max_depth': 34, 'learning_rate': 0.0021088064869247743, 'reg_alpha': 0.10626665003355357, 'reg_lambda': 2.7772895012174218e-05, 'min_child_weight': 1}. Best is trial 112 with value: 0.92.
[I 2026-03-24 15:42:11,089] Trial 416 finished with value: 0.92 and parameters: {'n_estimators': 1000, 'max_depth': 30, 'learning_rate': 0.003923372428987044, 'reg_alpha': 0.009111149759669661, 'reg_lambda': 6.458828323275856e-05, 'min_child_weight': 1}. Best is trial 112 with value: 0.92.
[I 2026-03-24 15:42:11,179] Trial 417 finished with value: 0.9154228855721394 and parameters: {'n_estimators': 465, 'max_depth': 32, 'learning_rate': 0.004328551229212705, 'reg_alpha': 0.0642736109150347, 'reg_lambda': 1.171938653853614e-05, 'min_child_weight': 7}. Best is trial 112 with value: 0.92.
[I 2026-03-24 15:42:11,443] Trial 418 finished with value: 0.92 and parameters: {'n_estimators': 958, 'max_depth': 31, 'learning_rate': 0.0036258657490240674, 'reg_alpha': 0.033627415498422734, 'reg_lambda': 2.1173832799925608e-05, 'min_child_weight': 1}. Best is trial 112 with value: 0.92.
[I 2026-03-24 15:42:11,714] Trial 419 finished with value: 0.92 and parameters: {'n_estimators': 987, 'max_depth': 33, 'learning_rate': 0.003254773437812276, 'reg_alpha': 0.04836575254094941, 'reg_lambda': 4.0765398243161315e-05, 'min_child_weight': 1}. Best is trial 112 with value: 0.92.
[I 2026-03-24 15:42:11,966] Trial 420 finished with value: 0.92 and parameters: {'n_estimators': 920, 'max_depth': 29, 'learning_rate': 0.004122827023444995, 'reg_alpha': 0.15758047401889366, 'reg_lambda': 7.54317878133937e-05, 'min_child_weight': 1}. Best is trial 112 with value: 0.92.
[I 2026-03-24 15:42:12,225] Trial 421 finished with value: 0.92 and parameters: {'n_estimators': 971, 'max_depth': 32, 'learning_rate': 0.0046311468594522525, 'reg_alpha': 0.06994865805525025, 'reg_lambda': 5.094059107760927e-05, 'min_child_weight': 1}. Best is trial 112 with value: 0.92.
[I 2026-03-24 15:42:12,492] Trial 422 finished with value: 0.914572864321608 and parameters: {'n_estimators': 1000, 'max_depth': 36, 'learning_rate': 0.005344334447521922, 'reg_alpha': 0.024122212513325067, 'reg_lambda': 0.0001113693249391505, 'min_child_weight': 1}. Best is trial 112 with value: 0.92.
[I 2026-03-24 15:42:12,753] Trial 423 finished with value: 0.92 and parameters: {'n_estimators': 950, 'max_depth': 30, 'learning_rate': 0.0037554168659378754, 'reg_alpha': 0.04102504786445227, 'reg_lambda': 3.319613755857614e-05, 'min_child_weight': 1}. Best is trial 112 with value: 0.92.
[I 2026-03-24 15:42:13,026] Trial 424 finished with value: 0.92 and parameters: {'n_estimators': 977, 'max_depth': 33, 'learning_rate': 0.002798736210477771, 'reg_alpha': 0.10348503134485587, 'reg_lambda': 1.931228615332923e-05, 'min_child_weight': 1}. Best is trial 112 with value: 0.92.
[I 2026-03-24 15:42:13,144] Trial 425 finished with value: 0.9154228855721394 and parameters: {'n_estimators': 345, 'max_depth': 31, 'learning_rate': 0.0034365880848937704, 'reg_alpha': 0.018623907913845498, 'reg_lambda': 7.917639138150345e-05, 'min_child_weight': 1}. Best is trial 112 with value: 0.92.
[I 2026-03-24 15:42:13,377] Trial 426 finished with value: 0.9154228855721394 and parameters: {'n_estimators': 986, 'max_depth': 34, 'learning_rate': 0.004254365280948095, 'reg_alpha': 0.03155221130467415, 'reg_lambda': 4.542457191924785e-05, 'min_child_weight': 2}. Best is trial 112 with value: 0.92.
[I 2026-03-24 15:42:13,643] Trial 427 finished with value: 0.92 and parameters: {'n_estimators': 959, 'max_depth': 32, 'learning_rate': 0.003872929366080246, 'reg_alpha': 0.2994098421511712, 'reg_lambda': 0.00017679047405472933, 'min_child_weight': 1}. Best is trial 112 with value: 0.92.
[I 2026-03-24 15:42:13,906] Trial 428 finished with value: 0.92 and parameters: {'n_estimators': 945, 'max_depth': 31, 'learning_rate': 0.0030963669590440192, 'reg_alpha': 0.07310350184797465, 'reg_lambda': 0.0004017915105364648, 'min_child_weight': 1}. Best is trial 112 with value: 0.92.
[I 2026-03-24 15:42:14,174] Trial 429 finished with value: 0.92 and parameters: {'n_estimators': 1000, 'max_depth': 33, 'learning_rate': 0.004906342588065661, 'reg_alpha': 0.0518075249745595, 'reg_lambda': 6.802046400317914e-06, 'min_child_weight': 1}. Best is trial 112 with value: 0.92.
[I 2026-03-24 15:42:14,446] Trial 430 finished with value: 0.92 and parameters: {'n_estimators': 974, 'max_depth': 35, 'learning_rate': 0.003532976326561936, 'reg_alpha': 0.12246790365032478, 'reg_lambda': 2.8345888223403215e-05, 'min_child_weight': 1}. Best is trial 112 with value: 0.92.
[I 2026-03-24 15:42:14,717] Trial 431 finished with value: 0.92 and parameters: {'n_estimators': 985, 'max_depth': 32, 'learning_rate': 0.0044295856427373735, 'reg_alpha': 0.03213502381538487, 'reg_lambda': 1.440958255795094e-05, 'min_child_weight': 1}. Best is trial 112 with value: 0.92.
[I 2026-03-24 15:42:14,948] Trial 432 finished with value: 0.9154228855721394 and parameters: {'n_estimators': 964, 'max_depth': 30, 'learning_rate': 0.0023345144062036217, 'reg_alpha': 0.04855451027550368, 'reg_lambda': 5.707917858689508e-05, 'min_child_weight': 2}. Best is trial 112 with value: 0.92.
[I 2026-03-24 15:42:15,224] Trial 433 finished with value: 0.92 and parameters: {'n_estimators': 986, 'max_depth': 29, 'learning_rate': 0.004027394754075141, 'reg_alpha': 0.011544974831142633, 'reg_lambda': 3.757851955878311e-05, 'min_child_weight': 1}. Best is trial 112 with value: 0.92.
[I 2026-03-24 15:42:15,444] Trial 434 finished with value: 0.914572864321608 and parameters: {'n_estimators': 823, 'max_depth': 34, 'learning_rate': 0.007415559868213394, 'reg_alpha': 0.08678674085757376, 'reg_lambda': 0.0001303337986223947, 'min_child_weight': 1}. Best is trial 112 with value: 0.92.
[I 2026-03-24 15:42:15,715] Trial 435 finished with value: 0.92 and parameters: {'n_estimators': 938, 'max_depth': 32, 'learning_rate': 0.003215680932033853, 'reg_alpha': 0.005359866692216715, 'reg_lambda': 8.280596038054353e-05, 'min_child_weight': 1}. Best is trial 112 with value: 0.92.
[I 2026-03-24 15:42:15,994] Trial 436 finished with value: 0.92 and parameters: {'n_estimators': 1000, 'max_depth': 33, 'learning_rate': 0.0036760982960063224, 'reg_alpha': 0.026320277831047574, 'reg_lambda': 2.3722257492018865e-05, 'min_child_weight': 1}. Best is trial 112 with value: 0.92.
[I 2026-03-24 15:42:16,275] Trial 437 finished with value: 0.92 and parameters: {'n_estimators': 971, 'max_depth': 31, 'learning_rate': 0.002623562178265351, 'reg_alpha': 0.01574141191840794, 'reg_lambda': 5.564067142516079e-05, 'min_child_weight': 1}. Best is trial 112 with value: 0.92.
[I 2026-03-24 15:42:16,533] Trial 438 finished with value: 0.92 and parameters: {'n_estimators': 955, 'max_depth': 28, 'learning_rate': 0.004633348056718814, 'reg_alpha': 0.06306679943314931, 'reg_lambda': 3.3830749329074104e-05, 'min_child_weight': 1}. Best is trial 112 with value: 0.92.
[I 2026-03-24 15:42:16,801] Trial 439 finished with value: 0.92 and parameters: {'n_estimators': 977, 'max_depth': 32, 'learning_rate': 0.003880417666283488, 'reg_alpha': 0.045141023163275784, 'reg_lambda': 0.00024844307003141556, 'min_child_weight': 1}. Best is trial 112 with value: 0.92.
[I 2026-03-24 15:42:17,023] Trial 440 finished with value: 0.9154228855721394 and parameters: {'n_estimators': 926, 'max_depth': 31, 'learning_rate': 0.0051478586056843455, 'reg_alpha': 0.1965134349341419, 'reg_lambda': 9.834768853763691e-05, 'min_child_weight': 2}. Best is trial 112 with value: 0.92.
