[I 2026-03-24 15:35:07,244] Trial 306 finished with value: 0.941747572815534 and parameters: {'n_estimators': 554, 'max_depth': 33, 'learning_rate': 0.0056392753130027114, 'reg_alpha': 0.010844284855474678, 'reg_lambda': 0.2375847973278601, 'min_child_weight': 5}. Best is trial 213 with value: 0.9463414634146341.
[I 2026-03-24 15:35:07,309] Trial 307 finished with value: 0.941747572815534 and parameters: {'n_estimators': 261, 'max_depth': 25, 'learning_rate': 0.01071323343344721, 'reg_alpha': 0.0057093901575181035, 'reg_lambda': 1.507367565507983e-08, 'min_child_weight': 3}. Best is trial 213 with value: 0.9463414634146341.
[I 2026-03-24 15:35:07,468] Trial 308 finished with value: 0.941747572815534 and parameters: {'n_estimators': 903, 'max_depth': 49, 'learning_rate': 0.09030357483526742, 'reg_alpha': 7.190440791639987e-07, 'reg_lambda': 3.229260241410933e-05, 'min_child_weight': 4}. Best is trial 213 with value: 0.9463414634146341.
[I 2026-03-24 15:35:07,547] Trial 309 finished with value: 0.941747572815534 and parameters: {'n_estimators': 222, 'max_depth': 43, 'learning_rate': 0.007228114746510304, 'reg_alpha': 1.6892147742063017e-07, 'reg_lambda': 4.177256079655944e-07, 'min_child_weight': 2}. Best is trial 213 with value: 0.9463414634146341.
[I 2026-03-24 15:35:07,873] Trial 310 finished with value: 0.941747572815534 and parameters: {'n_estimators': 968, 'max_depth': 42, 'learning_rate': 0.002400578440378742, 'reg_alpha': 0.2504492261324713, 'reg_lambda': 0.007612906120037081, 'min_child_weight': 1}. Best is trial 213 with value: 0.9463414634146341.
[I 2026-03-24 15:35:08,003] Trial 311 finished with value: 0.941747572815534 and parameters: {'n_estimators': 709, 'max_depth': 48, 'learning_rate': 0.07638288091423316, 'reg_alpha': 0.0008581680062102992, 'reg_lambda': 0.11317607644365509, 'min_child_weight': 3}. Best is trial 213 with value: 0.9463414634146341.
[I 2026-03-24 15:35:08,140] Trial 312 finished with value: 0.941747572815534 and parameters: {'n_estimators': 755, 'max_depth': 46, 'learning_rate': 0.002834891115043963, 'reg_alpha': 0.00011642376897507424, 'reg_lambda': 0.6758289801570347, 'min_child_weight': 7}. Best is trial 213 with value: 0.9463414634146341.
[I 2026-03-24 15:35:08,288] Trial 313 finished with value: 0.941747572815534 and parameters: {'n_estimators': 818, 'max_depth': 36, 'learning_rate': 0.009098394426068778, 'reg_alpha': 1.7359634716637104e-06, 'reg_lambda': 0.06570283801614625, 'min_child_weight': 10}. Best is trial 213 with value: 0.9463414634146341.
[I 2026-03-24 15:35:08,376] Trial 314 finished with value: 0.941747572815534 and parameters: {'n_estimators': 426, 'max_depth': 10, 'learning_rate': 0.0033955684821416593, 'reg_alpha': 0.07211242623337344, 'reg_lambda': 1.7493876757827665e-05, 'min_child_weight': 6}. Best is trial 213 with value: 0.9463414634146341.
[I 2026-03-24 15:35:08,526] Trial 315 finished with value: 0.941747572815534 and parameters: {'n_estimators': 847, 'max_depth': 44, 'learning_rate': 0.0411249485961157, 'reg_alpha': 0.5996699908463307, 'reg_lambda': 8.117686540667554e-05, 'min_child_weight': 5}. Best is trial 213 with value: 0.9463414634146341.
[I 2026-03-24 15:35:08,690] Trial 316 finished with value: 0.941747572815534 and parameters: {'n_estimators': 930, 'max_depth': 41, 'learning_rate': 0.0013296277198541994, 'reg_alpha': 8.981718866193852e-08, 'reg_lambda': 0.00048022456770376905, 'min_child_weight': 8}. Best is trial 213 with value: 0.9463414634146341.
[I 2026-03-24 15:35:08,783] Trial 317 finished with value: 0.941747572815534 and parameters: {'n_estimators': 458, 'max_depth': 38, 'learning_rate': 0.005181227217129942, 'reg_alpha': 3.7739823588016523e-05, 'reg_lambda': 4.076944368387801e-06, 'min_child_weight': 10}. Best is trial 213 with value: 0.9463414634146341.
[I 2026-03-24 15:35:08,902] Trial 318 finished with value: 0.941747572815534 and parameters: {'n_estimators': 636, 'max_depth': 14, 'learning_rate': 0.021095178604900292, 'reg_alpha': 3.5565509327978905e-06, 'reg_lambda': 0.004416805577679468, 'min_child_weight': 7}. Best is trial 213 with value: 0.9463414634146341.
[I 2026-03-24 15:35:09,048] Trial 319 finished with value: 0.941747572815534 and parameters: {'n_estimators': 804, 'max_depth': 45, 'learning_rate': 0.006250521496679015, 'reg_alpha': 0.0005893074569771854, 'reg_lambda': 0.18978148076230936, 'min_child_weight': 4}. Best is trial 213 with value: 0.9463414634146341.
[I 2026-03-24 15:35:09,148] Trial 320 finished with value: 0.941747572815534 and parameters: {'n_estimators': 506, 'max_depth': 19, 'learning_rate': 0.0018174234662266706, 'reg_alpha': 0.003443620908986606, 'reg_lambda': 6.848838255416466e-06, 'min_child_weight': 3}. Best is trial 213 with value: 0.9463414634146341.
[I 2026-03-24 15:35:09,223] Trial 321 finished with value: 0.941747572815534 and parameters: {'n_estimators': 325, 'max_depth': 23, 'learning_rate': 0.02986498101778822, 'reg_alpha': 0.031062797291464533, 'reg_lambda': 0.04542828549800536, 'min_child_weight': 9}. Best is trial 213 with value: 0.9463414634146341.
[I 2026-03-24 15:35:09,339] Trial 322 finished with value: 0.941747572815534 and parameters: {'n_estimators': 605, 'max_depth': 11, 'learning_rate': 0.00219511743541028, 'reg_alpha': 0.0012786115828231626, 'reg_lambda': 0.024841512151412795, 'min_child_weight': 8}. Best is trial 213 with value: 0.9463414634146341.
[I 2026-03-24 15:35:09,528] Trial 323 finished with value: 0.941747572815534 and parameters: {'n_estimators': 439, 'max_depth': 43, 'learning_rate': 0.0010634949708020313, 'reg_alpha': 1.1235398624208308e-05, 'reg_lambda': 1.3162324427370423e-06, 'min_child_weight': 1}. Best is trial 213 with value: 0.9463414634146341.
[I 2026-03-24 15:35:09,646] Trial 324 finished with value: 0.941747572815534 and parameters: {'n_estimators': 390, 'max_depth': 27, 'learning_rate': 0.006714131730976783, 'reg_alpha': 0.00018097431949760207, 'reg_lambda': 2.1847507731493606e-06, 'min_child_weight': 2}. Best is trial 213 with value: 0.9463414634146341.
[I 2026-03-24 15:35:09,800] Trial 325 finished with value: 0.941747572815534 and parameters: {'n_estimators': 864, 'max_depth': 41, 'learning_rate': 0.00407636355206494, 'reg_alpha': 0.014055680597412096, 'reg_lambda': 7.888919106245095e-07, 'min_child_weight': 5}. Best is trial 213 with value: 0.9463414634146341.
[I 2026-03-24 15:35:09,940] Trial 326 finished with value: 0.941747572815534 and parameters: {'n_estimators': 774, 'max_depth': 39, 'learning_rate': 0.005814261035025616, 'reg_alpha': 0.00036564263214003867, 'reg_lambda': 3.240881854287607e-08, 'min_child_weight': 6}. Best is trial 213 with value: 0.9463414634146341.
[I 2026-03-24 15:35:10,008] Trial 327 finished with value: 0.941747572815534 and parameters: {'n_estimators': 286, 'max_depth': 25, 'learning_rate': 0.04916529721698849, 'reg_alpha': 0.1696237163418001, 'reg_lambda': 0.013382246382254978, 'min_child_weight': 4}. Best is trial 213 with value: 0.9463414634146341.
[I 2026-03-24 15:35:10,079] Trial 328 finished with value: 0.941747572815534 and parameters: {'n_estimators': 311, 'max_depth': 22, 'learning_rate': 0.018973083355431183, 'reg_alpha': 5.692829492360966e-05, 'reg_lambda': 0.31391894798811654, 'min_child_weight': 10}. Best is trial 213 with value: 0.9463414634146341.
[I 2026-03-24 15:35:10,184] Trial 329 finished with value: 0.941747572815534 and parameters: {'n_estimators': 538, 'max_depth': 9, 'learning_rate': 0.08648003403020342, 'reg_alpha': 2.234115693826573e-05, 'reg_lambda': 0.00134883087785592, 'min_child_weight': 5}. Best is trial 213 with value: 0.9463414634146341.
[I 2026-03-24 15:35:10,310] Trial 330 finished with value: 0.941747572815534 and parameters: {'n_estimators': 682, 'max_depth': 17, 'learning_rate': 0.00847060208181206, 'reg_alpha': 3.738757705279137e-07, 'reg_lambda': 0.10340245722560465, 'min_child_weight': 9}. Best is trial 213 with value: 0.9463414634146341.
[I 2026-03-24 15:35:10,459] Trial 331 finished with value: 0.941747572815534 and parameters: {'n_estimators': 831, 'max_depth': 44, 'learning_rate': 0.07023039792067584, 'reg_alpha': 0.0009396167311859768, 'reg_lambda': 0.0009134653061460584, 'min_child_weight': 3}. Best is trial 213 with value: 0.9463414634146341.
[I 2026-03-24 15:35:10,582] Trial 332 finished with value: 0.941747572815534 and parameters: {'n_estimators': 659, 'max_depth': 50, 'learning_rate': 0.0019952325216478863, 'reg_alpha': 0.0017259484222520367, 'reg_lambda': 1.0207687079488325e-08, 'min_child_weight': 7}. Best is trial 213 with value: 0.9463414634146341.
[I 2026-03-24 15:35:10,751] Trial 333 finished with value: 0.941747572815534 and parameters: {'n_estimators': 955, 'max_depth': 20, 'learning_rate': 0.012557761207159122, 'reg_alpha': 0.0006291344415202821, 'reg_lambda': 0.0614696178913858, 'min_child_weight': 3}. Best is trial 213 with value: 0.9463414634146341.
[I 2026-03-24 15:35:10,813] Trial 334 finished with value: 0.941747572815534 and parameters: {'n_estimators': 250, 'max_depth': 49, 'learning_rate': 0.005001034962913635, 'reg_alpha': 0.007870176329074935, 'reg_lambda': 0.6379494728778382, 'min_child_weight': 6}. Best is trial 213 with value: 0.9463414634146341.
[I 2026-03-24 15:35:10,947] Trial 335 finished with value: 0.941747572815534 and parameters: {'n_estimators': 730, 'max_depth': 31, 'learning_rate': 0.0157737354423538, 'reg_alpha': 0.991995579101447, 'reg_lambda': 2.7190249291505896e-06, 'min_child_weight': 5}. Best is trial 213 with value: 0.9463414634146341.
[I 2026-03-24 15:35:11,079] Trial 336 finished with value: 0.941747572815534 and parameters: {'n_estimators': 473, 'max_depth': 28, 'learning_rate': 0.0025540621357361096, 'reg_alpha': 0.4978983258275147, 'reg_lambda': 0.0001638848102708775, 'min_child_weight': 2}. Best is trial 213 with value: 0.9463414634146341.
[I 2026-03-24 15:35:11,333] Trial 337 finished with value: 0.9411764705882353 and parameters: {'n_estimators': 800, 'max_depth': 7, 'learning_rate': 0.00718796510777643, 'reg_alpha': 9.390067411125749e-05, 'reg_lambda': 0.03348009895867718, 'min_child_weight': 1}. Best is trial 213 with value: 0.9463414634146341.
[I 2026-03-24 15:35:11,480] Trial 338 finished with value: 0.941747572815534 and parameters: {'n_estimators': 788, 'max_depth': 13, 'learning_rate': 0.001476691507367288, 'reg_alpha': 1.0822812615228496e-08, 'reg_lambda': 0.1351657016846847, 'min_child_weight': 10}. Best is trial 213 with value: 0.9463414634146341.
[I 2026-03-24 15:35:11,568] Trial 339 finished with value: 0.941747572815534 and parameters: {'n_estimators': 416, 'max_depth': 38, 'learning_rate': 0.010166369980836481, 'reg_alpha': 0.002595994203657132, 'reg_lambda': 5.384609722185863e-08, 'min_child_weight': 4}. Best is trial 213 with value: 0.9463414634146341.
[I 2026-03-24 15:35:11,723] Trial 340 finished with value: 0.941747572815534 and parameters: {'n_estimators': 871, 'max_depth': 42, 'learning_rate': 0.005549163554463641, 'reg_alpha': 7.46221332227944e-06, 'reg_lambda': 0.005382681540398245, 'min_child_weight': 8}. Best is trial 213 with value: 0.9463414634146341.
[I 2026-03-24 15:35:11,875] Trial 341 finished with value: 0.941747572815534 and parameters: {'n_estimators': 843, 'max_depth': 15, 'learning_rate': 0.007754838464658464, 'reg_alpha': 2.9720385513686963e-08, 'reg_lambda': 0.9103022622262336, 'min_child_weight': 3}. Best is trial 213 with value: 0.9463414634146341.
[I 2026-03-24 15:35:11,934] Trial 342 finished with value: 0.941747572815534 and parameters: {'n_estimators': 225, 'max_depth': 36, 'learning_rate': 0.09294917973876837, 'reg_alpha': 0.00023613757164408895, 'reg_lambda': 0.0906223830839118, 'min_child_weight': 5}. Best is trial 213 with value: 0.9463414634146341.
[I 2026-03-24 15:35:12,069] Trial 343 finished with value: 0.941747572815534 and parameters: {'n_estimators': 749, 'max_depth': 41, 'learning_rate': 0.004322250899390645, 'reg_alpha': 0.00040373214343917803, 'reg_lambda': 0.002045763920450387, 'min_child_weight': 10}. Best is trial 213 with value: 0.9463414634146341.
[I 2026-03-24 15:35:12,161] Trial 344 finished with value: 0.941747572815534 and parameters: {'n_estimators': 451, 'max_depth': 40, 'learning_rate': 0.05869404231667804, 'reg_alpha': 0.02662186025176346, 'reg_lambda': 6.620654588757421e-05, 'min_child_weight': 7}. Best is trial 213 with value: 0.9463414634146341.
[I 2026-03-24 15:35:12,236] Trial 345 finished with value: 0.941747572815534 and parameters: {'n_estimators': 339, 'max_depth': 45, 'learning_rate': 0.0031592699710425104, 'reg_alpha': 0.055725805001838664, 'reg_lambda': 1.5988480588913862e-08, 'min_child_weight': 6}. Best is trial 213 with value: 0.9463414634146341.
[I 2026-03-24 15:35:12,408] Trial 346 finished with value: 0.941747572815534 and parameters: {'n_estimators': 987, 'max_depth': 37, 'learning_rate': 0.07604191438352567, 'reg_alpha': 0.32822963822239, 'reg_lambda': 9.485150863436721e-06, 'min_child_weight': 4}. Best is trial 213 with value: 0.9463414634146341.
[I 2026-03-24 15:35:12,557] Trial 347 finished with value: 0.941747572815534 and parameters: {'n_estimators': 819, 'max_depth': 29, 'learning_rate': 0.001703677887262111, 'reg_alpha': 0.0006731952628561073, 'reg_lambda': 0.0031007851625353957, 'min_child_weight': 5}. Best is trial 213 with value: 0.9463414634146341.
[I 2026-03-24 15:35:12,713] Trial 348 finished with value: 0.941747572815534 and parameters: {'n_estimators': 891, 'max_depth': 47, 'learning_rate': 0.002308537964971094, 'reg_alpha': 0.0012214891121023392, 'reg_lambda': 0.2155102184514006, 'min_child_weight': 7}. Best is trial 213 with value: 0.9463414634146341.
[I 2026-03-24 15:35:12,793] Trial 349 finished with value: 0.941747572815534 and parameters: {'n_estimators': 371, 'max_depth': 21, 'learning_rate': 0.006442942274565901, 'reg_alpha': 4.768040822295345e-05, 'reg_lambda': 0.0001135479960212293, 'min_child_weight': 3}. Best is trial 213 with value: 0.9463414634146341.
[I 2026-03-24 15:35:12,886] Trial 350 finished with value: 0.941747572815534 and parameters: {'n_estimators': 462, 'max_depth': 43, 'learning_rate': 0.008693888113599871, 'reg_alpha': 1.790446594148213e-08, 'reg_lambda': 0.0005827851458242978, 'min_child_weight': 10}. Best is trial 213 with value: 0.9463414634146341.
[I 2026-03-24 15:35:12,971] Trial 351 finished with value: 0.941747572815534 and parameters: {'n_estimators': 405, 'max_depth': 18, 'learning_rate': 0.002770841154638457, 'reg_alpha': 3.36091744474186e-05, 'reg_lambda': 0.495912549142705, 'min_child_weight': 5}. Best is trial 213 with value: 0.9463414634146341.
[I 2026-03-24 15:35:13,174] Trial 352 finished with value: 0.941747572815534 and parameters: {'n_estimators': 587, 'max_depth': 24, 'learning_rate': 0.003473070086421068, 'reg_alpha': 0.0037526886299797, 'reg_lambda': 0.00022646579668836843, 'min_child_weight': 1}. Best is trial 213 with value: 0.9463414634146341.
[I 2026-03-24 15:35:13,271] Trial 353 finished with value: 0.941747572815534 and parameters: {'n_estimators': 483, 'max_depth': 48, 'learning_rate': 0.006059921595172972, 'reg_alpha': 0.016910140001706025, 'reg_lambda': 0.02051565784832192, 'min_child_weight': 6}. Best is trial 213 with value: 0.9463414634146341.
[I 2026-03-24 15:35:13,400] Trial 354 finished with value: 0.941747572815534 and parameters: {'n_estimators': 707, 'max_depth': 39, 'learning_rate': 0.005301612029002619, 'reg_alpha': 7.297161651269288e-05, 'reg_lambda': 0.008263843203030462, 'min_child_weight': 4}. Best is trial 213 with value: 0.9463414634146341.
[I 2026-03-24 15:35:13,455] Trial 355 finished with value: 0.941747572815534 and parameters: {'n_estimators': 202, 'max_depth': 34, 'learning_rate': 0.004670273290254708, 'reg_alpha': 1.3798367412728053e-07, 'reg_lambda': 2.3507355837792067e-08, 'min_child_weight': 9}. Best is trial 213 with value: 0.9463414634146341.
[I 2026-03-24 15:35:13,654] Trial 356 finished with value: 0.941747572815534 and parameters: {'n_estimators': 766, 'max_depth': 42, 'learning_rate': 0.001252712927126449, 'reg_alpha': 0.00013944243682578324, 'reg_lambda': 0.055060509107752384, 'min_child_weight': 2}. Best is trial 213 with value: 0.9463414634146341.
[I 2026-03-24 15:35:13,805] Trial 357 finished with value: 0.941747572815534 and parameters: {'n_estimators': 853, 'max_depth': 46, 'learning_rate': 0.013733614497331305, 'reg_alpha': 0.0019135791360171096, 'reg_lambda': 0.1614391885119252, 'min_child_weight': 8}. Best is trial 213 with value: 0.9463414634146341.
[I 2026-03-24 15:35:13,870] Trial 358 finished with value: 0.941747572815534 and parameters: {'n_estimators': 268, 'max_depth': 12, 'learning_rate': 0.08257645214712137, 'reg_alpha': 0.0008201171211234761, 'reg_lambda': 1.1888935953591443e-05, 'min_child_weight': 7}. Best is trial 213 with value: 0.9463414634146341.
[I 2026-03-24 15:35:13,968] Trial 359 finished with value: 0.941747572815534 and parameters: {'n_estimators': 497, 'max_depth': 40, 'learning_rate': 0.0020444574886254716, 'reg_alpha': 0.11991424238479498, 'reg_lambda': 0.29762351689160854, 'min_child_weight': 4}. Best is trial 213 with value: 0.9463414634146341.
[I 2026-03-24 15:35:14,102] Trial 360 finished with value: 0.941747572815534 and parameters: {'n_estimators': 738, 'max_depth': 8, 'learning_rate': 0.06697078538765848, 'reg_alpha': 0.006001433826776897, 'reg_lambda': 3.6871474430652453e-06, 'min_child_weight': 9}. Best is trial 213 with value: 0.9463414634146341.
[I 2026-03-24 15:35:14,247] Trial 361 finished with value: 0.941747572815534 and parameters: {'n_estimators': 808, 'max_depth': 23, 'learning_rate': 0.006589336377644771, 'reg_alpha': 8.806230707633688e-07, 'reg_lambda': 4.348550946894678e-05, 'min_child_weight': 3}. Best is trial 213 with value: 0.9463414634146341.
[I 2026-03-24 15:35:14,307] Trial 362 finished with value: 0.941747572815534 and parameters: {'n_estimators': 237, 'max_depth': 44, 'learning_rate': 0.011319488205435178, 'reg_alpha': 0.04249572030301028, 'reg_lambda': 0.0003362088074484775, 'min_child_weight': 5}. Best is trial 213 with value: 0.9463414634146341.
[I 2026-03-24 15:35:14,396] Trial 363 finished with value: 0.941747572815534 and parameters: {'n_estimators': 429, 'max_depth': 26, 'learning_rate': 0.0038519079599042033, 'reg_alpha': 0.0004694360886793569, 'reg_lambda': 0.03617464614601442, 'min_child_weight': 10}. Best is trial 213 with value: 0.9463414634146341.
[I 2026-03-24 15:35:14,557] Trial 364 finished with value: 0.941747572815534 and parameters: {'n_estimators': 917, 'max_depth': 39, 'learning_rate': 0.009786344394510715, 'reg_alpha': 1.857512349995443e-05, 'reg_lambda': 3.7890666361523467e-08, 'min_child_weight': 3}. Best is trial 213 with value: 0.9463414634146341.
[I 2026-03-24 15:35:14,712] Trial 365 finished with value: 0.941747572815534 and parameters: {'n_estimators': 878, 'max_depth': 42, 'learning_rate': 0.0075206998262026415, 'reg_alpha': 2.4262709847434555e-07, 'reg_lambda': 4.7601514593619885e-07, 'min_child_weight': 6}. Best is trial 213 with value: 0.9463414634146341.
[I 2026-03-24 15:35:14,936] Trial 366 finished with value: 0.9359605911330049 and parameters: {'n_estimators': 823, 'max_depth': 33, 'learning_rate': 0.03702966695343456, 'reg_alpha': 0.0002794064092433941, 'reg_lambda': 6.257117403555982e-06, 'min_child_weight': 1}. Best is trial 213 with value: 0.9463414634146341.
[I 2026-03-24 15:35:15,078] Trial 367 finished with value: 0.941747572815534 and parameters: {'n_estimators': 772, 'max_depth': 10, 'learning_rate': 0.0019085797071192402, 'reg_alpha': 0.011197945689278196, 'reg_lambda': 2.6873411990068575e-05, 'min_child_weight': 4}. Best is trial 213 with value: 0.9463414634146341.
[I 2026-03-24 15:35:15,207] Trial 368 finished with value: 0.941747572815534 and parameters: {'n_estimators': 696, 'max_depth': 45, 'learning_rate': 0.09296300430771035, 'reg_alpha': 0.6166898365902976, 'reg_lambda': 0.10880840657746177, 'min_child_weight': 5}. Best is trial 213 with value: 0.9463414634146341.
[I 2026-03-24 15:35:15,275] Trial 369 finished with value: 0.941747572815534 and parameters: {'n_estimators': 296, 'max_depth': 30, 'learning_rate': 0.0024792837210243675, 'reg_alpha': 0.0013981344785027156, 'reg_lambda': 0.01229503538853865, 'min_child_weight': 10}. Best is trial 213 with value: 0.9463414634146341.
[I 2026-03-24 15:35:15,483] Trial 370 finished with value: 0.941747572815534 and parameters: {'n_estimators': 794, 'max_depth': 41, 'learning_rate': 0.0015896703325437322, 'reg_alpha': 4.3226041014442933e-08, 'reg_lambda': 0.00015777743159041765, 'min_child_weight': 2}. Best is trial 213 with value: 0.9463414634146341.
[I 2026-03-24 15:35:15,560] Trial 371 finished with value: 0.941747572815534 and parameters: {'n_estimators': 351, 'max_depth': 50, 'learning_rate': 0.005763479999103316, 'reg_alpha': 0.24264799569098644, 'reg_lambda': 1.0037160713883246e-06, 'min_child_weight': 5}. Best is trial 213 with value: 0.9463414634146341.
[I 2026-03-24 15:35:15,618] Trial 372 finished with value: 0.941747572815534 and parameters: {'n_estimators': 220, 'max_depth': 49, 'learning_rate': 0.008237273224077402, 'reg_alpha': 0.07486795565064758, 'reg_lambda': 1.186864614829749e-07, 'min_child_weight': 7}. Best is trial 213 with value: 0.9463414634146341.
[I 2026-03-24 15:35:15,709] Trial 373 finished with value: 0.941747572815534 and parameters: {'n_estimators': 443, 'max_depth': 15, 'learning_rate': 0.004830695288868263, 'reg_alpha': 0.00251186260832834, 'reg_lambda': 3.14130491061742e-07, 'min_child_weight': 8}. Best is trial 213 with value: 0.9463414634146341.
[I 2026-03-24 15:35:15,860] Trial 374 finished with value: 0.941747572815534 and parameters: {'n_estimators': 839, 'max_depth': 32, 'learning_rate': 0.0030573858481971537, 'reg_alpha': 0.0008561863667340412, 'reg_lambda': 0.06734093799135309, 'min_child_weight': 4}. Best is trial 213 with value: 0.9463414634146341.
