[I 2026-03-24 15:31:18,150] Trial 768 finished with value: 0.941747572815534 and parameters: {'n_estimators': 932, 'max_depth': 42, 'learning_rate': 0.04339451223401454, 'reg_alpha': 2.770334992997909e-07, 'reg_lambda': 0.011797452302189319, 'min_child_weight': 4}. Best is trial 0 with value: 0.941747572815534.
[I 2026-03-24 15:31:18,261] Trial 769 finished with value: 0.941747572815534 and parameters: {'n_estimators': 538, 'max_depth': 38, 'learning_rate': 0.02157654801349683, 'reg_alpha': 1.0044025567367904e-08, 'reg_lambda': 6.633791724615215e-05, 'min_child_weight': 8}. Best is trial 0 with value: 0.941747572815534.
[I 2026-03-24 15:31:18,365] Trial 770 finished with value: 0.941747572815534 and parameters: {'n_estimators': 495, 'max_depth': 6, 'learning_rate': 0.09980526671411996, 'reg_alpha': 5.0027523008147135e-06, 'reg_lambda': 0.1295315246193535, 'min_child_weight': 2}. Best is trial 0 with value: 0.941747572815534.
[I 2026-03-24 15:31:18,434] Trial 771 finished with value: 0.941747572815534 and parameters: {'n_estimators': 302, 'max_depth': 20, 'learning_rate': 0.08542830366254318, 'reg_alpha': 0.1387349505285541, 'reg_lambda': 0.05566518518080667, 'min_child_weight': 6}. Best is trial 0 with value: 0.941747572815534.
[I 2026-03-24 15:31:18,555] Trial 772 finished with value: 0.941747572815534 and parameters: {'n_estimators': 556, 'max_depth': 43, 'learning_rate': 0.0023392975698020547, 'reg_alpha': 8.630990019699816e-06, 'reg_lambda': 3.5500450876079597e-06, 'min_child_weight': 6}. Best is trial 0 with value: 0.941747572815534.
[I 2026-03-24 15:31:18,637] Trial 773 finished with value: 0.941747572815534 and parameters: {'n_estimators': 238, 'max_depth': 45, 'learning_rate': 0.01418053132381403, 'reg_alpha': 4.2269439761390224e-08, 'reg_lambda': 0.02091092569361866, 'min_child_weight': 7}. Best is trial 0 with value: 0.941747572815534.
[I 2026-03-24 15:31:18,755] Trial 774 finished with value: 0.941747572815534 and parameters: {'n_estimators': 442, 'max_depth': 49, 'learning_rate': 0.07056843732042119, 'reg_alpha': 0.0011177803434711463, 'reg_lambda': 0.03887091174802529, 'min_child_weight': 4}. Best is trial 0 with value: 0.941747572815534.
[I 2026-03-24 15:31:18,877] Trial 775 finished with value: 0.941747572815534 and parameters: {'n_estimators': 514, 'max_depth': 24, 'learning_rate': 0.019254416726066124, 'reg_alpha': 0.0053943524872304425, 'reg_lambda': 2.1874673519779314e-06, 'min_child_weight': 6}. Best is trial 0 with value: 0.941747572815534.
[I 2026-03-24 15:31:19,035] Trial 776 finished with value: 0.941747572815534 and parameters: {'n_estimators': 786, 'max_depth': 34, 'learning_rate': 0.02451795143813465, 'reg_alpha': 0.0004031893721669618, 'reg_lambda': 1.723543908060332e-05, 'min_child_weight': 3}. Best is trial 0 with value: 0.941747572815534.
[I 2026-03-24 15:31:19,208] Trial 777 finished with value: 0.941747572815534 and parameters: {'n_estimators': 899, 'max_depth': 41, 'learning_rate': 0.01675944501949261, 'reg_alpha': 1.4616946490909623e-06, 'reg_lambda': 0.19938801060773417, 'min_child_weight': 7}. Best is trial 0 with value: 0.941747572815534.
[I 2026-03-24 15:31:19,311] Trial 778 finished with value: 0.941747572815534 and parameters: {'n_estimators': 391, 'max_depth': 39, 'learning_rate': 0.008020446710944592, 'reg_alpha': 0.00303426713055723, 'reg_lambda': 0.9891099782980423, 'min_child_weight': 5}. Best is trial 0 with value: 0.941747572815534.
[I 2026-03-24 15:31:19,423] Trial 779 finished with value: 0.941747572815534 and parameters: {'n_estimators': 459, 'max_depth': 46, 'learning_rate': 0.07789851369670556, 'reg_alpha': 5.932700225243583e-07, 'reg_lambda': 0.08511360659556577, 'min_child_weight': 10}. Best is trial 0 with value: 0.941747572815534.
[I 2026-03-24 15:31:19,530] Trial 780 finished with value: 0.941747572815534 and parameters: {'n_estimators': 418, 'max_depth': 44, 'learning_rate': 0.0650169281398792, 'reg_alpha': 1.0828467852372184e-07, 'reg_lambda': 0.0002596628213539146, 'min_child_weight': 8}. Best is trial 0 with value: 0.941747572815534.
[I 2026-03-24 15:31:19,689] Trial 781 finished with value: 0.941747572815534 and parameters: {'n_estimators': 797, 'max_depth': 47, 'learning_rate': 0.0037674563390731057, 'reg_alpha': 0.01174117058889164, 'reg_lambda': 1.5566396755767037e-06, 'min_child_weight': 9}. Best is trial 0 with value: 0.941747572815534.
[I 2026-03-24 15:31:19,842] Trial 782 finished with value: 0.941747572815534 and parameters: {'n_estimators': 753, 'max_depth': 50, 'learning_rate': 0.03936303953204408, 'reg_alpha': 0.00024627736345332125, 'reg_lambda': 0.007719753774547722, 'min_child_weight': 7}. Best is trial 0 with value: 0.941747572815534.
[I 2026-03-24 15:31:19,940] Trial 783 finished with value: 0.941747572815534 and parameters: {'n_estimators': 353, 'max_depth': 48, 'learning_rate': 0.02833673261036307, 'reg_alpha': 0.0007539949926002846, 'reg_lambda': 2.697159419095488e-07, 'min_child_weight': 7}. Best is trial 0 with value: 0.941747572815534.
[I 2026-03-24 15:31:20,089] Trial 784 finished with value: 0.941747572815534 and parameters: {'n_estimators': 729, 'max_depth': 36, 'learning_rate': 0.056376759514627194, 'reg_alpha': 2.7582603331455413e-08, 'reg_lambda': 2.982820959735086e-05, 'min_child_weight': 4}. Best is trial 0 with value: 0.941747572815534.
[I 2026-03-24 15:31:20,226] Trial 785 finished with value: 0.941747572815534 and parameters: {'n_estimators': 639, 'max_depth': 42, 'learning_rate': 0.001970137862219676, 'reg_alpha': 2.8162132542031206e-05, 'reg_lambda': 0.000542604711169212, 'min_child_weight': 3}. Best is trial 0 with value: 0.941747572815534.
[I 2026-03-24 15:31:20,342] Trial 786 finished with value: 0.941747572815534 and parameters: {'n_estimators': 485, 'max_depth': 8, 'learning_rate': 0.0014247626800351445, 'reg_alpha': 0.00011843087076653153, 'reg_lambda': 0.5911150660519785, 'min_child_weight': 10}. Best is trial 0 with value: 0.941747572815534.
[I 2026-03-24 15:31:20,469] Trial 787 finished with value: 0.941747572815534 and parameters: {'n_estimators': 567, 'max_depth': 30, 'learning_rate': 0.009710703918119762, 'reg_alpha': 5.051142356791437e-05, 'reg_lambda': 0.004346105961601092, 'min_child_weight': 8}. Best is trial 0 with value: 0.941747572815534.
[I 2026-03-24 15:31:20,630] Trial 788 finished with value: 0.941747572815534 and parameters: {'n_estimators': 821, 'max_depth': 23, 'learning_rate': 0.0029684153425864903, 'reg_alpha': 0.06788952040827753, 'reg_lambda': 9.802827423641907e-06, 'min_child_weight': 6}. Best is trial 0 with value: 0.941747572815534.
[I 2026-03-24 15:31:20,768] Trial 789 finished with value: 0.941747572815534 and parameters: {'n_estimators': 681, 'max_depth': 38, 'learning_rate': 0.0010803909884997108, 'reg_alpha': 8.42966415749033e-08, 'reg_lambda': 5.1982303255562155e-06, 'min_child_weight': 1}. Best is trial 0 with value: 0.941747572815534.
[I 2026-03-24 15:31:20,895] Trial 790 finished with value: 0.941747572815534 and parameters: {'n_estimators': 883, 'max_depth': 29, 'learning_rate': 0.0025754888562871023, 'reg_alpha': 4.438019641239364e-06, 'reg_lambda': 0.0017225227802179313, 'min_child_weight': 2}. Best is trial 0 with value: 0.941747572815534.
[I 2026-03-24 15:31:20,951] Trial 791 finished with value: 0.941747572815534 and parameters: {'n_estimators': 222, 'max_depth': 18, 'learning_rate': 0.0011989307544572583, 'reg_alpha': 0.00704619559547333, 'reg_lambda': 3.5343445338095954e-08, 'min_child_weight': 9}. Best is trial 0 with value: 0.941747572815534.
[I 2026-03-24 15:31:21,047] Trial 792 finished with value: 0.941747572815534 and parameters: {'n_estimators': 593, 'max_depth': 37, 'learning_rate': 0.0018210254784635433, 'reg_alpha': 1.8109103517106587e-08, 'reg_lambda': 9.036044781871131e-07, 'min_child_weight': 5}. Best is trial 0 with value: 0.941747572815534.
[I 2026-03-24 15:31:21,125] Trial 793 finished with value: 0.941747572815534 and parameters: {'n_estimators': 431, 'max_depth': 31, 'learning_rate': 0.00661111237664286, 'reg_alpha': 1.6656004779856223e-05, 'reg_lambda': 0.13435673387291555, 'min_child_weight': 7}. Best is trial 0 with value: 0.941747572815534.
[I 2026-03-24 15:31:21,227] Trial 794 finished with value: 0.941747572815534 and parameters: {'n_estimators': 658, 'max_depth': 7, 'learning_rate': 0.00485139332636741, 'reg_alpha': 0.18205791775590538, 'reg_lambda': 0.3441878199610724, 'min_child_weight': 6}. Best is trial 0 with value: 0.941747572815534.
[I 2026-03-24 15:31:21,341] Trial 795 finished with value: 0.941747572815534 and parameters: {'n_estimators': 767, 'max_depth': 9, 'learning_rate': 0.09040452982086564, 'reg_alpha': 2.1016104530279888e-07, 'reg_lambda': 0.00014396804313805816, 'min_child_weight': 9}. Best is trial 0 with value: 0.941747572815534.
[I 2026-03-24 15:31:21,414] Trial 796 finished with value: 0.941747572815534 and parameters: {'n_estimators': 379, 'max_depth': 33, 'learning_rate': 0.03569302256892556, 'reg_alpha': 1.988579818360011e-06, 'reg_lambda': 0.06919385866680886, 'min_child_weight': 8}. Best is trial 0 with value: 0.941747572815534.
[I 2026-03-24 15:31:21,474] Trial 797 finished with value: 0.941747572815534 and parameters: {'n_estimators': 255, 'max_depth': 43, 'learning_rate': 0.0041362266754836775, 'reg_alpha': 0.022339224717389642, 'reg_lambda': 0.03596091297379446, 'min_child_weight': 5}. Best is trial 0 with value: 0.941747572815534.
[I 2026-03-24 15:31:21,572] Trial 798 finished with value: 0.941747572815534 and parameters: {'n_estimators': 612, 'max_depth': 26, 'learning_rate': 0.05930947386405134, 'reg_alpha': 0.5034390461522625, 'reg_lambda': 0.025760232665010662, 'min_child_weight': 7}. Best is trial 0 with value: 0.941747572815534.
[I 2026-03-24 15:31:21,709] Trial 799 finished with value: 0.941747572815534 and parameters: {'n_estimators': 984, 'max_depth': 44, 'learning_rate': 0.017997284100288214, 'reg_alpha': 0.031441174805297206, 'reg_lambda': 8.94975678459881e-08, 'min_child_weight': 7}. Best is trial 0 with value: 0.941747572815534.

=== Split 1, k=20 Optuna Results ===
  Validation F1: 0.9417

=== Test Set Evaluation ===

Performance on Test set:
Accuracy: 0.8000
Recall: 1.0000
F1 Score: 0.8889

--- 采样数: 40 ---
CVT算法收敛, 迭代次数: 8
[I 2026-03-24 15:31:22,196] A new study created in memory with name: no-name-9daa0a44-0caf-41ad-8183-fa7bbd728606
[I 2026-03-24 15:31:22,299] Trial 0 finished with value: 0.941747572815534 and parameters: {'n_estimators': 630, 'max_depth': 17, 'learning_rate': 0.0035103770661617656, 'reg_alpha': 5.012188602921125e-08, 'reg_lambda': 1.6556846331374795e-06, 'min_child_weight': 4}. Best is trial 0 with value: 0.941747572815534.
[I 2026-03-24 15:31:22,358] Trial 1 finished with value: 0.941747572815534 and parameters: {'n_estimators': 404, 'max_depth': 50, 'learning_rate': 0.035423682078091774, 'reg_alpha': 2.3695662803960135e-06, 'reg_lambda': 0.0005078876338693654, 'min_child_weight': 9}. Best is trial 0 with value: 0.941747572815534.
[I 2026-03-24 15:31:22,487] Trial 2 finished with value: 0.941747572815534 and parameters: {'n_estimators': 998, 'max_depth': 34, 'learning_rate': 0.0015776452335378992, 'reg_alpha': 3.8160534040125234e-07, 'reg_lambda': 6.664316354661095e-06, 'min_child_weight': 9}. Best is trial 0 with value: 0.941747572815534.
[I 2026-03-24 15:31:22,612] Trial 3 finished with value: 0.941747572815534 and parameters: {'n_estimators': 957, 'max_depth': 35, 'learning_rate': 0.0849723938426111, 'reg_alpha': 4.476298017969552e-06, 'reg_lambda': 1.3218926273723755e-08, 'min_child_weight': 2}. Best is trial 0 with value: 0.941747572815534.
[I 2026-03-24 15:31:22,738] Trial 4 finished with value: 0.941747572815534 and parameters: {'n_estimators': 979, 'max_depth': 50, 'learning_rate': 0.0011746286410146498, 'reg_alpha': 6.284710892709213e-08, 'reg_lambda': 0.9530423617563212, 'min_child_weight': 6}. Best is trial 0 with value: 0.941747572815534.
[I 2026-03-24 15:31:22,800] Trial 5 finished with value: 0.941747572815534 and parameters: {'n_estimators': 375, 'max_depth': 39, 'learning_rate': 0.007871997586403773, 'reg_alpha': 2.563737477980956e-08, 'reg_lambda': 2.934925134115202e-05, 'min_child_weight': 2}. Best is trial 0 with value: 0.941747572815534.
[I 2026-03-24 15:31:22,844] Trial 6 finished with value: 0.941747572815534 and parameters: {'n_estimators': 309, 'max_depth': 20, 'learning_rate': 0.010809137091682073, 'reg_alpha': 2.3890082440000603e-06, 'reg_lambda': 0.004038664173495188, 'min_child_weight': 6}. Best is trial 0 with value: 0.941747572815534.
[I 2026-03-24 15:31:22,962] Trial 7 finished with value: 0.941747572815534 and parameters: {'n_estimators': 918, 'max_depth': 25, 'learning_rate': 0.002970943004756964, 'reg_alpha': 0.0012550431715823802, 'reg_lambda': 6.046407880587497e-07, 'min_child_weight': 8}. Best is trial 0 with value: 0.941747572815534.
[I 2026-03-24 15:31:23,005] Trial 8 finished with value: 0.941747572815534 and parameters: {'n_estimators': 297, 'max_depth': 41, 'learning_rate': 0.07614058729881282, 'reg_alpha': 0.012329160761303816, 'reg_lambda': 2.3156210567039423e-08, 'min_child_weight': 9}. Best is trial 0 with value: 0.941747572815534.
[I 2026-03-24 15:31:23,053] Trial 9 finished with value: 0.941747572815534 and parameters: {'n_estimators': 341, 'max_depth': 36, 'learning_rate': 0.09041395335561846, 'reg_alpha': 0.1064583216633457, 'reg_lambda': 1.4790336054885134e-08, 'min_child_weight': 5}. Best is trial 0 with value: 0.941747572815534.
[I 2026-03-24 15:31:23,155] Trial 10 finished with value: 0.941747572815534 and parameters: {'n_estimators': 720, 'max_depth': 7, 'learning_rate': 0.005667172691861949, 'reg_alpha': 0.00020377749854254786, 'reg_lambda': 0.020296424074781598, 'min_child_weight': 4}. Best is trial 0 with value: 0.941747572815534.
[I 2026-03-24 15:31:23,233] Trial 11 finished with value: 0.941747572815534 and parameters: {'n_estimators': 537, 'max_depth': 14, 'learning_rate': 0.025141635893414897, 'reg_alpha': 1.1629410912048274e-05, 'reg_lambda': 0.0004905769144415092, 'min_child_weight': 4}. Best is trial 0 with value: 0.941747572815534.
[I 2026-03-24 15:31:23,312] Trial 12 finished with value: 0.941747572815534 and parameters: {'n_estimators': 538, 'max_depth': 48, 'learning_rate': 0.027318364792761042, 'reg_alpha': 1.1312632435117043e-08, 'reg_lambda': 7.757590737125856e-07, 'min_child_weight': 10}. Best is trial 0 with value: 0.941747572815534.
[I 2026-03-24 15:31:23,417] Trial 13 finished with value: 0.941747572815534 and parameters: {'n_estimators': 757, 'max_depth': 18, 'learning_rate': 0.01668684905173791, 'reg_alpha': 4.3127940011131567e-07, 'reg_lambda': 0.0004226817575826454, 'min_child_weight': 7}. Best is trial 0 with value: 0.941747572815534.
[I 2026-03-24 15:31:23,487] Trial 14 finished with value: 0.941747572815534 and parameters: {'n_estimators': 466, 'max_depth': 27, 'learning_rate': 0.00407877981618583, 'reg_alpha': 6.232564144086403e-05, 'reg_lambda': 8.374904861345084e-06, 'min_child_weight': 3}. Best is trial 0 with value: 0.941747572815534.
[I 2026-03-24 15:31:23,577] Trial 15 finished with value: 0.941747572815534 and parameters: {'n_estimators': 631, 'max_depth': 7, 'learning_rate': 0.04334671221593066, 'reg_alpha': 3.6436118459878244e-07, 'reg_lambda': 0.02044782654872231, 'min_child_weight': 7}. Best is trial 0 with value: 0.941747572815534.
[I 2026-03-24 15:31:23,632] Trial 16 finished with value: 0.941747572815534 and parameters: {'n_estimators': 207, 'max_depth': 14, 'learning_rate': 0.0031205218842974077, 'reg_alpha': 3.392819550455908e-05, 'reg_lambda': 6.191729769551059e-07, 'min_child_weight': 1}. Best is trial 0 with value: 0.941747572815534.
[I 2026-03-24 15:31:23,739] Trial 17 finished with value: 0.941747572815534 and parameters: {'n_estimators': 772, 'max_depth': 44, 'learning_rate': 0.010257718027754834, 'reg_alpha': 1.204653507199829e-07, 'reg_lambda': 0.00023708768657655941, 'min_child_weight': 5}. Best is trial 0 with value: 0.941747572815534.
[I 2026-03-24 15:31:23,809] Trial 18 finished with value: 0.941747572815534 and parameters: {'n_estimators': 467, 'max_depth': 30, 'learning_rate': 0.05162550075593191, 'reg_alpha': 1.8924144076145429e-06, 'reg_lambda': 0.002103277722510758, 'min_child_weight': 10}. Best is trial 0 with value: 0.941747572815534.
[I 2026-03-24 15:31:23,901] Trial 19 finished with value: 0.941747572815534 and parameters: {'n_estimators': 650, 'max_depth': 23, 'learning_rate': 0.0019281598342531998, 'reg_alpha': 0.0004132509843089171, 'reg_lambda': 4.0381525679347435e-05, 'min_child_weight': 4}. Best is trial 0 with value: 0.941747572815534.
[I 2026-03-24 15:31:23,967] Trial 20 finished with value: 0.941747572815534 and parameters: {'n_estimators': 425, 'max_depth': 12, 'learning_rate': 0.01586877344274433, 'reg_alpha': 0.538820103592889, 'reg_lambda': 1.0482003723653669e-07, 'min_child_weight': 7}. Best is trial 0 with value: 0.941747572815534.
[I 2026-03-24 15:31:24,083] Trial 21 finished with value: 0.941747572815534 and parameters: {'n_estimators': 862, 'max_depth': 33, 'learning_rate': 0.001013933005735494, 'reg_alpha': 3.823656953737117e-07, 'reg_lambda': 4.144571742358229e-06, 'min_child_weight': 9}. Best is trial 0 with value: 0.941747572815534.
[I 2026-03-24 15:31:24,123] Trial 22 finished with value: 0.941747572815534 and parameters: {'n_estimators': 219, 'max_depth': 45, 'learning_rate': 0.0018047206296631887, 'reg_alpha': 1.3480153999474929e-07, 'reg_lambda': 1.0390787794895222e-05, 'min_child_weight': 9}. Best is trial 0 with value: 0.941747572815534.
[I 2026-03-24 15:31:24,237] Trial 23 finished with value: 0.941747572815534 and parameters: {'n_estimators': 844, 'max_depth': 30, 'learning_rate': 0.0017136464382303293, 'reg_alpha': 7.83622820022592e-07, 'reg_lambda': 1.76226009178343e-06, 'min_child_weight': 8}. Best is trial 0 with value: 0.941747572815534.
[I 2026-03-24 15:31:24,319] Trial 24 finished with value: 0.941747572815534 and parameters: {'n_estimators': 570, 'max_depth': 22, 'learning_rate': 0.004352805089017905, 'reg_alpha': 7.9341910603366e-06, 'reg_lambda': 1.353128906926697e-07, 'min_child_weight': 8}. Best is trial 0 with value: 0.941747572815534.
[I 2026-03-24 15:31:24,417] Trial 25 finished with value: 0.941747572815534 and parameters: {'n_estimators': 711, 'max_depth': 17, 'learning_rate': 0.0023386197883725045, 'reg_alpha': 3.584995267163123e-08, 'reg_lambda': 0.00010222918948937523, 'min_child_weight': 10}. Best is trial 0 with value: 0.941747572815534.
[I 2026-03-24 15:31:24,489] Trial 26 finished with value: 0.941747572815534 and parameters: {'n_estimators': 481, 'max_depth': 46, 'learning_rate': 0.006327770749677131, 'reg_alpha': 1.8664372783810564e-05, 'reg_lambda': 2.642164235648926e-05, 'min_child_weight': 6}. Best is trial 0 with value: 0.941747572815534.
[I 2026-03-24 15:31:24,600] Trial 27 finished with value: 0.941747572815534 and parameters: {'n_estimators': 835, 'max_depth': 42, 'learning_rate': 0.0013618353984414945, 'reg_alpha': 1.2922814986383229e-08, 'reg_lambda': 1.341972524359509e-07, 'min_child_weight': 3}. Best is trial 0 with value: 0.941747572815534.
[I 2026-03-24 15:31:24,661] Trial 28 finished with value: 0.941747572815534 and parameters: {'n_estimators': 394, 'max_depth': 38, 'learning_rate': 0.00382485504549409, 'reg_alpha': 2.0658132743753824e-06, 'reg_lambda': 0.0015686350915753676, 'min_child_weight': 9}. Best is trial 0 with value: 0.941747572815534.
[I 2026-03-24 15:31:24,781] Trial 29 finished with value: 0.941747572815534 and parameters: {'n_estimators': 904, 'max_depth': 33, 'learning_rate': 0.0026111583125344546, 'reg_alpha': 4.133025907016992e-06, 'reg_lambda': 3.7129084481839715e-06, 'min_child_weight': 3}. Best is trial 0 with value: 0.941747572815534.
[I 2026-03-24 15:31:24,873] Trial 30 finished with value: 0.941747572815534 and parameters: {'n_estimators': 665, 'max_depth': 29, 'learning_rate': 0.014769338979936365, 'reg_alpha': 9.79335169608173e-07, 'reg_lambda': 0.5241817154331149, 'min_child_weight': 8}. Best is trial 0 with value: 0.941747572815534.
[I 2026-03-24 15:31:25,065] Trial 31 finished with value: 0.9306930693069307 and parameters: {'n_estimators': 976, 'max_depth': 50, 'learning_rate': 0.04369519796034115, 'reg_alpha': 9.520534689706534e-08, 'reg_lambda': 3.752929792519166e-08, 'min_child_weight': 1}. Best is trial 0 with value: 0.941747572815534.
[I 2026-03-24 15:31:25,197] Trial 32 finished with value: 0.941747572815534 and parameters: {'n_estimators': 980, 'max_depth': 34, 'learning_rate': 0.06413099944804851, 'reg_alpha': 5.1775371964526497e-08, 'reg_lambda': 0.0001057771357655721, 'min_child_weight': 2}. Best is trial 0 with value: 0.941747572815534.
[I 2026-03-24 15:31:25,337] Trial 33 finished with value: 0.941747572815534 and parameters: {'n_estimators': 994, 'max_depth': 38, 'learning_rate': 0.035585580660405056, 'reg_alpha': 6.16677355619663e-06, 'reg_lambda': 1.7252378266455726e-05, 'min_child_weight': 2}. Best is trial 0 with value: 0.941747572815534.
[I 2026-03-24 15:31:25,465] Trial 34 finished with value: 0.941747572815534 and parameters: {'n_estimators': 905, 'max_depth': 41, 'learning_rate': 0.09902028687561108, 'reg_alpha': 1.6710224201462152e-07, 'reg_lambda': 3.5244062100063387e-07, 'min_child_weight': 2}. Best is trial 0 with value: 0.941747572815534.
[I 2026-03-24 15:31:25,590] Trial 35 finished with value: 0.941747572815534 and parameters: {'n_estimators': 940, 'max_depth': 26, 'learning_rate': 0.06594635352646731, 'reg_alpha': 1.1607366858132494e-06, 'reg_lambda': 5.4023279699049296e-08, 'min_child_weight': 6}. Best is trial 0 with value: 0.941747572815534.
[I 2026-03-24 15:31:25,638] Trial 36 finished with value: 0.941747572815534 and parameters: {'n_estimators': 277, 'max_depth': 35, 'learning_rate': 0.0011744619813941523, 'reg_alpha': 0.002299460419584117, 'reg_lambda': 1.8207819471321334e-06, 'min_child_weight': 5}. Best is trial 0 with value: 0.941747572815534.
