[I 2026-03-24 15:39:14,345] Trial 775 finished with value: 0.9154228855721394 and parameters: {'n_estimators': 432, 'max_depth': 28, 'learning_rate': 0.0010004814304475473, 'reg_alpha': 1.1457144307823664e-06, 'reg_lambda': 2.716788779780723e-06, 'min_child_weight': 4}. Best is trial 0 with value: 0.9154228855721394.
[I 2026-03-24 15:39:14,471] Trial 776 finished with value: 0.9154228855721394 and parameters: {'n_estimators': 873, 'max_depth': 39, 'learning_rate': 0.010916813556205832, 'reg_alpha': 1.3753784984079725e-05, 'reg_lambda': 9.364503994111271e-08, 'min_child_weight': 3}. Best is trial 0 with value: 0.9154228855721394.
[I 2026-03-24 15:39:14,531] Trial 777 finished with value: 0.9154228855721394 and parameters: {'n_estimators': 254, 'max_depth': 31, 'learning_rate': 0.0025756783548579708, 'reg_alpha': 1.4352387083799006e-07, 'reg_lambda': 3.50093135070813e-08, 'min_child_weight': 8}. Best is trial 0 with value: 0.9154228855721394.
[I 2026-03-24 15:39:14,623] Trial 778 finished with value: 0.9154228855721394 and parameters: {'n_estimators': 552, 'max_depth': 25, 'learning_rate': 0.0012865247930788622, 'reg_alpha': 0.047666135764787, 'reg_lambda': 1.0313148413686337e-05, 'min_child_weight': 9}. Best is trial 0 with value: 0.9154228855721394.
[I 2026-03-24 15:39:14,706] Trial 779 finished with value: 0.9154228855721394 and parameters: {'n_estimators': 464, 'max_depth': 15, 'learning_rate': 0.005120495546103024, 'reg_alpha': 0.029247801960357592, 'reg_lambda': 3.378170182649302e-05, 'min_child_weight': 5}. Best is trial 0 with value: 0.9154228855721394.
[I 2026-03-24 15:39:14,831] Trial 780 finished with value: 0.9154228855721394 and parameters: {'n_estimators': 850, 'max_depth': 37, 'learning_rate': 0.0037642501278990896, 'reg_alpha': 2.399071173190407e-06, 'reg_lambda': 2.7936143595533087e-07, 'min_child_weight': 1}. Best is trial 0 with value: 0.9154228855721394.
[I 2026-03-24 15:39:14,943] Trial 781 finished with value: 0.9154228855721394 and parameters: {'n_estimators': 753, 'max_depth': 20, 'learning_rate': 0.0016219370994165303, 'reg_alpha': 0.08629925750039008, 'reg_lambda': 1.6229605644207668e-06, 'min_child_weight': 8}. Best is trial 0 with value: 0.9154228855721394.
[I 2026-03-24 15:39:15,030] Trial 782 finished with value: 0.9154228855721394 and parameters: {'n_estimators': 505, 'max_depth': 17, 'learning_rate': 0.0014453224994323498, 'reg_alpha': 0.0009161240657090956, 'reg_lambda': 7.538684885347572e-05, 'min_child_weight': 2}. Best is trial 0 with value: 0.9154228855721394.
[I 2026-03-24 15:39:15,133] Trial 783 finished with value: 0.9154228855721394 and parameters: {'n_estimators': 658, 'max_depth': 26, 'learning_rate': 0.03970177133210931, 'reg_alpha': 0.14954789480190692, 'reg_lambda': 0.0010541747691139997, 'min_child_weight': 3}. Best is trial 0 with value: 0.9154228855721394.
[I 2026-03-24 15:39:15,250] Trial 784 finished with value: 0.9154228855721394 and parameters: {'n_estimators': 816, 'max_depth': 19, 'learning_rate': 0.013009738621964471, 'reg_alpha': 7.523625289343998e-06, 'reg_lambda': 7.706820809372008e-06, 'min_child_weight': 10}. Best is trial 0 with value: 0.9154228855721394.
[I 2026-03-24 15:39:15,322] Trial 785 finished with value: 0.9154228855721394 and parameters: {'n_estimators': 376, 'max_depth': 12, 'learning_rate': 0.0806092280709396, 'reg_alpha': 0.00016024581540862235, 'reg_lambda': 1.8509771804836182e-05, 'min_child_weight': 7}. Best is trial 0 with value: 0.9154228855721394.
[I 2026-03-24 15:39:15,416] Trial 786 finished with value: 0.9154228855721394 and parameters: {'n_estimators': 586, 'max_depth': 13, 'learning_rate': 0.04851414856799227, 'reg_alpha': 0.003454605826356248, 'reg_lambda': 6.422005302014089e-07, 'min_child_weight': 9}. Best is trial 0 with value: 0.9154228855721394.
[I 2026-03-24 15:39:15,491] Trial 787 finished with value: 0.9154228855721394 and parameters: {'n_estimators': 414, 'max_depth': 22, 'learning_rate': 0.002850235135425054, 'reg_alpha': 0.549547093786133, 'reg_lambda': 0.01717511452592502, 'min_child_weight': 7}. Best is trial 0 with value: 0.9154228855721394.
[I 2026-03-24 15:39:15,619] Trial 788 finished with value: 0.9154228855721394 and parameters: {'n_estimators': 898, 'max_depth': 38, 'learning_rate': 0.0011808695261090257, 'reg_alpha': 0.26213225114306715, 'reg_lambda': 0.010749309867580562, 'min_child_weight': 8}. Best is trial 0 with value: 0.9154228855721394.
[I 2026-03-24 15:39:15,757] Trial 789 finished with value: 0.9154228855721394 and parameters: {'n_estimators': 930, 'max_depth': 24, 'learning_rate': 0.008612138989759169, 'reg_alpha': 4.225344348025456e-06, 'reg_lambda': 0.42304165461062304, 'min_child_weight': 5}. Best is trial 0 with value: 0.9154228855721394.
[I 2026-03-24 15:39:15,864] Trial 790 finished with value: 0.9154228855721394 and parameters: {'n_estimators': 701, 'max_depth': 44, 'learning_rate': 0.0019094700370131633, 'reg_alpha': 0.0006800390447803007, 'reg_lambda': 4.692576776620721e-07, 'min_child_weight': 6}. Best is trial 0 with value: 0.9154228855721394.
[I 2026-03-24 15:39:15,970] Trial 791 finished with value: 0.9154228855721394 and parameters: {'n_estimators': 677, 'max_depth': 47, 'learning_rate': 0.029349342583528785, 'reg_alpha': 0.0004099886501448644, 'reg_lambda': 4.41452915033516e-08, 'min_child_weight': 2}. Best is trial 0 with value: 0.9154228855721394.
[I 2026-03-24 15:39:16,073] Trial 792 finished with value: 0.9154228855721394 and parameters: {'n_estimators': 636, 'max_depth': 9, 'learning_rate': 0.0060286810915390395, 'reg_alpha': 7.151369022954819e-05, 'reg_lambda': 1.4537048368885054e-07, 'min_child_weight': 6}. Best is trial 0 with value: 0.9154228855721394.
[I 2026-03-24 15:39:16,149] Trial 793 finished with value: 0.9154228855721394 and parameters: {'n_estimators': 393, 'max_depth': 27, 'learning_rate': 0.0030886564928602634, 'reg_alpha': 3.5507308812944415e-07, 'reg_lambda': 0.1714114099251203, 'min_child_weight': 4}. Best is trial 0 with value: 0.9154228855721394.
[I 2026-03-24 15:39:16,245] Trial 794 finished with value: 0.9154228855721394 and parameters: {'n_estimators': 608, 'max_depth': 21, 'learning_rate': 0.0010768023787599433, 'reg_alpha': 0.0047519174062753, 'reg_lambda': 2.1540702755029104e-08, 'min_child_weight': 1}. Best is trial 0 with value: 0.9154228855721394.
[I 2026-03-24 15:39:16,360] Trial 795 finished with value: 0.9154228855721394 and parameters: {'n_estimators': 775, 'max_depth': 46, 'learning_rate': 0.07043169584375295, 'reg_alpha': 0.0002483142779666487, 'reg_lambda': 5.198070643786948e-05, 'min_child_weight': 7}. Best is trial 0 with value: 0.9154228855721394.
[I 2026-03-24 15:39:16,470] Trial 796 finished with value: 0.9154228855721394 and parameters: {'n_estimators': 734, 'max_depth': 32, 'learning_rate': 0.05791146026637887, 'reg_alpha': 0.016452966525822114, 'reg_lambda': 0.00039904301252857146, 'min_child_weight': 3}. Best is trial 0 with value: 0.9154228855721394.
[I 2026-03-24 15:39:16,528] Trial 797 finished with value: 0.9154228855721394 and parameters: {'n_estimators': 238, 'max_depth': 42, 'learning_rate': 0.002257336445802269, 'reg_alpha': 2.261595869236417e-08, 'reg_lambda': 7.7460734154586e-08, 'min_child_weight': 4}. Best is trial 0 with value: 0.9154228855721394.
[I 2026-03-24 15:39:16,612] Trial 798 finished with value: 0.9154228855721394 and parameters: {'n_estimators': 358, 'max_depth': 36, 'learning_rate': 0.0016824970353025808, 'reg_alpha': 0.995191917220919, 'reg_lambda': 4.757892802067446e-06, 'min_child_weight': 10}. Best is trial 0 with value: 0.9154228855721394.
[I 2026-03-24 15:39:16,700] Trial 799 finished with value: 0.9154228855721394 and parameters: {'n_estimators': 522, 'max_depth': 48, 'learning_rate': 0.001356265950699982, 'reg_alpha': 7.194539627793835e-07, 'reg_lambda': 0.002145161284475679, 'min_child_weight': 9}. Best is trial 0 with value: 0.9154228855721394.

=== Split 2, k=20 Optuna Results ===
  Validation F1: 0.9154

=== Test Set Evaluation ===

Performance on Test set:
Accuracy: 0.8545
Recall: 1.0000
F1 Score: 0.9216

--- 采样数: 40 ---
CVT算法收敛, 迭代次数: 17
[I 2026-03-24 15:39:17,228] A new study created in memory with name: no-name-82eabaf9-2486-4ded-8a6d-4f2bfec7814c
[I 2026-03-24 15:39:17,287] Trial 0 finished with value: 0.9154228855721394 and parameters: {'n_estimators': 223, 'max_depth': 25, 'learning_rate': 0.01881632587119343, 'reg_alpha': 0.029132251930067514, 'reg_lambda': 1.181614185146022e-06, 'min_child_weight': 6}. Best is trial 0 with value: 0.9154228855721394.
[I 2026-03-24 15:39:17,502] Trial 1 finished with value: 0.9154228855721394 and parameters: {'n_estimators': 923, 'max_depth': 44, 'learning_rate': 0.00665903783183888, 'reg_alpha': 5.210859978361647e-06, 'reg_lambda': 4.237818744107466e-06, 'min_child_weight': 1}. Best is trial 0 with value: 0.9154228855721394.
[I 2026-03-24 15:39:17,551] Trial 2 finished with value: 0.9154228855721394 and parameters: {'n_estimators': 315, 'max_depth': 35, 'learning_rate': 0.002715158287620841, 'reg_alpha': 0.0002683035488361874, 'reg_lambda': 0.00019471473159937504, 'min_child_weight': 7}. Best is trial 0 with value: 0.9154228855721394.
[I 2026-03-24 15:39:17,666] Trial 3 finished with value: 0.9154228855721394 and parameters: {'n_estimators': 894, 'max_depth': 34, 'learning_rate': 0.005078326836595365, 'reg_alpha': 0.0008614461247135865, 'reg_lambda': 0.0046870089866324505, 'min_child_weight': 6}. Best is trial 0 with value: 0.9154228855721394.
[I 2026-03-24 15:39:17,744] Trial 4 finished with value: 0.9154228855721394 and parameters: {'n_estimators': 584, 'max_depth': 43, 'learning_rate': 0.0025174871820066117, 'reg_alpha': 7.14184793893725e-05, 'reg_lambda': 7.664258693663322e-08, 'min_child_weight': 10}. Best is trial 0 with value: 0.9154228855721394.
[I 2026-03-24 15:39:17,838] Trial 5 finished with value: 0.9154228855721394 and parameters: {'n_estimators': 685, 'max_depth': 30, 'learning_rate': 0.011225894101987237, 'reg_alpha': 1.4742950584823134e-05, 'reg_lambda': 9.493530644878986e-05, 'min_child_weight': 3}. Best is trial 0 with value: 0.9154228855721394.
[I 2026-03-24 15:39:17,922] Trial 6 finished with value: 0.9154228855721394 and parameters: {'n_estimators': 613, 'max_depth': 16, 'learning_rate': 0.007618671134114193, 'reg_alpha': 3.1849752275944804e-05, 'reg_lambda': 0.00019173513668895319, 'min_child_weight': 7}. Best is trial 0 with value: 0.9154228855721394.
[I 2026-03-24 15:39:17,977] Trial 7 finished with value: 0.9154228855721394 and parameters: {'n_estimators': 246, 'max_depth': 10, 'learning_rate': 0.017317846389633313, 'reg_alpha': 0.0009151500676163825, 'reg_lambda': 0.012465154609339937, 'min_child_weight': 1}. Best is trial 0 with value: 0.9154228855721394.
[I 2026-03-24 15:39:18,060] Trial 8 finished with value: 0.9154228855721394 and parameters: {'n_estimators': 634, 'max_depth': 9, 'learning_rate': 0.005390795416418461, 'reg_alpha': 0.00042579198051615293, 'reg_lambda': 0.21850434043254094, 'min_child_weight': 9}. Best is trial 0 with value: 0.9154228855721394.
[I 2026-03-24 15:39:18,117] Trial 9 finished with value: 0.9154228855721394 and parameters: {'n_estimators': 400, 'max_depth': 43, 'learning_rate': 0.008967899085950375, 'reg_alpha': 1.3760309920921844e-07, 'reg_lambda': 8.412774738174126e-07, 'min_child_weight': 9}. Best is trial 0 with value: 0.9154228855721394.
[I 2026-03-24 15:39:18,188] Trial 10 finished with value: 0.9154228855721394 and parameters: {'n_estimators': 445, 'max_depth': 20, 'learning_rate': 0.06794015743977758, 'reg_alpha': 0.3482520032705654, 'reg_lambda': 2.1142046987266562e-07, 'min_child_weight': 4}. Best is trial 0 with value: 0.9154228855721394.
[I 2026-03-24 15:39:18,365] Trial 11 finished with value: 0.9154228855721394 and parameters: {'n_estimators': 995, 'max_depth': 50, 'learning_rate': 0.029131285794819016, 'reg_alpha': 0.31700323741102127, 'reg_lambda': 4.616943619817963e-06, 'min_child_weight': 1}. Best is trial 0 with value: 0.9154228855721394.
[I 2026-03-24 15:39:18,475] Trial 12 finished with value: 0.9154228855721394 and parameters: {'n_estimators': 807, 'max_depth': 24, 'learning_rate': 0.0012262768431321425, 'reg_alpha': 8.145947405926516e-07, 'reg_lambda': 1.2055402093529264e-08, 'min_child_weight': 4}. Best is trial 0 with value: 0.9154228855721394.
[I 2026-03-24 15:39:18,585] Trial 13 finished with value: 0.9154228855721394 and parameters: {'n_estimators': 764, 'max_depth': 39, 'learning_rate': 0.03207057599577993, 'reg_alpha': 0.015741623488830233, 'reg_lambda': 1.2321199063819644e-05, 'min_child_weight': 3}. Best is trial 0 with value: 0.9154228855721394.
[I 2026-03-24 15:39:18,662] Trial 14 finished with value: 0.9154228855721394 and parameters: {'n_estimators': 500, 'max_depth': 28, 'learning_rate': 0.09588514204984125, 'reg_alpha': 3.6283187108502758e-06, 'reg_lambda': 4.1257770623383e-06, 'min_child_weight': 5}. Best is trial 0 with value: 0.9154228855721394.
[I 2026-03-24 15:39:18,704] Trial 15 finished with value: 0.9154228855721394 and parameters: {'n_estimators': 221, 'max_depth': 50, 'learning_rate': 0.016979625533638975, 'reg_alpha': 2.3110980805236197e-08, 'reg_lambda': 2.5831639425493654e-05, 'min_child_weight': 7}. Best is trial 0 with value: 0.9154228855721394.
[I 2026-03-24 15:39:18,833] Trial 16 finished with value: 0.9154228855721394 and parameters: {'n_estimators': 905, 'max_depth': 22, 'learning_rate': 0.039582014082434246, 'reg_alpha': 0.011448554971014081, 'reg_lambda': 8.00417311685494e-07, 'min_child_weight': 2}. Best is trial 0 with value: 0.9154228855721394.
[I 2026-03-24 15:39:18,890] Trial 17 finished with value: 0.9154228855721394 and parameters: {'n_estimators': 341, 'max_depth': 15, 'learning_rate': 0.017380835736024162, 'reg_alpha': 0.03291973674480732, 'reg_lambda': 0.0026557993748331744, 'min_child_weight': 5}. Best is trial 0 with value: 0.9154228855721394.
[I 2026-03-24 15:39:18,970] Trial 18 finished with value: 0.9154228855721394 and parameters: {'n_estimators': 523, 'max_depth': 26, 'learning_rate': 0.0030291817327250366, 'reg_alpha': 6.332419851808885e-07, 'reg_lambda': 1.3976528155123407e-08, 'min_child_weight': 6}. Best is trial 0 with value: 0.9154228855721394.
[I 2026-03-24 15:39:19,112] Trial 19 finished with value: 0.9154228855721394 and parameters: {'n_estimators': 996, 'max_depth': 32, 'learning_rate': 0.0011979794223319943, 'reg_alpha': 0.006621634132445568, 'reg_lambda': 7.645357048744775e-07, 'min_child_weight': 3}. Best is trial 0 with value: 0.9154228855721394.
[I 2026-03-24 15:39:19,218] Trial 20 finished with value: 0.9154228855721394 and parameters: {'n_estimators': 730, 'max_depth': 39, 'learning_rate': 0.004596541921912195, 'reg_alpha': 8.077319122335083e-06, 'reg_lambda': 0.0009475050180936961, 'min_child_weight': 2}. Best is trial 0 with value: 0.9154228855721394.
[I 2026-03-24 15:39:19,272] Trial 21 finished with value: 0.9154228855721394 and parameters: {'n_estimators': 316, 'max_depth': 36, 'learning_rate': 0.002317918462875453, 'reg_alpha': 0.10005577282759066, 'reg_lambda': 0.0001697912203906005, 'min_child_weight': 7}. Best is trial 0 with value: 0.9154228855721394.
[I 2026-03-24 15:39:19,323] Trial 22 finished with value: 0.9154228855721394 and parameters: {'n_estimators': 295, 'max_depth': 45, 'learning_rate': 0.003508836391333607, 'reg_alpha': 0.0002070956543528848, 'reg_lambda': 2.9295131284025334e-05, 'min_child_weight': 8}. Best is trial 0 with value: 0.9154228855721394.
[I 2026-03-24 15:39:19,386] Trial 23 finished with value: 0.9154228855721394 and parameters: {'n_estimators': 386, 'max_depth': 37, 'learning_rate': 0.006856950456999542, 'reg_alpha': 0.002625670720737357, 'reg_lambda': 0.036083894940529514, 'min_child_weight': 8}. Best is trial 0 with value: 0.9154228855721394.
[I 2026-03-24 15:39:19,429] Trial 24 finished with value: 0.9154228855721394 and parameters: {'n_estimators': 225, 'max_depth': 46, 'learning_rate': 0.012110321502697315, 'reg_alpha': 1.9766677206170693e-06, 'reg_lambda': 0.0006451246187463719, 'min_child_weight': 5}. Best is trial 0 with value: 0.9154228855721394.
[I 2026-03-24 15:39:19,479] Trial 25 finished with value: 0.9154228855721394 and parameters: {'n_estimators': 280, 'max_depth': 32, 'learning_rate': 0.0014978420205040172, 'reg_alpha': 8.955444241563404e-05, 'reg_lambda': 4.614919253897633e-06, 'min_child_weight': 6}. Best is trial 0 with value: 0.9154228855721394.
[I 2026-03-24 15:39:19,549] Trial 26 finished with value: 0.9154228855721394 and parameters: {'n_estimators': 446, 'max_depth': 39, 'learning_rate': 0.02338210189659421, 'reg_alpha': 1.1155787715016845e-07, 'reg_lambda': 1.1835515118339363e-07, 'min_child_weight': 8}. Best is trial 0 with value: 0.9154228855721394.
[I 2026-03-24 15:39:19,590] Trial 27 finished with value: 0.9154228855721394 and parameters: {'n_estimators': 202, 'max_depth': 18, 'learning_rate': 0.0017054445071662996, 'reg_alpha': 0.0023039247111904387, 'reg_lambda': 5.7164329844410686e-05, 'min_child_weight': 4}. Best is trial 0 with value: 0.9154228855721394.
[I 2026-03-24 15:39:19,710] Trial 28 finished with value: 0.9154228855721394 and parameters: {'n_estimators': 845, 'max_depth': 28, 'learning_rate': 0.0035672976838584777, 'reg_alpha': 0.07886320792790602, 'reg_lambda': 2.137140550691846e-06, 'min_child_weight': 7}. Best is trial 0 with value: 0.9154228855721394.
[I 2026-03-24 15:39:19,770] Trial 29 finished with value: 0.9154228855721394 and parameters: {'n_estimators': 359, 'max_depth': 35, 'learning_rate': 0.00510916443864037, 'reg_alpha': 0.0006273539504422424, 'reg_lambda': 0.8654756545124888, 'min_child_weight': 6}. Best is trial 0 with value: 0.9154228855721394.
[I 2026-03-24 15:39:19,901] Trial 30 finished with value: 0.9154228855721394 and parameters: {'n_estimators': 925, 'max_depth': 42, 'learning_rate': 0.05350048453785862, 'reg_alpha': 0.9703403110435275, 'reg_lambda': 0.0005720482151881472, 'min_child_weight': 9}. Best is trial 0 with value: 0.9154228855721394.
[I 2026-03-24 15:39:20,035] Trial 31 finished with value: 0.9154228855721394 and parameters: {'n_estimators': 954, 'max_depth': 32, 'learning_rate': 0.0022524615581997007, 'reg_alpha': 5.9873440198770055e-05, 'reg_lambda': 0.0013885796554160214, 'min_child_weight': 6}. Best is trial 0 with value: 0.9154228855721394.
[I 2026-03-24 15:39:20,158] Trial 32 finished with value: 0.9154228855721394 and parameters: {'n_estimators': 870, 'max_depth': 34, 'learning_rate': 0.013507817522896953, 'reg_alpha': 1.5454757333901928e-05, 'reg_lambda': 0.0034224192152770717, 'min_child_weight': 10}. Best is trial 0 with value: 0.9154228855721394.
[I 2026-03-24 15:39:20,260] Trial 33 finished with value: 0.9154228855721394 and parameters: {'n_estimators': 693, 'max_depth': 25, 'learning_rate': 0.008081933928984578, 'reg_alpha': 0.0001779620402717031, 'reg_lambda': 0.014290701664433362, 'min_child_weight': 7}. Best is trial 0 with value: 0.9154228855721394.
[I 2026-03-24 15:39:20,375] Trial 34 finished with value: 0.9154228855721394 and parameters: {'n_estimators': 798, 'max_depth': 30, 'learning_rate': 0.006277003328819698, 'reg_alpha': 0.002131055835067251, 'reg_lambda': 0.00016079494308310853, 'min_child_weight': 5}. Best is trial 0 with value: 0.9154228855721394.
[I 2026-03-24 15:39:20,462] Trial 35 finished with value: 0.9154228855721394 and parameters: {'n_estimators': 573, 'max_depth': 47, 'learning_rate': 0.00424739941678738, 'reg_alpha': 3.484967865366567e-05, 'reg_lambda': 2.680847171586915e-07, 'min_child_weight': 6}. Best is trial 0 with value: 0.9154228855721394.
[I 2026-03-24 15:39:20,510] Trial 36 finished with value: 0.9154228855721394 and parameters: {'n_estimators': 257, 'max_depth': 41, 'learning_rate': 0.010344794482018048, 'reg_alpha': 0.00030439640476017835, 'reg_lambda': 1.0331410562111004e-05, 'min_child_weight': 8}. Best is trial 0 with value: 0.9154228855721394.
[I 2026-03-24 15:39:20,609] Trial 37 finished with value: 0.9154228855721394 and parameters: {'n_estimators': 669, 'max_depth': 6, 'learning_rate': 0.0027535371280293618, 'reg_alpha': 0.0007199795371282638, 'reg_lambda': 0.034272425714205544, 'min_child_weight': 7}. Best is trial 0 with value: 0.9154228855721394.
[I 2026-03-24 15:39:20,731] Trial 38 finished with value: 0.9154228855721394 and parameters: {'n_estimators': 853, 'max_depth': 28, 'learning_rate': 0.006112347364438976, 'reg_alpha': 1.317459164830521e-05, 'reg_lambda': 5.4822384966087977e-05, 'min_child_weight': 4}. Best is trial 0 with value: 0.9154228855721394.
[I 2026-03-24 15:39:20,830] Trial 39 finished with value: 0.9154228855721394 and parameters: {'n_estimators': 453, 'max_depth': 21, 'learning_rate': 0.0019692979401181544, 'reg_alpha': 0.006616013590796801, 'reg_lambda': 0.00028873976853348456, 'min_child_weight': 1}. Best is trial 0 with value: 0.9154228855721394.
[I 2026-03-24 15:39:20,920] Trial 40 finished with value: 0.9154228855721394 and parameters: {'n_estimators': 596, 'max_depth': 13, 'learning_rate': 0.009226851332471586, 'reg_alpha': 0.0015786441514554993, 'reg_lambda': 0.0034927615447634436, 'min_child_weight': 3}. Best is trial 0 with value: 0.9154228855721394.
[I 2026-03-24 15:39:21,002] Trial 41 finished with value: 0.9154228855721394 and parameters: {'n_estimators': 537, 'max_depth': 45, 'learning_rate': 0.003791860190192726, 'reg_alpha': 3.49862197007106e-05, 'reg_lambda': 1.2417847376310613e-07, 'min_child_weight': 10}. Best is trial 0 with value: 0.9154228855721394.
[I 2026-03-24 15:39:21,109] Trial 42 finished with value: 0.9154228855721394 and parameters: {'n_estimators': 736, 'max_depth': 43, 'learning_rate': 0.002937409095007341, 'reg_alpha': 3.971904335203379e-06, 'reg_lambda': 5.789227492290736e-08, 'min_child_weight': 9}. Best is trial 0 with value: 0.9154228855721394.
