[I 2026-03-24 15:32:21,728] Trial 590 finished with value: 0.941747572815534 and parameters: {'n_estimators': 860, 'max_depth': 12, 'learning_rate': 0.033804250278762674, 'reg_alpha': 1.1558577770327955e-08, 'reg_lambda': 1.4293356730623513e-05, 'min_child_weight': 4}. Best is trial 0 with value: 0.941747572815534.
[I 2026-03-24 15:32:21,819] Trial 591 finished with value: 0.941747572815534 and parameters: {'n_estimators': 301, 'max_depth': 18, 'learning_rate': 0.0013436025876805645, 'reg_alpha': 2.3888072110594033e-08, 'reg_lambda': 0.0007332331108254195, 'min_child_weight': 2}. Best is trial 0 with value: 0.941747572815534.
[I 2026-03-24 15:32:21,896] Trial 592 finished with value: 0.941747572815534 and parameters: {'n_estimators': 407, 'max_depth': 23, 'learning_rate': 0.0018605044531391922, 'reg_alpha': 6.271030315945733e-06, 'reg_lambda': 2.1498144120737756e-07, 'min_child_weight': 8}. Best is trial 0 with value: 0.941747572815534.
[I 2026-03-24 15:32:22,039] Trial 593 finished with value: 0.941747572815534 and parameters: {'n_estimators': 946, 'max_depth': 14, 'learning_rate': 0.005757634650100389, 'reg_alpha': 0.06444194235535472, 'reg_lambda': 2.1791694485783157e-05, 'min_child_weight': 6}. Best is trial 0 with value: 0.941747572815534.
[I 2026-03-24 15:32:22,164] Trial 594 finished with value: 0.941747572815534 and parameters: {'n_estimators': 803, 'max_depth': 28, 'learning_rate': 0.008904288107945562, 'reg_alpha': 1.3701495478367057e-07, 'reg_lambda': 2.958629664384124e-06, 'min_child_weight': 4}. Best is trial 0 with value: 0.941747572815534.
[I 2026-03-24 15:32:22,289] Trial 595 finished with value: 0.941747572815534 and parameters: {'n_estimators': 723, 'max_depth': 16, 'learning_rate': 0.003992909937978122, 'reg_alpha': 4.034569207196722e-06, 'reg_lambda': 7.72479686314067e-06, 'min_child_weight': 9}. Best is trial 0 with value: 0.941747572815534.
[I 2026-03-24 15:32:22,400] Trial 596 finished with value: 0.941747572815534 and parameters: {'n_estimators': 665, 'max_depth': 33, 'learning_rate': 0.051092653875165435, 'reg_alpha': 6.253365440212184e-08, 'reg_lambda': 0.00016656466192942017, 'min_child_weight': 7}. Best is trial 0 with value: 0.941747572815534.
[I 2026-03-24 15:32:22,510] Trial 597 finished with value: 0.941747572815534 and parameters: {'n_estimators': 617, 'max_depth': 44, 'learning_rate': 0.001072249241099277, 'reg_alpha': 9.021222241291253e-06, 'reg_lambda': 0.0015177330749023244, 'min_child_weight': 10}. Best is trial 0 with value: 0.941747572815534.
[I 2026-03-24 15:32:22,578] Trial 598 finished with value: 0.941747572815534 and parameters: {'n_estimators': 315, 'max_depth': 50, 'learning_rate': 0.0240043410574505, 'reg_alpha': 3.0657335450158355e-07, 'reg_lambda': 8.71917963016765e-05, 'min_child_weight': 9}. Best is trial 0 with value: 0.941747572815534.
[I 2026-03-24 15:32:22,668] Trial 599 finished with value: 0.941747572815534 and parameters: {'n_estimators': 468, 'max_depth': 6, 'learning_rate': 0.012646201995974621, 'reg_alpha': 2.2957153060496996e-07, 'reg_lambda': 3.821750788758422e-07, 'min_child_weight': 4}. Best is trial 0 with value: 0.941747572815534.
[I 2026-03-24 15:32:22,747] Trial 600 finished with value: 0.941747572815534 and parameters: {'n_estimators': 394, 'max_depth': 45, 'learning_rate': 0.0023549978452968843, 'reg_alpha': 0.0011468716667591753, 'reg_lambda': 6.775814727733859e-07, 'min_child_weight': 5}. Best is trial 0 with value: 0.941747572815534.
[I 2026-03-24 15:32:22,841] Trial 601 finished with value: 0.941747572815534 and parameters: {'n_estimators': 538, 'max_depth': 48, 'learning_rate': 0.09006763867513719, 'reg_alpha': 6.771356538921892e-07, 'reg_lambda': 0.13191825246783132, 'min_child_weight': 8}. Best is trial 0 with value: 0.941747572815534.
[I 2026-03-24 15:32:22,978] Trial 602 finished with value: 0.941747572815534 and parameters: {'n_estimators': 569, 'max_depth': 34, 'learning_rate': 0.0010003266183045186, 'reg_alpha': 2.092679191034276e-06, 'reg_lambda': 9.692283151568653e-08, 'min_child_weight': 2}. Best is trial 0 with value: 0.941747572815534.
[I 2026-03-24 15:32:23,127] Trial 603 finished with value: 0.941747572815534 and parameters: {'n_estimators': 989, 'max_depth': 10, 'learning_rate': 0.0014904080147153014, 'reg_alpha': 1.3574156864362398e-06, 'reg_lambda': 0.007134171396866975, 'min_child_weight': 6}. Best is trial 0 with value: 0.941747572815534.
[I 2026-03-24 15:32:23,230] Trial 604 finished with value: 0.941747572815534 and parameters: {'n_estimators': 598, 'max_depth': 19, 'learning_rate': 0.03885042629825012, 'reg_alpha': 0.0062855960731595375, 'reg_lambda': 5.598768188997528e-06, 'min_child_weight': 5}. Best is trial 0 with value: 0.941747572815534.
[I 2026-03-24 15:32:23,343] Trial 605 finished with value: 0.941747572815534 and parameters: {'n_estimators': 689, 'max_depth': 13, 'learning_rate': 0.0029314291894901702, 'reg_alpha': 0.00015746295492627692, 'reg_lambda': 0.0005780196474981915, 'min_child_weight': 3}. Best is trial 0 with value: 0.941747572815534.
[I 2026-03-24 15:32:23,485] Trial 606 finished with value: 0.941747572815534 and parameters: {'n_estimators': 920, 'max_depth': 31, 'learning_rate': 0.08028421679533507, 'reg_alpha': 1.5956768124046415e-05, 'reg_lambda': 2.061554885115259e-06, 'min_child_weight': 9}. Best is trial 0 with value: 0.941747572815534.
[I 2026-03-24 15:32:23,548] Trial 607 finished with value: 0.941747572815534 and parameters: {'n_estimators': 272, 'max_depth': 41, 'learning_rate': 0.001987840642495959, 'reg_alpha': 4.1645069216671215e-07, 'reg_lambda': 1.4804865939956191e-08, 'min_child_weight': 10}. Best is trial 0 with value: 0.941747572815534.
[I 2026-03-24 15:32:23,603] Trial 608 finished with value: 0.941747572815534 and parameters: {'n_estimators': 219, 'max_depth': 49, 'learning_rate': 0.02956157769746877, 'reg_alpha': 4.572127710959396e-05, 'reg_lambda': 1.037777051097499e-08, 'min_child_weight': 8}. Best is trial 0 with value: 0.941747572815534.
[I 2026-03-24 15:32:23,756] Trial 609 finished with value: 0.9306930693069307 and parameters: {'n_estimators': 634, 'max_depth': 38, 'learning_rate': 0.006867629691136269, 'reg_alpha': 9.605924348811835e-07, 'reg_lambda': 9.261658421791437e-06, 'min_child_weight': 1}. Best is trial 0 with value: 0.941747572815534.
[I 2026-03-24 15:32:23,899] Trial 610 finished with value: 0.941747572815534 and parameters: {'n_estimators': 968, 'max_depth': 36, 'learning_rate': 0.010301430660406655, 'reg_alpha': 3.3092085048757195e-08, 'reg_lambda': 4.589191314953179e-08, 'min_child_weight': 7}. Best is trial 0 with value: 0.941747572815534.
[I 2026-03-24 15:32:23,986] Trial 611 finished with value: 0.941747572815534 and parameters: {'n_estimators': 490, 'max_depth': 29, 'learning_rate': 0.043160497855630496, 'reg_alpha': 1.689294619738787e-08, 'reg_lambda': 0.011439438049961302, 'min_child_weight': 5}. Best is trial 0 with value: 0.941747572815534.
[I 2026-03-24 15:32:24,104] Trial 612 finished with value: 0.941747572815534 and parameters: {'n_estimators': 745, 'max_depth': 26, 'learning_rate': 0.0038481420596520872, 'reg_alpha': 2.706494121912578e-06, 'reg_lambda': 1.3425366889409437e-06, 'min_child_weight': 4}. Best is trial 0 with value: 0.941747572815534.
[I 2026-03-24 15:32:24,183] Trial 613 finished with value: 0.941747572815534 and parameters: {'n_estimators': 423, 'max_depth': 22, 'learning_rate': 0.001712793432892782, 'reg_alpha': 4.681135974993326e-06, 'reg_lambda': 3.496110820755165e-06, 'min_child_weight': 9}. Best is trial 0 with value: 0.941747572815534.
[I 2026-03-24 15:32:24,302] Trial 614 finished with value: 0.941747572815534 and parameters: {'n_estimators': 765, 'max_depth': 18, 'learning_rate': 0.01554168051209514, 'reg_alpha': 1.1304273225962053e-07, 'reg_lambda': 2.1099165692612626e-08, 'min_child_weight': 8}. Best is trial 0 with value: 0.941747572815534.
[I 2026-03-24 15:32:24,355] Trial 615 finished with value: 0.941747572815534 and parameters: {'n_estimators': 201, 'max_depth': 43, 'learning_rate': 0.0035571566798264106, 'reg_alpha': 0.03020317087354483, 'reg_lambda': 0.0010879255207750353, 'min_child_weight': 3}. Best is trial 0 with value: 0.941747572815534.
[I 2026-03-24 15:32:24,425] Trial 616 finished with value: 0.941747572815534 and parameters: {'n_estimators': 346, 'max_depth': 33, 'learning_rate': 0.004485279985697759, 'reg_alpha': 4.758615484400905e-08, 'reg_lambda': 4.049295145218066e-05, 'min_child_weight': 7}. Best is trial 0 with value: 0.941747572815534.
[I 2026-03-24 15:32:24,506] Trial 617 finished with value: 0.941747572815534 and parameters: {'n_estimators': 439, 'max_depth': 15, 'learning_rate': 0.011110484772517066, 'reg_alpha': 8.294760049807504e-05, 'reg_lambda': 0.00029253277843901266, 'min_child_weight': 9}. Best is trial 0 with value: 0.941747572815534.
[I 2026-03-24 15:32:24,613] Trial 618 finished with value: 0.941747572815534 and parameters: {'n_estimators': 654, 'max_depth': 23, 'learning_rate': 0.005048025301722123, 'reg_alpha': 0.0008073581715639083, 'reg_lambda': 1.0006446391915792e-06, 'min_child_weight': 6}. Best is trial 0 with value: 0.941747572815534.
[I 2026-03-24 15:32:24,746] Trial 619 finished with value: 0.941747572815534 and parameters: {'n_estimators': 884, 'max_depth': 21, 'learning_rate': 0.008492720214444971, 'reg_alpha': 8.809161470256871e-08, 'reg_lambda': 0.002969377237424525, 'min_child_weight': 10}. Best is trial 0 with value: 0.941747572815534.
[I 2026-03-24 15:32:24,820] Trial 620 finished with value: 0.941747572815534 and parameters: {'n_estimators': 372, 'max_depth': 17, 'learning_rate': 0.0012585463341555948, 'reg_alpha': 0.21004281044958806, 'reg_lambda': 3.1979498321466674e-07, 'min_child_weight': 4}. Best is trial 0 with value: 0.941747572815534.
[I 2026-03-24 15:32:24,917] Trial 621 finished with value: 0.941747572815534 and parameters: {'n_estimators': 577, 'max_depth': 37, 'learning_rate': 0.06217676996228802, 'reg_alpha': 0.0002849949513102095, 'reg_lambda': 5.300951220359777e-07, 'min_child_weight': 8}. Best is trial 0 with value: 0.941747572815534.
[I 2026-03-24 15:32:24,980] Trial 622 finished with value: 0.941747572815534 and parameters: {'n_estimators': 286, 'max_depth': 34, 'learning_rate': 0.0016052809511930635, 'reg_alpha': 4.613981613693335e-07, 'reg_lambda': 0.00041558080787404287, 'min_child_weight': 4}. Best is trial 0 with value: 0.941747572815534.
[I 2026-03-24 15:32:25,041] Trial 623 finished with value: 0.941747572815534 and parameters: {'n_estimators': 239, 'max_depth': 25, 'learning_rate': 0.03305309667473659, 'reg_alpha': 3.055777360384821e-05, 'reg_lambda': 5.214806845859766e-06, 'min_child_weight': 2}. Best is trial 0 with value: 0.941747572815534.
[I 2026-03-24 15:32:25,182] Trial 624 finished with value: 0.941747572815534 and parameters: {'n_estimators': 935, 'max_depth': 11, 'learning_rate': 0.09279190903559549, 'reg_alpha': 2.658866880926033e-07, 'reg_lambda': 2.7304005917982136e-05, 'min_child_weight': 9}. Best is trial 0 with value: 0.941747572815534.
[I 2026-03-24 15:32:25,278] Trial 625 finished with value: 0.941747572815534 and parameters: {'n_estimators': 555, 'max_depth': 47, 'learning_rate': 0.0209412592117107, 'reg_alpha': 1.5525290460503386e-06, 'reg_lambda': 6.821624901625097e-08, 'min_child_weight': 5}. Best is trial 0 with value: 0.941747572815534.
[I 2026-03-24 15:32:25,423] Trial 626 finished with value: 0.941747572815534 and parameters: {'n_estimators': 974, 'max_depth': 19, 'learning_rate': 0.02698561328335058, 'reg_alpha': 1.832964524189152e-07, 'reg_lambda': 0.000832037132342645, 'min_child_weight': 10}. Best is trial 0 with value: 0.941747572815534.
[I 2026-03-24 15:32:25,628] Trial 627 finished with value: 0.9411764705882353 and parameters: {'n_estimators': 851, 'max_depth': 7, 'learning_rate': 0.0031549701555141276, 'reg_alpha': 6.949246709305392e-07, 'reg_lambda': 7.041125403476298e-05, 'min_child_weight': 1}. Best is trial 0 with value: 0.941747572815534.
[I 2026-03-24 15:32:25,697] Trial 628 finished with value: 0.941747572815534 and parameters: {'n_estimators': 331, 'max_depth': 9, 'learning_rate': 0.07151528550104208, 'reg_alpha': 0.01717538457415667, 'reg_lambda': 2.032796170005381e-06, 'min_child_weight': 6}. Best is trial 0 with value: 0.941747572815534.
[I 2026-03-24 15:32:25,774] Trial 629 finished with value: 0.941747572815534 and parameters: {'n_estimators': 396, 'max_depth': 39, 'learning_rate': 0.0020844391187244183, 'reg_alpha': 6.62742498006591e-06, 'reg_lambda': 0.00012753996017560748, 'min_child_weight': 7}. Best is trial 0 with value: 0.941747572815534.
[I 2026-03-24 15:32:25,921] Trial 630 finished with value: 0.941747572815534 and parameters: {'n_estimators': 991, 'max_depth': 16, 'learning_rate': 0.013919060948386337, 'reg_alpha': 1.118322475320644e-05, 'reg_lambda': 2.682977558206706e-08, 'min_child_weight': 8}. Best is trial 0 with value: 0.941747572815534.
[I 2026-03-24 15:32:26,047] Trial 631 finished with value: 0.941747572815534 and parameters: {'n_estimators': 819, 'max_depth': 49, 'learning_rate': 0.0014299107824083425, 'reg_alpha': 2.3236625096767126e-08, 'reg_lambda': 1.2474680566596914e-05, 'min_child_weight': 9}. Best is trial 0 with value: 0.941747572815534.
[I 2026-03-24 15:32:26,153] Trial 632 finished with value: 0.941747572815534 and parameters: {'n_estimators': 620, 'max_depth': 32, 'learning_rate': 0.055656222402196774, 'reg_alpha': 3.21320182662702e-06, 'reg_lambda': 2.0854852227748154e-07, 'min_child_weight': 4}. Best is trial 0 with value: 0.941747572815534.
[I 2026-03-24 15:32:26,237] Trial 633 finished with value: 0.941747572815534 and parameters: {'n_estimators': 450, 'max_depth': 50, 'learning_rate': 0.006040305621472737, 'reg_alpha': 5.42568715085962e-08, 'reg_lambda': 0.0002383885585964656, 'min_child_weight': 8}. Best is trial 0 with value: 0.941747572815534.
[I 2026-03-24 15:32:26,360] Trial 634 finished with value: 0.941747572815534 and parameters: {'n_estimators': 789, 'max_depth': 45, 'learning_rate': 0.048375438994421815, 'reg_alpha': 0.0005363168141103151, 'reg_lambda': 1.2764330532914922e-07, 'min_child_weight': 3}. Best is trial 0 with value: 0.941747572815534.
[I 2026-03-24 15:32:26,450] Trial 635 finished with value: 0.941747572815534 and parameters: {'n_estimators': 514, 'max_depth': 20, 'learning_rate': 0.011667578866670119, 'reg_alpha': 0.3707114121918528, 'reg_lambda': 0.0019924744202596224, 'min_child_weight': 9}. Best is trial 0 with value: 0.941747572815534.
[I 2026-03-24 15:32:26,630] Trial 636 finished with value: 0.941747572815534 and parameters: {'n_estimators': 951, 'max_depth': 46, 'learning_rate': 0.002501000295939373, 'reg_alpha': 0.00012235605952815338, 'reg_lambda': 0.5096062493116211, 'min_child_weight': 2}. Best is trial 0 with value: 0.941747572815534.
[I 2026-03-24 15:32:26,722] Trial 637 finished with value: 0.941747572815534 and parameters: {'n_estimators': 469, 'max_depth': 24, 'learning_rate': 0.0018020864538250093, 'reg_alpha': 2.126556795675333e-05, 'reg_lambda': 0.0005520510039815628, 'min_child_weight': 5}. Best is trial 0 with value: 0.941747572815534.
[I 2026-03-24 15:32:26,796] Trial 638 finished with value: 0.941747572815534 and parameters: {'n_estimators': 355, 'max_depth': 27, 'learning_rate': 0.009834720982626572, 'reg_alpha': 1.082526614132771e-06, 'reg_lambda': 0.03373253909780622, 'min_child_weight': 6}. Best is trial 0 with value: 0.941747572815534.
[I 2026-03-24 15:32:26,876] Trial 639 finished with value: 0.941747572815534 and parameters: {'n_estimators': 413, 'max_depth': 32, 'learning_rate': 0.004278306058505895, 'reg_alpha': 5.166305211542657e-07, 'reg_lambda': 3.498238519739606e-06, 'min_child_weight': 10}. Best is trial 0 with value: 0.941747572815534.
[I 2026-03-24 15:32:26,970] Trial 640 finished with value: 0.941747572815534 and parameters: {'n_estimators': 531, 'max_depth': 35, 'learning_rate': 0.0034183806633685605, 'reg_alpha': 0.085117685731604, 'reg_lambda': 7.670550443957216e-06, 'min_child_weight': 4}. Best is trial 0 with value: 0.941747572815534.
[I 2026-03-24 15:32:27,073] Trial 641 finished with value: 0.941747572815534 and parameters: {'n_estimators': 598, 'max_depth': 42, 'learning_rate': 0.07800822397795415, 'reg_alpha': 1.5416286900316327e-07, 'reg_lambda': 7.790348136428842e-07, 'min_child_weight': 8}. Best is trial 0 with value: 0.941747572815534.
[I 2026-03-24 15:32:27,143] Trial 642 finished with value: 0.941747572815534 and parameters: {'n_estimators': 322, 'max_depth': 14, 'learning_rate': 0.0011056228359715642, 'reg_alpha': 8.22510543696168e-08, 'reg_lambda': 1.5419060408154586e-05, 'min_child_weight': 7}. Best is trial 0 with value: 0.941747572815534.
[I 2026-03-24 15:32:27,232] Trial 643 finished with value: 0.941747572815534 and parameters: {'n_estimators': 497, 'max_depth': 22, 'learning_rate': 0.03723390119354428, 'reg_alpha': 2.3437412821942816e-06, 'reg_lambda': 0.0865868186567854, 'min_child_weight': 7}. Best is trial 0 with value: 0.941747572815534.
[I 2026-03-24 15:32:27,346] Trial 644 finished with value: 0.941747572815534 and parameters: {'n_estimators': 702, 'max_depth': 40, 'learning_rate': 0.002857296329295588, 'reg_alpha': 0.8044044645112576, 'reg_lambda': 1.2145725470096446e-06, 'min_child_weight': 9}. Best is trial 0 with value: 0.941747572815534.
[I 2026-03-24 15:32:27,422] Trial 645 finished with value: 0.941747572815534 and parameters: {'n_estimators': 378, 'max_depth': 12, 'learning_rate': 0.016546795475476137, 'reg_alpha': 0.0001873271745789928, 'reg_lambda': 1.6979183947938012e-08, 'min_child_weight': 9}. Best is trial 0 with value: 0.941747572815534.
[I 2026-03-24 15:32:27,487] Trial 646 finished with value: 0.941747572815534 and parameters: {'n_estimators': 297, 'max_depth': 26, 'learning_rate': 0.004780084491266722, 'reg_alpha': 6.272848941158332e-05, 'reg_lambda': 3.2297560681593444e-08, 'min_child_weight': 4}. Best is trial 0 with value: 0.941747572815534.
[I 2026-03-24 15:32:27,596] Trial 647 finished with value: 0.941747572815534 and parameters: {'n_estimators': 648, 'max_depth': 8, 'learning_rate': 0.0038148972789127265, 'reg_alpha': 5.773838118777964e-06, 'reg_lambda': 0.004423757208167777, 'min_child_weight': 6}. Best is trial 0 with value: 0.941747572815534.
[I 2026-03-24 15:32:27,684] Trial 648 finished with value: 0.941747572815534 and parameters: {'n_estimators': 482, 'max_depth': 17, 'learning_rate': 0.029964017822120843, 'reg_alpha': 1.3017404359110012e-08, 'reg_lambda': 0.0206024542939501, 'min_child_weight': 3}. Best is trial 0 with value: 0.941747572815534.
[I 2026-03-24 15:32:27,804] Trial 649 finished with value: 0.941747572815534 and parameters: {'n_estimators': 735, 'max_depth': 31, 'learning_rate': 0.02270660934781948, 'reg_alpha': 3.7268920899253936e-07, 'reg_lambda': 2.694944785629263e-06, 'min_child_weight': 10}. Best is trial 0 with value: 0.941747572815534.
[I 2026-03-24 15:32:28,024] Trial 650 finished with value: 0.9306930693069307 and parameters: {'n_estimators': 998, 'max_depth': 48, 'learning_rate': 0.08439636191630918, 'reg_alpha': 3.583789186279764e-08, 'reg_lambda': 0.0003867090808394578, 'min_child_weight': 1}. Best is trial 0 with value: 0.941747572815534.
[I 2026-03-24 15:32:28,158] Trial 651 finished with value: 0.941747572815534 and parameters: {'n_estimators': 871, 'max_depth': 44, 'learning_rate': 0.04473476229096029, 'reg_alpha': 3.913999143237051e-06, 'reg_lambda': 1.984399217041166e-05, 'min_child_weight': 5}. Best is trial 0 with value: 0.941747572815534.
[I 2026-03-24 15:32:28,220] Trial 652 finished with value: 0.941747572815534 and parameters: {'n_estimators': 258, 'max_depth': 50, 'learning_rate': 0.0012311202321694083, 'reg_alpha': 1.7883466509883893e-06, 'reg_lambda': 1.7496416855087355e-06, 'min_child_weight': 9}. Best is trial 0 with value: 0.941747572815534.
[I 2026-03-24 15:32:28,335] Trial 653 finished with value: 0.941747572815534 and parameters: {'n_estimators': 679, 'max_depth': 35, 'learning_rate': 0.025593816365876425, 'reg_alpha': 8.053693788303643e-07, 'reg_lambda': 1.0579002373878932e-08, 'min_child_weight': 2}. Best is trial 0 with value: 0.941747572815534.
[I 2026-03-24 15:32:28,482] Trial 654 finished with value: 0.941747572815534 and parameters: {'n_estimators': 970, 'max_depth': 29, 'learning_rate': 0.0018965314111751672, 'reg_alpha': 2.548738307859468e-07, 'reg_lambda': 0.00020146585822333464, 'min_child_weight': 7}. Best is trial 0 with value: 0.941747572815534.
[I 2026-03-24 15:32:28,606] Trial 655 finished with value: 0.941747572815534 and parameters: {'n_estimators': 775, 'max_depth': 15, 'learning_rate': 0.002199057298417507, 'reg_alpha': 9.439705764777458e-06, 'reg_lambda': 7.428295948614929e-07, 'min_child_weight': 8}. Best is trial 0 with value: 0.941747572815534.
[I 2026-03-24 15:32:28,666] Trial 656 finished with value: 0.941747572815534 and parameters: {'n_estimators': 228, 'max_depth': 37, 'learning_rate': 0.018797554032814308, 'reg_alpha': 3.7090075536315266e-05, 'reg_lambda': 6.440273128043985e-06, 'min_child_weight': 10}. Best is trial 0 with value: 0.941747572815534.
[I 2026-03-24 15:32:28,773] Trial 657 finished with value: 0.941747572815534 and parameters: {'n_estimators': 637, 'max_depth': 6, 'learning_rate': 0.0076834904881904155, 'reg_alpha': 1.4687382378334506e-05, 'reg_lambda': 3.585638712532646e-05, 'min_child_weight': 5}. Best is trial 0 with value: 0.941747572815534.
[I 2026-03-24 15:32:28,912] Trial 658 finished with value: 0.941747572815534 and parameters: {'n_estimators': 899, 'max_depth': 13, 'learning_rate': 0.09767216859876142, 'reg_alpha': 1.0468123430954168e-08, 'reg_lambda': 4.44832064413535e-06, 'min_child_weight': 4}. Best is trial 0 with value: 0.941747572815534.
