[I 2026-03-24 15:34:31,284] Trial 29 finished with value: 0.941747572815534 and parameters: {'n_estimators': 326, 'max_depth': 25, 'learning_rate': 0.024074809879967643, 'reg_alpha': 0.2723699223145114, 'reg_lambda': 0.008138534905749159, 'min_child_weight': 9}. Best is trial 0 with value: 0.941747572815534.
[I 2026-03-24 15:34:31,416] Trial 30 finished with value: 0.941747572815534 and parameters: {'n_estimators': 703, 'max_depth': 22, 'learning_rate': 0.04938791428745044, 'reg_alpha': 6.127569011566724e-06, 'reg_lambda': 0.00041554963253776563, 'min_child_weight': 4}. Best is trial 0 with value: 0.941747572815534.
[I 2026-03-24 15:34:31,521] Trial 31 finished with value: 0.941747572815534 and parameters: {'n_estimators': 560, 'max_depth': 20, 'learning_rate': 0.06706362902958359, 'reg_alpha': 6.820247282596418e-07, 'reg_lambda': 1.0027046798271973e-08, 'min_child_weight': 9}. Best is trial 0 with value: 0.941747572815534.
[I 2026-03-24 15:34:31,655] Trial 32 finished with value: 0.941747572815534 and parameters: {'n_estimators': 788, 'max_depth': 26, 'learning_rate': 0.05877480949483177, 'reg_alpha': 1.197355331058476e-08, 'reg_lambda': 6.856315941912916e-08, 'min_child_weight': 10}. Best is trial 0 with value: 0.941747572815534.
[I 2026-03-24 15:34:31,783] Trial 33 finished with value: 0.941747572815534 and parameters: {'n_estimators': 713, 'max_depth': 34, 'learning_rate': 0.07081413225354079, 'reg_alpha': 1.1325270166367423e-07, 'reg_lambda': 3.1824566124309593e-07, 'min_child_weight': 8}. Best is trial 0 with value: 0.941747572815534.
[I 2026-03-24 15:34:31,903] Trial 34 finished with value: 0.941747572815534 and parameters: {'n_estimators': 683, 'max_depth': 16, 'learning_rate': 0.035431280409515695, 'reg_alpha': 5.133961627675128e-05, 'reg_lambda': 5.0867178325785685e-08, 'min_child_weight': 9}. Best is trial 0 with value: 0.941747572815534.
[I 2026-03-24 15:34:32,001] Trial 35 finished with value: 0.941747572815534 and parameters: {'n_estimators': 514, 'max_depth': 6, 'learning_rate': 0.01113832650852738, 'reg_alpha': 0.016635762271387102, 'reg_lambda': 0.20543350737862115, 'min_child_weight': 9}. Best is trial 0 with value: 0.941747572815534.
[I 2026-03-24 15:34:32,152] Trial 36 finished with value: 0.941747572815534 and parameters: {'n_estimators': 859, 'max_depth': 10, 'learning_rate': 0.052794262705445884, 'reg_alpha': 0.002064043746233973, 'reg_lambda': 1.564363455237779e-07, 'min_child_weight': 10}. Best is trial 0 with value: 0.941747572815534.
[I 2026-03-24 15:34:32,287] Trial 37 finished with value: 0.941747572815534 and parameters: {'n_estimators': 753, 'max_depth': 32, 'learning_rate': 0.02872813317543955, 'reg_alpha': 0.07701246831005819, 'reg_lambda': 3.277306844693746e-08, 'min_child_weight': 5}. Best is trial 0 with value: 0.941747572815534.
[I 2026-03-24 15:34:32,449] Trial 38 finished with value: 0.941747572815534 and parameters: {'n_estimators': 922, 'max_depth': 21, 'learning_rate': 0.007805392100168737, 'reg_alpha': 1.2218077675302598e-07, 'reg_lambda': 1.323011089185372e-08, 'min_child_weight': 8}. Best is trial 0 with value: 0.941747572815534.
[I 2026-03-24 15:34:32,560] Trial 39 finished with value: 0.941747572815534 and parameters: {'n_estimators': 583, 'max_depth': 37, 'learning_rate': 0.0014807480348084066, 'reg_alpha': 0.00034584906148723454, 'reg_lambda': 9.624187496317566e-07, 'min_child_weight': 7}. Best is trial 0 with value: 0.941747572815534.
[I 2026-03-24 15:34:32,683] Trial 40 finished with value: 0.9306930693069307 and parameters: {'n_estimators': 428, 'max_depth': 19, 'learning_rate': 0.07587260790859877, 'reg_alpha': 1.0250230989321243e-05, 'reg_lambda': 0.06421352191465167, 'min_child_weight': 1}. Best is trial 0 with value: 0.941747572815534.
[I 2026-03-24 15:34:32,757] Trial 41 finished with value: 0.941747572815534 and parameters: {'n_estimators': 388, 'max_depth': 32, 'learning_rate': 0.04101060068766782, 'reg_alpha': 0.7760007861441531, 'reg_lambda': 9.00880630799903e-08, 'min_child_weight': 10}. Best is trial 0 with value: 0.941747572815534.
[I 2026-03-24 15:34:32,815] Trial 42 finished with value: 0.941747572815534 and parameters: {'n_estimators': 266, 'max_depth': 24, 'learning_rate': 0.045415895762694246, 'reg_alpha': 0.10929599308693956, 'reg_lambda': 2.1676368325324973e-08, 'min_child_weight': 3}. Best is trial 0 with value: 0.941747572815534.
[I 2026-03-24 15:34:32,959] Trial 43 finished with value: 0.941747572815534 and parameters: {'n_estimators': 809, 'max_depth': 48, 'learning_rate': 0.029416953309019292, 'reg_alpha': 0.001149233040698371, 'reg_lambda': 9.026539712846877e-07, 'min_child_weight': 9}. Best is trial 0 with value: 0.941747572815534.
[I 2026-03-24 15:34:33,075] Trial 44 finished with value: 0.941747572815534 and parameters: {'n_estimators': 640, 'max_depth': 42, 'learning_rate': 0.08325616638054142, 'reg_alpha': 0.15102482761293037, 'reg_lambda': 3.045955359067911e-08, 'min_child_weight': 10}. Best is trial 0 with value: 0.941747572815534.
[I 2026-03-24 15:34:33,223] Trial 45 finished with value: 0.941747572815534 and parameters: {'n_estimators': 834, 'max_depth': 23, 'learning_rate': 0.0027533644965883216, 'reg_alpha': 0.033769702388098365, 'reg_lambda': 0.3607424073742495, 'min_child_weight': 8}. Best is trial 0 with value: 0.941747572815534.
[I 2026-03-24 15:34:33,379] Trial 46 finished with value: 0.941747572815534 and parameters: {'n_estimators': 889, 'max_depth': 26, 'learning_rate': 0.05733262547298451, 'reg_alpha': 0.004570978462619297, 'reg_lambda': 4.86161560648815e-05, 'min_child_weight': 9}. Best is trial 0 with value: 0.941747572815534.
[I 2026-03-24 15:34:33,473] Trial 47 finished with value: 0.941747572815534 and parameters: {'n_estimators': 489, 'max_depth': 35, 'learning_rate': 0.09778054481362697, 'reg_alpha': 8.33742745982274e-05, 'reg_lambda': 1.4090729873754383e-07, 'min_child_weight': 7}. Best is trial 0 with value: 0.941747572815534.
[I 2026-03-24 15:34:33,600] Trial 48 finished with value: 0.941747572815534 and parameters: {'n_estimators': 740, 'max_depth': 41, 'learning_rate': 0.0010329473365619682, 'reg_alpha': 0.0023682508998855256, 'reg_lambda': 3.662715096395847e-06, 'min_child_weight': 6}. Best is trial 0 with value: 0.941747572815534.
[I 2026-03-24 15:34:33,743] Trial 49 finished with value: 0.941747572815534 and parameters: {'n_estimators': 779, 'max_depth': 30, 'learning_rate': 0.01897495240881337, 'reg_alpha': 0.0006990757189715065, 'reg_lambda': 0.00247454786502039, 'min_child_weight': 3}. Best is trial 0 with value: 0.941747572815534.
[I 2026-03-24 15:34:33,803] Trial 50 finished with value: 0.941747572815534 and parameters: {'n_estimators': 285, 'max_depth': 14, 'learning_rate': 0.008974882147757064, 'reg_alpha': 0.013486222664958115, 'reg_lambda': 0.019157214091295054, 'min_child_weight': 4}. Best is trial 0 with value: 0.941747572815534.
[I 2026-03-24 15:34:33,890] Trial 51 finished with value: 0.941747572815534 and parameters: {'n_estimators': 448, 'max_depth': 45, 'learning_rate': 0.01365455017502009, 'reg_alpha': 8.721429539172058e-07, 'reg_lambda': 0.08455913281788613, 'min_child_weight': 5}. Best is trial 0 with value: 0.941747572815534.
[I 2026-03-24 15:34:33,969] Trial 52 finished with value: 0.941747572815534 and parameters: {'n_estimators': 394, 'max_depth': 36, 'learning_rate': 0.004417379952993917, 'reg_alpha': 1.6887344805680988e-07, 'reg_lambda': 0.49868919927976624, 'min_child_weight': 5}. Best is trial 0 with value: 0.941747572815534.
[I 2026-03-24 15:34:34,075] Trial 53 finished with value: 0.941747572815534 and parameters: {'n_estimators': 563, 'max_depth': 28, 'learning_rate': 0.0025268616999676486, 'reg_alpha': 4.333597000333115e-07, 'reg_lambda': 0.14527685455928302, 'min_child_weight': 4}. Best is trial 0 with value: 0.941747572815534.
[I 2026-03-24 15:34:34,169] Trial 54 finished with value: 0.941747572815534 and parameters: {'n_estimators': 483, 'max_depth': 39, 'learning_rate': 0.010399181753124815, 'reg_alpha': 5.414929782067469e-08, 'reg_lambda': 0.04320571248172946, 'min_child_weight': 6}. Best is trial 0 with value: 0.941747572815534.
[I 2026-03-24 15:34:34,470] Trial 55 finished with value: 0.9411764705882353 and parameters: {'n_estimators': 959, 'max_depth': 47, 'learning_rate': 0.006728773242659064, 'reg_alpha': 0.38687241757684515, 'reg_lambda': 0.014068018200400665, 'min_child_weight': 1}. Best is trial 0 with value: 0.941747572815534.
[I 2026-03-24 15:34:34,586] Trial 56 finished with value: 0.941747572815534 and parameters: {'n_estimators': 626, 'max_depth': 44, 'learning_rate': 0.015357960133416764, 'reg_alpha': 0.006487130129249304, 'reg_lambda': 0.00552548268321674, 'min_child_weight': 10}. Best is trial 0 with value: 0.941747572815534.
[I 2026-03-24 15:34:34,805] Trial 57 finished with value: 0.941747572815534 and parameters: {'n_estimators': 831, 'max_depth': 9, 'learning_rate': 0.0034212595365785835, 'reg_alpha': 2.4602195912656377e-05, 'reg_lambda': 0.00037179332818087086, 'min_child_weight': 2}. Best is trial 0 with value: 0.941747572815534.
[I 2026-03-24 15:34:34,854] Trial 58 finished with value: 0.941747572815534 and parameters: {'n_estimators': 205, 'max_depth': 19, 'learning_rate': 0.022242413205942307, 'reg_alpha': 1.9789923138068205e-06, 'reg_lambda': 0.908981924152632, 'min_child_weight': 3}. Best is trial 0 with value: 0.941747572815534.
[I 2026-03-24 15:34:34,979] Trial 59 finished with value: 0.941747572815534 and parameters: {'n_estimators': 687, 'max_depth': 31, 'learning_rate': 0.0015861845626924894, 'reg_alpha': 2.538303574853689e-07, 'reg_lambda': 5.751876788086973e-07, 'min_child_weight': 6}. Best is trial 0 with value: 0.941747572815534.
[I 2026-03-24 15:34:35,092] Trial 60 finished with value: 0.941747572815534 and parameters: {'n_estimators': 604, 'max_depth': 27, 'learning_rate': 0.004739048470091559, 'reg_alpha': 1.0072759583359626e-08, 'reg_lambda': 0.02729167833535876, 'min_child_weight': 7}. Best is trial 0 with value: 0.941747572815534.
[I 2026-03-24 15:34:35,194] Trial 61 finished with value: 0.941747572815534 and parameters: {'n_estimators': 534, 'max_depth': 23, 'learning_rate': 0.00891955692180546, 'reg_alpha': 0.0003721952232250129, 'reg_lambda': 1.0766488670564007e-05, 'min_child_weight': 3}. Best is trial 0 with value: 0.941747572815534.
[I 2026-03-24 15:34:35,278] Trial 62 finished with value: 0.941747572815534 and parameters: {'n_estimators': 412, 'max_depth': 17, 'learning_rate': 0.0077088104895430744, 'reg_alpha': 0.003175169615213109, 'reg_lambda': 1.721317785302483e-08, 'min_child_weight': 4}. Best is trial 0 with value: 0.941747572815534.
[I 2026-03-24 15:34:35,409] Trial 63 finished with value: 0.941747572815534 and parameters: {'n_estimators': 480, 'max_depth': 40, 'learning_rate': 0.006265641445026307, 'reg_alpha': 3.5358356123758964e-08, 'reg_lambda': 0.00016183540559204239, 'min_child_weight': 2}. Best is trial 0 with value: 0.941747572815534.
[I 2026-03-24 15:34:35,485] Trial 64 finished with value: 0.941747572815534 and parameters: {'n_estimators': 361, 'max_depth': 25, 'learning_rate': 0.01591433453041194, 'reg_alpha': 0.0010460872399782205, 'reg_lambda': 4.683128691434684e-08, 'min_child_weight': 5}. Best is trial 0 with value: 0.941747572815534.
[I 2026-03-24 15:34:35,577] Trial 65 finished with value: 0.941747572815534 and parameters: {'n_estimators': 467, 'max_depth': 43, 'learning_rate': 0.012085801445423329, 'reg_alpha': 0.00015778003107313473, 'reg_lambda': 0.16569409270506577, 'min_child_weight': 9}. Best is trial 0 with value: 0.941747572815534.
[I 2026-03-24 15:34:35,675] Trial 66 finished with value: 0.941747572815534 and parameters: {'n_estimators': 509, 'max_depth': 34, 'learning_rate': 0.062895581581759, 'reg_alpha': 0.20458352868973387, 'reg_lambda': 0.0021199359928379654, 'min_child_weight': 4}. Best is trial 0 with value: 0.941747572815534.
[I 2026-03-24 15:34:35,780] Trial 67 finished with value: 0.941747572815534 and parameters: {'n_estimators': 543, 'max_depth': 50, 'learning_rate': 0.07827066018255152, 'reg_alpha': 0.03067582577192753, 'reg_lambda': 0.5285976452756548, 'min_child_weight': 8}. Best is trial 0 with value: 0.941747572815534.
[I 2026-03-24 15:34:35,847] Trial 68 finished with value: 0.941747572815534 and parameters: {'n_estimators': 295, 'max_depth': 20, 'learning_rate': 0.03316708757987549, 'reg_alpha': 0.5280853189029028, 'reg_lambda': 1.308970709151518e-07, 'min_child_weight': 5}. Best is trial 0 with value: 0.941747572815534.
[I 2026-03-24 15:34:35,973] Trial 69 finished with value: 0.941747572815534 and parameters: {'n_estimators': 670, 'max_depth': 15, 'learning_rate': 0.0012142052335868854, 'reg_alpha': 0.07146285944222197, 'reg_lambda': 4.235737748115604e-05, 'min_child_weight': 10}. Best is trial 0 with value: 0.941747572815534.
[I 2026-03-24 15:34:36,108] Trial 70 finished with value: 0.941747572815534 and parameters: {'n_estimators': 724, 'max_depth': 29, 'learning_rate': 0.0036064359929473305, 'reg_alpha': 0.00914989568205338, 'reg_lambda': 1.5000863905908733e-06, 'min_child_weight': 3}. Best is trial 0 with value: 0.941747572815534.
[I 2026-03-24 15:34:36,201] Trial 71 finished with value: 0.941747572815534 and parameters: {'n_estimators': 459, 'max_depth': 33, 'learning_rate': 0.009740396117032266, 'reg_alpha': 1.5486346844621517e-06, 'reg_lambda': 0.26173963135727907, 'min_child_weight': 10}. Best is trial 0 with value: 0.941747572815534.
[I 2026-03-24 15:34:36,311] Trial 72 finished with value: 0.941747572815534 and parameters: {'n_estimators': 575, 'max_depth': 37, 'learning_rate': 0.005186326192004317, 'reg_alpha': 8.431479187749053e-08, 'reg_lambda': 0.0006595995864119754, 'min_child_weight': 9}. Best is trial 0 with value: 0.941747572815534.
[I 2026-03-24 15:34:36,398] Trial 73 finished with value: 0.941747572815534 and parameters: {'n_estimators': 424, 'max_depth': 27, 'learning_rate': 0.007370520757868574, 'reg_alpha': 3.558178805357959e-07, 'reg_lambda': 0.09346688648544056, 'min_child_weight': 10}. Best is trial 0 with value: 0.941747572815534.
[I 2026-03-24 15:34:36,473] Trial 74 finished with value: 0.941747572815534 and parameters: {'n_estimators': 335, 'max_depth': 12, 'learning_rate': 0.0061411510446459225, 'reg_alpha': 4.2930819147832444e-06, 'reg_lambda': 0.04838366861501587, 'min_child_weight': 9}. Best is trial 0 with value: 0.941747572815534.
[I 2026-03-24 15:34:36,632] Trial 75 finished with value: 0.941747572815534 and parameters: {'n_estimators': 876, 'max_depth': 38, 'learning_rate': 0.008555423408849936, 'reg_alpha': 6.096930755504352e-05, 'reg_lambda': 2.883781747260144e-08, 'min_child_weight': 10}. Best is trial 0 with value: 0.941747572815534.
[I 2026-03-24 15:34:36,777] Trial 76 finished with value: 0.941747572815534 and parameters: {'n_estimators': 793, 'max_depth': 22, 'learning_rate': 0.012981884815728055, 'reg_alpha': 0.00024521384128840817, 'reg_lambda': 7.75429987130069e-08, 'min_child_weight': 9}. Best is trial 0 with value: 0.941747572815534.
[I 2026-03-24 15:34:36,893] Trial 77 finished with value: 0.941747572815534 and parameters: {'n_estimators': 609, 'max_depth': 31, 'learning_rate': 0.05003758310674413, 'reg_alpha': 0.0005016753251557619, 'reg_lambda': 1.0707108891440167e-08, 'min_child_weight': 3}. Best is trial 0 with value: 0.941747572815534.
[I 2026-03-24 15:34:36,972] Trial 78 finished with value: 0.941747572815534 and parameters: {'n_estimators': 372, 'max_depth': 35, 'learning_rate': 0.04082534502341904, 'reg_alpha': 1.0746849147473871e-06, 'reg_lambda': 0.008132944731540378, 'min_child_weight': 8}. Best is trial 0 with value: 0.941747572815534.
[I 2026-03-24 15:34:37,166] Trial 79 finished with value: 0.9365853658536586 and parameters: {'n_estimators': 757, 'max_depth': 24, 'learning_rate': 0.09082557588531176, 'reg_alpha': 0.0013083571615030599, 'reg_lambda': 0.0001347244875436541, 'min_child_weight': 2}. Best is trial 0 with value: 0.941747572815534.
[I 2026-03-24 15:34:37,222] Trial 80 finished with value: 0.941747572815534 and parameters: {'n_estimators': 235, 'max_depth': 29, 'learning_rate': 0.0710077854002346, 'reg_alpha': 2.267317138253897e-08, 'reg_lambda': 0.384814673464289, 'min_child_weight': 10}. Best is trial 0 with value: 0.941747572815534.
[I 2026-03-24 15:34:37,398] Trial 81 finished with value: 0.941747572815534 and parameters: {'n_estimators': 986, 'max_depth': 49, 'learning_rate': 0.001489952225403875, 'reg_alpha': 5.228673675714906e-07, 'reg_lambda': 0.0011195347885274087, 'min_child_weight': 9}. Best is trial 0 with value: 0.941747572815534.
[I 2026-03-24 15:34:37,566] Trial 82 finished with value: 0.941747572815534 and parameters: {'n_estimators': 918, 'max_depth': 46, 'learning_rate': 0.0019844517339482697, 'reg_alpha': 1.3630992149680473e-05, 'reg_lambda': 0.027969707738583652, 'min_child_weight': 7}. Best is trial 0 with value: 0.941747572815534.
[I 2026-03-24 15:34:37,689] Trial 83 finished with value: 0.941747572815534 and parameters: {'n_estimators': 650, 'max_depth': 42, 'learning_rate': 0.0016936520367613385, 'reg_alpha': 1.8219331729942287e-07, 'reg_lambda': 0.12953023294349947, 'min_child_weight': 6}. Best is trial 0 with value: 0.941747572815534.
[I 2026-03-24 15:34:37,790] Trial 84 finished with value: 0.941747572815534 and parameters: {'n_estimators': 509, 'max_depth': 18, 'learning_rate': 0.0025872423818302497, 'reg_alpha': 2.6704015086924206e-05, 'reg_lambda': 0.23391903672905293, 'min_child_weight': 5}. Best is trial 0 with value: 0.941747572815534.
[I 2026-03-24 15:34:37,948] Trial 85 finished with value: 0.941747572815534 and parameters: {'n_estimators': 910, 'max_depth': 21, 'learning_rate': 0.0013135927078603493, 'reg_alpha': 0.9610228797974727, 'reg_lambda': 0.002996620426291597, 'min_child_weight': 9}. Best is trial 0 with value: 0.941747572815534.
[I 2026-03-24 15:34:38,096] Trial 86 finished with value: 0.941747572815534 and parameters: {'n_estimators': 849, 'max_depth': 40, 'learning_rate': 0.011581514252433416, 'reg_alpha': 9.282221294287102e-05, 'reg_lambda': 0.6058234097830004, 'min_child_weight': 7}. Best is trial 0 with value: 0.941747572815534.
[I 2026-03-24 15:34:38,177] Trial 87 finished with value: 0.941747572815534 and parameters: {'n_estimators': 400, 'max_depth': 33, 'learning_rate': 0.010759946257516384, 'reg_alpha': 0.13037468665018498, 'reg_lambda': 1.8593769943071012e-08, 'min_child_weight': 8}. Best is trial 0 with value: 0.941747572815534.
[I 2026-03-24 15:34:38,322] Trial 88 finished with value: 0.941747572815534 and parameters: {'n_estimators': 822, 'max_depth': 47, 'learning_rate': 0.004036129367901813, 'reg_alpha': 7.992772813666296e-08, 'reg_lambda': 0.08126882506796801, 'min_child_weight': 4}. Best is trial 0 with value: 0.941747572815534.
[I 2026-03-24 15:34:38,487] Trial 89 finished with value: 0.941747572815534 and parameters: {'n_estimators': 960, 'max_depth': 6, 'learning_rate': 0.018119285960642016, 'reg_alpha': 7.152007317191737e-06, 'reg_lambda': 0.016886613819379982, 'min_child_weight': 6}. Best is trial 0 with value: 0.941747572815534.
[I 2026-03-24 15:34:38,576] Trial 90 finished with value: 0.941747572815534 and parameters: {'n_estimators': 445, 'max_depth': 26, 'learning_rate': 0.05557098967126959, 'reg_alpha': 0.0021496044858880423, 'reg_lambda': 0.037857856484009716, 'min_child_weight': 10}. Best is trial 0 with value: 0.941747572815534.
[I 2026-03-24 15:34:38,729] Trial 91 finished with value: 0.941747572815534 and parameters: {'n_estimators': 866, 'max_depth': 50, 'learning_rate': 0.0017824110722545398, 'reg_alpha': 0.000676005439033212, 'reg_lambda': 0.00022968405937621222, 'min_child_weight': 3}. Best is trial 0 with value: 0.941747572815534.
[I 2026-03-24 15:34:38,872] Trial 92 finished with value: 0.941747572815534 and parameters: {'n_estimators': 802, 'max_depth': 43, 'learning_rate': 0.0020616227531549424, 'reg_alpha': 0.0030882807744636778, 'reg_lambda': 6.072471700529235e-05, 'min_child_weight': 3}. Best is trial 0 with value: 0.941747572815534.
[I 2026-03-24 15:34:39,036] Trial 93 finished with value: 0.941747572815534 and parameters: {'n_estimators': 945, 'max_depth': 45, 'learning_rate': 0.00232539519259018, 'reg_alpha': 0.0008820794562970045, 'reg_lambda': 8.223288700465925e-06, 'min_child_weight': 4}. Best is trial 0 with value: 0.941747572815534.
[I 2026-03-24 15:34:39,164] Trial 94 finished with value: 0.941747572815534 and parameters: {'n_estimators': 706, 'max_depth': 48, 'learning_rate': 0.003072642165427707, 'reg_alpha': 0.00035737520294079725, 'reg_lambda': 2.267462371202312e-07, 'min_child_weight': 3}. Best is trial 0 with value: 0.941747572815534.
[I 2026-03-24 15:34:39,359] Trial 95 finished with value: 0.941747572815534 and parameters: {'n_estimators': 769, 'max_depth': 44, 'learning_rate': 0.001058571601178139, 'reg_alpha': 2.9285651104010673e-07, 'reg_lambda': 1.8021964299250167e-05, 'min_child_weight': 2}. Best is trial 0 with value: 0.941747572815534.
[I 2026-03-24 15:34:39,493] Trial 96 finished with value: 0.941747572815534 and parameters: {'n_estimators': 740, 'max_depth': 41, 'learning_rate': 0.014171684270623952, 'reg_alpha': 0.00021508008043739224, 'reg_lambda': 3.5486915075738176e-06, 'min_child_weight': 5}. Best is trial 0 with value: 0.941747572815534.
[I 2026-03-24 15:34:39,651] Trial 97 finished with value: 0.941747572815534 and parameters: {'n_estimators': 896, 'max_depth': 36, 'learning_rate': 0.001301785284956143, 'reg_alpha': 0.01873190917237473, 'reg_lambda': 4.833381076640739e-08, 'min_child_weight': 8}. Best is trial 0 with value: 0.941747572815534.
[I 2026-03-24 15:34:39,757] Trial 98 finished with value: 0.941747572815534 and parameters: {'n_estimators': 558, 'max_depth': 39, 'learning_rate': 0.009860098175790567, 'reg_alpha': 0.001591372524417609, 'reg_lambda': 0.0007097401019883132, 'min_child_weight': 4}. Best is trial 0 with value: 0.941747572815534.
