[I 2026-03-24 15:37:56,963] Trial 748 finished with value: 0.9365853658536586 and parameters: {'n_estimators': 855, 'max_depth': 50, 'learning_rate': 0.016918486299273693, 'reg_alpha': 0.03741108296379084, 'reg_lambda': 0.00024115241673681857, 'min_child_weight': 3}. Best is trial 0 with value: 0.941747572815534.
[I 2026-03-24 15:37:57,117] Trial 749 finished with value: 0.941747572815534 and parameters: {'n_estimators': 687, 'max_depth': 19, 'learning_rate': 0.03263331651131696, 'reg_alpha': 0.0043020256691460165, 'reg_lambda': 4.462926442559201e-08, 'min_child_weight': 9}. Best is trial 0 with value: 0.941747572815534.
[I 2026-03-24 15:37:57,387] Trial 750 finished with value: 0.9183673469387755 and parameters: {'n_estimators': 663, 'max_depth': 23, 'learning_rate': 0.012628634616943493, 'reg_alpha': 1.646249285895436e-05, 'reg_lambda': 1.420908190004005e-06, 'min_child_weight': 1}. Best is trial 0 with value: 0.941747572815534.
[I 2026-03-24 15:37:57,553] Trial 751 finished with value: 0.941747572815534 and parameters: {'n_estimators': 803, 'max_depth': 6, 'learning_rate': 0.014734243732417135, 'reg_alpha': 0.00029927764518271213, 'reg_lambda': 3.081537866143797e-07, 'min_child_weight': 8}. Best is trial 0 with value: 0.941747572815534.
[I 2026-03-24 15:37:57,736] Trial 752 finished with value: 0.941747572815534 and parameters: {'n_estimators': 416, 'max_depth': 15, 'learning_rate': 0.001986736803752525, 'reg_alpha': 4.587730798394055e-06, 'reg_lambda': 2.6954303662267596e-05, 'min_child_weight': 2}. Best is trial 0 with value: 0.941747572815534.
[I 2026-03-24 15:37:57,829] Trial 753 finished with value: 0.941747572815534 and parameters: {'n_estimators': 374, 'max_depth': 26, 'learning_rate': 0.0023849818398079857, 'reg_alpha': 7.733958153894907e-07, 'reg_lambda': 1.4868420433709443e-07, 'min_child_weight': 6}. Best is trial 0 with value: 0.941747572815534.
[I 2026-03-24 15:37:58,091] Trial 754 finished with value: 0.941747572815534 and parameters: {'n_estimators': 908, 'max_depth': 39, 'learning_rate': 0.023492361763553377, 'reg_alpha': 0.0023233730571647635, 'reg_lambda': 5.7018363975222864e-06, 'min_child_weight': 4}. Best is trial 0 with value: 0.941747572815534.
[I 2026-03-24 15:37:58,197] Trial 755 finished with value: 0.941747572815534 and parameters: {'n_estimators': 449, 'max_depth': 13, 'learning_rate': 0.00712851902573634, 'reg_alpha': 4.594384379259371e-05, 'reg_lambda': 9.246373970165122e-06, 'min_child_weight': 8}. Best is trial 0 with value: 0.941747572815534.
[I 2026-03-24 15:37:58,263] Trial 756 finished with value: 0.941747572815534 and parameters: {'n_estimators': 211, 'max_depth': 28, 'learning_rate': 0.0011925607924762305, 'reg_alpha': 0.00010284952026605916, 'reg_lambda': 1.0096183178238068e-06, 'min_child_weight': 10}. Best is trial 0 with value: 0.941747572815534.
[I 2026-03-24 15:37:58,400] Trial 757 finished with value: 0.941747572815534 and parameters: {'n_estimators': 640, 'max_depth': 38, 'learning_rate': 0.01956137914163326, 'reg_alpha': 2.4325904342060467e-06, 'reg_lambda': 4.5466311853232326e-07, 'min_child_weight': 7}. Best is trial 0 with value: 0.941747572815534.
[I 2026-03-24 15:37:58,488] Trial 758 finished with value: 0.941747572815534 and parameters: {'n_estimators': 340, 'max_depth': 17, 'learning_rate': 0.013406473315541885, 'reg_alpha': 0.07166277161862085, 'reg_lambda': 2.185679245791064e-08, 'min_child_weight': 9}. Best is trial 0 with value: 0.941747572815534.
[I 2026-03-24 15:37:58,563] Trial 759 finished with value: 0.941747572815534 and parameters: {'n_estimators': 256, 'max_depth': 44, 'learning_rate': 0.003310194318794708, 'reg_alpha': 0.0013813867754231093, 'reg_lambda': 2.9886326328941287e-06, 'min_child_weight': 6}. Best is trial 0 with value: 0.941747572815534.
[I 2026-03-24 15:37:58,643] Trial 760 finished with value: 0.941747572815534 and parameters: {'n_estimators': 292, 'max_depth': 11, 'learning_rate': 0.009315456187180118, 'reg_alpha': 5.02917102400829e-08, 'reg_lambda': 3.1465657153939746e-08, 'min_child_weight': 5}. Best is trial 0 with value: 0.941747572815534.
[I 2026-03-24 15:37:58,756] Trial 761 finished with value: 0.941747572815534 and parameters: {'n_estimators': 483, 'max_depth': 35, 'learning_rate': 0.0018197318248991538, 'reg_alpha': 1.0870854941292621e-06, 'reg_lambda': 6.591769581546478e-07, 'min_child_weight': 10}. Best is trial 0 with value: 0.941747572815534.
[I 2026-03-24 15:37:58,846] Trial 762 finished with value: 0.941747572815534 and parameters: {'n_estimators': 356, 'max_depth': 14, 'learning_rate': 0.0992232750830366, 'reg_alpha': 0.25266777823073266, 'reg_lambda': 6.610548421678835e-08, 'min_child_weight': 9}. Best is trial 0 with value: 0.941747572815534.
[I 2026-03-24 15:37:58,937] Trial 763 finished with value: 0.941747572815534 and parameters: {'n_estimators': 231, 'max_depth': 10, 'learning_rate': 0.08216514872224122, 'reg_alpha': 0.12442791207443812, 'reg_lambda': 2.5976886017615945e-07, 'min_child_weight': 4}. Best is trial 0 with value: 0.941747572815534.
[I 2026-03-24 15:37:59,040] Trial 764 finished with value: 0.941747572815534 and parameters: {'n_estimators': 427, 'max_depth': 25, 'learning_rate': 0.029427510099894055, 'reg_alpha': 0.0007156116681965178, 'reg_lambda': 0.0001748198246812337, 'min_child_weight': 9}. Best is trial 0 with value: 0.941747572815534.
[I 2026-03-24 15:37:59,195] Trial 765 finished with value: 0.941747572815534 and parameters: {'n_estimators': 759, 'max_depth': 42, 'learning_rate': 0.017605437493969086, 'reg_alpha': 0.0004419291062340201, 'reg_lambda': 7.699605405597014e-05, 'min_child_weight': 5}. Best is trial 0 with value: 0.941747572815534.
[I 2026-03-24 15:37:59,282] Trial 766 finished with value: 0.941747572815534 and parameters: {'n_estimators': 330, 'max_depth': 18, 'learning_rate': 0.011533728428750951, 'reg_alpha': 1.5746880646383802e-07, 'reg_lambda': 1.4752728350850463e-05, 'min_child_weight': 7}. Best is trial 0 with value: 0.941747572815534.
[I 2026-03-24 15:37:59,451] Trial 767 finished with value: 0.941747572815534 and parameters: {'n_estimators': 834, 'max_depth': 7, 'learning_rate': 0.04408543471948677, 'reg_alpha': 0.00019837170594004216, 'reg_lambda': 5.8542577953890375e-06, 'min_child_weight': 8}. Best is trial 0 with value: 0.941747572815534.
[I 2026-03-24 15:37:59,518] Trial 768 finished with value: 0.941747572815534 and parameters: {'n_estimators': 213, 'max_depth': 8, 'learning_rate': 0.02457167746908428, 'reg_alpha': 0.009816718781797006, 'reg_lambda': 3.5767569083043e-05, 'min_child_weight': 6}. Best is trial 0 with value: 0.941747572815534.
[I 2026-03-24 15:37:59,773] Trial 769 finished with value: 0.941747572815534 and parameters: {'n_estimators': 886, 'max_depth': 13, 'learning_rate': 0.002568556239077034, 'reg_alpha': 1.63560378532013e-06, 'reg_lambda': 1.841675488914454e-06, 'min_child_weight': 4}. Best is trial 0 with value: 0.941747572815534.
[I 2026-03-24 15:37:59,875] Trial 770 finished with value: 0.941747572815534 and parameters: {'n_estimators': 245, 'max_depth': 16, 'learning_rate': 0.021485551256602727, 'reg_alpha': 7.981669928613298e-06, 'reg_lambda': 0.0009916090307295381, 'min_child_weight': 3}. Best is trial 0 with value: 0.941747572815534.
[I 2026-03-24 15:37:59,953] Trial 771 finished with value: 0.941747572815534 and parameters: {'n_estimators': 276, 'max_depth': 33, 'learning_rate': 0.00832178651775766, 'reg_alpha': 1.233181607863381e-05, 'reg_lambda': 0.003382663665536143, 'min_child_weight': 6}. Best is trial 0 with value: 0.941747572815534.
[I 2026-03-24 15:38:00,085] Trial 772 finished with value: 0.941747572815534 and parameters: {'n_estimators': 606, 'max_depth': 46, 'learning_rate': 0.01619619333450532, 'reg_alpha': 0.01901105546962849, 'reg_lambda': 9.673406194294277e-08, 'min_child_weight': 10}. Best is trial 0 with value: 0.941747572815534.
[I 2026-03-24 15:38:00,168] Trial 773 finished with value: 0.941747572815534 and parameters: {'n_estimators': 309, 'max_depth': 37, 'learning_rate': 0.05529134899250099, 'reg_alpha': 0.005578546207493675, 'reg_lambda': 1.8860586866013938e-07, 'min_child_weight': 5}. Best is trial 0 with value: 0.941747572815534.
[I 2026-03-24 15:38:00,261] Trial 774 finished with value: 0.941747572815534 and parameters: {'n_estimators': 370, 'max_depth': 27, 'learning_rate': 0.0269581720553808, 'reg_alpha': 5.035010597720408e-07, 'reg_lambda': 1.675243613855064e-08, 'min_child_weight': 9}. Best is trial 0 with value: 0.941747572815534.
[I 2026-03-24 15:38:00,507] Trial 775 finished with value: 0.9365853658536586 and parameters: {'n_estimators': 700, 'max_depth': 40, 'learning_rate': 0.018874671478833392, 'reg_alpha': 0.00013565687941386901, 'reg_lambda': 0.0019391543073941184, 'min_child_weight': 2}. Best is trial 0 with value: 0.941747572815534.
[I 2026-03-24 15:38:00,679] Trial 776 finished with value: 0.941747572815534 and parameters: {'n_estimators': 556, 'max_depth': 10, 'learning_rate': 0.004481987644475578, 'reg_alpha': 5.722300409704712e-06, 'reg_lambda': 0.0001171201314920066, 'min_child_weight': 4}. Best is trial 0 with value: 0.941747572815534.
[I 2026-03-24 15:38:00,806] Trial 777 finished with value: 0.941747572815534 and parameters: {'n_estimators': 582, 'max_depth': 19, 'learning_rate': 0.014812846549746166, 'reg_alpha': 2.7341645752202038e-05, 'reg_lambda': 8.750584972473474e-07, 'min_child_weight': 8}. Best is trial 0 with value: 0.941747572815534.
[I 2026-03-24 15:38:00,922] Trial 778 finished with value: 0.941747572815534 and parameters: {'n_estimators': 507, 'max_depth': 6, 'learning_rate': 0.0015215434672535021, 'reg_alpha': 3.5689740681408595e-06, 'reg_lambda': 0.0005973761051835952, 'min_child_weight': 7}. Best is trial 0 with value: 0.941747572815534.
[I 2026-03-24 15:38:00,997] Trial 779 finished with value: 0.941747572815534 and parameters: {'n_estimators': 260, 'max_depth': 9, 'learning_rate': 0.0028925044348314536, 'reg_alpha': 1.4645229053691171e-06, 'reg_lambda': 4.359747721787918e-07, 'min_child_weight': 9}. Best is trial 0 with value: 0.941747572815534.
[I 2026-03-24 15:38:01,063] Trial 780 finished with value: 0.941747572815534 and parameters: {'n_estimators': 200, 'max_depth': 20, 'learning_rate': 0.03549059761035361, 'reg_alpha': 6.797401978751305e-07, 'reg_lambda': 2.1720844546585567e-05, 'min_child_weight': 10}. Best is trial 0 with value: 0.941747572815534.
[I 2026-03-24 15:38:01,246] Trial 781 finished with value: 0.941747572815534 and parameters: {'n_estimators': 925, 'max_depth': 32, 'learning_rate': 0.012197266711691294, 'reg_alpha': 0.0003104175372547603, 'reg_lambda': 0.00038448391895928066, 'min_child_weight': 6}. Best is trial 0 with value: 0.941747572815534.
[I 2026-03-24 15:38:01,363] Trial 782 finished with value: 0.941747572815534 and parameters: {'n_estimators': 526, 'max_depth': 36, 'learning_rate': 0.0065798531320473445, 'reg_alpha': 2.8890836242619214e-07, 'reg_lambda': 7.96487084882103e-06, 'min_child_weight': 8}. Best is trial 0 with value: 0.941747572815534.
[I 2026-03-24 15:38:01,434] Trial 783 finished with value: 0.941747572815534 and parameters: {'n_estimators': 224, 'max_depth': 12, 'learning_rate': 0.010005408810021307, 'reg_alpha': 1.8721028433454883e-05, 'reg_lambda': 1.1124007087269184e-08, 'min_child_weight': 10}. Best is trial 0 with value: 0.941747572815534.
[I 2026-03-24 15:38:01,632] Trial 784 finished with value: 0.941747572815534 and parameters: {'n_estimators': 656, 'max_depth': 39, 'learning_rate': 0.00109475038719646, 'reg_alpha': 0.36120355388922093, 'reg_lambda': 3.8036166766888434e-06, 'min_child_weight': 4}. Best is trial 0 with value: 0.941747572815534.
[I 2026-03-24 15:38:01,806] Trial 785 finished with value: 0.941747572815534 and parameters: {'n_estimators': 868, 'max_depth': 23, 'learning_rate': 0.005812064346747757, 'reg_alpha': 0.6110769746221261, 'reg_lambda': 5.212183291817241e-08, 'min_child_weight': 7}. Best is trial 0 with value: 0.941747572815534.
[I 2026-03-24 15:38:01,878] Trial 786 finished with value: 0.941747572815534 and parameters: {'n_estimators': 239, 'max_depth': 17, 'learning_rate': 0.022897080839058732, 'reg_alpha': 0.0005463164116857167, 'reg_lambda': 4.48384959427377e-05, 'min_child_weight': 9}. Best is trial 0 with value: 0.941747572815534.
[I 2026-03-24 15:38:01,965] Trial 787 finished with value: 0.941747572815534 and parameters: {'n_estimators': 327, 'max_depth': 35, 'learning_rate': 0.001305699346153113, 'reg_alpha': 0.0027429147780845507, 'reg_lambda': 1.1388918361960537e-06, 'min_child_weight': 9}. Best is trial 0 with value: 0.941747572815534.
[I 2026-03-24 15:38:02,056] Trial 788 finished with value: 0.941747572815534 and parameters: {'n_estimators': 358, 'max_depth': 18, 'learning_rate': 0.0020912833925546947, 'reg_alpha': 2.2691723490902948e-06, 'reg_lambda': 1.1988078567657672e-05, 'min_child_weight': 6}. Best is trial 0 with value: 0.941747572815534.
[I 2026-03-24 15:38:02,199] Trial 789 finished with value: 0.941747572815534 and parameters: {'n_estimators': 388, 'max_depth': 29, 'learning_rate': 0.007632399793247002, 'reg_alpha': 9.025134627910617e-06, 'reg_lambda': 1.2296681128174798e-07, 'min_child_weight': 3}. Best is trial 0 with value: 0.941747572815534.
[I 2026-03-24 15:38:02,280] Trial 790 finished with value: 0.941747572815534 and parameters: {'n_estimators': 294, 'max_depth': 12, 'learning_rate': 0.0050151751073154215, 'reg_alpha': 0.0011018129506448324, 'reg_lambda': 6.929278076780775e-07, 'min_child_weight': 5}. Best is trial 0 with value: 0.941747572815534.
[I 2026-03-24 15:38:02,502] Trial 791 finished with value: 0.9292929292929293 and parameters: {'n_estimators': 675, 'max_depth': 10, 'learning_rate': 0.06517397312348827, 'reg_alpha': 7.563425580410923e-05, 'reg_lambda': 2.683586344335548e-08, 'min_child_weight': 1}. Best is trial 0 with value: 0.941747572815534.
[I 2026-03-24 15:38:02,673] Trial 792 finished with value: 0.941747572815534 and parameters: {'n_estimators': 848, 'max_depth': 15, 'learning_rate': 0.02010903747551763, 'reg_alpha': 0.00023847838415943373, 'reg_lambda': 3.4581025290930624e-07, 'min_child_weight': 7}. Best is trial 0 with value: 0.941747572815534.
[I 2026-03-24 15:38:02,775] Trial 793 finished with value: 0.941747572815534 and parameters: {'n_estimators': 411, 'max_depth': 34, 'learning_rate': 0.013448538631887441, 'reg_alpha': 1.105413626606792e-06, 'reg_lambda': 6.562511287875925e-05, 'min_child_weight': 8}. Best is trial 0 with value: 0.941747572815534.
[I 2026-03-24 15:38:02,862] Trial 794 finished with value: 0.941747572815534 and parameters: {'n_estimators': 215, 'max_depth': 41, 'learning_rate': 0.0487940913275358, 'reg_alpha': 4.602500369499182e-06, 'reg_lambda': 0.01717649455650561, 'min_child_weight': 4}. Best is trial 0 with value: 0.941747572815534.
[I 2026-03-24 15:38:02,946] Trial 795 finished with value: 0.941747572815534 and parameters: {'n_estimators': 312, 'max_depth': 38, 'learning_rate': 0.04081465375187586, 'reg_alpha': 0.0007688001109384517, 'reg_lambda': 3.5984748939569087e-08, 'min_child_weight': 10}. Best is trial 0 with value: 0.941747572815534.
[I 2026-03-24 15:38:03,112] Trial 796 finished with value: 0.941747572815534 and parameters: {'n_estimators': 818, 'max_depth': 14, 'learning_rate': 0.015928209415546554, 'reg_alpha': 8.208068589937377e-08, 'reg_lambda': 2.591919270087082e-06, 'min_child_weight': 5}. Best is trial 0 with value: 0.941747572815534.
[I 2026-03-24 15:38:03,299] Trial 797 finished with value: 0.941747572815534 and parameters: {'n_estimators': 944, 'max_depth': 16, 'learning_rate': 0.011250784146956483, 'reg_alpha': 2.7660970876741935e-06, 'reg_lambda': 1.3715751122319094e-06, 'min_child_weight': 9}. Best is trial 0 with value: 0.941747572815534.
[I 2026-03-24 15:38:03,419] Trial 798 finished with value: 0.941747572815534 and parameters: {'n_estimators': 344, 'max_depth': 20, 'learning_rate': 0.0023469964423157674, 'reg_alpha': 3.504787247736205e-08, 'reg_lambda': 2.1306491862080797e-07, 'min_child_weight': 4}. Best is trial 0 with value: 0.941747572815534.
[I 2026-03-24 15:38:03,571] Trial 799 finished with value: 0.941747572815534 and parameters: {'n_estimators': 730, 'max_depth': 21, 'learning_rate': 0.032158497934798524, 'reg_alpha': 0.029865927645345, 'reg_lambda': 0.0001569685486847462, 'min_child_weight': 8}. Best is trial 0 with value: 0.941747572815534.

=== Split 1, k=100 Optuna Results ===
  Validation F1: 0.9417

=== Test Set Evaluation ===

Performance on Test set:
Accuracy: 0.8000
Recall: 1.0000
F1 Score: 0.8889

============================================================
第 2 次划分 (8:1:1)
============================================================
训练集大小: 872, 验证集大小: 109, 测试集大小: 110

--- 采样数: 20 ---
CVT算法收敛, 迭代次数: 13
[I 2026-03-24 15:38:03,832] A new study created in memory with name: no-name-4def942a-01c8-4183-abc3-7078b4c23e68
[I 2026-03-24 15:38:03,935] Trial 0 finished with value: 0.9154228855721394 and parameters: {'n_estimators': 566, 'max_depth': 24, 'learning_rate': 0.0013246613921715639, 'reg_alpha': 0.18428935581023592, 'reg_lambda': 1.4777994131732366e-05, 'min_child_weight': 8}. Best is trial 0 with value: 0.9154228855721394.
[I 2026-03-24 15:38:04,068] Trial 1 finished with value: 0.9154228855721394 and parameters: {'n_estimators': 917, 'max_depth': 41, 'learning_rate': 0.0033826268999223234, 'reg_alpha': 0.00015728818016882203, 'reg_lambda': 9.035428002567738e-08, 'min_child_weight': 3}. Best is trial 0 with value: 0.9154228855721394.
[I 2026-03-24 15:38:04,137] Trial 2 finished with value: 0.9154228855721394 and parameters: {'n_estimators': 380, 'max_depth': 26, 'learning_rate': 0.0011447457133138025, 'reg_alpha': 0.00292996847951022, 'reg_lambda': 8.154148987361614e-07, 'min_child_weight': 7}. Best is trial 0 with value: 0.9154228855721394.
[I 2026-03-24 15:38:04,205] Trial 3 finished with value: 0.9154228855721394 and parameters: {'n_estimators': 561, 'max_depth': 47, 'learning_rate': 0.08976990940663583, 'reg_alpha': 3.633020972708321e-06, 'reg_lambda': 3.276685784314727e-07, 'min_child_weight': 6}. Best is trial 0 with value: 0.9154228855721394.
[I 2026-03-24 15:38:04,261] Trial 4 finished with value: 0.9154228855721394 and parameters: {'n_estimators': 428, 'max_depth': 39, 'learning_rate': 0.014023311126341635, 'reg_alpha': 0.011668727814373482, 'reg_lambda': 9.007096030557028e-05, 'min_child_weight': 7}. Best is trial 0 with value: 0.9154228855721394.
[I 2026-03-24 15:38:04,329] Trial 5 finished with value: 0.9154228855721394 and parameters: {'n_estimators': 535, 'max_depth': 13, 'learning_rate': 0.003173576380539169, 'reg_alpha': 3.507907486503697e-08, 'reg_lambda': 0.005090744439113855, 'min_child_weight': 9}. Best is trial 0 with value: 0.9154228855721394.
[I 2026-03-24 15:38:04,392] Trial 6 finished with value: 0.9154228855721394 and parameters: {'n_estimators': 489, 'max_depth': 27, 'learning_rate': 0.02686754984200781, 'reg_alpha': 0.4654551694518548, 'reg_lambda': 0.013136532956693422, 'min_child_weight': 5}. Best is trial 0 with value: 0.9154228855721394.
[I 2026-03-24 15:38:04,468] Trial 7 finished with value: 0.9154228855721394 and parameters: {'n_estimators': 606, 'max_depth': 48, 'learning_rate': 0.06530585720491908, 'reg_alpha': 4.871522869467732e-07, 'reg_lambda': 9.859497113957393e-05, 'min_child_weight': 3}. Best is trial 0 with value: 0.9154228855721394.
[I 2026-03-24 15:38:04,531] Trial 8 finished with value: 0.9154228855721394 and parameters: {'n_estimators': 490, 'max_depth': 33, 'learning_rate': 0.05760410797368058, 'reg_alpha': 9.44100104335409e-05, 'reg_lambda': 2.9745290482177835e-07, 'min_child_weight': 2}. Best is trial 0 with value: 0.9154228855721394.
[I 2026-03-24 15:38:04,624] Trial 9 finished with value: 0.9154228855721394 and parameters: {'n_estimators': 757, 'max_depth': 41, 'learning_rate': 0.016128134651544685, 'reg_alpha': 0.8913726606443715, 'reg_lambda': 1.6358908495876274e-05, 'min_child_weight': 3}. Best is trial 0 with value: 0.9154228855721394.
[I 2026-03-24 15:38:04,666] Trial 10 finished with value: 0.9154228855721394 and parameters: {'n_estimators': 237, 'max_depth': 12, 'learning_rate': 0.001190416870317423, 'reg_alpha': 0.02491764606956408, 'reg_lambda': 0.7178187688034501, 'min_child_weight': 10}. Best is trial 0 with value: 0.9154228855721394.
[I 2026-03-24 15:38:04,792] Trial 11 finished with value: 0.9154228855721394 and parameters: {'n_estimators': 983, 'max_depth': 21, 'learning_rate': 0.004054372170573297, 'reg_alpha': 0.00020416452657375303, 'reg_lambda': 1.1464264744406994e-08, 'min_child_weight': 1}. Best is trial 0 with value: 0.9154228855721394.
[I 2026-03-24 15:38:04,892] Trial 12 finished with value: 0.9154228855721394 and parameters: {'n_estimators': 804, 'max_depth': 19, 'learning_rate': 0.00335098936237805, 'reg_alpha': 0.00010076827728014137, 'reg_lambda': 3.953749198525956e-06, 'min_child_weight': 4}. Best is trial 0 with value: 0.9154228855721394.
[I 2026-03-24 15:38:04,990] Trial 13 finished with value: 0.9154228855721394 and parameters: {'n_estimators': 754, 'max_depth': 33, 'learning_rate': 0.006988336363832895, 'reg_alpha': 5.382444179753343e-06, 'reg_lambda': 1.1838276437960144e-08, 'min_child_weight': 8}. Best is trial 0 with value: 0.9154228855721394.
[I 2026-03-24 15:38:05,113] Trial 14 finished with value: 0.9154228855721394 and parameters: {'n_estimators': 989, 'max_depth': 36, 'learning_rate': 0.0018344137190369934, 'reg_alpha': 0.000981384500815489, 'reg_lambda': 0.0032418473919629117, 'min_child_weight': 5}. Best is trial 0 with value: 0.9154228855721394.
[I 2026-03-24 15:38:05,202] Trial 15 finished with value: 0.9154228855721394 and parameters: {'n_estimators': 683, 'max_depth': 19, 'learning_rate': 0.002093519071431524, 'reg_alpha': 0.08303760689881409, 'reg_lambda': 8.691061403335026e-08, 'min_child_weight': 10}. Best is trial 0 with value: 0.9154228855721394.
