[I 2026-03-24 15:41:20,147] Trial 217 finished with value: 0.9154228855721394 and parameters: {'n_estimators': 956, 'max_depth': 32, 'learning_rate': 0.003713842385505328, 'reg_alpha': 0.018527303301470496, 'reg_lambda': 6.86623160400353e-05, 'min_child_weight': 2}. Best is trial 112 with value: 0.92.
[I 2026-03-24 15:41:20,422] Trial 218 finished with value: 0.92 and parameters: {'n_estimators': 1000, 'max_depth': 33, 'learning_rate': 0.0031367320984913996, 'reg_alpha': 0.04806280310837269, 'reg_lambda': 1.0368493005770991e-05, 'min_child_weight': 1}. Best is trial 112 with value: 0.92.
[I 2026-03-24 15:41:20,692] Trial 219 finished with value: 0.92 and parameters: {'n_estimators': 940, 'max_depth': 31, 'learning_rate': 0.002162684821827552, 'reg_alpha': 0.026274056549380437, 'reg_lambda': 1.818265459475013e-05, 'min_child_weight': 1}. Best is trial 112 with value: 0.92.
[I 2026-03-24 15:41:20,963] Trial 220 finished with value: 0.92 and parameters: {'n_estimators': 971, 'max_depth': 29, 'learning_rate': 0.0027849560836923776, 'reg_alpha': 0.08508712493427524, 'reg_lambda': 3.917698686027882e-05, 'min_child_weight': 1}. Best is trial 112 with value: 0.92.
[I 2026-03-24 15:41:21,237] Trial 221 finished with value: 0.92 and parameters: {'n_estimators': 985, 'max_depth': 29, 'learning_rate': 0.0036319933778188322, 'reg_alpha': 0.023635233956961633, 'reg_lambda': 3.303643752384453e-05, 'min_child_weight': 1}. Best is trial 112 with value: 0.92.
[I 2026-03-24 15:41:21,502] Trial 222 finished with value: 0.92 and parameters: {'n_estimators': 966, 'max_depth': 30, 'learning_rate': 0.003981695350528689, 'reg_alpha': 0.042357364196446486, 'reg_lambda': 2.2531158844394847e-05, 'min_child_weight': 1}. Best is trial 112 with value: 0.92.
[I 2026-03-24 15:41:21,765] Trial 223 finished with value: 0.92 and parameters: {'n_estimators': 986, 'max_depth': 32, 'learning_rate': 0.0046474553073595345, 'reg_alpha': 0.062857993682641, 'reg_lambda': 5.738924555973572e-05, 'min_child_weight': 1}. Best is trial 112 with value: 0.92.
[I 2026-03-24 15:41:22,035] Trial 224 finished with value: 0.92 and parameters: {'n_estimators': 957, 'max_depth': 33, 'learning_rate': 0.003453821114972697, 'reg_alpha': 0.011851163362195537, 'reg_lambda': 8.630916582896775e-05, 'min_child_weight': 1}. Best is trial 112 with value: 0.92.
[I 2026-03-24 15:41:22,305] Trial 225 finished with value: 0.92 and parameters: {'n_estimators': 979, 'max_depth': 31, 'learning_rate': 0.003836544081318343, 'reg_alpha': 0.03223126989061433, 'reg_lambda': 3.336280036334601e-05, 'min_child_weight': 1}. Best is trial 112 with value: 0.92.
[I 2026-03-24 15:41:22,581] Trial 226 finished with value: 0.92 and parameters: {'n_estimators': 1000, 'max_depth': 35, 'learning_rate': 0.004329699947871646, 'reg_alpha': 0.02087150739405883, 'reg_lambda': 4.431546237757424e-05, 'min_child_weight': 1}. Best is trial 112 with value: 0.92.
[I 2026-03-24 15:41:22,827] Trial 227 finished with value: 0.92 and parameters: {'n_estimators': 938, 'max_depth': 32, 'learning_rate': 0.0049101538632424805, 'reg_alpha': 0.13340761528884504, 'reg_lambda': 2.5108376364191522e-05, 'min_child_weight': 1}. Best is trial 112 with value: 0.92.
[I 2026-03-24 15:41:23,086] Trial 228 finished with value: 0.92 and parameters: {'n_estimators': 970, 'max_depth': 30, 'learning_rate': 0.0032534618692256264, 'reg_alpha': 0.05160719565661855, 'reg_lambda': 0.0001679167899817162, 'min_child_weight': 1}. Best is trial 112 with value: 0.92.
[I 2026-03-24 15:41:23,344] Trial 229 finished with value: 0.92 and parameters: {'n_estimators': 955, 'max_depth': 34, 'learning_rate': 0.004027185347403707, 'reg_alpha': 0.07992910527060558, 'reg_lambda': 1.3954065358501482e-05, 'min_child_weight': 1}. Best is trial 112 with value: 0.92.
[I 2026-03-24 15:41:23,614] Trial 230 finished with value: 0.92 and parameters: {'n_estimators': 987, 'max_depth': 31, 'learning_rate': 0.0035925572702282275, 'reg_alpha': 0.039018274159449494, 'reg_lambda': 7.121397143948517e-05, 'min_child_weight': 1}. Best is trial 112 with value: 0.92.
[I 2026-03-24 15:41:23,870] Trial 231 finished with value: 0.92 and parameters: {'n_estimators': 947, 'max_depth': 33, 'learning_rate': 0.004423630017417635, 'reg_alpha': 0.05860483493471195, 'reg_lambda': 0.00012566010415807546, 'min_child_weight': 1}. Best is trial 112 with value: 0.92.
[I 2026-03-24 15:41:24,131] Trial 232 finished with value: 0.92 and parameters: {'n_estimators': 974, 'max_depth': 34, 'learning_rate': 0.004482668862778555, 'reg_alpha': 0.33965430176031564, 'reg_lambda': 0.00019611946149520487, 'min_child_weight': 1}. Best is trial 112 with value: 0.92.
[I 2026-03-24 15:41:24,388] Trial 233 finished with value: 0.92 and parameters: {'n_estimators': 960, 'max_depth': 32, 'learning_rate': 0.003930159529952499, 'reg_alpha': 0.23282822778804627, 'reg_lambda': 5.3662811391597644e-05, 'min_child_weight': 1}. Best is trial 112 with value: 0.92.
[I 2026-03-24 15:41:24,639] Trial 234 finished with value: 0.92 and parameters: {'n_estimators': 926, 'max_depth': 33, 'learning_rate': 0.004988537839911543, 'reg_alpha': 0.030874789656772983, 'reg_lambda': 8.699190741272205e-05, 'min_child_weight': 1}. Best is trial 112 with value: 0.92.
[I 2026-03-24 15:41:24,897] Trial 235 finished with value: 0.914572864321608 and parameters: {'n_estimators': 985, 'max_depth': 31, 'learning_rate': 0.005469920339264147, 'reg_alpha': 0.09507361192780983, 'reg_lambda': 4.0678216474799247e-05, 'min_child_weight': 1}. Best is trial 112 with value: 0.92.
[I 2026-03-24 15:41:25,173] Trial 236 finished with value: 0.92 and parameters: {'n_estimators': 1000, 'max_depth': 34, 'learning_rate': 0.003446656681725375, 'reg_alpha': 0.04266382757237178, 'reg_lambda': 0.0002782367373166895, 'min_child_weight': 1}. Best is trial 112 with value: 0.92.
[I 2026-03-24 15:41:25,439] Trial 237 finished with value: 0.92 and parameters: {'n_estimators': 972, 'max_depth': 32, 'learning_rate': 0.004178921777994777, 'reg_alpha': 0.02361516421711041, 'reg_lambda': 0.0001297416213981942, 'min_child_weight': 1}. Best is trial 112 with value: 0.92.
[I 2026-03-24 15:41:25,693] Trial 238 finished with value: 0.92 and parameters: {'n_estimators': 946, 'max_depth': 30, 'learning_rate': 0.0037797870736465894, 'reg_alpha': 0.1614201760926015, 'reg_lambda': 3.0193121849162403e-05, 'min_child_weight': 1}. Best is trial 112 with value: 0.92.
[I 2026-03-24 15:41:25,953] Trial 239 finished with value: 0.92 and parameters: {'n_estimators': 982, 'max_depth': 33, 'learning_rate': 0.004689806690758843, 'reg_alpha': 0.06560880432135939, 'reg_lambda': 5.983205613559026e-05, 'min_child_weight': 1}. Best is trial 112 with value: 0.92.
[I 2026-03-24 15:41:26,223] Trial 240 finished with value: 0.92 and parameters: {'n_estimators': 961, 'max_depth': 32, 'learning_rate': 0.003132724799159099, 'reg_alpha': 0.03706808532238981, 'reg_lambda': 1.7523629652127327e-05, 'min_child_weight': 1}. Best is trial 112 with value: 0.92.
[I 2026-03-24 15:41:26,498] Trial 241 finished with value: 0.92 and parameters: {'n_estimators': 984, 'max_depth': 28, 'learning_rate': 0.004081234913870902, 'reg_alpha': 0.01318942958438617, 'reg_lambda': 7.39401645648301e-05, 'min_child_weight': 1}. Best is trial 112 with value: 0.92.
[I 2026-03-24 15:41:26,773] Trial 242 finished with value: 0.92 and parameters: {'n_estimators': 974, 'max_depth': 29, 'learning_rate': 0.003659571451387363, 'reg_alpha': 0.016756968640091335, 'reg_lambda': 4.735115454218271e-05, 'min_child_weight': 1}. Best is trial 112 with value: 0.92.
[I 2026-03-24 15:41:27,049] Trial 243 finished with value: 0.92 and parameters: {'n_estimators': 989, 'max_depth': 31, 'learning_rate': 0.0028820016813402454, 'reg_alpha': 0.05175097100249078, 'reg_lambda': 9.96284195725033e-05, 'min_child_weight': 1}. Best is trial 112 with value: 0.92.
[I 2026-03-24 15:41:27,328] Trial 244 finished with value: 0.92 and parameters: {'n_estimators': 967, 'max_depth': 30, 'learning_rate': 0.0022582986792617685, 'reg_alpha': 0.028534908055802395, 'reg_lambda': 3.372502439265208e-05, 'min_child_weight': 1}. Best is trial 112 with value: 0.92.
[I 2026-03-24 15:41:27,610] Trial 245 finished with value: 0.92 and parameters: {'n_estimators': 1000, 'max_depth': 32, 'learning_rate': 0.0024661922864809695, 'reg_alpha': 0.07658082126512689, 'reg_lambda': 6.333949504837217e-05, 'min_child_weight': 1}. Best is trial 112 with value: 0.92.
[I 2026-03-24 15:41:27,878] Trial 246 finished with value: 0.92 and parameters: {'n_estimators': 954, 'max_depth': 33, 'learning_rate': 0.0033128477572436504, 'reg_alpha': 0.04037730886471518, 'reg_lambda': 2.517427584141942e-05, 'min_child_weight': 1}. Best is trial 112 with value: 0.92.
[I 2026-03-24 15:41:28,145] Trial 247 finished with value: 0.92 and parameters: {'n_estimators': 973, 'max_depth': 31, 'learning_rate': 0.004431626114634034, 'reg_alpha': 0.021821825110480052, 'reg_lambda': 4.3934728957073804e-05, 'min_child_weight': 1}. Best is trial 112 with value: 0.92.
[I 2026-03-24 15:41:28,423] Trial 248 finished with value: 0.92 and parameters: {'n_estimators': 986, 'max_depth': 34, 'learning_rate': 0.0025690487188152265, 'reg_alpha': 0.11055828037590668, 'reg_lambda': 7.946440398574985e-05, 'min_child_weight': 1}. Best is trial 112 with value: 0.92.
[I 2026-03-24 15:41:28,609] Trial 249 finished with value: 0.9154228855721394 and parameters: {'n_estimators': 934, 'max_depth': 32, 'learning_rate': 0.0037954640748876327, 'reg_alpha': 0.6843357752959329, 'reg_lambda': 0.00012934754427476857, 'min_child_weight': 2}. Best is trial 112 with value: 0.92.
[I 2026-03-24 15:41:28,870] Trial 250 finished with value: 0.92 and parameters: {'n_estimators': 970, 'max_depth': 30, 'learning_rate': 0.004068327712515969, 'reg_alpha': 0.052175071547513524, 'reg_lambda': 5.513040743199646e-05, 'min_child_weight': 1}. Best is trial 112 with value: 0.92.
[I 2026-03-24 15:41:29,137] Trial 251 finished with value: 0.92 and parameters: {'n_estimators': 986, 'max_depth': 35, 'learning_rate': 0.0034330888782902014, 'reg_alpha': 0.029573032868341863, 'reg_lambda': 3.35667874515266e-05, 'min_child_weight': 1}. Best is trial 112 with value: 0.92.
[I 2026-03-24 15:41:29,395] Trial 252 finished with value: 0.92 and parameters: {'n_estimators': 999, 'max_depth': 31, 'learning_rate': 0.00465852633750695, 'reg_alpha': 0.06778785023941064, 'reg_lambda': 2.127380761363293e-05, 'min_child_weight': 1}. Best is trial 112 with value: 0.92.
[I 2026-03-24 15:41:29,662] Trial 253 finished with value: 0.92 and parameters: {'n_estimators': 954, 'max_depth': 33, 'learning_rate': 0.0030045829867589176, 'reg_alpha': 0.03628848739228079, 'reg_lambda': 4.7393817411447725e-05, 'min_child_weight': 1}. Best is trial 112 with value: 0.92.
[I 2026-03-24 15:41:29,906] Trial 254 finished with value: 0.92 and parameters: {'n_estimators': 909, 'max_depth': 32, 'learning_rate': 0.0038143291807775214, 'reg_alpha': 0.05570210456151175, 'reg_lambda': 7.759416682172446e-05, 'min_child_weight': 1}. Best is trial 112 with value: 0.92.
[I 2026-03-24 15:41:30,160] Trial 255 finished with value: 0.92 and parameters: {'n_estimators': 973, 'max_depth': 29, 'learning_rate': 0.004299469713722109, 'reg_alpha': 0.11743792156627204, 'reg_lambda': 3.0851770224523626e-05, 'min_child_weight': 1}. Best is trial 112 with value: 0.92.
[I 2026-03-24 15:41:30,380] Trial 256 finished with value: 0.9154228855721394 and parameters: {'n_estimators': 945, 'max_depth': 34, 'learning_rate': 0.0033063441261191786, 'reg_alpha': 0.024031671811615384, 'reg_lambda': 5.856416725832821e-05, 'min_child_weight': 2}. Best is trial 112 with value: 0.92.
[I 2026-03-24 15:41:30,663] Trial 257 finished with value: 0.92 and parameters: {'n_estimators': 1000, 'max_depth': 31, 'learning_rate': 0.002745935135679706, 'reg_alpha': 0.016390177614399103, 'reg_lambda': 0.00017264165870706355, 'min_child_weight': 1}. Best is trial 112 with value: 0.92.
[I 2026-03-24 15:41:30,921] Trial 258 finished with value: 0.92 and parameters: {'n_estimators': 979, 'max_depth': 36, 'learning_rate': 0.0036542796160934027, 'reg_alpha': 0.08263763675453634, 'reg_lambda': 3.903721974171133e-05, 'min_child_weight': 1}. Best is trial 112 with value: 0.92.
[I 2026-03-24 15:41:31,172] Trial 259 finished with value: 0.914572864321608 and parameters: {'n_estimators': 962, 'max_depth': 33, 'learning_rate': 0.005163236690945297, 'reg_alpha': 0.04311917410142689, 'reg_lambda': 9.925989840671695e-05, 'min_child_weight': 1}. Best is trial 112 with value: 0.92.
[I 2026-03-24 15:41:31,442] Trial 260 finished with value: 0.92 and parameters: {'n_estimators': 983, 'max_depth': 32, 'learning_rate': 0.00413751041468454, 'reg_alpha': 0.009796161125863116, 'reg_lambda': 2.096054527454123e-05, 'min_child_weight': 1}. Best is trial 112 with value: 0.92.
[I 2026-03-24 15:41:31,706] Trial 261 finished with value: 0.92 and parameters: {'n_estimators': 964, 'max_depth': 30, 'learning_rate': 0.0034259636541132807, 'reg_alpha': 0.031105837828378374, 'reg_lambda': 6.30205678720361e-05, 'min_child_weight': 1}. Best is trial 112 with value: 0.92.
[I 2026-03-24 15:41:31,965] Trial 262 finished with value: 0.92 and parameters: {'n_estimators': 1000, 'max_depth': 33, 'learning_rate': 0.004571987887405991, 'reg_alpha': 0.06370392325490917, 'reg_lambda': 2.8869767458525466e-05, 'min_child_weight': 1}. Best is trial 112 with value: 0.92.
[I 2026-03-24 15:41:32,221] Trial 263 finished with value: 0.92 and parameters: {'n_estimators': 935, 'max_depth': 31, 'learning_rate': 0.003059099746476523, 'reg_alpha': 0.050442536979319226, 'reg_lambda': 1.435737259411718e-05, 'min_child_weight': 1}. Best is trial 112 with value: 0.92.
[I 2026-03-24 15:41:32,477] Trial 264 finished with value: 0.92 and parameters: {'n_estimators': 986, 'max_depth': 32, 'learning_rate': 0.0039936392744852065, 'reg_alpha': 0.08990644998430544, 'reg_lambda': 0.00012841132713628279, 'min_child_weight': 1}. Best is trial 112 with value: 0.92.
[I 2026-03-24 15:41:32,698] Trial 265 finished with value: 0.9154228855721394 and parameters: {'n_estimators': 953, 'max_depth': 34, 'learning_rate': 0.003670025789924909, 'reg_alpha': 0.03469959567483052, 'reg_lambda': 4.272762214652415e-05, 'min_child_weight': 2}. Best is trial 112 with value: 0.92.
[I 2026-03-24 15:41:32,955] Trial 266 finished with value: 0.92 and parameters: {'n_estimators': 974, 'max_depth': 31, 'learning_rate': 0.004260543331652263, 'reg_alpha': 0.16645362466240538, 'reg_lambda': 8.170262789837061e-05, 'min_child_weight': 1}. Best is trial 112 with value: 0.92.
[I 2026-03-24 15:41:33,216] Trial 267 finished with value: 0.914572864321608 and parameters: {'n_estimators': 983, 'max_depth': 33, 'learning_rate': 0.004907919581285154, 'reg_alpha': 0.019274046072050705, 'reg_lambda': 0.0003990035621576819, 'min_child_weight': 1}. Best is trial 112 with value: 0.92.
[I 2026-03-24 15:41:33,489] Trial 268 finished with value: 0.92 and parameters: {'n_estimators': 1000, 'max_depth': 30, 'learning_rate': 0.003180369311969661, 'reg_alpha': 0.24135207896287458, 'reg_lambda': 2.4157072789283586e-05, 'min_child_weight': 1}. Best is trial 112 with value: 0.92.
[I 2026-03-24 15:41:33,746] Trial 269 finished with value: 0.92 and parameters: {'n_estimators': 963, 'max_depth': 27, 'learning_rate': 0.003838220847176033, 'reg_alpha': 0.04169043739190786, 'reg_lambda': 4.4739718897448786e-05, 'min_child_weight': 1}. Best is trial 112 with value: 0.92.
[I 2026-03-24 15:41:33,998] Trial 270 finished with value: 0.92 and parameters: {'n_estimators': 945, 'max_depth': 32, 'learning_rate': 0.00350128042670393, 'reg_alpha': 0.06724565685806891, 'reg_lambda': 0.00019790647666824323, 'min_child_weight': 1}. Best is trial 112 with value: 0.92.
[I 2026-03-24 15:41:34,258] Trial 271 finished with value: 0.92 and parameters: {'n_estimators': 972, 'max_depth': 29, 'learning_rate': 0.00437155813006299, 'reg_alpha': 0.02747319214968042, 'reg_lambda': 9.551349065480948e-05, 'min_child_weight': 1}. Best is trial 112 with value: 0.92.
[I 2026-03-24 15:41:34,536] Trial 272 finished with value: 0.92 and parameters: {'n_estimators': 986, 'max_depth': 31, 'learning_rate': 0.002741322308366723, 'reg_alpha': 0.11268909457546573, 'reg_lambda': 1.011150795778403e-05, 'min_child_weight': 1}. Best is trial 112 with value: 0.92.
[I 2026-03-24 15:41:34,801] Trial 273 finished with value: 0.92 and parameters: {'n_estimators': 927, 'max_depth': 35, 'learning_rate': 0.002470754794140267, 'reg_alpha': 0.013108717084914389, 'reg_lambda': 5.836368765806709e-05, 'min_child_weight': 1}. Best is trial 112 with value: 0.92.
[I 2026-03-24 15:41:35,054] Trial 274 finished with value: 0.92 and parameters: {'n_estimators': 955, 'max_depth': 32, 'learning_rate': 0.003925592921879719, 'reg_alpha': 0.0531695685175395, 'reg_lambda': 3.478315201530063e-05, 'min_child_weight': 1}. Best is trial 112 with value: 0.92.
[I 2026-03-24 15:41:35,283] Trial 275 finished with value: 0.9154228855721394 and parameters: {'n_estimators': 986, 'max_depth': 33, 'learning_rate': 0.005579549766658965, 'reg_alpha': 0.02419120655705978, 'reg_lambda': 1.6775852587356164e-05, 'min_child_weight': 2}. Best is trial 112 with value: 0.92.
[I 2026-03-24 15:41:35,548] Trial 276 finished with value: 0.92 and parameters: {'n_estimators': 1000, 'max_depth': 34, 'learning_rate': 0.0032847531196590176, 'reg_alpha': 0.08075116779136131, 'reg_lambda': 2.7400529064359273e-05, 'min_child_weight': 1}. Best is trial 112 with value: 0.92.
[I 2026-03-24 15:41:35,810] Trial 277 finished with value: 0.92 and parameters: {'n_estimators': 969, 'max_depth': 30, 'learning_rate': 0.004842238756121423, 'reg_alpha': 0.039922470596726684, 'reg_lambda': 6.444111104023587e-05, 'min_child_weight': 1}. Best is trial 112 with value: 0.92.
[I 2026-03-24 15:41:36,088] Trial 278 finished with value: 0.9154228855721394 and parameters: {'n_estimators': 975, 'max_depth': 32, 'learning_rate': 0.0019804850770400685, 'reg_alpha': 0.051740798566642175, 'reg_lambda': 0.00010795006854466857, 'min_child_weight': 1}. Best is trial 112 with value: 0.92.
[I 2026-03-24 15:41:36,355] Trial 279 finished with value: 0.92 and parameters: {'n_estimators': 955, 'max_depth': 28, 'learning_rate': 0.0035304266949614943, 'reg_alpha': 0.01802513580510676, 'reg_lambda': 4.0887864915252995e-05, 'min_child_weight': 1}. Best is trial 112 with value: 0.92.
[I 2026-03-24 15:41:36,617] Trial 280 finished with value: 0.92 and parameters: {'n_estimators': 985, 'max_depth': 31, 'learning_rate': 0.004221851668346663, 'reg_alpha': 0.03170348144084612, 'reg_lambda': 2.1383307423528168e-05, 'min_child_weight': 1}. Best is trial 112 with value: 0.92.
[I 2026-03-24 15:41:36,876] Trial 281 finished with value: 0.92 and parameters: {'n_estimators': 942, 'max_depth': 34, 'learning_rate': 0.002944209221269804, 'reg_alpha': 0.09657727674319923, 'reg_lambda': 5.157994986145792e-05, 'min_child_weight': 1}. Best is trial 112 with value: 0.92.
[I 2026-03-24 15:41:37,102] Trial 282 finished with value: 0.9154228855721394 and parameters: {'n_estimators': 965, 'max_depth': 33, 'learning_rate': 0.0037772096035189845, 'reg_alpha': 0.06624013482057393, 'reg_lambda': 6.5551052187008285e-06, 'min_child_weight': 2}. Best is trial 112 with value: 0.92.
[I 2026-03-24 15:41:37,358] Trial 283 finished with value: 0.92 and parameters: {'n_estimators': 986, 'max_depth': 30, 'learning_rate': 0.004626051510066228, 'reg_alpha': 0.044625453969314416, 'reg_lambda': 0.00015858975099635055, 'min_child_weight': 1}. Best is trial 112 with value: 0.92.
[I 2026-03-24 15:41:37,530] Trial 284 finished with value: 0.92 and parameters: {'n_estimators': 575, 'max_depth': 32, 'learning_rate': 0.004023932328588467, 'reg_alpha': 0.15322788566880524, 'reg_lambda': 7.697892550210081e-05, 'min_child_weight': 1}. Best is trial 112 with value: 0.92.
[I 2026-03-24 15:41:37,798] Trial 285 finished with value: 0.92 and parameters: {'n_estimators': 973, 'max_depth': 31, 'learning_rate': 0.0031849862839137587, 'reg_alpha': 0.02450407984526445, 'reg_lambda': 3.2836948002838545e-05, 'min_child_weight': 1}. Best is trial 112 with value: 0.92.
[I 2026-03-24 15:41:38,063] Trial 286 finished with value: 0.92 and parameters: {'n_estimators': 988, 'max_depth': 33, 'learning_rate': 0.003564170985148752, 'reg_alpha': 0.03527548594794297, 'reg_lambda': 0.000246085805718234, 'min_child_weight': 1}. Best is trial 112 with value: 0.92.
[I 2026-03-24 15:41:38,311] Trial 287 finished with value: 0.92 and parameters: {'n_estimators': 916, 'max_depth': 32, 'learning_rate': 0.004405077355401794, 'reg_alpha': 0.07318811477969006, 'reg_lambda': 4.309044076321339e-05, 'min_child_weight': 1}. Best is trial 112 with value: 0.92.
[I 2026-03-24 15:41:38,573] Trial 288 finished with value: 0.914572864321608 and parameters: {'n_estimators': 1000, 'max_depth': 35, 'learning_rate': 0.0053280711175047206, 'reg_alpha': 0.05018850032970737, 'reg_lambda': 1.282249595978259e-05, 'min_child_weight': 1}. Best is trial 112 with value: 0.92.
[I 2026-03-24 15:41:38,837] Trial 289 finished with value: 0.92 and parameters: {'n_estimators': 960, 'max_depth': 33, 'learning_rate': 0.0038862037866201006, 'reg_alpha': 0.39701500160995573, 'reg_lambda': 7.064375805593582e-05, 'min_child_weight': 1}. Best is trial 112 with value: 0.92.
[I 2026-03-24 15:41:39,079] Trial 290 finished with value: 0.92 and parameters: {'n_estimators': 885, 'max_depth': 30, 'learning_rate': 0.0035035519584845722, 'reg_alpha': 0.12922059875320316, 'reg_lambda': 2.4991293343777852e-05, 'min_child_weight': 1}. Best is trial 112 with value: 0.92.
[I 2026-03-24 15:41:39,307] Trial 291 finished with value: 0.9154228855721394 and parameters: {'n_estimators': 942, 'max_depth': 32, 'learning_rate': 0.0041503933292646915, 'reg_alpha': 0.015392613844187025, 'reg_lambda': 9.323844653008505e-05, 'min_child_weight': 2}. Best is trial 112 with value: 0.92.
