[I 2026-03-24 15:41:39,574] Trial 292 finished with value: 0.92 and parameters: {'n_estimators': 975, 'max_depth': 31, 'learning_rate': 0.004628113764669766, 'reg_alpha': 0.03249884806529099, 'reg_lambda': 5.108416072017863e-05, 'min_child_weight': 1}. Best is trial 112 with value: 0.92.
[I 2026-03-24 15:41:39,814] Trial 293 finished with value: 0.92 and parameters: {'n_estimators': 835, 'max_depth': 34, 'learning_rate': 0.003201085888033208, 'reg_alpha': 0.07909278021381021, 'reg_lambda': 3.288207408071174e-05, 'min_child_weight': 1}. Best is trial 112 with value: 0.92.
[I 2026-03-24 15:41:40,095] Trial 294 finished with value: 0.92 and parameters: {'n_estimators': 990, 'max_depth': 29, 'learning_rate': 0.0026186268849602333, 'reg_alpha': 0.05299359345673364, 'reg_lambda': 1.715853724860707e-05, 'min_child_weight': 1}. Best is trial 112 with value: 0.92.
[I 2026-03-24 15:41:40,363] Trial 295 finished with value: 0.92 and parameters: {'n_estimators': 958, 'max_depth': 31, 'learning_rate': 0.0037852012767083136, 'reg_alpha': 0.029035371467514202, 'reg_lambda': 0.00012939420114800923, 'min_child_weight': 1}. Best is trial 112 with value: 0.92.
[I 2026-03-24 15:41:40,643] Trial 296 finished with value: 0.92 and parameters: {'n_estimators': 973, 'max_depth': 33, 'learning_rate': 0.0029469623264032335, 'reg_alpha': 0.01869315083549957, 'reg_lambda': 5.538064661885339e-05, 'min_child_weight': 1}. Best is trial 112 with value: 0.92.
[I 2026-03-24 15:41:40,909] Trial 297 finished with value: 0.92 and parameters: {'n_estimators': 1000, 'max_depth': 32, 'learning_rate': 0.004984296566811292, 'reg_alpha': 0.11006666973640163, 'reg_lambda': 3.545124033468367e-05, 'min_child_weight': 1}. Best is trial 112 with value: 0.92.
[I 2026-03-24 15:41:41,191] Trial 298 finished with value: 0.92 and parameters: {'n_estimators': 983, 'max_depth': 30, 'learning_rate': 0.002296556211719623, 'reg_alpha': 0.040296975338486724, 'reg_lambda': 7.48285771528101e-05, 'min_child_weight': 1}. Best is trial 112 with value: 0.92.
[I 2026-03-24 15:41:41,452] Trial 299 finished with value: 0.92 and parameters: {'n_estimators': 949, 'max_depth': 34, 'learning_rate': 0.0034792355700900696, 'reg_alpha': 0.06077241002336616, 'reg_lambda': 2.601238230917562e-05, 'min_child_weight': 1}. Best is trial 112 with value: 0.92.
[I 2026-03-24 15:41:41,682] Trial 300 finished with value: 0.92 and parameters: {'n_estimators': 812, 'max_depth': 36, 'learning_rate': 0.004176527636704872, 'reg_alpha': 0.22436433551808224, 'reg_lambda': 0.00011304218735966524, 'min_child_weight': 1}. Best is trial 112 with value: 0.92.
[I 2026-03-24 15:41:41,906] Trial 301 finished with value: 0.9154228855721394 and parameters: {'n_estimators': 927, 'max_depth': 31, 'learning_rate': 0.003843005811210232, 'reg_alpha': 0.023888305999486163, 'reg_lambda': 4.541372871595832e-05, 'min_child_weight': 2}. Best is trial 112 with value: 0.92.
[I 2026-03-24 15:41:42,165] Trial 302 finished with value: 0.92 and parameters: {'n_estimators': 965, 'max_depth': 33, 'learning_rate': 0.004458324677472674, 'reg_alpha': 0.08191108337415665, 'reg_lambda': 1.957376404491709e-05, 'min_child_weight': 1}. Best is trial 112 with value: 0.92.
[I 2026-03-24 15:41:42,440] Trial 303 finished with value: 0.92 and parameters: {'n_estimators': 982, 'max_depth': 32, 'learning_rate': 0.003389720185591509, 'reg_alpha': 0.041854477443741614, 'reg_lambda': 6.445784339453681e-05, 'min_child_weight': 1}. Best is trial 112 with value: 0.92.
[I 2026-03-24 15:41:42,722] Trial 304 finished with value: 0.92 and parameters: {'n_estimators': 964, 'max_depth': 35, 'learning_rate': 0.003026868366694184, 'reg_alpha': 0.010320838818615324, 'reg_lambda': 0.00015976299854790444, 'min_child_weight': 1}. Best is trial 112 with value: 0.92.
[I 2026-03-24 15:41:42,988] Trial 305 finished with value: 0.92 and parameters: {'n_estimators': 989, 'max_depth': 29, 'learning_rate': 0.0040500682030063795, 'reg_alpha': 0.06057695390176596, 'reg_lambda': 3.810014580224595e-05, 'min_child_weight': 1}. Best is trial 112 with value: 0.92.
[I 2026-03-24 15:41:43,254] Trial 306 finished with value: 0.92 and parameters: {'n_estimators': 948, 'max_depth': 31, 'learning_rate': 0.003762071860773805, 'reg_alpha': 0.03139161863173669, 'reg_lambda': 9.032377903919819e-05, 'min_child_weight': 1}. Best is trial 112 with value: 0.92.
[I 2026-03-24 15:41:43,528] Trial 307 finished with value: 0.92 and parameters: {'n_estimators': 975, 'max_depth': 33, 'learning_rate': 0.004572580215429474, 'reg_alpha': 0.006434731071577583, 'reg_lambda': 2.4616926337918e-05, 'min_child_weight': 1}. Best is trial 112 with value: 0.92.
[I 2026-03-24 15:41:43,801] Trial 308 finished with value: 0.92 and parameters: {'n_estimators': 999, 'max_depth': 30, 'learning_rate': 0.0033643644021187197, 'reg_alpha': 0.10327177872065432, 'reg_lambda': 5.616411156743413e-05, 'min_child_weight': 1}. Best is trial 112 with value: 0.92.
[I 2026-03-24 15:41:44,074] Trial 309 finished with value: 0.92 and parameters: {'n_estimators': 975, 'max_depth': 28, 'learning_rate': 0.0036629461312174456, 'reg_alpha': 0.0228980194054609, 'reg_lambda': 3.3775030595681277e-05, 'min_child_weight': 1}. Best is trial 112 with value: 0.92.
[I 2026-03-24 15:41:44,315] Trial 310 finished with value: 0.9154228855721394 and parameters: {'n_estimators': 1000, 'max_depth': 32, 'learning_rate': 0.002749926801989547, 'reg_alpha': 0.04576546279789946, 'reg_lambda': 1.1560550195886322e-05, 'min_child_weight': 2}. Best is trial 112 with value: 0.92.
[I 2026-03-24 15:41:44,475] Trial 311 finished with value: 0.92 and parameters: {'n_estimators': 529, 'max_depth': 34, 'learning_rate': 0.00528388608071927, 'reg_alpha': 0.06951513295164308, 'reg_lambda': 9.801143476983563e-05, 'min_child_weight': 1}. Best is trial 112 with value: 0.92.
[I 2026-03-24 15:41:44,726] Trial 312 finished with value: 0.92 and parameters: {'n_estimators': 936, 'max_depth': 33, 'learning_rate': 0.00600563820910429, 'reg_alpha': 0.5366184113564577, 'reg_lambda': 4.5525637161704225e-05, 'min_child_weight': 1}. Best is trial 112 with value: 0.92.
[I 2026-03-24 15:41:44,981] Trial 313 finished with value: 0.92 and parameters: {'n_estimators': 959, 'max_depth': 32, 'learning_rate': 0.004112528675986892, 'reg_alpha': 0.16991147088605876, 'reg_lambda': 0.0002481079121463241, 'min_child_weight': 1}. Best is trial 112 with value: 0.92.
[I 2026-03-24 15:41:45,254] Trial 314 finished with value: 0.92 and parameters: {'n_estimators': 986, 'max_depth': 31, 'learning_rate': 0.0031301213761822967, 'reg_alpha': 0.036340311159459036, 'reg_lambda': 1.7083970094619248e-05, 'min_child_weight': 1}. Best is trial 112 with value: 0.92.
[I 2026-03-24 15:41:45,522] Trial 315 finished with value: 0.92 and parameters: {'n_estimators': 1000, 'max_depth': 30, 'learning_rate': 0.004411020501089904, 'reg_alpha': 0.015806772120267328, 'reg_lambda': 6.946268112559154e-05, 'min_child_weight': 1}. Best is trial 112 with value: 0.92.
[I 2026-03-24 15:41:45,772] Trial 316 finished with value: 0.92 and parameters: {'n_estimators': 960, 'max_depth': 32, 'learning_rate': 0.004981001754252863, 'reg_alpha': 0.05464328444685086, 'reg_lambda': 2.8569419434822578e-05, 'min_child_weight': 1}. Best is trial 112 with value: 0.92.
[I 2026-03-24 15:41:46,030] Trial 317 finished with value: 0.92 and parameters: {'n_estimators': 972, 'max_depth': 31, 'learning_rate': 0.0036120442898355375, 'reg_alpha': 0.09271699284002753, 'reg_lambda': 0.00013615018953641662, 'min_child_weight': 1}. Best is trial 112 with value: 0.92.
[I 2026-03-24 15:41:46,296] Trial 318 finished with value: 0.92 and parameters: {'n_estimators': 984, 'max_depth': 33, 'learning_rate': 0.003931928642034905, 'reg_alpha': 0.02502150547296278, 'reg_lambda': 4.988352021776553e-05, 'min_child_weight': 1}. Best is trial 112 with value: 0.92.
[I 2026-03-24 15:41:46,521] Trial 319 finished with value: 0.9154228855721394 and parameters: {'n_estimators': 946, 'max_depth': 29, 'learning_rate': 0.0018189072486326128, 'reg_alpha': 0.041157819398338735, 'reg_lambda': 3.63771123284418e-05, 'min_child_weight': 2}. Best is trial 112 with value: 0.92.
[I 2026-03-24 15:41:46,783] Trial 320 finished with value: 0.92 and parameters: {'n_estimators': 974, 'max_depth': 34, 'learning_rate': 0.0032777443949997364, 'reg_alpha': 0.06488188784495556, 'reg_lambda': 6.905355088877533e-05, 'min_child_weight': 1}. Best is trial 112 with value: 0.92.
[I 2026-03-24 15:41:47,053] Trial 321 finished with value: 0.92 and parameters: {'n_estimators': 1000, 'max_depth': 32, 'learning_rate': 0.004056318677275969, 'reg_alpha': 0.0286400666618894, 'reg_lambda': 2.409872189568077e-05, 'min_child_weight': 1}. Best is trial 112 with value: 0.92.
[I 2026-03-24 15:41:47,321] Trial 322 finished with value: 0.92 and parameters: {'n_estimators': 961, 'max_depth': 35, 'learning_rate': 0.0024471544778828075, 'reg_alpha': 0.1140918116948895, 'reg_lambda': 9.579520354173583e-05, 'min_child_weight': 1}. Best is trial 112 with value: 0.92.
[I 2026-03-24 15:41:47,589] Trial 323 finished with value: 0.92 and parameters: {'n_estimators': 983, 'max_depth': 31, 'learning_rate': 0.0046668571942091825, 'reg_alpha': 0.012494012102043798, 'reg_lambda': 4.923708540794366e-05, 'min_child_weight': 1}. Best is trial 112 with value: 0.92.
[I 2026-03-24 15:41:47,842] Trial 324 finished with value: 0.92 and parameters: {'n_estimators': 925, 'max_depth': 33, 'learning_rate': 0.003602449496699056, 'reg_alpha': 0.045550303941918155, 'reg_lambda': 1.823130058779964e-05, 'min_child_weight': 1}. Best is trial 112 with value: 0.92.
[I 2026-03-24 15:41:48,112] Trial 325 finished with value: 0.92 and parameters: {'n_estimators': 985, 'max_depth': 32, 'learning_rate': 0.0028884233519391777, 'reg_alpha': 0.07563188407433231, 'reg_lambda': 0.0001866748709206113, 'min_child_weight': 1}. Best is trial 112 with value: 0.92.
[I 2026-03-24 15:41:48,373] Trial 326 finished with value: 0.92 and parameters: {'n_estimators': 966, 'max_depth': 30, 'learning_rate': 0.0042888799455045555, 'reg_alpha': 0.021264881662870123, 'reg_lambda': 3.477785342240472e-05, 'min_child_weight': 1}. Best is trial 112 with value: 0.92.
[I 2026-03-24 15:41:48,633] Trial 327 finished with value: 0.92 and parameters: {'n_estimators': 943, 'max_depth': 31, 'learning_rate': 0.003256567414292953, 'reg_alpha': 0.031608229469381494, 'reg_lambda': 6.606790557983221e-05, 'min_child_weight': 1}. Best is trial 112 with value: 0.92.
[I 2026-03-24 15:41:48,892] Trial 328 finished with value: 0.92 and parameters: {'n_estimators': 986, 'max_depth': 33, 'learning_rate': 0.003813010152056603, 'reg_alpha': 0.0509173583413757, 'reg_lambda': 8.094834267150557e-06, 'min_child_weight': 1}. Best is trial 112 with value: 0.92.
[I 2026-03-24 15:41:49,112] Trial 329 finished with value: 0.9154228855721394 and parameters: {'n_estimators': 954, 'max_depth': 34, 'learning_rate': 0.004266259672391071, 'reg_alpha': 0.27242391973917157, 'reg_lambda': 2.6863833829244255e-05, 'min_child_weight': 2}. Best is trial 112 with value: 0.92.
[I 2026-03-24 15:41:49,365] Trial 330 finished with value: 0.92 and parameters: {'n_estimators': 972, 'max_depth': 27, 'learning_rate': 0.004850087899795282, 'reg_alpha': 0.13315838868581945, 'reg_lambda': 0.00011947024049435522, 'min_child_weight': 1}. Best is trial 112 with value: 0.92.
[I 2026-03-24 15:41:49,634] Trial 331 finished with value: 0.92 and parameters: {'n_estimators': 990, 'max_depth': 32, 'learning_rate': 0.0036219805255337, 'reg_alpha': 0.08167855403460171, 'reg_lambda': 4.394865609847926e-05, 'min_child_weight': 1}. Best is trial 112 with value: 0.92.
[I 2026-03-24 15:41:49,910] Trial 332 finished with value: 0.92 and parameters: {'n_estimators': 973, 'max_depth': 30, 'learning_rate': 0.0029875861342509276, 'reg_alpha': 0.038615201642302685, 'reg_lambda': 8.245275727758048e-05, 'min_child_weight': 1}. Best is trial 112 with value: 0.92.
[I 2026-03-24 15:41:50,139] Trial 333 finished with value: 0.914572864321608 and parameters: {'n_estimators': 851, 'max_depth': 32, 'learning_rate': 0.006914670288363339, 'reg_alpha': 0.062027255826684495, 'reg_lambda': 1.22683984021775e-05, 'min_child_weight': 1}. Best is trial 112 with value: 0.92.
[I 2026-03-24 15:41:50,394] Trial 334 finished with value: 0.92 and parameters: {'n_estimators': 906, 'max_depth': 33, 'learning_rate': 0.00396976327237427, 'reg_alpha': 0.0211612962537944, 'reg_lambda': 5.4956422662598795e-05, 'min_child_weight': 1}. Best is trial 112 with value: 0.92.
[I 2026-03-24 15:41:50,655] Trial 335 finished with value: 0.92 and parameters: {'n_estimators': 956, 'max_depth': 34, 'learning_rate': 0.0033606116949453104, 'reg_alpha': 0.039632409107041626, 'reg_lambda': 3.123430399032319e-05, 'min_child_weight': 1}. Best is trial 112 with value: 0.92.
[I 2026-03-24 15:41:50,919] Trial 336 finished with value: 0.92 and parameters: {'n_estimators': 1000, 'max_depth': 31, 'learning_rate': 0.004347168879607354, 'reg_alpha': 0.02915750707191745, 'reg_lambda': 2.0275703572781244e-05, 'min_child_weight': 1}. Best is trial 112 with value: 0.92.
[I 2026-03-24 15:41:51,183] Trial 337 finished with value: 0.92 and parameters: {'n_estimators': 937, 'max_depth': 29, 'learning_rate': 0.0026589597194165942, 'reg_alpha': 0.058414903582242064, 'reg_lambda': 0.00035885526319787153, 'min_child_weight': 1}. Best is trial 112 with value: 0.92.
[I 2026-03-24 15:41:51,441] Trial 338 finished with value: 0.92 and parameters: {'n_estimators': 975, 'max_depth': 31, 'learning_rate': 0.003670320585037802, 'reg_alpha': 0.09953189446133223, 'reg_lambda': 4.17746957314432e-05, 'min_child_weight': 1}. Best is trial 112 with value: 0.92.
[I 2026-03-24 15:41:51,700] Trial 339 finished with value: 0.92 and parameters: {'n_estimators': 987, 'max_depth': 32, 'learning_rate': 0.005359785556327143, 'reg_alpha': 0.1545449584637974, 'reg_lambda': 7.399218831780916e-05, 'min_child_weight': 1}. Best is trial 112 with value: 0.92.
[I 2026-03-24 15:41:51,959] Trial 340 finished with value: 0.92 and parameters: {'n_estimators': 958, 'max_depth': 35, 'learning_rate': 0.004718031518111725, 'reg_alpha': 0.01559906340918184, 'reg_lambda': 0.00012965163084125206, 'min_child_weight': 1}. Best is trial 112 with value: 0.92.
[I 2026-03-24 15:41:52,186] Trial 341 finished with value: 0.9154228855721394 and parameters: {'n_estimators': 972, 'max_depth': 30, 'learning_rate': 0.0040627655369152565, 'reg_alpha': 0.04548089100900614, 'reg_lambda': 5.5470713165222165e-05, 'min_child_weight': 2}. Best is trial 112 with value: 0.92.
[I 2026-03-24 15:41:52,450] Trial 342 finished with value: 0.92 and parameters: {'n_estimators': 988, 'max_depth': 33, 'learning_rate': 0.0034553672529529025, 'reg_alpha': 0.08331332944154599, 'reg_lambda': 2.8988420691979612e-05, 'min_child_weight': 1}. Best is trial 112 with value: 0.92.
[I 2026-03-24 15:41:52,716] Trial 343 finished with value: 0.92 and parameters: {'n_estimators': 940, 'max_depth': 32, 'learning_rate': 0.0032605914369715967, 'reg_alpha': 0.027844337044337183, 'reg_lambda': 1.4484258851934406e-05, 'min_child_weight': 1}. Best is trial 112 with value: 0.92.
[I 2026-03-24 15:41:52,973] Trial 344 finished with value: 0.92 and parameters: {'n_estimators': 965, 'max_depth': 34, 'learning_rate': 0.00392278020843323, 'reg_alpha': 0.05361344299811214, 'reg_lambda': 9.319946667089766e-05, 'min_child_weight': 1}. Best is trial 112 with value: 0.92.
[I 2026-03-24 15:41:53,253] Trial 345 finished with value: 0.92 and parameters: {'n_estimators': 999, 'max_depth': 28, 'learning_rate': 0.0030394683682178555, 'reg_alpha': 0.01899226477341779, 'reg_lambda': 3.8259604747062995e-05, 'min_child_weight': 1}. Best is trial 112 with value: 0.92.
[I 2026-03-24 15:41:53,519] Trial 346 finished with value: 0.92 and parameters: {'n_estimators': 1000, 'max_depth': 36, 'learning_rate': 0.004372466843843589, 'reg_alpha': 0.03374440249108398, 'reg_lambda': 0.00018170626102349387, 'min_child_weight': 1}. Best is trial 112 with value: 0.92.
[I 2026-03-24 15:41:53,779] Trial 347 finished with value: 0.92 and parameters: {'n_estimators': 978, 'max_depth': 31, 'learning_rate': 0.0037482107333332106, 'reg_alpha': 0.06444560333776683, 'reg_lambda': 5.83708678412699e-05, 'min_child_weight': 1}. Best is trial 112 with value: 0.92.
[I 2026-03-24 15:41:53,983] Trial 348 finished with value: 0.92 and parameters: {'n_estimators': 747, 'max_depth': 33, 'learning_rate': 0.004944873224847536, 'reg_alpha': 0.10258380343714535, 'reg_lambda': 2.005155956005695e-05, 'min_child_weight': 1}. Best is trial 112 with value: 0.92.
[I 2026-03-24 15:41:54,253] Trial 349 finished with value: 0.92 and parameters: {'n_estimators': 950, 'max_depth': 29, 'learning_rate': 0.003489006176981861, 'reg_alpha': 0.0038754121220369287, 'reg_lambda': 4.291593154155818e-05, 'min_child_weight': 1}. Best is trial 112 with value: 0.92.
[I 2026-03-24 15:41:54,528] Trial 350 finished with value: 0.9154228855721394 and parameters: {'n_estimators': 982, 'max_depth': 32, 'learning_rate': 0.001412757406908021, 'reg_alpha': 0.7144534435189681, 'reg_lambda': 8.071970592224344e-05, 'min_child_weight': 1}. Best is trial 112 with value: 0.92.
[I 2026-03-24 15:41:54,759] Trial 351 finished with value: 0.9154228855721394 and parameters: {'n_estimators': 972, 'max_depth': 30, 'learning_rate': 0.004443201990301674, 'reg_alpha': 0.03917384129712079, 'reg_lambda': 2.687527962899018e-05, 'min_child_weight': 2}. Best is trial 112 with value: 0.92.
[I 2026-03-24 15:41:55,012] Trial 352 finished with value: 0.92 and parameters: {'n_estimators': 921, 'max_depth': 33, 'learning_rate': 0.004023545213282736, 'reg_alpha': 0.02216272694840292, 'reg_lambda': 0.00011543124869143036, 'min_child_weight': 1}. Best is trial 112 with value: 0.92.
[I 2026-03-24 15:41:55,279] Trial 353 finished with value: 0.92 and parameters: {'n_estimators': 960, 'max_depth': 31, 'learning_rate': 0.002862044620207319, 'reg_alpha': 0.050013131574117985, 'reg_lambda': 5.4587219740940204e-05, 'min_child_weight': 1}. Best is trial 112 with value: 0.92.
[I 2026-03-24 15:41:55,556] Trial 354 finished with value: 0.92 and parameters: {'n_estimators': 986, 'max_depth': 34, 'learning_rate': 0.0023589626524995557, 'reg_alpha': 0.17748981685530382, 'reg_lambda': 3.141848448849885e-05, 'min_child_weight': 1}. Best is trial 112 with value: 0.92.
[I 2026-03-24 15:41:55,784] Trial 355 finished with value: 0.92 and parameters: {'n_estimators': 775, 'max_depth': 32, 'learning_rate': 0.003265665760287479, 'reg_alpha': 0.008304418137743567, 'reg_lambda': 7.246856873403186e-05, 'min_child_weight': 1}. Best is trial 112 with value: 0.92.
[I 2026-03-24 15:41:56,018] Trial 356 finished with value: 0.9154228855721394 and parameters: {'n_estimators': 1000, 'max_depth': 31, 'learning_rate': 0.003701515987926276, 'reg_alpha': 0.06999807090914296, 'reg_lambda': 2.084225096774209e-05, 'min_child_weight': 2}. Best is trial 112 with value: 0.92.
[I 2026-03-24 15:41:56,274] Trial 357 finished with value: 0.92 and parameters: {'n_estimators': 950, 'max_depth': 33, 'learning_rate': 0.004249853986962798, 'reg_alpha': 0.030780658132615917, 'reg_lambda': 4.124046063058921e-05, 'min_child_weight': 1}. Best is trial 112 with value: 0.92.
[I 2026-03-24 15:41:56,540] Trial 358 finished with value: 0.92 and parameters: {'n_estimators': 968, 'max_depth': 30, 'learning_rate': 0.004607365538163014, 'reg_alpha': 0.011499593838035721, 'reg_lambda': 0.00010306266798395813, 'min_child_weight': 1}. Best is trial 112 with value: 0.92.
[I 2026-03-24 15:41:56,802] Trial 359 finished with value: 0.92 and parameters: {'n_estimators': 987, 'max_depth': 32, 'learning_rate': 0.0038263581606659434, 'reg_alpha': 0.121827651026587, 'reg_lambda': 1.458805752153767e-05, 'min_child_weight': 1}. Best is trial 112 with value: 0.92.
[I 2026-03-24 15:41:57,065] Trial 360 finished with value: 0.92 and parameters: {'n_estimators': 929, 'max_depth': 34, 'learning_rate': 0.002630586305796372, 'reg_alpha': 0.04700652935391695, 'reg_lambda': 0.0002888223646126265, 'min_child_weight': 1}. Best is trial 112 with value: 0.92.
[I 2026-03-24 15:41:57,331] Trial 361 finished with value: 0.92 and parameters: {'n_estimators': 977, 'max_depth': 31, 'learning_rate': 0.0031019557543453505, 'reg_alpha': 0.08018970417862227, 'reg_lambda': 5.212618343299557e-05, 'min_child_weight': 1}. Best is trial 112 with value: 0.92.
[I 2026-03-24 15:41:57,589] Trial 362 finished with value: 0.914572864321608 and parameters: {'n_estimators': 961, 'max_depth': 35, 'learning_rate': 0.005132967241773659, 'reg_alpha': 0.02799682322747172, 'reg_lambda': 0.00017734206261567391, 'min_child_weight': 1}. Best is trial 112 with value: 0.92.
[I 2026-03-24 15:41:57,795] Trial 363 finished with value: 0.92 and parameters: {'n_estimators': 699, 'max_depth': 33, 'learning_rate': 0.003499875339225146, 'reg_alpha': 0.03895021686523189, 'reg_lambda': 3.488415234982865e-05, 'min_child_weight': 1}. Best is trial 112 with value: 0.92.
[I 2026-03-24 15:41:58,054] Trial 364 finished with value: 0.92 and parameters: {'n_estimators': 986, 'max_depth': 29, 'learning_rate': 0.004109153160987399, 'reg_alpha': 0.06145909208045372, 'reg_lambda': 6.702025790809768e-05, 'min_child_weight': 1}. Best is trial 112 with value: 0.92.
[I 2026-03-24 15:41:58,317] Trial 365 finished with value: 0.92 and parameters: {'n_estimators': 946, 'max_depth': 32, 'learning_rate': 0.0035491537716296592, 'reg_alpha': 0.020212000546018218, 'reg_lambda': 2.448401031055856e-05, 'min_child_weight': 1}. Best is trial 112 with value: 0.92.
[I 2026-03-24 15:41:58,576] Trial 366 finished with value: 0.914572864321608 and parameters: {'n_estimators': 1000, 'max_depth': 30, 'learning_rate': 0.005763222958052394, 'reg_alpha': 0.10463465820759017, 'reg_lambda': 0.00013715491178737968, 'min_child_weight': 1}. Best is trial 112 with value: 0.92.
