[I 2026-03-24 15:41:00,668] Trial 142 finished with value: 0.92 and parameters: {'n_estimators': 972, 'max_depth': 32, 'learning_rate': 0.004428091916598782, 'reg_alpha': 0.11800529742334534, 'reg_lambda': 1.6914196558101038e-05, 'min_child_weight': 1}. Best is trial 112 with value: 0.92.
[I 2026-03-24 15:41:00,923] Trial 143 finished with value: 0.92 and parameters: {'n_estimators': 934, 'max_depth': 33, 'learning_rate': 0.003025423377684677, 'reg_alpha': 0.06705400351699506, 'reg_lambda': 8.756052651175777e-05, 'min_child_weight': 1}. Best is trial 112 with value: 0.92.
[I 2026-03-24 15:41:01,180] Trial 144 finished with value: 0.92 and parameters: {'n_estimators': 952, 'max_depth': 31, 'learning_rate': 0.0038005546375866283, 'reg_alpha': 0.03137586686795087, 'reg_lambda': 1.3750746843365641e-05, 'min_child_weight': 1}. Best is trial 112 with value: 0.92.
[I 2026-03-24 15:41:01,441] Trial 145 finished with value: 0.92 and parameters: {'n_estimators': 985, 'max_depth': 29, 'learning_rate': 0.004799458262002764, 'reg_alpha': 0.019221268465202196, 'reg_lambda': 0.00023201623530631145, 'min_child_weight': 1}. Best is trial 112 with value: 0.92.
[I 2026-03-24 15:41:01,715] Trial 146 finished with value: 0.92 and parameters: {'n_estimators': 997, 'max_depth': 31, 'learning_rate': 0.003480886038452188, 'reg_alpha': 0.18935160021734593, 'reg_lambda': 5.4800061404466985e-05, 'min_child_weight': 1}. Best is trial 112 with value: 0.92.
[I 2026-03-24 15:41:01,976] Trial 147 finished with value: 0.92 and parameters: {'n_estimators': 911, 'max_depth': 35, 'learning_rate': 0.004154559511769535, 'reg_alpha': 0.008907695754211846, 'reg_lambda': 8.456019789104193e-06, 'min_child_weight': 1}. Best is trial 112 with value: 0.92.
[I 2026-03-24 15:41:02,208] Trial 148 finished with value: 0.9154228855721394 and parameters: {'n_estimators': 965, 'max_depth': 30, 'learning_rate': 0.005934307063946679, 'reg_alpha': 0.07727021920984616, 'reg_lambda': 2.8241963135326087e-05, 'min_child_weight': 2}. Best is trial 112 with value: 0.92.
[I 2026-03-24 15:41:02,480] Trial 149 finished with value: 0.92 and parameters: {'n_estimators': 938, 'max_depth': 33, 'learning_rate': 0.0028259239888566295, 'reg_alpha': 0.04477817346710438, 'reg_lambda': 0.0001263933331150701, 'min_child_weight': 1}. Best is trial 112 with value: 0.92.
[I 2026-03-24 15:41:02,718] Trial 150 finished with value: 0.9154228855721394 and parameters: {'n_estimators': 978, 'max_depth': 32, 'learning_rate': 0.0053604251285687575, 'reg_alpha': 0.025922818631529655, 'reg_lambda': 4.0534188804057283e-05, 'min_child_weight': 2}. Best is trial 112 with value: 0.92.
[I 2026-03-24 15:41:02,992] Trial 151 finished with value: 0.92 and parameters: {'n_estimators': 970, 'max_depth': 33, 'learning_rate': 0.0033983888871260033, 'reg_alpha': 0.02957423692930922, 'reg_lambda': 3.2083851529468395e-05, 'min_child_weight': 1}. Best is trial 112 with value: 0.92.
[I 2026-03-24 15:41:03,266] Trial 152 finished with value: 0.92 and parameters: {'n_estimators': 1000, 'max_depth': 34, 'learning_rate': 0.0035636382969418843, 'reg_alpha': 0.12105332958871792, 'reg_lambda': 7.787903554444727e-05, 'min_child_weight': 1}. Best is trial 112 with value: 0.92.
[I 2026-03-24 15:41:03,535] Trial 153 finished with value: 0.92 and parameters: {'n_estimators': 959, 'max_depth': 31, 'learning_rate': 0.004022039081853392, 'reg_alpha': 0.015061178539563812, 'reg_lambda': 2.1439020994009034e-05, 'min_child_weight': 1}. Best is trial 112 with value: 0.92.
[I 2026-03-24 15:41:03,798] Trial 154 finished with value: 0.92 and parameters: {'n_estimators': 982, 'max_depth': 35, 'learning_rate': 0.004427292450474058, 'reg_alpha': 0.25606785131522564, 'reg_lambda': 5.2156789368855776e-05, 'min_child_weight': 1}. Best is trial 112 with value: 0.92.
[I 2026-03-24 15:41:04,047] Trial 155 finished with value: 0.92 and parameters: {'n_estimators': 944, 'max_depth': 32, 'learning_rate': 0.003634256473708594, 'reg_alpha': 0.06499290435638515, 'reg_lambda': 3.437989060741038e-05, 'min_child_weight': 1}. Best is trial 112 with value: 0.92.
[I 2026-03-24 15:41:04,315] Trial 156 finished with value: 0.92 and parameters: {'n_estimators': 970, 'max_depth': 36, 'learning_rate': 0.0032959836652073434, 'reg_alpha': 0.04069729164038149, 'reg_lambda': 0.00019822666040566857, 'min_child_weight': 1}. Best is trial 112 with value: 0.92.
[I 2026-03-24 15:41:04,576] Trial 157 finished with value: 0.92 and parameters: {'n_estimators': 921, 'max_depth': 33, 'learning_rate': 0.0024359326707254045, 'reg_alpha': 0.09687431614342513, 'reg_lambda': 7.769455418965836e-05, 'min_child_weight': 1}. Best is trial 112 with value: 0.92.
[I 2026-03-24 15:41:04,810] Trial 158 finished with value: 0.9154228855721394 and parameters: {'n_estimators': 986, 'max_depth': 31, 'learning_rate': 0.004746235388534253, 'reg_alpha': 0.023045335607836656, 'reg_lambda': 2.525273528028537e-05, 'min_child_weight': 2}. Best is trial 112 with value: 0.92.
[I 2026-03-24 15:41:05,075] Trial 159 finished with value: 0.92 and parameters: {'n_estimators': 954, 'max_depth': 33, 'learning_rate': 0.0029726711439603203, 'reg_alpha': 0.059247818830513804, 'reg_lambda': 1.4953303639357617e-05, 'min_child_weight': 1}. Best is trial 112 with value: 0.92.
[I 2026-03-24 15:41:05,313] Trial 160 finished with value: 0.9154228855721394 and parameters: {'n_estimators': 998, 'max_depth': 29, 'learning_rate': 0.003947572115473123, 'reg_alpha': 0.14773194971625772, 'reg_lambda': 1.0137044096642932e-05, 'min_child_weight': 2}. Best is trial 112 with value: 0.92.
[I 2026-03-24 15:41:05,572] Trial 161 finished with value: 0.92 and parameters: {'n_estimators': 982, 'max_depth': 30, 'learning_rate': 0.004897119256003902, 'reg_alpha': 0.05590678291685513, 'reg_lambda': 4.243654271343799e-05, 'min_child_weight': 1}. Best is trial 112 with value: 0.92.
[I 2026-03-24 15:41:05,835] Trial 162 finished with value: 0.92 and parameters: {'n_estimators': 975, 'max_depth': 32, 'learning_rate': 0.004465744907375059, 'reg_alpha': 0.04231522690025473, 'reg_lambda': 5.456067170010136e-05, 'min_child_weight': 1}. Best is trial 112 with value: 0.92.
[I 2026-03-24 15:41:06,085] Trial 163 finished with value: 0.92 and parameters: {'n_estimators': 961, 'max_depth': 34, 'learning_rate': 0.003703657551474593, 'reg_alpha': 0.08094003760261105, 'reg_lambda': 0.0001066287622604441, 'min_child_weight': 1}. Best is trial 112 with value: 0.92.
[I 2026-03-24 15:41:06,352] Trial 164 finished with value: 0.92 and parameters: {'n_estimators': 986, 'max_depth': 30, 'learning_rate': 0.004180336563822127, 'reg_alpha': 0.03238379199265423, 'reg_lambda': 5.8858081421565716e-05, 'min_child_weight': 1}. Best is trial 112 with value: 0.92.
[I 2026-03-24 15:41:06,620] Trial 165 finished with value: 0.92 and parameters: {'n_estimators': 934, 'max_depth': 31, 'learning_rate': 0.003362132089618529, 'reg_alpha': 0.016066295991982844, 'reg_lambda': 2.3451058023421655e-05, 'min_child_weight': 1}. Best is trial 112 with value: 0.92.
[I 2026-03-24 15:41:06,893] Trial 166 finished with value: 0.92 and parameters: {'n_estimators': 969, 'max_depth': 28, 'learning_rate': 0.0027106553888743387, 'reg_alpha': 0.05416395076145293, 'reg_lambda': 0.00014918341292877724, 'min_child_weight': 1}. Best is trial 112 with value: 0.92.
[I 2026-03-24 15:41:07,150] Trial 167 finished with value: 0.914572864321608 and parameters: {'n_estimators': 948, 'max_depth': 33, 'learning_rate': 0.005104771569187358, 'reg_alpha': 0.02646599967652558, 'reg_lambda': 3.930916728887506e-05, 'min_child_weight': 1}. Best is trial 112 with value: 0.92.
[I 2026-03-24 15:41:07,422] Trial 168 finished with value: 0.92 and parameters: {'n_estimators': 998, 'max_depth': 36, 'learning_rate': 0.0031572644931617566, 'reg_alpha': 0.11014104759425736, 'reg_lambda': 7.445901830807375e-05, 'min_child_weight': 1}. Best is trial 112 with value: 0.92.
[I 2026-03-24 15:41:07,656] Trial 169 finished with value: 0.9154228855721394 and parameters: {'n_estimators': 979, 'max_depth': 31, 'learning_rate': 0.004575757079408449, 'reg_alpha': 0.010643266174700275, 'reg_lambda': 6.071940650812035e-06, 'min_child_weight': 2}. Best is trial 112 with value: 0.92.
[I 2026-03-24 15:41:07,917] Trial 170 finished with value: 0.92 and parameters: {'n_estimators': 958, 'max_depth': 32, 'learning_rate': 0.003817002802365116, 'reg_alpha': 0.039363105161216765, 'reg_lambda': 1.7937692117892442e-05, 'min_child_weight': 1}. Best is trial 112 with value: 0.92.
[I 2026-03-24 15:41:08,181] Trial 171 finished with value: 0.92 and parameters: {'n_estimators': 966, 'max_depth': 30, 'learning_rate': 0.004223920408795896, 'reg_alpha': 0.024510861025646195, 'reg_lambda': 9.416257533752244e-05, 'min_child_weight': 1}. Best is trial 112 with value: 0.92.
[I 2026-03-24 15:41:08,443] Trial 172 finished with value: 0.92 and parameters: {'n_estimators': 986, 'max_depth': 31, 'learning_rate': 0.004186278567589784, 'reg_alpha': 0.07328391846894221, 'reg_lambda': 5.224848892829326e-05, 'min_child_weight': 1}. Best is trial 112 with value: 0.92.
[I 2026-03-24 15:41:08,716] Trial 173 finished with value: 0.92 and parameters: {'n_estimators': 999, 'max_depth': 33, 'learning_rate': 0.0035549904556713514, 'reg_alpha': 0.032369764065464636, 'reg_lambda': 2.9618390019145388e-05, 'min_child_weight': 1}. Best is trial 112 with value: 0.92.
[I 2026-03-24 15:41:08,971] Trial 174 finished with value: 0.92 and parameters: {'n_estimators': 953, 'max_depth': 34, 'learning_rate': 0.004706046699463105, 'reg_alpha': 0.05279898207808788, 'reg_lambda': 0.00011269939407760448, 'min_child_weight': 1}. Best is trial 112 with value: 0.92.
[I 2026-03-24 15:41:09,216] Trial 175 finished with value: 0.914572864321608 and parameters: {'n_estimators': 899, 'max_depth': 32, 'learning_rate': 0.005699273959530828, 'reg_alpha': 0.018358256231709457, 'reg_lambda': 7.93985204790625e-05, 'min_child_weight': 1}. Best is trial 112 with value: 0.92.
[I 2026-03-24 15:41:09,458] Trial 176 finished with value: 0.92 and parameters: {'n_estimators': 926, 'max_depth': 29, 'learning_rate': 0.003969762635684317, 'reg_alpha': 0.08723018245785004, 'reg_lambda': 3.7920429494606136e-05, 'min_child_weight': 1}. Best is trial 112 with value: 0.92.
[I 2026-03-24 15:41:09,726] Trial 177 finished with value: 0.92 and parameters: {'n_estimators': 973, 'max_depth': 30, 'learning_rate': 0.002943226537955278, 'reg_alpha': 0.17626321812245607, 'reg_lambda': 2.1919949939773088e-05, 'min_child_weight': 1}. Best is trial 112 with value: 0.92.
[I 2026-03-24 15:41:09,953] Trial 178 finished with value: 0.9154228855721394 and parameters: {'n_estimators': 942, 'max_depth': 32, 'learning_rate': 0.00345762299632448, 'reg_alpha': 0.028182848398310836, 'reg_lambda': 0.0003554671298916443, 'min_child_weight': 2}. Best is trial 112 with value: 0.92.
[I 2026-03-24 15:41:10,218] Trial 179 finished with value: 0.914572864321608 and parameters: {'n_estimators': 1000, 'max_depth': 35, 'learning_rate': 0.005035527427067089, 'reg_alpha': 0.04737654721601916, 'reg_lambda': 5.3292794586319346e-05, 'min_child_weight': 1}. Best is trial 112 with value: 0.92.
[I 2026-03-24 15:41:10,479] Trial 180 finished with value: 0.92 and parameters: {'n_estimators': 983, 'max_depth': 34, 'learning_rate': 0.004313326939857911, 'reg_alpha': 0.06990603535658149, 'reg_lambda': 0.00017282162542083776, 'min_child_weight': 1}. Best is trial 112 with value: 0.92.
[I 2026-03-24 15:41:10,750] Trial 181 finished with value: 0.92 and parameters: {'n_estimators': 985, 'max_depth': 32, 'learning_rate': 0.0037277119828940464, 'reg_alpha': 0.03273743720580827, 'reg_lambda': 3.621768895094639e-05, 'min_child_weight': 1}. Best is trial 112 with value: 0.92.
[I 2026-03-24 15:41:11,014] Trial 182 finished with value: 0.92 and parameters: {'n_estimators': 963, 'max_depth': 31, 'learning_rate': 0.003869490018664224, 'reg_alpha': 0.039404166674602406, 'reg_lambda': 4.423645820610883e-05, 'min_child_weight': 1}. Best is trial 112 with value: 0.92.
[I 2026-03-24 15:41:11,283] Trial 183 finished with value: 0.92 and parameters: {'n_estimators': 985, 'max_depth': 33, 'learning_rate': 0.003122601751606335, 'reg_alpha': 0.12887057609602456, 'reg_lambda': 7.245842054180285e-05, 'min_child_weight': 1}. Best is trial 112 with value: 0.92.
[I 2026-03-24 15:41:11,556] Trial 184 finished with value: 0.92 and parameters: {'n_estimators': 964, 'max_depth': 32, 'learning_rate': 0.0036028753094870256, 'reg_alpha': 0.01422946886237917, 'reg_lambda': 2.6950813388168185e-05, 'min_child_weight': 1}. Best is trial 112 with value: 0.92.
[I 2026-03-24 15:41:11,823] Trial 185 finished with value: 0.92 and parameters: {'n_estimators': 1000, 'max_depth': 30, 'learning_rate': 0.004224065853329966, 'reg_alpha': 0.057617103191730544, 'reg_lambda': 1.5155158367961324e-05, 'min_child_weight': 1}. Best is trial 112 with value: 0.92.
[I 2026-03-24 15:41:12,096] Trial 186 finished with value: 0.92 and parameters: {'n_estimators': 979, 'max_depth': 31, 'learning_rate': 0.003330322956403148, 'reg_alpha': 0.023369620746011285, 'reg_lambda': 9.55311947784881e-05, 'min_child_weight': 1}. Best is trial 112 with value: 0.92.
[I 2026-03-24 15:41:12,349] Trial 187 finished with value: 0.92 and parameters: {'n_estimators': 950, 'max_depth': 33, 'learning_rate': 0.00462097884384183, 'reg_alpha': 0.10845745167928865, 'reg_lambda': 4.977294946801981e-05, 'min_child_weight': 1}. Best is trial 112 with value: 0.92.
[I 2026-03-24 15:41:12,619] Trial 188 finished with value: 0.92 and parameters: {'n_estimators': 986, 'max_depth': 33, 'learning_rate': 0.0038951354191932765, 'reg_alpha': 0.04012393396433263, 'reg_lambda': 3.084853623644733e-05, 'min_child_weight': 1}. Best is trial 112 with value: 0.92.
[I 2026-03-24 15:41:12,839] Trial 189 finished with value: 0.9154228855721394 and parameters: {'n_estimators': 957, 'max_depth': 28, 'learning_rate': 0.005367413915674339, 'reg_alpha': 0.0819860373556718, 'reg_lambda': 6.50928864666572e-05, 'min_child_weight': 2}. Best is trial 112 with value: 0.92.
[I 2026-03-24 15:41:13,117] Trial 190 finished with value: 0.92 and parameters: {'n_estimators': 971, 'max_depth': 31, 'learning_rate': 0.002781384882911793, 'reg_alpha': 0.021476812366199343, 'reg_lambda': 0.00013081850598092984, 'min_child_weight': 1}. Best is trial 112 with value: 0.92.
[I 2026-03-24 15:41:13,389] Trial 191 finished with value: 0.92 and parameters: {'n_estimators': 998, 'max_depth': 32, 'learning_rate': 0.0035916842601517243, 'reg_alpha': 0.044438286614943166, 'reg_lambda': 4.05843179256074e-05, 'min_child_weight': 1}. Best is trial 112 with value: 0.92.
[I 2026-03-24 15:41:13,662] Trial 192 finished with value: 0.92 and parameters: {'n_estimators': 1000, 'max_depth': 34, 'learning_rate': 0.003742431442798264, 'reg_alpha': 0.03216089348999638, 'reg_lambda': 9.460822099910812e-05, 'min_child_weight': 1}. Best is trial 112 with value: 0.92.
[I 2026-03-24 15:41:13,922] Trial 193 finished with value: 0.92 and parameters: {'n_estimators': 974, 'max_depth': 32, 'learning_rate': 0.004104879879408536, 'reg_alpha': 0.06265946623638197, 'reg_lambda': 2.091720330175652e-05, 'min_child_weight': 1}. Best is trial 112 with value: 0.92.
[I 2026-03-24 15:41:14,194] Trial 194 finished with value: 0.92 and parameters: {'n_estimators': 986, 'max_depth': 33, 'learning_rate': 0.0033360424647002535, 'reg_alpha': 0.03527992055910795, 'reg_lambda': 0.00013377587361198604, 'min_child_weight': 1}. Best is trial 112 with value: 0.92.
[I 2026-03-24 15:41:14,448] Trial 195 finished with value: 0.92 and parameters: {'n_estimators': 944, 'max_depth': 31, 'learning_rate': 0.004682945147428148, 'reg_alpha': 0.05427765946691184, 'reg_lambda': 0.00022950996910462673, 'min_child_weight': 1}. Best is trial 112 with value: 0.92.
[I 2026-03-24 15:41:14,715] Trial 196 finished with value: 0.92 and parameters: {'n_estimators': 968, 'max_depth': 32, 'learning_rate': 0.0031781413012566006, 'reg_alpha': 0.09043386576546615, 'reg_lambda': 5.312428453550636e-05, 'min_child_weight': 1}. Best is trial 112 with value: 0.92.
[I 2026-03-24 15:41:14,991] Trial 197 finished with value: 0.92 and parameters: {'n_estimators': 985, 'max_depth': 30, 'learning_rate': 0.003606525444556154, 'reg_alpha': 0.015420817314113218, 'reg_lambda': 3.1581206209210875e-05, 'min_child_weight': 1}. Best is trial 112 with value: 0.92.
[I 2026-03-24 15:41:15,248] Trial 198 finished with value: 0.92 and parameters: {'n_estimators': 933, 'max_depth': 35, 'learning_rate': 0.004260788239852527, 'reg_alpha': 0.027910402370938652, 'reg_lambda': 1.2741688557226277e-05, 'min_child_weight': 1}. Best is trial 112 with value: 0.92.
[I 2026-03-24 15:41:15,467] Trial 199 finished with value: 0.9154228855721394 and parameters: {'n_estimators': 961, 'max_depth': 34, 'learning_rate': 0.0038863264014142684, 'reg_alpha': 0.007309571206992354, 'reg_lambda': 6.910631392630883e-05, 'min_child_weight': 2}. Best is trial 112 with value: 0.92.
[I 2026-03-24 15:41:15,717] Trial 200 finished with value: 0.914572864321608 and parameters: {'n_estimators': 987, 'max_depth': 30, 'learning_rate': 0.0061854420122344315, 'reg_alpha': 0.04078166647275415, 'reg_lambda': 4.122604934890016e-05, 'min_child_weight': 1}. Best is trial 112 with value: 0.92.
[I 2026-03-24 15:41:15,978] Trial 201 finished with value: 0.92 and parameters: {'n_estimators': 971, 'max_depth': 31, 'learning_rate': 0.0030724944004058966, 'reg_alpha': 0.08647337536043846, 'reg_lambda': 6.172091193333784e-05, 'min_child_weight': 1}. Best is trial 112 with value: 0.92.
[I 2026-03-24 15:41:16,240] Trial 202 finished with value: 0.92 and parameters: {'n_estimators': 972, 'max_depth': 32, 'learning_rate': 0.0032799836679531075, 'reg_alpha': 0.13032609510547097, 'reg_lambda': 9.888158131693871e-05, 'min_child_weight': 1}. Best is trial 112 with value: 0.92.
[I 2026-03-24 15:41:16,514] Trial 203 finished with value: 0.92 and parameters: {'n_estimators': 1000, 'max_depth': 32, 'learning_rate': 0.003617433037502499, 'reg_alpha': 0.3701532186672926, 'reg_lambda': 2.3642109544349054e-05, 'min_child_weight': 1}. Best is trial 112 with value: 0.92.
[I 2026-03-24 15:41:16,765] Trial 204 finished with value: 0.92 and parameters: {'n_estimators': 953, 'max_depth': 29, 'learning_rate': 0.004477609818626368, 'reg_alpha': 0.06241121783632741, 'reg_lambda': 5.494177163647357e-05, 'min_child_weight': 1}. Best is trial 112 with value: 0.92.
[I 2026-03-24 15:41:17,031] Trial 205 finished with value: 0.92 and parameters: {'n_estimators': 986, 'max_depth': 33, 'learning_rate': 0.002930992135868526, 'reg_alpha': 0.09596455109882125, 'reg_lambda': 3.334549954289535e-05, 'min_child_weight': 1}. Best is trial 112 with value: 0.92.
[I 2026-03-24 15:41:17,286] Trial 206 finished with value: 0.92 and parameters: {'n_estimators': 969, 'max_depth': 31, 'learning_rate': 0.004009114987966185, 'reg_alpha': 0.1843523998130226, 'reg_lambda': 0.00013879695136223246, 'min_child_weight': 1}. Best is trial 112 with value: 0.92.
[I 2026-03-24 15:41:17,548] Trial 207 finished with value: 0.92 and parameters: {'n_estimators': 949, 'max_depth': 34, 'learning_rate': 0.003389918921995859, 'reg_alpha': 0.05330269196095213, 'reg_lambda': 7.703253647394515e-05, 'min_child_weight': 1}. Best is trial 112 with value: 0.92.
[I 2026-03-24 15:41:17,809] Trial 208 finished with value: 0.914572864321608 and parameters: {'n_estimators': 999, 'max_depth': 32, 'learning_rate': 0.00490707637680664, 'reg_alpha': 0.021400588774121446, 'reg_lambda': 1.7117083660097278e-05, 'min_child_weight': 1}. Best is trial 112 with value: 0.92.
[I 2026-03-24 15:41:18,066] Trial 209 finished with value: 0.92 and parameters: {'n_estimators': 976, 'max_depth': 33, 'learning_rate': 0.004223704599744208, 'reg_alpha': 0.03380624264210601, 'reg_lambda': 4.4890877045895983e-05, 'min_child_weight': 1}. Best is trial 112 with value: 0.92.
[I 2026-03-24 15:41:18,322] Trial 210 finished with value: 0.92 and parameters: {'n_estimators': 925, 'max_depth': 31, 'learning_rate': 0.00258407773970618, 'reg_alpha': 0.06925358519358844, 'reg_lambda': 2.666504709254214e-05, 'min_child_weight': 1}. Best is trial 112 with value: 0.92.
[I 2026-03-24 15:41:18,591] Trial 211 finished with value: 0.92 and parameters: {'n_estimators': 985, 'max_depth': 33, 'learning_rate': 0.002891636534119245, 'reg_alpha': 0.044935492821916, 'reg_lambda': 2.1207990113199255e-05, 'min_child_weight': 1}. Best is trial 112 with value: 0.92.
[I 2026-03-24 15:41:18,851] Trial 212 finished with value: 0.92 and parameters: {'n_estimators': 984, 'max_depth': 33, 'learning_rate': 0.0037613429944302734, 'reg_alpha': 0.049696519789629856, 'reg_lambda': 3.6146625618497656e-05, 'min_child_weight': 1}. Best is trial 112 with value: 0.92.
[I 2026-03-24 15:41:19,117] Trial 213 finished with value: 0.92 and parameters: {'n_estimators': 962, 'max_depth': 32, 'learning_rate': 0.0034403928676070565, 'reg_alpha': 0.03028020189741834, 'reg_lambda': 5.868290331694559e-05, 'min_child_weight': 1}. Best is trial 112 with value: 0.92.
[I 2026-03-24 15:41:19,391] Trial 214 finished with value: 0.92 and parameters: {'n_estimators': 1000, 'max_depth': 30, 'learning_rate': 0.003045308642979272, 'reg_alpha': 0.10841583848193678, 'reg_lambda': 2.7634264308196017e-05, 'min_child_weight': 1}. Best is trial 112 with value: 0.92.
[I 2026-03-24 15:41:19,652] Trial 215 finished with value: 0.92 and parameters: {'n_estimators': 973, 'max_depth': 31, 'learning_rate': 0.003996716942657674, 'reg_alpha': 0.06674186107630559, 'reg_lambda': 0.0001022899853020284, 'min_child_weight': 1}. Best is trial 112 with value: 0.92.
[I 2026-03-24 15:41:19,918] Trial 216 finished with value: 0.92 and parameters: {'n_estimators': 986, 'max_depth': 34, 'learning_rate': 0.004338042011325009, 'reg_alpha': 0.03919483339657164, 'reg_lambda': 4.517095857693361e-05, 'min_child_weight': 1}. Best is trial 112 with value: 0.92.
