[I 2026-03-24 15:33:57,607] Trial 552 finished with value: 0.941747572815534 and parameters: {'n_estimators': 944, 'max_depth': 11, 'learning_rate': 0.011806872994971584, 'reg_alpha': 0.00020452167771155697, 'reg_lambda': 1.2577031458503657e-06, 'min_child_weight': 5}. Best is trial 0 with value: 0.941747572815534.
[I 2026-03-24 15:33:57,725] Trial 553 finished with value: 0.941747572815534 and parameters: {'n_estimators': 662, 'max_depth': 27, 'learning_rate': 0.0022772574551259603, 'reg_alpha': 0.054328615673472046, 'reg_lambda': 0.002344975186570701, 'min_child_weight': 8}. Best is trial 0 with value: 0.941747572815534.
[I 2026-03-24 15:33:57,833] Trial 554 finished with value: 0.941747572815534 and parameters: {'n_estimators': 588, 'max_depth': 33, 'learning_rate': 0.002645879063042167, 'reg_alpha': 1.0839213970743526e-08, 'reg_lambda': 1.5353001804533138e-08, 'min_child_weight': 2}. Best is trial 0 with value: 0.941747572815534.
[I 2026-03-24 15:33:57,956] Trial 555 finished with value: 0.941747572815534 and parameters: {'n_estimators': 695, 'max_depth': 21, 'learning_rate': 0.0635839444290478, 'reg_alpha': 0.0059013810433111245, 'reg_lambda': 2.0571859791333484e-06, 'min_child_weight': 10}. Best is trial 0 with value: 0.941747572815534.
[I 2026-03-24 15:33:58,011] Trial 556 finished with value: 0.941747572815534 and parameters: {'n_estimators': 200, 'max_depth': 17, 'learning_rate': 0.05172471188818725, 'reg_alpha': 0.016017330939220423, 'reg_lambda': 0.0013622611519926414, 'min_child_weight': 6}. Best is trial 0 with value: 0.941747572815534.
[I 2026-03-24 15:33:58,169] Trial 557 finished with value: 0.941747572815534 and parameters: {'n_estimators': 963, 'max_depth': 15, 'learning_rate': 0.0013823503223243977, 'reg_alpha': 5.6432712220241453e-05, 'reg_lambda': 0.00012058613226892281, 'min_child_weight': 4}. Best is trial 0 with value: 0.941747572815534.
[I 2026-03-24 15:33:58,318] Trial 558 finished with value: 0.941747572815534 and parameters: {'n_estimators': 896, 'max_depth': 28, 'learning_rate': 0.02217895166569942, 'reg_alpha': 0.00029054464175013996, 'reg_lambda': 0.00019672562038943893, 'min_child_weight': 3}. Best is trial 0 with value: 0.941747572815534.
[I 2026-03-24 15:33:58,380] Trial 559 finished with value: 0.941747572815534 and parameters: {'n_estimators': 239, 'max_depth': 37, 'learning_rate': 0.07594018618933267, 'reg_alpha': 1.5708466247471752e-07, 'reg_lambda': 0.043998603411323785, 'min_child_weight': 10}. Best is trial 0 with value: 0.941747572815534.
[I 2026-03-24 15:33:58,518] Trial 560 finished with value: 0.941747572815534 and parameters: {'n_estimators': 802, 'max_depth': 40, 'learning_rate': 0.02927055089451331, 'reg_alpha': 0.0019677696688208675, 'reg_lambda': 0.004788153916163503, 'min_child_weight': 8}. Best is trial 0 with value: 0.941747572815534.
[I 2026-03-24 15:33:58,662] Trial 561 finished with value: 0.941747572815534 and parameters: {'n_estimators': 852, 'max_depth': 35, 'learning_rate': 0.015424710089414758, 'reg_alpha': 0.0005710987625439901, 'reg_lambda': 4.2725493498180623e-08, 'min_child_weight': 9}. Best is trial 0 with value: 0.941747572815534.
[I 2026-03-24 15:33:58,759] Trial 562 finished with value: 0.941747572815534 and parameters: {'n_estimators': 496, 'max_depth': 49, 'learning_rate': 0.0016775797607586171, 'reg_alpha': 0.00016344050898671656, 'reg_lambda': 0.029300796607128976, 'min_child_weight': 7}. Best is trial 0 with value: 0.941747572815534.
[I 2026-03-24 15:33:58,829] Trial 563 finished with value: 0.941747572815534 and parameters: {'n_estimators': 302, 'max_depth': 30, 'learning_rate': 0.04299699922018376, 'reg_alpha': 0.008478225253630102, 'reg_lambda': 0.018451180801317198, 'min_child_weight': 10}. Best is trial 0 with value: 0.941747572815534.
[I 2026-03-24 15:33:59,060] Trial 564 finished with value: 0.9313725490196079 and parameters: {'n_estimators': 906, 'max_depth': 42, 'learning_rate': 0.005939520443927748, 'reg_alpha': 5.808196008567827e-07, 'reg_lambda': 1.1602450717801984e-07, 'min_child_weight': 1}. Best is trial 0 with value: 0.941747572815534.
[I 2026-03-24 15:33:59,201] Trial 565 finished with value: 0.941747572815534 and parameters: {'n_estimators': 831, 'max_depth': 20, 'learning_rate': 0.05589141442212388, 'reg_alpha': 0.0009055075677879952, 'reg_lambda': 0.011076217083594431, 'min_child_weight': 9}. Best is trial 0 with value: 0.941747572815534.
[I 2026-03-24 15:33:59,306] Trial 566 finished with value: 0.941747572815534 and parameters: {'n_estimators': 560, 'max_depth': 25, 'learning_rate': 0.0018407276729567846, 'reg_alpha': 2.8212071836121687e-05, 'reg_lambda': 9.220931320871623e-06, 'min_child_weight': 5}. Best is trial 0 with value: 0.941747572815534.
[I 2026-03-24 15:33:59,441] Trial 567 finished with value: 0.941747572815534 and parameters: {'n_estimators': 776, 'max_depth': 10, 'learning_rate': 0.03643118634047528, 'reg_alpha': 1.824325269572113e-08, 'reg_lambda': 0.518493352652074, 'min_child_weight': 2}. Best is trial 0 with value: 0.941747572815534.
[I 2026-03-24 15:33:59,507] Trial 568 finished with value: 0.941747572815534 and parameters: {'n_estimators': 261, 'max_depth': 8, 'learning_rate': 0.0027851467465784324, 'reg_alpha': 0.004648301308951117, 'reg_lambda': 1.4340104537872211e-05, 'min_child_weight': 6}. Best is trial 0 with value: 0.941747572815534.
[I 2026-03-24 15:33:59,636] Trial 569 finished with value: 0.941747572815534 and parameters: {'n_estimators': 739, 'max_depth': 22, 'learning_rate': 0.0992842001797757, 'reg_alpha': 1.6304239261216086e-05, 'reg_lambda': 6.9234303479443e-07, 'min_child_weight': 10}. Best is trial 0 with value: 0.941747572815534.
[I 2026-03-24 15:33:59,725] Trial 570 finished with value: 0.941747572815534 and parameters: {'n_estimators': 438, 'max_depth': 24, 'learning_rate': 0.04901164790672712, 'reg_alpha': 2.620556671009529e-06, 'reg_lambda': 0.0009293953807941768, 'min_child_weight': 8}. Best is trial 0 with value: 0.941747572815534.
[I 2026-03-24 15:33:59,835] Trial 571 finished with value: 0.941747572815534 and parameters: {'n_estimators': 602, 'max_depth': 45, 'learning_rate': 0.08491868723467842, 'reg_alpha': 0.00012413236569011157, 'reg_lambda': 4.821741139692241e-06, 'min_child_weight': 9}. Best is trial 0 with value: 0.941747572815534.
[I 2026-03-24 15:33:59,983] Trial 572 finished with value: 0.941747572815534 and parameters: {'n_estimators': 871, 'max_depth': 26, 'learning_rate': 0.0011644540431642034, 'reg_alpha': 6.005725734899463e-08, 'reg_lambda': 2.880347890487361e-06, 'min_child_weight': 8}. Best is trial 0 with value: 0.941747572815534.
[I 2026-03-24 15:34:00,146] Trial 573 finished with value: 0.941747572815534 and parameters: {'n_estimators': 987, 'max_depth': 13, 'learning_rate': 0.010563298607225468, 'reg_alpha': 0.0036749873143030417, 'reg_lambda': 4.7285660551046924e-05, 'min_child_weight': 10}. Best is trial 0 with value: 0.941747572815534.
[I 2026-03-24 15:34:00,302] Trial 574 finished with value: 0.941747572815534 and parameters: {'n_estimators': 928, 'max_depth': 32, 'learning_rate': 0.020418072419087562, 'reg_alpha': 7.554751717461996e-06, 'reg_lambda': 3.0268568671261718e-05, 'min_child_weight': 4}. Best is trial 0 with value: 0.941747572815534.
[I 2026-03-24 15:34:00,442] Trial 575 finished with value: 0.941747572815534 and parameters: {'n_estimators': 823, 'max_depth': 19, 'learning_rate': 0.030848626729664808, 'reg_alpha': 0.09345583751525323, 'reg_lambda': 0.006871635388705833, 'min_child_weight': 7}. Best is trial 0 with value: 0.941747572815534.
[I 2026-03-24 15:34:00,524] Trial 576 finished with value: 0.941747572815534 and parameters: {'n_estimators': 395, 'max_depth': 48, 'learning_rate': 0.026310822858129707, 'reg_alpha': 4.3396592427535395e-06, 'reg_lambda': 0.0016616210524231822, 'min_child_weight': 5}. Best is trial 0 with value: 0.941747572815534.
[I 2026-03-24 15:34:00,602] Trial 577 finished with value: 0.941747572815534 and parameters: {'n_estimators': 367, 'max_depth': 23, 'learning_rate': 0.07197636227502673, 'reg_alpha': 0.00037774268060330633, 'reg_lambda': 1.647445132384439e-07, 'min_child_weight': 3}. Best is trial 0 with value: 0.941747572815534.
[I 2026-03-24 15:34:00,716] Trial 578 finished with value: 0.941747572815534 and parameters: {'n_estimators': 624, 'max_depth': 46, 'learning_rate': 0.013916740742143979, 'reg_alpha': 0.044648620142762996, 'reg_lambda': 3.554510407973074e-07, 'min_child_weight': 6}. Best is trial 0 with value: 0.941747572815534.
[I 2026-03-24 15:34:00,864] Trial 579 finished with value: 0.941747572815534 and parameters: {'n_estimators': 885, 'max_depth': 34, 'learning_rate': 0.006767301235595763, 'reg_alpha': 0.013220797147113906, 'reg_lambda': 7.22354728165387e-08, 'min_child_weight': 9}. Best is trial 0 with value: 0.941747572815534.
[I 2026-03-24 15:34:00,957] Trial 580 finished with value: 0.941747572815534 and parameters: {'n_estimators': 466, 'max_depth': 47, 'learning_rate': 0.04009217826883224, 'reg_alpha': 7.923169360219746e-05, 'reg_lambda': 2.2610562755745397e-05, 'min_child_weight': 10}. Best is trial 0 with value: 0.941747572815534.
[I 2026-03-24 15:34:01,055] Trial 581 finished with value: 0.941747572815534 and parameters: {'n_estimators': 513, 'max_depth': 29, 'learning_rate': 0.005447223956438342, 'reg_alpha': 0.0011371650877136643, 'reg_lambda': 7.903342803962375e-05, 'min_child_weight': 6}. Best is trial 0 with value: 0.941747572815534.
[I 2026-03-24 15:34:01,156] Trial 582 finished with value: 0.941747572815534 and parameters: {'n_estimators': 536, 'max_depth': 41, 'learning_rate': 0.007630494348572272, 'reg_alpha': 0.4047476554807822, 'reg_lambda': 0.0026448500038050347, 'min_child_weight': 10}. Best is trial 0 with value: 0.941747572815534.
[I 2026-03-24 15:34:01,273] Trial 583 finished with value: 0.941747572815534 and parameters: {'n_estimators': 646, 'max_depth': 50, 'learning_rate': 0.06112345832848932, 'reg_alpha': 0.006606926675461066, 'reg_lambda': 0.0003307329339439847, 'min_child_weight': 7}. Best is trial 0 with value: 0.941747572815534.
[I 2026-03-24 15:34:01,433] Trial 584 finished with value: 0.941747572815534 and parameters: {'n_estimators': 948, 'max_depth': 26, 'learning_rate': 0.002125750609555091, 'reg_alpha': 0.031419185327778786, 'reg_lambda': 7.864991989535955e-06, 'min_child_weight': 3}. Best is trial 0 with value: 0.941747572815534.
[I 2026-03-24 15:34:01,503] Trial 585 finished with value: 0.941747572815534 and parameters: {'n_estimators': 288, 'max_depth': 39, 'learning_rate': 0.0035323678238455944, 'reg_alpha': 0.0030094594557514604, 'reg_lambda': 0.00014012638350908592, 'min_child_weight': 9}. Best is trial 0 with value: 0.941747572815534.
[I 2026-03-24 15:34:01,633] Trial 586 finished with value: 0.941747572815534 and parameters: {'n_estimators': 749, 'max_depth': 18, 'learning_rate': 0.008885304820817883, 'reg_alpha': 0.00021603959872005206, 'reg_lambda': 0.0005741434141987701, 'min_child_weight': 5}. Best is trial 0 with value: 0.941747572815534.
[I 2026-03-24 15:34:01,693] Trial 587 finished with value: 0.941747572815534 and parameters: {'n_estimators': 220, 'max_depth': 27, 'learning_rate': 0.04459637977801448, 'reg_alpha': 1.2162394612771056e-06, 'reg_lambda': 0.09713855341040599, 'min_child_weight': 8}. Best is trial 0 with value: 0.941747572815534.
[I 2026-03-24 15:34:01,819] Trial 588 finished with value: 0.941747572815534 and parameters: {'n_estimators': 716, 'max_depth': 16, 'learning_rate': 0.07981288882211178, 'reg_alpha': 3.7546541744741206e-05, 'reg_lambda': 0.00021109879600743122, 'min_child_weight': 6}. Best is trial 0 with value: 0.941747572815534.
[I 2026-03-24 15:34:01,965] Trial 589 finished with value: 0.941747572815534 and parameters: {'n_estimators': 860, 'max_depth': 20, 'learning_rate': 0.016612240598453742, 'reg_alpha': 1.1945020621620973e-05, 'reg_lambda': 1.2079894093335785e-05, 'min_child_weight': 10}. Best is trial 0 with value: 0.941747572815534.
[I 2026-03-24 15:34:02,044] Trial 590 finished with value: 0.941747572815534 and parameters: {'n_estimators': 335, 'max_depth': 44, 'learning_rate': 0.0031340011794837933, 'reg_alpha': 0.16332524324386646, 'reg_lambda': 5.8034778252202835e-06, 'min_child_weight': 8}. Best is trial 0 with value: 0.941747572815534.
[I 2026-03-24 15:34:02,124] Trial 591 finished with value: 0.941747572815534 and parameters: {'n_estimators': 318, 'max_depth': 22, 'learning_rate': 0.034051230718758076, 'reg_alpha': 0.0016114922220586381, 'reg_lambda': 5.4455166083432475e-05, 'min_child_weight': 7}. Best is trial 0 with value: 0.941747572815534.
[I 2026-03-24 15:34:02,284] Trial 592 finished with value: 0.941747572815534 and parameters: {'n_estimators': 963, 'max_depth': 24, 'learning_rate': 0.05491960294531704, 'reg_alpha': 0.002342341524849893, 'reg_lambda': 0.05662468991285706, 'min_child_weight': 9}. Best is trial 0 with value: 0.941747572815534.
[I 2026-03-24 15:34:02,435] Trial 593 finished with value: 0.941747572815534 and parameters: {'n_estimators': 902, 'max_depth': 14, 'learning_rate': 0.0015346134570957172, 'reg_alpha': 0.0005483934208549116, 'reg_lambda': 0.23854419489033304, 'min_child_weight': 10}. Best is trial 0 with value: 0.941747572815534.
[I 2026-03-24 15:34:02,542] Trial 594 finished with value: 0.9411764705882353 and parameters: {'n_estimators': 358, 'max_depth': 25, 'learning_rate': 0.06534769703123837, 'reg_alpha': 0.00974602043393478, 'reg_lambda': 1.7737617470704965e-05, 'min_child_weight': 1}. Best is trial 0 with value: 0.941747572815534.
[I 2026-03-24 15:34:02,629] Trial 595 finished with value: 0.941747572815534 and parameters: {'n_estimators': 424, 'max_depth': 23, 'learning_rate': 0.09123113253536193, 'reg_alpha': 0.016828177349831056, 'reg_lambda': 0.003633821979309164, 'min_child_weight': 2}. Best is trial 0 with value: 0.941747572815534.
[I 2026-03-24 15:34:02,775] Trial 596 finished with value: 0.941747572815534 and parameters: {'n_estimators': 847, 'max_depth': 31, 'learning_rate': 0.038625443208057546, 'reg_alpha': 0.0003323567205840786, 'reg_lambda': 2.6216027000804016e-08, 'min_child_weight': 9}. Best is trial 0 with value: 0.941747572815534.
[I 2026-03-24 15:34:02,940] Trial 597 finished with value: 0.941747572815534 and parameters: {'n_estimators': 1000, 'max_depth': 10, 'learning_rate': 0.012434126063474434, 'reg_alpha': 0.0046226638717090955, 'reg_lambda': 0.00010492492857868351, 'min_child_weight': 7}. Best is trial 0 with value: 0.941747572815534.
[I 2026-03-24 15:34:03,034] Trial 598 finished with value: 0.941747572815534 and parameters: {'n_estimators': 480, 'max_depth': 38, 'learning_rate': 0.05055587948033672, 'reg_alpha': 0.06963274189149661, 'reg_lambda': 1.1505940889505675e-06, 'min_child_weight': 6}. Best is trial 0 with value: 0.941747572815534.
[I 2026-03-24 15:34:03,141] Trial 599 finished with value: 0.941747572815534 and parameters: {'n_estimators': 572, 'max_depth': 6, 'learning_rate': 0.002524068749367755, 'reg_alpha': 0.00013880944852434862, 'reg_lambda': 0.9640902366035723, 'min_child_weight': 4}. Best is trial 0 with value: 0.941747572815534.
[I 2026-03-24 15:34:03,295] Trial 600 finished with value: 0.941747572815534 and parameters: {'n_estimators': 921, 'max_depth': 7, 'learning_rate': 0.004924359776385942, 'reg_alpha': 5.516050587601648e-05, 'reg_lambda': 0.0012677084645114686, 'min_child_weight': 10}. Best is trial 0 with value: 0.941747572815534.
[I 2026-03-24 15:34:03,443] Trial 601 finished with value: 0.941747572815534 and parameters: {'n_estimators': 876, 'max_depth': 49, 'learning_rate': 0.019511348844143617, 'reg_alpha': 0.0062529383990529465, 'reg_lambda': 0.0019607548468467363, 'min_child_weight': 8}. Best is trial 0 with value: 0.941747572815534.
[I 2026-03-24 15:34:03,580] Trial 602 finished with value: 0.941747572815534 and parameters: {'n_estimators': 791, 'max_depth': 29, 'learning_rate': 0.003827876861034799, 'reg_alpha': 0.6000308888464638, 'reg_lambda': 0.008406051321793465, 'min_child_weight': 5}. Best is trial 0 with value: 0.941747572815534.
[I 2026-03-24 15:34:03,662] Trial 603 finished with value: 0.941747572815534 and parameters: {'n_estimators': 385, 'max_depth': 43, 'learning_rate': 0.0019003864208181807, 'reg_alpha': 0.0007267423173049175, 'reg_lambda': 2.2506052667108322e-07, 'min_child_weight': 3}. Best is trial 0 with value: 0.941747572815534.
[I 2026-03-24 15:34:03,752] Trial 604 finished with value: 0.941747572815534 and parameters: {'n_estimators': 447, 'max_depth': 34, 'learning_rate': 0.04685843406655029, 'reg_alpha': 0.02385336083346964, 'reg_lambda': 3.262231771765645e-05, 'min_child_weight': 7}. Best is trial 0 with value: 0.941747572815534.
[I 2026-03-24 15:34:03,897] Trial 605 finished with value: 0.941747572815534 and parameters: {'n_estimators': 819, 'max_depth': 21, 'learning_rate': 0.07089572961027434, 'reg_alpha': 2.627606116159918e-05, 'reg_lambda': 4.913525658030671e-08, 'min_child_weight': 9}. Best is trial 0 with value: 0.941747572815534.
[I 2026-03-24 15:34:04,035] Trial 606 finished with value: 0.941747572815534 and parameters: {'n_estimators': 762, 'max_depth': 42, 'learning_rate': 0.0010175814991227024, 'reg_alpha': 8.933455712269822e-05, 'reg_lambda': 1.189866472786302e-05, 'min_child_weight': 10}. Best is trial 0 with value: 0.941747572815534.
[I 2026-03-24 15:34:04,158] Trial 607 finished with value: 0.941747572815534 and parameters: {'n_estimators': 679, 'max_depth': 16, 'learning_rate': 0.002368362945143866, 'reg_alpha': 3.551237562151826e-08, 'reg_lambda': 1.0375726385749946e-07, 'min_child_weight': 7}. Best is trial 0 with value: 0.941747572815534.
[I 2026-03-24 15:34:04,316] Trial 608 finished with value: 0.941747572815534 and parameters: {'n_estimators': 941, 'max_depth': 18, 'learning_rate': 0.014860665913776917, 'reg_alpha': 0.11743499272817158, 'reg_lambda': 1.6251060304410447e-06, 'min_child_weight': 9}. Best is trial 0 with value: 0.941747572815534.
[I 2026-03-24 15:34:04,402] Trial 609 finished with value: 0.941747572815534 and parameters: {'n_estimators': 409, 'max_depth': 27, 'learning_rate': 0.007070203885011914, 'reg_alpha': 5.248564042198332e-06, 'reg_lambda': 0.30652075370079507, 'min_child_weight': 6}. Best is trial 0 with value: 0.941747572815534.
[I 2026-03-24 15:34:04,499] Trial 610 finished with value: 0.941747572815534 and parameters: {'n_estimators': 499, 'max_depth': 15, 'learning_rate': 0.004320325636740125, 'reg_alpha': 1.750034707391692e-05, 'reg_lambda': 0.00101222772417251, 'min_child_weight': 10}. Best is trial 0 with value: 0.941747572815534.
[I 2026-03-24 15:34:04,562] Trial 611 finished with value: 0.941747572815534 and parameters: {'n_estimators': 243, 'max_depth': 13, 'learning_rate': 0.060619131037448856, 'reg_alpha': 0.0002748968675733824, 'reg_lambda': 0.01716055879953291, 'min_child_weight': 2}. Best is trial 0 with value: 0.941747572815534.
[I 2026-03-24 15:34:04,724] Trial 612 finished with value: 0.941747572815534 and parameters: {'n_estimators': 971, 'max_depth': 23, 'learning_rate': 0.0028499160823154215, 'reg_alpha': 1.618806464394843e-06, 'reg_lambda': 0.005780450376705757, 'min_child_weight': 9}. Best is trial 0 with value: 0.941747572815534.
[I 2026-03-24 15:34:04,835] Trial 613 finished with value: 0.941747572815534 and parameters: {'n_estimators': 604, 'max_depth': 8, 'learning_rate': 0.00622741816942213, 'reg_alpha': 7.672605153977205e-07, 'reg_lambda': 3.931926317502617e-06, 'min_child_weight': 10}. Best is trial 0 with value: 0.941747572815534.
[I 2026-03-24 15:34:04,979] Trial 614 finished with value: 0.941747572815534 and parameters: {'n_estimators': 840, 'max_depth': 26, 'learning_rate': 0.011158522815198399, 'reg_alpha': 0.0041199900018500865, 'reg_lambda': 8.20760129356775e-06, 'min_child_weight': 6}. Best is trial 0 with value: 0.941747572815534.
[I 2026-03-24 15:34:05,083] Trial 615 finished with value: 0.941747572815534 and parameters: {'n_estimators': 546, 'max_depth': 11, 'learning_rate': 0.030643705181891284, 'reg_alpha': 9.142278901887542e-06, 'reg_lambda': 0.011921491838655497, 'min_child_weight': 8}. Best is trial 0 with value: 0.941747572815534.
[I 2026-03-24 15:34:05,235] Trial 616 finished with value: 0.941747572815534 and parameters: {'n_estimators': 888, 'max_depth': 22, 'learning_rate': 0.08267945736980471, 'reg_alpha': 0.012135837620472548, 'reg_lambda': 6.258186833465483e-07, 'min_child_weight': 3}. Best is trial 0 with value: 0.941747572815534.
[I 2026-03-24 15:34:05,379] Trial 617 finished with value: 0.9313725490196079 and parameters: {'n_estimators': 525, 'max_depth': 37, 'learning_rate': 0.034714514782064616, 'reg_alpha': 0.2429908456423111, 'reg_lambda': 1.652286873532772e-08, 'min_child_weight': 1}. Best is trial 0 with value: 0.941747572815534.
[I 2026-03-24 15:34:05,505] Trial 618 finished with value: 0.941747572815534 and parameters: {'n_estimators': 706, 'max_depth': 28, 'learning_rate': 0.008058575956754315, 'reg_alpha': 0.0012356576671349105, 'reg_lambda': 2.0918017429128418e-05, 'min_child_weight': 4}. Best is trial 0 with value: 0.941747572815534.
[I 2026-03-24 15:34:05,658] Trial 619 finished with value: 0.941747572815534 and parameters: {'n_estimators': 911, 'max_depth': 32, 'learning_rate': 0.024377845171641682, 'reg_alpha': 0.00792212718537985, 'reg_lambda': 0.002163975338063552, 'min_child_weight': 5}. Best is trial 0 with value: 0.941747572815534.
[I 2026-03-24 15:34:05,805] Trial 620 finished with value: 0.941747572815534 and parameters: {'n_estimators': 860, 'max_depth': 30, 'learning_rate': 0.0013097484885348622, 'reg_alpha': 0.03665741081414761, 'reg_lambda': 6.863502283049327e-08, 'min_child_weight': 10}. Best is trial 0 with value: 0.941747572815534.
