[I 2026-03-24 15:38:23,521] Trial 223 finished with value: 0.9154228855721394 and parameters: {'n_estimators': 545, 'max_depth': 33, 'learning_rate': 0.008092551844722655, 'reg_alpha': 0.005550218469929911, 'reg_lambda': 7.95040528411032e-06, 'min_child_weight': 7}. Best is trial 0 with value: 0.9154228855721394.
[I 2026-03-24 15:38:23,572] Trial 224 finished with value: 0.9154228855721394 and parameters: {'n_estimators': 216, 'max_depth': 25, 'learning_rate': 0.05051945529497842, 'reg_alpha': 0.007728731175717559, 'reg_lambda': 2.0663941734132006e-05, 'min_child_weight': 8}. Best is trial 0 with value: 0.9154228855721394.
[I 2026-03-24 15:38:23,653] Trial 225 finished with value: 0.9154228855721394 and parameters: {'n_estimators': 487, 'max_depth': 28, 'learning_rate': 0.0010037829404455337, 'reg_alpha': 0.001463678610469921, 'reg_lambda': 0.0007563140854514338, 'min_child_weight': 10}. Best is trial 0 with value: 0.9154228855721394.
[I 2026-03-24 15:38:23,706] Trial 226 finished with value: 0.9154228855721394 and parameters: {'n_estimators': 231, 'max_depth': 22, 'learning_rate': 0.001155954766732045, 'reg_alpha': 0.03876399277945856, 'reg_lambda': 1.0121457021201438e-08, 'min_child_weight': 7}. Best is trial 0 with value: 0.9154228855721394.
[I 2026-03-24 15:38:23,779] Trial 227 finished with value: 0.9154228855721394 and parameters: {'n_estimators': 413, 'max_depth': 39, 'learning_rate': 0.0013297539746482056, 'reg_alpha': 1.2953585612447221e-05, 'reg_lambda': 1.2007298761447257e-05, 'min_child_weight': 8}. Best is trial 0 with value: 0.9154228855721394.
[I 2026-03-24 15:38:23,835] Trial 228 finished with value: 0.9154228855721394 and parameters: {'n_estimators': 263, 'max_depth': 47, 'learning_rate': 0.0016794846686045324, 'reg_alpha': 0.9334809915004034, 'reg_lambda': 0.0001447583429832828, 'min_child_weight': 6}. Best is trial 0 with value: 0.9154228855721394.
[I 2026-03-24 15:38:23,949] Trial 229 finished with value: 0.9154228855721394 and parameters: {'n_estimators': 799, 'max_depth': 50, 'learning_rate': 0.005566153649227523, 'reg_alpha': 0.0038098908660953172, 'reg_lambda': 1.277580164143657e-06, 'min_child_weight': 3}. Best is trial 0 with value: 0.9154228855721394.
[I 2026-03-24 15:38:24,084] Trial 230 finished with value: 0.9154228855721394 and parameters: {'n_estimators': 983, 'max_depth': 37, 'learning_rate': 0.006745649574449466, 'reg_alpha': 0.0021642495986543032, 'reg_lambda': 3.7159215658336413e-07, 'min_child_weight': 9}. Best is trial 0 with value: 0.9154228855721394.
[I 2026-03-24 15:38:24,147] Trial 231 finished with value: 0.9154228855721394 and parameters: {'n_estimators': 327, 'max_depth': 14, 'learning_rate': 0.0015083750070941405, 'reg_alpha': 0.2624916672593354, 'reg_lambda': 2.05173916216223e-06, 'min_child_weight': 10}. Best is trial 0 with value: 0.9154228855721394.
[I 2026-03-24 15:38:24,212] Trial 232 finished with value: 0.9154228855721394 and parameters: {'n_estimators': 357, 'max_depth': 17, 'learning_rate': 0.0019159807575926178, 'reg_alpha': 0.08446799292950698, 'reg_lambda': 3.067865935134581e-06, 'min_child_weight': 9}. Best is trial 0 with value: 0.9154228855721394.
[I 2026-03-24 15:38:24,315] Trial 233 finished with value: 0.9154228855721394 and parameters: {'n_estimators': 690, 'max_depth': 11, 'learning_rate': 0.0017884020619330424, 'reg_alpha': 0.14156944605591473, 'reg_lambda': 0.0004337712912584589, 'min_child_weight': 8}. Best is trial 0 with value: 0.9154228855721394.
[I 2026-03-24 15:38:24,380] Trial 234 finished with value: 0.9154228855721394 and parameters: {'n_estimators': 347, 'max_depth': 13, 'learning_rate': 0.001339641574553516, 'reg_alpha': 0.010039021274089415, 'reg_lambda': 8.718329230589885e-07, 'min_child_weight': 8}. Best is trial 0 with value: 0.9154228855721394.
[I 2026-03-24 15:38:24,439] Trial 235 finished with value: 0.9154228855721394 and parameters: {'n_estimators': 282, 'max_depth': 20, 'learning_rate': 0.0015687548081261716, 'reg_alpha': 4.300432092105546e-07, 'reg_lambda': 7.043090008237509e-05, 'min_child_weight': 10}. Best is trial 0 with value: 0.9154228855721394.
[I 2026-03-24 15:38:24,528] Trial 236 finished with value: 0.9154228855721394 and parameters: {'n_estimators': 562, 'max_depth': 16, 'learning_rate': 0.06901568265865113, 'reg_alpha': 0.061781138794586965, 'reg_lambda': 0.0020485707238046768, 'min_child_weight': 1}. Best is trial 0 with value: 0.9154228855721394.
[I 2026-03-24 15:38:24,592] Trial 237 finished with value: 0.9154228855721394 and parameters: {'n_estimators': 319, 'max_depth': 15, 'learning_rate': 0.001995896340143072, 'reg_alpha': 0.19989323411820056, 'reg_lambda': 1.3793680837012243e-06, 'min_child_weight': 2}. Best is trial 0 with value: 0.9154228855721394.
[I 2026-03-24 15:38:24,697] Trial 238 finished with value: 0.9154228855721394 and parameters: {'n_estimators': 726, 'max_depth': 18, 'learning_rate': 0.004418483086241924, 'reg_alpha': 5.709380395727694e-06, 'reg_lambda': 3.9857737452687635e-06, 'min_child_weight': 5}. Best is trial 0 with value: 0.9154228855721394.
[I 2026-03-24 15:38:24,780] Trial 239 finished with value: 0.9154228855721394 and parameters: {'n_estimators': 513, 'max_depth': 41, 'learning_rate': 0.0011606414967309019, 'reg_alpha': 6.586337916837463e-05, 'reg_lambda': 1.927012298519098e-08, 'min_child_weight': 7}. Best is trial 0 with value: 0.9154228855721394.
[I 2026-03-24 15:38:24,899] Trial 240 finished with value: 0.9154228855721394 and parameters: {'n_estimators': 838, 'max_depth': 9, 'learning_rate': 0.0034239161365674305, 'reg_alpha': 0.0008023767254878566, 'reg_lambda': 1.5392896596693636e-05, 'min_child_weight': 9}. Best is trial 0 with value: 0.9154228855721394.
[I 2026-03-24 15:38:24,969] Trial 241 finished with value: 0.9154228855721394 and parameters: {'n_estimators': 397, 'max_depth': 28, 'learning_rate': 0.001122010858471206, 'reg_alpha': 1.6394683906844164e-05, 'reg_lambda': 1.7392061789145908e-07, 'min_child_weight': 6}. Best is trial 0 with value: 0.9154228855721394.
[I 2026-03-24 15:38:25,043] Trial 242 finished with value: 0.9154228855721394 and parameters: {'n_estimators': 425, 'max_depth': 25, 'learning_rate': 0.09966320473844141, 'reg_alpha': 2.63325589795974e-05, 'reg_lambda': 7.016721774404855e-08, 'min_child_weight': 6}. Best is trial 0 with value: 0.9154228855721394.
[I 2026-03-24 15:38:25,118] Trial 243 finished with value: 0.9154228855721394 and parameters: {'n_estimators': 440, 'max_depth': 27, 'learning_rate': 0.0010860808358194136, 'reg_alpha': 0.11183860977718361, 'reg_lambda': 4.536405709576095e-08, 'min_child_weight': 6}. Best is trial 0 with value: 0.9154228855721394.
[I 2026-03-24 15:38:25,186] Trial 244 finished with value: 0.9154228855721394 and parameters: {'n_estimators': 375, 'max_depth': 23, 'learning_rate': 0.0012440498081791116, 'reg_alpha': 7.372830630134892e-06, 'reg_lambda': 3.0074421883267713e-08, 'min_child_weight': 6}. Best is trial 0 with value: 0.9154228855721394.
[I 2026-03-24 15:38:25,261] Trial 245 finished with value: 0.9154228855721394 and parameters: {'n_estimators': 470, 'max_depth': 26, 'learning_rate': 0.001425551722937646, 'reg_alpha': 4.108805680140788e-05, 'reg_lambda': 1.3427461396607303e-07, 'min_child_weight': 7}. Best is trial 0 with value: 0.9154228855721394.
[I 2026-03-24 15:38:25,357] Trial 246 finished with value: 0.9154228855721394 and parameters: {'n_estimators': 636, 'max_depth': 38, 'learning_rate': 0.0029066564611961256, 'reg_alpha': 0.00012824392921177594, 'reg_lambda': 2.2981113707312053e-07, 'min_child_weight': 4}. Best is trial 0 with value: 0.9154228855721394.
[I 2026-03-24 15:38:25,426] Trial 247 finished with value: 0.9154228855721394 and parameters: {'n_estimators': 412, 'max_depth': 44, 'learning_rate': 0.0023414525659085517, 'reg_alpha': 1.0103680503688965e-05, 'reg_lambda': 8.050888674713319e-08, 'min_child_weight': 5}. Best is trial 0 with value: 0.9154228855721394.
[I 2026-03-24 15:38:25,541] Trial 248 finished with value: 0.9154228855721394 and parameters: {'n_estimators': 865, 'max_depth': 32, 'learning_rate': 0.013596527988397633, 'reg_alpha': 0.00016286190527666324, 'reg_lambda': 6.09607991103279e-07, 'min_child_weight': 8}. Best is trial 0 with value: 0.9154228855721394.
[I 2026-03-24 15:38:25,600] Trial 249 finished with value: 0.9154228855721394 and parameters: {'n_estimators': 298, 'max_depth': 34, 'learning_rate': 0.0010147021737565707, 'reg_alpha': 0.00029850108143324644, 'reg_lambda': 3.746493311608412e-05, 'min_child_weight': 2}. Best is trial 0 with value: 0.9154228855721394.
[I 2026-03-24 15:38:25,649] Trial 250 finished with value: 0.9154228855721394 and parameters: {'n_estimators': 200, 'max_depth': 30, 'learning_rate': 0.010493213690650333, 'reg_alpha': 0.022920785965735543, 'reg_lambda': 6.9590799918534034e-06, 'min_child_weight': 3}. Best is trial 0 with value: 0.9154228855721394.
[I 2026-03-24 15:38:25,738] Trial 251 finished with value: 0.9154228855721394 and parameters: {'n_estimators': 592, 'max_depth': 27, 'learning_rate': 0.0012449882938338208, 'reg_alpha': 7.45628428404205e-08, 'reg_lambda': 0.006343383824463671, 'min_child_weight': 7}. Best is trial 0 with value: 0.9154228855721394.
[I 2026-03-24 15:38:25,870] Trial 252 finished with value: 0.9154228855721394 and parameters: {'n_estimators': 950, 'max_depth': 24, 'learning_rate': 0.003903379278357596, 'reg_alpha': 0.49406570916999937, 'reg_lambda': 0.0037505675008486982, 'min_child_weight': 10}. Best is trial 0 with value: 0.9154228855721394.
[I 2026-03-24 15:38:26,004] Trial 253 finished with value: 0.9154228855721394 and parameters: {'n_estimators': 997, 'max_depth': 36, 'learning_rate': 0.08805767549558105, 'reg_alpha': 4.277564422240844e-06, 'reg_lambda': 5.873115842735656e-08, 'min_child_weight': 6}. Best is trial 0 with value: 0.9154228855721394.
[I 2026-03-24 15:38:26,111] Trial 254 finished with value: 0.9154228855721394 and parameters: {'n_estimators': 739, 'max_depth': 46, 'learning_rate': 0.0017642520855711398, 'reg_alpha': 7.708843604950906e-05, 'reg_lambda': 0.14018608722379183, 'min_child_weight': 7}. Best is trial 0 with value: 0.9154228855721394.
[I 2026-03-24 15:38:26,197] Trial 255 finished with value: 0.9154228855721394 and parameters: {'n_estimators': 536, 'max_depth': 49, 'learning_rate': 0.05929073002253314, 'reg_alpha': 0.6569864557321237, 'reg_lambda': 3.781663290779777e-07, 'min_child_weight': 8}. Best is trial 0 with value: 0.9154228855721394.
[I 2026-03-24 15:38:26,286] Trial 256 finished with value: 0.9154228855721394 and parameters: {'n_estimators': 578, 'max_depth': 25, 'learning_rate': 0.021527473250056755, 'reg_alpha': 1.6234260843211358e-08, 'reg_lambda': 2.463513732806416e-06, 'min_child_weight': 1}. Best is trial 0 with value: 0.9154228855721394.
[I 2026-03-24 15:38:26,380] Trial 257 finished with value: 0.9154228855721394 and parameters: {'n_estimators': 617, 'max_depth': 40, 'learning_rate': 0.033230037573884416, 'reg_alpha': 0.005197860511503401, 'reg_lambda': 1.2089449188952375e-05, 'min_child_weight': 5}. Best is trial 0 with value: 0.9154228855721394.
[I 2026-03-24 15:38:26,450] Trial 258 finished with value: 0.9154228855721394 and parameters: {'n_estimators': 383, 'max_depth': 26, 'learning_rate': 0.009089370099594582, 'reg_alpha': 2.964798506919204e-05, 'reg_lambda': 1.2644507137379274e-07, 'min_child_weight': 6}. Best is trial 0 with value: 0.9154228855721394.
[I 2026-03-24 15:38:26,529] Trial 259 finished with value: 0.9154228855721394 and parameters: {'n_estimators': 449, 'max_depth': 48, 'learning_rate': 0.07673848049307407, 'reg_alpha': 0.054261294982028085, 'reg_lambda': 1.0161299318417283e-06, 'min_child_weight': 3}. Best is trial 0 with value: 0.9154228855721394.
[I 2026-03-24 15:38:26,580] Trial 260 finished with value: 0.9154228855721394 and parameters: {'n_estimators': 223, 'max_depth': 23, 'learning_rate': 0.041735887192505323, 'reg_alpha': 0.00047563325400199656, 'reg_lambda': 5.164106121980703e-06, 'min_child_weight': 9}. Best is trial 0 with value: 0.9154228855721394.
[I 2026-03-24 15:38:26,709] Trial 261 finished with value: 0.9154228855721394 and parameters: {'n_estimators': 931, 'max_depth': 19, 'learning_rate': 0.0020563885436588472, 'reg_alpha': 5.325462859953488e-05, 'reg_lambda': 4.3825048234869695e-08, 'min_child_weight': 8}. Best is trial 0 with value: 0.9154228855721394.
[I 2026-03-24 15:38:26,831] Trial 262 finished with value: 0.9154228855721394 and parameters: {'n_estimators': 891, 'max_depth': 28, 'learning_rate': 0.00504605676623448, 'reg_alpha': 0.16910204786367347, 'reg_lambda': 0.2338017910058777, 'min_child_weight': 4}. Best is trial 0 with value: 0.9154228855721394.
[I 2026-03-24 15:38:26,885] Trial 263 finished with value: 0.9154228855721394 and parameters: {'n_estimators': 250, 'max_depth': 12, 'learning_rate': 0.006069316495935521, 'reg_alpha': 0.33758630656072386, 'reg_lambda': 7.722591430769574e-05, 'min_child_weight': 6}. Best is trial 0 with value: 0.9154228855721394.
[I 2026-03-24 15:38:26,984] Trial 264 finished with value: 0.9154228855721394 and parameters: {'n_estimators': 675, 'max_depth': 22, 'learning_rate': 0.0016240278582013465, 'reg_alpha': 0.017534682213070852, 'reg_lambda': 9.34015967570713e-06, 'min_child_weight': 9}. Best is trial 0 with value: 0.9154228855721394.
[I 2026-03-24 15:38:27,095] Trial 265 finished with value: 0.9154228855721394 and parameters: {'n_estimators': 784, 'max_depth': 24, 'learning_rate': 0.0011166383016725104, 'reg_alpha': 0.03155134610333424, 'reg_lambda': 1.5057326255263783e-08, 'min_child_weight': 10}. Best is trial 0 with value: 0.9154228855721394.
[I 2026-03-24 15:38:27,174] Trial 266 finished with value: 0.9154228855721394 and parameters: {'n_estimators': 494, 'max_depth': 31, 'learning_rate': 0.003181733128139769, 'reg_alpha': 0.10361717147307112, 'reg_lambda': 0.00023399853562110798, 'min_child_weight': 7}. Best is trial 0 with value: 0.9154228855721394.
[I 2026-03-24 15:38:27,283] Trial 267 finished with value: 0.9154228855721394 and parameters: {'n_estimators': 754, 'max_depth': 21, 'learning_rate': 0.0012642786588532757, 'reg_alpha': 3.101864266392714e-08, 'reg_lambda': 2.606740101282459e-07, 'min_child_weight': 1}. Best is trial 0 with value: 0.9154228855721394.
[I 2026-03-24 15:38:27,380] Trial 268 finished with value: 0.9154228855721394 and parameters: {'n_estimators': 652, 'max_depth': 14, 'learning_rate': 0.0073320577439787, 'reg_alpha': 0.002210178212478486, 'reg_lambda': 0.011026647089807292, 'min_child_weight': 2}. Best is trial 0 with value: 0.9154228855721394.
[I 2026-03-24 15:38:27,467] Trial 269 finished with value: 0.9154228855721394 and parameters: {'n_estimators': 562, 'max_depth': 25, 'learning_rate': 0.0014349617010251795, 'reg_alpha': 0.0032508015531139797, 'reg_lambda': 8.451649722527458e-08, 'min_child_weight': 3}. Best is trial 0 with value: 0.9154228855721394.
[I 2026-03-24 15:38:27,539] Trial 270 finished with value: 0.9154228855721394 and parameters: {'n_estimators': 401, 'max_depth': 17, 'learning_rate': 0.003653157838952788, 'reg_alpha': 0.00020001548572243892, 'reg_lambda': 2.053205908301417e-05, 'min_child_weight': 5}. Best is trial 0 with value: 0.9154228855721394.
[I 2026-03-24 15:38:27,611] Trial 271 finished with value: 0.9154228855721394 and parameters: {'n_estimators': 433, 'max_depth': 42, 'learning_rate': 0.0025569700025065596, 'reg_alpha': 2.147146600380514e-06, 'reg_lambda': 0.0025230783140213274, 'min_child_weight': 8}. Best is trial 0 with value: 0.9154228855721394.
[I 2026-03-24 15:38:27,731] Trial 272 finished with value: 0.9154228855721394 and parameters: {'n_estimators': 848, 'max_depth': 40, 'learning_rate': 0.001097732634116326, 'reg_alpha': 8.498625901828405e-05, 'reg_lambda': 1.465991365395542e-06, 'min_child_weight': 7}. Best is trial 0 with value: 0.9154228855721394.
[I 2026-03-24 15:38:27,845] Trial 273 finished with value: 0.9154228855721394 and parameters: {'n_estimators': 818, 'max_depth': 18, 'learning_rate': 0.004275754008907896, 'reg_alpha': 0.00039652343914499475, 'reg_lambda': 0.0015588932479491608, 'min_child_weight': 4}. Best is trial 0 with value: 0.9154228855721394.
[I 2026-03-24 15:38:27,927] Trial 274 finished with value: 0.9154228855721394 and parameters: {'n_estimators': 521, 'max_depth': 50, 'learning_rate': 0.011462819215660766, 'reg_alpha': 0.0010335703286223556, 'reg_lambda': 0.04410913854790635, 'min_child_weight': 6}. Best is trial 0 with value: 0.9154228855721394.
[I 2026-03-24 15:38:28,060] Trial 275 finished with value: 0.9154228855721394 and parameters: {'n_estimators': 978, 'max_depth': 27, 'learning_rate': 0.0015002062435712563, 'reg_alpha': 8.677605195032516e-06, 'reg_lambda': 4.639743875538633e-07, 'min_child_weight': 10}. Best is trial 0 with value: 0.9154228855721394.
[I 2026-03-24 15:38:28,123] Trial 276 finished with value: 0.9154228855721394 and parameters: {'n_estimators': 341, 'max_depth': 35, 'learning_rate': 0.001006839848518084, 'reg_alpha': 0.008219786265863113, 'reg_lambda': 2.2136110325414172e-08, 'min_child_weight': 8}. Best is trial 0 with value: 0.9154228855721394.
[I 2026-03-24 15:38:28,211] Trial 277 finished with value: 0.9154228855721394 and parameters: {'n_estimators': 600, 'max_depth': 11, 'learning_rate': 0.04829196154343273, 'reg_alpha': 0.2521019147526842, 'reg_lambda': 3.280877208854748e-05, 'min_child_weight': 3}. Best is trial 0 with value: 0.9154228855721394.
[I 2026-03-24 15:38:28,296] Trial 278 finished with value: 0.9154228855721394 and parameters: {'n_estimators': 548, 'max_depth': 13, 'learning_rate': 0.001331064410524406, 'reg_alpha': 0.06410254482988852, 'reg_lambda': 7.98138841805905e-07, 'min_child_weight': 7}. Best is trial 0 with value: 0.9154228855721394.
[I 2026-03-24 15:38:28,401] Trial 279 finished with value: 0.9154228855721394 and parameters: {'n_estimators': 719, 'max_depth': 20, 'learning_rate': 0.01775751285214322, 'reg_alpha': 0.0017504323131426254, 'reg_lambda': 0.017167916241394007, 'min_child_weight': 1}. Best is trial 0 with value: 0.9154228855721394.
[I 2026-03-24 15:38:28,525] Trial 280 finished with value: 0.9154228855721394 and parameters: {'n_estimators': 879, 'max_depth': 7, 'learning_rate': 0.0018671896669632596, 'reg_alpha': 0.00014070730184499323, 'reg_lambda': 0.5298232461216593, 'min_child_weight': 6}. Best is trial 0 with value: 0.9154228855721394.
[I 2026-03-24 15:38:28,595] Trial 281 finished with value: 0.9154228855721394 and parameters: {'n_estimators': 415, 'max_depth': 38, 'learning_rate': 0.027212936650786362, 'reg_alpha': 1.3003102466398027e-06, 'reg_lambda': 3.555400897069542e-06, 'min_child_weight': 5}. Best is trial 0 with value: 0.9154228855721394.
[I 2026-03-24 15:38:28,696] Trial 282 finished with value: 0.9154228855721394 and parameters: {'n_estimators': 692, 'max_depth': 45, 'learning_rate': 0.0021496565710841806, 'reg_alpha': 3.0051637662334373e-06, 'reg_lambda': 0.00014769060769343666, 'min_child_weight': 2}. Best is trial 0 with value: 0.9154228855721394.
[I 2026-03-24 15:38:28,763] Trial 283 finished with value: 0.9154228855721394 and parameters: {'n_estimators': 365, 'max_depth': 47, 'learning_rate': 0.002890304794536484, 'reg_alpha': 1.2263205030333023e-07, 'reg_lambda': 0.07185258985167044, 'min_child_weight': 9}. Best is trial 0 with value: 0.9154228855721394.
[I 2026-03-24 15:38:28,838] Trial 284 finished with value: 0.9154228855721394 and parameters: {'n_estimators': 479, 'max_depth': 41, 'learning_rate': 0.00686805461274246, 'reg_alpha': 0.0002955665818292907, 'reg_lambda': 1.890504063857004e-07, 'min_child_weight': 4}. Best is trial 0 with value: 0.9154228855721394.
[I 2026-03-24 15:38:28,926] Trial 285 finished with value: 0.9154228855721394 and parameters: {'n_estimators': 577, 'max_depth': 26, 'learning_rate': 0.0011732289576931807, 'reg_alpha': 0.08907702264228617, 'reg_lambda': 5.354823521363708e-05, 'min_child_weight': 7}. Best is trial 0 with value: 0.9154228855721394.
[I 2026-03-24 15:38:29,052] Trial 286 finished with value: 0.9154228855721394 and parameters: {'n_estimators': 910, 'max_depth': 33, 'learning_rate': 0.001673440432037382, 'reg_alpha': 0.7971686435202585, 'reg_lambda': 1.952710739837281e-06, 'min_child_weight': 8}. Best is trial 0 with value: 0.9154228855721394.
[I 2026-03-24 15:38:29,183] Trial 287 finished with value: 0.9154228855721394 and parameters: {'n_estimators': 964, 'max_depth': 43, 'learning_rate': 0.0023361289797591608, 'reg_alpha': 6.039309948658796e-06, 'reg_lambda': 0.000980288902909012, 'min_child_weight': 7}. Best is trial 0 with value: 0.9154228855721394.
[I 2026-03-24 15:38:29,276] Trial 288 finished with value: 0.9154228855721394 and parameters: {'n_estimators': 624, 'max_depth': 39, 'learning_rate': 0.05591142791783919, 'reg_alpha': 0.00011173061033121417, 'reg_lambda': 1.4128100386794981e-05, 'min_child_weight': 10}. Best is trial 0 with value: 0.9154228855721394.
[I 2026-03-24 15:38:29,386] Trial 289 finished with value: 0.9154228855721394 and parameters: {'n_estimators': 773, 'max_depth': 16, 'learning_rate': 0.0660879038748704, 'reg_alpha': 1.924041652273773e-05, 'reg_lambda': 3.291256701826017e-08, 'min_child_weight': 6}. Best is trial 0 with value: 0.9154228855721394.
[I 2026-03-24 15:38:29,437] Trial 290 finished with value: 0.9154228855721394 and parameters: {'n_estimators': 231, 'max_depth': 23, 'learning_rate': 0.015919335044007953, 'reg_alpha': 5.973789998976939e-07, 'reg_lambda': 0.0005575487742057304, 'min_child_weight': 8}. Best is trial 0 with value: 0.9154228855721394.
[I 2026-03-24 15:38:29,512] Trial 291 finished with value: 0.9154228855721394 and parameters: {'n_estimators': 462, 'max_depth': 30, 'learning_rate': 0.004706310574744529, 'reg_alpha': 0.0006842686357166499, 'reg_lambda': 0.004366343433657295, 'min_child_weight': 5}. Best is trial 0 with value: 0.9154228855721394.
