[I 2026-03-24 15:35:25,045] Trial 444 finished with value: 0.941747572815534 and parameters: {'n_estimators': 851, 'max_depth': 24, 'learning_rate': 0.0034868824333600967, 'reg_alpha': 0.0020870685458747704, 'reg_lambda': 6.483315236961631e-07, 'min_child_weight': 7}. Best is trial 213 with value: 0.9463414634146341.
[I 2026-03-24 15:35:25,216] Trial 445 finished with value: 0.941747572815534 and parameters: {'n_estimators': 963, 'max_depth': 10, 'learning_rate': 0.005146079972184988, 'reg_alpha': 1.8365568687071346e-07, 'reg_lambda': 9.896980935312996e-08, 'min_child_weight': 4}. Best is trial 213 with value: 0.9463414634146341.
[I 2026-03-24 15:35:25,304] Trial 446 finished with value: 0.941747572815534 and parameters: {'n_estimators': 408, 'max_depth': 45, 'learning_rate': 0.01175809122228961, 'reg_alpha': 0.03501053570298218, 'reg_lambda': 0.15622308390523873, 'min_child_weight': 5}. Best is trial 213 with value: 0.9463414634146341.
[I 2026-03-24 15:35:25,426] Trial 447 finished with value: 0.941747572815534 and parameters: {'n_estimators': 633, 'max_depth': 39, 'learning_rate': 0.010486826469681906, 'reg_alpha': 0.0004396194864974009, 'reg_lambda': 0.6580698196395597, 'min_child_weight': 10}. Best is trial 213 with value: 0.9463414634146341.
[I 2026-03-24 15:35:25,524] Trial 448 finished with value: 0.941747572815534 and parameters: {'n_estimators': 477, 'max_depth': 50, 'learning_rate': 0.008418700941465155, 'reg_alpha': 7.612660981643583e-05, 'reg_lambda': 3.8049379547712083e-06, 'min_child_weight': 6}. Best is trial 213 with value: 0.9463414634146341.
[I 2026-03-24 15:35:25,662] Trial 449 finished with value: 0.941747572815534 and parameters: {'n_estimators': 745, 'max_depth': 20, 'learning_rate': 0.0017556248080606283, 'reg_alpha': 0.0003284332469193977, 'reg_lambda': 0.005776946225920789, 'min_child_weight': 5}. Best is trial 213 with value: 0.9463414634146341.
[I 2026-03-24 15:35:25,732] Trial 450 finished with value: 0.941747572815534 and parameters: {'n_estimators': 287, 'max_depth': 43, 'learning_rate': 0.0011800429577510923, 'reg_alpha': 5.009520086524299e-05, 'reg_lambda': 0.0004149636895729079, 'min_child_weight': 4}. Best is trial 213 with value: 0.9463414634146341.
[I 2026-03-24 15:35:25,864] Trial 451 finished with value: 0.941747572815534 and parameters: {'n_estimators': 714, 'max_depth': 33, 'learning_rate': 0.002236583166408942, 'reg_alpha': 0.012197885787835018, 'reg_lambda': 0.02392427266593568, 'min_child_weight': 9}. Best is trial 213 with value: 0.9463414634146341.
[I 2026-03-24 15:35:25,924] Trial 452 finished with value: 0.941747572815534 and parameters: {'n_estimators': 214, 'max_depth': 18, 'learning_rate': 0.00929618218684703, 'reg_alpha': 4.771894883776379e-06, 'reg_lambda': 0.22493387433084774, 'min_child_weight': 3}. Best is trial 213 with value: 0.9463414634146341.
[I 2026-03-24 15:35:26,080] Trial 453 finished with value: 0.941747572815534 and parameters: {'n_estimators': 880, 'max_depth': 16, 'learning_rate': 0.006921991747212107, 'reg_alpha': 0.0012474399461339391, 'reg_lambda': 1.538173675451393e-07, 'min_child_weight': 3}. Best is trial 213 with value: 0.9463414634146341.
[I 2026-03-24 15:35:26,207] Trial 454 finished with value: 0.941747572815534 and parameters: {'n_estimators': 429, 'max_depth': 44, 'learning_rate': 0.0057599976192372684, 'reg_alpha': 0.00010367837959355005, 'reg_lambda': 2.8318069354705874e-08, 'min_child_weight': 2}. Best is trial 213 with value: 0.9463414634146341.
[I 2026-03-24 15:35:26,270] Trial 455 finished with value: 0.941747572815534 and parameters: {'n_estimators': 246, 'max_depth': 13, 'learning_rate': 0.0782738520758194, 'reg_alpha': 0.003974145322941294, 'reg_lambda': 6.948624806338294e-06, 'min_child_weight': 6}. Best is trial 213 with value: 0.9463414634146341.
[I 2026-03-24 15:35:26,419] Trial 456 finished with value: 0.941747572815534 and parameters: {'n_estimators': 796, 'max_depth': 41, 'learning_rate': 0.0062027849542901515, 'reg_alpha': 0.5303411941148177, 'reg_lambda': 0.0023618316949224854, 'min_child_weight': 9}. Best is trial 213 with value: 0.9463414634146341.
[I 2026-03-24 15:35:26,562] Trial 457 finished with value: 0.941747572815534 and parameters: {'n_estimators': 769, 'max_depth': 23, 'learning_rate': 0.0020240067577408888, 'reg_alpha': 2.2796188328663008e-05, 'reg_lambda': 0.00010911199009816728, 'min_child_weight': 7}. Best is trial 213 with value: 0.9463414634146341.
[I 2026-03-24 15:35:26,624] Trial 458 finished with value: 0.941747572815534 and parameters: {'n_estimators': 228, 'max_depth': 29, 'learning_rate': 0.0026340586663672685, 'reg_alpha': 0.0007297873720852377, 'reg_lambda': 0.40756261405583577, 'min_child_weight': 10}. Best is trial 213 with value: 0.9463414634146341.
[I 2026-03-24 15:35:26,787] Trial 459 finished with value: 0.941747572815534 and parameters: {'n_estimators': 899, 'max_depth': 40, 'learning_rate': 0.0072292602514269794, 'reg_alpha': 3.136401046582845e-08, 'reg_lambda': 1.1913343090263054e-06, 'min_child_weight': 5}. Best is trial 213 with value: 0.9463414634146341.
[I 2026-03-24 15:35:26,889] Trial 460 finished with value: 0.941747572815534 and parameters: {'n_estimators': 453, 'max_depth': 49, 'learning_rate': 0.06254608578916365, 'reg_alpha': 0.01813117168841867, 'reg_lambda': 0.00017923355570856586, 'min_child_weight': 7}. Best is trial 213 with value: 0.9463414634146341.
[I 2026-03-24 15:35:27,066] Trial 461 finished with value: 0.941747572815534 and parameters: {'n_estimators': 1000, 'max_depth': 39, 'learning_rate': 0.005387037840566235, 'reg_alpha': 0.0029862510275021543, 'reg_lambda': 0.000647310720096176, 'min_child_weight': 4}. Best is trial 213 with value: 0.9463414634146341.
[I 2026-03-24 15:35:27,147] Trial 462 finished with value: 0.941747572815534 and parameters: {'n_estimators': 369, 'max_depth': 37, 'learning_rate': 0.00447949969966333, 'reg_alpha': 0.050572602601238435, 'reg_lambda': 0.08151103353037066, 'min_child_weight': 8}. Best is trial 213 with value: 0.9463414634146341.
[I 2026-03-24 15:35:27,429] Trial 463 finished with value: 0.941747572815534 and parameters: {'n_estimators': 838, 'max_depth': 6, 'learning_rate': 0.0032458581883754688, 'reg_alpha': 0.11131558717081523, 'reg_lambda': 0.05569550148314257, 'min_child_weight': 1}. Best is trial 213 with value: 0.9463414634146341.
[I 2026-03-24 15:35:27,586] Trial 464 finished with value: 0.941747572815534 and parameters: {'n_estimators': 862, 'max_depth': 15, 'learning_rate': 0.08747402644551887, 'reg_alpha': 9.453837689487181e-07, 'reg_lambda': 0.019710599147425175, 'min_child_weight': 3}. Best is trial 213 with value: 0.9463414634146341.
[I 2026-03-24 15:35:27,760] Trial 465 finished with value: 0.941747572815534 and parameters: {'n_estimators': 982, 'max_depth': 41, 'learning_rate': 0.09860473501204112, 'reg_alpha': 0.816466519518651, 'reg_lambda': 1.523126297935897e-08, 'min_child_weight': 10}. Best is trial 213 with value: 0.9463414634146341.
[I 2026-03-24 15:35:27,909] Trial 466 finished with value: 0.941747572815534 and parameters: {'n_estimators': 815, 'max_depth': 47, 'learning_rate': 0.024564365234485585, 'reg_alpha': 0.0013322911634372433, 'reg_lambda': 0.00027520659854440236, 'min_child_weight': 5}. Best is trial 213 with value: 0.9463414634146341.
[I 2026-03-24 15:35:28,010] Trial 467 finished with value: 0.941747572815534 and parameters: {'n_estimators': 497, 'max_depth': 9, 'learning_rate': 0.003650079296615625, 'reg_alpha': 0.00025428884608868065, 'reg_lambda': 0.0013431087132745375, 'min_child_weight': 8}. Best is trial 213 with value: 0.9463414634146341.
[I 2026-03-24 15:35:28,128] Trial 468 finished with value: 0.941747572815534 and parameters: {'n_estimators': 390, 'max_depth': 31, 'learning_rate': 0.008112053706128181, 'reg_alpha': 8.5179301566339e-08, 'reg_lambda': 6.13603814061139e-08, 'min_child_weight': 2}. Best is trial 213 with value: 0.9463414634146341.
[I 2026-03-24 15:35:28,225] Trial 469 finished with value: 0.941747572815534 and parameters: {'n_estimators': 475, 'max_depth': 28, 'learning_rate': 0.0016583258393028074, 'reg_alpha': 1.5211551788753194e-06, 'reg_lambda': 0.12790151421017906, 'min_child_weight': 5}. Best is trial 213 with value: 0.9463414634146341.
[I 2026-03-24 15:35:28,395] Trial 470 finished with value: 0.941747572815534 and parameters: {'n_estimators': 937, 'max_depth': 21, 'learning_rate': 0.0028629651140736536, 'reg_alpha': 0.007346905639657255, 'reg_lambda': 1.564188059821408e-05, 'min_child_weight': 3}. Best is trial 213 with value: 0.9463414634146341.
[I 2026-03-24 15:35:28,532] Trial 471 finished with value: 0.941747572815534 and parameters: {'n_estimators': 735, 'max_depth': 45, 'learning_rate': 0.004903289077586527, 'reg_alpha': 5.832544057584007e-05, 'reg_lambda': 0.27951617387109123, 'min_child_weight': 4}. Best is trial 213 with value: 0.9463414634146341.
[I 2026-03-24 15:35:28,679] Trial 472 finished with value: 0.941747572815534 and parameters: {'n_estimators': 784, 'max_depth': 12, 'learning_rate': 0.038968390503285946, 'reg_alpha': 3.275778667474506e-07, 'reg_lambda': 0.5260399424554492, 'min_child_weight': 10}. Best is trial 213 with value: 0.9463414634146341.
[I 2026-03-24 15:35:28,809] Trial 473 finished with value: 0.941747572815534 and parameters: {'n_estimators': 695, 'max_depth': 43, 'learning_rate': 0.0024543618673149247, 'reg_alpha': 0.0004975373864121748, 'reg_lambda': 3.3811997020351667e-07, 'min_child_weight': 7}. Best is trial 213 with value: 0.9463414634146341.
[I 2026-03-24 15:35:28,935] Trial 474 finished with value: 0.941747572815534 and parameters: {'n_estimators': 661, 'max_depth': 25, 'learning_rate': 0.009134570411769037, 'reg_alpha': 3.9228754990258284e-05, 'reg_lambda': 0.012320538412488416, 'min_child_weight': 6}. Best is trial 213 with value: 0.9463414634146341.
[I 2026-03-24 15:35:29,099] Trial 475 finished with value: 0.9463414634146341 and parameters: {'n_estimators': 443, 'max_depth': 19, 'learning_rate': 0.0063684856363860004, 'reg_alpha': 0.0017474263641401803, 'reg_lambda': 0.003566519703857498, 'min_child_weight': 1}. Best is trial 213 with value: 0.9463414634146341.
[I 2026-03-24 15:35:29,263] Trial 476 finished with value: 0.941747572815534 and parameters: {'n_estimators': 447, 'max_depth': 17, 'learning_rate': 0.005957223225095931, 'reg_alpha': 0.0021187992238025644, 'reg_lambda': 0.004239911836846384, 'min_child_weight': 1}. Best is trial 213 with value: 0.9463414634146341.
[I 2026-03-24 15:35:29,420] Trial 477 finished with value: 0.9411764705882353 and parameters: {'n_estimators': 426, 'max_depth': 18, 'learning_rate': 0.0073551348296632965, 'reg_alpha': 0.0015128836528162308, 'reg_lambda': 0.0025366543792520856, 'min_child_weight': 1}. Best is trial 213 with value: 0.9463414634146341.
[I 2026-03-24 15:35:29,587] Trial 478 finished with value: 0.9463414634146341 and parameters: {'n_estimators': 456, 'max_depth': 17, 'learning_rate': 0.006537813869889206, 'reg_alpha': 0.002473981545213718, 'reg_lambda': 0.003863782304260664, 'min_child_weight': 1}. Best is trial 213 with value: 0.9463414634146341.
[I 2026-03-24 15:35:29,756] Trial 479 finished with value: 0.9411764705882353 and parameters: {'n_estimators': 464, 'max_depth': 17, 'learning_rate': 0.006530252406350919, 'reg_alpha': 0.004101071175719254, 'reg_lambda': 0.004446049385592951, 'min_child_weight': 1}. Best is trial 213 with value: 0.9463414634146341.
[I 2026-03-24 15:35:29,919] Trial 480 finished with value: 0.9411764705882353 and parameters: {'n_estimators': 447, 'max_depth': 19, 'learning_rate': 0.007488137198932216, 'reg_alpha': 0.0036535008946172935, 'reg_lambda': 0.0033253371493173873, 'min_child_weight': 1}. Best is trial 213 with value: 0.9463414634146341.
[I 2026-03-24 15:35:30,078] Trial 481 finished with value: 0.9463414634146341 and parameters: {'n_estimators': 438, 'max_depth': 19, 'learning_rate': 0.006468794734474565, 'reg_alpha': 0.004860968203948326, 'reg_lambda': 0.005850470998308548, 'min_child_weight': 1}. Best is trial 213 with value: 0.9463414634146341.
[I 2026-03-24 15:35:30,257] Trial 482 finished with value: 0.9463414634146341 and parameters: {'n_estimators': 449, 'max_depth': 20, 'learning_rate': 0.006350206345025543, 'reg_alpha': 0.006269247613228877, 'reg_lambda': 0.007032623935773359, 'min_child_weight': 1}. Best is trial 213 with value: 0.9463414634146341.
[I 2026-03-24 15:35:30,417] Trial 483 finished with value: 0.9463414634146341 and parameters: {'n_estimators': 436, 'max_depth': 18, 'learning_rate': 0.006706213928591484, 'reg_alpha': 0.005875898730438794, 'reg_lambda': 0.00683119333352863, 'min_child_weight': 1}. Best is trial 213 with value: 0.9463414634146341.
[I 2026-03-24 15:35:30,595] Trial 484 finished with value: 0.9463414634146341 and parameters: {'n_estimators': 447, 'max_depth': 21, 'learning_rate': 0.00676358248414988, 'reg_alpha': 0.006512117041219619, 'reg_lambda': 0.007842428181044267, 'min_child_weight': 1}. Best is trial 213 with value: 0.9463414634146341.
[I 2026-03-24 15:35:30,754] Trial 485 finished with value: 0.9463414634146341 and parameters: {'n_estimators': 435, 'max_depth': 19, 'learning_rate': 0.006858684032226282, 'reg_alpha': 0.006676755570870197, 'reg_lambda': 0.00861486196523363, 'min_child_weight': 1}. Best is trial 213 with value: 0.9463414634146341.
[I 2026-03-24 15:35:30,910] Trial 486 finished with value: 0.9463414634146341 and parameters: {'n_estimators': 422, 'max_depth': 19, 'learning_rate': 0.006752875111581958, 'reg_alpha': 0.005846166944573614, 'reg_lambda': 0.008537074472505212, 'min_child_weight': 1}. Best is trial 213 with value: 0.9463414634146341.
[I 2026-03-24 15:35:31,061] Trial 487 finished with value: 0.9463414634146341 and parameters: {'n_estimators': 415, 'max_depth': 20, 'learning_rate': 0.007053273296005588, 'reg_alpha': 0.004108469957235414, 'reg_lambda': 0.006499615070563109, 'min_child_weight': 1}. Best is trial 213 with value: 0.9463414634146341.
[I 2026-03-24 15:35:31,213] Trial 488 finished with value: 0.9463414634146341 and parameters: {'n_estimators': 414, 'max_depth': 20, 'learning_rate': 0.007402840570430573, 'reg_alpha': 0.005010017720539696, 'reg_lambda': 0.006911481981418023, 'min_child_weight': 1}. Best is trial 213 with value: 0.9463414634146341.
[I 2026-03-24 15:35:31,365] Trial 489 finished with value: 0.9463414634146341 and parameters: {'n_estimators': 418, 'max_depth': 19, 'learning_rate': 0.006894604493721736, 'reg_alpha': 0.004926917009672314, 'reg_lambda': 0.007665410905227269, 'min_child_weight': 1}. Best is trial 213 with value: 0.9463414634146341.
[I 2026-03-24 15:35:31,522] Trial 490 finished with value: 0.9463414634146341 and parameters: {'n_estimators': 418, 'max_depth': 20, 'learning_rate': 0.007026431166250897, 'reg_alpha': 0.006883835960739218, 'reg_lambda': 0.00725394687773866, 'min_child_weight': 1}. Best is trial 213 with value: 0.9463414634146341.
[I 2026-03-24 15:35:31,675] Trial 491 finished with value: 0.9463414634146341 and parameters: {'n_estimators': 420, 'max_depth': 20, 'learning_rate': 0.006812578795084005, 'reg_alpha': 0.006225863752483401, 'reg_lambda': 0.005734848640996445, 'min_child_weight': 1}. Best is trial 213 with value: 0.9463414634146341.
[I 2026-03-24 15:35:31,829] Trial 492 finished with value: 0.9463414634146341 and parameters: {'n_estimators': 413, 'max_depth': 20, 'learning_rate': 0.006891533900984539, 'reg_alpha': 0.006915344020273976, 'reg_lambda': 0.006734778753609675, 'min_child_weight': 1}. Best is trial 213 with value: 0.9463414634146341.
[I 2026-03-24 15:35:31,981] Trial 493 finished with value: 0.9463414634146341 and parameters: {'n_estimators': 402, 'max_depth': 20, 'learning_rate': 0.006875834277571873, 'reg_alpha': 0.006322003946557584, 'reg_lambda': 0.007172081295240098, 'min_child_weight': 1}. Best is trial 213 with value: 0.9463414634146341.
[I 2026-03-24 15:35:32,130] Trial 494 finished with value: 0.9463414634146341 and parameters: {'n_estimators': 409, 'max_depth': 19, 'learning_rate': 0.006981896289615797, 'reg_alpha': 0.005933585293287967, 'reg_lambda': 0.006483328444148679, 'min_child_weight': 1}. Best is trial 213 with value: 0.9463414634146341.
[I 2026-03-24 15:35:32,280] Trial 495 finished with value: 0.9463414634146341 and parameters: {'n_estimators': 405, 'max_depth': 20, 'learning_rate': 0.006861158560118204, 'reg_alpha': 0.005880021126736583, 'reg_lambda': 0.008053713200087676, 'min_child_weight': 1}. Best is trial 213 with value: 0.9463414634146341.
[I 2026-03-24 15:35:32,430] Trial 496 finished with value: 0.9463414634146341 and parameters: {'n_estimators': 402, 'max_depth': 20, 'learning_rate': 0.006838573680053995, 'reg_alpha': 0.006226033054914238, 'reg_lambda': 0.007590383332740519, 'min_child_weight': 1}. Best is trial 213 with value: 0.9463414634146341.
[I 2026-03-24 15:35:32,580] Trial 497 finished with value: 0.9463414634146341 and parameters: {'n_estimators': 409, 'max_depth': 19, 'learning_rate': 0.006631423112303806, 'reg_alpha': 0.006164895437690837, 'reg_lambda': 0.007758501642890531, 'min_child_weight': 1}. Best is trial 213 with value: 0.9463414634146341.
[I 2026-03-24 15:35:32,730] Trial 498 finished with value: 0.9463414634146341 and parameters: {'n_estimators': 410, 'max_depth': 20, 'learning_rate': 0.0067438297579836, 'reg_alpha': 0.006378266012383593, 'reg_lambda': 0.006959942849797621, 'min_child_weight': 1}. Best is trial 213 with value: 0.9463414634146341.
[I 2026-03-24 15:35:32,891] Trial 499 finished with value: 0.941747572815534 and parameters: {'n_estimators': 399, 'max_depth': 19, 'learning_rate': 0.006691758402901423, 'reg_alpha': 0.006205709076449895, 'reg_lambda': 0.007285042530889426, 'min_child_weight': 1}. Best is trial 213 with value: 0.9463414634146341.
[I 2026-03-24 15:35:33,042] Trial 500 finished with value: 0.9463414634146341 and parameters: {'n_estimators': 409, 'max_depth': 20, 'learning_rate': 0.0069298136036308145, 'reg_alpha': 0.006561332717105995, 'reg_lambda': 0.006706784320609908, 'min_child_weight': 1}. Best is trial 213 with value: 0.9463414634146341.
[I 2026-03-24 15:35:33,191] Trial 501 finished with value: 0.9463414634146341 and parameters: {'n_estimators': 408, 'max_depth': 20, 'learning_rate': 0.0069277303241702445, 'reg_alpha': 0.006487954917120861, 'reg_lambda': 0.007215994873459276, 'min_child_weight': 1}. Best is trial 213 with value: 0.9463414634146341.
[I 2026-03-24 15:35:33,343] Trial 502 finished with value: 0.9463414634146341 and parameters: {'n_estimators': 411, 'max_depth': 20, 'learning_rate': 0.006908986866309469, 'reg_alpha': 0.006659779590886781, 'reg_lambda': 0.00706754187595414, 'min_child_weight': 1}. Best is trial 213 with value: 0.9463414634146341.
[I 2026-03-24 15:35:33,492] Trial 503 finished with value: 0.9463414634146341 and parameters: {'n_estimators': 409, 'max_depth': 20, 'learning_rate': 0.007015127363607321, 'reg_alpha': 0.006291434847916303, 'reg_lambda': 0.007507806820306725, 'min_child_weight': 1}. Best is trial 213 with value: 0.9463414634146341.
[I 2026-03-24 15:35:33,644] Trial 504 finished with value: 0.9463414634146341 and parameters: {'n_estimators': 413, 'max_depth': 20, 'learning_rate': 0.006604011732509318, 'reg_alpha': 0.008565753890690616, 'reg_lambda': 0.006111867569354676, 'min_child_weight': 1}. Best is trial 213 with value: 0.9463414634146341.
[I 2026-03-24 15:35:33,789] Trial 505 finished with value: 0.9463414634146341 and parameters: {'n_estimators': 394, 'max_depth': 19, 'learning_rate': 0.007339679855538366, 'reg_alpha': 0.005360011515920256, 'reg_lambda': 0.010032409762987074, 'min_child_weight': 1}. Best is trial 213 with value: 0.9463414634146341.
[I 2026-03-24 15:35:33,943] Trial 506 finished with value: 0.9463414634146341 and parameters: {'n_estimators': 417, 'max_depth': 19, 'learning_rate': 0.0069779976520371765, 'reg_alpha': 0.0070740098498022295, 'reg_lambda': 0.005671134931659804, 'min_child_weight': 1}. Best is trial 213 with value: 0.9463414634146341.
[I 2026-03-24 15:35:34,092] Trial 507 finished with value: 0.941747572815534 and parameters: {'n_estimators': 404, 'max_depth': 20, 'learning_rate': 0.006394705331613908, 'reg_alpha': 0.0050947478555760225, 'reg_lambda': 0.00816732996248286, 'min_child_weight': 1}. Best is trial 213 with value: 0.9463414634146341.
[I 2026-03-24 15:35:34,244] Trial 508 finished with value: 0.9411764705882353 and parameters: {'n_estimators': 420, 'max_depth': 20, 'learning_rate': 0.007789112074923747, 'reg_alpha': 0.01052600124061163, 'reg_lambda': 0.009442105269315552, 'min_child_weight': 1}. Best is trial 213 with value: 0.9463414634146341.
[I 2026-03-24 15:35:34,388] Trial 509 finished with value: 0.9463414634146341 and parameters: {'n_estimators': 390, 'max_depth': 21, 'learning_rate': 0.006970203257665129, 'reg_alpha': 0.007111976358838604, 'reg_lambda': 0.005863586029314516, 'min_child_weight': 1}. Best is trial 213 with value: 0.9463414634146341.
[I 2026-03-24 15:35:34,543] Trial 510 finished with value: 0.941747572815534 and parameters: {'n_estimators': 424, 'max_depth': 18, 'learning_rate': 0.006413063589795898, 'reg_alpha': 0.005132782150197903, 'reg_lambda': 0.004715385358097473, 'min_child_weight': 1}. Best is trial 213 with value: 0.9463414634146341.
[I 2026-03-24 15:35:34,691] Trial 511 finished with value: 0.9463414634146341 and parameters: {'n_estimators': 401, 'max_depth': 19, 'learning_rate': 0.00769163000341445, 'reg_alpha': 0.010215331650248983, 'reg_lambda': 0.008046882031267757, 'min_child_weight': 1}. Best is trial 213 with value: 0.9463414634146341.
[I 2026-03-24 15:35:34,835] Trial 512 finished with value: 0.941747572815534 and parameters: {'n_estimators': 384, 'max_depth': 20, 'learning_rate': 0.006308134597879299, 'reg_alpha': 0.004483894338333369, 'reg_lambda': 0.011380744410711628, 'min_child_weight': 1}. Best is trial 213 with value: 0.9463414634146341.
