[I 2026-03-24 15:33:01,297] Trial 66 finished with value: 0.941747572815534 and parameters: {'n_estimators': 431, 'max_depth': 31, 'learning_rate': 0.07617051792521701, 'reg_alpha': 0.007245137290156235, 'reg_lambda': 0.00032659210111333353, 'min_child_weight': 10}. Best is trial 0 with value: 0.941747572815534.
[I 2026-03-24 15:33:01,372] Trial 67 finished with value: 0.941747572815534 and parameters: {'n_estimators': 406, 'max_depth': 28, 'learning_rate': 0.0015780705841278821, 'reg_alpha': 6.921897962000621e-05, 'reg_lambda': 4.703928330178156e-05, 'min_child_weight': 6}. Best is trial 0 with value: 0.941747572815534.
[I 2026-03-24 15:33:01,506] Trial 68 finished with value: 0.941747572815534 and parameters: {'n_estimators': 844, 'max_depth': 14, 'learning_rate': 0.012161097729079837, 'reg_alpha': 0.0002687972947779568, 'reg_lambda': 0.00012274747707152666, 'min_child_weight': 9}. Best is trial 0 with value: 0.941747572815534.
[I 2026-03-24 15:33:01,648] Trial 69 finished with value: 0.941747572815534 and parameters: {'n_estimators': 888, 'max_depth': 23, 'learning_rate': 0.02212302048779537, 'reg_alpha': 0.0010074354167122798, 'reg_lambda': 5.426276130271363e-07, 'min_child_weight': 7}. Best is trial 0 with value: 0.941747572815534.
[I 2026-03-24 15:33:01,774] Trial 70 finished with value: 0.941747572815534 and parameters: {'n_estimators': 798, 'max_depth': 47, 'learning_rate': 0.04368039121329574, 'reg_alpha': 1.5109676685653482e-07, 'reg_lambda': 4.7234722080413654e-06, 'min_child_weight': 5}. Best is trial 0 with value: 0.941747572815534.
[I 2026-03-24 15:33:01,923] Trial 71 finished with value: 0.941747572815534 and parameters: {'n_estimators': 973, 'max_depth': 16, 'learning_rate': 0.049401939466744337, 'reg_alpha': 0.16700068515411853, 'reg_lambda': 8.771903293980491e-08, 'min_child_weight': 10}. Best is trial 0 with value: 0.941747572815534.
[I 2026-03-24 15:33:02,067] Trial 72 finished with value: 0.941747572815534 and parameters: {'n_estimators': 934, 'max_depth': 25, 'learning_rate': 0.09828814859800715, 'reg_alpha': 0.7074979897350223, 'reg_lambda': 1.0896411141129906e-06, 'min_child_weight': 10}. Best is trial 0 with value: 0.941747572815534.
[I 2026-03-24 15:33:02,190] Trial 73 finished with value: 0.941747572815534 and parameters: {'n_estimators': 751, 'max_depth': 30, 'learning_rate': 0.05939478535295633, 'reg_alpha': 5.926284598506972e-06, 'reg_lambda': 1.4965230991551322e-08, 'min_child_weight': 10}. Best is trial 0 with value: 0.941747572815534.
[I 2026-03-24 15:33:02,250] Trial 74 finished with value: 0.941747572815534 and parameters: {'n_estimators': 294, 'max_depth': 21, 'learning_rate': 0.03662068708492836, 'reg_alpha': 0.040235807975911454, 'reg_lambda': 2.0987922714150992e-06, 'min_child_weight': 6}. Best is trial 0 with value: 0.941747572815534.
[I 2026-03-24 15:33:02,362] Trial 75 finished with value: 0.941747572815534 and parameters: {'n_estimators': 689, 'max_depth': 19, 'learning_rate': 0.06679539665838216, 'reg_alpha': 4.004005174425647e-05, 'reg_lambda': 1.6433274026751868e-07, 'min_child_weight': 10}. Best is trial 0 with value: 0.941747572815534.
[I 2026-03-24 15:33:02,432] Trial 76 finished with value: 0.941747572815534 and parameters: {'n_estimators': 363, 'max_depth': 8, 'learning_rate': 0.08167744340387177, 'reg_alpha': 2.581577420775208e-05, 'reg_lambda': 3.615876780499248e-08, 'min_child_weight': 9}. Best is trial 0 with value: 0.941747572815534.
[I 2026-03-24 15:33:02,574] Trial 77 finished with value: 0.941747572815534 and parameters: {'n_estimators': 866, 'max_depth': 13, 'learning_rate': 0.030798286226671995, 'reg_alpha': 0.00010278450431369863, 'reg_lambda': 2.8157683786038e-07, 'min_child_weight': 8}. Best is trial 0 with value: 0.941747572815534.
[I 2026-03-24 15:33:02,707] Trial 78 finished with value: 0.941747572815534 and parameters: {'n_estimators': 833, 'max_depth': 24, 'learning_rate': 0.02448035602358483, 'reg_alpha': 1.6204392961065085e-05, 'reg_lambda': 0.019632602091545808, 'min_child_weight': 10}. Best is trial 0 with value: 0.941747572815534.
[I 2026-03-24 15:33:02,774] Trial 79 finished with value: 0.941747572815534 and parameters: {'n_estimators': 326, 'max_depth': 10, 'learning_rate': 0.039072717175774145, 'reg_alpha': 0.01999252053309002, 'reg_lambda': 0.8763037399488135, 'min_child_weight': 6}. Best is trial 0 with value: 0.941747572815534.
[I 2026-03-24 15:33:02,849] Trial 80 finished with value: 0.941747572815534 and parameters: {'n_estimators': 396, 'max_depth': 29, 'learning_rate': 0.006066421077776602, 'reg_alpha': 0.0016776842574832392, 'reg_lambda': 0.005723340999986409, 'min_child_weight': 9}. Best is trial 0 with value: 0.941747572815534.
[I 2026-03-24 15:33:02,995] Trial 81 finished with value: 0.941747572815534 and parameters: {'n_estimators': 942, 'max_depth': 15, 'learning_rate': 0.05101079326558373, 'reg_alpha': 1.579569878217227e-06, 'reg_lambda': 0.05135573384375836, 'min_child_weight': 4}. Best is trial 0 with value: 0.941747572815534.
[I 2026-03-24 15:33:03,138] Trial 82 finished with value: 0.941747572815534 and parameters: {'n_estimators': 894, 'max_depth': 18, 'learning_rate': 0.04564425606553071, 'reg_alpha': 8.560850667864167e-06, 'reg_lambda': 2.0338565037801362e-05, 'min_child_weight': 5}. Best is trial 0 with value: 0.941747572815534.
[I 2026-03-24 15:33:03,290] Trial 83 finished with value: 0.941747572815534 and parameters: {'n_estimators': 983, 'max_depth': 12, 'learning_rate': 0.018967579936878313, 'reg_alpha': 2.1739863283822086e-06, 'reg_lambda': 0.18747434327677398, 'min_child_weight': 5}. Best is trial 0 with value: 0.941747572815534.
[I 2026-03-24 15:33:03,443] Trial 84 finished with value: 0.941747572815534 and parameters: {'n_estimators': 957, 'max_depth': 15, 'learning_rate': 0.03388233759897855, 'reg_alpha': 0.07940093100096142, 'reg_lambda': 0.5345135909691253, 'min_child_weight': 6}. Best is trial 0 with value: 0.941747572815534.
[I 2026-03-24 15:33:03,525] Trial 85 finished with value: 0.941747572815534 and parameters: {'n_estimators': 445, 'max_depth': 49, 'learning_rate': 0.05732733059764653, 'reg_alpha': 9.863973604225197e-07, 'reg_lambda': 0.08710162680176745, 'min_child_weight': 7}. Best is trial 0 with value: 0.941747572815534.
[I 2026-03-24 15:33:03,618] Trial 86 finished with value: 0.941747572815534 and parameters: {'n_estimators': 521, 'max_depth': 17, 'learning_rate': 0.04044195261773626, 'reg_alpha': 0.007557333627302795, 'reg_lambda': 9.701919527435346e-08, 'min_child_weight': 4}. Best is trial 0 with value: 0.941747572815534.
[I 2026-03-24 15:33:03,765] Trial 87 finished with value: 0.941747572815534 and parameters: {'n_estimators': 917, 'max_depth': 21, 'learning_rate': 0.014849950905817144, 'reg_alpha': 3.4976123995892036e-07, 'reg_lambda': 9.668649782308461e-06, 'min_child_weight': 5}. Best is trial 0 with value: 0.941747572815534.
[I 2026-03-24 15:33:03,892] Trial 88 finished with value: 0.941747572815534 and parameters: {'n_estimators': 775, 'max_depth': 14, 'learning_rate': 0.026883681794814013, 'reg_alpha': 4.3463599845992545e-08, 'reg_lambda': 2.8985603440374588e-05, 'min_child_weight': 10}. Best is trial 0 with value: 0.941747572815534.
[I 2026-03-24 15:33:03,966] Trial 89 finished with value: 0.941747572815534 and parameters: {'n_estimators': 379, 'max_depth': 10, 'learning_rate': 0.004026268109079828, 'reg_alpha': 0.0007217798647731751, 'reg_lambda': 0.0013048736765653584, 'min_child_weight': 6}. Best is trial 0 with value: 0.941747572815534.
[I 2026-03-24 15:33:04,076] Trial 90 finished with value: 0.941747572815534 and parameters: {'n_estimators': 641, 'max_depth': 50, 'learning_rate': 0.009595081562570553, 'reg_alpha': 4.562905071090499e-06, 'reg_lambda': 8.090971851447693e-05, 'min_child_weight': 9}. Best is trial 0 with value: 0.941747572815534.
[I 2026-03-24 15:33:04,171] Trial 91 finished with value: 0.941747572815534 and parameters: {'n_estimators': 535, 'max_depth': 45, 'learning_rate': 0.06603815130950316, 'reg_alpha': 0.002630417960397191, 'reg_lambda': 2.0526505330615637e-07, 'min_child_weight': 3}. Best is trial 0 with value: 0.941747572815534.
[I 2026-03-24 15:33:04,260] Trial 92 finished with value: 0.941747572815534 and parameters: {'n_estimators': 494, 'max_depth': 47, 'learning_rate': 0.046077615894439636, 'reg_alpha': 0.004860245520248873, 'reg_lambda': 2.372614265180428e-08, 'min_child_weight': 3}. Best is trial 0 with value: 0.941747572815534.
[I 2026-03-24 15:33:04,419] Trial 93 finished with value: 0.941747572815534 and parameters: {'n_estimators': 999, 'max_depth': 49, 'learning_rate': 0.0544002490268087, 'reg_alpha': 2.3166372387504497e-07, 'reg_lambda': 6.483412057548736e-08, 'min_child_weight': 2}. Best is trial 0 with value: 0.941747572815534.
[I 2026-03-24 15:33:04,520] Trial 94 finished with value: 0.941747572815534 and parameters: {'n_estimators': 569, 'max_depth': 43, 'learning_rate': 0.07527080050223994, 'reg_alpha': 0.01534385283868392, 'reg_lambda': 0.0004410354596645996, 'min_child_weight': 2}. Best is trial 0 with value: 0.941747572815534.
[I 2026-03-24 15:33:04,648] Trial 95 finished with value: 0.9313725490196079 and parameters: {'n_estimators': 485, 'max_depth': 37, 'learning_rate': 0.032379190385464156, 'reg_alpha': 0.00038002070551171986, 'reg_lambda': 8.070119506522838e-07, 'min_child_weight': 1}. Best is trial 0 with value: 0.941747572815534.
[I 2026-03-24 15:33:04,732] Trial 96 finished with value: 0.941747572815534 and parameters: {'n_estimators': 449, 'max_depth': 50, 'learning_rate': 0.001171133326100671, 'reg_alpha': 0.16585723846563202, 'reg_lambda': 0.00017761551403882393, 'min_child_weight': 4}. Best is trial 0 with value: 0.941747572815534.
[I 2026-03-24 15:33:04,812] Trial 97 finished with value: 0.941747572815534 and parameters: {'n_estimators': 420, 'max_depth': 34, 'learning_rate': 0.003445747905047131, 'reg_alpha': 1.0399503596565831e-06, 'reg_lambda': 1.072169844400379e-07, 'min_child_weight': 10}. Best is trial 0 with value: 0.941747572815534.
[I 2026-03-24 15:33:04,879] Trial 98 finished with value: 0.941747572815534 and parameters: {'n_estimators': 326, 'max_depth': 40, 'learning_rate': 0.0024646152496337116, 'reg_alpha': 0.000166599029548655, 'reg_lambda': 4.1313324455737225e-07, 'min_child_weight': 7}. Best is trial 0 with value: 0.941747572815534.
[I 2026-03-24 15:33:04,965] Trial 99 finished with value: 0.941747572815534 and parameters: {'n_estimators': 460, 'max_depth': 13, 'learning_rate': 0.05074226520603217, 'reg_alpha': 2.7061913579767932e-06, 'reg_lambda': 1.0597370389759588e-08, 'min_child_weight': 8}. Best is trial 0 with value: 0.941747572815534.
[I 2026-03-24 15:33:05,112] Trial 100 finished with value: 0.941747572815534 and parameters: {'n_estimators': 903, 'max_depth': 27, 'learning_rate': 0.037706613316921204, 'reg_alpha': 0.008876723782383251, 'reg_lambda': 0.003299057694670933, 'min_child_weight': 5}. Best is trial 0 with value: 0.941747572815534.
[I 2026-03-24 15:33:05,186] Trial 101 finished with value: 0.941747572815534 and parameters: {'n_estimators': 230, 'max_depth': 45, 'learning_rate': 0.0017275803922682305, 'reg_alpha': 1.543424902511835e-08, 'reg_lambda': 5.935928176129454e-06, 'min_child_weight': 1}. Best is trial 0 with value: 0.941747572815534.
[I 2026-03-24 15:33:05,245] Trial 102 finished with value: 0.941747572815534 and parameters: {'n_estimators': 260, 'max_depth': 38, 'learning_rate': 0.00101371803275468, 'reg_alpha': 3.456237268595206e-08, 'reg_lambda': 5.533029096454568e-05, 'min_child_weight': 3}. Best is trial 0 with value: 0.941747572815534.
[I 2026-03-24 15:33:05,296] Trial 103 finished with value: 0.941747572815534 and parameters: {'n_estimators': 203, 'max_depth': 41, 'learning_rate': 0.06066587815785978, 'reg_alpha': 0.02862787736972039, 'reg_lambda': 5.5971532223574005e-08, 'min_child_weight': 10}. Best is trial 0 with value: 0.941747572815534.
[I 2026-03-24 15:33:05,427] Trial 104 finished with value: 0.941747572815534 and parameters: {'n_estimators': 505, 'max_depth': 48, 'learning_rate': 0.001429064991910709, 'reg_alpha': 7.636600537405054e-05, 'reg_lambda': 0.00014911275481846703, 'min_child_weight': 1}. Best is trial 0 with value: 0.941747572815534.
[I 2026-03-24 15:33:05,523] Trial 105 finished with value: 0.941747572815534 and parameters: {'n_estimators': 529, 'max_depth': 46, 'learning_rate': 0.0431249860809226, 'reg_alpha': 0.0002640311264777662, 'reg_lambda': 0.03495031141280195, 'min_child_weight': 2}. Best is trial 0 with value: 0.941747572815534.
[I 2026-03-24 15:33:05,624] Trial 106 finished with value: 0.941747572815534 and parameters: {'n_estimators': 549, 'max_depth': 25, 'learning_rate': 0.0030458258954663892, 'reg_alpha': 0.048962196055938496, 'reg_lambda': 3.687702187304067e-05, 'min_child_weight': 3}. Best is trial 0 with value: 0.941747572815534.
[I 2026-03-24 15:33:05,771] Trial 107 finished with value: 0.941747572815534 and parameters: {'n_estimators': 878, 'max_depth': 16, 'learning_rate': 0.07058852766821695, 'reg_alpha': 4.7660861229932457e-05, 'reg_lambda': 1.64947226303156e-05, 'min_child_weight': 7}. Best is trial 0 with value: 0.941747572815534.
[I 2026-03-24 15:33:05,834] Trial 108 finished with value: 0.941747572815534 and parameters: {'n_estimators': 282, 'max_depth': 11, 'learning_rate': 0.08378863401923219, 'reg_alpha': 0.003921792748685213, 'reg_lambda': 3.782513569016968e-06, 'min_child_weight': 9}. Best is trial 0 with value: 0.941747572815534.
[I 2026-03-24 15:33:05,891] Trial 109 finished with value: 0.941747572815534 and parameters: {'n_estimators': 233, 'max_depth': 22, 'learning_rate': 0.0026038533379197154, 'reg_alpha': 0.2707513534887741, 'reg_lambda': 0.012262646110358455, 'min_child_weight': 10}. Best is trial 0 with value: 0.941747572815534.
[I 2026-03-24 15:33:06,042] Trial 110 finished with value: 0.941747572815534 and parameters: {'n_estimators': 927, 'max_depth': 20, 'learning_rate': 0.0050564311823974315, 'reg_alpha': 6.96451165998826e-06, 'reg_lambda': 0.0009228018251044559, 'min_child_weight': 5}. Best is trial 0 with value: 0.941747572815534.
[I 2026-03-24 15:33:06,167] Trial 111 finished with value: 0.941747572815534 and parameters: {'n_estimators': 735, 'max_depth': 27, 'learning_rate': 0.0017964580843510638, 'reg_alpha': 0.005917711477815057, 'reg_lambda': 0.0027909013165320073, 'min_child_weight': 6}. Best is trial 0 with value: 0.941747572815534.
[I 2026-03-24 15:33:06,302] Trial 112 finished with value: 0.941747572815534 and parameters: {'n_estimators': 801, 'max_depth': 26, 'learning_rate': 0.0073484268825344794, 'reg_alpha': 0.0013892409000788582, 'reg_lambda': 0.0002549550068687843, 'min_child_weight': 10}. Best is trial 0 with value: 0.941747572815534.
[I 2026-03-24 15:33:06,434] Trial 113 finished with value: 0.941747572815534 and parameters: {'n_estimators': 771, 'max_depth': 28, 'learning_rate': 0.0013209166438330816, 'reg_alpha': 0.0024360867336566455, 'reg_lambda': 0.0059245510625622385, 'min_child_weight': 7}. Best is trial 0 with value: 0.941747572815534.
[I 2026-03-24 15:33:06,510] Trial 114 finished with value: 0.941747572815534 and parameters: {'n_estimators': 363, 'max_depth': 32, 'learning_rate': 0.0020261390831005106, 'reg_alpha': 0.011655520216318252, 'reg_lambda': 0.0020809933187907804, 'min_child_weight': 8}. Best is trial 0 with value: 0.941747572815534.
[I 2026-03-24 15:33:06,632] Trial 115 finished with value: 0.941747572815534 and parameters: {'n_estimators': 709, 'max_depth': 24, 'learning_rate': 0.00455673742105065, 'reg_alpha': 0.025941286314047872, 'reg_lambda': 1.5222887608935515e-07, 'min_child_weight': 6}. Best is trial 0 with value: 0.941747572815534.
[I 2026-03-24 15:33:06,775] Trial 116 finished with value: 0.941747572815534 and parameters: {'n_estimators': 848, 'max_depth': 26, 'learning_rate': 0.0022157088984324012, 'reg_alpha': 0.45649106820581553, 'reg_lambda': 0.0005679130042969908, 'min_child_weight': 9}. Best is trial 0 with value: 0.941747572815534.
[I 2026-03-24 15:33:06,880] Trial 117 finished with value: 0.941747572815534 and parameters: {'n_estimators': 600, 'max_depth': 30, 'learning_rate': 0.0032220230935407408, 'reg_alpha': 0.00012778013319920806, 'reg_lambda': 0.0009036445086387896, 'min_child_weight': 9}. Best is trial 0 with value: 0.941747572815534.
[I 2026-03-24 15:33:07,035] Trial 118 finished with value: 0.941747572815534 and parameters: {'n_estimators': 945, 'max_depth': 29, 'learning_rate': 0.05547685770237979, 'reg_alpha': 0.09948420787420569, 'reg_lambda': 9.507412444944824e-05, 'min_child_weight': 6}. Best is trial 0 with value: 0.941747572815534.
[I 2026-03-24 15:33:07,150] Trial 119 finished with value: 0.941747572815534 and parameters: {'n_estimators': 673, 'max_depth': 47, 'learning_rate': 0.04789318983115972, 'reg_alpha': 3.859506858446578e-06, 'reg_lambda': 0.00423260142976435, 'min_child_weight': 10}. Best is trial 0 with value: 0.941747572815534.
[I 2026-03-24 15:33:07,306] Trial 120 finished with value: 0.941747572815534 and parameters: {'n_estimators': 970, 'max_depth': 18, 'learning_rate': 0.0350476759320455, 'reg_alpha': 1.4872829940212847e-05, 'reg_lambda': 2.8456496566949284e-08, 'min_child_weight': 5}. Best is trial 0 with value: 0.941747572815534.
[I 2026-03-24 15:33:07,414] Trial 121 finished with value: 0.941747572815534 and parameters: {'n_estimators': 628, 'max_depth': 24, 'learning_rate': 0.020573690917412, 'reg_alpha': 0.0005433496660939717, 'reg_lambda': 0.26510447334604753, 'min_child_weight': 2}. Best is trial 0 with value: 0.941747572815534.
[I 2026-03-24 15:33:07,595] Trial 122 finished with value: 0.9313725490196079 and parameters: {'n_estimators': 699, 'max_depth': 22, 'learning_rate': 0.010917048431764482, 'reg_alpha': 5.342784715609268e-07, 'reg_lambda': 0.4759610130781654, 'min_child_weight': 1}. Best is trial 0 with value: 0.941747572815534.
[I 2026-03-24 15:33:07,713] Trial 123 finished with value: 0.941747572815534 and parameters: {'n_estimators': 661, 'max_depth': 23, 'learning_rate': 0.024608443532937282, 'reg_alpha': 0.000813672352346601, 'reg_lambda': 0.0719924415269901, 'min_child_weight': 2}. Best is trial 0 with value: 0.941747572815534.
[I 2026-03-24 15:33:07,909] Trial 124 finished with value: 0.9313725490196079 and parameters: {'n_estimators': 757, 'max_depth': 25, 'learning_rate': 0.007786020212734729, 'reg_alpha': 0.0011137237769685989, 'reg_lambda': 0.01698601190360955, 'min_child_weight': 1}. Best is trial 0 with value: 0.941747572815534.
[I 2026-03-24 15:33:08,045] Trial 125 finished with value: 0.941747572815534 and parameters: {'n_estimators': 810, 'max_depth': 14, 'learning_rate': 0.0059869420396600785, 'reg_alpha': 9.551501087797833e-08, 'reg_lambda': 1.732811726731701e-06, 'min_child_weight': 7}. Best is trial 0 with value: 0.941747572815534.
[I 2026-03-24 15:33:08,169] Trial 126 finished with value: 0.941747572815534 and parameters: {'n_estimators': 729, 'max_depth': 11, 'learning_rate': 0.0036215112039475507, 'reg_alpha': 0.00022446911152823246, 'reg_lambda': 0.12837637351001924, 'min_child_weight': 4}. Best is trial 0 with value: 0.941747572815534.
[I 2026-03-24 15:33:08,293] Trial 127 finished with value: 0.941747572815534 and parameters: {'n_estimators': 719, 'max_depth': 27, 'learning_rate': 0.0158304845008434, 'reg_alpha': 9.607654765503222e-05, 'reg_lambda': 7.708680879458204e-06, 'min_child_weight': 10}. Best is trial 0 with value: 0.941747572815534.
[I 2026-03-24 15:33:08,377] Trial 128 finished with value: 0.941747572815534 and parameters: {'n_estimators': 415, 'max_depth': 49, 'learning_rate': 0.029100654728211727, 'reg_alpha': 3.147453673102278e-05, 'reg_lambda': 1.3603591881601609e-05, 'min_child_weight': 2}. Best is trial 0 with value: 0.941747572815534.
[I 2026-03-24 15:33:08,513] Trial 129 finished with value: 0.941747572815534 and parameters: {'n_estimators': 824, 'max_depth': 23, 'learning_rate': 0.013364841463132694, 'reg_alpha': 0.003972294552987204, 'reg_lambda': 0.8233094697668388, 'min_child_weight': 8}. Best is trial 0 with value: 0.941747572815534.
[I 2026-03-24 15:33:08,673] Trial 130 finished with value: 0.941747572815534 and parameters: {'n_estimators': 982, 'max_depth': 44, 'learning_rate': 0.04045171960224515, 'reg_alpha': 0.0003234638843758405, 'reg_lambda': 6.998821456752512e-08, 'min_child_weight': 6}. Best is trial 0 with value: 0.941747572815534.
[I 2026-03-24 15:33:08,741] Trial 131 finished with value: 0.941747572815534 and parameters: {'n_estimators': 309, 'max_depth': 29, 'learning_rate': 0.005501252247810255, 'reg_alpha': 0.5204971211692528, 'reg_lambda': 0.0019645270511483947, 'min_child_weight': 7}. Best is trial 0 with value: 0.941747572815534.
[I 2026-03-24 15:33:08,813] Trial 132 finished with value: 0.941747572815534 and parameters: {'n_estimators': 336, 'max_depth': 39, 'learning_rate': 0.004585108938105139, 'reg_alpha': 0.9357260609738642, 'reg_lambda': 0.00040024134062454915, 'min_child_weight': 8}. Best is trial 0 with value: 0.941747572815534.
[I 2026-03-24 15:33:08,891] Trial 133 finished with value: 0.941747572815534 and parameters: {'n_estimators': 389, 'max_depth': 36, 'learning_rate': 0.0028605245772318987, 'reg_alpha': 0.05520162722978709, 'reg_lambda': 0.001444443667891223, 'min_child_weight': 10}. Best is trial 0 with value: 0.941747572815534.
[I 2026-03-24 15:33:08,968] Trial 134 finished with value: 0.941747572815534 and parameters: {'n_estimators': 367, 'max_depth': 42, 'learning_rate': 0.006224330416681525, 'reg_alpha': 0.020630676308074625, 'reg_lambda': 0.3303159314414657, 'min_child_weight': 9}. Best is trial 0 with value: 0.941747572815534.
[I 2026-03-24 15:33:09,072] Trial 135 finished with value: 0.941747572815534 and parameters: {'n_estimators': 568, 'max_depth': 19, 'learning_rate': 0.061946049360877144, 'reg_alpha': 0.013977304594901591, 'reg_lambda': 0.009255390344644286, 'min_child_weight': 8}. Best is trial 0 with value: 0.941747572815534.
