[I 2026-03-24 15:33:09,134] Trial 136 finished with value: 0.941747572815534 and parameters: {'n_estimators': 265, 'max_depth': 31, 'learning_rate': 0.04835201007388757, 'reg_alpha': 0.008295394941920766, 'reg_lambda': 2.3708924828507996e-07, 'min_child_weight': 6}. Best is trial 0 with value: 0.941747572815534.
[I 2026-03-24 15:33:09,201] Trial 137 finished with value: 0.941747572815534 and parameters: {'n_estimators': 299, 'max_depth': 16, 'learning_rate': 0.031047132469276664, 'reg_alpha': 0.24892814067120933, 'reg_lambda': 3.0352322711403664e-05, 'min_child_weight': 10}. Best is trial 0 with value: 0.941747572815534.
[I 2026-03-24 15:33:09,275] Trial 138 finished with value: 0.941747572815534 and parameters: {'n_estimators': 346, 'max_depth': 48, 'learning_rate': 0.0035199060968856334, 'reg_alpha': 2.502557590711041e-05, 'reg_lambda': 1.912128177969305e-08, 'min_child_weight': 3}. Best is trial 0 with value: 0.941747572815534.
[I 2026-03-24 15:33:09,515] Trial 139 finished with value: 0.9313725490196079 and parameters: {'n_estimators': 954, 'max_depth': 50, 'learning_rate': 0.008309597830641866, 'reg_alpha': 0.10997575042825773, 'reg_lambda': 4.5240530530547685e-07, 'min_child_weight': 1}. Best is trial 0 with value: 0.941747572815534.
[I 2026-03-24 15:33:09,607] Trial 140 finished with value: 0.941747572815534 and parameters: {'n_estimators': 471, 'max_depth': 12, 'learning_rate': 0.00245426457127622, 'reg_alpha': 0.16992788661926156, 'reg_lambda': 0.004727765601880474, 'min_child_weight': 5}. Best is trial 0 with value: 0.941747572815534.
[I 2026-03-24 15:33:09,752] Trial 141 finished with value: 0.941747572815534 and parameters: {'n_estimators': 873, 'max_depth': 8, 'learning_rate': 0.0015105176647670015, 'reg_alpha': 0.0005452930852289804, 'reg_lambda': 4.6766905009154266e-08, 'min_child_weight': 3}. Best is trial 0 with value: 0.941747572815534.
[I 2026-03-24 15:33:09,883] Trial 142 finished with value: 0.941747572815534 and parameters: {'n_estimators': 770, 'max_depth': 6, 'learning_rate': 0.0010820697359465309, 'reg_alpha': 0.0020564626519234113, 'reg_lambda': 0.00011183574491256292, 'min_child_weight': 2}. Best is trial 0 with value: 0.941747572815534.
[I 2026-03-24 15:33:09,969] Trial 143 finished with value: 0.941747572815534 and parameters: {'n_estimators': 437, 'max_depth': 15, 'learning_rate': 0.0011718909611678813, 'reg_alpha': 0.003050006175157351, 'reg_lambda': 0.0027180013758875375, 'min_child_weight': 3}. Best is trial 0 with value: 0.941747572815534.
[I 2026-03-24 15:33:10,107] Trial 144 finished with value: 0.941747572815534 and parameters: {'n_estimators': 792, 'max_depth': 17, 'learning_rate': 0.0012850362328664607, 'reg_alpha': 0.005277796864462045, 'reg_lambda': 0.0009873111396350328, 'min_child_weight': 7}. Best is trial 0 with value: 0.941747572815534.
[I 2026-03-24 15:33:10,262] Trial 145 finished with value: 0.941747572815534 and parameters: {'n_estimators': 910, 'max_depth': 13, 'learning_rate': 0.04195655971355759, 'reg_alpha': 0.0011551500279405294, 'reg_lambda': 0.0002763275773621508, 'min_child_weight': 4}. Best is trial 0 with value: 0.941747572815534.
[I 2026-03-24 15:33:10,321] Trial 146 finished with value: 0.941747572815534 and parameters: {'n_estimators': 222, 'max_depth': 21, 'learning_rate': 0.052387201628666565, 'reg_alpha': 0.0001975789372712077, 'reg_lambda': 2.6472405109502113e-06, 'min_child_weight': 10}. Best is trial 0 with value: 0.941747572815534.
[I 2026-03-24 15:33:10,460] Trial 147 finished with value: 0.941747572815534 and parameters: {'n_estimators': 827, 'max_depth': 34, 'learning_rate': 0.0018354673258286682, 'reg_alpha': 0.6477968170822149, 'reg_lambda': 7.063988328341405e-05, 'min_child_weight': 8}. Best is trial 0 with value: 0.941747572815534.
[I 2026-03-24 15:33:10,602] Trial 148 finished with value: 0.941747572815534 and parameters: {'n_estimators': 858, 'max_depth': 7, 'learning_rate': 0.010053509673026494, 'reg_alpha': 1.8860603214222644e-07, 'reg_lambda': 1.2597505474603488e-07, 'min_child_weight': 4}. Best is trial 0 with value: 0.941747572815534.
[I 2026-03-24 15:33:10,666] Trial 149 finished with value: 0.941747572815534 and parameters: {'n_estimators': 276, 'max_depth': 25, 'learning_rate': 0.045302746972854135, 'reg_alpha': 0.0004390420474926276, 'reg_lambda': 0.039398147509974925, 'min_child_weight': 6}. Best is trial 0 with value: 0.941747572815534.
[I 2026-03-24 15:33:10,808] Trial 150 finished with value: 0.941747572815534 and parameters: {'n_estimators': 838, 'max_depth': 46, 'learning_rate': 0.03635575965937, 'reg_alpha': 2.286121849693408e-08, 'reg_lambda': 0.00018961458669040194, 'min_child_weight': 5}. Best is trial 0 with value: 0.941747572815534.
[I 2026-03-24 15:33:10,919] Trial 151 finished with value: 0.941747572815534 and parameters: {'n_estimators': 625, 'max_depth': 36, 'learning_rate': 0.06581698124522789, 'reg_alpha': 0.036124611961333875, 'reg_lambda': 0.025974160223632286, 'min_child_weight': 8}. Best is trial 0 with value: 0.941747572815534.
[I 2026-03-24 15:33:11,028] Trial 152 finished with value: 0.941747572815534 and parameters: {'n_estimators': 606, 'max_depth': 33, 'learning_rate': 0.01258130904002752, 'reg_alpha': 0.05816857289389785, 'reg_lambda': 0.007060909353574435, 'min_child_weight': 7}. Best is trial 0 with value: 0.941747572815534.
[I 2026-03-24 15:33:11,143] Trial 153 finished with value: 0.941747572815534 and parameters: {'n_estimators': 658, 'max_depth': 38, 'learning_rate': 0.011048231458487235, 'reg_alpha': 0.020178567669077618, 'reg_lambda': 0.09479125535364227, 'min_child_weight': 8}. Best is trial 0 with value: 0.941747572815534.
[I 2026-03-24 15:33:11,205] Trial 154 finished with value: 0.941747572815534 and parameters: {'n_estimators': 249, 'max_depth': 9, 'learning_rate': 0.014253935173272093, 'reg_alpha': 0.01102185525227239, 'reg_lambda': 0.011287200623980033, 'min_child_weight': 9}. Best is trial 0 with value: 0.941747572815534.
[I 2026-03-24 15:33:11,334] Trial 155 finished with value: 0.941747572815534 and parameters: {'n_estimators': 751, 'max_depth': 39, 'learning_rate': 0.01716670675341596, 'reg_alpha': 2.2531091497368447e-06, 'reg_lambda': 4.0121033678407804e-05, 'min_child_weight': 10}. Best is trial 0 with value: 0.941747572815534.
[I 2026-03-24 15:33:11,456] Trial 156 finished with value: 0.941747572815534 and parameters: {'n_estimators': 686, 'max_depth': 28, 'learning_rate': 0.009684379274469548, 'reg_alpha': 9.694341828691828e-06, 'reg_lambda': 0.016863655788526537, 'min_child_weight': 8}. Best is trial 0 with value: 0.941747572815534.
[I 2026-03-24 15:33:11,563] Trial 157 finished with value: 0.941747572815534 and parameters: {'n_estimators': 586, 'max_depth': 37, 'learning_rate': 0.001618546055903607, 'reg_alpha': 1.3089505840483958e-06, 'reg_lambda': 0.05441420725775147, 'min_child_weight': 2}. Best is trial 0 with value: 0.941747572815534.
[I 2026-03-24 15:33:11,657] Trial 158 finished with value: 0.941747572815534 and parameters: {'n_estimators': 488, 'max_depth': 22, 'learning_rate': 0.05574084757326824, 'reg_alpha': 7.482386500789139e-05, 'reg_lambda': 2.422410598570147e-05, 'min_child_weight': 6}. Best is trial 0 with value: 0.941747572815534.
[I 2026-03-24 15:33:11,804] Trial 159 finished with value: 0.941747572815534 and parameters: {'n_estimators': 892, 'max_depth': 41, 'learning_rate': 0.004272375817839335, 'reg_alpha': 5.836835309628745e-08, 'reg_lambda': 0.0022010495254972903, 'min_child_weight': 9}. Best is trial 0 with value: 0.941747572815534.
[I 2026-03-24 15:33:11,956] Trial 160 finished with value: 0.941747572815534 and parameters: {'n_estimators': 923, 'max_depth': 25, 'learning_rate': 0.028145112543001068, 'reg_alpha': 0.00015677155253688728, 'reg_lambda': 6.648009247235696e-07, 'min_child_weight': 7}. Best is trial 0 with value: 0.941747572815534.
[I 2026-03-24 15:33:12,038] Trial 161 finished with value: 0.941747572815534 and parameters: {'n_estimators': 405, 'max_depth': 23, 'learning_rate': 0.0038196424590619424, 'reg_alpha': 4.7394206016388066e-05, 'reg_lambda': 8.853301106879691e-06, 'min_child_weight': 6}. Best is trial 0 with value: 0.941747572815534.
[I 2026-03-24 15:33:12,109] Trial 162 finished with value: 0.941747572815534 and parameters: {'n_estimators': 324, 'max_depth': 24, 'learning_rate': 0.0023267135647202664, 'reg_alpha': 5.635741653507844e-05, 'reg_lambda': 1.4292610212975486e-05, 'min_child_weight': 5}. Best is trial 0 with value: 0.941747572815534.
[I 2026-03-24 15:33:12,206] Trial 163 finished with value: 0.941747572815534 and parameters: {'n_estimators': 510, 'max_depth': 26, 'learning_rate': 0.0019619725061539263, 'reg_alpha': 1.81412018322903e-05, 'reg_lambda': 8.657744355210373e-08, 'min_child_weight': 6}. Best is trial 0 with value: 0.941747572815534.
[I 2026-03-24 15:33:12,285] Trial 164 finished with value: 0.941747572815534 and parameters: {'n_estimators': 379, 'max_depth': 20, 'learning_rate': 0.0026899613304864228, 'reg_alpha': 0.00029301111420055594, 'reg_lambda': 0.19935726181521254, 'min_child_weight': 10}. Best is trial 0 with value: 0.941747572815534.
[I 2026-03-24 15:33:12,375] Trial 165 finished with value: 0.941747572815534 and parameters: {'n_estimators': 461, 'max_depth': 17, 'learning_rate': 0.0031403206670119377, 'reg_alpha': 4.078620747828139e-06, 'reg_lambda': 0.001184841449316401, 'min_child_weight': 6}. Best is trial 0 with value: 0.941747572815534.
[I 2026-03-24 15:33:12,481] Trial 166 finished with value: 0.9313725490196079 and parameters: {'n_estimators': 359, 'max_depth': 24, 'learning_rate': 0.03950025252014229, 'reg_alpha': 0.006428758205500852, 'reg_lambda': 4.686411467337037e-06, 'min_child_weight': 1}. Best is trial 0 with value: 0.941747572815534.
[I 2026-03-24 15:33:12,566] Trial 167 finished with value: 0.941747572815534 and parameters: {'n_estimators': 426, 'max_depth': 20, 'learning_rate': 0.006782338368829023, 'reg_alpha': 0.00010134029286064799, 'reg_lambda': 4.550586710239022e-05, 'min_child_weight': 8}. Best is trial 0 with value: 0.941747572815534.
[I 2026-03-24 15:33:12,723] Trial 168 finished with value: 0.941747572815534 and parameters: {'n_estimators': 965, 'max_depth': 43, 'learning_rate': 0.0028658692026306922, 'reg_alpha': 1.1558699414536149e-08, 'reg_lambda': 2.2519253377946123e-05, 'min_child_weight': 10}. Best is trial 0 with value: 0.941747572815534.
[I 2026-03-24 15:33:12,887] Trial 169 finished with value: 0.941747572815534 and parameters: {'n_estimators': 1000, 'max_depth': 34, 'learning_rate': 0.04976030524967025, 'reg_alpha': 0.02932425035841063, 'reg_lambda': 0.0005452751001674981, 'min_child_weight': 5}. Best is trial 0 with value: 0.941747572815534.
[I 2026-03-24 15:33:12,988] Trial 170 finished with value: 0.941747572815534 and parameters: {'n_estimators': 538, 'max_depth': 15, 'learning_rate': 0.033957650931286845, 'reg_alpha': 7.554896471954241e-06, 'reg_lambda': 0.004233096599687236, 'min_child_weight': 7}. Best is trial 0 with value: 0.941747572815534.
[I 2026-03-24 15:33:13,093] Trial 171 finished with value: 0.941747572815534 and parameters: {'n_estimators': 574, 'max_depth': 32, 'learning_rate': 0.018305764813899512, 'reg_alpha': 2.9042069428899323e-08, 'reg_lambda': 0.00012206036434465427, 'min_child_weight': 3}. Best is trial 0 with value: 0.941747572815534.
[I 2026-03-24 15:33:13,202] Trial 172 finished with value: 0.941747572815534 and parameters: {'n_estimators': 613, 'max_depth': 31, 'learning_rate': 0.058288326279930254, 'reg_alpha': 9.063911301222727e-08, 'reg_lambda': 0.001705874910473067, 'min_child_weight': 4}. Best is trial 0 with value: 0.941747572815534.
[I 2026-03-24 15:33:13,317] Trial 173 finished with value: 0.941747572815534 and parameters: {'n_estimators': 648, 'max_depth': 33, 'learning_rate': 0.016334138198040433, 'reg_alpha': 6.284985904945923e-07, 'reg_lambda': 1.2398231462610453e-06, 'min_child_weight': 4}. Best is trial 0 with value: 0.941747572815534.
[I 2026-03-24 15:33:13,449] Trial 174 finished with value: 0.941747572815534 and parameters: {'n_estimators': 787, 'max_depth': 35, 'learning_rate': 0.012194785113189962, 'reg_alpha': 0.3548814626374216, 'reg_lambda': 0.0007350951577357566, 'min_child_weight': 3}. Best is trial 0 with value: 0.941747572815534.
[I 2026-03-24 15:33:13,572] Trial 175 finished with value: 0.941747572815534 and parameters: {'n_estimators': 712, 'max_depth': 50, 'learning_rate': 0.013909897757967192, 'reg_alpha': 0.016214007305446514, 'reg_lambda': 0.0003623042525362622, 'min_child_weight': 5}. Best is trial 0 with value: 0.941747572815534.
[I 2026-03-24 15:33:13,675] Trial 176 finished with value: 0.941747572815534 and parameters: {'n_estimators': 558, 'max_depth': 27, 'learning_rate': 0.044542729054723576, 'reg_alpha': 0.07536781437091139, 'reg_lambda': 0.5814880673652217, 'min_child_weight': 6}. Best is trial 0 with value: 0.941747572815534.
[I 2026-03-24 15:33:13,781] Trial 177 finished with value: 0.941747572815534 and parameters: {'n_estimators': 583, 'max_depth': 48, 'learning_rate': 0.037726809217052015, 'reg_alpha': 0.11368419913883124, 'reg_lambda': 0.002459657680774848, 'min_child_weight': 2}. Best is trial 0 with value: 0.941747572815534.
[I 2026-03-24 15:33:13,862] Trial 178 finished with value: 0.941747572815534 and parameters: {'n_estimators': 405, 'max_depth': 26, 'learning_rate': 0.02286881827509963, 'reg_alpha': 0.009642753261668389, 'reg_lambda': 4.391219633811721e-08, 'min_child_weight': 10}. Best is trial 0 with value: 0.941747572815534.
[I 2026-03-24 15:33:13,942] Trial 179 finished with value: 0.941747572815534 and parameters: {'n_estimators': 394, 'max_depth': 30, 'learning_rate': 0.025776987998897508, 'reg_alpha': 4.0298803485054326e-07, 'reg_lambda': 6.220083215428335e-05, 'min_child_weight': 3}. Best is trial 0 with value: 0.941747572815534.
[I 2026-03-24 15:33:14,095] Trial 180 finished with value: 0.941747572815534 and parameters: {'n_estimators': 943, 'max_depth': 14, 'learning_rate': 0.01543850699003845, 'reg_alpha': 1.9898465881826982e-06, 'reg_lambda': 1.6620515143044125e-07, 'min_child_weight': 5}. Best is trial 0 with value: 0.941747572815534.
[I 2026-03-24 15:33:14,155] Trial 181 finished with value: 0.941747572815534 and parameters: {'n_estimators': 242, 'max_depth': 23, 'learning_rate': 0.008155004669771976, 'reg_alpha': 0.000612012081069497, 'reg_lambda': 3.4777393670901835e-06, 'min_child_weight': 9}. Best is trial 0 with value: 0.941747572815534.
[I 2026-03-24 15:33:14,291] Trial 182 finished with value: 0.941747572815534 and parameters: {'n_estimators': 808, 'max_depth': 21, 'learning_rate': 0.005269798921943526, 'reg_alpha': 0.00014458512901075471, 'reg_lambda': 0.0036561757908477495, 'min_child_weight': 10}. Best is trial 0 with value: 0.941747572815534.
[I 2026-03-24 15:33:14,348] Trial 183 finished with value: 0.941747572815534 and parameters: {'n_estimators': 225, 'max_depth': 22, 'learning_rate': 0.009147985148988888, 'reg_alpha': 0.0016000378897589294, 'reg_lambda': 7.131744134575608e-06, 'min_child_weight': 9}. Best is trial 0 with value: 0.941747572815534.
[I 2026-03-24 15:33:14,462] Trial 184 finished with value: 0.941747572815534 and parameters: {'n_estimators': 638, 'max_depth': 28, 'learning_rate': 0.007040007241773441, 'reg_alpha': 1.3312427208574414e-07, 'reg_lambda': 8.818407450752597e-07, 'min_child_weight': 8}. Best is trial 0 with value: 0.941747572815534.
[I 2026-03-24 15:33:14,517] Trial 185 finished with value: 0.941747572815534 and parameters: {'n_estimators': 203, 'max_depth': 16, 'learning_rate': 0.010643914065932942, 'reg_alpha': 0.0003321993317152679, 'reg_lambda': 1.1021388089430172e-05, 'min_child_weight': 10}. Best is trial 0 with value: 0.941747572815534.
[I 2026-03-24 15:33:14,586] Trial 186 finished with value: 0.941747572815534 and parameters: {'n_estimators': 315, 'max_depth': 12, 'learning_rate': 0.011676587211475827, 'reg_alpha': 0.0008661521878854983, 'reg_lambda': 1.8010897401549554e-05, 'min_child_weight': 8}. Best is trial 0 with value: 0.941747572815534.
[I 2026-03-24 15:33:14,672] Trial 187 finished with value: 0.941747572815534 and parameters: {'n_estimators': 440, 'max_depth': 18, 'learning_rate': 0.00662179073481665, 'reg_alpha': 0.0032127303437417226, 'reg_lambda': 2.590692156080657e-07, 'min_child_weight': 10}. Best is trial 0 with value: 0.941747572815534.
[I 2026-03-24 15:33:14,729] Trial 188 finished with value: 0.941747572815534 and parameters: {'n_estimators': 206, 'max_depth': 13, 'learning_rate': 0.031645337454100524, 'reg_alpha': 2.8435423925979028e-06, 'reg_lambda': 0.0002318183857871807, 'min_child_weight': 4}. Best is trial 0 with value: 0.941747572815534.
[I 2026-03-24 15:33:14,794] Trial 189 finished with value: 0.941747572815534 and parameters: {'n_estimators': 288, 'max_depth': 22, 'learning_rate': 0.005723469086046275, 'reg_alpha': 0.0002109480464423426, 'reg_lambda': 0.0013194663694872835, 'min_child_weight': 9}. Best is trial 0 with value: 0.941747572815534.
[I 2026-03-24 15:33:14,955] Trial 190 finished with value: 0.941747572815534 and parameters: {'n_estimators': 981, 'max_depth': 19, 'learning_rate': 0.07203803797971385, 'reg_alpha': 5.4393656126419935e-06, 'reg_lambda': 0.11546354859376776, 'min_child_weight': 2}. Best is trial 0 with value: 0.941747572815534.
[I 2026-03-24 15:33:15,049] Trial 191 finished with value: 0.941747572815534 and parameters: {'n_estimators': 502, 'max_depth': 9, 'learning_rate': 0.0021312732599945454, 'reg_alpha': 0.007831658856998118, 'reg_lambda': 1.066988433048451e-08, 'min_child_weight': 7}. Best is trial 0 with value: 0.941747572815534.
[I 2026-03-24 15:33:15,140] Trial 192 finished with value: 0.941747572815534 and parameters: {'n_estimators': 471, 'max_depth': 6, 'learning_rate': 0.002708893664858546, 'reg_alpha': 0.01353668094657056, 'reg_lambda': 2.63726881735087e-08, 'min_child_weight': 6}. Best is trial 0 with value: 0.941747572815534.
[I 2026-03-24 15:33:15,236] Trial 193 finished with value: 0.941747572815534 and parameters: {'n_estimators': 512, 'max_depth': 11, 'learning_rate': 0.0023712860465722164, 'reg_alpha': 0.004520157907641586, 'reg_lambda': 9.432640559538128e-08, 'min_child_weight': 7}. Best is trial 0 with value: 0.941747572815534.
[I 2026-03-24 15:33:15,355] Trial 194 finished with value: 0.941747572815534 and parameters: {'n_estimators': 674, 'max_depth': 25, 'learning_rate': 0.0024974115866040927, 'reg_alpha': 0.03862271941995279, 'reg_lambda': 5.087239543174006e-06, 'min_child_weight': 8}. Best is trial 0 with value: 0.941747572815534.
[I 2026-03-24 15:33:15,481] Trial 195 finished with value: 0.941747572815534 and parameters: {'n_estimators': 738, 'max_depth': 10, 'learning_rate': 0.0033299236780575227, 'reg_alpha': 0.026271302206277717, 'reg_lambda': 3.5900395396835127e-07, 'min_child_weight': 6}. Best is trial 0 with value: 0.941747572815534.
[I 2026-03-24 15:33:15,581] Trial 196 finished with value: 0.941747572815534 and parameters: {'n_estimators': 529, 'max_depth': 8, 'learning_rate': 0.0010290197986217245, 'reg_alpha': 9.780377609476966e-07, 'reg_lambda': 2.660664950991475e-06, 'min_child_weight': 8}. Best is trial 0 with value: 0.941747572815534.
[I 2026-03-24 15:33:15,653] Trial 197 finished with value: 0.941747572815534 and parameters: {'n_estimators': 341, 'max_depth': 7, 'learning_rate': 0.0013472165543272191, 'reg_alpha': 1.342199755999189e-05, 'reg_lambda': 1.6126201815960503e-08, 'min_child_weight': 5}. Best is trial 0 with value: 0.941747572815534.
[I 2026-03-24 15:33:15,753] Trial 198 finished with value: 0.941747572815534 and parameters: {'n_estimators': 553, 'max_depth': 36, 'learning_rate': 0.0019421297884991105, 'reg_alpha': 0.006143478179071033, 'reg_lambda': 2.080124269761584e-06, 'min_child_weight': 10}. Best is trial 0 with value: 0.941747572815534.
[I 2026-03-24 15:33:15,860] Trial 199 finished with value: 0.941747572815534 and parameters: {'n_estimators': 593, 'max_depth': 49, 'learning_rate': 0.053299711364339246, 'reg_alpha': 2.703269001545042e-05, 'reg_lambda': 1.2441806487700337e-05, 'min_child_weight': 9}. Best is trial 0 with value: 0.941747572815534.
[I 2026-03-24 15:33:15,991] Trial 200 finished with value: 0.9411764705882353 and parameters: {'n_estimators': 488, 'max_depth': 23, 'learning_rate': 0.06207185856742463, 'reg_alpha': 0.0024090600584494703, 'reg_lambda': 0.0007690245638501346, 'min_child_weight': 1}. Best is trial 0 with value: 0.941747572815534.
[I 2026-03-24 15:33:16,132] Trial 201 finished with value: 0.941747572815534 and parameters: {'n_estimators': 847, 'max_depth': 21, 'learning_rate': 0.040945472169111694, 'reg_alpha': 3.903754953739282e-05, 'reg_lambda': 9.304403789566916e-05, 'min_child_weight': 8}. Best is trial 0 with value: 0.941747572815534.
[I 2026-03-24 15:33:16,280] Trial 202 finished with value: 0.941747572815534 and parameters: {'n_estimators': 892, 'max_depth': 18, 'learning_rate': 0.04624311509258618, 'reg_alpha': 2.3335679331420343e-05, 'reg_lambda': 0.00037822491115325585, 'min_child_weight': 9}. Best is trial 0 with value: 0.941747572815534.
[I 2026-03-24 15:33:16,426] Trial 203 finished with value: 0.941747572815534 and parameters: {'n_estimators': 866, 'max_depth': 17, 'learning_rate': 0.0029101344304492825, 'reg_alpha': 7.06887946990992e-05, 'reg_lambda': 0.0001346522253641107, 'min_child_weight': 10}. Best is trial 0 with value: 0.941747572815534.
[I 2026-03-24 15:33:16,566] Trial 204 finished with value: 0.941747572815534 and parameters: {'n_estimators': 818, 'max_depth': 19, 'learning_rate': 0.007572408246782258, 'reg_alpha': 0.011365391300538435, 'reg_lambda': 0.00015381209719074896, 'min_child_weight': 6}. Best is trial 0 with value: 0.941747572815534.
