[I 2026-03-24 15:36:28,777] Trial 57 finished with value: 0.941747572815534 and parameters: {'n_estimators': 408, 'max_depth': 12, 'learning_rate': 0.0017073297890039417, 'reg_alpha': 4.182623334298383e-05, 'reg_lambda': 1.3727698128070765e-05, 'min_child_weight': 9}. Best is trial 0 with value: 0.941747572815534.
[I 2026-03-24 15:36:28,907] Trial 58 finished with value: 0.941747572815534 and parameters: {'n_estimators': 319, 'max_depth': 18, 'learning_rate': 0.002543725547705723, 'reg_alpha': 4.087608667867577e-07, 'reg_lambda': 2.438305397070832e-06, 'min_child_weight': 2}. Best is trial 0 with value: 0.941747572815534.
[I 2026-03-24 15:36:28,971] Trial 59 finished with value: 0.941747572815534 and parameters: {'n_estimators': 263, 'max_depth': 26, 'learning_rate': 0.01182232762602243, 'reg_alpha': 1.046284612895884e-07, 'reg_lambda': 1.1687764751262908e-08, 'min_child_weight': 5}. Best is trial 0 with value: 0.941747572815534.
[I 2026-03-24 15:36:29,098] Trial 60 finished with value: 0.941747572815534 and parameters: {'n_estimators': 641, 'max_depth': 47, 'learning_rate': 0.016733261135592124, 'reg_alpha': 1.1178902610088073e-06, 'reg_lambda': 8.713027961021617e-07, 'min_child_weight': 10}. Best is trial 0 with value: 0.941747572815534.
[I 2026-03-24 15:36:29,276] Trial 61 finished with value: 0.941747572815534 and parameters: {'n_estimators': 932, 'max_depth': 7, 'learning_rate': 0.008706993115418398, 'reg_alpha': 0.0005548375856893881, 'reg_lambda': 0.0008072152157300125, 'min_child_weight': 5}. Best is trial 0 with value: 0.941747572815534.
[I 2026-03-24 15:36:29,421] Trial 62 finished with value: 0.941747572815534 and parameters: {'n_estimators': 748, 'max_depth': 14, 'learning_rate': 0.022563072496629633, 'reg_alpha': 0.00015511375097155346, 'reg_lambda': 6.0057045266955655e-05, 'min_child_weight': 5}. Best is trial 0 with value: 0.941747572815534.
[I 2026-03-24 15:36:29,668] Trial 63 finished with value: 0.941747572815534 and parameters: {'n_estimators': 852, 'max_depth': 11, 'learning_rate': 0.001206281617748752, 'reg_alpha': 0.0003693556206337343, 'reg_lambda': 0.0003214747154905886, 'min_child_weight': 4}. Best is trial 0 with value: 0.941747572815534.
[I 2026-03-24 15:36:29,842] Trial 64 finished with value: 0.941747572815534 and parameters: {'n_estimators': 945, 'max_depth': 15, 'learning_rate': 0.010766375520753088, 'reg_alpha': 0.0017244832840792037, 'reg_lambda': 0.00022074613863263997, 'min_child_weight': 6}. Best is trial 0 with value: 0.941747572815534.
[I 2026-03-24 15:36:30,098] Trial 65 finished with value: 0.941747572815534 and parameters: {'n_estimators': 889, 'max_depth': 22, 'learning_rate': 0.006316971213655829, 'reg_alpha': 4.12493686083481e-06, 'reg_lambda': 3.4683735661015135e-08, 'min_child_weight': 4}. Best is trial 0 with value: 0.941747572815534.
[I 2026-03-24 15:36:30,250] Trial 66 finished with value: 0.941747572815534 and parameters: {'n_estimators': 815, 'max_depth': 10, 'learning_rate': 0.04201204313679984, 'reg_alpha': 2.548114012995409e-05, 'reg_lambda': 4.903455498635308e-07, 'min_child_weight': 7}. Best is trial 0 with value: 0.941747572815534.
[I 2026-03-24 15:36:30,387] Trial 67 finished with value: 0.941747572815534 and parameters: {'n_estimators': 723, 'max_depth': 18, 'learning_rate': 0.0022067230750079368, 'reg_alpha': 7.045585180925136e-05, 'reg_lambda': 2.3093832834321798e-05, 'min_child_weight': 8}. Best is trial 0 with value: 0.941747572815534.
[I 2026-03-24 15:36:30,515] Trial 68 finished with value: 0.941747572815534 and parameters: {'n_estimators': 665, 'max_depth': 12, 'learning_rate': 0.012242067618048936, 'reg_alpha': 6.685404762522184e-06, 'reg_lambda': 1.5158861994156515e-07, 'min_child_weight': 9}. Best is trial 0 with value: 0.941747572815534.
[I 2026-03-24 15:36:30,595] Trial 69 finished with value: 0.941747572815534 and parameters: {'n_estimators': 370, 'max_depth': 43, 'learning_rate': 0.03079420897909625, 'reg_alpha': 1.8802823249308846e-06, 'reg_lambda': 5.650338148531511e-08, 'min_child_weight': 9}. Best is trial 0 with value: 0.941747572815534.
[I 2026-03-24 15:36:30,700] Trial 70 finished with value: 0.941747572815534 and parameters: {'n_estimators': 290, 'max_depth': 37, 'learning_rate': 0.007485660908841577, 'reg_alpha': 7.945592765586196e-08, 'reg_lambda': 0.00118001942499274, 'min_child_weight': 3}. Best is trial 0 with value: 0.941747572815534.
[I 2026-03-24 15:36:30,756] Trial 71 finished with value: 0.941747572815534 and parameters: {'n_estimators': 210, 'max_depth': 34, 'learning_rate': 0.020780709360763514, 'reg_alpha': 4.4585579573571266e-08, 'reg_lambda': 0.012134486227642063, 'min_child_weight': 8}. Best is trial 0 with value: 0.941747572815534.
[I 2026-03-24 15:36:30,815] Trial 72 finished with value: 0.941747572815534 and parameters: {'n_estimators': 241, 'max_depth': 31, 'learning_rate': 0.017418780981299318, 'reg_alpha': 0.1905623719038422, 'reg_lambda': 0.8938974053109405, 'min_child_weight': 6}. Best is trial 0 with value: 0.941747572815534.
[I 2026-03-24 15:36:30,931] Trial 73 finished with value: 0.941747572815534 and parameters: {'n_estimators': 594, 'max_depth': 20, 'learning_rate': 0.025314318855541303, 'reg_alpha': 0.21157667879312664, 'reg_lambda': 0.0647463141846156, 'min_child_weight': 8}. Best is trial 0 with value: 0.941747572815534.
[I 2026-03-24 15:36:30,998] Trial 74 finished with value: 0.941747572815534 and parameters: {'n_estimators': 285, 'max_depth': 40, 'learning_rate': 0.014520547618624629, 'reg_alpha': 0.047415859895491234, 'reg_lambda': 5.875066330795489e-06, 'min_child_weight': 8}. Best is trial 0 with value: 0.941747572815534.
[I 2026-03-24 15:36:31,104] Trial 75 finished with value: 0.941747572815534 and parameters: {'n_estimators': 528, 'max_depth': 17, 'learning_rate': 0.004625407831171513, 'reg_alpha': 0.008293895309054784, 'reg_lambda': 2.4388345450265303e-07, 'min_child_weight': 7}. Best is trial 0 with value: 0.941747572815534.
[I 2026-03-24 15:36:31,179] Trial 76 finished with value: 0.941747572815534 and parameters: {'n_estimators': 337, 'max_depth': 37, 'learning_rate': 0.04866473679571134, 'reg_alpha': 0.5598149387610265, 'reg_lambda': 0.05503731793759723, 'min_child_weight': 9}. Best is trial 0 with value: 0.941747572815534.
[I 2026-03-24 15:36:31,514] Trial 77 finished with value: 0.9365853658536586 and parameters: {'n_estimators': 970, 'max_depth': 23, 'learning_rate': 0.00895149501205798, 'reg_alpha': 5.775403159780982e-07, 'reg_lambda': 0.003178168989087219, 'min_child_weight': 2}. Best is trial 0 with value: 0.941747572815534.
[I 2026-03-24 15:36:31,663] Trial 78 finished with value: 0.941747572815534 and parameters: {'n_estimators': 792, 'max_depth': 13, 'learning_rate': 0.0019457258028071163, 'reg_alpha': 1.1241067732992444e-08, 'reg_lambda': 4.519406644849065e-08, 'min_child_weight': 5}. Best is trial 0 with value: 0.941747572815534.
[I 2026-03-24 15:36:31,722] Trial 79 finished with value: 0.941747572815534 and parameters: {'n_estimators': 233, 'max_depth': 6, 'learning_rate': 0.03478570764450676, 'reg_alpha': 0.00023978072789704202, 'reg_lambda': 1.6072734308962006e-08, 'min_child_weight': 7}. Best is trial 0 with value: 0.941747572815534.
[I 2026-03-24 15:36:31,817] Trial 80 finished with value: 0.941747572815534 and parameters: {'n_estimators': 260, 'max_depth': 25, 'learning_rate': 0.0014130004633642653, 'reg_alpha': 0.0010345890523467379, 'reg_lambda': 1.3979202222013443e-06, 'min_child_weight': 3}. Best is trial 0 with value: 0.941747572815534.
[I 2026-03-24 15:36:31,872] Trial 81 finished with value: 0.941747572815534 and parameters: {'n_estimators': 203, 'max_depth': 33, 'learning_rate': 0.026612337711290058, 'reg_alpha': 0.09212101556063569, 'reg_lambda': 4.182351385584155e-05, 'min_child_weight': 10}. Best is trial 0 with value: 0.941747572815534.
[I 2026-03-24 15:36:31,930] Trial 82 finished with value: 0.941747572815534 and parameters: {'n_estimators': 225, 'max_depth': 36, 'learning_rate': 0.02153200781128804, 'reg_alpha': 0.002131738395869533, 'reg_lambda': 1.5042001410652917e-05, 'min_child_weight': 10}. Best is trial 0 with value: 0.941747572815534.
[I 2026-03-24 15:36:32,002] Trial 83 finished with value: 0.941747572815534 and parameters: {'n_estimators': 311, 'max_depth': 41, 'learning_rate': 0.01932965473905399, 'reg_alpha': 0.0001223552660083167, 'reg_lambda': 6.707237320385631e-05, 'min_child_weight': 9}. Best is trial 0 with value: 0.941747572815534.
[I 2026-03-24 15:36:32,064] Trial 84 finished with value: 0.941747572815534 and parameters: {'n_estimators': 250, 'max_depth': 38, 'learning_rate': 0.015409454563213508, 'reg_alpha': 0.4485729872370955, 'reg_lambda': 7.726267808321923e-06, 'min_child_weight': 10}. Best is trial 0 with value: 0.941747572815534.
[I 2026-03-24 15:36:32,131] Trial 85 finished with value: 0.941747572815534 and parameters: {'n_estimators': 280, 'max_depth': 15, 'learning_rate': 0.0029967796497370153, 'reg_alpha': 0.0264286623978777, 'reg_lambda': 3.040592493726723e-06, 'min_child_weight': 9}. Best is trial 0 with value: 0.941747572815534.
[I 2026-03-24 15:36:32,224] Trial 86 finished with value: 0.941747572815534 and parameters: {'n_estimators': 450, 'max_depth': 28, 'learning_rate': 0.001712407706537155, 'reg_alpha': 0.9956250841058424, 'reg_lambda': 0.00014525085955777653, 'min_child_weight': 9}. Best is trial 0 with value: 0.941747572815534.
[I 2026-03-24 15:36:32,334] Trial 87 finished with value: 0.941747572815534 and parameters: {'n_estimators': 548, 'max_depth': 39, 'learning_rate': 0.0745941817046637, 'reg_alpha': 0.00700527031931009, 'reg_lambda': 9.446483882994907e-08, 'min_child_weight': 8}. Best is trial 0 with value: 0.941747572815534.
[I 2026-03-24 15:36:32,416] Trial 88 finished with value: 0.941747572815534 and parameters: {'n_estimators': 375, 'max_depth': 9, 'learning_rate': 0.017274688378669214, 'reg_alpha': 2.58597708507311e-07, 'reg_lambda': 2.8321417760873836e-05, 'min_child_weight': 10}. Best is trial 0 with value: 0.941747572815534.
[I 2026-03-24 15:36:32,521] Trial 89 finished with value: 0.941747572815534 and parameters: {'n_estimators': 505, 'max_depth': 35, 'learning_rate': 0.0034972737786302566, 'reg_alpha': 1.4395628021089555e-05, 'reg_lambda': 0.0005638759062219871, 'min_child_weight': 6}. Best is trial 0 with value: 0.941747572815534.
[I 2026-03-24 15:36:32,686] Trial 90 finished with value: 0.941747572815534 and parameters: {'n_estimators': 880, 'max_depth': 20, 'learning_rate': 0.0027654232733886454, 'reg_alpha': 0.003076655763039649, 'reg_lambda': 3.023484674434082e-08, 'min_child_weight': 9}. Best is trial 0 with value: 0.941747572815534.
[I 2026-03-24 15:36:32,763] Trial 91 finished with value: 0.941747572815534 and parameters: {'n_estimators': 337, 'max_depth': 10, 'learning_rate': 0.013297063831654726, 'reg_alpha': 2.844354190636392e-06, 'reg_lambda': 1.78718399481299e-05, 'min_child_weight': 7}. Best is trial 0 with value: 0.941747572815534.
[I 2026-03-24 15:36:32,853] Trial 92 finished with value: 0.941747572815534 and parameters: {'n_estimators': 415, 'max_depth': 8, 'learning_rate': 0.011501453031094976, 'reg_alpha': 0.01470768136858282, 'reg_lambda': 3.88287046729752e-06, 'min_child_weight': 6}. Best is trial 0 with value: 0.941747572815534.
[I 2026-03-24 15:36:32,933] Trial 93 finished with value: 0.941747572815534 and parameters: {'n_estimators': 219, 'max_depth': 30, 'learning_rate': 0.02375711835780439, 'reg_alpha': 0.0005636650684841434, 'reg_lambda': 8.931305640742124e-06, 'min_child_weight': 4}. Best is trial 0 with value: 0.941747572815534.
[I 2026-03-24 15:36:33,000] Trial 94 finished with value: 0.941747572815534 and parameters: {'n_estimators': 278, 'max_depth': 12, 'learning_rate': 0.028718498335968703, 'reg_alpha': 7.22655240689557e-06, 'reg_lambda': 3.629084008557487e-07, 'min_child_weight': 8}. Best is trial 0 with value: 0.941747572815534.
[I 2026-03-24 15:36:33,158] Trial 95 finished with value: 0.941747572815534 and parameters: {'n_estimators': 832, 'max_depth': 16, 'learning_rate': 0.009605876201751951, 'reg_alpha': 1.237004161131107e-06, 'reg_lambda': 6.015686431130167e-07, 'min_child_weight': 5}. Best is trial 0 with value: 0.941747572815534.
[I 2026-03-24 15:36:33,250] Trial 96 finished with value: 0.941747572815534 and parameters: {'n_estimators': 427, 'max_depth': 10, 'learning_rate': 0.01943227825813209, 'reg_alpha': 2.0606217599702934e-05, 'reg_lambda': 7.43006860107112e-08, 'min_child_weight': 7}. Best is trial 0 with value: 0.941747572815534.
[I 2026-03-24 15:36:33,397] Trial 97 finished with value: 0.941747572815534 and parameters: {'n_estimators': 772, 'max_depth': 13, 'learning_rate': 0.012968006927789958, 'reg_alpha': 5.489385134687775e-05, 'reg_lambda': 1.6176575880128855e-07, 'min_child_weight': 9}. Best is trial 0 with value: 0.941747572815534.
[I 2026-03-24 15:36:33,464] Trial 98 finished with value: 0.941747572815534 and parameters: {'n_estimators': 263, 'max_depth': 36, 'learning_rate': 0.0010877311803522377, 'reg_alpha': 1.4858670474130232e-07, 'reg_lambda': 1.6725252297379525e-06, 'min_child_weight': 8}. Best is trial 0 with value: 0.941747572815534.
[I 2026-03-24 15:36:33,537] Trial 99 finished with value: 0.941747572815534 and parameters: {'n_estimators': 305, 'max_depth': 42, 'learning_rate': 0.015240780446062745, 'reg_alpha': 2.620575131840043e-08, 'reg_lambda': 6.73452767971133e-05, 'min_child_weight': 10}. Best is trial 0 with value: 0.941747572815534.
[I 2026-03-24 15:36:33,660] Trial 100 finished with value: 0.941747572815534 and parameters: {'n_estimators': 624, 'max_depth': 33, 'learning_rate': 0.002451670499444329, 'reg_alpha': 0.20055562668390114, 'reg_lambda': 6.417744121985409e-06, 'min_child_weight': 7}. Best is trial 0 with value: 0.941747572815534.
[I 2026-03-24 15:36:33,740] Trial 101 finished with value: 0.941747572815534 and parameters: {'n_estimators': 350, 'max_depth': 6, 'learning_rate': 0.051270903700606066, 'reg_alpha': 0.0004362696534312248, 'reg_lambda': 1.1730092047478354e-05, 'min_child_weight': 10}. Best is trial 0 with value: 0.941747572815534.
[I 2026-03-24 15:36:33,817] Trial 102 finished with value: 0.941747572815534 and parameters: {'n_estimators': 332, 'max_depth': 8, 'learning_rate': 0.0706988138243385, 'reg_alpha': 0.0010128746885652103, 'reg_lambda': 0.016103450033904346, 'min_child_weight': 10}. Best is trial 0 with value: 0.941747572815534.
[I 2026-03-24 15:36:33,903] Trial 103 finished with value: 0.941747572815534 and parameters: {'n_estimators': 386, 'max_depth': 7, 'learning_rate': 0.08929859207052068, 'reg_alpha': 0.0002603832468915895, 'reg_lambda': 0.003077248189817735, 'min_child_weight': 10}. Best is trial 0 with value: 0.941747572815534.
[I 2026-03-24 15:36:34,013] Trial 104 finished with value: 0.9238578680203046 and parameters: {'n_estimators': 243, 'max_depth': 11, 'learning_rate': 0.033856285190257955, 'reg_alpha': 3.532659958960441e-07, 'reg_lambda': 1.484358504445079e-08, 'min_child_weight': 1}. Best is trial 0 with value: 0.941747572815534.
[I 2026-03-24 15:36:34,085] Trial 105 finished with value: 0.941747572815534 and parameters: {'n_estimators': 298, 'max_depth': 15, 'learning_rate': 0.005202998716919213, 'reg_alpha': 4.234490191226163e-06, 'reg_lambda': 0.00015662045666778527, 'min_child_weight': 9}. Best is trial 0 with value: 0.941747572815534.
[I 2026-03-24 15:36:34,181] Trial 106 finished with value: 0.941747572815534 and parameters: {'n_estimators': 452, 'max_depth': 38, 'learning_rate': 0.004112862365221514, 'reg_alpha': 0.00011601693347556771, 'reg_lambda': 0.03703458755597022, 'min_child_weight': 6}. Best is trial 0 with value: 0.941747572815534.
[I 2026-03-24 15:36:34,256] Trial 107 finished with value: 0.941747572815534 and parameters: {'n_estimators': 321, 'max_depth': 18, 'learning_rate': 0.006853033581559288, 'reg_alpha': 1.0927073724800125e-05, 'reg_lambda': 8.035201986363977e-07, 'min_child_weight': 8}. Best is trial 0 with value: 0.941747572815534.
[I 2026-03-24 15:36:34,390] Trial 108 finished with value: 0.941747572815534 and parameters: {'n_estimators': 668, 'max_depth': 7, 'learning_rate': 0.04346957005357957, 'reg_alpha': 3.372835869302437e-05, 'reg_lambda': 2.55869645874003e-08, 'min_child_weight': 9}. Best is trial 0 with value: 0.941747572815534.
[I 2026-03-24 15:36:34,472] Trial 109 finished with value: 0.941747572815534 and parameters: {'n_estimators': 225, 'max_depth': 9, 'learning_rate': 0.0020491955432214715, 'reg_alpha': 1.2229410854588435e-07, 'reg_lambda': 3.1126066061660675e-07, 'min_child_weight': 4}. Best is trial 0 with value: 0.941747572815534.
[I 2026-03-24 15:36:34,529] Trial 110 finished with value: 0.941747572815534 and parameters: {'n_estimators': 206, 'max_depth': 22, 'learning_rate': 0.008238479628687777, 'reg_alpha': 0.000692828100238655, 'reg_lambda': 0.32572588905425853, 'min_child_weight': 8}. Best is trial 0 with value: 0.941747572815534.
[I 2026-03-24 15:36:34,612] Trial 111 finished with value: 0.941747572815534 and parameters: {'n_estimators': 369, 'max_depth': 26, 'learning_rate': 0.009852945361778893, 'reg_alpha': 2.5497731789172092e-06, 'reg_lambda': 1.8002921947144016e-06, 'min_child_weight': 7}. Best is trial 0 with value: 0.941747572815534.
[I 2026-03-24 15:36:34,679] Trial 112 finished with value: 0.941747572815534 and parameters: {'n_estimators': 263, 'max_depth': 39, 'learning_rate': 0.010565600697623329, 'reg_alpha': 6.611218474353952e-06, 'reg_lambda': 1.0844946312143866e-06, 'min_child_weight': 9}. Best is trial 0 with value: 0.941747572815534.
[I 2026-03-24 15:36:34,852] Trial 113 finished with value: 0.941747572815534 and parameters: {'n_estimators': 906, 'max_depth': 27, 'learning_rate': 0.016195972022768457, 'reg_alpha': 6.371779588688774e-05, 'reg_lambda': 3.2031349980431995e-06, 'min_child_weight': 8}. Best is trial 0 with value: 0.941747572815534.
[I 2026-03-24 15:36:34,993] Trial 114 finished with value: 0.941747572815534 and parameters: {'n_estimators': 726, 'max_depth': 24, 'learning_rate': 0.0016909785239568, 'reg_alpha': 8.341037917236422e-07, 'reg_lambda': 2.032590521018426e-07, 'min_child_weight': 10}. Best is trial 0 with value: 0.941747572815534.
[I 2026-03-24 15:36:35,075] Trial 115 finished with value: 0.941747572815534 and parameters: {'n_estimators': 358, 'max_depth': 35, 'learning_rate': 0.006124821058789189, 'reg_alpha': 0.0001645983873166081, 'reg_lambda': 1.1014275286113586e-07, 'min_child_weight': 9}. Best is trial 0 with value: 0.941747572815534.
[I 2026-03-24 15:36:35,244] Trial 116 finished with value: 0.941747572815534 and parameters: {'n_estimators': 393, 'max_depth': 19, 'learning_rate': 0.0013739666715000798, 'reg_alpha': 6.041894787332292e-08, 'reg_lambda': 0.12987063286646555, 'min_child_weight': 2}. Best is trial 0 with value: 0.941747572815534.
[I 2026-03-24 15:36:35,357] Trial 117 finished with value: 0.9365853658536586 and parameters: {'n_estimators': 329, 'max_depth': 14, 'learning_rate': 0.057790530845216195, 'reg_alpha': 0.002204404790901936, 'reg_lambda': 5.115448116413272e-07, 'min_child_weight': 3}. Best is trial 0 with value: 0.941747572815534.
[I 2026-03-24 15:36:35,428] Trial 118 finished with value: 0.941747572815534 and parameters: {'n_estimators': 295, 'max_depth': 17, 'learning_rate': 0.02272049668971772, 'reg_alpha': 0.0003687787845967594, 'reg_lambda': 0.0013761373661780134, 'min_child_weight': 7}. Best is trial 0 with value: 0.941747572815534.
[I 2026-03-24 15:36:35,528] Trial 119 finished with value: 0.941747572815534 and parameters: {'n_estimators': 472, 'max_depth': 37, 'learning_rate': 0.011561039259614977, 'reg_alpha': 0.09556813209512766, 'reg_lambda': 5.199266244861259e-06, 'min_child_weight': 5}. Best is trial 0 with value: 0.941747572815534.
[I 2026-03-24 15:36:35,593] Trial 120 finished with value: 0.941747572815534 and parameters: {'n_estimators': 252, 'max_depth': 31, 'learning_rate': 0.02032864132927762, 'reg_alpha': 0.03394163135612472, 'reg_lambda': 4.6307316898359975e-08, 'min_child_weight': 9}. Best is trial 0 with value: 0.941747572815534.
[I 2026-03-24 15:36:35,686] Trial 121 finished with value: 0.941747572815534 and parameters: {'n_estimators': 421, 'max_depth': 41, 'learning_rate': 0.02751622834114478, 'reg_alpha': 1.686450840287502e-08, 'reg_lambda': 0.00035887218054143173, 'min_child_weight': 6}. Best is trial 0 with value: 0.941747572815534.
[I 2026-03-24 15:36:35,805] Trial 122 finished with value: 0.941747572815534 and parameters: {'n_estimators': 586, 'max_depth': 40, 'learning_rate': 0.017844448915551283, 'reg_alpha': 0.0055651558589009855, 'reg_lambda': 0.002164701909143802, 'min_child_weight': 6}. Best is trial 0 with value: 0.941747572815534.
[I 2026-03-24 15:36:35,886] Trial 123 finished with value: 0.941747572815534 and parameters: {'n_estimators': 348, 'max_depth': 34, 'learning_rate': 0.02586221141536955, 'reg_alpha': 0.013949691873842719, 'reg_lambda': 0.00812918883797932, 'min_child_weight': 7}. Best is trial 0 with value: 0.941747572815534.
[I 2026-03-24 15:36:35,975] Trial 124 finished with value: 0.941747572815534 and parameters: {'n_estimators': 402, 'max_depth': 46, 'learning_rate': 0.014286171273544507, 'reg_alpha': 0.0009855171077430647, 'reg_lambda': 0.0007146489862665085, 'min_child_weight': 8}. Best is trial 0 with value: 0.941747572815534.
[I 2026-03-24 15:36:36,086] Trial 125 finished with value: 0.941747572815534 and parameters: {'n_estimators': 545, 'max_depth': 37, 'learning_rate': 0.038554236823547326, 'reg_alpha': 0.0005044613680564168, 'reg_lambda': 0.006862830061687267, 'min_child_weight': 5}. Best is trial 0 with value: 0.941747572815534.
[I 2026-03-24 15:36:36,191] Trial 126 finished with value: 0.941747572815534 and parameters: {'n_estimators': 496, 'max_depth': 44, 'learning_rate': 0.008075044534711926, 'reg_alpha': 0.0030130283936022715, 'reg_lambda': 2.0516605204476145e-05, 'min_child_weight': 6}. Best is trial 0 with value: 0.941747572815534.
