[I 2026-03-24 15:37:03,342] Trial 334 finished with value: 0.941747572815534 and parameters: {'n_estimators': 269, 'max_depth': 42, 'learning_rate': 0.03762019917517654, 'reg_alpha': 0.0020041565383420636, 'reg_lambda': 1.253429372993458e-06, 'min_child_weight': 7}. Best is trial 0 with value: 0.941747572815534.
[I 2026-03-24 15:37:03,574] Trial 335 finished with value: 0.941747572815534 and parameters: {'n_estimators': 779, 'max_depth': 7, 'learning_rate': 0.001830182192120002, 'reg_alpha': 0.49295510554286165, 'reg_lambda': 2.8518037240638433e-05, 'min_child_weight': 4}. Best is trial 0 with value: 0.941747572815534.
[I 2026-03-24 15:37:03,660] Trial 336 finished with value: 0.941747572815534 and parameters: {'n_estimators': 347, 'max_depth': 22, 'learning_rate': 0.0020248596234201935, 'reg_alpha': 0.00029666436222704163, 'reg_lambda': 2.397373805177894e-06, 'min_child_weight': 10}. Best is trial 0 with value: 0.941747572815534.
[I 2026-03-24 15:37:03,776] Trial 337 finished with value: 0.941747572815534 and parameters: {'n_estimators': 517, 'max_depth': 11, 'learning_rate': 0.026162427554263623, 'reg_alpha': 1.930138006073553e-06, 'reg_lambda': 7.022726868379068e-08, 'min_child_weight': 8}. Best is trial 0 with value: 0.941747572815534.
[I 2026-03-24 15:37:03,941] Trial 338 finished with value: 0.9359605911330049 and parameters: {'n_estimators': 385, 'max_depth': 35, 'learning_rate': 0.0071680059700307865, 'reg_alpha': 0.8325173179118153, 'reg_lambda': 9.207937174908162e-06, 'min_child_weight': 1}. Best is trial 0 with value: 0.941747572815534.
[I 2026-03-24 15:37:04,004] Trial 339 finished with value: 0.941747572815534 and parameters: {'n_estimators': 219, 'max_depth': 16, 'learning_rate': 0.015969941754027158, 'reg_alpha': 0.001439845181131204, 'reg_lambda': 1.760354897793175e-08, 'min_child_weight': 9}. Best is trial 0 with value: 0.941747572815534.
[I 2026-03-24 15:37:04,071] Trial 340 finished with value: 0.941747572815534 and parameters: {'n_estimators': 242, 'max_depth': 9, 'learning_rate': 0.050803996981331534, 'reg_alpha': 0.32802707383421065, 'reg_lambda': 1.8489637503486194e-05, 'min_child_weight': 6}. Best is trial 0 with value: 0.941747572815534.
[I 2026-03-24 15:37:04,304] Trial 341 finished with value: 0.9365853658536586 and parameters: {'n_estimators': 679, 'max_depth': 45, 'learning_rate': 0.02246036317322543, 'reg_alpha': 0.050079551539297926, 'reg_lambda': 0.0003089132529015109, 'min_child_weight': 2}. Best is trial 0 with value: 0.941747572815534.
[I 2026-03-24 15:37:04,390] Trial 342 finished with value: 0.941747572815534 and parameters: {'n_estimators': 335, 'max_depth': 13, 'learning_rate': 0.09989017168754716, 'reg_alpha': 1.7934787858722213e-05, 'reg_lambda': 0.07033594101008206, 'min_child_weight': 7}. Best is trial 0 with value: 0.941747572815534.
[I 2026-03-24 15:37:04,477] Trial 343 finished with value: 0.941747572815534 and parameters: {'n_estimators': 366, 'max_depth': 37, 'learning_rate': 0.0016872154459826895, 'reg_alpha': 0.0008851997808757917, 'reg_lambda': 0.02716733720473039, 'min_child_weight': 5}. Best is trial 0 with value: 0.941747572815534.
[I 2026-03-24 15:37:04,610] Trial 344 finished with value: 0.941747572815534 and parameters: {'n_estimators': 644, 'max_depth': 14, 'learning_rate': 0.014437975937714348, 'reg_alpha': 4.1722441317755393e-07, 'reg_lambda': 3.911660492195388e-08, 'min_child_weight': 9}. Best is trial 0 with value: 0.941747572815534.
[I 2026-03-24 15:37:04,774] Trial 345 finished with value: 0.941747572815534 and parameters: {'n_estimators': 850, 'max_depth': 40, 'learning_rate': 0.017772229677315277, 'reg_alpha': 9.370545836781524e-06, 'reg_lambda': 1.6207392967861647e-07, 'min_child_weight': 6}. Best is trial 0 with value: 0.941747572815534.
[I 2026-03-24 15:37:04,858] Trial 346 finished with value: 0.941747572815534 and parameters: {'n_estimators': 228, 'max_depth': 18, 'learning_rate': 0.0013911980390582028, 'reg_alpha': 0.0004765287737171308, 'reg_lambda': 9.477359160328238e-07, 'min_child_weight': 4}. Best is trial 0 with value: 0.941747572815534.
[I 2026-03-24 15:37:04,934] Trial 347 finished with value: 0.941747572815534 and parameters: {'n_estimators': 316, 'max_depth': 11, 'learning_rate': 0.0025002439195658697, 'reg_alpha': 0.01547999150537602, 'reg_lambda': 8.320947322349036e-05, 'min_child_weight': 8}. Best is trial 0 with value: 0.941747572815534.
[I 2026-03-24 15:37:05,085] Trial 348 finished with value: 0.941747572815534 and parameters: {'n_estimators': 753, 'max_depth': 6, 'learning_rate': 0.012836618497567391, 'reg_alpha': 0.00018348432778099512, 'reg_lambda': 9.779020018894896e-08, 'min_child_weight': 10}. Best is trial 0 with value: 0.941747572815534.
[I 2026-03-24 15:37:05,192] Trial 349 finished with value: 0.941747572815534 and parameters: {'n_estimators': 490, 'max_depth': 31, 'learning_rate': 0.002145665115347656, 'reg_alpha': 3.182327885817455e-08, 'reg_lambda': 4.939038956111765e-05, 'min_child_weight': 9}. Best is trial 0 with value: 0.941747572815534.
[I 2026-03-24 15:37:05,284] Trial 350 finished with value: 0.941747572815534 and parameters: {'n_estimators': 254, 'max_depth': 20, 'learning_rate': 0.01029799420453363, 'reg_alpha': 3.2533998652470968e-06, 'reg_lambda': 0.9709099731375885, 'min_child_weight': 4}. Best is trial 0 with value: 0.941747572815534.
[I 2026-03-24 15:37:05,428] Trial 351 finished with value: 0.941747572815534 and parameters: {'n_estimators': 730, 'max_depth': 8, 'learning_rate': 0.029266651707832228, 'reg_alpha': 1.4848889863531909e-08, 'reg_lambda': 3.721556845078994e-06, 'min_child_weight': 5}. Best is trial 0 with value: 0.941747572815534.
[I 2026-03-24 15:37:05,523] Trial 352 finished with value: 0.941747572815534 and parameters: {'n_estimators': 425, 'max_depth': 12, 'learning_rate': 0.019778852044023017, 'reg_alpha': 0.003697993822004798, 'reg_lambda': 0.0008516963907835148, 'min_child_weight': 10}. Best is trial 0 with value: 0.941747572815534.
[I 2026-03-24 15:37:05,649] Trial 353 finished with value: 0.941747572815534 and parameters: {'n_estimators': 611, 'max_depth': 36, 'learning_rate': 0.009063890783674528, 'reg_alpha': 5.794742374698804e-06, 'reg_lambda': 3.327303642162054e-07, 'min_child_weight': 8}. Best is trial 0 with value: 0.941747572815534.
[I 2026-03-24 15:37:05,815] Trial 354 finished with value: 0.941747572815534 and parameters: {'n_estimators': 868, 'max_depth': 29, 'learning_rate': 0.003353852462225119, 'reg_alpha': 1.1807514525976748e-06, 'reg_lambda': 7.082914385663515e-06, 'min_child_weight': 6}. Best is trial 0 with value: 0.941747572815534.
[I 2026-03-24 15:37:05,875] Trial 355 finished with value: 0.941747572815534 and parameters: {'n_estimators': 201, 'max_depth': 17, 'learning_rate': 0.05597263639795679, 'reg_alpha': 0.0001226390516358204, 'reg_lambda': 2.3417377426397828e-07, 'min_child_weight': 7}. Best is trial 0 with value: 0.941747572815534.
[I 2026-03-24 15:37:05,992] Trial 356 finished with value: 0.941747572815534 and parameters: {'n_estimators': 563, 'max_depth': 15, 'learning_rate': 0.00377623631789755, 'reg_alpha': 1.6534267366746182e-06, 'reg_lambda': 5.748805622760735e-08, 'min_child_weight': 9}. Best is trial 0 with value: 0.941747572815534.
[I 2026-03-24 15:37:06,173] Trial 357 finished with value: 0.941747572815534 and parameters: {'n_estimators': 924, 'max_depth': 39, 'learning_rate': 0.03262194505417976, 'reg_alpha': 2.8772686616963943e-05, 'reg_lambda': 5.375807053036544e-07, 'min_child_weight': 5}. Best is trial 0 with value: 0.941747572815534.
[I 2026-03-24 15:37:06,248] Trial 358 finished with value: 0.941747572815534 and parameters: {'n_estimators': 283, 'max_depth': 38, 'learning_rate': 0.00801930914880011, 'reg_alpha': 0.12653153516094, 'reg_lambda': 0.00017637430695382507, 'min_child_weight': 8}. Best is trial 0 with value: 0.941747572815534.
[I 2026-03-24 15:37:06,392] Trial 359 finished with value: 0.941747572815534 and parameters: {'n_estimators': 439, 'max_depth': 35, 'learning_rate': 0.01142301903836967, 'reg_alpha': 1.5420440148644212e-07, 'reg_lambda': 1.53490469982733e-08, 'min_child_weight': 4}. Best is trial 0 with value: 0.941747572815534.
[I 2026-03-24 15:37:06,459] Trial 360 finished with value: 0.941747572815534 and parameters: {'n_estimators': 228, 'max_depth': 26, 'learning_rate': 0.041036850623029475, 'reg_alpha': 5.380196147876057e-08, 'reg_lambda': 1.5157866836133419e-06, 'min_child_weight': 10}. Best is trial 0 with value: 0.941747572815534.
[I 2026-03-24 15:37:06,544] Trial 361 finished with value: 0.941747572815534 and parameters: {'n_estimators': 356, 'max_depth': 19, 'learning_rate': 0.016202882575847805, 'reg_alpha': 6.475158686026075e-07, 'reg_lambda': 2.825620912598014e-08, 'min_child_weight': 9}. Best is trial 0 with value: 0.941747572815534.
[I 2026-03-24 15:37:06,732] Trial 362 finished with value: 0.941747572815534 and parameters: {'n_estimators': 986, 'max_depth': 10, 'learning_rate': 0.0012369524034575186, 'reg_alpha': 0.0002448578409185004, 'reg_lambda': 1.5308632553407518e-05, 'min_child_weight': 7}. Best is trial 0 with value: 0.941747572815534.
[I 2026-03-24 15:37:06,883] Trial 363 finished with value: 0.9365853658536586 and parameters: {'n_estimators': 465, 'max_depth': 7, 'learning_rate': 0.022366926202669262, 'reg_alpha': 2.725826192122056e-06, 'reg_lambda': 7.573371056736819e-07, 'min_child_weight': 3}. Best is trial 0 with value: 0.941747572815534.
[I 2026-03-24 15:37:06,963] Trial 364 finished with value: 0.941747572815534 and parameters: {'n_estimators': 322, 'max_depth': 21, 'learning_rate': 0.006783164182591391, 'reg_alpha': 1.1042393425534017e-07, 'reg_lambda': 6.786555559258366e-05, 'min_child_weight': 6}. Best is trial 0 with value: 0.941747572815534.
[I 2026-03-24 15:37:07,273] Trial 365 finished with value: 0.941747572815534 and parameters: {'n_estimators': 967, 'max_depth': 13, 'learning_rate': 0.0028952739249389517, 'reg_alpha': 1.4158913883503428e-05, 'reg_lambda': 2.7205157063080486e-06, 'min_child_weight': 3}. Best is trial 0 with value: 0.941747572815534.
[I 2026-03-24 15:37:07,552] Trial 366 finished with value: 0.941747572815534 and parameters: {'n_estimators': 943, 'max_depth': 15, 'learning_rate': 0.01915816253660645, 'reg_alpha': 4.702125356592334e-06, 'reg_lambda': 0.003039664764573003, 'min_child_weight': 4}. Best is trial 0 with value: 0.941747572815534.
[I 2026-03-24 15:37:07,623] Trial 367 finished with value: 0.941747572815534 and parameters: {'n_estimators': 264, 'max_depth': 37, 'learning_rate': 0.026254064988143835, 'reg_alpha': 0.0007144037340001411, 'reg_lambda': 0.013320689519618985, 'min_child_weight': 9}. Best is trial 0 with value: 0.941747572815534.
[I 2026-03-24 15:37:07,796] Trial 368 finished with value: 0.941747572815534 and parameters: {'n_estimators': 891, 'max_depth': 41, 'learning_rate': 0.068607022753745, 'reg_alpha': 8.162413806585629e-06, 'reg_lambda': 4.818094565744774e-06, 'min_child_weight': 8}. Best is trial 0 with value: 0.941747572815534.
[I 2026-03-24 15:37:07,935] Trial 369 finished with value: 0.941747572815534 and parameters: {'n_estimators': 696, 'max_depth': 19, 'learning_rate': 0.08997125064503761, 'reg_alpha': 0.0012044288008920938, 'reg_lambda': 1.0095136032916697e-08, 'min_child_weight': 10}. Best is trial 0 with value: 0.941747572815534.
[I 2026-03-24 15:37:08,011] Trial 370 finished with value: 0.941747572815534 and parameters: {'n_estimators': 296, 'max_depth': 9, 'learning_rate': 0.0010812998865312301, 'reg_alpha': 2.158365573967065e-07, 'reg_lambda': 2.6728861888138617e-05, 'min_child_weight': 6}. Best is trial 0 with value: 0.941747572815534.
[I 2026-03-24 15:37:08,170] Trial 371 finished with value: 0.941747572815534 and parameters: {'n_estimators': 817, 'max_depth': 23, 'learning_rate': 0.02438686845909217, 'reg_alpha': 0.008869814027340888, 'reg_lambda': 0.0004885741933575281, 'min_child_weight': 5}. Best is trial 0 with value: 0.941747572815534.
[I 2026-03-24 15:37:08,259] Trial 372 finished with value: 0.941747572815534 and parameters: {'n_estimators': 389, 'max_depth': 32, 'learning_rate': 0.005361682419139911, 'reg_alpha': 0.0025823616312093023, 'reg_lambda': 1.746145271179744e-07, 'min_child_weight': 9}. Best is trial 0 with value: 0.941747572815534.
[I 2026-03-24 15:37:08,523] Trial 373 finished with value: 0.9313725490196079 and parameters: {'n_estimators': 665, 'max_depth': 18, 'learning_rate': 0.001549301768543261, 'reg_alpha': 8.439040535001113e-07, 'reg_lambda': 4.073197977242085e-08, 'min_child_weight': 1}. Best is trial 0 with value: 0.941747572815534.
[I 2026-03-24 15:37:08,658] Trial 374 finished with value: 0.9365853658536586 and parameters: {'n_estimators': 339, 'max_depth': 29, 'learning_rate': 0.015153754203828222, 'reg_alpha': 0.0003853183081685185, 'reg_lambda': 0.24431220291023437, 'min_child_weight': 2}. Best is trial 0 with value: 0.941747572815534.
[I 2026-03-24 15:37:08,833] Trial 375 finished with value: 0.941747572815534 and parameters: {'n_estimators': 589, 'max_depth': 25, 'learning_rate': 0.0023761737510740303, 'reg_alpha': 7.450412373133375e-05, 'reg_lambda': 1.0082740162822223e-05, 'min_child_weight': 4}. Best is trial 0 with value: 0.941747572815534.
[I 2026-03-24 15:37:09,017] Trial 376 finished with value: 0.941747572815534 and parameters: {'n_estimators': 911, 'max_depth': 16, 'learning_rate': 0.012833184441201344, 'reg_alpha': 2.0449532705074466e-05, 'reg_lambda': 4.7641305558584164e-07, 'min_child_weight': 7}. Best is trial 0 with value: 0.941747572815534.
[I 2026-03-24 15:37:09,135] Trial 377 finished with value: 0.941747572815534 and parameters: {'n_estimators': 533, 'max_depth': 12, 'learning_rate': 0.020872814171683567, 'reg_alpha': 0.07493355741134029, 'reg_lambda': 8.44031194193877e-08, 'min_child_weight': 8}. Best is trial 0 with value: 0.941747572815534.
[I 2026-03-24 15:37:09,199] Trial 378 finished with value: 0.941747572815534 and parameters: {'n_estimators': 218, 'max_depth': 22, 'learning_rate': 0.013892337985904564, 'reg_alpha': 1.4876000489430057e-06, 'reg_lambda': 1.3055347482314084e-06, 'min_child_weight': 10}. Best is trial 0 with value: 0.941747572815534.
[I 2026-03-24 15:37:09,272] Trial 379 finished with value: 0.941747572815534 and parameters: {'n_estimators': 249, 'max_depth': 27, 'learning_rate': 0.016611445065860368, 'reg_alpha': 0.02369445622328559, 'reg_lambda': 1.2137434938205578e-07, 'min_child_weight': 8}. Best is trial 0 with value: 0.941747572815534.
[I 2026-03-24 15:37:09,368] Trial 380 finished with value: 0.941747572815534 and parameters: {'n_estimators': 410, 'max_depth': 34, 'learning_rate': 0.001917432517713639, 'reg_alpha': 0.5941255561512275, 'reg_lambda': 7.008590455777548e-06, 'min_child_weight': 5}. Best is trial 0 with value: 0.941747572815534.
[I 2026-03-24 15:37:09,503] Trial 381 finished with value: 0.941747572815534 and parameters: {'n_estimators': 636, 'max_depth': 44, 'learning_rate': 0.009819615882128851, 'reg_alpha': 0.0006271932315689459, 'reg_lambda': 1.9851957379036746e-08, 'min_child_weight': 6}. Best is trial 0 with value: 0.941747572815534.
[I 2026-03-24 15:37:09,661] Trial 382 finished with value: 0.941747572815534 and parameters: {'n_estimators': 768, 'max_depth': 10, 'learning_rate': 0.00464914035085469, 'reg_alpha': 0.00013376509976232567, 'reg_lambda': 0.00011184152584122565, 'min_child_weight': 9}. Best is trial 0 with value: 0.941747572815534.
[I 2026-03-24 15:37:09,749] Trial 383 finished with value: 0.941747572815534 and parameters: {'n_estimators': 365, 'max_depth': 14, 'learning_rate': 0.011114210892869887, 'reg_alpha': 3.17482769266278e-07, 'reg_lambda': 4.020362720533951e-05, 'min_child_weight': 7}. Best is trial 0 with value: 0.941747572815534.
[I 2026-03-24 15:37:09,975] Trial 384 finished with value: 0.941747572815534 and parameters: {'n_estimators': 787, 'max_depth': 30, 'learning_rate': 0.0021501777807373668, 'reg_alpha': 2.1841586263637187e-06, 'reg_lambda': 0.00027230795592376734, 'min_child_weight': 4}. Best is trial 0 with value: 0.941747572815534.
[I 2026-03-24 15:37:10,126] Trial 385 finished with value: 0.941747572815534 and parameters: {'n_estimators': 716, 'max_depth': 38, 'learning_rate': 0.018061472275336242, 'reg_alpha': 1.1629997913808187e-05, 'reg_lambda': 3.3165759681394647e-07, 'min_child_weight': 9}. Best is trial 0 with value: 0.941747572815534.
[I 2026-03-24 15:37:10,192] Trial 386 finished with value: 0.941747572815534 and parameters: {'n_estimators': 232, 'max_depth': 6, 'learning_rate': 0.005895322970343623, 'reg_alpha': 0.004824449132976898, 'reg_lambda': 7.953462544021522e-07, 'min_child_weight': 6}. Best is trial 0 with value: 0.941747572815534.
[I 2026-03-24 15:37:10,299] Trial 387 finished with value: 0.941747572815534 and parameters: {'n_estimators': 477, 'max_depth': 11, 'learning_rate': 0.0017269442940516448, 'reg_alpha': 4.5138779073627185e-05, 'reg_lambda': 1.9748705580029253e-06, 'min_child_weight': 10}. Best is trial 0 with value: 0.941747572815534.
[I 2026-03-24 15:37:10,360] Trial 388 finished with value: 0.941747572815534 and parameters: {'n_estimators': 201, 'max_depth': 17, 'learning_rate': 0.0025863600666492753, 'reg_alpha': 3.8946540117320655e-06, 'reg_lambda': 3.852266401484925e-06, 'min_child_weight': 9}. Best is trial 0 with value: 0.941747572815534.
[I 2026-03-24 15:37:10,434] Trial 389 finished with value: 0.941747572815534 and parameters: {'n_estimators': 273, 'max_depth': 43, 'learning_rate': 0.027716189719848114, 'reg_alpha': 0.0002946283409810427, 'reg_lambda': 1.7088498193846318e-05, 'min_child_weight': 8}. Best is trial 0 with value: 0.941747572815534.
[I 2026-03-24 15:37:10,513] Trial 390 finished with value: 0.941747572815534 and parameters: {'n_estimators': 309, 'max_depth': 8, 'learning_rate': 0.036109981876898505, 'reg_alpha': 5.25565913119598e-07, 'reg_lambda': 6.030906204519276e-08, 'min_child_weight': 5}. Best is trial 0 with value: 0.941747572815534.
[I 2026-03-24 15:37:10,633] Trial 391 finished with value: 0.941747572815534 and parameters: {'n_estimators': 327, 'max_depth': 36, 'learning_rate': 0.007489648049574503, 'reg_alpha': 0.00045669381760902366, 'reg_lambda': 1.2738012408212506e-05, 'min_child_weight': 3}. Best is trial 0 with value: 0.941747572815534.
[I 2026-03-24 15:37:10,725] Trial 392 finished with value: 0.941747572815534 and parameters: {'n_estimators': 382, 'max_depth': 28, 'learning_rate': 0.07413054891171235, 'reg_alpha': 7.624179839413646e-06, 'reg_lambda': 0.0018497324310608936, 'min_child_weight': 7}. Best is trial 0 with value: 0.941747572815534.
[I 2026-03-24 15:37:10,931] Trial 393 finished with value: 0.941747572815534 and parameters: {'n_estimators': 680, 'max_depth': 31, 'learning_rate': 0.02373384253540627, 'reg_alpha': 0.0001794914191751916, 'reg_lambda': 2.1790299971049196e-07, 'min_child_weight': 4}. Best is trial 0 with value: 0.941747572815534.
[I 2026-03-24 15:37:11,063] Trial 394 finished with value: 0.941747572815534 and parameters: {'n_estimators': 657, 'max_depth': 20, 'learning_rate': 0.0031088788573479017, 'reg_alpha': 5.988315757181809e-06, 'reg_lambda': 0.00015791925356937664, 'min_child_weight': 10}. Best is trial 0 with value: 0.941747572815534.
[I 2026-03-24 15:37:11,315] Trial 395 finished with value: 0.941747572815534 and parameters: {'n_estimators': 881, 'max_depth': 50, 'learning_rate': 0.00880082914507713, 'reg_alpha': 0.0018224896037494173, 'reg_lambda': 1.0980342149661054e-06, 'min_child_weight': 4}. Best is trial 0 with value: 0.941747572815534.
[I 2026-03-24 15:37:11,383] Trial 396 finished with value: 0.941747572815534 and parameters: {'n_estimators': 239, 'max_depth': 47, 'learning_rate': 0.04651182126626216, 'reg_alpha': 0.28513970636312325, 'reg_lambda': 2.696560284759264e-08, 'min_child_weight': 6}. Best is trial 0 with value: 0.941747572815534.
[I 2026-03-24 15:37:11,557] Trial 397 finished with value: 0.941747572815534 and parameters: {'n_estimators': 838, 'max_depth': 13, 'learning_rate': 0.0010000825731013576, 'reg_alpha': 1.2505437892201302e-06, 'reg_lambda': 5.654310338194828e-07, 'min_child_weight': 9}. Best is trial 0 with value: 0.941747572815534.
[I 2026-03-24 15:37:11,621] Trial 398 finished with value: 0.941747572815534 and parameters: {'n_estimators': 217, 'max_depth': 41, 'learning_rate': 0.02004856115887321, 'reg_alpha': 8.276610629476798e-07, 'reg_lambda': 1.4778439281728963e-08, 'min_child_weight': 8}. Best is trial 0 with value: 0.941747572815534.
[I 2026-03-24 15:37:11,742] Trial 399 finished with value: 0.941747572815534 and parameters: {'n_estimators': 547, 'max_depth': 46, 'learning_rate': 0.012812559499279612, 'reg_alpha': 2.345605763463354e-06, 'reg_lambda': 0.000689693928869021, 'min_child_weight': 7}. Best is trial 0 with value: 0.941747572815534.
[I 2026-03-24 15:37:11,829] Trial 400 finished with value: 0.941747572815534 and parameters: {'n_estimators': 347, 'max_depth': 9, 'learning_rate': 0.03067533109960695, 'reg_alpha': 2.0972592494119486e-08, 'reg_lambda': 2.4127412358728392e-05, 'min_child_weight': 10}. Best is trial 0 with value: 0.941747572815534.
[I 2026-03-24 15:37:11,960] Trial 401 finished with value: 0.941747572815534 and parameters: {'n_estimators': 616, 'max_depth': 24, 'learning_rate': 0.01705312543325393, 'reg_alpha': 0.013663929162847366, 'reg_lambda': 2.9633999973720793e-06, 'min_child_weight': 5}. Best is trial 0 with value: 0.941747572815534.
[I 2026-03-24 15:37:12,037] Trial 402 finished with value: 0.941747572815534 and parameters: {'n_estimators': 290, 'max_depth': 7, 'learning_rate': 0.014575527567634855, 'reg_alpha': 0.0011607558143685223, 'reg_lambda': 1.253380471878386e-07, 'min_child_weight': 9}. Best is trial 0 with value: 0.941747572815534.
