[I 2026-03-24 15:40:01,290] Trial 457 finished with value: 0.9154228855721394 and parameters: {'n_estimators': 985, 'max_depth': 37, 'learning_rate': 0.019386902269497387, 'reg_alpha': 0.000225295861843396, 'reg_lambda': 0.008942510585585529, 'min_child_weight': 2}. Best is trial 0 with value: 0.9154228855721394.
[I 2026-03-24 15:40:01,340] Trial 458 finished with value: 0.9154228855721394 and parameters: {'n_estimators': 204, 'max_depth': 50, 'learning_rate': 0.007881549476967292, 'reg_alpha': 5.020358927927118e-05, 'reg_lambda': 7.492368254071261e-06, 'min_child_weight': 5}. Best is trial 0 with value: 0.9154228855721394.
[I 2026-03-24 15:40:01,414] Trial 459 finished with value: 0.9154228855721394 and parameters: {'n_estimators': 404, 'max_depth': 44, 'learning_rate': 0.02922592549018498, 'reg_alpha': 0.04639979726925522, 'reg_lambda': 0.0005903152501011271, 'min_child_weight': 7}. Best is trial 0 with value: 0.9154228855721394.
[I 2026-03-24 15:40:01,580] Trial 460 finished with value: 0.9154228855721394 and parameters: {'n_estimators': 739, 'max_depth': 21, 'learning_rate': 0.005529615758064734, 'reg_alpha': 0.0009549899788634104, 'reg_lambda': 4.891884049786613e-07, 'min_child_weight': 1}. Best is trial 0 with value: 0.9154228855721394.
[I 2026-03-24 15:40:01,689] Trial 461 finished with value: 0.9154228855721394 and parameters: {'n_estimators': 694, 'max_depth': 34, 'learning_rate': 0.00317957763351024, 'reg_alpha': 1.2194040729833049e-05, 'reg_lambda': 3.454999536066448e-06, 'min_child_weight': 10}. Best is trial 0 with value: 0.9154228855721394.
[I 2026-03-24 15:40:01,775] Trial 462 finished with value: 0.9154228855721394 and parameters: {'n_estimators': 478, 'max_depth': 38, 'learning_rate': 0.043509069213441866, 'reg_alpha': 0.2872538008938033, 'reg_lambda': 1.7059577607187842e-08, 'min_child_weight': 8}. Best is trial 0 with value: 0.9154228855721394.
[I 2026-03-24 15:40:01,906] Trial 463 finished with value: 0.9154228855721394 and parameters: {'n_estimators': 868, 'max_depth': 18, 'learning_rate': 0.02143266767525021, 'reg_alpha': 5.73757358835611e-06, 'reg_lambda': 0.15312512943342202, 'min_child_weight': 4}. Best is trial 0 with value: 0.9154228855721394.
[I 2026-03-24 15:40:01,975] Trial 464 finished with value: 0.9154228855721394 and parameters: {'n_estimators': 359, 'max_depth': 24, 'learning_rate': 0.0024802874151855676, 'reg_alpha': 0.8234399173358621, 'reg_lambda': 0.0026593591594814493, 'min_child_weight': 7}. Best is trial 0 with value: 0.9154228855721394.
[I 2026-03-24 15:40:02,064] Trial 465 finished with value: 0.9154228855721394 and parameters: {'n_estimators': 529, 'max_depth': 25, 'learning_rate': 0.017506015654289553, 'reg_alpha': 0.00033364219929548847, 'reg_lambda': 1.1611236140418681e-05, 'min_child_weight': 3}. Best is trial 0 with value: 0.9154228855721394.
[I 2026-03-24 15:40:02,120] Trial 466 finished with value: 0.9154228855721394 and parameters: {'n_estimators': 246, 'max_depth': 33, 'learning_rate': 0.05468595755487361, 'reg_alpha': 0.0006283226203395138, 'reg_lambda': 7.60445647345632e-07, 'min_child_weight': 6}. Best is trial 0 with value: 0.9154228855721394.
[I 2026-03-24 15:40:02,197] Trial 467 finished with value: 0.9154228855721394 and parameters: {'n_estimators': 277, 'max_depth': 46, 'learning_rate': 0.0034364764929902124, 'reg_alpha': 0.009220326161115157, 'reg_lambda': 1.2997046712323248e-06, 'min_child_weight': 1}. Best is trial 0 with value: 0.9154228855721394.
[I 2026-03-24 15:40:02,284] Trial 468 finished with value: 0.9154228855721394 and parameters: {'n_estimators': 509, 'max_depth': 45, 'learning_rate': 0.008903946794374094, 'reg_alpha': 2.781866041913572e-06, 'reg_lambda': 0.0003029180404593675, 'min_child_weight': 5}. Best is trial 0 with value: 0.9154228855721394.
[I 2026-03-24 15:40:02,361] Trial 469 finished with value: 0.9154228855721394 and parameters: {'n_estimators': 431, 'max_depth': 35, 'learning_rate': 0.00603317850881672, 'reg_alpha': 0.018199629962565383, 'reg_lambda': 2.531308066984283e-05, 'min_child_weight': 6}. Best is trial 0 with value: 0.9154228855721394.
[I 2026-03-24 15:40:02,495] Trial 470 finished with value: 0.9154228855721394 and parameters: {'n_estimators': 775, 'max_depth': 41, 'learning_rate': 0.01537536314802668, 'reg_alpha': 6.221347056653206e-08, 'reg_lambda': 3.642620783347788e-07, 'min_child_weight': 9}. Best is trial 0 with value: 0.9154228855721394.
[I 2026-03-24 15:40:02,545] Trial 471 finished with value: 0.9154228855721394 and parameters: {'n_estimators': 200, 'max_depth': 12, 'learning_rate': 0.006688210000322522, 'reg_alpha': 9.405166476314122e-07, 'reg_lambda': 0.06033186627847578, 'min_child_weight': 3}. Best is trial 0 with value: 0.9154228855721394.
[I 2026-03-24 15:40:02,616] Trial 472 finished with value: 0.9154228855721394 and parameters: {'n_estimators': 378, 'max_depth': 39, 'learning_rate': 0.0029176534078330274, 'reg_alpha': 8.562877657815397e-06, 'reg_lambda': 7.41108240078003e-08, 'min_child_weight': 2}. Best is trial 0 with value: 0.9154228855721394.
[I 2026-03-24 15:40:02,710] Trial 473 finished with value: 0.9154228855721394 and parameters: {'n_estimators': 571, 'max_depth': 43, 'learning_rate': 0.004978586977147317, 'reg_alpha': 0.07742708684809749, 'reg_lambda': 3.6726535095252656e-08, 'min_child_weight': 7}. Best is trial 0 with value: 0.9154228855721394.
[I 2026-03-24 15:40:02,814] Trial 474 finished with value: 0.9154228855721394 and parameters: {'n_estimators': 652, 'max_depth': 28, 'learning_rate': 0.010796719910571875, 'reg_alpha': 1.1779958596192712e-07, 'reg_lambda': 0.00020568510151946457, 'min_child_weight': 8}. Best is trial 0 with value: 0.9154228855721394.
[I 2026-03-24 15:40:03,000] Trial 475 finished with value: 0.9154228855721394 and parameters: {'n_estimators': 853, 'max_depth': 9, 'learning_rate': 0.0012074327158274004, 'reg_alpha': 0.002844169627290733, 'reg_lambda': 4.0987733187276394e-05, 'min_child_weight': 1}. Best is trial 0 with value: 0.9154228855721394.
[I 2026-03-24 15:40:03,053] Trial 476 finished with value: 0.9154228855721394 and parameters: {'n_estimators': 230, 'max_depth': 26, 'learning_rate': 0.0015042477316944216, 'reg_alpha': 0.20243447772258086, 'reg_lambda': 2.6411770356871775e-06, 'min_child_weight': 7}. Best is trial 0 with value: 0.9154228855721394.
[I 2026-03-24 15:40:03,200] Trial 477 finished with value: 0.9154228855721394 and parameters: {'n_estimators': 971, 'max_depth': 49, 'learning_rate': 0.012261700027066984, 'reg_alpha': 0.4213312226376953, 'reg_lambda': 0.00012500075635733866, 'min_child_weight': 5}. Best is trial 0 with value: 0.9154228855721394.
[I 2026-03-24 15:40:03,272] Trial 478 finished with value: 0.9154228855721394 and parameters: {'n_estimators': 313, 'max_depth': 31, 'learning_rate': 0.004346076262906905, 'reg_alpha': 1.2879471125426158e-08, 'reg_lambda': 2.2066177735071784e-07, 'min_child_weight': 4}. Best is trial 0 with value: 0.9154228855721394.
[I 2026-03-24 15:40:03,344] Trial 479 finished with value: 0.9154228855721394 and parameters: {'n_estimators': 329, 'max_depth': 23, 'learning_rate': 0.035247969608753996, 'reg_alpha': 4.4118705090378765e-06, 'reg_lambda': 8.428318520652939e-05, 'min_child_weight': 6}. Best is trial 0 with value: 0.9154228855721394.
[I 2026-03-24 15:40:03,480] Trial 480 finished with value: 0.9154228855721394 and parameters: {'n_estimators': 913, 'max_depth': 19, 'learning_rate': 0.0038798653492584695, 'reg_alpha': 0.033504854234496666, 'reg_lambda': 1.1925405954010253e-07, 'min_child_weight': 10}. Best is trial 0 with value: 0.9154228855721394.
[I 2026-03-24 15:40:03,572] Trial 481 finished with value: 0.9154228855721394 and parameters: {'n_estimators': 552, 'max_depth': 30, 'learning_rate': 0.0226623637582716, 'reg_alpha': 0.0010814884752491716, 'reg_lambda': 1.0482397981653412e-06, 'min_child_weight': 3}. Best is trial 0 with value: 0.9154228855721394.
[I 2026-03-24 15:40:03,711] Trial 482 finished with value: 0.9154228855721394 and parameters: {'n_estimators': 939, 'max_depth': 37, 'learning_rate': 0.001727430757201115, 'reg_alpha': 0.00023773968814396192, 'reg_lambda': 5.434444561501451e-06, 'min_child_weight': 9}. Best is trial 0 with value: 0.9154228855721394.
[I 2026-03-24 15:40:03,769] Trial 483 finished with value: 0.9154228855721394 and parameters: {'n_estimators': 267, 'max_depth': 35, 'learning_rate': 0.025118232752311367, 'reg_alpha': 5.46994644880038e-07, 'reg_lambda': 1.8739833596032802e-06, 'min_child_weight': 5}. Best is trial 0 with value: 0.9154228855721394.
[I 2026-03-24 15:40:03,850] Trial 484 finished with value: 0.9154228855721394 and parameters: {'n_estimators': 291, 'max_depth': 36, 'learning_rate': 0.002284456654554181, 'reg_alpha': 0.0059560377302099125, 'reg_lambda': 0.011554147951250903, 'min_child_weight': 1}. Best is trial 0 with value: 0.9154228855721394.
[I 2026-03-24 15:40:03,948] Trial 485 finished with value: 0.9154228855721394 and parameters: {'n_estimators': 611, 'max_depth': 45, 'learning_rate': 0.00555774628084995, 'reg_alpha': 0.0018782579815249016, 'reg_lambda': 0.001829678890346546, 'min_child_weight': 7}. Best is trial 0 with value: 0.9154228855721394.
[I 2026-03-24 15:40:04,055] Trial 486 finished with value: 0.9154228855721394 and parameters: {'n_estimators': 670, 'max_depth': 40, 'learning_rate': 0.008477863507954101, 'reg_alpha': 2.5652045937925344e-07, 'reg_lambda': 5.700270190599244e-07, 'min_child_weight': 3}. Best is trial 0 with value: 0.9154228855721394.
[I 2026-03-24 15:40:04,136] Trial 487 finished with value: 0.9154228855721394 and parameters: {'n_estimators': 459, 'max_depth': 32, 'learning_rate': 0.0026553905057063072, 'reg_alpha': 1.4400865708912294e-05, 'reg_lambda': 2.362330725404595e-08, 'min_child_weight': 2}. Best is trial 0 with value: 0.9154228855721394.
[I 2026-03-24 15:40:04,247] Trial 488 finished with value: 0.9154228855721394 and parameters: {'n_estimators': 715, 'max_depth': 47, 'learning_rate': 0.04012761925724801, 'reg_alpha': 2.2124991778513273e-06, 'reg_lambda': 0.005896852784067043, 'min_child_weight': 4}. Best is trial 0 with value: 0.9154228855721394.
[I 2026-03-24 15:40:04,380] Trial 489 finished with value: 0.9154228855721394 and parameters: {'n_estimators': 892, 'max_depth': 8, 'learning_rate': 0.014225422195659771, 'reg_alpha': 2.7227914460948475e-05, 'reg_lambda': 5.329506124034208e-05, 'min_child_weight': 7}. Best is trial 0 with value: 0.9154228855721394.
[I 2026-03-24 15:40:04,505] Trial 490 finished with value: 0.9154228855721394 and parameters: {'n_estimators': 824, 'max_depth': 50, 'learning_rate': 0.03092545369494564, 'reg_alpha': 0.01304071954172236, 'reg_lambda': 0.01919346983010996, 'min_child_weight': 6}. Best is trial 0 with value: 0.9154228855721394.
[I 2026-03-24 15:40:04,563] Trial 491 finished with value: 0.9154228855721394 and parameters: {'n_estimators': 255, 'max_depth': 43, 'learning_rate': 0.007566943958147601, 'reg_alpha': 0.0004480141693064517, 'reg_lambda': 0.0009282764669784479, 'min_child_weight': 8}. Best is trial 0 with value: 0.9154228855721394.
[I 2026-03-24 15:40:04,633] Trial 492 finished with value: 0.9154228855721394 and parameters: {'n_estimators': 224, 'max_depth': 34, 'learning_rate': 0.05053190329571642, 'reg_alpha': 0.13992878249721788, 'reg_lambda': 1.5690370584829883e-05, 'min_child_weight': 1}. Best is trial 0 with value: 0.9154228855721394.
[I 2026-03-24 15:40:04,701] Trial 493 finished with value: 0.9154228855721394 and parameters: {'n_estimators': 341, 'max_depth': 38, 'learning_rate': 0.018869372366145016, 'reg_alpha': 0.00016179584007940288, 'reg_lambda': 1.4206192582998828e-08, 'min_child_weight': 6}. Best is trial 0 with value: 0.9154228855721394.
[I 2026-03-24 15:40:04,778] Trial 494 finished with value: 0.9154228855721394 and parameters: {'n_estimators': 420, 'max_depth': 11, 'learning_rate': 0.009365903947439521, 'reg_alpha': 0.05834185498021451, 'reg_lambda': 0.00039783972246453257, 'min_child_weight': 9}. Best is trial 0 with value: 0.9154228855721394.
[I 2026-03-24 15:40:04,876] Trial 495 finished with value: 0.9154228855721394 and parameters: {'n_estimators': 587, 'max_depth': 14, 'learning_rate': 0.05929117773218933, 'reg_alpha': 3.268750933606436e-06, 'reg_lambda': 0.0001631556046210531, 'min_child_weight': 5}. Best is trial 0 with value: 0.9154228855721394.
[I 2026-03-24 15:40:04,963] Trial 496 finished with value: 0.9154228855721394 and parameters: {'n_estimators': 493, 'max_depth': 17, 'learning_rate': 0.07089019513657031, 'reg_alpha': 3.734460326231535e-08, 'reg_lambda': 0.003573370097364176, 'min_child_weight': 7}. Best is trial 0 with value: 0.9154228855721394.
[I 2026-03-24 15:40:05,081] Trial 497 finished with value: 0.9154228855721394 and parameters: {'n_estimators': 754, 'max_depth': 20, 'learning_rate': 0.09137187003828495, 'reg_alpha': 0.0001032417216632013, 'reg_lambda': 7.036831390766243e-07, 'min_child_weight': 3}. Best is trial 0 with value: 0.9154228855721394.
[I 2026-03-24 15:40:05,185] Trial 498 finished with value: 0.9154228855721394 and parameters: {'n_estimators': 641, 'max_depth': 6, 'learning_rate': 0.0825067875029753, 'reg_alpha': 1.442964654766317e-06, 'reg_lambda': 3.102352874196945e-05, 'min_child_weight': 2}. Best is trial 0 with value: 0.9154228855721394.
[I 2026-03-24 15:40:05,259] Trial 499 finished with value: 0.9154228855721394 and parameters: {'n_estimators': 394, 'max_depth': 28, 'learning_rate': 0.01703715790656325, 'reg_alpha': 6.5498553715696286e-06, 'reg_lambda': 3.4392704347635887e-06, 'min_child_weight': 2}. Best is trial 0 with value: 0.9154228855721394.
[I 2026-03-24 15:40:05,406] Trial 500 finished with value: 0.9154228855721394 and parameters: {'n_estimators': 984, 'max_depth': 15, 'learning_rate': 0.006197897487646246, 'reg_alpha': 0.020978797978254318, 'reg_lambda': 9.349887302791506e-06, 'min_child_weight': 4}. Best is trial 0 with value: 0.9154228855721394.
[I 2026-03-24 15:40:05,462] Trial 501 finished with value: 0.9154228855721394 and parameters: {'n_estimators': 235, 'max_depth': 44, 'learning_rate': 0.006979060787253957, 'reg_alpha': 8.176731947376297e-07, 'reg_lambda': 0.027767719859415372, 'min_child_weight': 5}. Best is trial 0 with value: 0.9154228855721394.
[I 2026-03-24 15:40:05,610] Trial 502 finished with value: 0.9154228855721394 and parameters: {'n_estimators': 997, 'max_depth': 25, 'learning_rate': 0.012739868495581643, 'reg_alpha': 0.0006440682700020058, 'reg_lambda': 0.0012436792274369839, 'min_child_weight': 8}. Best is trial 0 with value: 0.9154228855721394.
[I 2026-03-24 15:40:05,721] Trial 503 finished with value: 0.9154228855721394 and parameters: {'n_estimators': 685, 'max_depth': 23, 'learning_rate': 0.003451717974903901, 'reg_alpha': 0.01223769831710103, 'reg_lambda': 1.4664609083913448e-06, 'min_child_weight': 7}. Best is trial 0 with value: 0.9154228855721394.
[I 2026-03-24 15:40:05,823] Trial 504 finished with value: 0.9154228855721394 and parameters: {'n_estimators': 615, 'max_depth': 26, 'learning_rate': 0.004522841236146322, 'reg_alpha': 4.1783931573107815e-05, 'reg_lambda': 4.1634444491856494e-07, 'min_child_weight': 6}. Best is trial 0 with value: 0.9154228855721394.
[I 2026-03-24 15:40:05,922] Trial 505 finished with value: 0.9154228855721394 and parameters: {'n_estimators': 365, 'max_depth': 24, 'learning_rate': 0.016005856427291857, 'reg_alpha': 0.0003208861741437598, 'reg_lambda': 0.0002751893504248522, 'min_child_weight': 1}. Best is trial 0 with value: 0.9154228855721394.
[I 2026-03-24 15:40:06,061] Trial 506 finished with value: 0.9154228855721394 and parameters: {'n_estimators': 924, 'max_depth': 42, 'learning_rate': 0.019962529913429252, 'reg_alpha': 1.9632025833223874e-05, 'reg_lambda': 0.0005454226010570915, 'min_child_weight': 10}. Best is trial 0 with value: 0.9154228855721394.
[I 2026-03-24 15:40:06,151] Trial 507 finished with value: 0.9154228855721394 and parameters: {'n_estimators': 533, 'max_depth': 48, 'learning_rate': 0.0011410227958900795, 'reg_alpha': 0.04167637351722648, 'reg_lambda': 9.5509075723615e-05, 'min_child_weight': 4}. Best is trial 0 with value: 0.9154228855721394.
[I 2026-03-24 15:40:06,204] Trial 508 finished with value: 0.9154228855721394 and parameters: {'n_estimators': 215, 'max_depth': 49, 'learning_rate': 0.0019127482202586131, 'reg_alpha': 0.09272502501878788, 'reg_lambda': 5.773673033088097e-06, 'min_child_weight': 5}. Best is trial 0 with value: 0.9154228855721394.
[I 2026-03-24 15:40:06,330] Trial 509 finished with value: 0.9154228855721394 and parameters: {'n_estimators': 841, 'max_depth': 46, 'learning_rate': 0.010311524278680208, 'reg_alpha': 9.312504055160792e-06, 'reg_lambda': 2.0375434085979764e-05, 'min_child_weight': 9}. Best is trial 0 with value: 0.9154228855721394.
[I 2026-03-24 15:40:06,472] Trial 510 finished with value: 0.9154228855721394 and parameters: {'n_estimators': 959, 'max_depth': 36, 'learning_rate': 0.0028434330616220033, 'reg_alpha': 0.000834222831378167, 'reg_lambda': 1.6989762873876422e-07, 'min_child_weight': 3}. Best is trial 0 with value: 0.9154228855721394.
[I 2026-03-24 15:40:06,556] Trial 511 finished with value: 0.9154228855721394 and parameters: {'n_estimators': 303, 'max_depth': 33, 'learning_rate': 0.0052981261080569456, 'reg_alpha': 6.357847392462305e-05, 'reg_lambda': 1.091843598664161e-08, 'min_child_weight': 1}. Best is trial 0 with value: 0.9154228855721394.
[I 2026-03-24 15:40:06,654] Trial 512 finished with value: 0.9154228855721394 and parameters: {'n_estimators': 598, 'max_depth': 40, 'learning_rate': 0.0021115628290934666, 'reg_alpha': 0.005591324301254612, 'reg_lambda': 1.0403966154801077e-06, 'min_child_weight': 7}. Best is trial 0 with value: 0.9154228855721394.
[I 2026-03-24 15:40:06,776] Trial 513 finished with value: 0.9154228855721394 and parameters: {'n_estimators': 791, 'max_depth': 21, 'learning_rate': 0.008068734758016402, 'reg_alpha': 4.1420368745209534e-07, 'reg_lambda': 1.1007434909013784e-05, 'min_child_weight': 6}. Best is trial 0 with value: 0.9154228855721394.
[I 2026-03-24 15:40:06,909] Trial 514 finished with value: 0.9154228855721394 and parameters: {'n_estimators': 902, 'max_depth': 31, 'learning_rate': 0.0024576832426650647, 'reg_alpha': 0.0281459556307018, 'reg_lambda': 4.013355110467871e-06, 'min_child_weight': 8}. Best is trial 0 with value: 0.9154228855721394.
[I 2026-03-24 15:40:06,974] Trial 515 finished with value: 0.9154228855721394 and parameters: {'n_estimators': 320, 'max_depth': 10, 'learning_rate': 0.0031719137427338945, 'reg_alpha': 4.649012626741083e-06, 'reg_lambda': 0.0022560570690241576, 'min_child_weight': 10}. Best is trial 0 with value: 0.9154228855721394.
[I 2026-03-24 15:40:07,031] Trial 516 finished with value: 0.9154228855721394 and parameters: {'n_estimators': 248, 'max_depth': 45, 'learning_rate': 0.026678927977923574, 'reg_alpha': 0.001487365632893448, 'reg_lambda': 2.0231258412386034e-06, 'min_child_weight': 3}. Best is trial 0 with value: 0.9154228855721394.
[I 2026-03-24 15:40:07,091] Trial 517 finished with value: 0.9154228855721394 and parameters: {'n_estimators': 282, 'max_depth': 22, 'learning_rate': 0.00394896301091388, 'reg_alpha': 0.008623191629864422, 'reg_lambda': 0.00016908951241772707, 'min_child_weight': 2}. Best is trial 0 with value: 0.9154228855721394.
[I 2026-03-24 15:40:07,208] Trial 518 finished with value: 0.9154228855721394 and parameters: {'n_estimators': 731, 'max_depth': 27, 'learning_rate': 0.001360820676666479, 'reg_alpha': 0.2676483711584277, 'reg_lambda': 6.97620971896118e-05, 'min_child_weight': 5}. Best is trial 0 with value: 0.9154228855721394.
[I 2026-03-24 15:40:07,303] Trial 519 finished with value: 0.9154228855721394 and parameters: {'n_estimators': 345, 'max_depth': 29, 'learning_rate': 0.01161571467334604, 'reg_alpha': 1.7264481985237434e-06, 'reg_lambda': 0.04211169125840107, 'min_child_weight': 1}. Best is trial 0 with value: 0.9154228855721394.
[I 2026-03-24 15:40:07,378] Trial 520 finished with value: 0.9154228855721394 and parameters: {'n_estimators': 380, 'max_depth': 8, 'learning_rate': 0.006484302590380498, 'reg_alpha': 0.01652180828903699, 'reg_lambda': 0.009336148087838598, 'min_child_weight': 6}. Best is trial 0 with value: 0.9154228855721394.
[I 2026-03-24 15:40:07,511] Trial 521 finished with value: 0.9154228855721394 and parameters: {'n_estimators': 810, 'max_depth': 47, 'learning_rate': 0.033775148288500714, 'reg_alpha': 0.5831991987099, 'reg_lambda': 0.0008051120548199081, 'min_child_weight': 9}. Best is trial 0 with value: 0.9154228855721394.
[I 2026-03-24 15:40:07,626] Trial 522 finished with value: 0.9154228855721394 and parameters: {'n_estimators': 706, 'max_depth': 38, 'learning_rate': 0.023396190182748786, 'reg_alpha': 0.002996640545808069, 'reg_lambda': 9.842834577673773e-08, 'min_child_weight': 8}. Best is trial 0 with value: 0.9154228855721394.
[I 2026-03-24 15:40:07,762] Trial 523 finished with value: 0.9154228855721394 and parameters: {'n_estimators': 879, 'max_depth': 35, 'learning_rate': 0.014706458106403726, 'reg_alpha': 1.583232496490342e-05, 'reg_lambda': 0.00035354677241112957, 'min_child_weight': 7}. Best is trial 0 with value: 0.9154228855721394.
[I 2026-03-24 15:40:07,840] Trial 524 finished with value: 0.9154228855721394 and parameters: {'n_estimators': 406, 'max_depth': 43, 'learning_rate': 0.005091848085750004, 'reg_alpha': 0.00026421365832899425, 'reg_lambda': 5.1971228863091053e-08, 'min_child_weight': 3}. Best is trial 0 with value: 0.9154228855721394.
[I 2026-03-24 15:40:07,922] Trial 525 finished with value: 0.9154228855721394 and parameters: {'n_estimators': 438, 'max_depth': 41, 'learning_rate': 0.009712138914763569, 'reg_alpha': 1.4712080375640859e-07, 'reg_lambda': 3.440134927844034e-07, 'min_child_weight': 7}. Best is trial 0 with value: 0.9154228855721394.
