[I 2026-03-24 15:30:22,304] Trial 139 finished with value: 0.941747572815534 and parameters: {'n_estimators': 689, 'max_depth': 48, 'learning_rate': 0.01400530633247011, 'reg_alpha': 1.0014005487294933e-07, 'reg_lambda': 0.0014525574263187216, 'min_child_weight': 6}. Best is trial 0 with value: 0.941747572815534.
[I 2026-03-24 15:30:22,421] Trial 140 finished with value: 0.941747572815534 and parameters: {'n_estimators': 876, 'max_depth': 41, 'learning_rate': 0.08872326726005016, 'reg_alpha': 0.16450059548717264, 'reg_lambda': 0.02045882992609083, 'min_child_weight': 2}. Best is trial 0 with value: 0.941747572815534.
[I 2026-03-24 15:30:22,530] Trial 141 finished with value: 0.941747572815534 and parameters: {'n_estimators': 769, 'max_depth': 33, 'learning_rate': 0.0037056044067611655, 'reg_alpha': 2.951427511654058e-06, 'reg_lambda': 0.0512453290910539, 'min_child_weight': 8}. Best is trial 0 with value: 0.941747572815534.
[I 2026-03-24 15:30:22,644] Trial 142 finished with value: 0.941747572815534 and parameters: {'n_estimators': 848, 'max_depth': 35, 'learning_rate': 0.010400454281136343, 'reg_alpha': 0.031699613381279676, 'reg_lambda': 5.0685718632872544e-06, 'min_child_weight': 9}. Best is trial 0 with value: 0.941747572815534.
[I 2026-03-24 15:30:22,712] Trial 143 finished with value: 0.941747572815534 and parameters: {'n_estimators': 408, 'max_depth': 7, 'learning_rate': 0.00564758849860108, 'reg_alpha': 4.67759213451182e-06, 'reg_lambda': 0.8956739998018377, 'min_child_weight': 8}. Best is trial 0 with value: 0.941747572815534.
[I 2026-03-24 15:30:22,761] Trial 144 finished with value: 0.941747572815534 and parameters: {'n_estimators': 204, 'max_depth': 30, 'learning_rate': 0.004024849566365661, 'reg_alpha': 0.0029428000450304713, 'reg_lambda': 0.00021712961529875041, 'min_child_weight': 7}. Best is trial 0 with value: 0.941747572815534.
[I 2026-03-24 15:30:22,889] Trial 145 finished with value: 0.941747572815534 and parameters: {'n_estimators': 998, 'max_depth': 32, 'learning_rate': 0.0034119491040032536, 'reg_alpha': 7.361265464529546e-06, 'reg_lambda': 0.3363648969230845, 'min_child_weight': 8}. Best is trial 0 with value: 0.941747572815534.
[I 2026-03-24 15:30:22,969] Trial 146 finished with value: 0.941747572815534 and parameters: {'n_estimators': 519, 'max_depth': 44, 'learning_rate': 0.008766998186528667, 'reg_alpha': 0.10040313818256343, 'reg_lambda': 4.65972937621878e-07, 'min_child_weight': 6}. Best is trial 0 with value: 0.941747572815534.
[I 2026-03-24 15:30:23,072] Trial 147 finished with value: 0.941747572815534 and parameters: {'n_estimators': 736, 'max_depth': 36, 'learning_rate': 0.006228933373388728, 'reg_alpha': 4.452274932250407e-08, 'reg_lambda': 0.01130736207138661, 'min_child_weight': 9}. Best is trial 0 with value: 0.941747572815534.
[I 2026-03-24 15:30:23,179] Trial 148 finished with value: 0.941747572815534 and parameters: {'n_estimators': 783, 'max_depth': 23, 'learning_rate': 0.09969541452519125, 'reg_alpha': 0.672219063165253, 'reg_lambda': 0.12217986952745757, 'min_child_weight': 5}. Best is trial 0 with value: 0.941747572815534.
[I 2026-03-24 15:30:23,269] Trial 149 finished with value: 0.941747572815534 and parameters: {'n_estimators': 617, 'max_depth': 45, 'learning_rate': 0.0049290711146579526, 'reg_alpha': 2.2133290465315588e-08, 'reg_lambda': 0.5164175688098488, 'min_child_weight': 10}. Best is trial 0 with value: 0.941747572815534.
[I 2026-03-24 15:30:23,380] Trial 150 finished with value: 0.941747572815534 and parameters: {'n_estimators': 800, 'max_depth': 34, 'learning_rate': 0.02460415805747386, 'reg_alpha': 0.0012235580017187235, 'reg_lambda': 9.321534603995087e-06, 'min_child_weight': 7}. Best is trial 0 with value: 0.941747572815534.
[I 2026-03-24 15:30:23,456] Trial 151 finished with value: 0.941747572815534 and parameters: {'n_estimators': 455, 'max_depth': 40, 'learning_rate': 0.00764022318782386, 'reg_alpha': 1.3004696889356974e-08, 'reg_lambda': 0.00016672412687999995, 'min_child_weight': 7}. Best is trial 0 with value: 0.941747572815534.
[I 2026-03-24 15:30:23,533] Trial 152 finished with value: 0.941747572815534 and parameters: {'n_estimators': 474, 'max_depth': 43, 'learning_rate': 0.0018301015802070465, 'reg_alpha': 1.014600383215838e-08, 'reg_lambda': 0.0005106995233976555, 'min_child_weight': 7}. Best is trial 0 with value: 0.941747572815534.
[I 2026-03-24 15:30:23,618] Trial 153 finished with value: 0.941747572815534 and parameters: {'n_estimators': 554, 'max_depth': 37, 'learning_rate': 0.002683195682768824, 'reg_alpha': 2.0611251487809704e-08, 'reg_lambda': 2.678112144211016e-08, 'min_child_weight': 6}. Best is trial 0 with value: 0.941747572815534.
[I 2026-03-24 15:30:23,740] Trial 154 finished with value: 0.941747572815534 and parameters: {'n_estimators': 896, 'max_depth': 10, 'learning_rate': 0.0031025097002442153, 'reg_alpha': 5.963551433518145e-08, 'reg_lambda': 3.300545903998334e-05, 'min_child_weight': 8}. Best is trial 0 with value: 0.941747572815534.
[I 2026-03-24 15:30:23,818] Trial 155 finished with value: 0.941747572815534 and parameters: {'n_estimators': 487, 'max_depth': 38, 'learning_rate': 0.04479406225611085, 'reg_alpha': 1.0159919535914963e-06, 'reg_lambda': 8.168033297808014e-08, 'min_child_weight': 2}. Best is trial 0 with value: 0.941747572815534.
[I 2026-03-24 15:30:23,874] Trial 156 finished with value: 0.941747572815534 and parameters: {'n_estimators': 280, 'max_depth': 41, 'learning_rate': 0.03084467135495014, 'reg_alpha': 2.610299191384776e-05, 'reg_lambda': 0.0003012161838076554, 'min_child_weight': 3}. Best is trial 0 with value: 0.941747572815534.
[I 2026-03-24 15:30:23,928] Trial 157 finished with value: 0.941747572815534 and parameters: {'n_estimators': 249, 'max_depth': 8, 'learning_rate': 0.004192538249366598, 'reg_alpha': 2.092323404258849e-07, 'reg_lambda': 3.7180137948319813e-06, 'min_child_weight': 6}. Best is trial 0 with value: 0.941747572815534.
[I 2026-03-24 15:30:24,016] Trial 158 finished with value: 0.941747572815534 and parameters: {'n_estimators': 579, 'max_depth': 6, 'learning_rate': 0.05100356937840375, 'reg_alpha': 1.9969531214189677e-06, 'reg_lambda': 1.0537786366331787e-06, 'min_child_weight': 5}. Best is trial 0 with value: 0.941747572815534.
[I 2026-03-24 15:30:24,088] Trial 159 finished with value: 0.941747572815534 and parameters: {'n_estimators': 428, 'max_depth': 33, 'learning_rate': 0.013020093027943921, 'reg_alpha': 3.783581976263045e-08, 'reg_lambda': 0.037889716900403915, 'min_child_weight': 9}. Best is trial 0 with value: 0.941747572815534.
[I 2026-03-24 15:30:24,211] Trial 160 finished with value: 0.941747572815534 and parameters: {'n_estimators': 927, 'max_depth': 49, 'learning_rate': 0.01987936598474358, 'reg_alpha': 0.0663594462258175, 'reg_lambda': 1.754095741149651e-05, 'min_child_weight': 7}. Best is trial 0 with value: 0.941747572815534.
[I 2026-03-24 15:30:24,278] Trial 161 finished with value: 0.941747572815534 and parameters: {'n_estimators': 396, 'max_depth': 29, 'learning_rate': 0.006426086865351983, 'reg_alpha': 5.03736995069594e-05, 'reg_lambda': 0.00013498891116015473, 'min_child_weight': 7}. Best is trial 0 with value: 0.941747572815534.
[I 2026-03-24 15:30:24,329] Trial 162 finished with value: 0.941747572815534 and parameters: {'n_estimators': 223, 'max_depth': 35, 'learning_rate': 0.009594126783042566, 'reg_alpha': 0.00016035462387517825, 'reg_lambda': 1.486907542083651e-05, 'min_child_weight': 7}. Best is trial 0 with value: 0.941747572815534.
[I 2026-03-24 15:30:24,391] Trial 163 finished with value: 0.941747572815534 and parameters: {'n_estimators': 336, 'max_depth': 27, 'learning_rate': 0.005684717702274606, 'reg_alpha': 7.319868056917861e-05, 'reg_lambda': 5.4091286050948744e-05, 'min_child_weight': 8}. Best is trial 0 with value: 0.941747572815534.
[I 2026-03-24 15:30:24,520] Trial 164 finished with value: 0.941747572815534 and parameters: {'n_estimators': 982, 'max_depth': 32, 'learning_rate': 0.017252174912734494, 'reg_alpha': 0.0005486644204024513, 'reg_lambda': 9.986024787786211e-05, 'min_child_weight': 6}. Best is trial 0 with value: 0.941747572815534.
[I 2026-03-24 15:30:24,587] Trial 165 finished with value: 0.941747572815534 and parameters: {'n_estimators': 373, 'max_depth': 31, 'learning_rate': 0.007487942765316354, 'reg_alpha': 6.508022473031186e-06, 'reg_lambda': 3.5749237078062076e-05, 'min_child_weight': 7}. Best is trial 0 with value: 0.941747572815534.
[I 2026-03-24 15:30:24,700] Trial 166 finished with value: 0.941747572815534 and parameters: {'n_estimators': 823, 'max_depth': 29, 'learning_rate': 0.03713193785352522, 'reg_alpha': 0.0003445381389089109, 'reg_lambda': 0.1820633910028826, 'min_child_weight': 6}. Best is trial 0 with value: 0.941747572815534.
[I 2026-03-24 15:30:24,797] Trial 167 finished with value: 0.941747572815534 and parameters: {'n_estimators': 669, 'max_depth': 15, 'learning_rate': 0.0685118619906623, 'reg_alpha': 9.620024278470221e-06, 'reg_lambda': 0.06567317582209742, 'min_child_weight': 8}. Best is trial 0 with value: 0.941747572815534.
[I 2026-03-24 15:30:24,925] Trial 168 finished with value: 0.941747572815534 and parameters: {'n_estimators': 961, 'max_depth': 47, 'learning_rate': 0.005148697692283261, 'reg_alpha': 3.555922529298121e-07, 'reg_lambda': 7.322410185290089e-06, 'min_child_weight': 7}. Best is trial 0 with value: 0.941747572815534.
[I 2026-03-24 15:30:25,031] Trial 169 finished with value: 0.941747572815534 and parameters: {'n_estimators': 761, 'max_depth': 20, 'learning_rate': 0.023005907130373916, 'reg_alpha': 3.5327818466770003e-06, 'reg_lambda': 1.0427965342991352e-08, 'min_child_weight': 2}. Best is trial 0 with value: 0.941747572815534.
[I 2026-03-24 15:30:25,148] Trial 170 finished with value: 0.941747572815534 and parameters: {'n_estimators': 855, 'max_depth': 39, 'learning_rate': 0.0013349857645223292, 'reg_alpha': 9.625011266819665e-08, 'reg_lambda': 7.962031227364335e-05, 'min_child_weight': 3}. Best is trial 0 with value: 0.941747572815534.
[I 2026-03-24 15:30:25,250] Trial 171 finished with value: 0.941747572815534 and parameters: {'n_estimators': 719, 'max_depth': 42, 'learning_rate': 0.002366012643973817, 'reg_alpha': 1.5263338051530762e-07, 'reg_lambda': 0.005951705034019367, 'min_child_weight': 4}. Best is trial 0 with value: 0.941747572815534.
[I 2026-03-24 15:30:25,343] Trial 172 finished with value: 0.941747572815534 and parameters: {'n_estimators': 631, 'max_depth': 40, 'learning_rate': 0.001727963119133756, 'reg_alpha': 1.242211532446973e-06, 'reg_lambda': 0.0031266584656943377, 'min_child_weight': 5}. Best is trial 0 with value: 0.941747572815534.
[I 2026-03-24 15:30:25,438] Trial 173 finished with value: 0.941747572815534 and parameters: {'n_estimators': 651, 'max_depth': 37, 'learning_rate': 0.00465756423026924, 'reg_alpha': 2.5308248205883713e-06, 'reg_lambda': 0.0016722444065846585, 'min_child_weight': 4}. Best is trial 0 with value: 0.941747572815534.
[I 2026-03-24 15:30:25,539] Trial 174 finished with value: 0.941747572815534 and parameters: {'n_estimators': 697, 'max_depth': 43, 'learning_rate': 0.0020631377931762005, 'reg_alpha': 2.565981130470847e-07, 'reg_lambda': 0.008421467703576957, 'min_child_weight': 3}. Best is trial 0 with value: 0.941747572815534.
[I 2026-03-24 15:30:25,647] Trial 175 finished with value: 0.941747572815534 and parameters: {'n_estimators': 779, 'max_depth': 44, 'learning_rate': 0.002554336717575753, 'reg_alpha': 1.8431558489060742e-06, 'reg_lambda': 0.0008885507962734123, 'min_child_weight': 6}. Best is trial 0 with value: 0.941747572815534.
[I 2026-03-24 15:30:25,753] Trial 176 finished with value: 0.941747572815534 and parameters: {'n_estimators': 749, 'max_depth': 39, 'learning_rate': 0.002018608994403897, 'reg_alpha': 0.48426140753577746, 'reg_lambda': 2.2444821142678835e-06, 'min_child_weight': 5}. Best is trial 0 with value: 0.941747572815534.
[I 2026-03-24 15:30:25,836] Trial 177 finished with value: 0.941747572815534 and parameters: {'n_estimators': 536, 'max_depth': 21, 'learning_rate': 0.027209488194945095, 'reg_alpha': 1.5298834975312627e-05, 'reg_lambda': 0.004423719341507899, 'min_child_weight': 7}. Best is trial 0 with value: 0.941747572815534.
[I 2026-03-24 15:30:25,939] Trial 178 finished with value: 0.941747572815534 and parameters: {'n_estimators': 733, 'max_depth': 42, 'learning_rate': 0.006840983657205093, 'reg_alpha': 7.166230293508234e-07, 'reg_lambda': 6.336139360961121e-07, 'min_child_weight': 10}. Best is trial 0 with value: 0.941747572815534.
[I 2026-03-24 15:30:26,051] Trial 179 finished with value: 0.941747572815534 and parameters: {'n_estimators': 805, 'max_depth': 18, 'learning_rate': 0.0011180700871321466, 'reg_alpha': 0.0002634833572466618, 'reg_lambda': 0.012545638790670595, 'min_child_weight': 1}. Best is trial 0 with value: 0.941747572815534.
[I 2026-03-24 15:30:26,140] Trial 180 finished with value: 0.941747572815534 and parameters: {'n_estimators': 604, 'max_depth': 25, 'learning_rate': 0.08263125188388527, 'reg_alpha': 4.574029276761243e-07, 'reg_lambda': 1.5785430379855183e-06, 'min_child_weight': 4}. Best is trial 0 with value: 0.941747572815534.
[I 2026-03-24 15:30:26,217] Trial 181 finished with value: 0.941747572815534 and parameters: {'n_estimators': 466, 'max_depth': 36, 'learning_rate': 0.04086049571166287, 'reg_alpha': 4.889155101963085e-06, 'reg_lambda': 0.07994869777749823, 'min_child_weight': 10}. Best is trial 0 with value: 0.941747572815534.
[I 2026-03-24 15:30:26,296] Trial 182 finished with value: 0.941747572815534 and parameters: {'n_estimators': 512, 'max_depth': 41, 'learning_rate': 0.0526896354837331, 'reg_alpha': 3.2620211412724515e-05, 'reg_lambda': 0.018095692785841503, 'min_child_weight': 10}. Best is trial 0 with value: 0.941747572815534.
[I 2026-03-24 15:30:26,375] Trial 183 finished with value: 0.941747572815534 and parameters: {'n_estimators': 486, 'max_depth': 35, 'learning_rate': 0.0033662116962080864, 'reg_alpha': 2.0339788514489854e-05, 'reg_lambda': 0.023015895544145265, 'min_child_weight': 10}. Best is trial 0 with value: 0.941747572815534.
[I 2026-03-24 15:30:26,464] Trial 184 finished with value: 0.941747572815534 and parameters: {'n_estimators': 584, 'max_depth': 37, 'learning_rate': 0.03272594467963853, 'reg_alpha': 0.004325450802275502, 'reg_lambda': 0.04328694961294068, 'min_child_weight': 9}. Best is trial 0 with value: 0.941747572815534.
[I 2026-03-24 15:30:26,539] Trial 185 finished with value: 0.941747572815534 and parameters: {'n_estimators': 454, 'max_depth': 7, 'learning_rate': 0.007996074360954815, 'reg_alpha': 0.00013780588889590934, 'reg_lambda': 0.21721307430326037, 'min_child_weight': 9}. Best is trial 0 with value: 0.941747572815534.
[I 2026-03-24 15:30:26,612] Trial 186 finished with value: 0.941747572815534 and parameters: {'n_estimators': 441, 'max_depth': 46, 'learning_rate': 0.05783644431040631, 'reg_alpha': 1.1941296588853989e-05, 'reg_lambda': 1.6478675603760582e-07, 'min_child_weight': 2}. Best is trial 0 with value: 0.941747572815534.
[I 2026-03-24 15:30:26,681] Trial 187 finished with value: 0.941747572815534 and parameters: {'n_estimators': 408, 'max_depth': 6, 'learning_rate': 0.030151279168841527, 'reg_alpha': 0.016727867806652044, 'reg_lambda': 0.0024700330158137726, 'min_child_weight': 6}. Best is trial 0 with value: 0.941747572815534.
[I 2026-03-24 15:30:26,807] Trial 188 finished with value: 0.941747572815534 and parameters: {'n_estimators': 939, 'max_depth': 34, 'learning_rate': 0.002830268349602938, 'reg_alpha': 0.026569310669011005, 'reg_lambda': 0.1141561231541961, 'min_child_weight': 8}. Best is trial 0 with value: 0.941747572815534.
[I 2026-03-24 15:30:26,893] Trial 189 finished with value: 0.941747572815534 and parameters: {'n_estimators': 565, 'max_depth': 38, 'learning_rate': 0.04623043780542483, 'reg_alpha': 0.007805253287829213, 'reg_lambda': 3.6381388759656154e-07, 'min_child_weight': 10}. Best is trial 0 with value: 0.941747572815534.
[I 2026-03-24 15:30:26,990] Trial 190 finished with value: 0.941747572815534 and parameters: {'n_estimators': 678, 'max_depth': 23, 'learning_rate': 0.012157006975896091, 'reg_alpha': 3.266939016278825e-05, 'reg_lambda': 6.675267576916238e-05, 'min_child_weight': 6}. Best is trial 0 with value: 0.941747572815534.
[I 2026-03-24 15:30:27,055] Trial 191 finished with value: 0.941747572815534 and parameters: {'n_estimators': 361, 'max_depth': 33, 'learning_rate': 0.008503205740112768, 'reg_alpha': 0.00228776029429658, 'reg_lambda': 0.0004634246828678478, 'min_child_weight': 8}. Best is trial 0 with value: 0.941747572815534.
[I 2026-03-24 15:30:27,117] Trial 192 finished with value: 0.941747572815534 and parameters: {'n_estimators': 349, 'max_depth': 26, 'learning_rate': 0.008983045183247534, 'reg_alpha': 0.00021188338676219934, 'reg_lambda': 0.00020466178123074104, 'min_child_weight': 8}. Best is trial 0 with value: 0.941747572815534.
[I 2026-03-24 15:30:27,184] Trial 193 finished with value: 0.941747572815534 and parameters: {'n_estimators': 380, 'max_depth': 28, 'learning_rate': 0.010641956896259361, 'reg_alpha': 0.0003904048355232207, 'reg_lambda': 0.0003486623351836633, 'min_child_weight': 7}. Best is trial 0 with value: 0.941747572815534.
[I 2026-03-24 15:30:27,242] Trial 194 finished with value: 0.941747572815534 and parameters: {'n_estimators': 317, 'max_depth': 30, 'learning_rate': 0.0041435910166002015, 'reg_alpha': 0.0007327016767332619, 'reg_lambda': 0.0008282266229606101, 'min_child_weight': 7}. Best is trial 0 with value: 0.941747572815534.
[I 2026-03-24 15:30:27,311] Trial 195 finished with value: 0.941747572815534 and parameters: {'n_estimators': 417, 'max_depth': 24, 'learning_rate': 0.014947148769159728, 'reg_alpha': 3.018311455878413e-08, 'reg_lambda': 0.0005653670765294314, 'min_child_weight': 9}. Best is trial 0 with value: 0.941747572815534.
[I 2026-03-24 15:30:27,389] Trial 196 finished with value: 0.941747572815534 and parameters: {'n_estimators': 505, 'max_depth': 27, 'learning_rate': 0.03785040847500864, 'reg_alpha': 6.978230767723889e-08, 'reg_lambda': 0.46249275952900304, 'min_child_weight': 7}. Best is trial 0 with value: 0.941747572815534.
[I 2026-03-24 15:30:27,442] Trial 197 finished with value: 0.941747572815534 and parameters: {'n_estimators': 260, 'max_depth': 44, 'learning_rate': 0.0764380252762431, 'reg_alpha': 0.00010693929435816164, 'reg_lambda': 0.0002638735534403247, 'min_child_weight': 4}. Best is trial 0 with value: 0.941747572815534.
[I 2026-03-24 15:30:27,561] Trial 198 finished with value: 0.941747572815534 and parameters: {'n_estimators': 885, 'max_depth': 50, 'learning_rate': 0.00922026057464193, 'reg_alpha': 1.8693511622037125e-08, 'reg_lambda': 0.00012406396691393102, 'min_child_weight': 8}. Best is trial 0 with value: 0.941747572815534.
[I 2026-03-24 15:30:27,660] Trial 199 finished with value: 0.941747572815534 and parameters: {'n_estimators': 710, 'max_depth': 40, 'learning_rate': 0.08912399379688586, 'reg_alpha': 6.57838013125309e-05, 'reg_lambda': 4.958051221251653e-06, 'min_child_weight': 5}. Best is trial 0 with value: 0.941747572815534.
[I 2026-03-24 15:30:27,710] Trial 200 finished with value: 0.941747572815534 and parameters: {'n_estimators': 230, 'max_depth': 36, 'learning_rate': 0.005916939902598668, 'reg_alpha': 1.0987804479186582e-07, 'reg_lambda': 0.9688964493053812, 'min_child_weight': 6}. Best is trial 0 with value: 0.941747572815534.
[I 2026-03-24 15:30:27,822] Trial 201 finished with value: 0.941747572815534 and parameters: {'n_estimators': 828, 'max_depth': 48, 'learning_rate': 0.0018930183338557599, 'reg_alpha': 1.9528014091131369e-07, 'reg_lambda': 1.1032443964258718e-05, 'min_child_weight': 4}. Best is trial 0 with value: 0.941747572815534.
[I 2026-03-24 15:30:27,928] Trial 202 finished with value: 0.941747572815534 and parameters: {'n_estimators': 788, 'max_depth': 49, 'learning_rate': 0.002473830147838726, 'reg_alpha': 0.0010786090997076028, 'reg_lambda': 0.034377475385312654, 'min_child_weight': 4}. Best is trial 0 with value: 0.941747572815534.
[I 2026-03-24 15:30:28,036] Trial 203 finished with value: 0.941747572815534 and parameters: {'n_estimators': 765, 'max_depth': 47, 'learning_rate': 0.0015516193434577752, 'reg_alpha': 3.823682760092244e-07, 'reg_lambda': 2.3974690145508704e-06, 'min_child_weight': 4}. Best is trial 0 with value: 0.941747572815534.
[I 2026-03-24 15:30:28,145] Trial 204 finished with value: 0.941747572815534 and parameters: {'n_estimators': 805, 'max_depth': 50, 'learning_rate': 0.0023174283158654075, 'reg_alpha': 6.048069146993423e-07, 'reg_lambda': 2.4700051107951964e-05, 'min_child_weight': 3}. Best is trial 0 with value: 0.941747572815534.
[I 2026-03-24 15:30:28,265] Trial 205 finished with value: 0.941747572815534 and parameters: {'n_estimators': 909, 'max_depth': 9, 'learning_rate': 0.002951890978005503, 'reg_alpha': 8.815789853849837e-07, 'reg_lambda': 5.268638913563779e-06, 'min_child_weight': 2}. Best is trial 0 with value: 0.941747572815534.
[I 2026-03-24 15:30:28,381] Trial 206 finished with value: 0.941747572815534 and parameters: {'n_estimators': 857, 'max_depth': 41, 'learning_rate': 0.06334943860268623, 'reg_alpha': 2.9579050374211347e-07, 'reg_lambda': 0.0013219023210205222, 'min_child_weight': 5}. Best is trial 0 with value: 0.941747572815534.
[I 2026-03-24 15:30:28,449] Trial 207 finished with value: 0.941747572815534 and parameters: {'n_estimators': 392, 'max_depth': 31, 'learning_rate': 0.002220664876576636, 'reg_alpha': 8.179661321132824e-06, 'reg_lambda': 8.59451444799903e-06, 'min_child_weight': 7}. Best is trial 0 with value: 0.941747572815534.
