[I 2026-03-24 15:35:34,992] Trial 513 finished with value: 0.9411764705882353 and parameters: {'n_estimators': 433, 'max_depth': 19, 'learning_rate': 0.007128656944725256, 'reg_alpha': 0.008005408603178695, 'reg_lambda': 0.006157805619090923, 'min_child_weight': 1}. Best is trial 213 with value: 0.9463414634146341.
[I 2026-03-24 15:35:35,142] Trial 514 finished with value: 0.9463414634146341 and parameters: {'n_estimators': 412, 'max_depth': 21, 'learning_rate': 0.007498216230781832, 'reg_alpha': 0.006176640303868376, 'reg_lambda': 0.004602812186477251, 'min_child_weight': 1}. Best is trial 213 with value: 0.9463414634146341.
[I 2026-03-24 15:35:35,298] Trial 515 finished with value: 0.9463414634146341 and parameters: {'n_estimators': 430, 'max_depth': 20, 'learning_rate': 0.006610544163781845, 'reg_alpha': 0.004037806314623361, 'reg_lambda': 0.009250227685263523, 'min_child_weight': 1}. Best is trial 213 with value: 0.9463414634146341.
[I 2026-03-24 15:35:35,447] Trial 516 finished with value: 0.941747572815534 and parameters: {'n_estimators': 402, 'max_depth': 18, 'learning_rate': 0.006103080923516059, 'reg_alpha': 0.010563671752674284, 'reg_lambda': 0.0036782815907490597, 'min_child_weight': 1}. Best is trial 213 with value: 0.9463414634146341.
[I 2026-03-24 15:35:35,598] Trial 517 finished with value: 0.9411764705882353 and parameters: {'n_estimators': 419, 'max_depth': 21, 'learning_rate': 0.008073066251262313, 'reg_alpha': 0.006219224406321469, 'reg_lambda': 0.01292409509375094, 'min_child_weight': 1}. Best is trial 213 with value: 0.9463414634146341.
[I 2026-03-24 15:35:35,739] Trial 518 finished with value: 0.941747572815534 and parameters: {'n_estimators': 380, 'max_depth': 19, 'learning_rate': 0.006978985495365096, 'reg_alpha': 0.003845263376697104, 'reg_lambda': 0.006368407258886446, 'min_child_weight': 1}. Best is trial 213 with value: 0.9463414634146341.
[I 2026-03-24 15:35:35,899] Trial 519 finished with value: 0.9463414634146341 and parameters: {'n_estimators': 436, 'max_depth': 20, 'learning_rate': 0.006231837781810577, 'reg_alpha': 0.008474974818637451, 'reg_lambda': 0.007440364141044599, 'min_child_weight': 1}. Best is trial 213 with value: 0.9463414634146341.
[I 2026-03-24 15:35:36,045] Trial 520 finished with value: 0.9463414634146341 and parameters: {'n_estimators': 403, 'max_depth': 18, 'learning_rate': 0.007471134117342257, 'reg_alpha': 0.004857740387016656, 'reg_lambda': 0.004078129865670135, 'min_child_weight': 1}. Best is trial 213 with value: 0.9463414634146341.
[I 2026-03-24 15:35:36,197] Trial 521 finished with value: 0.9463414634146341 and parameters: {'n_estimators': 415, 'max_depth': 21, 'learning_rate': 0.006734365017249515, 'reg_alpha': 0.011042142333011463, 'reg_lambda': 0.010118416214357894, 'min_child_weight': 1}. Best is trial 213 with value: 0.9463414634146341.
[I 2026-03-24 15:35:36,340] Trial 522 finished with value: 0.9463414634146341 and parameters: {'n_estimators': 386, 'max_depth': 19, 'learning_rate': 0.007964759054053513, 'reg_alpha': 0.006909852897180876, 'reg_lambda': 0.005336135893724528, 'min_child_weight': 1}. Best is trial 213 with value: 0.9463414634146341.
[I 2026-03-24 15:35:36,500] Trial 523 finished with value: 0.941747572815534 and parameters: {'n_estimators': 431, 'max_depth': 20, 'learning_rate': 0.006043757560066636, 'reg_alpha': 0.0033620217335727973, 'reg_lambda': 0.014276524770287478, 'min_child_weight': 1}. Best is trial 213 with value: 0.9463414634146341.
[I 2026-03-24 15:35:36,647] Trial 524 finished with value: 0.9463414634146341 and parameters: {'n_estimators': 398, 'max_depth': 19, 'learning_rate': 0.0069616713504765575, 'reg_alpha': 0.005022837732265573, 'reg_lambda': 0.00748420969252595, 'min_child_weight': 1}. Best is trial 213 with value: 0.9463414634146341.
[I 2026-03-24 15:35:36,800] Trial 525 finished with value: 0.941747572815534 and parameters: {'n_estimators': 417, 'max_depth': 21, 'learning_rate': 0.00585293150619938, 'reg_alpha': 0.013022630957635555, 'reg_lambda': 0.003348728168441404, 'min_child_weight': 1}. Best is trial 213 with value: 0.9463414634146341.
[I 2026-03-24 15:35:36,959] Trial 526 finished with value: 0.9463414634146341 and parameters: {'n_estimators': 436, 'max_depth': 18, 'learning_rate': 0.006487018028729389, 'reg_alpha': 0.008873866216582772, 'reg_lambda': 0.010769157405035154, 'min_child_weight': 1}. Best is trial 213 with value: 0.9463414634146341.
[I 2026-03-24 15:35:37,099] Trial 527 finished with value: 0.9463414634146341 and parameters: {'n_estimators': 374, 'max_depth': 20, 'learning_rate': 0.007618903353073223, 'reg_alpha': 0.005999183818853339, 'reg_lambda': 0.006729515756171724, 'min_child_weight': 1}. Best is trial 213 with value: 0.9463414634146341.
[I 2026-03-24 15:35:37,254] Trial 528 finished with value: 0.9463414634146341 and parameters: {'n_estimators': 418, 'max_depth': 21, 'learning_rate': 0.007040767786677611, 'reg_alpha': 0.003332610666813455, 'reg_lambda': 0.004929100588858483, 'min_child_weight': 1}. Best is trial 213 with value: 0.9463414634146341.
[I 2026-03-24 15:35:37,401] Trial 529 finished with value: 0.9411764705882353 and parameters: {'n_estimators': 400, 'max_depth': 19, 'learning_rate': 0.008237547802663808, 'reg_alpha': 0.007120683678672622, 'reg_lambda': 0.008649284930024566, 'min_child_weight': 1}. Best is trial 213 with value: 0.9463414634146341.
[I 2026-03-24 15:35:37,569] Trial 530 finished with value: 0.9463414634146341 and parameters: {'n_estimators': 443, 'max_depth': 18, 'learning_rate': 0.006418005677792208, 'reg_alpha': 0.0050779263645342075, 'reg_lambda': 0.0139559442944827, 'min_child_weight': 1}. Best is trial 213 with value: 0.9463414634146341.
[I 2026-03-24 15:35:37,728] Trial 531 finished with value: 0.9411764705882353 and parameters: {'n_estimators': 429, 'max_depth': 22, 'learning_rate': 0.00735247640822058, 'reg_alpha': 0.003055128991385984, 'reg_lambda': 0.0034364743652932376, 'min_child_weight': 1}. Best is trial 213 with value: 0.9463414634146341.
[I 2026-03-24 15:35:37,881] Trial 532 finished with value: 0.941747572815534 and parameters: {'n_estimators': 412, 'max_depth': 19, 'learning_rate': 0.005801700212095073, 'reg_alpha': 0.011745615968665163, 'reg_lambda': 0.00546681476510373, 'min_child_weight': 1}. Best is trial 213 with value: 0.9463414634146341.
[I 2026-03-24 15:35:38,028] Trial 533 finished with value: 0.941747572815534 and parameters: {'n_estimators': 392, 'max_depth': 20, 'learning_rate': 0.0067938197441330325, 'reg_alpha': 0.004276234680590895, 'reg_lambda': 0.009192925897202678, 'min_child_weight': 1}. Best is trial 213 with value: 0.9463414634146341.
[I 2026-03-24 15:35:38,186] Trial 534 finished with value: 0.9463414634146341 and parameters: {'n_estimators': 442, 'max_depth': 17, 'learning_rate': 0.006269756277903953, 'reg_alpha': 0.008042976697771138, 'reg_lambda': 0.004637749053747853, 'min_child_weight': 1}. Best is trial 213 with value: 0.9463414634146341.
[I 2026-03-24 15:35:38,338] Trial 535 finished with value: 0.9411764705882353 and parameters: {'n_estimators': 422, 'max_depth': 21, 'learning_rate': 0.007887331052460247, 'reg_alpha': 0.0062416420686335445, 'reg_lambda': 0.007009639134172481, 'min_child_weight': 1}. Best is trial 213 with value: 0.9463414634146341.
[I 2026-03-24 15:35:38,475] Trial 536 finished with value: 0.941747572815534 and parameters: {'n_estimators': 368, 'max_depth': 20, 'learning_rate': 0.005693999571293817, 'reg_alpha': 0.003113380505394004, 'reg_lambda': 0.014519134809863679, 'min_child_weight': 1}. Best is trial 213 with value: 0.9463414634146341.
[I 2026-03-24 15:35:38,621] Trial 537 finished with value: 0.9463414634146341 and parameters: {'n_estimators': 403, 'max_depth': 19, 'learning_rate': 0.007146378683057422, 'reg_alpha': 0.014444362349221414, 'reg_lambda': 0.003060593345441009, 'min_child_weight': 1}. Best is trial 213 with value: 0.9463414634146341.
[I 2026-03-24 15:35:38,765] Trial 538 finished with value: 0.941747572815534 and parameters: {'n_estimators': 386, 'max_depth': 18, 'learning_rate': 0.006676623385848748, 'reg_alpha': 0.009275298785185841, 'reg_lambda': 0.011182918348272699, 'min_child_weight': 1}. Best is trial 213 with value: 0.9463414634146341.
[I 2026-03-24 15:35:38,918] Trial 539 finished with value: 0.9411764705882353 and parameters: {'n_estimators': 429, 'max_depth': 22, 'learning_rate': 0.00834922564394437, 'reg_alpha': 0.0045525674581269404, 'reg_lambda': 0.006215561280826578, 'min_child_weight': 1}. Best is trial 213 with value: 0.9463414634146341.
[I 2026-03-24 15:35:39,078] Trial 540 finished with value: 0.9463414634146341 and parameters: {'n_estimators': 449, 'max_depth': 20, 'learning_rate': 0.006247135482466704, 'reg_alpha': 0.006362852337880773, 'reg_lambda': 0.0040747954501064365, 'min_child_weight': 1}. Best is trial 213 with value: 0.9463414634146341.
[I 2026-03-24 15:35:39,226] Trial 541 finished with value: 0.9411764705882353 and parameters: {'n_estimators': 411, 'max_depth': 19, 'learning_rate': 0.007452908506219065, 'reg_alpha': 0.002924098148902725, 'reg_lambda': 0.008633722204032327, 'min_child_weight': 1}. Best is trial 213 with value: 0.9463414634146341.
[I 2026-03-24 15:35:39,383] Trial 542 finished with value: 0.941747572815534 and parameters: {'n_estimators': 432, 'max_depth': 18, 'learning_rate': 0.005648372391584379, 'reg_alpha': 0.004784986247370668, 'reg_lambda': 0.005335501056038452, 'min_child_weight': 1}. Best is trial 213 with value: 0.9463414634146341.
[I 2026-03-24 15:35:39,527] Trial 543 finished with value: 0.941747572815534 and parameters: {'n_estimators': 392, 'max_depth': 21, 'learning_rate': 0.006881601504541488, 'reg_alpha': 0.00921264120357577, 'reg_lambda': 0.011463991914156367, 'min_child_weight': 1}. Best is trial 213 with value: 0.9463414634146341.
[I 2026-03-24 15:35:39,679] Trial 544 finished with value: 0.9411764705882353 and parameters: {'n_estimators': 416, 'max_depth': 20, 'learning_rate': 0.00764686683007067, 'reg_alpha': 0.004030561423549512, 'reg_lambda': 0.007010610645680381, 'min_child_weight': 1}. Best is trial 213 with value: 0.9463414634146341.
[I 2026-03-24 15:35:39,839] Trial 545 finished with value: 0.941747572815534 and parameters: {'n_estimators': 442, 'max_depth': 17, 'learning_rate': 0.00611027003951778, 'reg_alpha': 0.014069390118332711, 'reg_lambda': 0.002990251902645158, 'min_child_weight': 1}. Best is trial 213 with value: 0.9463414634146341.
[I 2026-03-24 15:35:39,989] Trial 546 finished with value: 0.941747572815534 and parameters: {'n_estimators': 405, 'max_depth': 19, 'learning_rate': 0.006641435247977135, 'reg_alpha': 0.009024172375612243, 'reg_lambda': 0.016144829451306724, 'min_child_weight': 1}. Best is trial 213 with value: 0.9463414634146341.
[I 2026-03-24 15:35:40,128] Trial 547 finished with value: 0.9411764705882353 and parameters: {'n_estimators': 380, 'max_depth': 22, 'learning_rate': 0.008510132472681195, 'reg_alpha': 0.006307167490061849, 'reg_lambda': 0.004183410097933297, 'min_child_weight': 1}. Best is trial 213 with value: 0.9463414634146341.
[I 2026-03-24 15:35:40,289] Trial 548 finished with value: 0.9463414634146341 and parameters: {'n_estimators': 453, 'max_depth': 21, 'learning_rate': 0.007202939010034842, 'reg_alpha': 0.003175010764265101, 'reg_lambda': 0.008757483825594048, 'min_child_weight': 1}. Best is trial 213 with value: 0.9463414634146341.
[I 2026-03-24 15:35:40,442] Trial 549 finished with value: 0.941747572815534 and parameters: {'n_estimators': 422, 'max_depth': 18, 'learning_rate': 0.005837455909090928, 'reg_alpha': 0.004739779468480802, 'reg_lambda': 0.006859982322982735, 'min_child_weight': 1}. Best is trial 213 with value: 0.9463414634146341.
[I 2026-03-24 15:35:40,601] Trial 550 finished with value: 0.9463414634146341 and parameters: {'n_estimators': 435, 'max_depth': 20, 'learning_rate': 0.0064755318734270395, 'reg_alpha': 0.0072687475268646, 'reg_lambda': 0.0050173818965565005, 'min_child_weight': 1}. Best is trial 213 with value: 0.9463414634146341.
[I 2026-03-24 15:35:40,747] Trial 551 finished with value: 0.9463414634146341 and parameters: {'n_estimators': 400, 'max_depth': 19, 'learning_rate': 0.007451564655396517, 'reg_alpha': 0.011401971038385321, 'reg_lambda': 0.01189670811210233, 'min_child_weight': 1}. Best is trial 213 with value: 0.9463414634146341.
[I 2026-03-24 15:35:40,899] Trial 552 finished with value: 0.941747572815534 and parameters: {'n_estimators': 419, 'max_depth': 21, 'learning_rate': 0.005550357112023481, 'reg_alpha': 0.002596358161838144, 'reg_lambda': 0.00285841853166802, 'min_child_weight': 1}. Best is trial 213 with value: 0.9463414634146341.
[I 2026-03-24 15:35:41,058] Trial 553 finished with value: 0.9411764705882353 and parameters: {'n_estimators': 455, 'max_depth': 20, 'learning_rate': 0.008158489748529073, 'reg_alpha': 0.0046280999694683815, 'reg_lambda': 0.00872442082709621, 'min_child_weight': 1}. Best is trial 213 with value: 0.9463414634146341.
[I 2026-03-24 15:35:41,199] Trial 554 finished with value: 0.941747572815534 and parameters: {'n_estimators': 374, 'max_depth': 17, 'learning_rate': 0.006801141984242857, 'reg_alpha': 0.006757353250372704, 'reg_lambda': 0.016016080018746964, 'min_child_weight': 1}. Best is trial 213 with value: 0.9463414634146341.
[I 2026-03-24 15:35:41,345] Trial 555 finished with value: 0.941747572815534 and parameters: {'n_estimators': 401, 'max_depth': 18, 'learning_rate': 0.006191748572171144, 'reg_alpha': 0.0037271436921711286, 'reg_lambda': 0.006306362661706371, 'min_child_weight': 1}. Best is trial 213 with value: 0.9463414634146341.
[I 2026-03-24 15:35:41,503] Trial 556 finished with value: 0.9411764705882353 and parameters: {'n_estimators': 434, 'max_depth': 19, 'learning_rate': 0.007158526489182484, 'reg_alpha': 0.00931412305634204, 'reg_lambda': 0.0040388253445243945, 'min_child_weight': 1}. Best is trial 213 with value: 0.9463414634146341.
[I 2026-03-24 15:35:41,652] Trial 557 finished with value: 0.9411764705882353 and parameters: {'n_estimators': 413, 'max_depth': 20, 'learning_rate': 0.00774154244216816, 'reg_alpha': 0.005385160860441473, 'reg_lambda': 0.002143479576321951, 'min_child_weight': 1}. Best is trial 213 with value: 0.9463414634146341.
[I 2026-03-24 15:35:41,811] Trial 558 finished with value: 0.941747572815534 and parameters: {'n_estimators': 443, 'max_depth': 22, 'learning_rate': 0.006122529771324861, 'reg_alpha': 0.014290354513405273, 'reg_lambda': 0.01031946693989611, 'min_child_weight': 1}. Best is trial 213 with value: 0.9463414634146341.
[I 2026-03-24 15:35:41,955] Trial 559 finished with value: 0.941747572815534 and parameters: {'n_estimators': 391, 'max_depth': 21, 'learning_rate': 0.006655643530319488, 'reg_alpha': 0.0026463271799902293, 'reg_lambda': 0.005573721706567595, 'min_child_weight': 1}. Best is trial 213 with value: 0.9463414634146341.
[I 2026-03-24 15:35:42,109] Trial 560 finished with value: 0.941747572815534 and parameters: {'n_estimators': 423, 'max_depth': 19, 'learning_rate': 0.005439271118014539, 'reg_alpha': 0.007253361468369589, 'reg_lambda': 0.003927196743359721, 'min_child_weight': 1}. Best is trial 213 with value: 0.9463414634146341.
[I 2026-03-24 15:35:42,244] Trial 561 finished with value: 0.9463414634146341 and parameters: {'n_estimators': 364, 'max_depth': 17, 'learning_rate': 0.008459733120015817, 'reg_alpha': 0.0038083494487798413, 'reg_lambda': 0.007731450396585495, 'min_child_weight': 1}. Best is trial 213 with value: 0.9463414634146341.
[I 2026-03-24 15:35:42,406] Trial 562 finished with value: 0.9411764705882353 and parameters: {'n_estimators': 458, 'max_depth': 20, 'learning_rate': 0.0071362079070771064, 'reg_alpha': 0.0056143762009926825, 'reg_lambda': 0.012694489195732645, 'min_child_weight': 1}. Best is trial 213 with value: 0.9463414634146341.
[I 2026-03-24 15:35:42,568] Trial 563 finished with value: 0.941747572815534 and parameters: {'n_estimators': 408, 'max_depth': 18, 'learning_rate': 0.0059220165766816, 'reg_alpha': 0.010482270264214805, 'reg_lambda': 0.005398426965049646, 'min_child_weight': 1}. Best is trial 213 with value: 0.9463414634146341.
[I 2026-03-24 15:35:42,729] Trial 564 finished with value: 0.9463414634146341 and parameters: {'n_estimators': 434, 'max_depth': 21, 'learning_rate': 0.006566825354183177, 'reg_alpha': 0.007805352514420086, 'reg_lambda': 0.016391073684188257, 'min_child_weight': 1}. Best is trial 213 with value: 0.9463414634146341.
[I 2026-03-24 15:35:42,873] Trial 565 finished with value: 0.9463414634146341 and parameters: {'n_estimators': 388, 'max_depth': 19, 'learning_rate': 0.007730705146035399, 'reg_alpha': 0.0038333494854926793, 'reg_lambda': 0.008354210669387237, 'min_child_weight': 1}. Best is trial 213 with value: 0.9463414634146341.
[I 2026-03-24 15:35:43,028] Trial 566 finished with value: 0.9463414634146341 and parameters: {'n_estimators': 423, 'max_depth': 18, 'learning_rate': 0.006872774522827894, 'reg_alpha': 0.005088226523581766, 'reg_lambda': 0.0030300966516064905, 'min_child_weight': 1}. Best is trial 213 with value: 0.9463414634146341.
[I 2026-03-24 15:35:43,189] Trial 567 finished with value: 0.9463414634146341 and parameters: {'n_estimators': 440, 'max_depth': 20, 'learning_rate': 0.006102290835024911, 'reg_alpha': 0.002595750500879863, 'reg_lambda': 0.0043204948705667465, 'min_child_weight': 1}. Best is trial 213 with value: 0.9463414634146341.
[I 2026-03-24 15:35:43,340] Trial 568 finished with value: 0.9463414634146341 and parameters: {'n_estimators': 406, 'max_depth': 22, 'learning_rate': 0.0076424395135500315, 'reg_alpha': 0.01493687286119255, 'reg_lambda': 0.006591955663559143, 'min_child_weight': 1}. Best is trial 213 with value: 0.9463414634146341.
[I 2026-03-24 15:35:43,516] Trial 569 finished with value: 0.941747572815534 and parameters: {'n_estimators': 461, 'max_depth': 19, 'learning_rate': 0.005605366762161584, 'reg_alpha': 0.007650549006953446, 'reg_lambda': 0.010429865713747833, 'min_child_weight': 1}. Best is trial 213 with value: 0.9463414634146341.
[I 2026-03-24 15:35:43,660] Trial 570 finished with value: 0.941747572815534 and parameters: {'n_estimators': 380, 'max_depth': 17, 'learning_rate': 0.006487109250503921, 'reg_alpha': 0.01203918052711002, 'reg_lambda': 0.002236163354933355, 'min_child_weight': 1}. Best is trial 213 with value: 0.9463414634146341.
[I 2026-03-24 15:35:43,820] Trial 571 finished with value: 0.9411764705882353 and parameters: {'n_estimators': 424, 'max_depth': 21, 'learning_rate': 0.008349214882798918, 'reg_alpha': 0.0055542992894357, 'reg_lambda': 0.005967791148576014, 'min_child_weight': 1}. Best is trial 213 with value: 0.9463414634146341.
[I 2026-03-24 15:35:43,976] Trial 572 finished with value: 0.9463414634146341 and parameters: {'n_estimators': 401, 'max_depth': 20, 'learning_rate': 0.007196056117928244, 'reg_alpha': 0.003785436999993289, 'reg_lambda': 0.018267919424589586, 'min_child_weight': 1}. Best is trial 213 with value: 0.9463414634146341.
[I 2026-03-24 15:35:44,146] Trial 573 finished with value: 0.9463414634146341 and parameters: {'n_estimators': 451, 'max_depth': 19, 'learning_rate': 0.0063722501630564645, 'reg_alpha': 0.002476245116369357, 'reg_lambda': 0.003774486303321173, 'min_child_weight': 1}. Best is trial 213 with value: 0.9463414634146341.
[I 2026-03-24 15:35:44,306] Trial 574 finished with value: 0.9463414634146341 and parameters: {'n_estimators': 413, 'max_depth': 20, 'learning_rate': 0.00715614934681118, 'reg_alpha': 0.007997159143125572, 'reg_lambda': 0.009721610595860332, 'min_child_weight': 1}. Best is trial 213 with value: 0.9463414634146341.
[I 2026-03-24 15:35:44,467] Trial 575 finished with value: 0.941747572815534 and parameters: {'n_estimators': 435, 'max_depth': 19, 'learning_rate': 0.005699152647777651, 'reg_alpha': 0.005607321725171863, 'reg_lambda': 0.007822146650511027, 'min_child_weight': 1}. Best is trial 213 with value: 0.9463414634146341.
[I 2026-03-24 15:35:44,611] Trial 576 finished with value: 0.9411764705882353 and parameters: {'n_estimators': 390, 'max_depth': 21, 'learning_rate': 0.008823393079945603, 'reg_alpha': 0.01073335818502808, 'reg_lambda': 0.004750186252695254, 'min_child_weight': 1}. Best is trial 213 with value: 0.9463414634146341.
[I 2026-03-24 15:35:44,773] Trial 577 finished with value: 0.9411764705882353 and parameters: {'n_estimators': 428, 'max_depth': 16, 'learning_rate': 0.007821643054302635, 'reg_alpha': 0.0033760095995066467, 'reg_lambda': 0.013209539515443167, 'min_child_weight': 1}. Best is trial 213 with value: 0.9463414634146341.
[I 2026-03-24 15:35:44,931] Trial 578 finished with value: 0.9463414634146341 and parameters: {'n_estimators': 409, 'max_depth': 18, 'learning_rate': 0.0066728024849711685, 'reg_alpha': 0.017564074335854166, 'reg_lambda': 0.006891029918766684, 'min_child_weight': 1}. Best is trial 213 with value: 0.9463414634146341.
[I 2026-03-24 15:35:45,100] Trial 579 finished with value: 0.941747572815534 and parameters: {'n_estimators': 466, 'max_depth': 22, 'learning_rate': 0.0053077965347738875, 'reg_alpha': 0.0061919815945902824, 'reg_lambda': 0.0030831869494519957, 'min_child_weight': 1}. Best is trial 213 with value: 0.9463414634146341.
[I 2026-03-24 15:35:45,265] Trial 580 finished with value: 0.941747572815534 and parameters: {'n_estimators': 449, 'max_depth': 18, 'learning_rate': 0.006085050962191553, 'reg_alpha': 0.004522303680328235, 'reg_lambda': 0.00984585055525292, 'min_child_weight': 1}. Best is trial 213 with value: 0.9463414634146341.
[I 2026-03-24 15:35:45,402] Trial 581 finished with value: 0.941747572815534 and parameters: {'n_estimators': 363, 'max_depth': 20, 'learning_rate': 0.007287910636074457, 'reg_alpha': 0.009503105610108148, 'reg_lambda': 0.004542736521540711, 'min_child_weight': 1}. Best is trial 213 with value: 0.9463414634146341.
