[I 2026-03-24 15:39:07,810] Trial 706 finished with value: 0.9154228855721394 and parameters: {'n_estimators': 217, 'max_depth': 10, 'learning_rate': 0.001467252132591746, 'reg_alpha': 1.10051348485627e-05, 'reg_lambda': 3.397754731824802e-07, 'min_child_weight': 2}. Best is trial 0 with value: 0.9154228855721394.
[I 2026-03-24 15:39:07,874] Trial 707 finished with value: 0.9154228855721394 and parameters: {'n_estimators': 321, 'max_depth': 48, 'learning_rate': 0.0024004713514944698, 'reg_alpha': 2.424231303686369e-06, 'reg_lambda': 0.03530774611881232, 'min_child_weight': 5}. Best is trial 0 with value: 0.9154228855721394.
[I 2026-03-24 15:39:07,949] Trial 708 finished with value: 0.9154228855721394 and parameters: {'n_estimators': 431, 'max_depth': 20, 'learning_rate': 0.004989982221055435, 'reg_alpha': 0.00022506716992066057, 'reg_lambda': 0.003768675061475377, 'min_child_weight': 8}. Best is trial 0 with value: 0.9154228855721394.
[I 2026-03-24 15:39:08,070] Trial 709 finished with value: 0.9154228855721394 and parameters: {'n_estimators': 852, 'max_depth': 38, 'learning_rate': 0.0021582726228041743, 'reg_alpha': 7.178383099703896e-05, 'reg_lambda': 2.5234779009964865e-05, 'min_child_weight': 7}. Best is trial 0 with value: 0.9154228855721394.
[I 2026-03-24 15:39:08,160] Trial 710 finished with value: 0.9154228855721394 and parameters: {'n_estimators': 584, 'max_depth': 24, 'learning_rate': 0.04606376241339856, 'reg_alpha': 3.7360422036324213e-06, 'reg_lambda': 5.993569241340283e-08, 'min_child_weight': 10}. Best is trial 0 with value: 0.9154228855721394.
[I 2026-03-24 15:39:08,217] Trial 711 finished with value: 0.9154228855721394 and parameters: {'n_estimators': 240, 'max_depth': 33, 'learning_rate': 0.010139304395059804, 'reg_alpha': 0.11616052576195826, 'reg_lambda': 9.65678163081287e-07, 'min_child_weight': 4}. Best is trial 0 with value: 0.9154228855721394.
[I 2026-03-24 15:39:08,305] Trial 712 finished with value: 0.9154228855721394 and parameters: {'n_estimators': 553, 'max_depth': 27, 'learning_rate': 0.0012927527103605797, 'reg_alpha': 2.4018631460257692e-08, 'reg_lambda': 0.08869429346698987, 'min_child_weight': 6}. Best is trial 0 with value: 0.9154228855721394.
[I 2026-03-24 15:39:08,366] Trial 713 finished with value: 0.9154228855721394 and parameters: {'n_estimators': 279, 'max_depth': 35, 'learning_rate': 0.0036317974843563684, 'reg_alpha': 3.723104235906742e-07, 'reg_lambda': 4.508249039026314e-06, 'min_child_weight': 1}. Best is trial 0 with value: 0.9154228855721394.
[I 2026-03-24 15:39:08,499] Trial 714 finished with value: 0.9154228855721394 and parameters: {'n_estimators': 981, 'max_depth': 17, 'learning_rate': 0.003072255239143664, 'reg_alpha': 0.260419183228996, 'reg_lambda': 6.584776078620037e-07, 'min_child_weight': 9}. Best is trial 0 with value: 0.9154228855721394.
[I 2026-03-24 15:39:08,612] Trial 715 finished with value: 0.9154228855721394 and parameters: {'n_estimators': 783, 'max_depth': 23, 'learning_rate': 0.0010052737484155458, 'reg_alpha': 0.07071595402422957, 'reg_lambda': 1.7212841654501102e-05, 'min_child_weight': 8}. Best is trial 0 with value: 0.9154228855721394.
[I 2026-03-24 15:39:08,665] Trial 716 finished with value: 0.9154228855721394 and parameters: {'n_estimators': 200, 'max_depth': 25, 'learning_rate': 0.0518926200055952, 'reg_alpha': 0.00041618429778022913, 'reg_lambda': 1.4221639094054e-07, 'min_child_weight': 7}. Best is trial 0 with value: 0.9154228855721394.
[I 2026-03-24 15:39:08,788] Trial 717 finished with value: 0.9154228855721394 and parameters: {'n_estimators': 879, 'max_depth': 15, 'learning_rate': 0.0042025020202700525, 'reg_alpha': 1.0772423585431056e-08, 'reg_lambda': 0.0001296082470514234, 'min_child_weight': 5}. Best is trial 0 with value: 0.9154228855721394.
[I 2026-03-24 15:39:08,862] Trial 718 finished with value: 0.9154228855721394 and parameters: {'n_estimators': 413, 'max_depth': 39, 'learning_rate': 0.0011802838928984755, 'reg_alpha': 0.0010638406599226987, 'reg_lambda': 0.013220365323690331, 'min_child_weight': 3}. Best is trial 0 with value: 0.9154228855721394.
[I 2026-03-24 15:39:08,942] Trial 719 finished with value: 0.9154228855721394 and parameters: {'n_estimators': 462, 'max_depth': 33, 'learning_rate': 0.005302731769597028, 'reg_alpha': 4.1474651533807574e-05, 'reg_lambda': 0.6638950532563596, 'min_child_weight': 7}. Best is trial 0 with value: 0.9154228855721394.
[I 2026-03-24 15:39:09,046] Trial 720 finished with value: 0.9154228855721394 and parameters: {'n_estimators': 701, 'max_depth': 13, 'learning_rate': 0.001725334668176106, 'reg_alpha': 0.17123119615175655, 'reg_lambda': 2.543695194051468e-06, 'min_child_weight': 6}. Best is trial 0 with value: 0.9154228855721394.
[I 2026-03-24 15:39:09,158] Trial 721 finished with value: 0.9154228855721394 and parameters: {'n_estimators': 739, 'max_depth': 40, 'learning_rate': 0.05847603460474244, 'reg_alpha': 0.4153204639398253, 'reg_lambda': 0.0004023528228291672, 'min_child_weight': 2}. Best is trial 0 with value: 0.9154228855721394.
[I 2026-03-24 15:39:09,286] Trial 722 finished with value: 0.9154228855721394 and parameters: {'n_estimators': 924, 'max_depth': 42, 'learning_rate': 0.003335497102521122, 'reg_alpha': 0.00013117045894382894, 'reg_lambda': 4.712778502530428e-05, 'min_child_weight': 4}. Best is trial 0 with value: 0.9154228855721394.
[I 2026-03-24 15:39:09,416] Trial 723 finished with value: 0.9154228855721394 and parameters: {'n_estimators': 946, 'max_depth': 28, 'learning_rate': 0.08485898544258895, 'reg_alpha': 0.00391215925653995, 'reg_lambda': 8.388774319656981e-08, 'min_child_weight': 8}. Best is trial 0 with value: 0.9154228855721394.
[I 2026-03-24 15:39:09,510] Trial 724 finished with value: 0.9154228855721394 and parameters: {'n_estimators': 609, 'max_depth': 30, 'learning_rate': 0.0015106170447893345, 'reg_alpha': 0.0380417643327082, 'reg_lambda': 0.246818788682459, 'min_child_weight': 10}. Best is trial 0 with value: 0.9154228855721394.
[I 2026-03-24 15:39:09,582] Trial 725 finished with value: 0.9154228855721394 and parameters: {'n_estimators': 388, 'max_depth': 26, 'learning_rate': 0.0013720568284816951, 'reg_alpha': 0.002601133174108088, 'reg_lambda': 7.175498142450513e-06, 'min_child_weight': 1}. Best is trial 0 with value: 0.9154228855721394.
[I 2026-03-24 15:39:09,666] Trial 726 finished with value: 0.9154228855721394 and parameters: {'n_estimators': 503, 'max_depth': 18, 'learning_rate': 0.025464334319920838, 'reg_alpha': 8.685492147287687e-07, 'reg_lambda': 0.0008449127155877691, 'min_child_weight': 8}. Best is trial 0 with value: 0.9154228855721394.
[I 2026-03-24 15:39:09,788] Trial 727 finished with value: 0.9154228855721394 and parameters: {'n_estimators': 827, 'max_depth': 27, 'learning_rate': 0.0019605683300538555, 'reg_alpha': 0.021933315947030445, 'reg_lambda': 0.11953435134784529, 'min_child_weight': 9}. Best is trial 0 with value: 0.9154228855721394.
[I 2026-03-24 15:39:09,868] Trial 728 finished with value: 0.9154228855721394 and parameters: {'n_estimators': 442, 'max_depth': 22, 'learning_rate': 0.06810063323707594, 'reg_alpha': 1.616587872557232e-06, 'reg_lambda': 1.9351702489882575e-08, 'min_child_weight': 6}. Best is trial 0 with value: 0.9154228855721394.
[I 2026-03-24 15:39:09,958] Trial 729 finished with value: 0.9154228855721394 and parameters: {'n_estimators': 538, 'max_depth': 25, 'learning_rate': 0.002740923446014612, 'reg_alpha': 0.00033761651194487484, 'reg_lambda': 3.461405642038226e-08, 'min_child_weight': 5}. Best is trial 0 with value: 0.9154228855721394.
[I 2026-03-24 15:39:10,018] Trial 730 finished with value: 0.9154228855721394 and parameters: {'n_estimators': 258, 'max_depth': 29, 'learning_rate': 0.0011289489867717805, 'reg_alpha': 0.007651437208280679, 'reg_lambda': 4.302252011890404e-07, 'min_child_weight': 3}. Best is trial 0 with value: 0.9154228855721394.
[I 2026-03-24 15:39:10,150] Trial 731 finished with value: 0.9154228855721394 and parameters: {'n_estimators': 901, 'max_depth': 12, 'learning_rate': 0.07689689944687529, 'reg_alpha': 4.037236900985421e-08, 'reg_lambda': 0.0019189082729846856, 'min_child_weight': 7}. Best is trial 0 with value: 0.9154228855721394.
[I 2026-03-24 15:39:10,253] Trial 732 finished with value: 0.9154228855721394 and parameters: {'n_estimators': 654, 'max_depth': 47, 'learning_rate': 0.013704292671761667, 'reg_alpha': 1.6143209506118076e-05, 'reg_lambda': 1.0038606978152248e-08, 'min_child_weight': 10}. Best is trial 0 with value: 0.9154228855721394.
[I 2026-03-24 15:39:10,368] Trial 733 finished with value: 0.9154228855721394 and parameters: {'n_estimators': 762, 'max_depth': 37, 'learning_rate': 0.006382382438357419, 'reg_alpha': 0.0006764908869724079, 'reg_lambda': 9.088647155218847e-05, 'min_child_weight': 3}. Best is trial 0 with value: 0.9154228855721394.
[I 2026-03-24 15:39:10,489] Trial 734 finished with value: 0.9154228855721394 and parameters: {'n_estimators': 811, 'max_depth': 45, 'learning_rate': 0.0016174783624638006, 'reg_alpha': 6.399068813080251e-06, 'reg_lambda': 2.6590148852539518e-05, 'min_child_weight': 8}. Best is trial 0 with value: 0.9154228855721394.
[I 2026-03-24 15:39:10,561] Trial 735 finished with value: 0.9154228855721394 and parameters: {'n_estimators': 357, 'max_depth': 49, 'learning_rate': 0.007393193314235118, 'reg_alpha': 0.10931402349340219, 'reg_lambda': 1.7213431627807168e-06, 'min_child_weight': 7}. Best is trial 0 with value: 0.9154228855721394.
[I 2026-03-24 15:39:10,655] Trial 736 finished with value: 0.9154228855721394 and parameters: {'n_estimators': 594, 'max_depth': 20, 'learning_rate': 0.017463228281136608, 'reg_alpha': 0.00020780415944715445, 'reg_lambda': 3.6749904796981346e-06, 'min_child_weight': 2}. Best is trial 0 with value: 0.9154228855721394.
[I 2026-03-24 15:39:10,748] Trial 737 finished with value: 0.9154228855721394 and parameters: {'n_estimators': 568, 'max_depth': 24, 'learning_rate': 0.0012126693763486076, 'reg_alpha': 0.0001716839242772891, 'reg_lambda': 0.004988933705288845, 'min_child_weight': 6}. Best is trial 0 with value: 0.9154228855721394.
[I 2026-03-24 15:39:10,871] Trial 738 finished with value: 0.9154228855721394 and parameters: {'n_estimators': 867, 'max_depth': 44, 'learning_rate': 0.0047022723679556655, 'reg_alpha': 7.638516641056948e-08, 'reg_lambda': 2.5927683894563864e-07, 'min_child_weight': 1}. Best is trial 0 with value: 0.9154228855721394.
[I 2026-03-24 15:39:10,969] Trial 739 finished with value: 0.9154228855721394 and parameters: {'n_estimators': 629, 'max_depth': 8, 'learning_rate': 0.0021972212921290276, 'reg_alpha': 2.1675365766970902e-07, 'reg_lambda': 1.3046863988939754e-05, 'min_child_weight': 9}. Best is trial 0 with value: 0.9154228855721394.
[I 2026-03-24 15:39:11,075] Trial 740 finished with value: 0.9154228855721394 and parameters: {'n_estimators': 674, 'max_depth': 32, 'learning_rate': 0.0010986711351382713, 'reg_alpha': 0.0016585804726096704, 'reg_lambda': 1.4568977257051587e-08, 'min_child_weight': 5}. Best is trial 0 with value: 0.9154228855721394.
[I 2026-03-24 15:39:11,151] Trial 741 finished with value: 0.9154228855721394 and parameters: {'n_estimators': 424, 'max_depth': 36, 'learning_rate': 0.00392195384191873, 'reg_alpha': 0.00490899836625892, 'reg_lambda': 1.2015022494317176e-07, 'min_child_weight': 4}. Best is trial 0 with value: 0.9154228855721394.
[I 2026-03-24 15:39:11,232] Trial 742 finished with value: 0.9154228855721394 and parameters: {'n_estimators': 476, 'max_depth': 26, 'learning_rate': 0.0013232877457111667, 'reg_alpha': 0.00010678141601297521, 'reg_lambda': 1.0322994358496653e-06, 'min_child_weight': 7}. Best is trial 0 with value: 0.9154228855721394.
[I 2026-03-24 15:39:11,296] Trial 743 finished with value: 0.9154228855721394 and parameters: {'n_estimators': 308, 'max_depth': 28, 'learning_rate': 0.0024679395170956317, 'reg_alpha': 6.477755137686527e-05, 'reg_lambda': 3.6747810342007355e-05, 'min_child_weight': 4}. Best is trial 0 with value: 0.9154228855721394.
[I 2026-03-24 15:39:11,432] Trial 744 finished with value: 0.9154228855721394 and parameters: {'n_estimators': 988, 'max_depth': 43, 'learning_rate': 0.020801825238589592, 'reg_alpha': 0.5617664934213378, 'reg_lambda': 6.899689897877273e-08, 'min_child_weight': 8}. Best is trial 0 with value: 0.9154228855721394.
[I 2026-03-24 15:39:11,507] Trial 745 finished with value: 0.9154228855721394 and parameters: {'n_estimators': 407, 'max_depth': 34, 'learning_rate': 0.00592669096251781, 'reg_alpha': 0.015083796635750874, 'reg_lambda': 0.008476292710966692, 'min_child_weight': 2}. Best is trial 0 with value: 0.9154228855721394.
[I 2026-03-24 15:39:11,577] Trial 746 finished with value: 0.9154228855721394 and parameters: {'n_estimators': 371, 'max_depth': 14, 'learning_rate': 0.0035776764894635237, 'reg_alpha': 0.05459716633559443, 'reg_lambda': 5.966736525757698e-07, 'min_child_weight': 3}. Best is trial 0 with value: 0.9154228855721394.
[I 2026-03-24 15:39:11,684] Trial 747 finished with value: 0.9154228855721394 and parameters: {'n_estimators': 727, 'max_depth': 23, 'learning_rate': 0.0018029827394374003, 'reg_alpha': 3.3017055090493186e-06, 'reg_lambda': 0.0033343875946210753, 'min_child_weight': 9}. Best is trial 0 with value: 0.9154228855721394.
[I 2026-03-24 15:39:11,771] Trial 748 finished with value: 0.9154228855721394 and parameters: {'n_estimators': 519, 'max_depth': 46, 'learning_rate': 0.00920370088045568, 'reg_alpha': 0.1853432624074213, 'reg_lambda': 2.0145591973041933e-07, 'min_child_weight': 6}. Best is trial 0 with value: 0.9154228855721394.
[I 2026-03-24 15:39:11,902] Trial 749 finished with value: 0.9154228855721394 and parameters: {'n_estimators': 959, 'max_depth': 17, 'learning_rate': 0.00146091127794913, 'reg_alpha': 0.9688563121914178, 'reg_lambda': 9.458486794254022e-06, 'min_child_weight': 5}. Best is trial 0 with value: 0.9154228855721394.
[I 2026-03-24 15:39:12,027] Trial 750 finished with value: 0.9154228855721394 and parameters: {'n_estimators': 889, 'max_depth': 42, 'learning_rate': 0.001077805556634162, 'reg_alpha': 0.33379998050939297, 'reg_lambda': 4.688530893241967e-08, 'min_child_weight': 8}. Best is trial 0 with value: 0.9154228855721394.
[I 2026-03-24 15:39:12,084] Trial 751 finished with value: 0.9154228855721394 and parameters: {'n_estimators': 231, 'max_depth': 40, 'learning_rate': 0.022848008021776924, 'reg_alpha': 9.306508486146515e-06, 'reg_lambda': 6.156439995694668e-05, 'min_child_weight': 10}. Best is trial 0 with value: 0.9154228855721394.
[I 2026-03-24 15:39:12,198] Trial 752 finished with value: 0.9154228855721394 and parameters: {'n_estimators': 789, 'max_depth': 21, 'learning_rate': 0.00124979248080676, 'reg_alpha': 0.07562560927675825, 'reg_lambda': 2.1987062889912676e-06, 'min_child_weight': 1}. Best is trial 0 with value: 0.9154228855721394.
[I 2026-03-24 15:39:12,326] Trial 753 finished with value: 0.9154228855721394 and parameters: {'n_estimators': 916, 'max_depth': 19, 'learning_rate': 0.008039744028928734, 'reg_alpha': 1.7357114813433828e-08, 'reg_lambda': 1.9400327587529362e-05, 'min_child_weight': 8}. Best is trial 0 with value: 0.9154228855721394.
[I 2026-03-24 15:39:12,415] Trial 754 finished with value: 0.9154228855721394 and parameters: {'n_estimators': 547, 'max_depth': 27, 'learning_rate': 0.0031126057685564963, 'reg_alpha': 0.0003349559414165477, 'reg_lambda': 0.0014325262982246704, 'min_child_weight': 7}. Best is trial 0 with value: 0.9154228855721394.
[I 2026-03-24 15:39:12,499] Trial 755 finished with value: 0.9154228855721394 and parameters: {'n_estimators': 491, 'max_depth': 50, 'learning_rate': 0.0028332953879404406, 'reg_alpha': 0.003263194759066293, 'reg_lambda': 2.3964287799005316e-08, 'min_child_weight': 6}. Best is trial 0 with value: 0.9154228855721394.
[I 2026-03-24 15:39:12,635] Trial 756 finished with value: 0.9154228855721394 and parameters: {'n_estimators': 1000, 'max_depth': 31, 'learning_rate': 0.0116853519273226, 'reg_alpha': 0.0005210108059754815, 'reg_lambda': 1.3236406788053008e-06, 'min_child_weight': 6}. Best is trial 0 with value: 0.9154228855721394.
[I 2026-03-24 15:39:12,738] Trial 757 finished with value: 0.9154228855721394 and parameters: {'n_estimators': 689, 'max_depth': 48, 'learning_rate': 0.0020873431882994773, 'reg_alpha': 0.0011525826295822944, 'reg_lambda': 0.00016423993081527883, 'min_child_weight': 9}. Best is trial 0 with value: 0.9154228855721394.
[I 2026-03-24 15:39:12,832] Trial 758 finished with value: 0.9154228855721394 and parameters: {'n_estimators': 581, 'max_depth': 25, 'learning_rate': 0.001002099966274605, 'reg_alpha': 3.300205195384636e-05, 'reg_lambda': 5.829052670030704e-06, 'min_child_weight': 5}. Best is trial 0 with value: 0.9154228855721394.
[I 2026-03-24 15:39:12,899] Trial 759 finished with value: 0.9154228855721394 and parameters: {'n_estimators': 344, 'max_depth': 29, 'learning_rate': 0.004485047297022457, 'reg_alpha': 0.11799586882729025, 'reg_lambda': 3.386307879836688e-07, 'min_child_weight': 3}. Best is trial 0 with value: 0.9154228855721394.
[I 2026-03-24 15:39:12,978] Trial 760 finished with value: 0.9154228855721394 and parameters: {'n_estimators': 450, 'max_depth': 38, 'learning_rate': 0.09429652917284405, 'reg_alpha': 0.006851978963354162, 'reg_lambda': 6.960850697831206e-07, 'min_child_weight': 7}. Best is trial 0 with value: 0.9154228855721394.
[I 2026-03-24 15:39:13,077] Trial 761 finished with value: 0.9154228855721394 and parameters: {'n_estimators': 643, 'max_depth': 41, 'learning_rate': 0.001536749251652586, 'reg_alpha': 5.3316082791597165e-06, 'reg_lambda': 0.00010961864550724498, 'min_child_weight': 7}. Best is trial 0 with value: 0.9154228855721394.
[I 2026-03-24 15:39:13,197] Trial 762 finished with value: 0.9154228855721394 and parameters: {'n_estimators': 839, 'max_depth': 18, 'learning_rate': 0.06417028840677476, 'reg_alpha': 0.0024554818576206492, 'reg_lambda': 1.2359864351702737e-07, 'min_child_weight': 10}. Best is trial 0 with value: 0.9154228855721394.
[I 2026-03-24 15:39:13,269] Trial 763 finished with value: 0.9154228855721394 and parameters: {'n_estimators': 385, 'max_depth': 22, 'learning_rate': 0.00555712383391189, 'reg_alpha': 0.0001296524816650112, 'reg_lambda': 0.062348840772975395, 'min_child_weight': 1}. Best is trial 0 with value: 0.9154228855721394.
[I 2026-03-24 15:39:13,335] Trial 764 finished with value: 0.9154228855721394 and parameters: {'n_estimators': 322, 'max_depth': 30, 'learning_rate': 0.0017455043874904, 'reg_alpha': 5.162512989788345e-07, 'reg_lambda': 0.0026745857131637665, 'min_child_weight': 3}. Best is trial 0 with value: 0.9154228855721394.
[I 2026-03-24 15:39:13,467] Trial 765 finished with value: 0.9154228855721394 and parameters: {'n_estimators': 972, 'max_depth': 6, 'learning_rate': 0.001196618310252027, 'reg_alpha': 0.2117045775808035, 'reg_lambda': 0.00025862818312239556, 'min_child_weight': 8}. Best is trial 0 with value: 0.9154228855721394.
[I 2026-03-24 15:39:13,573] Trial 766 finished with value: 0.9154228855721394 and parameters: {'n_estimators': 717, 'max_depth': 24, 'learning_rate': 0.0013880913365134626, 'reg_alpha': 0.7105077602898914, 'reg_lambda': 4.4080368891534977e-07, 'min_child_weight': 4}. Best is trial 0 with value: 0.9154228855721394.
[I 2026-03-24 15:39:13,670] Trial 767 finished with value: 0.9154228855721394 and parameters: {'n_estimators': 600, 'max_depth': 35, 'learning_rate': 0.01861702161481997, 'reg_alpha': 2.946169584098422e-08, 'reg_lambda': 0.0005757162363442217, 'min_child_weight': 7}. Best is trial 0 with value: 0.9154228855721394.
[I 2026-03-24 15:39:13,758] Trial 768 finished with value: 0.9154228855721394 and parameters: {'n_estimators': 534, 'max_depth': 26, 'learning_rate': 0.0019245044549155643, 'reg_alpha': 0.00025998066220032, 'reg_lambda': 3.867918838675502e-06, 'min_child_weight': 2}. Best is trial 0 with value: 0.9154228855721394.
[I 2026-03-24 15:39:13,820] Trial 769 finished with value: 0.9154228855721394 and parameters: {'n_estimators': 284, 'max_depth': 43, 'learning_rate': 0.003380991554641117, 'reg_alpha': 5.050583300215203e-05, 'reg_lambda': 1.40467395618006e-05, 'min_child_weight': 5}. Best is trial 0 with value: 0.9154228855721394.
[I 2026-03-24 15:39:13,911] Trial 770 finished with value: 0.9154228855721394 and parameters: {'n_estimators': 567, 'max_depth': 16, 'learning_rate': 0.015035611006875886, 'reg_alpha': 9.118580321161442e-05, 'reg_lambda': 9.500214451741057e-07, 'min_child_weight': 8}. Best is trial 0 with value: 0.9154228855721394.
[I 2026-03-24 15:39:13,965] Trial 771 finished with value: 0.9154228855721394 and parameters: {'n_estimators': 214, 'max_depth': 23, 'learning_rate': 0.0022802801746480686, 'reg_alpha': 0.011189862244696562, 'reg_lambda': 6.086936995682205e-08, 'min_child_weight': 10}. Best is trial 0 with value: 0.9154228855721394.
[I 2026-03-24 15:39:14,039] Trial 772 finished with value: 0.9154228855721394 and parameters: {'n_estimators': 402, 'max_depth': 10, 'learning_rate': 0.006827423148061036, 'reg_alpha': 2.272004900926825e-05, 'reg_lambda': 0.00489557855956406, 'min_child_weight': 7}. Best is trial 0 with value: 0.9154228855721394.
[I 2026-03-24 15:39:14,170] Trial 773 finished with value: 0.9154228855721394 and parameters: {'n_estimators': 945, 'max_depth': 49, 'learning_rate': 0.001129499493238117, 'reg_alpha': 0.0016587415428143113, 'reg_lambda': 1.4724900408678737e-08, 'min_child_weight': 6}. Best is trial 0 with value: 0.9154228855721394.
[I 2026-03-24 15:39:14,266] Trial 774 finished with value: 0.9154228855721394 and parameters: {'n_estimators': 618, 'max_depth': 33, 'learning_rate': 0.004147233719367514, 'reg_alpha': 0.3761003107868566, 'reg_lambda': 1.904697658266977e-07, 'min_child_weight': 6}. Best is trial 0 with value: 0.9154228855721394.
