[I 2026-03-24 15:34:58,311] Trial 237 finished with value: 0.941747572815534 and parameters: {'n_estimators': 290, 'max_depth': 12, 'learning_rate': 0.00937610054475334, 'reg_alpha': 2.982190091424135e-07, 'reg_lambda': 6.800419453504142e-05, 'min_child_weight': 2}. Best is trial 213 with value: 0.9463414634146341.
[I 2026-03-24 15:34:58,402] Trial 238 finished with value: 0.941747572815534 and parameters: {'n_estimators': 438, 'max_depth': 25, 'learning_rate': 0.03654166935029663, 'reg_alpha': 0.00010822229797349876, 'reg_lambda': 0.00571977055760198, 'min_child_weight': 10}. Best is trial 213 with value: 0.9463414634146341.
[I 2026-03-24 15:34:58,503] Trial 239 finished with value: 0.941747572815534 and parameters: {'n_estimators': 485, 'max_depth': 40, 'learning_rate': 0.0011536440983909543, 'reg_alpha': 0.0006930408383479171, 'reg_lambda': 3.075010406812681e-07, 'min_child_weight': 7}. Best is trial 213 with value: 0.9463414634146341.
[I 2026-03-24 15:34:58,561] Trial 240 finished with value: 0.941747572815534 and parameters: {'n_estimators': 202, 'max_depth': 31, 'learning_rate': 0.004620919040070781, 'reg_alpha': 0.12589500368334944, 'reg_lambda': 4.852581627855748e-08, 'min_child_weight': 6}. Best is trial 213 with value: 0.9463414634146341.
[I 2026-03-24 15:34:58,709] Trial 241 finished with value: 0.941747572815534 and parameters: {'n_estimators': 782, 'max_depth': 45, 'learning_rate': 0.0018907687493098964, 'reg_alpha': 0.02990679209470309, 'reg_lambda': 0.04075855078055836, 'min_child_weight': 5}. Best is trial 213 with value: 0.9463414634146341.
[I 2026-03-24 15:34:58,855] Trial 242 finished with value: 0.941747572815534 and parameters: {'n_estimators': 752, 'max_depth': 44, 'learning_rate': 0.001696861432761379, 'reg_alpha': 0.06679173777984347, 'reg_lambda': 1.016171315358615e-07, 'min_child_weight': 5}. Best is trial 213 with value: 0.9463414634146341.
[I 2026-03-24 15:34:58,995] Trial 243 finished with value: 0.941747572815534 and parameters: {'n_estimators': 716, 'max_depth': 46, 'learning_rate': 0.0026249251765235134, 'reg_alpha': 0.02077689941562371, 'reg_lambda': 0.05972456687845588, 'min_child_weight': 5}. Best is trial 213 with value: 0.9463414634146341.
[I 2026-03-24 15:34:59,113] Trial 244 finished with value: 0.941747572815534 and parameters: {'n_estimators': 591, 'max_depth': 23, 'learning_rate': 0.0010283540183385561, 'reg_alpha': 0.0014368141576959856, 'reg_lambda': 0.02328510430805861, 'min_child_weight': 5}. Best is trial 213 with value: 0.9463414634146341.
[I 2026-03-24 15:34:59,253] Trial 245 finished with value: 0.941747572815534 and parameters: {'n_estimators': 731, 'max_depth': 43, 'learning_rate': 0.00649175958038369, 'reg_alpha': 4.562875072727759e-07, 'reg_lambda': 0.23609964671680575, 'min_child_weight': 4}. Best is trial 213 with value: 0.9463414634146341.
[I 2026-03-24 15:34:59,359] Trial 246 finished with value: 0.941747572815534 and parameters: {'n_estimators': 547, 'max_depth': 46, 'learning_rate': 0.0021471124630505476, 'reg_alpha': 0.01628544739903732, 'reg_lambda': 3.26079833905156e-06, 'min_child_weight': 3}. Best is trial 213 with value: 0.9463414634146341.
[I 2026-03-24 15:34:59,510] Trial 247 finished with value: 0.941747572815534 and parameters: {'n_estimators': 804, 'max_depth': 21, 'learning_rate': 0.0014018512393205158, 'reg_alpha': 0.03529247743848403, 'reg_lambda': 0.00011251231001185486, 'min_child_weight': 10}. Best is trial 213 with value: 0.9463414634146341.
[I 2026-03-24 15:34:59,666] Trial 248 finished with value: 0.941747572815534 and parameters: {'n_estimators': 835, 'max_depth': 41, 'learning_rate': 0.06158575282737264, 'reg_alpha': 0.007989560606360292, 'reg_lambda': 0.020445594842677238, 'min_child_weight': 8}. Best is trial 213 with value: 0.9463414634146341.
[I 2026-03-24 15:34:59,812] Trial 249 finished with value: 0.941747572815534 and parameters: {'n_estimators': 773, 'max_depth': 17, 'learning_rate': 0.051304651210971226, 'reg_alpha': 4.589439974143953e-05, 'reg_lambda': 0.032605325291459764, 'min_child_weight': 5}. Best is trial 213 with value: 0.9463414634146341.
[I 2026-03-24 15:34:59,949] Trial 250 finished with value: 0.941747572815534 and parameters: {'n_estimators': 750, 'max_depth': 50, 'learning_rate': 0.0019823346678516473, 'reg_alpha': 0.0007763507462036614, 'reg_lambda': 6.117027684806322e-06, 'min_child_weight': 4}. Best is trial 213 with value: 0.9463414634146341.
[I 2026-03-24 15:35:00,025] Trial 251 finished with value: 0.941747572815534 and parameters: {'n_estimators': 318, 'max_depth': 47, 'learning_rate': 0.0915261415643056, 'reg_alpha': 2.065327336563729e-07, 'reg_lambda': 0.011161159080772304, 'min_child_weight': 7}. Best is trial 213 with value: 0.9463414634146341.
[I 2026-03-24 15:35:00,105] Trial 252 finished with value: 0.941747572815534 and parameters: {'n_estimators': 350, 'max_depth': 38, 'learning_rate': 0.0015618691479626205, 'reg_alpha': 0.00034390450955796285, 'reg_lambda': 0.08986815753765974, 'min_child_weight': 6}. Best is trial 213 with value: 0.9463414634146341.
[I 2026-03-24 15:35:00,258] Trial 253 finished with value: 0.941747572815534 and parameters: {'n_estimators': 818, 'max_depth': 44, 'learning_rate': 0.002334256261732259, 'reg_alpha': 0.0394497939952548, 'reg_lambda': 0.0005927990118896557, 'min_child_weight': 3}. Best is trial 213 with value: 0.9463414634146341.
[I 2026-03-24 15:35:00,317] Trial 254 finished with value: 0.941747572815534 and parameters: {'n_estimators': 219, 'max_depth': 33, 'learning_rate': 0.005049581818821321, 'reg_alpha': 0.3907566602776458, 'reg_lambda': 0.5002660804065834, 'min_child_weight': 5}. Best is trial 213 with value: 0.9463414634146341.
[I 2026-03-24 15:35:00,600] Trial 255 finished with value: 0.9411764705882353 and parameters: {'n_estimators': 969, 'max_depth': 42, 'learning_rate': 0.013924528645875602, 'reg_alpha': 0.0013993489904393164, 'reg_lambda': 4.935263386227987e-05, 'min_child_weight': 1}. Best is trial 213 with value: 0.9463414634146341.
[I 2026-03-24 15:35:00,816] Trial 256 finished with value: 0.941747572815534 and parameters: {'n_estimators': 795, 'max_depth': 34, 'learning_rate': 0.004173909356549933, 'reg_alpha': 0.0026489960130953744, 'reg_lambda': 0.0002941720680999395, 'min_child_weight': 2}. Best is trial 213 with value: 0.9463414634146341.
[I 2026-03-24 15:35:00,912] Trial 257 finished with value: 0.941747572815534 and parameters: {'n_estimators': 458, 'max_depth': 43, 'learning_rate': 0.007008657045417015, 'reg_alpha': 0.09242216223554253, 'reg_lambda': 1.9656043783079777e-06, 'min_child_weight': 9}. Best is trial 213 with value: 0.9463414634146341.
[I 2026-03-24 15:35:01,070] Trial 258 finished with value: 0.941747572815534 and parameters: {'n_estimators': 847, 'max_depth': 26, 'learning_rate': 0.044530661254179406, 'reg_alpha': 1.1971729344791672e-06, 'reg_lambda': 0.11421139229227735, 'min_child_weight': 10}. Best is trial 213 with value: 0.9463414634146341.
[I 2026-03-24 15:35:01,232] Trial 259 finished with value: 0.941747572815534 and parameters: {'n_estimators': 874, 'max_depth': 7, 'learning_rate': 0.0012674160159749832, 'reg_alpha': 0.0004733605922828968, 'reg_lambda': 2.4212787882347083e-05, 'min_child_weight': 4}. Best is trial 213 with value: 0.9463414634146341.
[I 2026-03-24 15:35:01,320] Trial 260 finished with value: 0.941747572815534 and parameters: {'n_estimators': 426, 'max_depth': 49, 'learning_rate': 0.002928431888695422, 'reg_alpha': 7.81124229270598e-08, 'reg_lambda': 0.041564845733193675, 'min_child_weight': 7}. Best is trial 213 with value: 0.9463414634146341.
[I 2026-03-24 15:35:01,450] Trial 261 finished with value: 0.941747572815534 and parameters: {'n_estimators': 652, 'max_depth': 11, 'learning_rate': 0.009018636050056749, 'reg_alpha': 0.7291784779215396, 'reg_lambda': 0.002480323893068679, 'min_child_weight': 5}. Best is trial 213 with value: 0.9463414634146341.
[I 2026-03-24 15:35:01,536] Trial 262 finished with value: 0.941747572815534 and parameters: {'n_estimators': 377, 'max_depth': 14, 'learning_rate': 0.0017750731225460678, 'reg_alpha': 6.431276181751745e-05, 'reg_lambda': 8.888953590013145e-06, 'min_child_weight': 3}. Best is trial 213 with value: 0.9463414634146341.
[I 2026-03-24 15:35:01,687] Trial 263 finished with value: 0.941747572815534 and parameters: {'n_estimators': 829, 'max_depth': 36, 'learning_rate': 0.09847954449687386, 'reg_alpha': 0.00022152651627260918, 'reg_lambda': 1.049630283850474e-08, 'min_child_weight': 6}. Best is trial 213 with value: 0.9463414634146341.
[I 2026-03-24 15:35:01,752] Trial 264 finished with value: 0.941747572815534 and parameters: {'n_estimators': 252, 'max_depth': 16, 'learning_rate': 0.006021852696499824, 'reg_alpha': 2.405639212448479e-06, 'reg_lambda': 1.8204957740906018e-08, 'min_child_weight': 8}. Best is trial 213 with value: 0.9463414634146341.
[I 2026-03-24 15:35:01,888] Trial 265 finished with value: 0.941747572815534 and parameters: {'n_estimators': 742, 'max_depth': 41, 'learning_rate': 0.0025049241202337856, 'reg_alpha': 0.16691917903779316, 'reg_lambda': 0.006915832246815542, 'min_child_weight': 10}. Best is trial 213 with value: 0.9463414634146341.
[I 2026-03-24 15:35:02,021] Trial 266 finished with value: 0.941747572815534 and parameters: {'n_estimators': 722, 'max_depth': 45, 'learning_rate': 0.005520474509312356, 'reg_alpha': 0.00011548918838694952, 'reg_lambda': 0.7320294123795288, 'min_child_weight': 4}. Best is trial 213 with value: 0.9463414634146341.
[I 2026-03-24 15:35:02,108] Trial 267 finished with value: 0.941747572815534 and parameters: {'n_estimators': 397, 'max_depth': 32, 'learning_rate': 0.07805308149782987, 'reg_alpha': 0.0010660887131610603, 'reg_lambda': 0.01718266933918122, 'min_child_weight': 5}. Best is trial 213 with value: 0.9463414634146341.
[I 2026-03-24 15:35:02,346] Trial 268 finished with value: 0.941747572815534 and parameters: {'n_estimators': 890, 'max_depth': 20, 'learning_rate': 0.008519147443036813, 'reg_alpha': 3.133313623491093e-05, 'reg_lambda': 0.00015374945506391017, 'min_child_weight': 2}. Best is trial 213 with value: 0.9463414634146341.
[I 2026-03-24 15:35:02,443] Trial 269 finished with value: 0.941747572815534 and parameters: {'n_estimators': 455, 'max_depth': 40, 'learning_rate': 0.011183700642158534, 'reg_alpha': 0.00519813656471798, 'reg_lambda': 5.468331903327102e-07, 'min_child_weight': 3}. Best is trial 213 with value: 0.9463414634146341.
[I 2026-03-24 15:35:02,548] Trial 270 finished with value: 0.941747572815534 and parameters: {'n_estimators': 497, 'max_depth': 48, 'learning_rate': 0.007449198591831022, 'reg_alpha': 3.5981850327374485e-08, 'reg_lambda': 0.15376130602627072, 'min_child_weight': 9}. Best is trial 213 with value: 0.9463414634146341.
[I 2026-03-24 15:35:02,814] Trial 271 finished with value: 0.941747572815534 and parameters: {'n_estimators': 785, 'max_depth': 18, 'learning_rate': 0.0032282829752137776, 'reg_alpha': 1.3389667193391322e-07, 'reg_lambda': 0.05631234228526522, 'min_child_weight': 1}. Best is trial 213 with value: 0.9463414634146341.
[I 2026-03-24 15:35:02,975] Trial 272 finished with value: 0.941747572815534 and parameters: {'n_estimators': 913, 'max_depth': 42, 'learning_rate': 0.0022597342569000054, 'reg_alpha': 0.014180229351708323, 'reg_lambda': 0.07417534717706281, 'min_child_weight': 7}. Best is trial 213 with value: 0.9463414634146341.
[I 2026-03-24 15:35:03,046] Trial 273 finished with value: 0.941747572815534 and parameters: {'n_estimators': 301, 'max_depth': 19, 'learning_rate': 0.07208357262410395, 'reg_alpha': 2.07228993064637e-05, 'reg_lambda': 0.28620808572194273, 'min_child_weight': 3}. Best is trial 213 with value: 0.9463414634146341.
[I 2026-03-24 15:35:03,156] Trial 274 finished with value: 0.941747572815534 and parameters: {'n_estimators': 572, 'max_depth': 39, 'learning_rate': 0.006499915385657293, 'reg_alpha': 0.05818973540915133, 'reg_lambda': 2.948539120202184e-08, 'min_child_weight': 5}. Best is trial 213 with value: 0.9463414634146341.
[I 2026-03-24 15:35:03,330] Trial 275 finished with value: 0.941747572815534 and parameters: {'n_estimators': 985, 'max_depth': 9, 'learning_rate': 0.026958036137112108, 'reg_alpha': 0.0005190947537917516, 'reg_lambda': 9.068534141534549e-05, 'min_child_weight': 10}. Best is trial 213 with value: 0.9463414634146341.
[I 2026-03-24 15:35:03,390] Trial 276 finished with value: 0.941747572815534 and parameters: {'n_estimators': 232, 'max_depth': 6, 'learning_rate': 0.007875043458056619, 'reg_alpha': 0.02497794608062936, 'reg_lambda': 1.2779514867248366e-05, 'min_child_weight': 6}. Best is trial 213 with value: 0.9463414634146341.
[I 2026-03-24 15:35:03,486] Trial 277 finished with value: 0.941747572815534 and parameters: {'n_estimators': 475, 'max_depth': 15, 'learning_rate': 0.0019832958067608317, 'reg_alpha': 0.0024384014292329844, 'reg_lambda': 0.004484326329478934, 'min_child_weight': 8}. Best is trial 213 with value: 0.9463414634146341.
[I 2026-03-24 15:35:03,669] Trial 278 finished with value: 0.9365853658536586 and parameters: {'n_estimators': 694, 'max_depth': 21, 'learning_rate': 0.08765024373725418, 'reg_alpha': 0.0016978715842484206, 'reg_lambda': 0.00041432867273345607, 'min_child_weight': 2}. Best is trial 213 with value: 0.9463414634146341.
[I 2026-03-24 15:35:03,821] Trial 279 finished with value: 0.941747572815534 and parameters: {'n_estimators': 853, 'max_depth': 13, 'learning_rate': 0.005305177103310177, 'reg_alpha': 0.2910297628582622, 'reg_lambda': 0.0007699997488629144, 'min_child_weight': 4}. Best is trial 213 with value: 0.9463414634146341.
[I 2026-03-24 15:35:03,961] Trial 280 finished with value: 0.941747572815534 and parameters: {'n_estimators': 770, 'max_depth': 24, 'learning_rate': 0.010019027543653676, 'reg_alpha': 0.000885664422390399, 'reg_lambda': 1.0551708050639082e-06, 'min_child_weight': 5}. Best is trial 213 with value: 0.9463414634146341.
[I 2026-03-24 15:35:04,055] Trial 281 finished with value: 0.941747572815534 and parameters: {'n_estimators': 438, 'max_depth': 22, 'learning_rate': 0.06464623918827436, 'reg_alpha': 0.00864774862151966, 'reg_lambda': 5.043738734032583e-06, 'min_child_weight': 9}. Best is trial 213 with value: 0.9463414634146341.
[I 2026-03-24 15:35:04,202] Trial 282 finished with value: 0.941747572815534 and parameters: {'n_estimators': 820, 'max_depth': 46, 'learning_rate': 0.004755653478350834, 'reg_alpha': 1.4500469592221366e-08, 'reg_lambda': 0.010805391224793324, 'min_child_weight': 6}. Best is trial 213 with value: 0.9463414634146341.
[I 2026-03-24 15:35:04,348] Trial 283 finished with value: 0.941747572815534 and parameters: {'n_estimators': 808, 'max_depth': 44, 'learning_rate': 0.012087310024434675, 'reg_alpha': 0.0037220753393342287, 'reg_lambda': 0.0011718415479239793, 'min_child_weight': 3}. Best is trial 213 with value: 0.9463414634146341.
[I 2026-03-24 15:35:04,514] Trial 284 finished with value: 0.941747572815534 and parameters: {'n_estimators': 943, 'max_depth': 41, 'learning_rate': 0.0038066947154661852, 'reg_alpha': 4.417047159401441e-05, 'reg_lambda': 0.948682842895568, 'min_child_weight': 7}. Best is trial 213 with value: 0.9463414634146341.
[I 2026-03-24 15:35:04,611] Trial 285 finished with value: 0.941747572815534 and parameters: {'n_estimators': 413, 'max_depth': 37, 'learning_rate': 0.005952371358629046, 'reg_alpha': 0.00015688725894184152, 'reg_lambda': 0.19260482730894998, 'min_child_weight': 10}. Best is trial 213 with value: 0.9463414634146341.
[I 2026-03-24 15:35:04,735] Trial 286 finished with value: 0.941747572815534 and parameters: {'n_estimators': 672, 'max_depth': 29, 'learning_rate': 0.006911437865439994, 'reg_alpha': 0.0003319630000399699, 'reg_lambda': 3.19711027490285e-06, 'min_child_weight': 5}. Best is trial 213 with value: 0.9463414634146341.
[I 2026-03-24 15:35:04,838] Trial 287 finished with value: 0.941747572815534 and parameters: {'n_estimators': 519, 'max_depth': 35, 'learning_rate': 0.0030383010473619748, 'reg_alpha': 0.4266609290518891, 'reg_lambda': 0.028483465376784218, 'min_child_weight': 4}. Best is trial 213 with value: 0.9463414634146341.
[I 2026-03-24 15:35:04,942] Trial 288 finished with value: 0.9411764705882353 and parameters: {'n_estimators': 276, 'max_depth': 31, 'learning_rate': 0.023315201895065432, 'reg_alpha': 0.0006547635745100538, 'reg_lambda': 0.1329332507814809, 'min_child_weight': 1}. Best is trial 213 with value: 0.9463414634146341.
[I 2026-03-24 15:35:05,081] Trial 289 finished with value: 0.941747572815534 and parameters: {'n_estimators': 763, 'max_depth': 27, 'learning_rate': 0.0014547522631643817, 'reg_alpha': 8.195580768260515e-05, 'reg_lambda': 0.04250963179720498, 'min_child_weight': 10}. Best is trial 213 with value: 0.9463414634146341.
[I 2026-03-24 15:35:05,232] Trial 290 finished with value: 0.941747572815534 and parameters: {'n_estimators': 838, 'max_depth': 26, 'learning_rate': 0.0021212750683995483, 'reg_alpha': 0.0011328492143543984, 'reg_lambda': 0.45614270926262035, 'min_child_weight': 7}. Best is trial 213 with value: 0.9463414634146341.
[I 2026-03-24 15:35:05,350] Trial 291 finished with value: 0.941747572815534 and parameters: {'n_estimators': 619, 'max_depth': 43, 'learning_rate': 0.0017525809962092441, 'reg_alpha': 5.161892122898391e-07, 'reg_lambda': 2.3294335567915805e-07, 'min_child_weight': 3}. Best is trial 213 with value: 0.9463414634146341.
[I 2026-03-24 15:35:05,496] Trial 292 finished with value: 0.941747572815534 and parameters: {'n_estimators': 800, 'max_depth': 38, 'learning_rate': 0.09939559806486589, 'reg_alpha': 0.8054007675590904, 'reg_lambda': 1.8073885036487834e-06, 'min_child_weight': 6}. Best is trial 213 with value: 0.9463414634146341.
[I 2026-03-24 15:35:05,728] Trial 293 finished with value: 0.9365853658536586 and parameters: {'n_estimators': 860, 'max_depth': 47, 'learning_rate': 0.05579399941513525, 'reg_alpha': 0.04487337554198163, 'reg_lambda': 4.45391463416923e-08, 'min_child_weight': 2}. Best is trial 213 with value: 0.9463414634146341.
[I 2026-03-24 15:35:05,864] Trial 294 finished with value: 0.941747572815534 and parameters: {'n_estimators': 741, 'max_depth': 40, 'learning_rate': 0.08243086876785909, 'reg_alpha': 2.824725330458775e-07, 'reg_lambda': 0.00019039201669339043, 'min_child_weight': 9}. Best is trial 213 with value: 0.9463414634146341.
[I 2026-03-24 15:35:05,959] Trial 295 finished with value: 0.941747572815534 and parameters: {'n_estimators': 471, 'max_depth': 42, 'learning_rate': 0.009658786847757646, 'reg_alpha': 0.000241804376379951, 'reg_lambda': 4.8448233476214376e-05, 'min_child_weight': 4}. Best is trial 213 with value: 0.9463414634146341.
[I 2026-03-24 15:35:06,116] Trial 296 finished with value: 0.941747572815534 and parameters: {'n_estimators': 883, 'max_depth': 45, 'learning_rate': 0.0026363677394248544, 'reg_alpha': 2.6711140898195884e-05, 'reg_lambda': 0.0814896138472717, 'min_child_weight': 4}. Best is trial 213 with value: 0.9463414634146341.
[I 2026-03-24 15:35:06,203] Trial 297 finished with value: 0.941747572815534 and parameters: {'n_estimators': 202, 'max_depth': 50, 'learning_rate': 0.004302935752859059, 'reg_alpha': 0.020574205926429615, 'reg_lambda': 2.3409057271362244e-08, 'min_child_weight': 1}. Best is trial 213 with value: 0.9463414634146341.
[I 2026-03-24 15:35:06,294] Trial 298 finished with value: 0.941747572815534 and parameters: {'n_estimators': 449, 'max_depth': 12, 'learning_rate': 0.004811598332402951, 'reg_alpha': 0.10576609790446302, 'reg_lambda': 8.195314250381425e-08, 'min_child_weight': 5}. Best is trial 213 with value: 0.9463414634146341.
[I 2026-03-24 15:35:06,440] Trial 299 finished with value: 0.941747572815534 and parameters: {'n_estimators': 785, 'max_depth': 16, 'learning_rate': 0.003619763092525113, 'reg_alpha': 0.0004210330677115317, 'reg_lambda': 0.002899045626914089, 'min_child_weight': 3}. Best is trial 213 with value: 0.9463414634146341.
[I 2026-03-24 15:35:06,574] Trial 300 finished with value: 0.941747572815534 and parameters: {'n_estimators': 722, 'max_depth': 39, 'learning_rate': 0.006273318836933833, 'reg_alpha': 0.001483525175822695, 'reg_lambda': 0.0018110652847861553, 'min_child_weight': 8}. Best is trial 213 with value: 0.9463414634146341.
[I 2026-03-24 15:35:06,636] Trial 301 finished with value: 0.941747572815534 and parameters: {'n_estimators': 240, 'max_depth': 30, 'learning_rate': 0.03296656431126581, 'reg_alpha': 1.569074475458759e-05, 'reg_lambda': 0.0002718927092390014, 'min_child_weight': 10}. Best is trial 213 with value: 0.9463414634146341.
[I 2026-03-24 15:35:06,735] Trial 302 finished with value: 0.941747572815534 and parameters: {'n_estimators': 485, 'max_depth': 8, 'learning_rate': 0.00811469450829526, 'reg_alpha': 6.228086741258964e-05, 'reg_lambda': 0.00011846731592271059, 'min_child_weight': 7}. Best is trial 213 with value: 0.9463414634146341.
[I 2026-03-24 15:35:06,814] Trial 303 finished with value: 0.941747572815534 and parameters: {'n_estimators': 363, 'max_depth': 24, 'learning_rate': 0.0011711690210185117, 'reg_alpha': 5.318614105420174e-08, 'reg_lambda': 0.017775341550025227, 'min_child_weight': 5}. Best is trial 213 with value: 0.9463414634146341.
[I 2026-03-24 15:35:06,988] Trial 304 finished with value: 0.941747572815534 and parameters: {'n_estimators': 1000, 'max_depth': 28, 'learning_rate': 0.001931556082469053, 'reg_alpha': 5.521055713597055e-06, 'reg_lambda': 0.39382541935559745, 'min_child_weight': 6}. Best is trial 213 with value: 0.9463414634146341.
[I 2026-03-24 15:35:07,136] Trial 305 finished with value: 0.941747572815534 and parameters: {'n_estimators': 830, 'max_depth': 40, 'learning_rate': 0.0016011539760111416, 'reg_alpha': 0.0022066401029308754, 'reg_lambda': 1.4733684933348876e-07, 'min_child_weight': 9}. Best is trial 213 with value: 0.9463414634146341.
