[I 2026-03-24 15:32:43,911] Trial 797 finished with value: 0.941747572815534 and parameters: {'n_estimators': 305, 'max_depth': 13, 'learning_rate': 0.023869596744571377, 'reg_alpha': 1.3968425303678814e-07, 'reg_lambda': 9.258302048297349e-07, 'min_child_weight': 7}. Best is trial 0 with value: 0.941747572815534.
[I 2026-03-24 15:32:43,977] Trial 798 finished with value: 0.941747572815534 and parameters: {'n_estimators': 274, 'max_depth': 24, 'learning_rate': 0.001684093192526764, 'reg_alpha': 0.012372980375143849, 'reg_lambda': 1.2730589256304685e-05, 'min_child_weight': 5}. Best is trial 0 with value: 0.941747572815534.
[I 2026-03-24 15:32:44,128] Trial 799 finished with value: 0.941747572815534 and parameters: {'n_estimators': 964, 'max_depth': 49, 'learning_rate': 0.0032687972519374405, 'reg_alpha': 2.7382990912197943e-06, 'reg_lambda': 1.8589161174320327e-08, 'min_child_weight': 9}. Best is trial 0 with value: 0.941747572815534.

=== Split 1, k=40 Optuna Results ===
  Validation F1: 0.9417

=== Test Set Evaluation ===

Performance on Test set:
Accuracy: 0.8000
Recall: 1.0000
F1 Score: 0.8889

--- 采样数: 60 ---
CVT算法收敛, 迭代次数: 9
[I 2026-03-24 15:32:54,628] A new study created in memory with name: no-name-8708dcc4-8c40-4d43-9085-2088428b7941
[I 2026-03-24 15:32:54,704] Trial 0 finished with value: 0.941747572815534 and parameters: {'n_estimators': 376, 'max_depth': 23, 'learning_rate': 0.0026773008170264457, 'reg_alpha': 0.000277255384473777, 'reg_lambda': 4.891020148490597e-05, 'min_child_weight': 6}. Best is trial 0 with value: 0.941747572815534.
[I 2026-03-24 15:32:54,839] Trial 1 finished with value: 0.941747572815534 and parameters: {'n_estimators': 847, 'max_depth': 25, 'learning_rate': 0.03708760065537555, 'reg_alpha': 0.009824725077834677, 'reg_lambda': 0.002126860574210639, 'min_child_weight': 10}. Best is trial 0 with value: 0.941747572815534.
[I 2026-03-24 15:32:54,975] Trial 2 finished with value: 0.941747572815534 and parameters: {'n_estimators': 903, 'max_depth': 45, 'learning_rate': 0.05177140999464451, 'reg_alpha': 0.004087900624685259, 'reg_lambda': 9.229591723037908e-06, 'min_child_weight': 10}. Best is trial 0 with value: 0.941747572815534.
[I 2026-03-24 15:32:55,045] Trial 3 finished with value: 0.941747572815534 and parameters: {'n_estimators': 441, 'max_depth': 14, 'learning_rate': 0.02946925359405942, 'reg_alpha': 4.889074016558001e-06, 'reg_lambda': 1.2042004328698704e-05, 'min_child_weight': 7}. Best is trial 0 with value: 0.941747572815534.
[I 2026-03-24 15:32:55,098] Trial 4 finished with value: 0.941747572815534 and parameters: {'n_estimators': 323, 'max_depth': 50, 'learning_rate': 0.04141989934175495, 'reg_alpha': 5.873599221203326e-05, 'reg_lambda': 5.634732915794145e-07, 'min_child_weight': 10}. Best is trial 0 with value: 0.941747572815534.
[I 2026-03-24 15:32:55,176] Trial 5 finished with value: 0.941747572815534 and parameters: {'n_estimators': 500, 'max_depth': 12, 'learning_rate': 0.04945171814874446, 'reg_alpha': 3.0088542567822766e-06, 'reg_lambda': 0.006229148626546148, 'min_child_weight': 6}. Best is trial 0 with value: 0.941747572815534.
[I 2026-03-24 15:32:55,324] Trial 6 finished with value: 0.941747572815534 and parameters: {'n_estimators': 989, 'max_depth': 28, 'learning_rate': 0.008208861309848834, 'reg_alpha': 0.00016709486972809782, 'reg_lambda': 1.1951499010514886e-07, 'min_child_weight': 5}. Best is trial 0 with value: 0.941747572815534.
[I 2026-03-24 15:32:55,439] Trial 7 finished with value: 0.941747572815534 and parameters: {'n_estimators': 768, 'max_depth': 16, 'learning_rate': 0.058029657562505395, 'reg_alpha': 0.756547900464794, 'reg_lambda': 1.087196752096559e-07, 'min_child_weight': 10}. Best is trial 0 with value: 0.941747572815534.
[I 2026-03-24 15:32:55,580] Trial 8 finished with value: 0.941747572815534 and parameters: {'n_estimators': 953, 'max_depth': 16, 'learning_rate': 0.03270789119746158, 'reg_alpha': 1.4786121890375682e-06, 'reg_lambda': 0.13923082013082738, 'min_child_weight': 5}. Best is trial 0 with value: 0.941747572815534.
[I 2026-03-24 15:32:55,663] Trial 9 finished with value: 0.941747572815534 and parameters: {'n_estimators': 533, 'max_depth': 50, 'learning_rate': 0.05809523379303806, 'reg_alpha': 0.0069966197682558955, 'reg_lambda': 5.879768823019773e-08, 'min_child_weight': 3}. Best is trial 0 with value: 0.941747572815534.
[I 2026-03-24 15:32:55,729] Trial 10 finished with value: 0.941747572815534 and parameters: {'n_estimators': 223, 'max_depth': 38, 'learning_rate': 0.0015238305777576342, 'reg_alpha': 2.403605091137886e-08, 'reg_lambda': 0.00013634848725261426, 'min_child_weight': 1}. Best is trial 0 with value: 0.941747572815534.
[I 2026-03-24 15:32:55,843] Trial 11 finished with value: 0.941747572815534 and parameters: {'n_estimators': 717, 'max_depth': 26, 'learning_rate': 0.003221758655021233, 'reg_alpha': 0.02610916200883706, 'reg_lambda': 0.0014509814400832518, 'min_child_weight': 8}. Best is trial 0 with value: 0.941747572815534.
[I 2026-03-24 15:32:55,954] Trial 12 finished with value: 0.941747572815534 and parameters: {'n_estimators': 700, 'max_depth': 22, 'learning_rate': 0.012209724483892584, 'reg_alpha': 0.00031062852378946354, 'reg_lambda': 0.8930753447487852, 'min_child_weight': 2}. Best is trial 0 with value: 0.941747572815534.
[I 2026-03-24 15:32:56,013] Trial 13 finished with value: 0.941747572815534 and parameters: {'n_estimators': 323, 'max_depth': 37, 'learning_rate': 0.004896741921869308, 'reg_alpha': 0.16552684341365442, 'reg_lambda': 0.0023431275949287417, 'min_child_weight': 8}. Best is trial 0 with value: 0.941747572815534.
[I 2026-03-24 15:32:56,142] Trial 14 finished with value: 0.941747572815534 and parameters: {'n_estimators': 833, 'max_depth': 6, 'learning_rate': 0.0010033320923601508, 'reg_alpha': 0.0012386161605633232, 'reg_lambda': 0.00010627244179739889, 'min_child_weight': 3}. Best is trial 0 with value: 0.941747572815534.
[I 2026-03-24 15:32:56,242] Trial 15 finished with value: 0.941747572815534 and parameters: {'n_estimators': 620, 'max_depth': 34, 'learning_rate': 0.014591009298535252, 'reg_alpha': 0.04181100420970556, 'reg_lambda': 0.027664525180107532, 'min_child_weight': 8}. Best is trial 0 with value: 0.941747572815534.
[I 2026-03-24 15:32:56,311] Trial 16 finished with value: 0.941747572815534 and parameters: {'n_estimators': 385, 'max_depth': 23, 'learning_rate': 0.002679636727522945, 'reg_alpha': 2.1288779652132595e-05, 'reg_lambda': 1.1870823836046684e-05, 'min_child_weight': 6}. Best is trial 0 with value: 0.941747572815534.
[I 2026-03-24 15:32:56,410] Trial 17 finished with value: 0.941747572815534 and parameters: {'n_estimators': 601, 'max_depth': 31, 'learning_rate': 0.018563309698480118, 'reg_alpha': 1.3089649962108973e-07, 'reg_lambda': 0.0007446441709107872, 'min_child_weight': 4}. Best is trial 0 with value: 0.941747572815534.
[I 2026-03-24 15:32:56,455] Trial 18 finished with value: 0.941747572815534 and parameters: {'n_estimators': 206, 'max_depth': 20, 'learning_rate': 0.00689750670186717, 'reg_alpha': 0.0009273862647774938, 'reg_lambda': 2.688150548853792e-06, 'min_child_weight': 9}. Best is trial 0 with value: 0.941747572815534.
[I 2026-03-24 15:32:56,539] Trial 19 finished with value: 0.941747572815534 and parameters: {'n_estimators': 508, 'max_depth': 9, 'learning_rate': 0.0021479045759438746, 'reg_alpha': 0.011237449010304748, 'reg_lambda': 1.1130723114193516e-08, 'min_child_weight': 7}. Best is trial 0 with value: 0.941747572815534.
[I 2026-03-24 15:32:56,669] Trial 20 finished with value: 0.941747572815534 and parameters: {'n_estimators': 855, 'max_depth': 19, 'learning_rate': 0.09032232876433136, 'reg_alpha': 2.661372056926444e-05, 'reg_lambda': 0.00028361249507519957, 'min_child_weight': 9}. Best is trial 0 with value: 0.941747572815534.
[I 2026-03-24 15:32:56,803] Trial 21 finished with value: 0.941747572815534 and parameters: {'n_estimators': 876, 'max_depth': 42, 'learning_rate': 0.021974255452052678, 'reg_alpha': 0.002879381080935959, 'reg_lambda': 1.2697153160658571e-05, 'min_child_weight': 10}. Best is trial 0 with value: 0.941747572815534.
[I 2026-03-24 15:32:56,948] Trial 22 finished with value: 0.941747572815534 and parameters: {'n_estimators': 950, 'max_depth': 45, 'learning_rate': 0.07205683990234146, 'reg_alpha': 0.10211385437375482, 'reg_lambda': 2.425097132859154e-05, 'min_child_weight': 9}. Best is trial 0 with value: 0.941747572815534.
[I 2026-03-24 15:32:57,069] Trial 23 finished with value: 0.941747572815534 and parameters: {'n_estimators': 778, 'max_depth': 25, 'learning_rate': 0.006036287014057277, 'reg_alpha': 0.0003053086545369326, 'reg_lambda': 2.0149527447631744e-06, 'min_child_weight': 7}. Best is trial 0 with value: 0.941747572815534.
[I 2026-03-24 15:32:57,207] Trial 24 finished with value: 0.941747572815534 and parameters: {'n_estimators': 907, 'max_depth': 30, 'learning_rate': 0.09398727187062067, 'reg_alpha': 0.003453749848441477, 'reg_lambda': 0.01262802688703409, 'min_child_weight': 9}. Best is trial 0 with value: 0.941747572815534.
[I 2026-03-24 15:32:57,328] Trial 25 finished with value: 0.941747572815534 and parameters: {'n_estimators': 782, 'max_depth': 33, 'learning_rate': 0.02844279232613118, 'reg_alpha': 0.0010965176606410432, 'reg_lambda': 0.00041479406366629263, 'min_child_weight': 10}. Best is trial 0 with value: 0.941747572815534.
[I 2026-03-24 15:32:57,442] Trial 26 finished with value: 0.941747572815534 and parameters: {'n_estimators': 725, 'max_depth': 43, 'learning_rate': 0.004060087409695844, 'reg_alpha': 0.3004706514429887, 'reg_lambda': 3.9589728354390374e-05, 'min_child_weight': 8}. Best is trial 0 with value: 0.941747572815534.
[I 2026-03-24 15:32:57,546] Trial 27 finished with value: 0.941747572815534 and parameters: {'n_estimators': 651, 'max_depth': 38, 'learning_rate': 0.011110531186871364, 'reg_alpha': 0.011336058699612487, 'reg_lambda': 2.8732247003269065e-06, 'min_child_weight': 4}. Best is trial 0 with value: 0.941747572815534.
[I 2026-03-24 15:32:57,674] Trial 28 finished with value: 0.941747572815534 and parameters: {'n_estimators': 814, 'max_depth': 28, 'learning_rate': 0.016874916776872886, 'reg_alpha': 0.03452727468126706, 'reg_lambda': 0.053975703413483435, 'min_child_weight': 9}. Best is trial 0 with value: 0.941747572815534.
[I 2026-03-24 15:32:57,748] Trial 29 finished with value: 0.941747572815534 and parameters: {'n_estimators': 430, 'max_depth': 19, 'learning_rate': 0.038170973245937066, 'reg_alpha': 1.018561126186619e-05, 'reg_lambda': 0.003306377459591253, 'min_child_weight': 7}. Best is trial 0 with value: 0.941747572815534.
[I 2026-03-24 15:32:57,838] Trial 30 finished with value: 0.941747572815534 and parameters: {'n_estimators': 550, 'max_depth': 13, 'learning_rate': 0.0221581052567372, 'reg_alpha': 8.381232951049166e-05, 'reg_lambda': 3.52867208988549e-05, 'min_child_weight': 6}. Best is trial 0 with value: 0.941747572815534.
[I 2026-03-24 15:32:57,896] Trial 31 finished with value: 0.941747572815534 and parameters: {'n_estimators': 305, 'max_depth': 15, 'learning_rate': 0.04212403010167489, 'reg_alpha': 1.655476531701011e-06, 'reg_lambda': 7.054471113644229e-07, 'min_child_weight': 10}. Best is trial 0 with value: 0.941747572815534.
[I 2026-03-24 15:32:57,970] Trial 32 finished with value: 0.941747572815534 and parameters: {'n_estimators': 427, 'max_depth': 10, 'learning_rate': 0.025868351517263556, 'reg_alpha': 2.9011501987130287e-07, 'reg_lambda': 5.863129404475488e-06, 'min_child_weight': 7}. Best is trial 0 with value: 0.941747572815534.
[I 2026-03-24 15:32:58,047] Trial 33 finished with value: 0.941747572815534 and parameters: {'n_estimators': 451, 'max_depth': 46, 'learning_rate': 0.048659848299405346, 'reg_alpha': 5.619449459197478e-06, 'reg_lambda': 4.064058634774203e-07, 'min_child_weight': 5}. Best is trial 0 with value: 0.941747572815534.
[I 2026-03-24 15:32:58,099] Trial 34 finished with value: 0.941747572815534 and parameters: {'n_estimators': 261, 'max_depth': 23, 'learning_rate': 0.03314425119672275, 'reg_alpha': 5.96551526117104e-05, 'reg_lambda': 0.00018486674042008172, 'min_child_weight': 6}. Best is trial 0 with value: 0.941747572815534.
[I 2026-03-24 15:32:58,167] Trial 35 finished with value: 0.941747572815534 and parameters: {'n_estimators': 380, 'max_depth': 26, 'learning_rate': 0.06848705477740617, 'reg_alpha': 0.0007066272914323558, 'reg_lambda': 6.931223559041709e-07, 'min_child_weight': 5}. Best is trial 0 with value: 0.941747572815534.
[I 2026-03-24 15:32:58,308] Trial 36 finished with value: 0.941747572815534 and parameters: {'n_estimators': 910, 'max_depth': 17, 'learning_rate': 0.008874323100544002, 'reg_alpha': 0.00020387062329152585, 'reg_lambda': 6.528737795883902e-05, 'min_child_weight': 4}. Best is trial 0 with value: 0.941747572815534.
[I 2026-03-24 15:32:58,389] Trial 37 finished with value: 0.941747572815534 and parameters: {'n_estimators': 475, 'max_depth': 12, 'learning_rate': 0.05154605093253782, 'reg_alpha': 4.2996267183893745e-07, 'reg_lambda': 8.93151776141738e-06, 'min_child_weight': 10}. Best is trial 0 with value: 0.941747572815534.
[I 2026-03-24 15:32:58,457] Trial 38 finished with value: 0.941747572815534 and parameters: {'n_estimators': 377, 'max_depth': 29, 'learning_rate': 0.0671890253045765, 'reg_alpha': 0.8950655510295424, 'reg_lambda': 0.0006539293205189686, 'min_child_weight': 8}. Best is trial 0 with value: 0.941747572815534.
[I 2026-03-24 15:32:58,610] Trial 39 finished with value: 0.941747572815534 and parameters: {'n_estimators': 995, 'max_depth': 35, 'learning_rate': 0.037020675213959874, 'reg_alpha': 0.003383731135035591, 'reg_lambda': 0.007338138798615257, 'min_child_weight': 6}. Best is trial 0 with value: 0.941747572815534.
[I 2026-03-24 15:32:58,701] Trial 40 finished with value: 0.941747572815534 and parameters: {'n_estimators': 546, 'max_depth': 21, 'learning_rate': 0.001968140037733193, 'reg_alpha': 0.00011780497019846411, 'reg_lambda': 8.767073585233644e-05, 'min_child_weight': 9}. Best is trial 0 with value: 0.941747572815534.
[I 2026-03-24 15:32:58,762] Trial 41 finished with value: 0.941747572815534 and parameters: {'n_estimators': 315, 'max_depth': 48, 'learning_rate': 0.04591067503706838, 'reg_alpha': 3.282464492360438e-05, 'reg_lambda': 1.2883250795933378e-07, 'min_child_weight': 10}. Best is trial 0 with value: 0.941747572815534.
[I 2026-03-24 15:32:58,814] Trial 42 finished with value: 0.941747572815534 and parameters: {'n_estimators': 261, 'max_depth': 49, 'learning_rate': 0.02962083390263999, 'reg_alpha': 3.0089356782968293e-06, 'reg_lambda': 1.0941124455302735e-06, 'min_child_weight': 10}. Best is trial 0 with value: 0.941747572815534.
[I 2026-03-24 15:32:58,909] Trial 43 finished with value: 0.9313725490196079 and parameters: {'n_estimators': 345, 'max_depth': 50, 'learning_rate': 0.013687603244000065, 'reg_alpha': 1.0810599338240054e-05, 'reg_lambda': 1.6315934670564565e-07, 'min_child_weight': 1}. Best is trial 0 with value: 0.941747572815534.
[I 2026-03-24 15:32:58,964] Trial 44 finished with value: 0.941747572815534 and parameters: {'n_estimators': 282, 'max_depth': 46, 'learning_rate': 0.0011655738685258004, 'reg_alpha': 0.00484034521422895, 'reg_lambda': 0.2632330138408853, 'min_child_weight': 9}. Best is trial 0 with value: 0.941747572815534.
[I 2026-03-24 15:32:59,113] Trial 45 finished with value: 0.941747572815534 and parameters: {'n_estimators': 953, 'max_depth': 24, 'learning_rate': 0.053154358442881196, 'reg_alpha': 1.817873480875894e-08, 'reg_lambda': 4.216856770748444e-08, 'min_child_weight': 10}. Best is trial 0 with value: 0.941747572815534.
[I 2026-03-24 15:32:59,180] Trial 46 finished with value: 0.941747572815534 and parameters: {'n_estimators': 351, 'max_depth': 42, 'learning_rate': 0.024306879421880347, 'reg_alpha': 0.0005938178002760415, 'reg_lambda': 2.374413978636911e-05, 'min_child_weight': 7}. Best is trial 0 with value: 0.941747572815534.
[I 2026-03-24 15:32:59,253] Trial 47 finished with value: 0.941747572815534 and parameters: {'n_estimators': 405, 'max_depth': 6, 'learning_rate': 0.08025876234670913, 'reg_alpha': 0.012218157961369523, 'reg_lambda': 3.4217746476675984e-06, 'min_child_weight': 8}. Best is trial 0 with value: 0.941747572815534.
[I 2026-03-24 15:32:59,301] Trial 48 finished with value: 0.941747572815534 and parameters: {'n_estimators': 234, 'max_depth': 40, 'learning_rate': 0.016880750978545696, 'reg_alpha': 0.001751141550480741, 'reg_lambda': 2.3268751347597368e-07, 'min_child_weight': 5}. Best is trial 0 with value: 0.941747572815534.
[I 2026-03-24 15:32:59,412] Trial 49 finished with value: 0.941747572815534 and parameters: {'n_estimators': 683, 'max_depth': 27, 'learning_rate': 0.03339831277862644, 'reg_alpha': 0.0004762917688352475, 'reg_lambda': 0.0014436571853140246, 'min_child_weight': 3}. Best is trial 0 with value: 0.941747572815534.
[I 2026-03-24 15:32:59,495] Trial 50 finished with value: 0.941747572815534 and parameters: {'n_estimators': 476, 'max_depth': 16, 'learning_rate': 0.003015963880033053, 'reg_alpha': 0.06999678610539761, 'reg_lambda': 6.364254877872485e-08, 'min_child_weight': 8}. Best is trial 0 with value: 0.941747572815534.
[I 2026-03-24 15:32:59,583] Trial 51 finished with value: 0.941747572815534 and parameters: {'n_estimators': 515, 'max_depth': 12, 'learning_rate': 0.060226771485167245, 'reg_alpha': 5.723390961731811e-07, 'reg_lambda': 0.029378372944184612, 'min_child_weight': 6}. Best is trial 0 with value: 0.941747572815534.
[I 2026-03-24 15:32:59,681] Trial 52 finished with value: 0.941747572815534 and parameters: {'n_estimators': 586, 'max_depth': 9, 'learning_rate': 0.04049624377106806, 'reg_alpha': 2.9645223666431493e-06, 'reg_lambda': 0.003769367147503224, 'min_child_weight': 5}. Best is trial 0 with value: 0.941747572815534.
[I 2026-03-24 15:32:59,763] Trial 53 finished with value: 0.941747572815534 and parameters: {'n_estimators': 467, 'max_depth': 32, 'learning_rate': 0.019656097342811627, 'reg_alpha': 7.953725496134257e-08, 'reg_lambda': 0.00020226421274325301, 'min_child_weight': 7}. Best is trial 0 with value: 0.941747572815534.
[I 2026-03-24 15:32:59,828] Trial 54 finished with value: 0.941747572815534 and parameters: {'n_estimators': 344, 'max_depth': 14, 'learning_rate': 0.06220270689569892, 'reg_alpha': 4.624653705448977e-05, 'reg_lambda': 1.1494077627016052e-05, 'min_child_weight': 9}. Best is trial 0 with value: 0.941747572815534.
[I 2026-03-24 15:32:59,971] Trial 55 finished with value: 0.941747572815534 and parameters: {'n_estimators': 915, 'max_depth': 17, 'learning_rate': 0.004023939715128942, 'reg_alpha': 1.1740635602406117e-05, 'reg_lambda': 0.009010450165414921, 'min_child_weight': 10}. Best is trial 0 with value: 0.941747572815534.
[I 2026-03-24 15:33:00,055] Trial 56 finished with value: 0.941747572815534 and parameters: {'n_estimators': 495, 'max_depth': 22, 'learning_rate': 0.08857700748504033, 'reg_alpha': 0.020272321443393016, 'reg_lambda': 0.0016409025685585222, 'min_child_weight': 4}. Best is trial 0 with value: 0.941747572815534.
[I 2026-03-24 15:33:00,149] Trial 57 finished with value: 0.941747572815534 and parameters: {'n_estimators': 572, 'max_depth': 18, 'learning_rate': 0.027593140677636553, 'reg_alpha': 0.0001903739429086842, 'reg_lambda': 6.055482916442156e-06, 'min_child_weight': 6}. Best is trial 0 with value: 0.941747572815534.
[I 2026-03-24 15:33:00,278] Trial 58 finished with value: 0.941747572815534 and parameters: {'n_estimators': 820, 'max_depth': 48, 'learning_rate': 0.007166535342263256, 'reg_alpha': 4.321062135397373e-06, 'reg_lambda': 0.000708057422804663, 'min_child_weight': 9}. Best is trial 0 with value: 0.941747572815534.
[I 2026-03-24 15:33:00,378] Trial 59 finished with value: 0.941747572815534 and parameters: {'n_estimators': 620, 'max_depth': 7, 'learning_rate': 0.05453386496142032, 'reg_alpha': 7.800445739494736e-07, 'reg_lambda': 0.1456931483502348, 'min_child_weight': 7}. Best is trial 0 with value: 0.941747572815534.
[I 2026-03-24 15:33:00,499] Trial 60 finished with value: 0.941747572815534 and parameters: {'n_estimators': 743, 'max_depth': 11, 'learning_rate': 0.03535118928748442, 'reg_alpha': 1.785159731446867e-05, 'reg_lambda': 6.28278732581787e-05, 'min_child_weight': 8}. Best is trial 0 with value: 0.941747572815534.
[I 2026-03-24 15:33:00,649] Trial 61 finished with value: 0.941747572815534 and parameters: {'n_estimators': 993, 'max_depth': 35, 'learning_rate': 0.004921955738319468, 'reg_alpha': 0.00014720095573570287, 'reg_lambda': 1.6500249475337544e-08, 'min_child_weight': 5}. Best is trial 0 with value: 0.941747572815534.
[I 2026-03-24 15:33:00,800] Trial 62 finished with value: 0.941747572815534 and parameters: {'n_estimators': 966, 'max_depth': 44, 'learning_rate': 0.008771192435565109, 'reg_alpha': 0.0019539815421045683, 'reg_lambda': 1.4534911410174248e-06, 'min_child_weight': 6}. Best is trial 0 with value: 0.941747572815534.
[I 2026-03-24 15:33:00,938] Trial 63 finished with value: 0.941747572815534 and parameters: {'n_estimators': 863, 'max_depth': 20, 'learning_rate': 0.002194864830377015, 'reg_alpha': 1.4732902554075802e-06, 'reg_lambda': 1.8266356102569017e-05, 'min_child_weight': 4}. Best is trial 0 with value: 0.941747572815534.
[I 2026-03-24 15:33:01,074] Trial 64 finished with value: 0.941747572815534 and parameters: {'n_estimators': 888, 'max_depth': 40, 'learning_rate': 0.04371787094765561, 'reg_alpha': 0.3342698516026471, 'reg_lambda': 3.360323883166516e-07, 'min_child_weight': 5}. Best is trial 0 with value: 0.941747572815534.
[I 2026-03-24 15:33:01,220] Trial 65 finished with value: 0.941747572815534 and parameters: {'n_estimators': 929, 'max_depth': 26, 'learning_rate': 0.02976901825026242, 'reg_alpha': 0.0004012329988561024, 'reg_lambda': 3.2198788094681046e-08, 'min_child_weight': 2}. Best is trial 0 with value: 0.941747572815534.
