[I 2026-03-24 15:37:12,137] Trial 403 finished with value: 0.941747572815534 and parameters: {'n_estimators': 430, 'max_depth': 39, 'learning_rate': 0.006203691173299059, 'reg_alpha': 7.946805056375546e-08, 'reg_lambda': 3.6218292572178144e-07, 'min_child_weight': 6}. Best is trial 0 with value: 0.941747572815534.
[I 2026-03-24 15:37:12,292] Trial 404 finished with value: 0.9365853658536586 and parameters: {'n_estimators': 400, 'max_depth': 33, 'learning_rate': 0.021220960951774163, 'reg_alpha': 3.9601122061644633e-08, 'reg_lambda': 6.39815444791818e-06, 'min_child_weight': 2}. Best is trial 0 with value: 0.941747572815534.
[I 2026-03-24 15:37:12,363] Trial 405 finished with value: 0.941747572815534 and parameters: {'n_estimators': 252, 'max_depth': 35, 'learning_rate': 0.010367950277195323, 'reg_alpha': 0.4398292891581765, 'reg_lambda': 3.810591872621714e-08, 'min_child_weight': 9}. Best is trial 0 with value: 0.941747572815534.
[I 2026-03-24 15:37:12,539] Trial 406 finished with value: 0.941747572815534 and parameters: {'n_estimators': 857, 'max_depth': 14, 'learning_rate': 0.0014072580152346356, 'reg_alpha': 0.00010250625943148225, 'reg_lambda': 0.0011529710869443751, 'min_child_weight': 7}. Best is trial 0 with value: 0.941747572815534.
[I 2026-03-24 15:37:12,642] Trial 407 finished with value: 0.941747572815534 and parameters: {'n_estimators': 450, 'max_depth': 16, 'learning_rate': 0.01188873944224154, 'reg_alpha': 0.00023070006820182006, 'reg_lambda': 5.6579328346594605e-05, 'min_child_weight': 10}. Best is trial 0 with value: 0.941747572815534.
[I 2026-03-24 15:37:12,768] Trial 408 finished with value: 0.9365853658536586 and parameters: {'n_estimators': 366, 'max_depth': 12, 'learning_rate': 0.022985083380816635, 'reg_alpha': 1.5906849893542597e-05, 'reg_lambda': 1.7411273549455074e-06, 'min_child_weight': 3}. Best is trial 0 with value: 0.941747572815534.
[I 2026-03-24 15:37:12,849] Trial 409 finished with value: 0.941747572815534 and parameters: {'n_estimators': 316, 'max_depth': 26, 'learning_rate': 0.025883593924448618, 'reg_alpha': 1.0765760748647496e-05, 'reg_lambda': 8.35549728520173e-06, 'min_child_weight': 8}. Best is trial 0 with value: 0.941747572815534.
[I 2026-03-24 15:37:12,929] Trial 410 finished with value: 0.941747572815534 and parameters: {'n_estimators': 200, 'max_depth': 18, 'learning_rate': 0.05823217826894873, 'reg_alpha': 4.330770281690354e-06, 'reg_lambda': 7.031203936633011e-07, 'min_child_weight': 4}. Best is trial 0 with value: 0.941747572815534.
[I 2026-03-24 15:37:13,043] Trial 411 finished with value: 0.941747572815534 and parameters: {'n_estimators': 506, 'max_depth': 49, 'learning_rate': 0.018840555293955688, 'reg_alpha': 0.000777706204585811, 'reg_lambda': 0.00036188399857813193, 'min_child_weight': 6}. Best is trial 0 with value: 0.941747572815534.
[I 2026-03-24 15:37:13,132] Trial 412 finished with value: 0.941747572815534 and parameters: {'n_estimators': 237, 'max_depth': 38, 'learning_rate': 0.0023000288439671106, 'reg_alpha': 2.7313463137129363e-05, 'reg_lambda': 3.2420770949546835e-05, 'min_child_weight': 4}. Best is trial 0 with value: 0.941747572815534.
[I 2026-03-24 15:37:13,286] Trial 413 finished with value: 0.941747572815534 and parameters: {'n_estimators': 739, 'max_depth': 11, 'learning_rate': 0.004263594894655127, 'reg_alpha': 0.0004066635675052812, 'reg_lambda': 8.086116457836589e-08, 'min_child_weight': 5}. Best is trial 0 with value: 0.941747572815534.
[I 2026-03-24 15:37:13,411] Trial 414 finished with value: 0.941747572815534 and parameters: {'n_estimators': 573, 'max_depth': 15, 'learning_rate': 0.03407308962228449, 'reg_alpha': 2.8458404826301654e-06, 'reg_lambda': 2.4811375003317247e-07, 'min_child_weight': 9}. Best is trial 0 with value: 0.941747572815534.
[I 2026-03-24 15:37:13,476] Trial 415 finished with value: 0.941747572815534 and parameters: {'n_estimators': 217, 'max_depth': 40, 'learning_rate': 0.015237852943986208, 'reg_alpha': 0.002978810234714476, 'reg_lambda': 0.00010007397406285476, 'min_child_weight': 7}. Best is trial 0 with value: 0.941747572815534.
[I 2026-03-24 15:37:13,547] Trial 416 finished with value: 0.941747572815534 and parameters: {'n_estimators': 263, 'max_depth': 21, 'learning_rate': 0.01404039010138593, 'reg_alpha': 3.831143674650283e-07, 'reg_lambda': 5.143836479310457e-06, 'min_child_weight': 10}. Best is trial 0 with value: 0.941747572815534.
[I 2026-03-24 15:37:13,692] Trial 417 finished with value: 0.941747572815534 and parameters: {'n_estimators': 691, 'max_depth': 10, 'learning_rate': 0.0027990512208670884, 'reg_alpha': 0.04190997490249713, 'reg_lambda': 1.0452982550921094e-06, 'min_child_weight': 9}. Best is trial 0 with value: 0.941747572815534.
[I 2026-03-24 15:37:13,878] Trial 418 finished with value: 0.941747572815534 and parameters: {'n_estimators': 931, 'max_depth': 37, 'learning_rate': 0.039683875630999205, 'reg_alpha': 0.20908920906221998, 'reg_lambda': 4.176788080091056e-07, 'min_child_weight': 8}. Best is trial 0 with value: 0.941747572815534.
[I 2026-03-24 15:37:13,961] Trial 419 finished with value: 0.941747572815534 and parameters: {'n_estimators': 331, 'max_depth': 8, 'learning_rate': 0.02861851315504956, 'reg_alpha': 0.006613705940591096, 'reg_lambda': 0.00019701175358011782, 'min_child_weight': 6}. Best is trial 0 with value: 0.941747572815534.
[I 2026-03-24 15:37:14,150] Trial 420 finished with value: 0.9313725490196079 and parameters: {'n_estimators': 628, 'max_depth': 17, 'learning_rate': 0.06362691186482235, 'reg_alpha': 1.5075092150262773e-06, 'reg_lambda': 2.1578037726505425e-08, 'min_child_weight': 3}. Best is trial 0 with value: 0.941747572815534.
[I 2026-03-24 15:37:14,236] Trial 421 finished with value: 0.941747572815534 and parameters: {'n_estimators': 350, 'max_depth': 6, 'learning_rate': 0.05208212086074807, 'reg_alpha': 1.5269343946713074e-08, 'reg_lambda': 0.13078721647113484, 'min_child_weight': 7}. Best is trial 0 with value: 0.941747572815534.
[I 2026-03-24 15:37:14,339] Trial 422 finished with value: 0.941747572815534 and parameters: {'n_estimators': 298, 'max_depth': 23, 'learning_rate': 0.008020401761913732, 'reg_alpha': 0.9696530972272934, 'reg_lambda': 1.1698777485092151e-05, 'min_child_weight': 4}. Best is trial 0 with value: 0.941747572815534.
[I 2026-03-24 15:37:14,432] Trial 423 finished with value: 0.941747572815534 and parameters: {'n_estimators': 378, 'max_depth': 36, 'learning_rate': 0.0020181687121798436, 'reg_alpha': 2.0782342088133716e-07, 'reg_lambda': 6.07733222225505e-08, 'min_child_weight': 9}. Best is trial 0 with value: 0.941747572815534.
[I 2026-03-24 15:37:14,597] Trial 424 finished with value: 0.941747572815534 and parameters: {'n_estimators': 804, 'max_depth': 42, 'learning_rate': 0.0015928178339464961, 'reg_alpha': 6.262436664234577e-07, 'reg_lambda': 0.007125116505619796, 'min_child_weight': 10}. Best is trial 0 with value: 0.941747572815534.
[I 2026-03-24 15:37:14,732] Trial 425 finished with value: 0.941747572815534 and parameters: {'n_estimators': 416, 'max_depth': 12, 'learning_rate': 0.011178604728263554, 'reg_alpha': 6.420143822442447e-06, 'reg_lambda': 1.6411144999689295e-07, 'min_child_weight': 4}. Best is trial 0 with value: 0.941747572815534.
[I 2026-03-24 15:37:14,914] Trial 426 finished with value: 0.941747572815534 and parameters: {'n_estimators': 910, 'max_depth': 30, 'learning_rate': 0.018561269744635126, 'reg_alpha': 1.0350306362015553e-06, 'reg_lambda': 7.290442041414624e-05, 'min_child_weight': 6}. Best is trial 0 with value: 0.941747572815534.
[I 2026-03-24 15:37:15,030] Trial 427 finished with value: 0.941747572815534 and parameters: {'n_estimators': 522, 'max_depth': 28, 'learning_rate': 0.0065670252915278685, 'reg_alpha': 0.0014793705192900027, 'reg_lambda': 2.1451570188817923e-05, 'min_child_weight': 8}. Best is trial 0 with value: 0.941747572815534.
[I 2026-03-24 15:37:15,159] Trial 428 finished with value: 0.941747572815534 and parameters: {'n_estimators': 601, 'max_depth': 18, 'learning_rate': 0.001197949020130889, 'reg_alpha': 1.1070178968614756e-08, 'reg_lambda': 0.04839861555388595, 'min_child_weight': 5}. Best is trial 0 with value: 0.941747572815534.
[I 2026-03-24 15:37:15,329] Trial 429 finished with value: 0.941747572815534 and parameters: {'n_estimators': 823, 'max_depth': 20, 'learning_rate': 0.016273583705396614, 'reg_alpha': 6.314621819653972e-05, 'reg_lambda': 0.0044286785095249736, 'min_child_weight': 9}. Best is trial 0 with value: 0.941747572815534.
[I 2026-03-24 15:37:15,475] Trial 430 finished with value: 0.941747572815534 and parameters: {'n_estimators': 650, 'max_depth': 9, 'learning_rate': 0.009421852307177937, 'reg_alpha': 0.0005837610203705237, 'reg_lambda': 2.5367351930625253e-06, 'min_child_weight': 10}. Best is trial 0 with value: 0.941747572815534.
[I 2026-03-24 15:37:15,545] Trial 431 finished with value: 0.941747572815534 and parameters: {'n_estimators': 232, 'max_depth': 13, 'learning_rate': 0.004908311623104896, 'reg_alpha': 0.0002705624377507819, 'reg_lambda': 3.9200182089620995e-08, 'min_child_weight': 6}. Best is trial 0 with value: 0.941747572815534.
[I 2026-03-24 15:37:15,622] Trial 432 finished with value: 0.941747572815534 and parameters: {'n_estimators': 278, 'max_depth': 35, 'learning_rate': 0.023625293104605035, 'reg_alpha': 0.000156281814543959, 'reg_lambda': 6.336895712312197e-07, 'min_child_weight': 8}. Best is trial 0 with value: 0.941747572815534.
[I 2026-03-24 15:37:15,816] Trial 433 finished with value: 0.941747572815534 and parameters: {'n_estimators': 971, 'max_depth': 7, 'learning_rate': 0.012342246589890006, 'reg_alpha': 3.5379530754966366e-05, 'reg_lambda': 4.072851793718144e-05, 'min_child_weight': 7}. Best is trial 0 with value: 0.941747572815534.
[I 2026-03-24 15:37:15,911] Trial 434 finished with value: 0.9365853658536586 and parameters: {'n_estimators': 212, 'max_depth': 22, 'learning_rate': 0.019712313054381456, 'reg_alpha': 3.456960196474201e-06, 'reg_lambda': 8.934605474270863e-08, 'min_child_weight': 2}. Best is trial 0 with value: 0.941747572815534.
[I 2026-03-24 15:37:15,981] Trial 435 finished with value: 0.941747572815534 and parameters: {'n_estimators': 251, 'max_depth': 37, 'learning_rate': 0.0025840277920057336, 'reg_alpha': 1.961559166757055e-05, 'reg_lambda': 1.504102796808084e-08, 'min_child_weight': 9}. Best is trial 0 with value: 0.941747572815534.
[I 2026-03-24 15:37:16,239] Trial 436 finished with value: 0.941747572815534 and parameters: {'n_estimators': 875, 'max_depth': 32, 'learning_rate': 0.0035884739239486077, 'reg_alpha': 2.027223072443166e-06, 'reg_lambda': 1.4786134274529945e-06, 'min_child_weight': 4}. Best is trial 0 with value: 0.941747572815534.
[I 2026-03-24 15:37:16,382] Trial 437 finished with value: 0.941747572815534 and parameters: {'n_estimators': 676, 'max_depth': 25, 'learning_rate': 0.0017958770185359065, 'reg_alpha': 0.010519641709323945, 'reg_lambda': 2.6343227576851645e-07, 'min_child_weight': 5}. Best is trial 0 with value: 0.941747572815534.
[I 2026-03-24 15:37:16,567] Trial 438 finished with value: 0.941747572815534 and parameters: {'n_estimators': 897, 'max_depth': 15, 'learning_rate': 0.022220996820539927, 'reg_alpha': 0.003859114046444649, 'reg_lambda': 0.0005198183881745321, 'min_child_weight': 10}. Best is trial 0 with value: 0.941747572815534.
[I 2026-03-24 15:37:16,661] Trial 439 finished with value: 0.941747572815534 and parameters: {'n_estimators': 396, 'max_depth': 8, 'learning_rate': 0.042878813709287235, 'reg_alpha': 9.71884860988593e-06, 'reg_lambda': 4.128327923232767e-06, 'min_child_weight': 7}. Best is trial 0 with value: 0.941747572815534.
[I 2026-03-24 15:37:16,741] Trial 440 finished with value: 0.941747572815534 and parameters: {'n_estimators': 306, 'max_depth': 10, 'learning_rate': 0.0855589655664448, 'reg_alpha': 0.7123704983117132, 'reg_lambda': 8.564025767569883e-07, 'min_child_weight': 5}. Best is trial 0 with value: 0.941747572815534.
[I 2026-03-24 15:37:16,826] Trial 441 finished with value: 0.941747572815534 and parameters: {'n_estimators': 340, 'max_depth': 11, 'learning_rate': 0.017754976710060707, 'reg_alpha': 1.0979450601112369e-07, 'reg_lambda': 1.18190933186208e-07, 'min_child_weight': 8}. Best is trial 0 with value: 0.941747572815534.
[I 2026-03-24 15:37:17,017] Trial 442 finished with value: 0.941747572815534 and parameters: {'n_estimators': 950, 'max_depth': 19, 'learning_rate': 0.002173864410869074, 'reg_alpha': 0.0003499464799065746, 'reg_lambda': 8.33252191815812e-06, 'min_child_weight': 9}. Best is trial 0 with value: 0.941747572815534.
[I 2026-03-24 15:37:17,191] Trial 443 finished with value: 0.941747572815534 and parameters: {'n_estimators': 497, 'max_depth': 29, 'learning_rate': 0.005363440309145402, 'reg_alpha': 0.018958965918077376, 'reg_lambda': 1.3340803794724019e-05, 'min_child_weight': 3}. Best is trial 0 with value: 0.941747572815534.
[I 2026-03-24 15:37:17,280] Trial 444 finished with value: 0.941747572815534 and parameters: {'n_estimators': 360, 'max_depth': 16, 'learning_rate': 0.007338302825013568, 'reg_alpha': 8.691729277084759e-05, 'reg_lambda': 1.964701710216758e-07, 'min_child_weight': 9}. Best is trial 0 with value: 0.941747572815534.
[I 2026-03-24 15:37:17,382] Trial 445 finished with value: 0.941747572815534 and parameters: {'n_estimators': 441, 'max_depth': 34, 'learning_rate': 0.03126845673424598, 'reg_alpha': 4.8998992618255065e-06, 'reg_lambda': 4.688540247068428e-07, 'min_child_weight': 6}. Best is trial 0 with value: 0.941747572815534.
[I 2026-03-24 15:37:17,530] Trial 446 finished with value: 0.941747572815534 and parameters: {'n_estimators': 461, 'max_depth': 48, 'learning_rate': 0.0104237628682268, 'reg_alpha': 0.0010395934298475368, 'reg_lambda': 1.121901623687384e-06, 'min_child_weight': 4}. Best is trial 0 with value: 0.941747572815534.
[I 2026-03-24 15:37:17,603] Trial 447 finished with value: 0.941747572815534 and parameters: {'n_estimators': 266, 'max_depth': 13, 'learning_rate': 0.014183298897769843, 'reg_alpha': 6.768046787372953e-08, 'reg_lambda': 0.0009607536464609634, 'min_child_weight': 8}. Best is trial 0 with value: 0.941747572815534.
[I 2026-03-24 15:37:17,751] Trial 448 finished with value: 0.941747572815534 and parameters: {'n_estimators': 711, 'max_depth': 38, 'learning_rate': 0.020572163236101053, 'reg_alpha': 1.5445325239614753e-06, 'reg_lambda': 0.00012334204566100297, 'min_child_weight': 10}. Best is trial 0 with value: 0.941747572815534.
[I 2026-03-24 15:37:17,817] Trial 449 finished with value: 0.941747572815534 and parameters: {'n_estimators': 229, 'max_depth': 17, 'learning_rate': 0.026822964125624897, 'reg_alpha': 0.06126864076166873, 'reg_lambda': 2.0390522916403974e-05, 'min_child_weight': 7}. Best is trial 0 with value: 0.941747572815534.
[I 2026-03-24 15:37:17,914] Trial 450 finished with value: 0.9365853658536586 and parameters: {'n_estimators': 215, 'max_depth': 36, 'learning_rate': 0.013188547958623339, 'reg_alpha': 0.0018971612218508839, 'reg_lambda': 0.0002131131380426484, 'min_child_weight': 2}. Best is trial 0 with value: 0.941747572815534.
[I 2026-03-24 15:37:18,069] Trial 451 finished with value: 0.941747572815534 and parameters: {'n_estimators': 749, 'max_depth': 26, 'learning_rate': 0.008669068066173884, 'reg_alpha': 9.067030671497114e-07, 'reg_lambda': 4.801836079504863e-08, 'min_child_weight': 9}. Best is trial 0 with value: 0.941747572815534.
[I 2026-03-24 15:37:18,168] Trial 452 finished with value: 0.941747572815534 and parameters: {'n_estimators': 415, 'max_depth': 23, 'learning_rate': 0.0031276639143798376, 'reg_alpha': 0.0006070785887700096, 'reg_lambda': 3.304444469279629e-07, 'min_child_weight': 5}. Best is trial 0 with value: 0.941747572815534.
[I 2026-03-24 15:37:18,249] Trial 453 finished with value: 0.941747572815534 and parameters: {'n_estimators': 321, 'max_depth': 6, 'learning_rate': 0.001299506554608819, 'reg_alpha': 0.12898983320429616, 'reg_lambda': 1.9869151418297625e-06, 'min_child_weight': 6}. Best is trial 0 with value: 0.941747572815534.
[I 2026-03-24 15:37:18,390] Trial 454 finished with value: 0.941747572815534 and parameters: {'n_estimators': 666, 'max_depth': 31, 'learning_rate': 0.04909076697174988, 'reg_alpha': 0.00024201145234975527, 'reg_lambda': 0.0002794140207076717, 'min_child_weight': 10}. Best is trial 0 with value: 0.941747572815534.
[I 2026-03-24 15:37:18,636] Trial 455 finished with value: 0.941747572815534 and parameters: {'n_estimators': 848, 'max_depth': 39, 'learning_rate': 0.017225359371722142, 'reg_alpha': 4.3039844539934344e-07, 'reg_lambda': 2.4749255013478965e-08, 'min_child_weight': 4}. Best is trial 0 with value: 0.941747572815534.
[I 2026-03-24 15:37:18,947] Trial 456 finished with value: 0.941747572815534 and parameters: {'n_estimators': 989, 'max_depth': 14, 'learning_rate': 0.0023972174257001814, 'reg_alpha': 2.8242946576255473e-08, 'reg_lambda': 5.317349701037469e-06, 'min_child_weight': 3}. Best is trial 0 with value: 0.941747572815534.
[I 2026-03-24 15:37:19,024] Trial 457 finished with value: 0.941747572815534 and parameters: {'n_estimators': 289, 'max_depth': 40, 'learning_rate': 0.01566429464942817, 'reg_alpha': 0.36829571668059724, 'reg_lambda': 1.145434955226979e-08, 'min_child_weight': 6}. Best is trial 0 with value: 0.941747572815534.
[I 2026-03-24 15:37:19,188] Trial 458 finished with value: 0.941747572815534 and parameters: {'n_estimators': 793, 'max_depth': 24, 'learning_rate': 0.038174994126331394, 'reg_alpha': 0.00012102746026387036, 'reg_lambda': 1.5925466201371677e-07, 'min_child_weight': 7}. Best is trial 0 with value: 0.941747572815534.
[I 2026-03-24 15:37:19,309] Trial 459 finished with value: 0.941747572815534 and parameters: {'n_estimators': 558, 'max_depth': 28, 'learning_rate': 0.001959571857528188, 'reg_alpha': 1.3688926620247687e-05, 'reg_lambda': 3.3639627507939673e-06, 'min_child_weight': 9}. Best is trial 0 with value: 0.941747572815534.
[I 2026-03-24 15:37:19,437] Trial 460 finished with value: 0.941747572815534 and parameters: {'n_estimators': 589, 'max_depth': 9, 'learning_rate': 0.024466280496099876, 'reg_alpha': 2.767402300198355e-06, 'reg_lambda': 5.649440955881384e-07, 'min_child_weight': 8}. Best is trial 0 with value: 0.941747572815534.
[I 2026-03-24 15:37:19,561] Trial 461 finished with value: 0.941747572815534 and parameters: {'n_estimators': 378, 'max_depth': 12, 'learning_rate': 0.020935905294846537, 'reg_alpha': 6.306121572458651e-07, 'reg_lambda': 9.288697624914879e-06, 'min_child_weight': 4}. Best is trial 0 with value: 0.941747572815534.
[I 2026-03-24 15:37:19,631] Trial 462 finished with value: 0.941747572815534 and parameters: {'n_estimators': 250, 'max_depth': 44, 'learning_rate': 0.005820052010389242, 'reg_alpha': 5.564972733540936e-06, 'reg_lambda': 0.026856654917986653, 'min_child_weight': 10}. Best is trial 0 with value: 0.941747572815534.
[I 2026-03-24 15:37:19,836] Trial 463 finished with value: 0.9359605911330049 and parameters: {'n_estimators': 482, 'max_depth': 21, 'learning_rate': 0.003926661648388242, 'reg_alpha': 7.939763520746385e-06, 'reg_lambda': 6.728138273718358e-08, 'min_child_weight': 1}. Best is trial 0 with value: 0.941747572815534.
[I 2026-03-24 15:37:19,898] Trial 464 finished with value: 0.941747572815534 and parameters: {'n_estimators': 200, 'max_depth': 27, 'learning_rate': 0.001132729560729462, 'reg_alpha': 0.0009216311964311806, 'reg_lambda': 0.0026424464764995513, 'min_child_weight': 9}. Best is trial 0 with value: 0.941747572815534.
[I 2026-03-24 15:37:20,050] Trial 465 finished with value: 0.941747572815534 and parameters: {'n_estimators': 729, 'max_depth': 29, 'learning_rate': 0.011914999014701668, 'reg_alpha': 0.0004430879961984756, 'reg_lambda': 7.848862363465859e-07, 'min_child_weight': 7}. Best is trial 0 with value: 0.941747572815534.
[I 2026-03-24 15:37:20,135] Trial 466 finished with value: 0.941747572815534 and parameters: {'n_estimators': 335, 'max_depth': 19, 'learning_rate': 0.0069975826710188494, 'reg_alpha': 0.00019268157854867644, 'reg_lambda': 5.410663979916297e-05, 'min_child_weight': 5}. Best is trial 0 with value: 0.941747572815534.
[I 2026-03-24 15:37:20,273] Trial 467 finished with value: 0.941747572815534 and parameters: {'n_estimators': 644, 'max_depth': 7, 'learning_rate': 0.0788726806593021, 'reg_alpha': 1.1612139720206611e-06, 'reg_lambda': 3.252090983123829e-08, 'min_child_weight': 8}. Best is trial 0 with value: 0.941747572815534.
[I 2026-03-24 15:37:20,489] Trial 468 finished with value: 0.941747572815534 and parameters: {'n_estimators': 702, 'max_depth': 43, 'learning_rate': 0.009445800007231888, 'reg_alpha': 0.002793883003259628, 'reg_lambda': 3.2099251738355177e-05, 'min_child_weight': 4}. Best is trial 0 with value: 0.941747572815534.
[I 2026-03-24 15:37:20,556] Trial 469 finished with value: 0.941747572815534 and parameters: {'n_estimators': 231, 'max_depth': 10, 'learning_rate': 0.03398252202728376, 'reg_alpha': 2.5151940191336644e-07, 'reg_lambda': 0.0015501470678266393, 'min_child_weight': 9}. Best is trial 0 with value: 0.941747572815534.
[I 2026-03-24 15:37:20,746] Trial 470 finished with value: 0.941747572815534 and parameters: {'n_estimators': 1000, 'max_depth': 37, 'learning_rate': 0.001494089288477595, 'reg_alpha': 3.70552683786645e-06, 'reg_lambda': 1.5945896266232096e-05, 'min_child_weight': 6}. Best is trial 0 with value: 0.941747572815534.
[I 2026-03-24 15:37:20,878] Trial 471 finished with value: 0.941747572815534 and parameters: {'n_estimators': 617, 'max_depth': 35, 'learning_rate': 0.015351851522032438, 'reg_alpha': 2.45791146259757e-05, 'reg_lambda': 0.0001406392630137024, 'min_child_weight': 9}. Best is trial 0 with value: 0.941747572815534.
