[I 2026-03-24 15:33:33,244] Trial 345 finished with value: 0.941747572815534 and parameters: {'n_estimators': 493, 'max_depth': 48, 'learning_rate': 0.052660540227994684, 'reg_alpha': 0.010535495735006213, 'reg_lambda': 0.0007347591543450561, 'min_child_weight': 4}. Best is trial 0 with value: 0.941747572815534.
[I 2026-03-24 15:33:33,326] Trial 346 finished with value: 0.941747572815534 and parameters: {'n_estimators': 414, 'max_depth': 7, 'learning_rate': 0.017635378376065727, 'reg_alpha': 0.00013259320861944393, 'reg_lambda': 3.2263937021651445e-05, 'min_child_weight': 7}. Best is trial 0 with value: 0.941747572815534.
[I 2026-03-24 15:33:33,474] Trial 347 finished with value: 0.941747572815534 and parameters: {'n_estimators': 880, 'max_depth': 50, 'learning_rate': 0.0023124815906988734, 'reg_alpha': 8.494875198757589e-07, 'reg_lambda': 0.0057233952758771, 'min_child_weight': 10}. Best is trial 0 with value: 0.941747572815534.
[I 2026-03-24 15:33:33,606] Trial 348 finished with value: 0.941747572815534 and parameters: {'n_estimators': 779, 'max_depth': 28, 'learning_rate': 0.006931527762090855, 'reg_alpha': 0.25935070448661074, 'reg_lambda': 9.074417973306257e-08, 'min_child_weight': 5}. Best is trial 0 with value: 0.941747572815534.
[I 2026-03-24 15:33:33,683] Trial 349 finished with value: 0.941747572815534 and parameters: {'n_estimators': 371, 'max_depth': 39, 'learning_rate': 0.07851305575698922, 'reg_alpha': 0.000993856263415899, 'reg_lambda': 3.07903369793552e-07, 'min_child_weight': 3}. Best is trial 0 with value: 0.941747572815534.
[I 2026-03-24 15:33:33,841] Trial 350 finished with value: 0.941747572815534 and parameters: {'n_estimators': 952, 'max_depth': 49, 'learning_rate': 0.012442772052761087, 'reg_alpha': 0.022292974961439536, 'reg_lambda': 0.00010053464544463902, 'min_child_weight': 9}. Best is trial 0 with value: 0.941747572815534.
[I 2026-03-24 15:33:33,909] Trial 351 finished with value: 0.941747572815534 and parameters: {'n_estimators': 305, 'max_depth': 25, 'learning_rate': 0.042289982280783664, 'reg_alpha': 1.253262474918574e-05, 'reg_lambda': 0.00020146339808248736, 'min_child_weight': 8}. Best is trial 0 with value: 0.941747572815534.
[I 2026-03-24 15:33:34,053] Trial 352 finished with value: 0.941747572815534 and parameters: {'n_estimators': 857, 'max_depth': 19, 'learning_rate': 0.02212190359027613, 'reg_alpha': 0.07688251708053556, 'reg_lambda': 0.01705483865194482, 'min_child_weight': 10}. Best is trial 0 with value: 0.941747572815534.
[I 2026-03-24 15:33:34,204] Trial 353 finished with value: 0.941747572815534 and parameters: {'n_estimators': 916, 'max_depth': 14, 'learning_rate': 0.0015907358900635043, 'reg_alpha': 0.0004329613999888902, 'reg_lambda': 0.05011740227951955, 'min_child_weight': 7}. Best is trial 0 with value: 0.941747572815534.
[I 2026-03-24 15:33:34,343] Trial 354 finished with value: 0.941747572815534 and parameters: {'n_estimators': 824, 'max_depth': 46, 'learning_rate': 0.051191189164123886, 'reg_alpha': 0.00627670730962673, 'reg_lambda': 6.5521483820991036e-06, 'min_child_weight': 6}. Best is trial 0 with value: 0.941747572815534.
[I 2026-03-24 15:33:34,451] Trial 355 finished with value: 0.941747572815534 and parameters: {'n_estimators': 600, 'max_depth': 33, 'learning_rate': 0.0028898647845211024, 'reg_alpha': 0.002705644454511536, 'reg_lambda': 1.787254436336365e-05, 'min_child_weight': 9}. Best is trial 0 with value: 0.941747572815534.
[I 2026-03-24 15:33:34,554] Trial 356 finished with value: 0.941747572815534 and parameters: {'n_estimators': 567, 'max_depth': 16, 'learning_rate': 0.03496124956163323, 'reg_alpha': 1.895981236719392e-08, 'reg_lambda': 7.046097850633385e-05, 'min_child_weight': 10}. Best is trial 0 with value: 0.941747572815534.
[I 2026-03-24 15:33:34,691] Trial 357 finished with value: 0.941747572815534 and parameters: {'n_estimators': 798, 'max_depth': 17, 'learning_rate': 0.058380176088068364, 'reg_alpha': 4.848886661021358e-08, 'reg_lambda': 0.2297946660164397, 'min_child_weight': 8}. Best is trial 0 with value: 0.941747572815534.
[I 2026-03-24 15:33:34,762] Trial 358 finished with value: 0.941747572815534 and parameters: {'n_estimators': 324, 'max_depth': 26, 'learning_rate': 0.027326552283449955, 'reg_alpha': 0.033774645502102164, 'reg_lambda': 0.0002929843310396759, 'min_child_weight': 6}. Best is trial 0 with value: 0.941747572815534.
[I 2026-03-24 15:33:34,920] Trial 359 finished with value: 0.941747572815534 and parameters: {'n_estimators': 972, 'max_depth': 24, 'learning_rate': 0.06997557920805911, 'reg_alpha': 4.7565956110870803e-05, 'reg_lambda': 0.001794986267860058, 'min_child_weight': 10}. Best is trial 0 with value: 0.941747572815534.
[I 2026-03-24 15:33:35,043] Trial 360 finished with value: 0.941747572815534 and parameters: {'n_estimators': 715, 'max_depth': 8, 'learning_rate': 0.08741454904447583, 'reg_alpha': 0.013386992967458424, 'reg_lambda': 2.509285427847268e-06, 'min_child_weight': 2}. Best is trial 0 with value: 0.941747572815534.
[I 2026-03-24 15:33:35,117] Trial 361 finished with value: 0.941747572815534 and parameters: {'n_estimators': 352, 'max_depth': 22, 'learning_rate': 0.03051866024596968, 'reg_alpha': 3.864186877856041e-06, 'reg_lambda': 0.021542037226294712, 'min_child_weight': 4}. Best is trial 0 with value: 0.941747572815534.
[I 2026-03-24 15:33:35,206] Trial 362 finished with value: 0.941747572815534 and parameters: {'n_estimators': 457, 'max_depth': 23, 'learning_rate': 0.006211755726708933, 'reg_alpha': 0.0020133618199386348, 'reg_lambda': 1.4940795203069354e-06, 'min_child_weight': 9}. Best is trial 0 with value: 0.941747572815534.
[I 2026-03-24 15:33:35,296] Trial 363 finished with value: 0.941747572815534 and parameters: {'n_estimators': 478, 'max_depth': 12, 'learning_rate': 0.009458060629523856, 'reg_alpha': 1.282695807165474e-07, 'reg_lambda': 8.77250690433122e-06, 'min_child_weight': 7}. Best is trial 0 with value: 0.941747572815534.
[I 2026-03-24 15:33:35,442] Trial 364 finished with value: 0.941747572815534 and parameters: {'n_estimators': 872, 'max_depth': 29, 'learning_rate': 0.0011333417790917563, 'reg_alpha': 0.004475951441812856, 'reg_lambda': 4.7867808629156205e-06, 'min_child_weight': 6}. Best is trial 0 with value: 0.941747572815534.
[I 2026-03-24 15:33:35,602] Trial 365 finished with value: 0.941747572815534 and parameters: {'n_estimators': 991, 'max_depth': 10, 'learning_rate': 0.04605844140901389, 'reg_alpha': 0.165941736171775, 'reg_lambda': 0.009790581602772493, 'min_child_weight': 5}. Best is trial 0 with value: 0.941747572815534.
[I 2026-03-24 15:33:35,732] Trial 366 finished with value: 0.941747572815534 and parameters: {'n_estimators': 762, 'max_depth': 25, 'learning_rate': 0.019041261297576433, 'reg_alpha': 0.00021615756711274703, 'reg_lambda': 3.1746091154508674e-08, 'min_child_weight': 8}. Best is trial 0 with value: 0.941747572815534.
[I 2026-03-24 15:33:35,851] Trial 367 finished with value: 0.941747572815534 and parameters: {'n_estimators': 212, 'max_depth': 20, 'learning_rate': 0.0017170174044249128, 'reg_alpha': 1.6856182121606003e-05, 'reg_lambda': 0.0010736564363626891, 'min_child_weight': 1}. Best is trial 0 with value: 0.941747572815534.
[I 2026-03-24 15:33:35,970] Trial 368 finished with value: 0.941747572815534 and parameters: {'n_estimators': 653, 'max_depth': 47, 'learning_rate': 0.004357707332474805, 'reg_alpha': 0.4267801953922555, 'reg_lambda': 1.3444711878892855e-08, 'min_child_weight': 10}. Best is trial 0 with value: 0.941747572815534.
[I 2026-03-24 15:33:36,097] Trial 369 finished with value: 0.941747572815534 and parameters: {'n_estimators': 741, 'max_depth': 34, 'learning_rate': 0.0020565397313985602, 'reg_alpha': 2.5965186293027774e-05, 'reg_lambda': 6.220334763181143e-07, 'min_child_weight': 3}. Best is trial 0 with value: 0.941747572815534.
[I 2026-03-24 15:33:36,194] Trial 370 finished with value: 0.941747572815534 and parameters: {'n_estimators': 524, 'max_depth': 31, 'learning_rate': 0.0012931198185053242, 'reg_alpha': 0.01719600260252721, 'reg_lambda': 3.924673994110168e-05, 'min_child_weight': 7}. Best is trial 0 with value: 0.941747572815534.
[I 2026-03-24 15:33:36,335] Trial 371 finished with value: 0.941747572815534 and parameters: {'n_estimators': 844, 'max_depth': 37, 'learning_rate': 0.002616060179931084, 'reg_alpha': 0.0008445161315561143, 'reg_lambda': 0.0029786897699728945, 'min_child_weight': 9}. Best is trial 0 with value: 0.941747572815534.
[I 2026-03-24 15:33:36,400] Trial 372 finished with value: 0.941747572815534 and parameters: {'n_estimators': 289, 'max_depth': 14, 'learning_rate': 0.0032760920719824504, 'reg_alpha': 0.00881795438058085, 'reg_lambda': 7.855627058537563e-08, 'min_child_weight': 5}. Best is trial 0 with value: 0.941747572815534.
[I 2026-03-24 15:33:36,552] Trial 373 finished with value: 0.941747572815534 and parameters: {'n_estimators': 908, 'max_depth': 48, 'learning_rate': 0.04129065781285831, 'reg_alpha': 0.00031304599809022995, 'reg_lambda': 1.236750930309826e-05, 'min_child_weight': 10}. Best is trial 0 with value: 0.941747572815534.
[I 2026-03-24 15:33:36,635] Trial 374 finished with value: 0.941747572815534 and parameters: {'n_estimators': 427, 'max_depth': 41, 'learning_rate': 0.007734280479373173, 'reg_alpha': 2.1711751431657196e-07, 'reg_lambda': 1.3340685879703544e-07, 'min_child_weight': 8}. Best is trial 0 with value: 0.941747572815534.
[I 2026-03-24 15:33:36,791] Trial 375 finished with value: 0.941747572815534 and parameters: {'n_estimators': 944, 'max_depth': 23, 'learning_rate': 0.015184103160737698, 'reg_alpha': 0.00010658442038129802, 'reg_lambda': 0.0006579437337255476, 'min_child_weight': 4}. Best is trial 0 with value: 0.941747572815534.
[I 2026-03-24 15:33:36,937] Trial 376 finished with value: 0.941747572815534 and parameters: {'n_estimators': 893, 'max_depth': 36, 'learning_rate': 0.09051987476940375, 'reg_alpha': 0.0012381045974501459, 'reg_lambda': 0.004785176846359698, 'min_child_weight': 9}. Best is trial 0 with value: 0.941747572815534.
[I 2026-03-24 15:33:37,032] Trial 377 finished with value: 0.941747572815534 and parameters: {'n_estimators': 507, 'max_depth': 42, 'learning_rate': 0.05471294926140052, 'reg_alpha': 2.9128402957580766e-08, 'reg_lambda': 0.0004097981024079085, 'min_child_weight': 6}. Best is trial 0 with value: 0.941747572815534.
[I 2026-03-24 15:33:37,157] Trial 378 finished with value: 0.941747572815534 and parameters: {'n_estimators': 700, 'max_depth': 16, 'learning_rate': 0.0646639002628453, 'reg_alpha': 0.003517465175095184, 'reg_lambda': 0.14283130920358034, 'min_child_weight': 10}. Best is trial 0 with value: 0.941747572815534.
[I 2026-03-24 15:33:37,243] Trial 379 finished with value: 0.941747572815534 and parameters: {'n_estimators': 403, 'max_depth': 7, 'learning_rate': 0.013660611362402524, 'reg_alpha': 0.04696051675732117, 'reg_lambda': 0.7294673108895672, 'min_child_weight': 7}. Best is trial 0 with value: 0.941747572815534.
[I 2026-03-24 15:33:37,357] Trial 380 finished with value: 0.941747572815534 and parameters: {'n_estimators': 630, 'max_depth': 11, 'learning_rate': 0.005170606600407071, 'reg_alpha': 0.10036423334860346, 'reg_lambda': 0.00010433413485285236, 'min_child_weight': 2}. Best is trial 0 with value: 0.941747572815534.
[I 2026-03-24 15:33:37,496] Trial 381 finished with value: 0.941747572815534 and parameters: {'n_estimators': 814, 'max_depth': 21, 'learning_rate': 0.0024019802129124387, 'reg_alpha': 0.00637658849740454, 'reg_lambda': 5.296417369433555e-08, 'min_child_weight': 9}. Best is trial 0 with value: 0.941747572815534.
[I 2026-03-24 15:33:37,649] Trial 382 finished with value: 0.941747572815534 and parameters: {'n_estimators': 933, 'max_depth': 15, 'learning_rate': 0.07702357941422358, 'reg_alpha': 6.615220692935623e-05, 'reg_lambda': 2.4676699077425585e-05, 'min_child_weight': 10}. Best is trial 0 with value: 0.941747572815534.
[I 2026-03-24 15:33:37,794] Trial 383 finished with value: 0.941747572815534 and parameters: {'n_estimators': 868, 'max_depth': 27, 'learning_rate': 0.03767750036595756, 'reg_alpha': 1.964748119698609e-06, 'reg_lambda': 4.4844294309069377e-07, 'min_child_weight': 6}. Best is trial 0 with value: 0.941747572815534.
[I 2026-03-24 15:33:37,895] Trial 384 finished with value: 0.941747572815534 and parameters: {'n_estimators': 549, 'max_depth': 28, 'learning_rate': 0.023542578500143036, 'reg_alpha': 0.0005928185022285083, 'reg_lambda': 0.034120341346572575, 'min_child_weight': 5}. Best is trial 0 with value: 0.941747572815534.
[I 2026-03-24 15:33:38,036] Trial 385 finished with value: 0.941747572815534 and parameters: {'n_estimators': 851, 'max_depth': 39, 'learning_rate': 0.0028701458677037293, 'reg_alpha': 0.0015681818229822046, 'reg_lambda': 0.0023306179952706464, 'min_child_weight': 8}. Best is trial 0 with value: 0.941747572815534.
[I 2026-03-24 15:33:38,145] Trial 386 finished with value: 0.941747572815534 and parameters: {'n_estimators': 608, 'max_depth': 43, 'learning_rate': 0.00379838809882982, 'reg_alpha': 6.87133384132293e-06, 'reg_lambda': 3.335363085387584e-06, 'min_child_weight': 9}. Best is trial 0 with value: 0.941747572815534.
[I 2026-03-24 15:33:38,222] Trial 387 finished with value: 0.941747572815534 and parameters: {'n_estimators': 373, 'max_depth': 49, 'learning_rate': 0.006613375065973601, 'reg_alpha': 1.415965467834075e-06, 'reg_lambda': 5.780738907321132e-05, 'min_child_weight': 7}. Best is trial 0 with value: 0.941747572815534.
[I 2026-03-24 15:33:38,379] Trial 388 finished with value: 0.941747572815534 and parameters: {'n_estimators': 953, 'max_depth': 13, 'learning_rate': 0.09948761961763476, 'reg_alpha': 9.308260849277186e-06, 'reg_lambda': 0.00015532006863182038, 'min_child_weight': 10}. Best is trial 0 with value: 0.941747572815534.
[I 2026-03-24 15:33:38,499] Trial 389 finished with value: 0.9411764705882353 and parameters: {'n_estimators': 444, 'max_depth': 9, 'learning_rate': 0.05023306146853918, 'reg_alpha': 8.654953909030393e-08, 'reg_lambda': 0.014365876203325039, 'min_child_weight': 1}. Best is trial 0 with value: 0.941747572815534.
[I 2026-03-24 15:33:38,558] Trial 390 finished with value: 0.941747572815534 and parameters: {'n_estimators': 237, 'max_depth': 18, 'learning_rate': 0.05682712234872416, 'reg_alpha': 0.024168521611091898, 'reg_lambda': 1.5074379276065244e-05, 'min_child_weight': 2}. Best is trial 0 with value: 0.941747572815534.
[I 2026-03-24 15:33:38,675] Trial 391 finished with value: 0.941747572815534 and parameters: {'n_estimators': 670, 'max_depth': 25, 'learning_rate': 0.034445308739809444, 'reg_alpha': 6.326768918123737e-07, 'reg_lambda': 2.1510235026987824e-08, 'min_child_weight': 4}. Best is trial 0 with value: 0.941747572815534.
[I 2026-03-24 15:33:38,739] Trial 392 finished with value: 0.941747572815534 and parameters: {'n_estimators': 269, 'max_depth': 22, 'learning_rate': 0.010998687175452864, 'reg_alpha': 0.0023885061232658818, 'reg_lambda': 0.0016415538786059953, 'min_child_weight': 8}. Best is trial 0 with value: 0.941747572815534.
[I 2026-03-24 15:33:38,887] Trial 393 finished with value: 0.941747572815534 and parameters: {'n_estimators': 888, 'max_depth': 32, 'learning_rate': 0.046345114948790705, 'reg_alpha': 3.1811691207250127e-06, 'reg_lambda': 0.007178903530425078, 'min_child_weight': 10}. Best is trial 0 with value: 0.941747572815534.
[I 2026-03-24 15:33:39,021] Trial 394 finished with value: 0.941747572815534 and parameters: {'n_estimators': 782, 'max_depth': 46, 'learning_rate': 0.008323861632359927, 'reg_alpha': 0.06337825512985754, 'reg_lambda': 8.489060326812017e-06, 'min_child_weight': 3}. Best is trial 0 with value: 0.941747572815534.
[I 2026-03-24 15:33:39,115] Trial 395 finished with value: 0.941747572815534 and parameters: {'n_estimators': 491, 'max_depth': 44, 'learning_rate': 0.0022498895585119955, 'reg_alpha': 0.013172608094642659, 'reg_lambda': 9.270776866443296e-07, 'min_child_weight': 6}. Best is trial 0 with value: 0.941747572815534.
[I 2026-03-24 15:33:39,275] Trial 396 finished with value: 0.941747572815534 and parameters: {'n_estimators': 974, 'max_depth': 24, 'learning_rate': 0.028418617072685566, 'reg_alpha': 0.00036267972173552646, 'reg_lambda': 4.427864057862078e-05, 'min_child_weight': 9}. Best is trial 0 with value: 0.941747572815534.
[I 2026-03-24 15:33:39,346] Trial 397 finished with value: 0.941747572815534 and parameters: {'n_estimators': 336, 'max_depth': 26, 'learning_rate': 0.0014304592539822595, 'reg_alpha': 0.00014073420461197843, 'reg_lambda': 1.9490788623603375e-07, 'min_child_weight': 6}. Best is trial 0 with value: 0.941747572815534.
[I 2026-03-24 15:33:39,453] Trial 398 finished with value: 0.941747572815534 and parameters: {'n_estimators': 589, 'max_depth': 30, 'learning_rate': 0.005785677214238841, 'reg_alpha': 0.21666149031171, 'reg_lambda': 2.76987028006884e-05, 'min_child_weight': 5}. Best is trial 0 with value: 0.941747572815534.
[I 2026-03-24 15:33:39,592] Trial 399 finished with value: 0.941747572815534 and parameters: {'n_estimators': 834, 'max_depth': 50, 'learning_rate': 0.016853103062355813, 'reg_alpha': 3.427500788543333e-05, 'reg_lambda': 0.0010417690660904841, 'min_child_weight': 7}. Best is trial 0 with value: 0.941747572815534.
[I 2026-03-24 15:33:39,648] Trial 400 finished with value: 0.941747572815534 and parameters: {'n_estimators': 220, 'max_depth': 19, 'learning_rate': 0.041155872559019646, 'reg_alpha': 0.005772300220077713, 'reg_lambda': 0.0035596800818587138, 'min_child_weight': 10}. Best is trial 0 with value: 0.941747572815534.
[I 2026-03-24 15:33:39,799] Trial 401 finished with value: 0.941747572815534 and parameters: {'n_estimators': 903, 'max_depth': 29, 'learning_rate': 0.07162411441095859, 'reg_alpha': 0.00022815151632183634, 'reg_lambda': 1.8362645161495582e-05, 'min_child_weight': 7}. Best is trial 0 with value: 0.941747572815534.
[I 2026-03-24 15:33:39,925] Trial 402 finished with value: 0.941747572815534 and parameters: {'n_estimators': 728, 'max_depth': 23, 'learning_rate': 0.020063422875051216, 'reg_alpha': 0.010318373197311754, 'reg_lambda': 1.0923879712907328e-05, 'min_child_weight': 8}. Best is trial 0 with value: 0.941747572815534.
[I 2026-03-24 15:33:40,078] Trial 403 finished with value: 0.941747572815534 and parameters: {'n_estimators': 919, 'max_depth': 35, 'learning_rate': 0.06206593341764592, 'reg_alpha': 0.0036111819933213863, 'reg_lambda': 1.8981902712939707e-06, 'min_child_weight': 9}. Best is trial 0 with value: 0.941747572815534.
[I 2026-03-24 15:33:40,158] Trial 404 finished with value: 0.941747572815534 and parameters: {'n_estimators': 385, 'max_depth': 6, 'learning_rate': 0.003450703945055659, 'reg_alpha': 1.2763521426557198e-08, 'reg_lambda': 0.5009276386505536, 'min_child_weight': 10}. Best is trial 0 with value: 0.941747572815534.
[I 2026-03-24 15:33:40,241] Trial 405 finished with value: 0.941747572815534 and parameters: {'n_estimators': 412, 'max_depth': 15, 'learning_rate': 0.030764060914646965, 'reg_alpha': 0.11859208830603701, 'reg_lambda': 8.880148539503876e-05, 'min_child_weight': 4}. Best is trial 0 with value: 0.941747572815534.
[I 2026-03-24 15:33:40,388] Trial 406 finished with value: 0.941747572815534 and parameters: {'n_estimators': 875, 'max_depth': 27, 'learning_rate': 0.007223428015731681, 'reg_alpha': 8.596575782914021e-05, 'reg_lambda': 5.003407158420722e-06, 'min_child_weight': 2}. Best is trial 0 with value: 0.941747572815534.
[I 2026-03-24 15:33:40,524] Trial 407 finished with value: 0.941747572815534 and parameters: {'n_estimators': 800, 'max_depth': 21, 'learning_rate': 0.08325633580370814, 'reg_alpha': 0.0007803430258236567, 'reg_lambda': 2.525144827931696e-07, 'min_child_weight': 6}. Best is trial 0 with value: 0.941747572815534.
[I 2026-03-24 15:33:40,630] Trial 408 finished with value: 0.941747572815534 and parameters: {'n_estimators': 571, 'max_depth': 24, 'learning_rate': 0.003045918801426624, 'reg_alpha': 0.038768051737572286, 'reg_lambda': 0.00025878258439812477, 'min_child_weight': 10}. Best is trial 0 with value: 0.941747572815534.
[I 2026-03-24 15:33:40,700] Trial 409 finished with value: 0.941747572815534 and parameters: {'n_estimators': 314, 'max_depth': 17, 'learning_rate': 0.002593664420810712, 'reg_alpha': 0.007451469292434608, 'reg_lambda': 0.2765353465586411, 'min_child_weight': 9}. Best is trial 0 with value: 0.941747572815534.
[I 2026-03-24 15:33:40,845] Trial 410 finished with value: 0.941747572815534 and parameters: {'n_estimators': 858, 'max_depth': 33, 'learning_rate': 0.012649145535678506, 'reg_alpha': 0.0004443397349090869, 'reg_lambda': 9.457278143909536e-08, 'min_child_weight': 3}. Best is trial 0 with value: 0.941747572815534.
[I 2026-03-24 15:33:40,975] Trial 411 finished with value: 0.941747572815534 and parameters: {'n_estimators': 757, 'max_depth': 40, 'learning_rate': 0.009862454637470855, 'reg_alpha': 4.3537686552401634e-05, 'reg_lambda': 0.02312483959598096, 'min_child_weight': 9}. Best is trial 0 with value: 0.941747572815534.
[I 2026-03-24 15:33:41,066] Trial 412 finished with value: 0.941747572815534 and parameters: {'n_estimators': 472, 'max_depth': 13, 'learning_rate': 0.04887246581457172, 'reg_alpha': 0.017218830061094762, 'reg_lambda': 0.009767217812543479, 'min_child_weight': 5}. Best is trial 0 with value: 0.941747572815534.
[I 2026-03-24 15:33:41,230] Trial 413 finished with value: 0.941747572815534 and parameters: {'n_estimators': 1000, 'max_depth': 20, 'learning_rate': 0.037524330139314666, 'reg_alpha': 5.57034595790065e-06, 'reg_lambda': 0.0005194902399425251, 'min_child_weight': 7}. Best is trial 0 with value: 0.941747572815534.
