[I 2026-03-24 15:40:28,982] Trial 733 finished with value: 0.9154228855721394 and parameters: {'n_estimators': 600, 'max_depth': 44, 'learning_rate': 0.0075142660425044664, 'reg_alpha': 1.730265823586515e-05, 'reg_lambda': 0.0013431311659583133, 'min_child_weight': 5}. Best is trial 0 with value: 0.9154228855721394.
[I 2026-03-24 15:40:29,067] Trial 734 finished with value: 0.9154228855721394 and parameters: {'n_estimators': 445, 'max_depth': 49, 'learning_rate': 0.0036294346350680905, 'reg_alpha': 0.0001864128731487063, 'reg_lambda': 0.017110057715154864, 'min_child_weight': 6}. Best is trial 0 with value: 0.9154228855721394.
[I 2026-03-24 15:40:29,274] Trial 735 finished with value: 0.9154228855721394 and parameters: {'n_estimators': 921, 'max_depth': 26, 'learning_rate': 0.001150075262891631, 'reg_alpha': 0.5063614665180151, 'reg_lambda': 3.4546793544637383e-06, 'min_child_weight': 1}. Best is trial 0 with value: 0.9154228855721394.
[I 2026-03-24 15:40:29,332] Trial 736 finished with value: 0.9154228855721394 and parameters: {'n_estimators': 211, 'max_depth': 23, 'learning_rate': 0.03075719596026917, 'reg_alpha': 0.00059653035398199, 'reg_lambda': 1.6608271247727452e-06, 'min_child_weight': 2}. Best is trial 0 with value: 0.9154228855721394.
[I 2026-03-24 15:40:29,429] Trial 737 finished with value: 0.9154228855721394 and parameters: {'n_estimators': 548, 'max_depth': 39, 'learning_rate': 0.09028815500569667, 'reg_alpha': 3.6871498597735896e-06, 'reg_lambda': 1.1418974473204745e-07, 'min_child_weight': 7}. Best is trial 0 with value: 0.9154228855721394.
[I 2026-03-24 15:40:29,578] Trial 738 finished with value: 0.9154228855721394 and parameters: {'n_estimators': 966, 'max_depth': 41, 'learning_rate': 0.006330323778910551, 'reg_alpha': 0.009249363923482343, 'reg_lambda': 5.4782558974691436e-05, 'min_child_weight': 6}. Best is trial 0 with value: 0.9154228855721394.
[I 2026-03-24 15:40:29,713] Trial 739 finished with value: 0.9154228855721394 and parameters: {'n_estimators': 856, 'max_depth': 35, 'learning_rate': 0.0024116685480840595, 'reg_alpha': 0.25187176857238386, 'reg_lambda': 2.1652310150207368e-05, 'min_child_weight': 10}. Best is trial 0 with value: 0.9154228855721394.
[I 2026-03-24 15:40:29,777] Trial 740 finished with value: 0.9154228855721394 and parameters: {'n_estimators': 272, 'max_depth': 22, 'learning_rate': 0.010511437652007138, 'reg_alpha': 0.0004084764648081299, 'reg_lambda': 3.626265292942021e-05, 'min_child_weight': 4}. Best is trial 0 with value: 0.9154228855721394.
[I 2026-03-24 15:40:29,856] Trial 741 finished with value: 0.9154228855721394 and parameters: {'n_estimators': 389, 'max_depth': 7, 'learning_rate': 0.01656260536964895, 'reg_alpha': 0.07019375600633533, 'reg_lambda': 4.009292152968394e-07, 'min_child_weight': 8}. Best is trial 0 with value: 0.9154228855721394.
[I 2026-03-24 15:40:29,926] Trial 742 finished with value: 0.9154228855721394 and parameters: {'n_estimators': 320, 'max_depth': 47, 'learning_rate': 0.018548882881882885, 'reg_alpha': 0.0037103803276333654, 'reg_lambda': 0.0002437765566201943, 'min_child_weight': 3}. Best is trial 0 with value: 0.9154228855721394.
[I 2026-03-24 15:40:29,989] Trial 743 finished with value: 0.9154228855721394 and parameters: {'n_estimators': 260, 'max_depth': 12, 'learning_rate': 0.0048900121297412195, 'reg_alpha': 6.0980699471935e-06, 'reg_lambda': 0.4060108695007378, 'min_child_weight': 2}. Best is trial 0 with value: 0.9154228855721394.
[I 2026-03-24 15:40:30,049] Trial 744 finished with value: 0.9154228855721394 and parameters: {'n_estimators': 237, 'max_depth': 21, 'learning_rate': 0.012700983373302072, 'reg_alpha': 1.4528112847269986e-06, 'reg_lambda': 1.3038353497908568e-06, 'min_child_weight': 7}. Best is trial 0 with value: 0.9154228855721394.
[I 2026-03-24 15:40:30,137] Trial 745 finished with value: 0.9154228855721394 and parameters: {'n_estimators': 289, 'max_depth': 19, 'learning_rate': 0.003354383844965405, 'reg_alpha': 8.748700197705968e-07, 'reg_lambda': 7.67421647872422e-05, 'min_child_weight': 1}. Best is trial 0 with value: 0.9154228855721394.
[I 2026-03-24 15:40:30,282] Trial 746 finished with value: 0.9154228855721394 and parameters: {'n_estimators': 936, 'max_depth': 29, 'learning_rate': 0.04340572861695395, 'reg_alpha': 0.00493989741564983, 'reg_lambda': 5.872191869688625e-07, 'min_child_weight': 5}. Best is trial 0 with value: 0.9154228855721394.
[I 2026-03-24 15:40:30,384] Trial 747 finished with value: 0.9154228855721394 and parameters: {'n_estimators': 581, 'max_depth': 15, 'learning_rate': 0.00861959177942645, 'reg_alpha': 2.4223121149683177e-06, 'reg_lambda': 0.005411572689422356, 'min_child_weight': 9}. Best is trial 0 with value: 0.9154228855721394.
[I 2026-03-24 15:40:30,501] Trial 748 finished with value: 0.9154228855721394 and parameters: {'n_estimators': 703, 'max_depth': 38, 'learning_rate': 0.050304124469059616, 'reg_alpha': 0.0009243911415227882, 'reg_lambda': 9.870054713816252e-06, 'min_child_weight': 8}. Best is trial 0 with value: 0.9154228855721394.
[I 2026-03-24 15:40:30,653] Trial 749 finished with value: 0.9154228855721394 and parameters: {'n_estimators': 985, 'max_depth': 31, 'learning_rate': 0.00556511154527136, 'reg_alpha': 8.463639082351034e-05, 'reg_lambda': 0.00017114788436526203, 'min_child_weight': 5}. Best is trial 0 with value: 0.9154228855721394.
[I 2026-03-24 15:40:30,745] Trial 750 finished with value: 0.9154228855721394 and parameters: {'n_estimators': 494, 'max_depth': 25, 'learning_rate': 0.004364936258745743, 'reg_alpha': 0.014084877549801415, 'reg_lambda': 1.8802303913124737e-08, 'min_child_weight': 7}. Best is trial 0 with value: 0.9154228855721394.
[I 2026-03-24 15:40:30,826] Trial 751 finished with value: 0.9154228855721394 and parameters: {'n_estimators': 403, 'max_depth': 16, 'learning_rate': 0.08107457271585591, 'reg_alpha': 0.03184257729654596, 'reg_lambda': 9.350902727964867e-07, 'min_child_weight': 3}. Best is trial 0 with value: 0.9154228855721394.
[I 2026-03-24 15:40:30,882] Trial 752 finished with value: 0.9154228855721394 and parameters: {'n_estimators': 201, 'max_depth': 27, 'learning_rate': 0.011981032269659355, 'reg_alpha': 4.670245447167991e-07, 'reg_lambda': 4.8527346603912e-06, 'min_child_weight': 4}. Best is trial 0 with value: 0.9154228855721394.
[I 2026-03-24 15:40:31,002] Trial 753 finished with value: 0.9154228855721394 and parameters: {'n_estimators': 733, 'max_depth': 43, 'learning_rate': 0.07318303891054506, 'reg_alpha': 0.0015971262514486576, 'reg_lambda': 2.649736306324692e-06, 'min_child_weight': 6}. Best is trial 0 with value: 0.9154228855721394.
[I 2026-03-24 15:40:31,075] Trial 754 finished with value: 0.9154228855721394 and parameters: {'n_estimators': 344, 'max_depth': 45, 'learning_rate': 0.002927125767260595, 'reg_alpha': 7.82955847857316e-06, 'reg_lambda': 0.003021817293236202, 'min_child_weight': 8}. Best is trial 0 with value: 0.9154228855721394.
[I 2026-03-24 15:40:31,250] Trial 755 finished with value: 0.9154228855721394 and parameters: {'n_estimators': 892, 'max_depth': 39, 'learning_rate': 0.015495925210431088, 'reg_alpha': 0.00014235158444075274, 'reg_lambda': 8.096645413269445e-06, 'min_child_weight': 1}. Best is trial 0 with value: 0.9154228855721394.
[I 2026-03-24 15:40:31,344] Trial 756 finished with value: 0.9154228855721394 and parameters: {'n_estimators': 518, 'max_depth': 42, 'learning_rate': 0.007167179632056263, 'reg_alpha': 2.0349374193623852e-05, 'reg_lambda': 1.5222747420715598e-05, 'min_child_weight': 6}. Best is trial 0 with value: 0.9154228855721394.
[I 2026-03-24 15:40:31,470] Trial 757 finished with value: 0.9154228855721394 and parameters: {'n_estimators': 760, 'max_depth': 36, 'learning_rate': 0.006235236179416105, 'reg_alpha': 4.514703708273161e-06, 'reg_lambda': 0.00031275090009124767, 'min_child_weight': 5}. Best is trial 0 with value: 0.9154228855721394.
[I 2026-03-24 15:40:31,601] Trial 758 finished with value: 0.9154228855721394 and parameters: {'n_estimators': 803, 'max_depth': 33, 'learning_rate': 0.022280399444240154, 'reg_alpha': 6.47716700693729e-08, 'reg_lambda': 0.0008492079091508828, 'min_child_weight': 2}. Best is trial 0 with value: 0.9154228855721394.
[I 2026-03-24 15:40:31,709] Trial 759 finished with value: 0.9154228855721394 and parameters: {'n_estimators': 630, 'max_depth': 9, 'learning_rate': 0.0010513606063179187, 'reg_alpha': 0.169145066819988, 'reg_lambda': 9.857114542556175e-05, 'min_child_weight': 7}. Best is trial 0 with value: 0.9154228855721394.
[I 2026-03-24 15:40:31,856] Trial 760 finished with value: 0.9154228855721394 and parameters: {'n_estimators': 949, 'max_depth': 20, 'learning_rate': 0.0026955869509452425, 'reg_alpha': 0.055526070083529146, 'reg_lambda': 0.0004954099337340478, 'min_child_weight': 10}. Best is trial 0 with value: 0.9154228855721394.
[I 2026-03-24 15:40:31,970] Trial 761 finished with value: 0.9154228855721394 and parameters: {'n_estimators': 683, 'max_depth': 44, 'learning_rate': 0.0016844087161629567, 'reg_alpha': 0.006986622613179074, 'reg_lambda': 0.033747480238626816, 'min_child_weight': 3}. Best is trial 0 with value: 0.9154228855721394.
[I 2026-03-24 15:40:32,057] Trial 762 finished with value: 0.9154228855721394 and parameters: {'n_estimators': 458, 'max_depth': 34, 'learning_rate': 0.0012539825851327643, 'reg_alpha': 0.0002266771489557743, 'reg_lambda': 3.0047090209235947e-05, 'min_child_weight': 9}. Best is trial 0 with value: 0.9154228855721394.
[I 2026-03-24 15:40:32,152] Trial 763 finished with value: 0.9154228855721394 and parameters: {'n_estimators': 325, 'max_depth': 37, 'learning_rate': 0.017757561435557935, 'reg_alpha': 0.02175105370249145, 'reg_lambda': 0.22310087005934498, 'min_child_weight': 1}. Best is trial 0 with value: 0.9154228855721394.
[I 2026-03-24 15:40:32,284] Trial 764 finished with value: 0.9154228855721394 and parameters: {'n_estimators': 826, 'max_depth': 24, 'learning_rate': 0.010295576978683036, 'reg_alpha': 0.0003253437341706861, 'reg_lambda': 2.1372592386551905e-07, 'min_child_weight': 6}. Best is trial 0 with value: 0.9154228855721394.
[I 2026-03-24 15:40:32,347] Trial 765 finished with value: 0.9154228855721394 and parameters: {'n_estimators': 257, 'max_depth': 40, 'learning_rate': 0.013910692877555055, 'reg_alpha': 2.2294580117072265e-07, 'reg_lambda': 0.00013633631425072194, 'min_child_weight': 2}. Best is trial 0 with value: 0.9154228855721394.
[I 2026-03-24 15:40:32,423] Trial 766 finished with value: 0.9154228855721394 and parameters: {'n_estimators': 361, 'max_depth': 10, 'learning_rate': 0.002212193059069672, 'reg_alpha': 0.6246274637714968, 'reg_lambda': 2.2565324226659053e-08, 'min_child_weight': 8}. Best is trial 0 with value: 0.9154228855721394.
[I 2026-03-24 15:40:32,529] Trial 767 finished with value: 0.9154228855721394 and parameters: {'n_estimators': 597, 'max_depth': 32, 'learning_rate': 0.0014471894785204622, 'reg_alpha': 0.0005554229271969468, 'reg_lambda': 4.738288247764618e-07, 'min_child_weight': 7}. Best is trial 0 with value: 0.9154228855721394.
[I 2026-03-24 15:40:32,656] Trial 768 finished with value: 0.9154228855721394 and parameters: {'n_estimators': 782, 'max_depth': 50, 'learning_rate': 0.00909130114839974, 'reg_alpha': 4.08662971516133e-05, 'reg_lambda': 0.05667180713078232, 'min_child_weight': 5}. Best is trial 0 with value: 0.9154228855721394.
[I 2026-03-24 15:40:32,715] Trial 769 finished with value: 0.9154228855721394 and parameters: {'n_estimators': 218, 'max_depth': 14, 'learning_rate': 0.0052678318068252175, 'reg_alpha': 0.010246221109594392, 'reg_lambda': 6.729306245450181e-07, 'min_child_weight': 4}. Best is trial 0 with value: 0.9154228855721394.
[I 2026-03-24 15:40:32,783] Trial 770 finished with value: 0.9154228855721394 and parameters: {'n_estimators': 304, 'max_depth': 22, 'learning_rate': 0.00305151020939297, 'reg_alpha': 0.2881369283975266, 'reg_lambda': 4.749325058430787e-06, 'min_child_weight': 3}. Best is trial 0 with value: 0.9154228855721394.
[I 2026-03-24 15:40:32,860] Trial 771 finished with value: 0.9154228855721394 and parameters: {'n_estimators': 376, 'max_depth': 17, 'learning_rate': 0.02741740569809859, 'reg_alpha': 0.002165236869908468, 'reg_lambda': 2.319282881021466e-06, 'min_child_weight': 7}. Best is trial 0 with value: 0.9154228855721394.
[I 2026-03-24 15:40:33,015] Trial 772 finished with value: 0.9154228855721394 and parameters: {'n_estimators': 648, 'max_depth': 46, 'learning_rate': 0.007982638394753272, 'reg_alpha': 2.0702992498569306e-06, 'reg_lambda': 0.0018175195593543617, 'min_child_weight': 1}. Best is trial 0 with value: 0.9154228855721394.
[I 2026-03-24 15:40:33,154] Trial 773 finished with value: 0.9154228855721394 and parameters: {'n_estimators': 880, 'max_depth': 48, 'learning_rate': 0.019771982856143972, 'reg_alpha': 0.01653796528600443, 'reg_lambda': 1.1572303082307463e-06, 'min_child_weight': 10}. Best is trial 0 with value: 0.9154228855721394.
[I 2026-03-24 15:40:33,238] Trial 774 finished with value: 0.9154228855721394 and parameters: {'n_estimators': 436, 'max_depth': 36, 'learning_rate': 0.007299821164463733, 'reg_alpha': 1.2068133536204718e-05, 'reg_lambda': 0.013550129268635613, 'min_child_weight': 9}. Best is trial 0 with value: 0.9154228855721394.
[I 2026-03-24 15:40:33,299] Trial 775 finished with value: 0.9154228855721394 and parameters: {'n_estimators': 235, 'max_depth': 45, 'learning_rate': 0.004714763794680978, 'reg_alpha': 3.5885707951218837e-06, 'reg_lambda': 6.82862120648707e-08, 'min_child_weight': 5}. Best is trial 0 with value: 0.9154228855721394.
[I 2026-03-24 15:40:33,443] Trial 776 finished with value: 0.9154228855721394 and parameters: {'n_estimators': 915, 'max_depth': 37, 'learning_rate': 0.016230261909829843, 'reg_alpha': 1.734581922259245e-08, 'reg_lambda': 0.008404122416672943, 'min_child_weight': 6}. Best is trial 0 with value: 0.9154228855721394.
[I 2026-03-24 15:40:33,595] Trial 777 finished with value: 0.9154228855721394 and parameters: {'n_estimators': 969, 'max_depth': 49, 'learning_rate': 0.0038186385887026704, 'reg_alpha': 0.04308350410720989, 'reg_lambda': 0.00019524093259554322, 'min_child_weight': 7}. Best is trial 0 with value: 0.9154228855721394.
[I 2026-03-24 15:40:33,744] Trial 778 finished with value: 0.9154228855721394 and parameters: {'n_estimators': 616, 'max_depth': 41, 'learning_rate': 0.002508753910253185, 'reg_alpha': 0.09013831948902115, 'reg_lambda': 3.361095941619114e-07, 'min_child_weight': 1}. Best is trial 0 with value: 0.9154228855721394.
[I 2026-03-24 15:40:33,810] Trial 779 finished with value: 0.9154228855721394 and parameters: {'n_estimators': 284, 'max_depth': 25, 'learning_rate': 0.0068055207251700965, 'reg_alpha': 7.819868189202188e-06, 'reg_lambda': 0.003799616219195104, 'min_child_weight': 6}. Best is trial 0 with value: 0.9154228855721394.
[I 2026-03-24 15:40:33,907] Trial 780 finished with value: 0.9154228855721394 and parameters: {'n_estimators': 532, 'max_depth': 23, 'learning_rate': 0.030213797880626794, 'reg_alpha': 6.855595095146147e-07, 'reg_lambda': 1.2590296074048478e-08, 'min_child_weight': 4}. Best is trial 0 with value: 0.9154228855721394.
[I 2026-03-24 15:40:34,006] Trial 781 finished with value: 0.9154228855721394 and parameters: {'n_estimators': 556, 'max_depth': 26, 'learning_rate': 0.024085044894983726, 'reg_alpha': 0.994722285752586, 'reg_lambda': 2.0677143769325762e-05, 'min_child_weight': 5}. Best is trial 0 with value: 0.9154228855721394.
[I 2026-03-24 15:40:34,080] Trial 782 finished with value: 0.9154228855721394 and parameters: {'n_estimators': 337, 'max_depth': 27, 'learning_rate': 0.004221951958606511, 'reg_alpha': 5.73274501397296e-06, 'reg_lambda': 4.379483801221058e-05, 'min_child_weight': 3}. Best is trial 0 with value: 0.9154228855721394.
[I 2026-03-24 15:40:34,161] Trial 783 finished with value: 0.9154228855721394 and parameters: {'n_estimators': 411, 'max_depth': 28, 'learning_rate': 0.03645806387988959, 'reg_alpha': 0.00012251285867997014, 'reg_lambda': 6.391126549338051e-05, 'min_child_weight': 2}. Best is trial 0 with value: 0.9154228855721394.
[I 2026-03-24 15:40:34,252] Trial 784 finished with value: 0.9154228855721394 and parameters: {'n_estimators': 485, 'max_depth': 21, 'learning_rate': 0.005745803760322053, 'reg_alpha': 0.0011001244102622168, 'reg_lambda': 0.0011529803977725413, 'min_child_weight': 9}. Best is trial 0 with value: 0.9154228855721394.
[I 2026-03-24 15:40:34,322] Trial 785 finished with value: 0.9154228855721394 and parameters: {'n_estimators': 310, 'max_depth': 38, 'learning_rate': 0.011263842080858552, 'reg_alpha': 1.2119007527838576e-06, 'reg_lambda': 3.318097271068516e-08, 'min_child_weight': 8}. Best is trial 0 with value: 0.9154228855721394.
[I 2026-03-24 15:40:34,380] Trial 786 finished with value: 0.9154228855721394 and parameters: {'n_estimators': 214, 'max_depth': 34, 'learning_rate': 0.009707179484206947, 'reg_alpha': 0.0003746046681324033, 'reg_lambda': 0.000395154054662343, 'min_child_weight': 3}. Best is trial 0 with value: 0.9154228855721394.
[I 2026-03-24 15:40:34,442] Trial 787 finished with value: 0.9154228855721394 and parameters: {'n_estimators': 243, 'max_depth': 43, 'learning_rate': 0.00334231932149103, 'reg_alpha': 0.0007742783157187738, 'reg_lambda': 3.7209792814193043e-06, 'min_child_weight': 6}. Best is trial 0 with value: 0.9154228855721394.
[I 2026-03-24 15:40:34,562] Trial 788 finished with value: 0.9154228855721394 and parameters: {'n_estimators': 721, 'max_depth': 30, 'learning_rate': 0.002761725217752894, 'reg_alpha': 0.3844152892080761, 'reg_lambda': 1.3929103916493818e-06, 'min_child_weight': 7}. Best is trial 0 with value: 0.9154228855721394.
[I 2026-03-24 15:40:34,704] Trial 789 finished with value: 0.9154228855721394 and parameters: {'n_estimators': 746, 'max_depth': 46, 'learning_rate': 0.033400449891577776, 'reg_alpha': 0.00020249913351933697, 'reg_lambda': 1.2734593446741007e-05, 'min_child_weight': 1}. Best is trial 0 with value: 0.9154228855721394.
[I 2026-03-24 15:40:34,856] Trial 790 finished with value: 0.9154228855721394 and parameters: {'n_estimators': 987, 'max_depth': 18, 'learning_rate': 0.006434107421268924, 'reg_alpha': 5.4650316242389264e-05, 'reg_lambda': 8.378383447441607e-07, 'min_child_weight': 4}. Best is trial 0 with value: 0.9154228855721394.
[I 2026-03-24 15:40:34,968] Trial 791 finished with value: 0.9154228855721394 and parameters: {'n_estimators': 660, 'max_depth': 35, 'learning_rate': 0.017379917653810226, 'reg_alpha': 1.5135517337801617e-05, 'reg_lambda': 1.8300787375087299e-07, 'min_child_weight': 5}. Best is trial 0 with value: 0.9154228855721394.
[I 2026-03-24 15:40:35,034] Trial 792 finished with value: 0.9154228855721394 and parameters: {'n_estimators': 273, 'max_depth': 24, 'learning_rate': 0.002035775259239186, 'reg_alpha': 3.650146825795933e-07, 'reg_lambda': 6.55652494360633e-06, 'min_child_weight': 8}. Best is trial 0 with value: 0.9154228855721394.
[I 2026-03-24 15:40:35,168] Trial 793 finished with value: 0.9154228855721394 and parameters: {'n_estimators': 844, 'max_depth': 44, 'learning_rate': 0.05970573256961511, 'reg_alpha': 0.02470947789326492, 'reg_lambda': 2.006994449103983e-06, 'min_child_weight': 7}. Best is trial 0 with value: 0.9154228855721394.
[I 2026-03-24 15:40:35,243] Trial 794 finished with value: 0.9154228855721394 and parameters: {'n_estimators': 352, 'max_depth': 31, 'learning_rate': 0.00850839501756402, 'reg_alpha': 0.013198786551476088, 'reg_lambda': 0.0006454635440514562, 'min_child_weight': 10}. Best is trial 0 with value: 0.9154228855721394.
[I 2026-03-24 15:40:35,368] Trial 795 finished with value: 0.9154228855721394 and parameters: {'n_estimators': 767, 'max_depth': 42, 'learning_rate': 0.00238098165798816, 'reg_alpha': 1.0376411029195704e-08, 'reg_lambda': 0.00011719554532242035, 'min_child_weight': 6}. Best is trial 0 with value: 0.9154228855721394.
[I 2026-03-24 15:40:35,572] Trial 796 finished with value: 0.9154228855721394 and parameters: {'n_estimators': 903, 'max_depth': 48, 'learning_rate': 0.0011682438891719201, 'reg_alpha': 2.3415707011817634e-05, 'reg_lambda': 0.002123082769570923, 'min_child_weight': 1}. Best is trial 0 with value: 0.9154228855721394.
[I 2026-03-24 15:40:35,717] Trial 797 finished with value: 0.9154228855721394 and parameters: {'n_estimators': 928, 'max_depth': 11, 'learning_rate': 0.013310042235765462, 'reg_alpha': 0.12233396649469858, 'reg_lambda': 0.00022608518358120054, 'min_child_weight': 3}. Best is trial 0 with value: 0.9154228855721394.
[I 2026-03-24 15:40:35,800] Trial 798 finished with value: 0.9154228855721394 and parameters: {'n_estimators': 421, 'max_depth': 40, 'learning_rate': 0.00479878083759986, 'reg_alpha': 0.0033322539750660503, 'reg_lambda': 5.152571979496949e-08, 'min_child_weight': 5}. Best is trial 0 with value: 0.9154228855721394.
[I 2026-03-24 15:40:35,902] Trial 799 finished with value: 0.9154228855721394 and parameters: {'n_estimators': 581, 'max_depth': 8, 'learning_rate': 0.005332560967916466, 'reg_alpha': 2.8604590941239053e-06, 'reg_lambda': 1.0074143687140689e-08, 'min_child_weight': 2}. Best is trial 0 with value: 0.9154228855721394.

=== Split 2, k=40 Optuna Results ===
  Validation F1: 0.9154

=== Test Set Evaluation ===

Performance on Test set:
Accuracy: 0.8545
Recall: 1.0000
F1 Score: 0.9216

--- 采样数: 60 ---
CVT算法收敛, 迭代次数: 11
[I 2026-03-24 15:40:39,312] A new study created in memory with name: no-name-2fd251fa-3922-4881-9172-82baff9ca8eb
[I 2026-03-24 15:40:39,478] Trial 0 finished with value: 0.9154228855721394 and parameters: {'n_estimators': 995, 'max_depth': 41, 'learning_rate': 0.008098725370195365, 'reg_alpha': 0.004165557936462678, 'reg_lambda': 0.0031194635236955607, 'min_child_weight': 4}. Best is trial 0 with value: 0.9154228855721394.
