[I 2026-03-24 15:38:54,825] Trial 568 finished with value: 0.9154228855721394 and parameters: {'n_estimators': 899, 'max_depth': 31, 'learning_rate': 0.03579395150652806, 'reg_alpha': 0.003714880096276358, 'reg_lambda': 0.08146447378083921, 'min_child_weight': 7}. Best is trial 0 with value: 0.9154228855721394.
[I 2026-03-24 15:38:54,954] Trial 569 finished with value: 0.9154228855721394 and parameters: {'n_estimators': 919, 'max_depth': 19, 'learning_rate': 0.008312622600742132, 'reg_alpha': 3.1887870836374995e-08, 'reg_lambda': 1.3126002116758118e-05, 'min_child_weight': 3}. Best is trial 0 with value: 0.9154228855721394.
[I 2026-03-24 15:38:55,039] Trial 570 finished with value: 0.9154228855721394 and parameters: {'n_estimators': 524, 'max_depth': 7, 'learning_rate': 0.002400373652449412, 'reg_alpha': 0.3341066833492126, 'reg_lambda': 4.842945685162704e-05, 'min_child_weight': 10}. Best is trial 0 with value: 0.9154228855721394.
[I 2026-03-24 15:38:55,173] Trial 571 finished with value: 0.9154228855721394 and parameters: {'n_estimators': 973, 'max_depth': 17, 'learning_rate': 0.04743523196018389, 'reg_alpha': 0.06151787558518263, 'reg_lambda': 2.9386991340705857e-05, 'min_child_weight': 4}. Best is trial 0 with value: 0.9154228855721394.
[I 2026-03-24 15:38:55,247] Trial 572 finished with value: 0.9154228855721394 and parameters: {'n_estimators': 415, 'max_depth': 36, 'learning_rate': 0.019226961444813836, 'reg_alpha': 0.002383102108590073, 'reg_lambda': 7.761773042232647e-08, 'min_child_weight': 2}. Best is trial 0 with value: 0.9154228855721394.
[I 2026-03-24 15:38:55,324] Trial 573 finished with value: 0.9154228855721394 and parameters: {'n_estimators': 443, 'max_depth': 32, 'learning_rate': 0.001851036104752945, 'reg_alpha': 0.0007425539685844209, 'reg_lambda': 1.4660619826771827e-06, 'min_child_weight': 9}. Best is trial 0 with value: 0.9154228855721394.
[I 2026-03-24 15:38:55,455] Trial 574 finished with value: 0.9154228855721394 and parameters: {'n_estimators': 945, 'max_depth': 35, 'learning_rate': 0.0013915998094016506, 'reg_alpha': 9.950329875976733e-06, 'reg_lambda': 7.697837048617514e-05, 'min_child_weight': 6}. Best is trial 0 with value: 0.9154228855721394.
[I 2026-03-24 15:38:55,566] Trial 575 finished with value: 0.9154228855721394 and parameters: {'n_estimators': 767, 'max_depth': 26, 'learning_rate': 0.004124494894743426, 'reg_alpha': 0.08867240575550829, 'reg_lambda': 2.1385006398174527e-07, 'min_child_weight': 3}. Best is trial 0 with value: 0.9154228855721394.
[I 2026-03-24 15:38:55,650] Trial 576 finished with value: 0.9154228855721394 and parameters: {'n_estimators': 504, 'max_depth': 24, 'learning_rate': 0.003180319947303144, 'reg_alpha': 2.5573570507068654e-05, 'reg_lambda': 0.016552542282740015, 'min_child_weight': 5}. Best is trial 0 with value: 0.9154228855721394.
[I 2026-03-24 15:38:55,718] Trial 577 finished with value: 0.9154228855721394 and parameters: {'n_estimators': 365, 'max_depth': 41, 'learning_rate': 0.08311214302365381, 'reg_alpha': 0.0004038451884321327, 'reg_lambda': 3.3810235263726754e-08, 'min_child_weight': 7}. Best is trial 0 with value: 0.9154228855721394.
[I 2026-03-24 15:38:55,808] Trial 578 finished with value: 0.9154228855721394 and parameters: {'n_estimators': 561, 'max_depth': 49, 'learning_rate': 0.0011468914766206838, 'reg_alpha': 1.569675086383569e-05, 'reg_lambda': 0.0018272068999075131, 'min_child_weight': 1}. Best is trial 0 with value: 0.9154228855721394.
[I 2026-03-24 15:38:55,914] Trial 579 finished with value: 0.9154228855721394 and parameters: {'n_estimators': 710, 'max_depth': 34, 'learning_rate': 0.013659188309057189, 'reg_alpha': 0.00021116376119764867, 'reg_lambda': 4.492438966012492e-07, 'min_child_weight': 4}. Best is trial 0 with value: 0.9154228855721394.
[I 2026-03-24 15:38:56,037] Trial 580 finished with value: 0.9154228855721394 and parameters: {'n_estimators': 853, 'max_depth': 24, 'learning_rate': 0.0013116213685065476, 'reg_alpha': 1.9913553114415793e-08, 'reg_lambda': 0.0004874525999669943, 'min_child_weight': 8}. Best is trial 0 with value: 0.9154228855721394.
[I 2026-03-24 15:38:56,118] Trial 581 finished with value: 0.9154228855721394 and parameters: {'n_estimators': 486, 'max_depth': 29, 'learning_rate': 0.004820096380282413, 'reg_alpha': 2.861186138011516e-07, 'reg_lambda': 8.942204251538134e-06, 'min_child_weight': 9}. Best is trial 0 with value: 0.9154228855721394.
[I 2026-03-24 15:38:56,205] Trial 582 finished with value: 0.9154228855721394 and parameters: {'n_estimators': 538, 'max_depth': 27, 'learning_rate': 0.0028667920756678296, 'reg_alpha': 3.868805468912267e-06, 'reg_lambda': 0.15242256901265394, 'min_child_weight': 7}. Best is trial 0 with value: 0.9154228855721394.
[I 2026-03-24 15:38:56,344] Trial 583 finished with value: 0.9154228855721394 and parameters: {'n_estimators': 1000, 'max_depth': 25, 'learning_rate': 0.0020291917687288784, 'reg_alpha': 9.461985039401345e-05, 'reg_lambda': 0.0010025860851948037, 'min_child_weight': 10}. Best is trial 0 with value: 0.9154228855721394.
[I 2026-03-24 15:38:56,397] Trial 584 finished with value: 0.9154228855721394 and parameters: {'n_estimators': 221, 'max_depth': 30, 'learning_rate': 0.06387791923964053, 'reg_alpha': 0.14592006455447984, 'reg_lambda': 1.2240710784340572e-07, 'min_child_weight': 6}. Best is trial 0 with value: 0.9154228855721394.
[I 2026-03-24 15:38:56,461] Trial 585 finished with value: 0.9154228855721394 and parameters: {'n_estimators': 332, 'max_depth': 9, 'learning_rate': 0.0010837603401618581, 'reg_alpha': 0.5685485770041179, 'reg_lambda': 4.4017277442890224e-06, 'min_child_weight': 6}. Best is trial 0 with value: 0.9154228855721394.
[I 2026-03-24 15:38:56,538] Trial 586 finished with value: 0.9154228855721394 and parameters: {'n_estimators': 454, 'max_depth': 20, 'learning_rate': 0.001487192811706368, 'reg_alpha': 0.0013422760298978, 'reg_lambda': 1.3534482226848326e-08, 'min_child_weight': 7}. Best is trial 0 with value: 0.9154228855721394.
[I 2026-03-24 15:38:56,637] Trial 587 finished with value: 0.9154228855721394 and parameters: {'n_estimators': 683, 'max_depth': 47, 'learning_rate': 0.0017589521655944878, 'reg_alpha': 3.839431208895498e-05, 'reg_lambda': 5.738597388629672e-07, 'min_child_weight': 8}. Best is trial 0 with value: 0.9154228855721394.
[I 2026-03-24 15:38:56,726] Trial 588 finished with value: 0.9154228855721394 and parameters: {'n_estimators': 577, 'max_depth': 16, 'learning_rate': 0.003815209091284099, 'reg_alpha': 0.026065945261456988, 'reg_lambda': 1.080757435751059e-06, 'min_child_weight': 2}. Best is trial 0 with value: 0.9154228855721394.
[I 2026-03-24 15:38:56,820] Trial 589 finished with value: 0.9154228855721394 and parameters: {'n_estimators': 614, 'max_depth': 39, 'learning_rate': 0.0012407011197966564, 'reg_alpha': 8.937297845455989e-07, 'reg_lambda': 3.16919711984486e-07, 'min_child_weight': 3}. Best is trial 0 with value: 0.9154228855721394.
[I 2026-03-24 15:38:56,870] Trial 590 finished with value: 0.9154228855721394 and parameters: {'n_estimators': 205, 'max_depth': 22, 'learning_rate': 0.0025582423150202734, 'reg_alpha': 0.04319181629003274, 'reg_lambda': 6.623308034044382e-08, 'min_child_weight': 5}. Best is trial 0 with value: 0.9154228855721394.
[I 2026-03-24 15:38:56,925] Trial 591 finished with value: 0.9154228855721394 and parameters: {'n_estimators': 248, 'max_depth': 26, 'learning_rate': 0.07062362383992166, 'reg_alpha': 0.014255395411684257, 'reg_lambda': 0.00012116910379453546, 'min_child_weight': 9}. Best is trial 0 with value: 0.9154228855721394.
[I 2026-03-24 15:38:57,001] Trial 592 finished with value: 0.9154228855721394 and parameters: {'n_estimators': 430, 'max_depth': 38, 'learning_rate': 0.0061400887012686535, 'reg_alpha': 0.25954121292776394, 'reg_lambda': 2.317687196091802e-05, 'min_child_weight': 1}. Best is trial 0 with value: 0.9154228855721394.
[I 2026-03-24 15:38:57,071] Trial 593 finished with value: 0.9154228855721394 and parameters: {'n_estimators': 395, 'max_depth': 15, 'learning_rate': 0.012188583409410762, 'reg_alpha': 7.763897872242099e-08, 'reg_lambda': 0.003071766144832208, 'min_child_weight': 8}. Best is trial 0 with value: 0.9154228855721394.
[I 2026-03-24 15:38:57,179] Trial 594 finished with value: 0.9154228855721394 and parameters: {'n_estimators': 752, 'max_depth': 40, 'learning_rate': 0.010036457245422905, 'reg_alpha': 0.00025423871688156046, 'reg_lambda': 2.2494891370804295e-08, 'min_child_weight': 5}. Best is trial 0 with value: 0.9154228855721394.
[I 2026-03-24 15:38:57,277] Trial 595 finished with value: 0.9154228855721394 and parameters: {'n_estimators': 662, 'max_depth': 48, 'learning_rate': 0.022004344689722743, 'reg_alpha': 7.206327881469005e-06, 'reg_lambda': 4.6044343685722615e-08, 'min_child_weight': 4}. Best is trial 0 with value: 0.9154228855721394.
[I 2026-03-24 15:38:57,372] Trial 596 finished with value: 0.9154228855721394 and parameters: {'n_estimators': 632, 'max_depth': 29, 'learning_rate': 0.007632747107276812, 'reg_alpha': 0.004768597540339414, 'reg_lambda': 1.0117004209252052e-08, 'min_child_weight': 7}. Best is trial 0 with value: 0.9154228855721394.
[I 2026-03-24 15:38:57,432] Trial 597 finished with value: 0.9154228855721394 and parameters: {'n_estimators': 280, 'max_depth': 12, 'learning_rate': 0.0016946722674263152, 'reg_alpha': 0.00015444959339250245, 'reg_lambda': 1.7615934133965243e-07, 'min_child_weight': 10}. Best is trial 0 with value: 0.9154228855721394.
[I 2026-03-24 15:38:57,558] Trial 598 finished with value: 0.9154228855721394 and parameters: {'n_estimators': 884, 'max_depth': 33, 'learning_rate': 0.0010065144018052505, 'reg_alpha': 0.0005388875806875488, 'reg_lambda': 6.9137507357286655e-06, 'min_child_weight': 6}. Best is trial 0 with value: 0.9154228855721394.
[I 2026-03-24 15:38:57,690] Trial 599 finished with value: 0.9154228855721394 and parameters: {'n_estimators': 932, 'max_depth': 45, 'learning_rate': 0.002328534248810785, 'reg_alpha': 0.09388255660857389, 'reg_lambda': 1.4973015535152116e-05, 'min_child_weight': 7}. Best is trial 0 with value: 0.9154228855721394.
[I 2026-03-24 15:38:57,757] Trial 600 finished with value: 0.9154228855721394 and parameters: {'n_estimators': 356, 'max_depth': 13, 'learning_rate': 0.0035356656219000227, 'reg_alpha': 0.001741378377808844, 'reg_lambda': 9.806127355714286e-08, 'min_child_weight': 8}. Best is trial 0 with value: 0.9154228855721394.
[I 2026-03-24 15:38:57,862] Trial 601 finished with value: 0.9154228855721394 and parameters: {'n_estimators': 697, 'max_depth': 18, 'learning_rate': 0.006868489777939493, 'reg_alpha': 0.4593331932411073, 'reg_lambda': 0.00481211508864022, 'min_child_weight': 6}. Best is trial 0 with value: 0.9154228855721394.
[I 2026-03-24 15:38:57,956] Trial 602 finished with value: 0.9154228855721394 and parameters: {'n_estimators': 597, 'max_depth': 28, 'learning_rate': 0.0012197815636338523, 'reg_alpha': 1.4838899377995624e-06, 'reg_lambda': 1.9236052011110937e-06, 'min_child_weight': 3}. Best is trial 0 with value: 0.9154228855721394.
[I 2026-03-24 15:38:58,094] Trial 603 finished with value: 0.9154228855721394 and parameters: {'n_estimators': 984, 'max_depth': 42, 'learning_rate': 0.004522042386488825, 'reg_alpha': 0.002657430782918462, 'reg_lambda': 7.700653933308103e-07, 'min_child_weight': 1}. Best is trial 0 with value: 0.9154228855721394.
[I 2026-03-24 15:38:58,165] Trial 604 finished with value: 0.9154228855721394 and parameters: {'n_estimators': 379, 'max_depth': 24, 'learning_rate': 0.0015377363629960727, 'reg_alpha': 9.090449724328796e-05, 'reg_lambda': 0.00022121726297981615, 'min_child_weight': 9}. Best is trial 0 with value: 0.9154228855721394.
[I 2026-03-24 15:38:58,293] Trial 605 finished with value: 0.9154228855721394 and parameters: {'n_estimators': 909, 'max_depth': 44, 'learning_rate': 0.0010890939786982951, 'reg_alpha': 0.008633750342823984, 'reg_lambda': 5.6997382990126345e-05, 'min_child_weight': 3}. Best is trial 0 with value: 0.9154228855721394.
[I 2026-03-24 15:38:58,413] Trial 606 finished with value: 0.9154228855721394 and parameters: {'n_estimators': 840, 'max_depth': 26, 'learning_rate': 0.003104680361835642, 'reg_alpha': 5.319952097659143e-06, 'reg_lambda': 0.0008162826104531969, 'min_child_weight': 4}. Best is trial 0 with value: 0.9154228855721394.
[I 2026-03-24 15:38:58,489] Trial 607 finished with value: 0.9154228855721394 and parameters: {'n_estimators': 417, 'max_depth': 21, 'learning_rate': 0.031645739381242356, 'reg_alpha': 6.325111412786854e-05, 'reg_lambda': 0.008018344989794047, 'min_child_weight': 6}. Best is trial 0 with value: 0.9154228855721394.
[I 2026-03-24 15:38:58,623] Trial 608 finished with value: 0.9154228855721394 and parameters: {'n_estimators': 956, 'max_depth': 16, 'learning_rate': 0.009044490681320102, 'reg_alpha': 0.6977734061068972, 'reg_lambda': 2.553484713660724e-07, 'min_child_weight': 10}. Best is trial 0 with value: 0.9154228855721394.
[I 2026-03-24 15:38:58,674] Trial 609 finished with value: 0.9154228855721394 and parameters: {'n_estimators': 200, 'max_depth': 32, 'learning_rate': 0.001959450137299569, 'reg_alpha': 0.9690294666484173, 'reg_lambda': 1.7144775222532256e-05, 'min_child_weight': 5}. Best is trial 0 with value: 0.9154228855721394.
[I 2026-03-24 15:38:58,738] Trial 610 finished with value: 0.9154228855721394 and parameters: {'n_estimators': 309, 'max_depth': 23, 'learning_rate': 0.0013331825924358047, 'reg_alpha': 0.17030349033728062, 'reg_lambda': 5.357638766311033e-06, 'min_child_weight': 8}. Best is trial 0 with value: 0.9154228855721394.
[I 2026-03-24 15:38:58,818] Trial 611 finished with value: 0.9154228855721394 and parameters: {'n_estimators': 471, 'max_depth': 10, 'learning_rate': 0.05559526492102604, 'reg_alpha': 1.1985490784155157e-08, 'reg_lambda': 2.752927774530684e-06, 'min_child_weight': 7}. Best is trial 0 with value: 0.9154228855721394.
[I 2026-03-24 15:38:58,926] Trial 612 finished with value: 0.9154228855721394 and parameters: {'n_estimators': 725, 'max_depth': 27, 'learning_rate': 0.005621686326413299, 'reg_alpha': 1.265054309800419e-05, 'reg_lambda': 0.0519725178290037, 'min_child_weight': 2}. Best is trial 0 with value: 0.9154228855721394.
[I 2026-03-24 15:38:59,014] Trial 613 finished with value: 0.9154228855721394 and parameters: {'n_estimators': 532, 'max_depth': 48, 'learning_rate': 0.0011267766350657395, 'reg_alpha': 2.8484300298470854e-08, 'reg_lambda': 1.046839975545364e-05, 'min_child_weight': 8}. Best is trial 0 with value: 0.9154228855721394.
[I 2026-03-24 15:38:59,106] Trial 614 finished with value: 0.9154228855721394 and parameters: {'n_estimators': 573, 'max_depth': 35, 'learning_rate': 0.08821739725488888, 'reg_alpha': 0.0003639217754423884, 'reg_lambda': 4.10618218081746e-07, 'min_child_weight': 4}. Best is trial 0 with value: 0.9154228855721394.
[I 2026-03-24 15:38:59,207] Trial 615 finished with value: 0.9154228855721394 and parameters: {'n_estimators': 643, 'max_depth': 25, 'learning_rate': 0.01656905114427226, 'reg_alpha': 0.06058211841698713, 'reg_lambda': 1.1942969932510455e-06, 'min_child_weight': 9}. Best is trial 0 with value: 0.9154228855721394.
[I 2026-03-24 15:38:59,322] Trial 616 finished with value: 0.9154228855721394 and parameters: {'n_estimators': 785, 'max_depth': 22, 'learning_rate': 0.0016455305722567154, 'reg_alpha': 2.540598613843738e-06, 'reg_lambda': 5.58224604788648e-08, 'min_child_weight': 7}. Best is trial 0 with value: 0.9154228855721394.
[I 2026-03-24 15:38:59,412] Trial 617 finished with value: 0.9154228855721394 and parameters: {'n_estimators': 553, 'max_depth': 28, 'learning_rate': 0.026892179957784527, 'reg_alpha': 0.003575161607934782, 'reg_lambda': 0.00016077234718667643, 'min_child_weight': 10}. Best is trial 0 with value: 0.9154228855721394.
[I 2026-03-24 15:38:59,531] Trial 618 finished with value: 0.9154228855721394 and parameters: {'n_estimators': 813, 'max_depth': 19, 'learning_rate': 0.043119619339995266, 'reg_alpha': 0.12032152248514272, 'reg_lambda': 9.837053164929517e-05, 'min_child_weight': 1}. Best is trial 0 with value: 0.9154228855721394.
[I 2026-03-24 15:38:59,615] Trial 619 finished with value: 0.9154228855721394 and parameters: {'n_estimators': 498, 'max_depth': 49, 'learning_rate': 0.005075722252715259, 'reg_alpha': 0.00015284125612526634, 'reg_lambda': 1.4136458828965598e-07, 'min_child_weight': 3}. Best is trial 0 with value: 0.9154228855721394.
[I 2026-03-24 15:38:59,689] Trial 620 finished with value: 0.9154228855721394 and parameters: {'n_estimators': 406, 'max_depth': 41, 'learning_rate': 0.0014426276831519113, 'reg_alpha': 0.000736811298240445, 'reg_lambda': 6.062474931166827e-07, 'min_child_weight': 6}. Best is trial 0 with value: 0.9154228855721394.
[I 2026-03-24 15:38:59,744] Trial 621 finished with value: 0.9154228855721394 and parameters: {'n_estimators': 236, 'max_depth': 50, 'learning_rate': 0.002121889275902749, 'reg_alpha': 0.308893497392678, 'reg_lambda': 0.0022967457610541336, 'min_child_weight': 8}. Best is trial 0 with value: 0.9154228855721394.
[I 2026-03-24 15:38:59,855] Trial 622 finished with value: 0.9154228855721394 and parameters: {'n_estimators': 740, 'max_depth': 31, 'learning_rate': 0.002682563615299324, 'reg_alpha': 0.006174340760444501, 'reg_lambda': 3.889480189903145e-05, 'min_child_weight': 5}. Best is trial 0 with value: 0.9154228855721394.
[I 2026-03-24 15:38:59,982] Trial 623 finished with value: 0.9154228855721394 and parameters: {'n_estimators': 891, 'max_depth': 8, 'learning_rate': 0.011232918774267334, 'reg_alpha': 0.00027624929699427846, 'reg_lambda': 1.792276186809547e-08, 'min_child_weight': 6}. Best is trial 0 with value: 0.9154228855721394.
[I 2026-03-24 15:39:00,076] Trial 624 finished with value: 0.9154228855721394 and parameters: {'n_estimators': 590, 'max_depth': 42, 'learning_rate': 0.003373303186524975, 'reg_alpha': 1.0203124933976084e-07, 'reg_lambda': 3.5183784862913826e-08, 'min_child_weight': 7}. Best is trial 0 with value: 0.9154228855721394.
[I 2026-03-24 15:39:00,153] Trial 625 finished with value: 0.9154228855721394 and parameters: {'n_estimators': 438, 'max_depth': 33, 'learning_rate': 0.00426139411155009, 'reg_alpha': 0.001014996022658311, 'reg_lambda': 0.011858022791715482, 'min_child_weight': 3}. Best is trial 0 with value: 0.9154228855721394.
[I 2026-03-24 15:39:00,212] Trial 626 finished with value: 0.9154228855721394 and parameters: {'n_estimators': 261, 'max_depth': 40, 'learning_rate': 0.09985542701382802, 'reg_alpha': 0.029218746078920794, 'reg_lambda': 0.0014973589256687839, 'min_child_weight': 8}. Best is trial 0 with value: 0.9154228855721394.
[I 2026-03-24 15:39:00,283] Trial 627 finished with value: 0.9154228855721394 and parameters: {'n_estimators': 380, 'max_depth': 25, 'learning_rate': 0.0012722946077354663, 'reg_alpha': 2.2764119028981957e-05, 'reg_lambda': 3.599959832398756e-06, 'min_child_weight': 2}. Best is trial 0 with value: 0.9154228855721394.
[I 2026-03-24 15:39:00,406] Trial 628 finished with value: 0.9154228855721394 and parameters: {'n_estimators': 854, 'max_depth': 46, 'learning_rate': 0.0038428573809189577, 'reg_alpha': 0.0019893201494042287, 'reg_lambda': 8.116985564970088e-08, 'min_child_weight': 4}. Best is trial 0 with value: 0.9154228855721394.
[I 2026-03-24 15:39:00,474] Trial 629 finished with value: 0.9154228855721394 and parameters: {'n_estimators': 349, 'max_depth': 37, 'learning_rate': 0.001824785854695662, 'reg_alpha': 2.1019592114532938e-07, 'reg_lambda': 2.7396483639291244e-05, 'min_child_weight': 9}. Best is trial 0 with value: 0.9154228855721394.
[I 2026-03-24 15:39:00,570] Trial 630 finished with value: 0.9154228855721394 and parameters: {'n_estimators': 616, 'max_depth': 27, 'learning_rate': 0.014389421013897336, 'reg_alpha': 3.939443843368668e-06, 'reg_lambda': 1.7204276422708932e-06, 'min_child_weight': 10}. Best is trial 0 with value: 0.9154228855721394.
[I 2026-03-24 15:39:00,706] Trial 631 finished with value: 0.9154228855721394 and parameters: {'n_estimators': 972, 'max_depth': 30, 'learning_rate': 0.006616488367411528, 'reg_alpha': 4.335520860881168e-05, 'reg_lambda': 9.044857658624468e-07, 'min_child_weight': 7}. Best is trial 0 with value: 0.9154228855721394.
[I 2026-03-24 15:39:00,808] Trial 632 finished with value: 0.9154228855721394 and parameters: {'n_estimators': 663, 'max_depth': 14, 'learning_rate': 0.002954153314630012, 'reg_alpha': 0.21742598496989188, 'reg_lambda': 0.003966477601480083, 'min_child_weight': 1}. Best is trial 0 with value: 0.9154228855721394.
[I 2026-03-24 15:39:00,929] Trial 633 finished with value: 0.9154228855721394 and parameters: {'n_estimators': 826, 'max_depth': 29, 'learning_rate': 0.0011738828823763512, 'reg_alpha': 0.00011625461951398032, 'reg_lambda': 2.0025161758561536e-07, 'min_child_weight': 8}. Best is trial 0 with value: 0.9154228855721394.
[I 2026-03-24 15:39:01,009] Trial 634 finished with value: 0.9154228855721394 and parameters: {'n_estimators': 458, 'max_depth': 23, 'learning_rate': 0.059631265564547356, 'reg_alpha': 5.426890277754277e-08, 'reg_lambda': 8.929956796298666e-06, 'min_child_weight': 5}. Best is trial 0 with value: 0.9154228855721394.
[I 2026-03-24 15:39:01,100] Trial 635 finished with value: 0.9154228855721394 and parameters: {'n_estimators': 563, 'max_depth': 43, 'learning_rate': 0.07301041852632162, 'reg_alpha': 0.016523558287560573, 'reg_lambda': 0.4018641663674069, 'min_child_weight': 6}. Best is trial 0 with value: 0.9154228855721394.
[I 2026-03-24 15:39:01,186] Trial 636 finished with value: 0.9154228855721394 and parameters: {'n_estimators': 514, 'max_depth': 47, 'learning_rate': 0.050522010828598245, 'reg_alpha': 1.7972066316853226e-08, 'reg_lambda': 2.3081870964080545e-08, 'min_child_weight': 7}. Best is trial 0 with value: 0.9154228855721394.
