[I 2026-03-24 15:38:05,313] Trial 16 finished with value: 0.9154228855721394 and parameters: {'n_estimators': 871, 'max_depth': 7, 'learning_rate': 0.0060683819889347426, 'reg_alpha': 9.653802815059964e-06, 'reg_lambda': 7.921016475344625e-06, 'min_child_weight': 1}. Best is trial 0 with value: 0.9154228855721394.
[I 2026-03-24 15:38:05,398] Trial 17 finished with value: 0.9154228855721394 and parameters: {'n_estimators': 669, 'max_depth': 43, 'learning_rate': 0.001954070116817526, 'reg_alpha': 2.307749430138639e-08, 'reg_lambda': 0.0014695510880839884, 'min_child_weight': 8}. Best is trial 0 with value: 0.9154228855721394.
[I 2026-03-24 15:38:05,449] Trial 18 finished with value: 0.9154228855721394 and parameters: {'n_estimators': 322, 'max_depth': 30, 'learning_rate': 0.005389105679325685, 'reg_alpha': 0.08841857534086775, 'reg_lambda': 0.0003360806059091624, 'min_child_weight': 6}. Best is trial 0 with value: 0.9154228855721394.
[I 2026-03-24 15:38:05,562] Trial 19 finished with value: 0.9154228855721394 and parameters: {'n_estimators': 887, 'max_depth': 23, 'learning_rate': 0.0023600421053870573, 'reg_alpha': 3.463386309083495e-07, 'reg_lambda': 1.6945967241880926e-06, 'min_child_weight': 4}. Best is trial 0 with value: 0.9154228855721394.
[I 2026-03-24 15:38:05,643] Trial 20 finished with value: 0.9154228855721394 and parameters: {'n_estimators': 632, 'max_depth': 50, 'learning_rate': 0.010143251550878156, 'reg_alpha': 0.0005256002201708042, 'reg_lambda': 6.109390637799492e-08, 'min_child_weight': 8}. Best is trial 0 with value: 0.9154228855721394.
[I 2026-03-24 15:38:05,701] Trial 21 finished with value: 0.9154228855721394 and parameters: {'n_estimators': 393, 'max_depth': 25, 'learning_rate': 0.001013848406076949, 'reg_alpha': 0.003489963867900212, 'reg_lambda': 4.892953483847424e-07, 'min_child_weight': 7}. Best is trial 0 with value: 0.9154228855721394.
[I 2026-03-24 15:38:05,740] Trial 22 finished with value: 0.9154228855721394 and parameters: {'n_estimators': 215, 'max_depth': 30, 'learning_rate': 0.001352122962929479, 'reg_alpha': 0.0030221211695912083, 'reg_lambda': 2.2231909125918743e-05, 'min_child_weight': 7}. Best is trial 0 with value: 0.9154228855721394.
[I 2026-03-24 15:38:05,791] Trial 23 finished with value: 0.9154228855721394 and parameters: {'n_estimators': 327, 'max_depth': 16, 'learning_rate': 0.001549109274411451, 'reg_alpha': 0.1454667812052161, 'reg_lambda': 1.6656941943709374e-06, 'min_child_weight': 9}. Best is trial 0 with value: 0.9154228855721394.
[I 2026-03-24 15:38:05,852] Trial 24 finished with value: 0.9154228855721394 and parameters: {'n_estimators': 419, 'max_depth': 26, 'learning_rate': 0.0010125504394736943, 'reg_alpha': 2.750575852043507e-05, 'reg_lambda': 8.040004299866055e-08, 'min_child_weight': 6}. Best is trial 0 with value: 0.9154228855721394.
[I 2026-03-24 15:38:05,900] Trial 25 finished with value: 0.9154228855721394 and parameters: {'n_estimators': 298, 'max_depth': 35, 'learning_rate': 0.0029901384300410274, 'reg_alpha': 0.01220814805432864, 'reg_lambda': 1.3598728461658241e-06, 'min_child_weight': 9}. Best is trial 0 with value: 0.9154228855721394.
[I 2026-03-24 15:38:05,969] Trial 26 finished with value: 0.9154228855721394 and parameters: {'n_estimators': 484, 'max_depth': 29, 'learning_rate': 0.004185372413874007, 'reg_alpha': 0.0019671084287591076, 'reg_lambda': 1.9591781306523604e-05, 'min_child_weight': 4}. Best is trial 0 with value: 0.9154228855721394.
[I 2026-03-24 15:38:06,085] Trial 27 finished with value: 0.9154228855721394 and parameters: {'n_estimators': 917, 'max_depth': 38, 'learning_rate': 0.0015329778141338361, 'reg_alpha': 0.00037126646211950665, 'reg_lambda': 5.910495196937161e-08, 'min_child_weight': 7}. Best is trial 0 with value: 0.9154228855721394.
[I 2026-03-24 15:38:06,182] Trial 28 finished with value: 0.9154228855721394 and parameters: {'n_estimators': 738, 'max_depth': 44, 'learning_rate': 0.0021726419992260516, 'reg_alpha': 0.031201100115979184, 'reg_lambda': 0.0003145729999466418, 'min_child_weight': 2}. Best is trial 0 with value: 0.9154228855721394.
[I 2026-03-24 15:38:06,259] Trial 29 finished with value: 0.9154228855721394 and parameters: {'n_estimators': 557, 'max_depth': 23, 'learning_rate': 0.002750814766098502, 'reg_alpha': 0.005840701843852149, 'reg_lambda': 3.2156429446198033e-07, 'min_child_weight': 6}. Best is trial 0 with value: 0.9154228855721394.
[I 2026-03-24 15:38:06,316] Trial 30 finished with value: 0.9154228855721394 and parameters: {'n_estimators': 374, 'max_depth': 32, 'learning_rate': 0.0014378098827466754, 'reg_alpha': 3.9266243122671036e-05, 'reg_lambda': 3.934273965990943e-07, 'min_child_weight': 5}. Best is trial 0 with value: 0.9154228855721394.
[I 2026-03-24 15:38:06,393] Trial 31 finished with value: 0.9154228855721394 and parameters: {'n_estimators': 552, 'max_depth': 45, 'learning_rate': 0.030035660502733146, 'reg_alpha': 3.7196453874138056e-06, 'reg_lambda': 2.0282461791525297e-06, 'min_child_weight': 7}. Best is trial 0 with value: 0.9154228855721394.
[I 2026-03-24 15:38:06,462] Trial 32 finished with value: 0.9154228855721394 and parameters: {'n_estimators': 457, 'max_depth': 40, 'learning_rate': 0.03979130810463927, 'reg_alpha': 1.0650586385034642e-06, 'reg_lambda': 1.4244292446388695e-07, 'min_child_weight': 8}. Best is trial 0 with value: 0.9154228855721394.
[I 2026-03-24 15:38:06,538] Trial 33 finished with value: 0.9154228855721394 and parameters: {'n_estimators': 534, 'max_depth': 47, 'learning_rate': 0.01515675958192448, 'reg_alpha': 9.374709240313431e-08, 'reg_lambda': 2.6508745848416702e-08, 'min_child_weight': 6}. Best is trial 0 with value: 0.9154228855721394.
[I 2026-03-24 15:38:06,620] Trial 34 finished with value: 0.9154228855721394 and parameters: {'n_estimators': 597, 'max_depth': 38, 'learning_rate': 0.09965978502964513, 'reg_alpha': 2.1993035290846018e-05, 'reg_lambda': 6.972472277884203e-07, 'min_child_weight': 5}. Best is trial 0 with value: 0.9154228855721394.
[I 2026-03-24 15:38:06,712] Trial 35 finished with value: 0.9154228855721394 and parameters: {'n_estimators': 689, 'max_depth': 50, 'learning_rate': 0.009054948221249599, 'reg_alpha': 0.3361951123808451, 'reg_lambda': 5.4633858305681115e-06, 'min_child_weight': 7}. Best is trial 0 with value: 0.9154228855721394.
[I 2026-03-24 15:38:06,818] Trial 36 finished with value: 0.9154228855721394 and parameters: {'n_estimators': 814, 'max_depth': 47, 'learning_rate': 0.025604049637948698, 'reg_alpha': 1.598305732938155e-06, 'reg_lambda': 0.000109779896947428, 'min_child_weight': 3}. Best is trial 0 with value: 0.9154228855721394.
[I 2026-03-24 15:38:06,890] Trial 37 finished with value: 0.9154228855721394 and parameters: {'n_estimators': 512, 'max_depth': 16, 'learning_rate': 0.021661946152786757, 'reg_alpha': 0.0013434256174370254, 'reg_lambda': 0.0536307467325723, 'min_child_weight': 9}. Best is trial 0 with value: 0.9154228855721394.
[I 2026-03-24 15:38:06,970] Trial 38 finished with value: 0.9154228855721394 and parameters: {'n_estimators': 589, 'max_depth': 41, 'learning_rate': 0.0991156270307955, 'reg_alpha': 0.00012260091041896255, 'reg_lambda': 3.311779045561533e-05, 'min_child_weight': 6}. Best is trial 0 with value: 0.9154228855721394.
[I 2026-03-24 15:38:07,015] Trial 39 finished with value: 0.9154228855721394 and parameters: {'n_estimators': 258, 'max_depth': 27, 'learning_rate': 0.00416503374950156, 'reg_alpha': 1.0180425775326444e-07, 'reg_lambda': 1.948129627874607e-07, 'min_child_weight': 8}. Best is trial 0 with value: 0.9154228855721394.
[I 2026-03-24 15:38:07,100] Trial 40 finished with value: 0.9154228855721394 and parameters: {'n_estimators': 628, 'max_depth': 24, 'learning_rate': 0.01004668925244278, 'reg_alpha': 0.8422039251370289, 'reg_lambda': 2.8198999075087452e-08, 'min_child_weight': 3}. Best is trial 0 with value: 0.9154228855721394.
[I 2026-03-24 15:38:07,167] Trial 41 finished with value: 0.9154228855721394 and parameters: {'n_estimators': 470, 'max_depth': 45, 'learning_rate': 0.05961773267974561, 'reg_alpha': 0.017732619436088424, 'reg_lambda': 8.634552264882465e-05, 'min_child_weight': 7}. Best is trial 0 with value: 0.9154228855721394.
[I 2026-03-24 15:38:07,231] Trial 42 finished with value: 0.9154228855721394 and parameters: {'n_estimators': 427, 'max_depth': 36, 'learning_rate': 0.015320774564933618, 'reg_alpha': 0.00675622084053814, 'reg_lambda': 8.067068390263793e-06, 'min_child_weight': 5}. Best is trial 0 with value: 0.9154228855721394.
[I 2026-03-24 15:38:07,287] Trial 43 finished with value: 0.9154228855721394 and parameters: {'n_estimators': 362, 'max_depth': 43, 'learning_rate': 0.04427050181485474, 'reg_alpha': 0.04017392528112451, 'reg_lambda': 0.000594184790391487, 'min_child_weight': 8}. Best is trial 0 with value: 0.9154228855721394.
[I 2026-03-24 15:38:07,351] Trial 44 finished with value: 0.9154228855721394 and parameters: {'n_estimators': 446, 'max_depth': 20, 'learning_rate': 0.0012048329571355764, 'reg_alpha': 0.22887442370772576, 'reg_lambda': 5.075778844170409e-05, 'min_child_weight': 2}. Best is trial 0 with value: 0.9154228855721394.
[I 2026-03-24 15:38:07,424] Trial 45 finished with value: 0.9154228855721394 and parameters: {'n_estimators': 508, 'max_depth': 32, 'learning_rate': 0.001673897207741842, 'reg_alpha': 0.00024032269307200515, 'reg_lambda': 0.013327208185118952, 'min_child_weight': 9}. Best is trial 0 with value: 0.9154228855721394.
[I 2026-03-24 15:38:07,470] Trial 46 finished with value: 0.9154228855721394 and parameters: {'n_estimators': 274, 'max_depth': 39, 'learning_rate': 0.07383656076069993, 'reg_alpha': 0.0007214014730019888, 'reg_lambda': 3.425095032713819e-06, 'min_child_weight': 7}. Best is trial 0 with value: 0.9154228855721394.
[I 2026-03-24 15:38:07,568] Trial 47 finished with value: 0.9154228855721394 and parameters: {'n_estimators': 722, 'max_depth': 42, 'learning_rate': 0.007790032432409823, 'reg_alpha': 0.054693378757703574, 'reg_lambda': 8.695864304901596e-07, 'min_child_weight': 6}. Best is trial 0 with value: 0.9154228855721394.
[I 2026-03-24 15:38:07,671] Trial 48 finished with value: 0.9154228855721394 and parameters: {'n_estimators': 787, 'max_depth': 34, 'learning_rate': 0.012423977272738224, 'reg_alpha': 0.010133224041617303, 'reg_lambda': 0.00016850650353597647, 'min_child_weight': 10}. Best is trial 0 with value: 0.9154228855721394.
[I 2026-03-24 15:38:07,792] Trial 49 finished with value: 0.9154228855721394 and parameters: {'n_estimators': 952, 'max_depth': 48, 'learning_rate': 0.002449635870674052, 'reg_alpha': 4.2094439285307674e-05, 'reg_lambda': 7.754115391694756e-06, 'min_child_weight': 4}. Best is trial 0 with value: 0.9154228855721394.
[I 2026-03-24 15:38:07,879] Trial 50 finished with value: 0.9154228855721394 and parameters: {'n_estimators': 649, 'max_depth': 6, 'learning_rate': 0.005695109822508307, 'reg_alpha': 6.842824399914211e-06, 'reg_lambda': 1.5853018993843649e-07, 'min_child_weight': 1}. Best is trial 0 with value: 0.9154228855721394.
[I 2026-03-24 15:38:07,956] Trial 51 finished with value: 0.9154228855721394 and parameters: {'n_estimators': 562, 'max_depth': 14, 'learning_rate': 0.0018455422366013229, 'reg_alpha': 1.161297543763369e-08, 'reg_lambda': 0.6933332805563924, 'min_child_weight': 9}. Best is trial 0 with value: 0.9154228855721394.
[I 2026-03-24 15:38:08,018] Trial 52 finished with value: 0.9154228855721394 and parameters: {'n_estimators': 404, 'max_depth': 10, 'learning_rate': 0.0012365555116652905, 'reg_alpha': 9.266106312382054e-05, 'reg_lambda': 0.001761768728047911, 'min_child_weight': 8}. Best is trial 0 with value: 0.9154228855721394.
[I 2026-03-24 15:38:08,074] Trial 53 finished with value: 0.9154228855721394 and parameters: {'n_estimators': 351, 'max_depth': 9, 'learning_rate': 0.003573960755603987, 'reg_alpha': 1.7039466725830677e-07, 'reg_lambda': 0.006086206146241237, 'min_child_weight': 10}. Best is trial 0 with value: 0.9154228855721394.
[I 2026-03-24 15:38:08,147] Trial 54 finished with value: 0.9154228855721394 and parameters: {'n_estimators': 516, 'max_depth': 17, 'learning_rate': 0.0033451520642602105, 'reg_alpha': 1.922945696022165e-06, 'reg_lambda': 0.028907947467004966, 'min_child_weight': 7}. Best is trial 0 with value: 0.9154228855721394.
[I 2026-03-24 15:38:08,219] Trial 55 finished with value: 0.9154228855721394 and parameters: {'n_estimators': 493, 'max_depth': 27, 'learning_rate': 0.005014305356100881, 'reg_alpha': 0.0030908454936880384, 'reg_lambda': 3.386502296720068e-08, 'min_child_weight': 9}. Best is trial 0 with value: 0.9154228855721394.
[I 2026-03-24 15:38:08,300] Trial 56 finished with value: 0.9154228855721394 and parameters: {'n_estimators': 582, 'max_depth': 22, 'learning_rate': 0.006801526661836652, 'reg_alpha': 3.344750619725968e-08, 'reg_lambda': 1.1841977890691171e-08, 'min_child_weight': 8}. Best is trial 0 with value: 0.9154228855721394.
[I 2026-03-24 15:38:08,366] Trial 57 finished with value: 0.9154228855721394 and parameters: {'n_estimators': 434, 'max_depth': 18, 'learning_rate': 0.0026233506557581275, 'reg_alpha': 1.5182257493828907e-05, 'reg_lambda': 0.2977967177073758, 'min_child_weight': 6}. Best is trial 0 with value: 0.9154228855721394.
[I 2026-03-24 15:38:08,420] Trial 58 finished with value: 0.9154228855721394 and parameters: {'n_estimators': 326, 'max_depth': 12, 'learning_rate': 0.001106262592044849, 'reg_alpha': 0.11607076770974126, 'reg_lambda': 0.0006957872304867267, 'min_child_weight': 7}. Best is trial 0 with value: 0.9154228855721394.
[I 2026-03-24 15:38:08,506] Trial 59 finished with value: 0.9154228855721394 and parameters: {'n_estimators': 628, 'max_depth': 29, 'learning_rate': 0.020178277054449315, 'reg_alpha': 3.9553581152869754e-07, 'reg_lambda': 2.94718359995645e-06, 'min_child_weight': 8}. Best is trial 0 with value: 0.9154228855721394.
[I 2026-03-24 15:38:08,566] Trial 60 finished with value: 0.9154228855721394 and parameters: {'n_estimators': 387, 'max_depth': 31, 'learning_rate': 0.004706541531899002, 'reg_alpha': 0.0016463579484352145, 'reg_lambda': 1.3401747834423032e-05, 'min_child_weight': 5}. Best is trial 0 with value: 0.9154228855721394.
[I 2026-03-24 15:38:08,641] Trial 61 finished with value: 0.9154228855721394 and parameters: {'n_estimators': 531, 'max_depth': 25, 'learning_rate': 0.035113293465004865, 'reg_alpha': 0.6228451587867058, 'reg_lambda': 0.049275367144664205, 'min_child_weight': 4}. Best is trial 0 with value: 0.9154228855721394.
[I 2026-03-24 15:38:08,712] Trial 62 finished with value: 0.9154228855721394 and parameters: {'n_estimators': 473, 'max_depth': 28, 'learning_rate': 0.07622461721893813, 'reg_alpha': 0.41140106786333047, 'reg_lambda': 0.15233555737701596, 'min_child_weight': 3}. Best is trial 0 with value: 0.9154228855721394.
[I 2026-03-24 15:38:08,796] Trial 63 finished with value: 0.9154228855721394 and parameters: {'n_estimators': 609, 'max_depth': 22, 'learning_rate': 0.01865240272919368, 'reg_alpha': 0.2172938021258308, 'reg_lambda': 0.003844302652457564, 'min_child_weight': 6}. Best is trial 0 with value: 0.9154228855721394.
[I 2026-03-24 15:38:08,875] Trial 64 finished with value: 0.9154228855721394 and parameters: {'n_estimators': 563, 'max_depth': 35, 'learning_rate': 0.013580844393614611, 'reg_alpha': 0.0704282439944317, 'reg_lambda': 0.017054657478668654, 'min_child_weight': 5}. Best is trial 0 with value: 0.9154228855721394.
[I 2026-03-24 15:38:08,937] Trial 65 finished with value: 0.9154228855721394 and parameters: {'n_estimators': 406, 'max_depth': 48, 'learning_rate': 0.011789496485734557, 'reg_alpha': 0.014859606758088135, 'reg_lambda': 1.0246925629172154e-06, 'min_child_weight': 7}. Best is trial 0 with value: 0.9154228855721394.
[I 2026-03-24 15:38:09,028] Trial 66 finished with value: 0.9154228855721394 and parameters: {'n_estimators': 666, 'max_depth': 20, 'learning_rate': 0.002139765726257216, 'reg_alpha': 0.03536397773603491, 'reg_lambda': 5.614698260715866e-07, 'min_child_weight': 9}. Best is trial 0 with value: 0.9154228855721394.
[I 2026-03-24 15:38:09,140] Trial 67 finished with value: 0.9154228855721394 and parameters: {'n_estimators': 861, 'max_depth': 37, 'learning_rate': 0.001694683759439094, 'reg_alpha': 0.005963817962756814, 'reg_lambda': 2.5236069681624923e-07, 'min_child_weight': 1}. Best is trial 0 with value: 0.9154228855721394.
[I 2026-03-24 15:38:09,216] Trial 68 finished with value: 0.9154228855721394 and parameters: {'n_estimators': 540, 'max_depth': 25, 'learning_rate': 0.008488008456226836, 'reg_alpha': 0.00040361664156955533, 'reg_lambda': 8.882579782898885e-08, 'min_child_weight': 7}. Best is trial 0 with value: 0.9154228855721394.
[I 2026-03-24 15:38:09,284] Trial 69 finished with value: 0.9154228855721394 and parameters: {'n_estimators': 461, 'max_depth': 46, 'learning_rate': 0.04560070376250322, 'reg_alpha': 6.796720652058797e-05, 'reg_lambda': 0.00026647874503426947, 'min_child_weight': 8}. Best is trial 0 with value: 0.9154228855721394.
[I 2026-03-24 15:38:09,380] Trial 70 finished with value: 0.9154228855721394 and parameters: {'n_estimators': 706, 'max_depth': 40, 'learning_rate': 0.0064875169401944635, 'reg_alpha': 6.171685364247922e-07, 'reg_lambda': 4.5918677689479705e-05, 'min_child_weight': 6}. Best is trial 0 with value: 0.9154228855721394.
[I 2026-03-24 15:38:09,452] Trial 71 finished with value: 0.9154228855721394 and parameters: {'n_estimators': 492, 'max_depth': 50, 'learning_rate': 0.06995831289623465, 'reg_alpha': 3.095284455151872e-08, 'reg_lambda': 0.0009988983342579282, 'min_child_weight': 3}. Best is trial 0 with value: 0.9154228855721394.
[I 2026-03-24 15:38:09,580] Trial 72 finished with value: 0.9154228855721394 and parameters: {'n_estimators': 994, 'max_depth': 43, 'learning_rate': 0.055392975826017224, 'reg_alpha': 3.7759326521586285e-06, 'reg_lambda': 0.000185087954033257, 'min_child_weight': 4}. Best is trial 0 with value: 0.9154228855721394.
[I 2026-03-24 15:38:09,664] Trial 73 finished with value: 0.9154228855721394 and parameters: {'n_estimators': 577, 'max_depth': 44, 'learning_rate': 0.0886531370765631, 'reg_alpha': 1.4762600875914066e-07, 'reg_lambda': 1.2039815144870205e-05, 'min_child_weight': 2}. Best is trial 0 with value: 0.9154228855721394.
[I 2026-03-24 15:38:09,723] Trial 74 finished with value: 0.9154228855721394 and parameters: {'n_estimators': 351, 'max_depth': 30, 'learning_rate': 0.023331338533382106, 'reg_alpha': 7.161859888351414e-08, 'reg_lambda': 2.7172896949277187e-05, 'min_child_weight': 2}. Best is trial 0 with value: 0.9154228855721394.
[I 2026-03-24 15:38:09,808] Trial 75 finished with value: 0.9154228855721394 and parameters: {'n_estimators': 610, 'max_depth': 49, 'learning_rate': 0.026988481473700886, 'reg_alpha': 0.17322402441233922, 'reg_lambda': 8.561725617264248e-05, 'min_child_weight': 5}. Best is trial 0 with value: 0.9154228855721394.
[I 2026-03-24 15:38:09,877] Trial 76 finished with value: 0.9154228855721394 and parameters: {'n_estimators': 443, 'max_depth': 27, 'learning_rate': 0.0013298075599424673, 'reg_alpha': 0.00020324133293368098, 'reg_lambda': 0.008994693599028278, 'min_child_weight': 7}. Best is trial 0 with value: 0.9154228855721394.
[I 2026-03-24 15:38:09,930] Trial 77 finished with value: 0.9154228855721394 and parameters: {'n_estimators': 306, 'max_depth': 33, 'learning_rate': 0.033474445125612, 'reg_alpha': 7.116979487147902e-07, 'reg_lambda': 0.0018000747866652998, 'min_child_weight': 3}. Best is trial 0 with value: 0.9154228855721394.
[I 2026-03-24 15:38:10,006] Trial 78 finished with value: 0.9154228855721394 and parameters: {'n_estimators': 519, 'max_depth': 47, 'learning_rate': 0.08361285601766186, 'reg_alpha': 0.0009081756235405082, 'reg_lambda': 0.0005237891341322887, 'min_child_weight': 4}. Best is trial 0 with value: 0.9154228855721394.
[I 2026-03-24 15:38:10,109] Trial 79 finished with value: 0.9154228855721394 and parameters: {'n_estimators': 762, 'max_depth': 24, 'learning_rate': 0.016658227244567142, 'reg_alpha': 1.0291161917808578e-08, 'reg_lambda': 5.638998633794026e-05, 'min_child_weight': 8}. Best is trial 0 with value: 0.9154228855721394.
[I 2026-03-24 15:38:10,152] Trial 80 finished with value: 0.9154228855721394 and parameters: {'n_estimators': 208, 'max_depth': 46, 'learning_rate': 0.05049743690095572, 'reg_alpha': 0.022503092696382065, 'reg_lambda': 1.0505407032742867e-07, 'min_child_weight': 6}. Best is trial 0 with value: 0.9154228855721394.
[I 2026-03-24 15:38:10,233] Trial 81 finished with value: 0.9154228855721394 and parameters: {'n_estimators': 546, 'max_depth': 38, 'learning_rate': 0.0644159815299737, 'reg_alpha': 2.417212128181314e-06, 'reg_lambda': 4.243606284237617e-07, 'min_child_weight': 2}. Best is trial 0 with value: 0.9154228855721394.
[I 2026-03-24 15:38:10,307] Trial 82 finished with value: 0.9154228855721394 and parameters: {'n_estimators': 492, 'max_depth': 36, 'learning_rate': 0.05871443469903253, 'reg_alpha': 1.4254342331675857e-05, 'reg_lambda': 1.9744489524297348e-06, 'min_child_weight': 1}. Best is trial 0 with value: 0.9154228855721394.
[I 2026-03-24 15:38:10,373] Trial 83 finished with value: 0.9154228855721394 and parameters: {'n_estimators': 418, 'max_depth': 41, 'learning_rate': 0.08683983520564445, 'reg_alpha': 0.9786610911706574, 'reg_lambda': 4.2475405623832184e-08, 'min_child_weight': 2}. Best is trial 0 with value: 0.9154228855721394.
[I 2026-03-24 15:38:10,442] Trial 84 finished with value: 0.9154228855721394 and parameters: {'n_estimators': 457, 'max_depth': 32, 'learning_rate': 0.03920423089428416, 'reg_alpha': 2.654648585707891e-07, 'reg_lambda': 6.069135616099904e-08, 'min_child_weight': 3}. Best is trial 0 with value: 0.9154228855721394.
