[I 2026-03-24 15:36:07,283] Trial 720 finished with value: 0.9463414634146341 and parameters: {'n_estimators': 451, 'max_depth': 19, 'learning_rate': 0.0062907231984561714, 'reg_alpha': 0.022189568744855174, 'reg_lambda': 0.0020999411402321615, 'min_child_weight': 1}. Best is trial 213 with value: 0.9463414634146341.
[I 2026-03-24 15:36:07,472] Trial 721 finished with value: 0.941747572815534 and parameters: {'n_estimators': 469, 'max_depth': 20, 'learning_rate': 0.0055698509142326075, 'reg_alpha': 0.004243237378039888, 'reg_lambda': 0.007896917229858942, 'min_child_weight': 1}. Best is trial 213 with value: 0.9463414634146341.
[I 2026-03-24 15:36:07,644] Trial 722 finished with value: 0.9411764705882353 and parameters: {'n_estimators': 422, 'max_depth': 18, 'learning_rate': 0.007539490239335497, 'reg_alpha': 0.006048085193867105, 'reg_lambda': 0.00434581583118848, 'min_child_weight': 1}. Best is trial 213 with value: 0.9463414634146341.
[I 2026-03-24 15:36:07,808] Trial 723 finished with value: 0.941747572815534 and parameters: {'n_estimators': 394, 'max_depth': 16, 'learning_rate': 0.006649014407432365, 'reg_alpha': 0.008370272264985629, 'reg_lambda': 0.01071130339246529, 'min_child_weight': 1}. Best is trial 213 with value: 0.9463414634146341.
[I 2026-03-24 15:36:07,962] Trial 724 finished with value: 0.941747572815534 and parameters: {'n_estimators': 365, 'max_depth': 19, 'learning_rate': 0.005915396752016622, 'reg_alpha': 0.0030327353939807013, 'reg_lambda': 0.005983007227525677, 'min_child_weight': 1}. Best is trial 213 with value: 0.9463414634146341.
[I 2026-03-24 15:36:08,132] Trial 725 finished with value: 0.9463414634146341 and parameters: {'n_estimators': 415, 'max_depth': 22, 'learning_rate': 0.007093370897541884, 'reg_alpha': 0.00463724680595151, 'reg_lambda': 0.0030806495059175205, 'min_child_weight': 1}. Best is trial 213 with value: 0.9463414634146341.
[I 2026-03-24 15:36:08,308] Trial 726 finished with value: 0.9411764705882353 and parameters: {'n_estimators': 440, 'max_depth': 21, 'learning_rate': 0.008270260809872504, 'reg_alpha': 0.001641342640163751, 'reg_lambda': 0.007557580776924352, 'min_child_weight': 1}. Best is trial 213 with value: 0.9463414634146341.
[I 2026-03-24 15:36:08,471] Trial 727 finished with value: 0.941747572815534 and parameters: {'n_estimators': 396, 'max_depth': 20, 'learning_rate': 0.006332318535441184, 'reg_alpha': 0.015397260124747692, 'reg_lambda': 0.00442605071531141, 'min_child_weight': 1}. Best is trial 213 with value: 0.9463414634146341.
[I 2026-03-24 15:36:08,654] Trial 728 finished with value: 0.941747572815534 and parameters: {'n_estimators': 456, 'max_depth': 19, 'learning_rate': 0.0051124564956346995, 'reg_alpha': 0.010789156117798432, 'reg_lambda': 0.019235394832616083, 'min_child_weight': 1}. Best is trial 213 with value: 0.9463414634146341.
[I 2026-03-24 15:36:08,827] Trial 729 finished with value: 0.9411764705882353 and parameters: {'n_estimators': 426, 'max_depth': 18, 'learning_rate': 0.007487352313737883, 'reg_alpha': 0.006148607675663368, 'reg_lambda': 0.010398921299522124, 'min_child_weight': 1}. Best is trial 213 with value: 0.9463414634146341.
[I 2026-03-24 15:36:08,997] Trial 730 finished with value: 0.9463414634146341 and parameters: {'n_estimators': 410, 'max_depth': 21, 'learning_rate': 0.006814726474589008, 'reg_alpha': 0.0023521581067849524, 'reg_lambda': 0.005638461059700928, 'min_child_weight': 1}. Best is trial 213 with value: 0.9463414634146341.
[I 2026-03-24 15:36:09,131] Trial 731 finished with value: 0.941747572815534 and parameters: {'n_estimators': 437, 'max_depth': 17, 'learning_rate': 0.005776551037861014, 'reg_alpha': 0.0036171049487746954, 'reg_lambda': 0.012356140006524505, 'min_child_weight': 2}. Best is trial 213 with value: 0.9463414634146341.
[I 2026-03-24 15:36:09,287] Trial 732 finished with value: 0.9463414634146341 and parameters: {'n_estimators': 375, 'max_depth': 20, 'learning_rate': 0.007827373285725702, 'reg_alpha': 0.007401704377718233, 'reg_lambda': 0.008130670128285463, 'min_child_weight': 1}. Best is trial 213 with value: 0.9463414634146341.
[I 2026-03-24 15:36:09,478] Trial 733 finished with value: 0.9411764705882353 and parameters: {'n_estimators': 494, 'max_depth': 19, 'learning_rate': 0.009240566330382649, 'reg_alpha': 0.004769501023959531, 'reg_lambda': 0.004117710302660729, 'min_child_weight': 1}. Best is trial 213 with value: 0.9463414634146341.
[I 2026-03-24 15:36:09,668] Trial 734 finished with value: 0.9463414634146341 and parameters: {'n_estimators': 473, 'max_depth': 21, 'learning_rate': 0.006349320469553142, 'reg_alpha': 0.010571526851630448, 'reg_lambda': 0.0021874329269605595, 'min_child_weight': 1}. Best is trial 213 with value: 0.9463414634146341.
[I 2026-03-24 15:36:09,834] Trial 735 finished with value: 0.941747572815534 and parameters: {'n_estimators': 397, 'max_depth': 20, 'learning_rate': 0.004856579025570926, 'reg_alpha': 0.007317498402878549, 'reg_lambda': 0.006716142686266972, 'min_child_weight': 1}. Best is trial 213 with value: 0.9463414634146341.
[I 2026-03-24 15:36:10,005] Trial 736 finished with value: 0.9411764705882353 and parameters: {'n_estimators': 417, 'max_depth': 22, 'learning_rate': 0.007073758553285739, 'reg_alpha': 0.0035214838234858413, 'reg_lambda': 0.015486969614186368, 'min_child_weight': 1}. Best is trial 213 with value: 0.9463414634146341.
[I 2026-03-24 15:36:10,141] Trial 737 finished with value: 0.941747572815534 and parameters: {'n_estimators': 448, 'max_depth': 18, 'learning_rate': 0.005480797716407165, 'reg_alpha': 0.0052420266501348005, 'reg_lambda': 0.02613765011525382, 'min_child_weight': 2}. Best is trial 213 with value: 0.9463414634146341.
[I 2026-03-24 15:36:10,315] Trial 738 finished with value: 0.9411764705882353 and parameters: {'n_estimators': 431, 'max_depth': 19, 'learning_rate': 0.007989539618539297, 'reg_alpha': 0.016356172324888445, 'reg_lambda': 0.0034339523129429694, 'min_child_weight': 1}. Best is trial 213 with value: 0.9463414634146341.
[I 2026-03-24 15:36:10,475] Trial 739 finished with value: 0.941747572815534 and parameters: {'n_estimators': 382, 'max_depth': 20, 'learning_rate': 0.006244296383719582, 'reg_alpha': 0.002391920191208592, 'reg_lambda': 0.005256491578987865, 'min_child_weight': 1}. Best is trial 213 with value: 0.9463414634146341.
[I 2026-03-24 15:36:10,644] Trial 740 finished with value: 0.9463414634146341 and parameters: {'n_estimators': 412, 'max_depth': 18, 'learning_rate': 0.007185942413612841, 'reg_alpha': 0.0070819239371521766, 'reg_lambda': 0.009409349647462298, 'min_child_weight': 1}. Best is trial 213 with value: 0.9463414634146341.
[I 2026-03-24 15:36:10,828] Trial 741 finished with value: 0.9463414634146341 and parameters: {'n_estimators': 455, 'max_depth': 17, 'learning_rate': 0.006622870367185255, 'reg_alpha': 0.009519574881608749, 'reg_lambda': 0.006418554397353751, 'min_child_weight': 1}. Best is trial 213 with value: 0.9463414634146341.
[I 2026-03-24 15:36:10,979] Trial 742 finished with value: 0.9463414634146341 and parameters: {'n_estimators': 357, 'max_depth': 15, 'learning_rate': 0.008497494996725438, 'reg_alpha': 0.004386392925583569, 'reg_lambda': 0.013253990460005723, 'min_child_weight': 1}. Best is trial 213 with value: 0.9463414634146341.
[I 2026-03-24 15:36:11,157] Trial 743 finished with value: 0.941747572815534 and parameters: {'n_estimators': 435, 'max_depth': 21, 'learning_rate': 0.005874182651327118, 'reg_alpha': 0.0058828293590679395, 'reg_lambda': 0.0025429294161627486, 'min_child_weight': 1}. Best is trial 213 with value: 0.9463414634146341.
[I 2026-03-24 15:36:11,323] Trial 744 finished with value: 0.9411764705882353 and parameters: {'n_estimators': 401, 'max_depth': 19, 'learning_rate': 0.007482827811018394, 'reg_alpha': 0.0032700445413426866, 'reg_lambda': 0.008247854144215278, 'min_child_weight': 1}. Best is trial 213 with value: 0.9463414634146341.
[I 2026-03-24 15:36:11,499] Trial 745 finished with value: 0.9463414634146341 and parameters: {'n_estimators': 419, 'max_depth': 20, 'learning_rate': 0.006758622522771195, 'reg_alpha': 0.0017935903648401215, 'reg_lambda': 0.004083663573607253, 'min_child_weight': 1}. Best is trial 213 with value: 0.9463414634146341.
[I 2026-03-24 15:36:11,665] Trial 746 finished with value: 0.941747572815534 and parameters: {'n_estimators': 396, 'max_depth': 23, 'learning_rate': 0.006021774553625529, 'reg_alpha': 0.013311756752414436, 'reg_lambda': 0.005889750266385709, 'min_child_weight': 1}. Best is trial 213 with value: 0.9463414634146341.
[I 2026-03-24 15:36:11,839] Trial 747 finished with value: 0.9463414634146341 and parameters: {'n_estimators': 428, 'max_depth': 19, 'learning_rate': 0.007603328683615249, 'reg_alpha': 0.00885973883769622, 'reg_lambda': 0.010352706193035334, 'min_child_weight': 1}. Best is trial 213 with value: 0.9463414634146341.
[I 2026-03-24 15:36:12,027] Trial 748 finished with value: 0.941747572815534 and parameters: {'n_estimators': 464, 'max_depth': 21, 'learning_rate': 0.00537946678405187, 'reg_alpha': 0.004780888776757632, 'reg_lambda': 0.017833753816048344, 'min_child_weight': 1}. Best is trial 213 with value: 0.9463414634146341.
[I 2026-03-24 15:36:12,163] Trial 749 finished with value: 0.941747572815534 and parameters: {'n_estimators': 443, 'max_depth': 22, 'learning_rate': 0.006547173585089828, 'reg_alpha': 0.006578141118074235, 'reg_lambda': 0.0015219067349077147, 'min_child_weight': 2}. Best is trial 213 with value: 0.9463414634146341.
[I 2026-03-24 15:36:12,321] Trial 750 finished with value: 0.9411764705882353 and parameters: {'n_estimators': 382, 'max_depth': 17, 'learning_rate': 0.008479707499668672, 'reg_alpha': 0.0026540949775826794, 'reg_lambda': 0.003682495135986022, 'min_child_weight': 1}. Best is trial 213 with value: 0.9463414634146341.
[I 2026-03-24 15:36:12,477] Trial 751 finished with value: 0.9463414634146341 and parameters: {'n_estimators': 413, 'max_depth': 20, 'learning_rate': 0.0071481630986361105, 'reg_alpha': 0.01082756328700523, 'reg_lambda': 0.007814789754478656, 'min_child_weight': 1}. Best is trial 213 with value: 0.9463414634146341.
[I 2026-03-24 15:36:12,636] Trial 752 finished with value: 0.941747572815534 and parameters: {'n_estimators': 426, 'max_depth': 18, 'learning_rate': 0.006234343706992743, 'reg_alpha': 0.0209286568969707, 'reg_lambda': 0.0049687532678204015, 'min_child_weight': 1}. Best is trial 213 with value: 0.9463414634146341.
[I 2026-03-24 15:36:12,789] Trial 753 finished with value: 0.9463414634146341 and parameters: {'n_estimators': 403, 'max_depth': 19, 'learning_rate': 0.006955437468422311, 'reg_alpha': 0.0037289643359530032, 'reg_lambda': 0.012548683165996376, 'min_child_weight': 1}. Best is trial 213 with value: 0.9463414634146341.
[I 2026-03-24 15:36:12,954] Trial 754 finished with value: 0.9411764705882353 and parameters: {'n_estimators': 448, 'max_depth': 20, 'learning_rate': 0.007884863849681241, 'reg_alpha': 0.005576178862197323, 'reg_lambda': 0.0026063227024848744, 'min_child_weight': 1}. Best is trial 213 with value: 0.9463414634146341.
[I 2026-03-24 15:36:13,096] Trial 755 finished with value: 0.941747572815534 and parameters: {'n_estimators': 477, 'max_depth': 22, 'learning_rate': 0.005746488258527134, 'reg_alpha': 0.0014757779458956935, 'reg_lambda': 0.008109210441827663, 'min_child_weight': 2}. Best is trial 213 with value: 0.9463414634146341.
[I 2026-03-24 15:36:13,230] Trial 756 finished with value: 0.9411764705882353 and parameters: {'n_estimators': 343, 'max_depth': 24, 'learning_rate': 0.010031725657506521, 'reg_alpha': 0.008239654212623007, 'reg_lambda': 0.00551773232614056, 'min_child_weight': 1}. Best is trial 213 with value: 0.9463414634146341.
[I 2026-03-24 15:36:13,392] Trial 757 finished with value: 0.941747572815534 and parameters: {'n_estimators': 389, 'max_depth': 19, 'learning_rate': 0.006533593978304819, 'reg_alpha': 0.00351204985033352, 'reg_lambda': 0.011400085737201868, 'min_child_weight': 1}. Best is trial 213 with value: 0.9463414634146341.
[I 2026-03-24 15:36:13,564] Trial 758 finished with value: 0.9463414634146341 and parameters: {'n_estimators': 416, 'max_depth': 16, 'learning_rate': 0.007388705851978799, 'reg_alpha': 0.012135268097658709, 'reg_lambda': 0.003434697763506406, 'min_child_weight': 1}. Best is trial 213 with value: 0.9463414634146341.
[I 2026-03-24 15:36:13,744] Trial 759 finished with value: 0.941747572815534 and parameters: {'n_estimators': 439, 'max_depth': 21, 'learning_rate': 0.0049740956980629195, 'reg_alpha': 0.004966741959876621, 'reg_lambda': 0.006907885803376999, 'min_child_weight': 1}. Best is trial 213 with value: 0.9463414634146341.
[I 2026-03-24 15:36:13,900] Trial 760 finished with value: 0.941747572815534 and parameters: {'n_estimators': 369, 'max_depth': 18, 'learning_rate': 0.0060579460077093885, 'reg_alpha': 0.0023196826171793853, 'reg_lambda': 0.022162208984596213, 'min_child_weight': 1}. Best is trial 213 with value: 0.9463414634146341.
[I 2026-03-24 15:36:14,066] Trial 761 finished with value: 0.9411764705882353 and parameters: {'n_estimators': 407, 'max_depth': 20, 'learning_rate': 0.008931893062686514, 'reg_alpha': 0.007250022819339094, 'reg_lambda': 0.004951181217545283, 'min_child_weight': 1}. Best is trial 213 with value: 0.9463414634146341.
[I 2026-03-24 15:36:14,205] Trial 762 finished with value: 0.941747572815534 and parameters: {'n_estimators': 458, 'max_depth': 19, 'learning_rate': 0.006931437777793567, 'reg_alpha': 0.005309115054210143, 'reg_lambda': 0.009058207666246468, 'min_child_weight': 2}. Best is trial 213 with value: 0.9463414634146341.
[I 2026-03-24 15:36:14,367] Trial 763 finished with value: 0.941747572815534 and parameters: {'n_estimators': 428, 'max_depth': 17, 'learning_rate': 0.005452305750380694, 'reg_alpha': 0.0031668831707072215, 'reg_lambda': 0.013992875791720826, 'min_child_weight': 1}. Best is trial 213 with value: 0.9463414634146341.
[I 2026-03-24 15:36:14,530] Trial 764 finished with value: 0.9411764705882353 and parameters: {'n_estimators': 391, 'max_depth': 21, 'learning_rate': 0.00809625698625988, 'reg_alpha': 0.008659375946795446, 'reg_lambda': 0.0030471796513919344, 'min_child_weight': 1}. Best is trial 213 with value: 0.9463414634146341.
[I 2026-03-24 15:36:14,703] Trial 765 finished with value: 0.941747572815534 and parameters: {'n_estimators': 420, 'max_depth': 20, 'learning_rate': 0.0064101331526312, 'reg_alpha': 0.016662310713959377, 'reg_lambda': 0.0062798788257364055, 'min_child_weight': 1}. Best is trial 213 with value: 0.9463414634146341.
[I 2026-03-24 15:36:14,882] Trial 766 finished with value: 0.9463414634146341 and parameters: {'n_estimators': 442, 'max_depth': 18, 'learning_rate': 0.007231220144479451, 'reg_alpha': 0.00662395244016846, 'reg_lambda': 0.004285144538310407, 'min_child_weight': 1}. Best is trial 213 with value: 0.9463414634146341.
[I 2026-03-24 15:36:15,036] Trial 767 finished with value: 0.941747572815534 and parameters: {'n_estimators': 404, 'max_depth': 19, 'learning_rate': 0.005958084646560986, 'reg_alpha': 0.004219674814435693, 'reg_lambda': 0.001031340337482303, 'min_child_weight': 1}. Best is trial 213 with value: 0.9463414634146341.
[I 2026-03-24 15:36:15,223] Trial 768 finished with value: 0.9411764705882353 and parameters: {'n_estimators': 465, 'max_depth': 21, 'learning_rate': 0.006742254328812332, 'reg_alpha': 0.01182771131290216, 'reg_lambda': 0.009653997240329122, 'min_child_weight': 1}. Best is trial 213 with value: 0.9463414634146341.
[I 2026-03-24 15:36:15,401] Trial 769 finished with value: 0.9411764705882353 and parameters: {'n_estimators': 431, 'max_depth': 20, 'learning_rate': 0.00751280687524143, 'reg_alpha': 0.002433847171141166, 'reg_lambda': 0.0017997358507458475, 'min_child_weight': 1}. Best is trial 213 with value: 0.9463414634146341.
[I 2026-03-24 15:36:15,562] Trial 770 finished with value: 0.9411764705882353 and parameters: {'n_estimators': 386, 'max_depth': 22, 'learning_rate': 0.00826062086809516, 'reg_alpha': 0.004386794427533501, 'reg_lambda': 0.017512817834420404, 'min_child_weight': 1}. Best is trial 213 with value: 0.9463414634146341.
[I 2026-03-24 15:36:15,732] Trial 771 finished with value: 0.941747572815534 and parameters: {'n_estimators': 413, 'max_depth': 18, 'learning_rate': 0.0063386817511746464, 'reg_alpha': 0.009229196417438646, 'reg_lambda': 0.007269604563566009, 'min_child_weight': 1}. Best is trial 213 with value: 0.9463414634146341.
[I 2026-03-24 15:36:15,916] Trial 772 finished with value: 0.941747572815534 and parameters: {'n_estimators': 447, 'max_depth': 19, 'learning_rate': 0.005392982889566861, 'reg_alpha': 0.0063573868361195005, 'reg_lambda': 0.004615762912429024, 'min_child_weight': 1}. Best is trial 213 with value: 0.9463414634146341.
[I 2026-03-24 15:36:16,107] Trial 773 finished with value: 0.9411764705882353 and parameters: {'n_estimators': 481, 'max_depth': 20, 'learning_rate': 0.006818561551135879, 'reg_alpha': 0.003347731719190844, 'reg_lambda': 0.012023436293800805, 'min_child_weight': 1}. Best is trial 213 with value: 0.9463414634146341.
[I 2026-03-24 15:36:16,238] Trial 774 finished with value: 0.941747572815534 and parameters: {'n_estimators': 426, 'max_depth': 16, 'learning_rate': 0.0076180670027859495, 'reg_alpha': 0.0018841057888758428, 'reg_lambda': 0.006522920849709565, 'min_child_weight': 2}. Best is trial 213 with value: 0.9463414634146341.
[I 2026-03-24 15:36:16,397] Trial 775 finished with value: 0.941747572815534 and parameters: {'n_estimators': 370, 'max_depth': 19, 'learning_rate': 0.005870438204126009, 'reg_alpha': 0.013644565501459413, 'reg_lambda': 0.003224084238169145, 'min_child_weight': 1}. Best is trial 213 with value: 0.9463414634146341.
[I 2026-03-24 15:36:16,564] Trial 776 finished with value: 0.941747572815534 and parameters: {'n_estimators': 399, 'max_depth': 17, 'learning_rate': 0.006380281754970211, 'reg_alpha': 0.005519722845273413, 'reg_lambda': 0.009382956726622487, 'min_child_weight': 1}. Best is trial 213 with value: 0.9463414634146341.
[I 2026-03-24 15:36:16,750] Trial 777 finished with value: 0.941747572815534 and parameters: {'n_estimators': 456, 'max_depth': 23, 'learning_rate': 0.00475753371332299, 'reg_alpha': 0.00739438389905515, 'reg_lambda': 0.00502593848355815, 'min_child_weight': 1}. Best is trial 213 with value: 0.9463414634146341.
[I 2026-03-24 15:36:16,917] Trial 778 finished with value: 0.9411764705882353 and parameters: {'n_estimators': 411, 'max_depth': 21, 'learning_rate': 0.009066593993564982, 'reg_alpha': 0.004029785305662074, 'reg_lambda': 0.029287015336216273, 'min_child_weight': 1}. Best is trial 213 with value: 0.9463414634146341.
[I 2026-03-24 15:36:17,078] Trial 779 finished with value: 0.9463414634146341 and parameters: {'n_estimators': 430, 'max_depth': 20, 'learning_rate': 0.007237296838025133, 'reg_alpha': 0.009112984156146307, 'reg_lambda': 0.015099003339685967, 'min_child_weight': 1}. Best is trial 213 with value: 0.9463414634146341.
[I 2026-03-24 15:36:17,238] Trial 780 finished with value: 0.9411764705882353 and parameters: {'n_estimators': 384, 'max_depth': 18, 'learning_rate': 0.008043168083222871, 'reg_alpha': 0.002728957327887565, 'reg_lambda': 0.00742712331468909, 'min_child_weight': 1}. Best is trial 213 with value: 0.9463414634146341.
[I 2026-03-24 15:36:17,418] Trial 781 finished with value: 0.9463414634146341 and parameters: {'n_estimators': 439, 'max_depth': 21, 'learning_rate': 0.006797450480124829, 'reg_alpha': 0.005559019589386795, 'reg_lambda': 0.0021774363869350322, 'min_child_weight': 1}. Best is trial 213 with value: 0.9463414634146341.
[I 2026-03-24 15:36:17,546] Trial 782 finished with value: 0.941747572815534 and parameters: {'n_estimators': 400, 'max_depth': 22, 'learning_rate': 0.0057355758714043555, 'reg_alpha': 0.001319796788293547, 'reg_lambda': 0.003921691395316574, 'min_child_weight': 2}. Best is trial 213 with value: 0.9463414634146341.
[I 2026-03-24 15:36:17,720] Trial 783 finished with value: 0.941747572815534 and parameters: {'n_estimators': 420, 'max_depth': 19, 'learning_rate': 0.006351845978812729, 'reg_alpha': 0.023686147684147115, 'reg_lambda': 0.0107779041453241, 'min_child_weight': 1}. Best is trial 213 with value: 0.9463414634146341.
[I 2026-03-24 15:36:17,901] Trial 784 finished with value: 0.9463414634146341 and parameters: {'n_estimators': 448, 'max_depth': 20, 'learning_rate': 0.007333379596654576, 'reg_alpha': 0.010575176072633573, 'reg_lambda': 0.005687018140939919, 'min_child_weight': 1}. Best is trial 213 with value: 0.9463414634146341.
[I 2026-03-24 15:36:18,090] Trial 785 finished with value: 0.941747572815534 and parameters: {'n_estimators': 465, 'max_depth': 18, 'learning_rate': 0.005266954959825239, 'reg_alpha': 0.004119542500195497, 'reg_lambda': 0.008425211632773683, 'min_child_weight': 1}. Best is trial 213 with value: 0.9463414634146341.
[I 2026-03-24 15:36:18,261] Trial 786 finished with value: 0.9463414634146341 and parameters: {'n_estimators': 412, 'max_depth': 20, 'learning_rate': 0.006832114518985934, 'reg_alpha': 0.007277280415766849, 'reg_lambda': 0.0031903930738237654, 'min_child_weight': 1}. Best is trial 213 with value: 0.9463414634146341.
[I 2026-03-24 15:36:18,421] Trial 787 finished with value: 0.941747572815534 and parameters: {'n_estimators': 377, 'max_depth': 19, 'learning_rate': 0.006013571996498587, 'reg_alpha': 0.0029515052503578812, 'reg_lambda': 0.005002095329757536, 'min_child_weight': 1}. Best is trial 213 with value: 0.9463414634146341.
[I 2026-03-24 15:36:18,615] Trial 788 finished with value: 0.9411764705882353 and parameters: {'n_estimators': 495, 'max_depth': 21, 'learning_rate': 0.008011493388923402, 'reg_alpha': 0.017385186712856007, 'reg_lambda': 0.016579645476499677, 'min_child_weight': 1}. Best is trial 213 with value: 0.9463414634146341.
