[I 2026-03-24 15:33:49,428] Trial 483 finished with value: 0.941747572815534 and parameters: {'n_estimators': 618, 'max_depth': 27, 'learning_rate': 0.029602650630482237, 'reg_alpha': 0.008205123085273696, 'reg_lambda': 0.6186595009269338, 'min_child_weight': 7}. Best is trial 0 with value: 0.941747572815534.
[I 2026-03-24 15:33:49,531] Trial 484 finished with value: 0.941747572815534 and parameters: {'n_estimators': 552, 'max_depth': 30, 'learning_rate': 0.05892878326361219, 'reg_alpha': 0.051679614833866155, 'reg_lambda': 0.0011780658271592925, 'min_child_weight': 6}. Best is trial 0 with value: 0.941747572815534.
[I 2026-03-24 15:33:49,772] Trial 485 finished with value: 0.9365853658536586 and parameters: {'n_estimators': 940, 'max_depth': 6, 'learning_rate': 0.012682355848858814, 'reg_alpha': 0.0001512743715836916, 'reg_lambda': 0.003007135709927124, 'min_child_weight': 1}. Best is trial 0 with value: 0.941747572815534.
[I 2026-03-24 15:33:49,853] Trial 486 finished with value: 0.941747572815534 and parameters: {'n_estimators': 385, 'max_depth': 24, 'learning_rate': 0.007323458410145669, 'reg_alpha': 1.7178505958440334e-07, 'reg_lambda': 0.0002902613091844176, 'min_child_weight': 10}. Best is trial 0 with value: 0.941747572815534.
[I 2026-03-24 15:33:50,000] Trial 487 finished with value: 0.941747572815534 and parameters: {'n_estimators': 867, 'max_depth': 21, 'learning_rate': 0.011434664884183406, 'reg_alpha': 0.14071116386382201, 'reg_lambda': 1.2599242198891416e-05, 'min_child_weight': 9}. Best is trial 0 with value: 0.941747572815534.
[I 2026-03-24 15:33:50,117] Trial 488 finished with value: 0.941747572815534 and parameters: {'n_estimators': 653, 'max_depth': 48, 'learning_rate': 0.00212783241030223, 'reg_alpha': 2.592088672751632e-05, 'reg_lambda': 0.00013354112335967603, 'min_child_weight': 3}. Best is trial 0 with value: 0.941747572815534.
[I 2026-03-24 15:33:50,173] Trial 489 finished with value: 0.941747572815534 and parameters: {'n_estimators': 200, 'max_depth': 18, 'learning_rate': 0.009199701883652586, 'reg_alpha': 0.003476117617704115, 'reg_lambda': 0.0045277720821911924, 'min_child_weight': 10}. Best is trial 0 with value: 0.941747572815534.
[I 2026-03-24 15:33:50,269] Trial 490 finished with value: 0.941747572815534 and parameters: {'n_estimators': 500, 'max_depth': 25, 'learning_rate': 0.035161814652341875, 'reg_alpha': 0.0004027826072709365, 'reg_lambda': 5.566843852505878e-07, 'min_child_weight': 2}. Best is trial 0 with value: 0.941747572815534.
[I 2026-03-24 15:33:50,390] Trial 491 finished with value: 0.941747572815534 and parameters: {'n_estimators': 688, 'max_depth': 34, 'learning_rate': 0.07504988966980375, 'reg_alpha': 1.345417793068662e-05, 'reg_lambda': 0.10911169517734963, 'min_child_weight': 7}. Best is trial 0 with value: 0.941747572815534.
[I 2026-03-24 15:33:50,499] Trial 492 finished with value: 0.941747572815534 and parameters: {'n_estimators': 594, 'max_depth': 37, 'learning_rate': 0.017584447128722987, 'reg_alpha': 1.4906929598445542e-08, 'reg_lambda': 0.008441134356281082, 'min_child_weight': 6}. Best is trial 0 with value: 0.941747572815534.
[I 2026-03-24 15:33:50,650] Trial 493 finished with value: 0.941747572815534 and parameters: {'n_estimators': 899, 'max_depth': 40, 'learning_rate': 0.01508702510714021, 'reg_alpha': 8.50801454500339e-07, 'reg_lambda': 4.487860913011443e-05, 'min_child_weight': 9}. Best is trial 0 with value: 0.941747572815534.
[I 2026-03-24 15:33:50,729] Trial 494 finished with value: 0.941747572815534 and parameters: {'n_estimators': 362, 'max_depth': 22, 'learning_rate': 0.04938528068345126, 'reg_alpha': 0.00024987478106154647, 'reg_lambda': 9.191140382653289e-05, 'min_child_weight': 8}. Best is trial 0 with value: 0.941747572815534.
[I 2026-03-24 15:33:50,860] Trial 495 finished with value: 0.941747572815534 and parameters: {'n_estimators': 760, 'max_depth': 15, 'learning_rate': 0.006661511472088818, 'reg_alpha': 7.462120404910249e-05, 'reg_lambda': 2.3943148130827425e-07, 'min_child_weight': 5}. Best is trial 0 with value: 0.941747572815534.
[I 2026-03-24 15:33:50,934] Trial 496 finished with value: 0.941747572815534 and parameters: {'n_estimators': 322, 'max_depth': 11, 'learning_rate': 0.0901455048360415, 'reg_alpha': 0.03325725714647691, 'reg_lambda': 2.5799912155855093e-06, 'min_child_weight': 4}. Best is trial 0 with value: 0.941747572815534.
[I 2026-03-24 15:33:51,099] Trial 497 finished with value: 0.941747572815534 and parameters: {'n_estimators': 1000, 'max_depth': 23, 'learning_rate': 0.002730820241705424, 'reg_alpha': 0.016828068376244638, 'reg_lambda': 7.011547815573057e-08, 'min_child_weight': 10}. Best is trial 0 with value: 0.941747572815534.
[I 2026-03-24 15:33:51,232] Trial 498 finished with value: 0.941747572815534 and parameters: {'n_estimators': 783, 'max_depth': 35, 'learning_rate': 0.0032622318692249563, 'reg_alpha': 3.8808053012440554e-06, 'reg_lambda': 0.0008123729764846222, 'min_child_weight': 9}. Best is trial 0 with value: 0.941747572815534.
[I 2026-03-24 15:33:51,290] Trial 499 finished with value: 0.941747572815534 and parameters: {'n_estimators': 219, 'max_depth': 32, 'learning_rate': 0.005895255810890589, 'reg_alpha': 0.07763462843266172, 'reg_lambda': 0.0015415931959869703, 'min_child_weight': 7}. Best is trial 0 with value: 0.941747572815534.
[I 2026-03-24 15:33:51,446] Trial 500 finished with value: 0.941747572815534 and parameters: {'n_estimators': 924, 'max_depth': 10, 'learning_rate': 0.03996512967532558, 'reg_alpha': 2.4320398810121184e-06, 'reg_lambda': 2.472507675914521e-05, 'min_child_weight': 6}. Best is trial 0 with value: 0.941747572815534.
[I 2026-03-24 15:33:51,547] Trial 501 finished with value: 0.941747572815534 and parameters: {'n_estimators': 523, 'max_depth': 43, 'learning_rate': 0.023325388059684447, 'reg_alpha': 0.002426110233421401, 'reg_lambda': 0.00037805616209846295, 'min_child_weight': 9}. Best is trial 0 with value: 0.941747572815534.
[I 2026-03-24 15:33:51,637] Trial 502 finished with value: 0.941747572815534 and parameters: {'n_estimators': 454, 'max_depth': 7, 'learning_rate': 0.06489065292352511, 'reg_alpha': 0.00012070763662776442, 'reg_lambda': 9.590122574279082e-06, 'min_child_weight': 8}. Best is trial 0 with value: 0.941747572815534.
[I 2026-03-24 15:33:51,782] Trial 503 finished with value: 0.941747572815534 and parameters: {'n_estimators': 857, 'max_depth': 50, 'learning_rate': 0.0450257914992303, 'reg_alpha': 0.00900906720650522, 'reg_lambda': 4.762564575777214e-06, 'min_child_weight': 10}. Best is trial 0 with value: 0.941747572815534.
[I 2026-03-24 15:33:51,943] Trial 504 finished with value: 0.941747572815534 and parameters: {'n_estimators': 968, 'max_depth': 20, 'learning_rate': 0.005007034151479034, 'reg_alpha': 0.004527548659373134, 'reg_lambda': 0.03981198790169897, 'min_child_weight': 5}. Best is trial 0 with value: 0.941747572815534.
[I 2026-03-24 15:33:52,096] Trial 505 finished with value: 0.941747572815534 and parameters: {'n_estimators': 911, 'max_depth': 16, 'learning_rate': 0.05573982696247733, 'reg_alpha': 0.0012084394641345667, 'reg_lambda': 0.015177622026774178, 'min_child_weight': 3}. Best is trial 0 with value: 0.941747572815534.
[I 2026-03-24 15:33:52,234] Trial 506 finished with value: 0.941747572815534 and parameters: {'n_estimators': 808, 'max_depth': 8, 'learning_rate': 0.013643470762316845, 'reg_alpha': 5.2621342363757065e-05, 'reg_lambda': 6.477933720584887e-05, 'min_child_weight': 10}. Best is trial 0 with value: 0.941747572815534.
[I 2026-03-24 15:33:52,381] Trial 507 finished with value: 0.941747572815534 and parameters: {'n_estimators': 875, 'max_depth': 26, 'learning_rate': 0.0018085764126154963, 'reg_alpha': 0.0007715462213186211, 'reg_lambda': 1.6365508981854988e-05, 'min_child_weight': 8}. Best is trial 0 with value: 0.941747572815534.
[I 2026-03-24 15:33:52,517] Trial 508 finished with value: 0.9359605911330049 and parameters: {'n_estimators': 480, 'max_depth': 13, 'learning_rate': 0.08343532944951573, 'reg_alpha': 0.00022475244383288637, 'reg_lambda': 1.0779534113044023e-07, 'min_child_weight': 1}. Best is trial 0 with value: 0.941747572815534.
[I 2026-03-24 15:33:52,643] Trial 509 finished with value: 0.941747572815534 and parameters: {'n_estimators': 724, 'max_depth': 36, 'learning_rate': 0.026662022917137863, 'reg_alpha': 0.014231894386276398, 'reg_lambda': 9.839056140921657e-07, 'min_child_weight': 6}. Best is trial 0 with value: 0.941747572815534.
[I 2026-03-24 15:33:52,712] Trial 510 finished with value: 0.941747572815534 and parameters: {'n_estimators': 299, 'max_depth': 28, 'learning_rate': 0.07099994921142087, 'reg_alpha': 3.103442481185594e-05, 'reg_lambda': 0.23243051962842598, 'min_child_weight': 9}. Best is trial 0 with value: 0.941747572815534.
[I 2026-03-24 15:33:52,820] Trial 511 finished with value: 0.941747572815534 and parameters: {'n_estimators': 579, 'max_depth': 14, 'learning_rate': 0.002356466759485957, 'reg_alpha': 0.0004525401271896775, 'reg_lambda': 0.002178781011740533, 'min_child_weight': 2}. Best is trial 0 with value: 0.941747572815534.
[I 2026-03-24 15:33:52,976] Trial 512 finished with value: 0.941747572815534 and parameters: {'n_estimators': 943, 'max_depth': 30, 'learning_rate': 0.0029575734423209184, 'reg_alpha': 1.2452137395392177e-06, 'reg_lambda': 2.1129667273502218e-08, 'min_child_weight': 6}. Best is trial 0 with value: 0.941747572815534.
[I 2026-03-24 15:33:53,118] Trial 513 finished with value: 0.941747572815534 and parameters: {'n_estimators': 836, 'max_depth': 24, 'learning_rate': 0.004153716200501657, 'reg_alpha': 0.0061885907279962465, 'reg_lambda': 3.624103910142963e-07, 'min_child_weight': 10}. Best is trial 0 with value: 0.941747572815534.
[I 2026-03-24 15:33:53,267] Trial 514 finished with value: 0.941747572815534 and parameters: {'n_estimators': 886, 'max_depth': 28, 'learning_rate': 0.010388817053110028, 'reg_alpha': 4.906028802533301e-08, 'reg_lambda': 3.568396999320971e-05, 'min_child_weight': 5}. Best is trial 0 with value: 0.941747572815534.
[I 2026-03-24 15:33:53,429] Trial 515 finished with value: 0.941747572815534 and parameters: {'n_estimators': 985, 'max_depth': 45, 'learning_rate': 0.00794219128359983, 'reg_alpha': 0.0016742332881496968, 'reg_lambda': 1.6570381728995291e-07, 'min_child_weight': 4}. Best is trial 0 with value: 0.941747572815534.
[I 2026-03-24 15:33:53,516] Trial 516 finished with value: 0.941747572815534 and parameters: {'n_estimators': 439, 'max_depth': 49, 'learning_rate': 0.03795239033902882, 'reg_alpha': 0.46585184598271545, 'reg_lambda': 0.004977377193953737, 'min_child_weight': 7}. Best is trial 0 with value: 0.941747572815534.
[I 2026-03-24 15:33:53,591] Trial 517 finished with value: 0.941747572815534 and parameters: {'n_estimators': 343, 'max_depth': 31, 'learning_rate': 0.016105699319676793, 'reg_alpha': 3.773792923381867e-07, 'reg_lambda': 4.635978497317787e-08, 'min_child_weight': 7}. Best is trial 0 with value: 0.941747572815534.
[I 2026-03-24 15:33:53,706] Trial 518 finished with value: 0.941747572815534 and parameters: {'n_estimators': 636, 'max_depth': 21, 'learning_rate': 0.003740207031280915, 'reg_alpha': 0.02283000547554837, 'reg_lambda': 1.3652361085218973e-05, 'min_child_weight': 10}. Best is trial 0 with value: 0.941747572815534.
[I 2026-03-24 15:33:53,766] Trial 519 finished with value: 0.941747572815534 and parameters: {'n_estimators': 231, 'max_depth': 19, 'learning_rate': 0.06066995690569723, 'reg_alpha': 0.039041344973194614, 'reg_lambda': 8.245525242841528e-06, 'min_child_weight': 8}. Best is trial 0 with value: 0.941747572815534.
[I 2026-03-24 15:33:53,895] Trial 520 finished with value: 0.941747572815534 and parameters: {'n_estimators': 737, 'max_depth': 46, 'learning_rate': 0.032312405117718664, 'reg_alpha': 0.010431455813570252, 'reg_lambda': 0.0005888382279751982, 'min_child_weight': 3}. Best is trial 0 with value: 0.941747572815534.
[I 2026-03-24 15:33:54,001] Trial 521 finished with value: 0.941747572815534 and parameters: {'n_estimators': 566, 'max_depth': 33, 'learning_rate': 0.09881672164912128, 'reg_alpha': 0.10077315707940522, 'reg_lambda': 1.7653064672579367e-06, 'min_child_weight': 9}. Best is trial 0 with value: 0.941747572815534.
[I 2026-03-24 15:33:54,064] Trial 522 finished with value: 0.941747572815534 and parameters: {'n_estimators': 251, 'max_depth': 39, 'learning_rate': 0.04893748123147329, 'reg_alpha': 0.002869362180547281, 'reg_lambda': 0.012336849977643775, 'min_child_weight': 2}. Best is trial 0 with value: 0.941747572815534.
[I 2026-03-24 15:33:54,147] Trial 523 finished with value: 0.941747572815534 and parameters: {'n_estimators': 409, 'max_depth': 25, 'learning_rate': 0.006856057081693304, 'reg_alpha': 0.0009579582585094775, 'reg_lambda': 0.00015709530089891145, 'min_child_weight': 9}. Best is trial 0 with value: 0.941747572815534.
[I 2026-03-24 15:33:54,289] Trial 524 finished with value: 0.941747572815534 and parameters: {'n_estimators': 835, 'max_depth': 15, 'learning_rate': 0.019886851787483784, 'reg_alpha': 0.00010487959820877217, 'reg_lambda': 0.0030474110061666747, 'min_child_weight': 10}. Best is trial 0 with value: 0.941747572815534.
[I 2026-03-24 15:33:54,427] Trial 525 finished with value: 0.941747572815534 and parameters: {'n_estimators': 792, 'max_depth': 26, 'learning_rate': 0.002514980405118389, 'reg_alpha': 0.00016480497901228392, 'reg_lambda': 0.023974331844630273, 'min_child_weight': 6}. Best is trial 0 with value: 0.941747572815534.
[I 2026-03-24 15:33:54,572] Trial 526 finished with value: 0.941747572815534 and parameters: {'n_estimators': 856, 'max_depth': 48, 'learning_rate': 0.08089908222742531, 'reg_alpha': 0.0002779819895321671, 'reg_lambda': 0.07531788295513325, 'min_child_weight': 5}. Best is trial 0 with value: 0.941747572815534.
[I 2026-03-24 15:33:54,653] Trial 527 finished with value: 0.941747572815534 and parameters: {'n_estimators': 391, 'max_depth': 41, 'learning_rate': 0.0015440188713189767, 'reg_alpha': 2.043396989788995e-05, 'reg_lambda': 0.0010669952342354148, 'min_child_weight': 10}. Best is trial 0 with value: 0.941747572815534.
[I 2026-03-24 15:33:54,776] Trial 528 finished with value: 0.941747572815534 and parameters: {'n_estimators': 678, 'max_depth': 17, 'learning_rate': 0.0012514546496172996, 'reg_alpha': 1.05051975310722e-05, 'reg_lambda': 2.4036236168017097e-05, 'min_child_weight': 8}. Best is trial 0 with value: 0.941747572815534.
[I 2026-03-24 15:33:54,931] Trial 529 finished with value: 0.941747572815534 and parameters: {'n_estimators': 927, 'max_depth': 23, 'learning_rate': 0.05326782158320334, 'reg_alpha': 0.004798703893423399, 'reg_lambda': 6.846998644697468e-06, 'min_child_weight': 7}. Best is trial 0 with value: 0.941747572815534.
[I 2026-03-24 15:33:55,029] Trial 530 finished with value: 0.941747572815534 and parameters: {'n_estimators': 508, 'max_depth': 27, 'learning_rate': 0.005380923603703548, 'reg_alpha': 0.0006161959665402898, 'reg_lambda': 9.883623005393402e-05, 'min_child_weight': 10}. Best is trial 0 with value: 0.941747572815534.
[I 2026-03-24 15:33:55,155] Trial 531 finished with value: 0.941747572815534 and parameters: {'n_estimators': 714, 'max_depth': 12, 'learning_rate': 0.04352172143693068, 'reg_alpha': 0.06644315503227073, 'reg_lambda': 3.5293144429878076e-06, 'min_child_weight': 9}. Best is trial 0 with value: 0.941747572815534.
[I 2026-03-24 15:33:55,234] Trial 532 finished with value: 0.941747572815534 and parameters: {'n_estimators': 374, 'max_depth': 36, 'learning_rate': 0.02845212257367412, 'reg_alpha': 4.0142856535399434e-05, 'reg_lambda': 1.0583317909593591e-08, 'min_child_weight': 6}. Best is trial 0 with value: 0.941747572815534.
[I 2026-03-24 15:33:55,347] Trial 533 finished with value: 0.941747572815534 and parameters: {'n_estimators': 613, 'max_depth': 38, 'learning_rate': 0.03313532408788442, 'reg_alpha': 2.5855215716332795e-07, 'reg_lambda': 0.0016287099257617044, 'min_child_weight': 8}. Best is trial 0 with value: 0.941747572815534.
[I 2026-03-24 15:33:55,498] Trial 534 finished with value: 0.941747572815534 and parameters: {'n_estimators': 896, 'max_depth': 24, 'learning_rate': 0.002058469239544154, 'reg_alpha': 3.330654330190088e-06, 'reg_lambda': 0.3828941872507099, 'min_child_weight': 4}. Best is trial 0 with value: 0.941747572815534.
[I 2026-03-24 15:33:55,589] Trial 535 finished with value: 0.941747572815534 and parameters: {'n_estimators': 461, 'max_depth': 44, 'learning_rate': 0.0033562165433554158, 'reg_alpha': 0.2850888070009507, 'reg_lambda': 2.8563626834183716e-08, 'min_child_weight': 7}. Best is trial 0 with value: 0.941747572815534.
[I 2026-03-24 15:33:55,655] Trial 536 finished with value: 0.941747572815534 and parameters: {'n_estimators': 275, 'max_depth': 29, 'learning_rate': 0.0010742434544103805, 'reg_alpha': 0.0015655165276252405, 'reg_lambda': 0.0002662072264959796, 'min_child_weight': 2}. Best is trial 0 with value: 0.941747572815534.
[I 2026-03-24 15:33:55,757] Trial 537 finished with value: 0.941747572815534 and parameters: {'n_estimators': 542, 'max_depth': 18, 'learning_rate': 0.013261077375135035, 'reg_alpha': 5.885617206263907e-06, 'reg_lambda': 4.596847404802423e-05, 'min_child_weight': 3}. Best is trial 0 with value: 0.941747572815534.
[I 2026-03-24 15:33:55,897] Trial 538 finished with value: 0.941747572815534 and parameters: {'n_estimators': 815, 'max_depth': 6, 'learning_rate': 0.06815461396394663, 'reg_alpha': 0.007094014447736138, 'reg_lambda': 1.629413067333172e-05, 'min_child_weight': 10}. Best is trial 0 with value: 0.941747572815534.
[I 2026-03-24 15:33:56,057] Trial 539 finished with value: 0.941747572815534 and parameters: {'n_estimators': 957, 'max_depth': 20, 'learning_rate': 0.035451651523664016, 'reg_alpha': 8.264340510675644e-05, 'reg_lambda': 5.390966003993324e-06, 'min_child_weight': 6}. Best is trial 0 with value: 0.941747572815534.
[I 2026-03-24 15:33:56,203] Trial 540 finished with value: 0.941747572815534 and parameters: {'n_estimators': 866, 'max_depth': 14, 'learning_rate': 0.009433323951230465, 'reg_alpha': 0.14329563598957906, 'reg_lambda': 0.007370338697186249, 'min_child_weight': 9}. Best is trial 0 with value: 0.941747572815534.
[I 2026-03-24 15:33:56,352] Trial 541 finished with value: 0.941747572815534 and parameters: {'n_estimators': 880, 'max_depth': 22, 'learning_rate': 0.05756143603684044, 'reg_alpha': 0.0025426070073439324, 'reg_lambda': 0.0033068849222836014, 'min_child_weight': 10}. Best is trial 0 with value: 0.941747572815534.
[I 2026-03-24 15:33:56,430] Trial 542 finished with value: 0.941747572815534 and parameters: {'n_estimators': 213, 'max_depth': 31, 'learning_rate': 0.006281239602274519, 'reg_alpha': 0.00039861700992515026, 'reg_lambda': 4.61662793561524e-07, 'min_child_weight': 1}. Best is trial 0 with value: 0.941747572815534.
[I 2026-03-24 15:33:56,508] Trial 543 finished with value: 0.941747572815534 and parameters: {'n_estimators': 352, 'max_depth': 25, 'learning_rate': 0.08948883734431479, 'reg_alpha': 0.020924283780062225, 'reg_lambda': 8.163001218778633e-08, 'min_child_weight': 7}. Best is trial 0 with value: 0.941747572815534.
[I 2026-03-24 15:33:56,640] Trial 544 finished with value: 0.941747572815534 and parameters: {'n_estimators': 760, 'max_depth': 50, 'learning_rate': 0.0045941414357839674, 'reg_alpha': 0.20644255593383237, 'reg_lambda': 0.0004379973314934305, 'min_child_weight': 8}. Best is trial 0 with value: 0.941747572815534.
[I 2026-03-24 15:33:56,734] Trial 545 finished with value: 0.941747572815534 and parameters: {'n_estimators': 485, 'max_depth': 43, 'learning_rate': 0.008409431296536145, 'reg_alpha': 2.7889998799142763e-08, 'reg_lambda': 1.065188784641309e-05, 'min_child_weight': 5}. Best is trial 0 with value: 0.941747572815534.
[I 2026-03-24 15:33:56,821] Trial 546 finished with value: 0.941747572815534 and parameters: {'n_estimators': 421, 'max_depth': 16, 'learning_rate': 0.040084817737627634, 'reg_alpha': 0.7112869304108788, 'reg_lambda': 2.086049479129626e-07, 'min_child_weight': 9}. Best is trial 0 with value: 0.941747572815534.
[I 2026-03-24 15:33:56,893] Trial 547 finished with value: 0.941747572815534 and parameters: {'n_estimators': 327, 'max_depth': 23, 'learning_rate': 0.0030082301946295895, 'reg_alpha': 9.56045435852828e-08, 'reg_lambda': 6.896476156513494e-05, 'min_child_weight': 10}. Best is trial 0 with value: 0.941747572815534.
[I 2026-03-24 15:33:57,048] Trial 548 finished with value: 0.941747572815534 and parameters: {'n_estimators': 917, 'max_depth': 9, 'learning_rate': 0.04704731297643675, 'reg_alpha': 0.003649243525350301, 'reg_lambda': 3.177619979948027e-05, 'min_child_weight': 6}. Best is trial 0 with value: 0.941747572815534.
[I 2026-03-24 15:33:57,191] Trial 549 finished with value: 0.941747572815534 and parameters: {'n_estimators': 843, 'max_depth': 12, 'learning_rate': 0.02472077620371723, 'reg_alpha': 0.011025999691418042, 'reg_lambda': 0.15235282122952498, 'min_child_weight': 4}. Best is trial 0 with value: 0.941747572815534.
[I 2026-03-24 15:33:57,290] Trial 550 finished with value: 0.941747572815534 and parameters: {'n_estimators': 523, 'max_depth': 47, 'learning_rate': 0.01780199002422164, 'reg_alpha': 1.8366793314116445e-06, 'reg_lambda': 0.0007400257375440966, 'min_child_weight': 9}. Best is trial 0 with value: 0.941747572815534.
[I 2026-03-24 15:33:57,451] Trial 551 finished with value: 0.941747572815534 and parameters: {'n_estimators': 978, 'max_depth': 24, 'learning_rate': 0.007389176961265778, 'reg_alpha': 0.028477457066100827, 'reg_lambda': 2.0565433667542612e-05, 'min_child_weight': 7}. Best is trial 0 with value: 0.941747572815534.
