[I 2026-03-24 15:38:35,781] Trial 361 finished with value: 0.9154228855721394 and parameters: {'n_estimators': 387, 'max_depth': 37, 'learning_rate': 0.004730396416247587, 'reg_alpha': 2.7763670533717433e-05, 'reg_lambda': 6.548648349969304e-06, 'min_child_weight': 4}. Best is trial 0 with value: 0.9154228855721394.
[I 2026-03-24 15:38:35,827] Trial 362 finished with value: 0.9154228855721394 and parameters: {'n_estimators': 200, 'max_depth': 20, 'learning_rate': 0.001406991212363179, 'reg_alpha': 0.07737815267731409, 'reg_lambda': 7.14128909802431e-07, 'min_child_weight': 6}. Best is trial 0 with value: 0.9154228855721394.
[I 2026-03-24 15:38:35,876] Trial 363 finished with value: 0.9154228855721394 and parameters: {'n_estimators': 220, 'max_depth': 31, 'learning_rate': 0.0012756904509469392, 'reg_alpha': 0.001745322188933926, 'reg_lambda': 1.684503507731298e-05, 'min_child_weight': 8}. Best is trial 0 with value: 0.9154228855721394.
[I 2026-03-24 15:38:35,974] Trial 364 finished with value: 0.9154228855721394 and parameters: {'n_estimators': 678, 'max_depth': 41, 'learning_rate': 0.0018660421949991683, 'reg_alpha': 0.012987943978138423, 'reg_lambda': 3.42959760110307e-08, 'min_child_weight': 3}. Best is trial 0 with value: 0.9154228855721394.
[I 2026-03-24 15:38:36,104] Trial 365 finished with value: 0.9154228855721394 and parameters: {'n_estimators': 969, 'max_depth': 18, 'learning_rate': 0.0030152450076470013, 'reg_alpha': 0.005058829401036292, 'reg_lambda': 0.004013504503847809, 'min_child_weight': 1}. Best is trial 0 with value: 0.9154228855721394.
[I 2026-03-24 15:38:36,213] Trial 366 finished with value: 0.9154228855721394 and parameters: {'n_estimators': 782, 'max_depth': 22, 'learning_rate': 0.094427898715839, 'reg_alpha': 0.024562356663302802, 'reg_lambda': 1.3288776717777148e-08, 'min_child_weight': 7}. Best is trial 0 with value: 0.9154228855721394.
[I 2026-03-24 15:38:36,302] Trial 367 finished with value: 0.9154228855721394 and parameters: {'n_estimators': 588, 'max_depth': 24, 'learning_rate': 0.0020343331613255065, 'reg_alpha': 0.0006794262025472819, 'reg_lambda': 2.593177100312041e-06, 'min_child_weight': 7}. Best is trial 0 with value: 0.9154228855721394.
[I 2026-03-24 15:38:36,386] Trial 368 finished with value: 0.9154228855721394 and parameters: {'n_estimators': 552, 'max_depth': 40, 'learning_rate': 0.07488901360123965, 'reg_alpha': 4.3875339880460043e-08, 'reg_lambda': 3.7264294902678666e-07, 'min_child_weight': 6}. Best is trial 0 with value: 0.9154228855721394.
[I 2026-03-24 15:38:36,466] Trial 369 finished with value: 0.9154228855721394 and parameters: {'n_estimators': 502, 'max_depth': 42, 'learning_rate': 0.0032374225542645845, 'reg_alpha': 0.12106199367974096, 'reg_lambda': 7.596961325330662e-05, 'min_child_weight': 9}. Best is trial 0 with value: 0.9154228855721394.
[I 2026-03-24 15:38:36,558] Trial 370 finished with value: 0.9154228855721394 and parameters: {'n_estimators': 621, 'max_depth': 44, 'learning_rate': 0.005787086916703727, 'reg_alpha': 0.6049987213660913, 'reg_lambda': 8.935371133217668e-08, 'min_child_weight': 8}. Best is trial 0 with value: 0.9154228855721394.
[I 2026-03-24 15:38:36,683] Trial 371 finished with value: 0.9154228855721394 and parameters: {'n_estimators': 916, 'max_depth': 14, 'learning_rate': 0.001179311181156681, 'reg_alpha': 0.001133870510673228, 'reg_lambda': 0.0009303736580455352, 'min_child_weight': 10}. Best is trial 0 with value: 0.9154228855721394.
[I 2026-03-24 15:38:36,777] Trial 372 finished with value: 0.9154228855721394 and parameters: {'n_estimators': 643, 'max_depth': 48, 'learning_rate': 0.0015375918991317927, 'reg_alpha': 3.3070622128002752e-06, 'reg_lambda': 1.8326685656109752e-07, 'min_child_weight': 4}. Best is trial 0 with value: 0.9154228855721394.
[I 2026-03-24 15:38:36,850] Trial 373 finished with value: 0.9154228855721394 and parameters: {'n_estimators': 427, 'max_depth': 15, 'learning_rate': 0.015148340799151356, 'reg_alpha': 0.002791968717500943, 'reg_lambda': 0.00016805359608173149, 'min_child_weight': 1}. Best is trial 0 with value: 0.9154228855721394.
[I 2026-03-24 15:38:36,900] Trial 374 finished with value: 0.9154228855721394 and parameters: {'n_estimators': 236, 'max_depth': 26, 'learning_rate': 0.001348444737924735, 'reg_alpha': 0.00013552661381803645, 'reg_lambda': 2.352941426242056e-08, 'min_child_weight': 3}. Best is trial 0 with value: 0.9154228855721394.
[I 2026-03-24 15:38:36,954] Trial 375 finished with value: 0.9154228855721394 and parameters: {'n_estimators': 264, 'max_depth': 8, 'learning_rate': 0.0026791028336460355, 'reg_alpha': 1.1000319666991265e-08, 'reg_lambda': 3.8629444450932565e-05, 'min_child_weight': 6}. Best is trial 0 with value: 0.9154228855721394.
[I 2026-03-24 15:38:37,080] Trial 376 finished with value: 0.9154228855721394 and parameters: {'n_estimators': 935, 'max_depth': 21, 'learning_rate': 0.012136999238748527, 'reg_alpha': 1.4635264037092246e-07, 'reg_lambda': 1.0035165645234365e-08, 'min_child_weight': 5}. Best is trial 0 with value: 0.9154228855721394.
[I 2026-03-24 15:38:37,187] Trial 377 finished with value: 0.9154228855721394 and parameters: {'n_estimators': 759, 'max_depth': 29, 'learning_rate': 0.00372945827431937, 'reg_alpha': 1.5432047251331663e-05, 'reg_lambda': 0.006815350018198936, 'min_child_weight': 8}. Best is trial 0 with value: 0.9154228855721394.
[I 2026-03-24 15:38:37,277] Trial 378 finished with value: 0.9154228855721394 and parameters: {'n_estimators': 600, 'max_depth': 9, 'learning_rate': 0.0010941517266721348, 'reg_alpha': 0.9951666690705232, 'reg_lambda': 1.0167859049763666e-05, 'min_child_weight': 2}. Best is trial 0 with value: 0.9154228855721394.
[I 2026-03-24 15:38:37,411] Trial 379 finished with value: 0.9154228855721394 and parameters: {'n_estimators': 999, 'max_depth': 39, 'learning_rate': 0.0667118684446741, 'reg_alpha': 0.36646910923242143, 'reg_lambda': 1.6900477402737023e-06, 'min_child_weight': 9}. Best is trial 0 with value: 0.9154228855721394.
[I 2026-03-24 15:38:37,532] Trial 380 finished with value: 0.9154228855721394 and parameters: {'n_estimators': 899, 'max_depth': 34, 'learning_rate': 0.01891452455234161, 'reg_alpha': 2.037537134419505e-08, 'reg_lambda': 0.0023156724512169427, 'min_child_weight': 7}. Best is trial 0 with value: 0.9154228855721394.
[I 2026-03-24 15:38:37,591] Trial 381 finished with value: 0.9154228855721394 and parameters: {'n_estimators': 299, 'max_depth': 46, 'learning_rate': 0.0021870262855717363, 'reg_alpha': 0.23260873485144803, 'reg_lambda': 0.0014255611009649637, 'min_child_weight': 5}. Best is trial 0 with value: 0.9154228855721394.
[I 2026-03-24 15:38:37,655] Trial 382 finished with value: 0.9154228855721394 and parameters: {'n_estimators': 369, 'max_depth': 32, 'learning_rate': 0.001001564047193592, 'reg_alpha': 4.1724144886223796e-05, 'reg_lambda': 2.3722049353570717e-05, 'min_child_weight': 10}. Best is trial 0 with value: 0.9154228855721394.
[I 2026-03-24 15:38:37,773] Trial 383 finished with value: 0.9154228855721394 and parameters: {'n_estimators': 850, 'max_depth': 20, 'learning_rate': 0.0017219142714895352, 'reg_alpha': 7.265419975249006e-06, 'reg_lambda': 0.2942904483683456, 'min_child_weight': 8}. Best is trial 0 with value: 0.9154228855721394.
[I 2026-03-24 15:38:37,861] Trial 384 finished with value: 0.9154228855721394 and parameters: {'n_estimators': 574, 'max_depth': 6, 'learning_rate': 0.008947769227263577, 'reg_alpha': 4.899151380226095e-07, 'reg_lambda': 0.00035192279071831744, 'min_child_weight': 6}. Best is trial 0 with value: 0.9154228855721394.
[I 2026-03-24 15:38:37,982] Trial 385 finished with value: 0.9154228855721394 and parameters: {'n_estimators': 876, 'max_depth': 27, 'learning_rate': 0.0014956265448721506, 'reg_alpha': 0.0004740834090522251, 'reg_lambda': 2.914858865879441e-07, 'min_child_weight': 4}. Best is trial 0 with value: 0.9154228855721394.
[I 2026-03-24 15:38:38,052] Trial 386 finished with value: 0.9154228855721394 and parameters: {'n_estimators': 408, 'max_depth': 35, 'learning_rate': 0.007412834688157631, 'reg_alpha': 1.1279511785774763e-06, 'reg_lambda': 6.109127610695249e-08, 'min_child_weight': 1}. Best is trial 0 with value: 0.9154228855721394.
[I 2026-03-24 15:38:38,113] Trial 387 finished with value: 0.9154228855721394 and parameters: {'n_estimators': 335, 'max_depth': 25, 'learning_rate': 0.0012306094500724785, 'reg_alpha': 0.08290874870135852, 'reg_lambda': 0.009461027422807513, 'min_child_weight': 7}. Best is trial 0 with value: 0.9154228855721394.
[I 2026-03-24 15:38:38,211] Trial 388 finished with value: 0.9154228855721394 and parameters: {'n_estimators': 664, 'max_depth': 12, 'learning_rate': 0.005266576398404547, 'reg_alpha': 0.0002581972242616982, 'reg_lambda': 7.944276182575145e-07, 'min_child_weight': 3}. Best is trial 0 with value: 0.9154228855721394.
[I 2026-03-24 15:38:38,317] Trial 389 finished with value: 0.9154228855721394 and parameters: {'n_estimators': 733, 'max_depth': 23, 'learning_rate': 0.0011104492461775505, 'reg_alpha': 0.006463266409066264, 'reg_lambda': 0.04118052824690187, 'min_child_weight': 6}. Best is trial 0 with value: 0.9154228855721394.
[I 2026-03-24 15:38:38,377] Trial 390 finished with value: 0.9154228855721394 and parameters: {'n_estimators': 311, 'max_depth': 42, 'learning_rate': 0.003427432094595074, 'reg_alpha': 0.1627895275792028, 'reg_lambda': 1.206528670188582e-06, 'min_child_weight': 8}. Best is trial 0 with value: 0.9154228855721394.
[I 2026-03-24 15:38:38,481] Trial 391 finished with value: 0.9154228855721394 and parameters: {'n_estimators': 715, 'max_depth': 49, 'learning_rate': 0.00203568073049324, 'reg_alpha': 0.053509619736673, 'reg_lambda': 4.828448197819373e-07, 'min_child_weight': 10}. Best is trial 0 with value: 0.9154228855721394.
[I 2026-03-24 15:38:38,558] Trial 392 finished with value: 0.9154228855721394 and parameters: {'n_estimators': 462, 'max_depth': 10, 'learning_rate': 0.027032089462784396, 'reg_alpha': 7.889515781559758e-05, 'reg_lambda': 7.667759695543213e-06, 'min_child_weight': 8}. Best is trial 0 with value: 0.9154228855721394.
[I 2026-03-24 15:38:38,640] Trial 393 finished with value: 0.9154228855721394 and parameters: {'n_estimators': 534, 'max_depth': 37, 'learning_rate': 0.0024177025088303866, 'reg_alpha': 3.24224251327562e-07, 'reg_lambda': 1.4872825330958825e-05, 'min_child_weight': 7}. Best is trial 0 with value: 0.9154228855721394.
[I 2026-03-24 15:38:38,774] Trial 394 finished with value: 0.9154228855721394 and parameters: {'n_estimators': 977, 'max_depth': 26, 'learning_rate': 0.006485161712024455, 'reg_alpha': 0.003450051304382989, 'reg_lambda': 4.656093189962359e-06, 'min_child_weight': 9}. Best is trial 0 with value: 0.9154228855721394.
[I 2026-03-24 15:38:38,875] Trial 395 finished with value: 0.9154228855721394 and parameters: {'n_estimators': 692, 'max_depth': 28, 'learning_rate': 0.00418626595457311, 'reg_alpha': 0.015604147336688395, 'reg_lambda': 1.0650086903697641e-07, 'min_child_weight': 5}. Best is trial 0 with value: 0.9154228855721394.
[I 2026-03-24 15:38:38,989] Trial 396 finished with value: 0.9154228855721394 and parameters: {'n_estimators': 794, 'max_depth': 47, 'learning_rate': 0.08058807621966478, 'reg_alpha': 9.711741117088607e-08, 'reg_lambda': 0.00010503564479714707, 'min_child_weight': 3}. Best is trial 0 with value: 0.9154228855721394.
[I 2026-03-24 15:38:39,116] Trial 397 finished with value: 0.9154228855721394 and parameters: {'n_estimators': 954, 'max_depth': 24, 'learning_rate': 0.001314074334750716, 'reg_alpha': 0.0001800653585653824, 'reg_lambda': 2.7571260756001767e-06, 'min_child_weight': 7}. Best is trial 0 with value: 0.9154228855721394.
[I 2026-03-24 15:38:39,196] Trial 398 finished with value: 0.9154228855721394 and parameters: {'n_estimators': 517, 'max_depth': 19, 'learning_rate': 0.010574271396246199, 'reg_alpha': 0.0022934973210544, 'reg_lambda': 1.766818156124953e-08, 'min_child_weight': 2}. Best is trial 0 with value: 0.9154228855721394.
[I 2026-03-24 15:38:39,280] Trial 399 finished with value: 0.9154228855721394 and parameters: {'n_estimators': 558, 'max_depth': 17, 'learning_rate': 0.0018667618036749317, 'reg_alpha': 7.514355801017955e-07, 'reg_lambda': 2.1707294101852215e-07, 'min_child_weight': 6}. Best is trial 0 with value: 0.9154228855721394.
[I 2026-03-24 15:38:39,347] Trial 400 finished with value: 0.9154228855721394 and parameters: {'n_estimators': 380, 'max_depth': 50, 'learning_rate': 0.001611532807415775, 'reg_alpha': 0.5769674133977786, 'reg_lambda': 0.005281733116256423, 'min_child_weight': 3}. Best is trial 0 with value: 0.9154228855721394.
[I 2026-03-24 15:38:39,416] Trial 401 finished with value: 0.9154228855721394 and parameters: {'n_estimators': 397, 'max_depth': 16, 'learning_rate': 0.013694105355440035, 'reg_alpha': 5.9801696741949704e-05, 'reg_lambda': 1.3464258648646963e-07, 'min_child_weight': 4}. Best is trial 0 with value: 0.9154228855721394.
[I 2026-03-24 15:38:39,469] Trial 402 finished with value: 0.9154228855721394 and parameters: {'n_estimators': 248, 'max_depth': 31, 'learning_rate': 0.004745972042906947, 'reg_alpha': 0.0012860854366170576, 'reg_lambda': 5.791761378450896e-05, 'min_child_weight': 9}. Best is trial 0 with value: 0.9154228855721394.
[I 2026-03-24 15:38:39,563] Trial 403 finished with value: 0.9154228855721394 and parameters: {'n_estimators': 629, 'max_depth': 33, 'learning_rate': 0.001417446481988957, 'reg_alpha': 6.68810788859096e-08, 'reg_lambda': 3.687297153072659e-08, 'min_child_weight': 1}. Best is trial 0 with value: 0.9154228855721394.
[I 2026-03-24 15:38:39,637] Trial 404 finished with value: 0.9154228855721394 and parameters: {'n_estimators': 443, 'max_depth': 39, 'learning_rate': 0.05959233267668121, 'reg_alpha': 2.813140153669407e-08, 'reg_lambda': 3.2157783171460454e-05, 'min_child_weight': 8}. Best is trial 0 with value: 0.9154228855721394.
[I 2026-03-24 15:38:39,715] Trial 405 finished with value: 0.9154228855721394 and parameters: {'n_estimators': 476, 'max_depth': 38, 'learning_rate': 0.0029290224499241573, 'reg_alpha': 0.0008535905148793215, 'reg_lambda': 0.0034716787168732237, 'min_child_weight': 6}. Best is trial 0 with value: 0.9154228855721394.
[I 2026-03-24 15:38:39,764] Trial 406 finished with value: 0.9154228855721394 and parameters: {'n_estimators': 222, 'max_depth': 25, 'learning_rate': 0.0011680815223469925, 'reg_alpha': 2.0883324658102924e-06, 'reg_lambda': 4.2893644328412676e-07, 'min_child_weight': 7}. Best is trial 0 with value: 0.9154228855721394.
[I 2026-03-24 15:38:39,878] Trial 407 finished with value: 0.9154228855721394 and parameters: {'n_estimators': 820, 'max_depth': 27, 'learning_rate': 0.0010011048047604044, 'reg_alpha': 3.104756891353864e-05, 'reg_lambda': 5.952383201716779e-07, 'min_child_weight': 8}. Best is trial 0 with value: 0.9154228855721394.
[I 2026-03-24 15:38:39,968] Trial 408 finished with value: 0.9154228855721394 and parameters: {'n_estimators': 590, 'max_depth': 22, 'learning_rate': 0.042855043977278025, 'reg_alpha': 0.009905348321369906, 'reg_lambda': 5.969043957465323e-08, 'min_child_weight': 10}. Best is trial 0 with value: 0.9154228855721394.
[I 2026-03-24 15:38:40,033] Trial 409 finished with value: 0.9154228855721394 and parameters: {'n_estimators': 356, 'max_depth': 29, 'learning_rate': 0.005951877068637128, 'reg_alpha': 9.404927283019511e-06, 'reg_lambda': 0.0006692463951120247, 'min_child_weight': 5}. Best is trial 0 with value: 0.9154228855721394.
[I 2026-03-24 15:38:40,104] Trial 410 finished with value: 0.9154228855721394 and parameters: {'n_estimators': 419, 'max_depth': 18, 'learning_rate': 0.08775510445241233, 'reg_alpha': 2.0077319842041474e-05, 'reg_lambda': 1.9556956706686153e-05, 'min_child_weight': 4}. Best is trial 0 with value: 0.9154228855721394.
[I 2026-03-24 15:38:40,184] Trial 411 finished with value: 0.9154228855721394 and parameters: {'n_estimators': 499, 'max_depth': 23, 'learning_rate': 0.021562766606047026, 'reg_alpha': 0.030389492196261986, 'reg_lambda': 6.610780013541909e-06, 'min_child_weight': 7}. Best is trial 0 with value: 0.9154228855721394.
[I 2026-03-24 15:38:40,242] Trial 412 finished with value: 0.9154228855721394 and parameters: {'n_estimators': 285, 'max_depth': 45, 'learning_rate': 0.0038994904597593654, 'reg_alpha': 4.805477775982567e-06, 'reg_lambda': 1.4512503902390975e-06, 'min_child_weight': 2}. Best is trial 0 with value: 0.9154228855721394.
[I 2026-03-24 15:38:40,335] Trial 413 finished with value: 0.9154228855721394 and parameters: {'n_estimators': 615, 'max_depth': 46, 'learning_rate': 0.001778856339969754, 'reg_alpha': 0.2848224955611053, 'reg_lambda': 3.5269493678677595e-06, 'min_child_weight': 10}. Best is trial 0 with value: 0.9154228855721394.
[I 2026-03-24 15:38:40,423] Trial 414 finished with value: 0.9154228855721394 and parameters: {'n_estimators': 569, 'max_depth': 13, 'learning_rate': 0.0032566566322352617, 'reg_alpha': 0.00011762714676084896, 'reg_lambda': 8.765650133259927e-08, 'min_child_weight': 3}. Best is trial 0 with value: 0.9154228855721394.
[I 2026-03-24 15:38:40,520] Trial 415 finished with value: 0.9154228855721394 and parameters: {'n_estimators': 646, 'max_depth': 40, 'learning_rate': 0.04959888594102237, 'reg_alpha': 0.10940028766167913, 'reg_lambda': 0.00025561458877400756, 'min_child_weight': 9}. Best is trial 0 with value: 0.9154228855721394.
[I 2026-03-24 15:38:40,641] Trial 416 finished with value: 0.9154228855721394 and parameters: {'n_estimators': 869, 'max_depth': 35, 'learning_rate': 0.0025707980387090577, 'reg_alpha': 3.044463818888932e-06, 'reg_lambda': 8.948533204135066e-07, 'min_child_weight': 5}. Best is trial 0 with value: 0.9154228855721394.
[I 2026-03-24 15:38:40,759] Trial 417 finished with value: 0.9154228855721394 and parameters: {'n_estimators': 837, 'max_depth': 44, 'learning_rate': 0.0022695916964775046, 'reg_alpha': 0.004499221831228192, 'reg_lambda': 1.1938124889430735e-05, 'min_child_weight': 1}. Best is trial 0 with value: 0.9154228855721394.
[I 2026-03-24 15:38:40,845] Trial 418 finished with value: 0.9154228855721394 and parameters: {'n_estimators': 546, 'max_depth': 11, 'learning_rate': 0.0014319528620075463, 'reg_alpha': 0.0005267247208048184, 'reg_lambda': 0.0020584165679123152, 'min_child_weight': 8}. Best is trial 0 with value: 0.9154228855721394.
[I 2026-03-24 15:38:40,953] Trial 419 finished with value: 0.9154228855721394 and parameters: {'n_estimators': 754, 'max_depth': 21, 'learning_rate': 0.007836711414407957, 'reg_alpha': 0.0016643438997124482, 'reg_lambda': 0.09947441556007162, 'min_child_weight': 6}. Best is trial 0 with value: 0.9154228855721394.
[I 2026-03-24 15:38:41,079] Trial 420 finished with value: 0.9154228855721394 and parameters: {'n_estimators': 916, 'max_depth': 43, 'learning_rate': 0.0013046997690515482, 'reg_alpha': 0.0002700387251024361, 'reg_lambda': 2.885551525334047e-07, 'min_child_weight': 7}. Best is trial 0 with value: 0.9154228855721394.
[I 2026-03-24 15:38:41,213] Trial 421 finished with value: 0.9154228855721394 and parameters: {'n_estimators': 988, 'max_depth': 26, 'learning_rate': 0.0020879135179145214, 'reg_alpha': 0.40558628693457754, 'reg_lambda': 1.6537157475411436e-07, 'min_child_weight': 6}. Best is trial 0 with value: 0.9154228855721394.
[I 2026-03-24 15:38:41,321] Trial 422 finished with value: 0.9154228855721394 and parameters: {'n_estimators': 741, 'max_depth': 19, 'learning_rate': 0.0011898925582413886, 'reg_alpha': 0.14816422801592977, 'reg_lambda': 0.17798487431918256, 'min_child_weight': 5}. Best is trial 0 with value: 0.9154228855721394.
[I 2026-03-24 15:38:41,389] Trial 423 finished with value: 0.9154228855721394 and parameters: {'n_estimators': 385, 'max_depth': 36, 'learning_rate': 0.007028489415103721, 'reg_alpha': 0.06855629564626722, 'reg_lambda': 0.4910687535518239, 'min_child_weight': 8}. Best is trial 0 with value: 0.9154228855721394.
[I 2026-03-24 15:38:41,491] Trial 424 finished with value: 0.9154228855721394 and parameters: {'n_estimators': 684, 'max_depth': 48, 'learning_rate': 0.07080885831023699, 'reg_alpha': 9.260312739814845e-05, 'reg_lambda': 1.745885110156064e-08, 'min_child_weight': 7}. Best is trial 0 with value: 0.9154228855721394.
[I 2026-03-24 15:38:41,620] Trial 425 finished with value: 0.9154228855721394 and parameters: {'n_estimators': 939, 'max_depth': 24, 'learning_rate': 0.017515284426548962, 'reg_alpha': 0.0003299895993481401, 'reg_lambda': 0.001146625259178773, 'min_child_weight': 3}. Best is trial 0 with value: 0.9154228855721394.
[I 2026-03-24 15:38:41,743] Trial 426 finished with value: 0.9154228855721394 and parameters: {'n_estimators': 887, 'max_depth': 30, 'learning_rate': 0.0011029790521486936, 'reg_alpha': 0.6706909421045063, 'reg_lambda': 7.698363446500968e-05, 'min_child_weight': 9}. Best is trial 0 with value: 0.9154228855721394.
[I 2026-03-24 15:38:41,816] Trial 427 finished with value: 0.9154228855721394 and parameters: {'n_estimators': 448, 'max_depth': 32, 'learning_rate': 0.00518794459761082, 'reg_alpha': 1.3017251039291394e-05, 'reg_lambda': 0.00018657444620037703, 'min_child_weight': 4}. Best is trial 0 with value: 0.9154228855721394.
[I 2026-03-24 15:38:41,931] Trial 428 finished with value: 0.9154228855721394 and parameters: {'n_estimators': 807, 'max_depth': 15, 'learning_rate': 0.009622888726758495, 'reg_alpha': 0.00019093154607559984, 'reg_lambda': 2.3253267365534234e-06, 'min_child_weight': 10}. Best is trial 0 with value: 0.9154228855721394.
[I 2026-03-24 15:38:42,004] Trial 429 finished with value: 0.9154228855721394 and parameters: {'n_estimators': 426, 'max_depth': 41, 'learning_rate': 0.012039957341162357, 'reg_alpha': 0.019649180742490793, 'reg_lambda': 0.013437551820073616, 'min_child_weight': 2}. Best is trial 0 with value: 0.9154228855721394.
