[I 2026-03-24 15:30:16,404] Trial 69 finished with value: 0.941747572815534 and parameters: {'n_estimators': 239, 'max_depth': 26, 'learning_rate': 0.02061286580968013, 'reg_alpha': 0.4713745441545081, 'reg_lambda': 0.0030106090424763107, 'min_child_weight': 7}. Best is trial 0 with value: 0.941747572815534.
[I 2026-03-24 15:30:16,508] Trial 70 finished with value: 0.941747572815534 and parameters: {'n_estimators': 802, 'max_depth': 46, 'learning_rate': 0.0037156770525360898, 'reg_alpha': 8.95472772737485e-05, 'reg_lambda': 0.11345473925224873, 'min_child_weight': 6}. Best is trial 0 with value: 0.941747572815534.
[I 2026-03-24 15:30:16,601] Trial 71 finished with value: 0.941747572815534 and parameters: {'n_estimators': 736, 'max_depth': 21, 'learning_rate': 0.0456667863343649, 'reg_alpha': 1.1161308809068742e-07, 'reg_lambda': 1.2349455411538875e-08, 'min_child_weight': 5}. Best is trial 0 with value: 0.941747572815534.
[I 2026-03-24 15:30:16,693] Trial 72 finished with value: 0.941747572815534 and parameters: {'n_estimators': 651, 'max_depth': 14, 'learning_rate': 0.07627584348568801, 'reg_alpha': 4.7020707013164e-08, 'reg_lambda': 1.0713683174039461e-07, 'min_child_weight': 6}. Best is trial 0 with value: 0.941747572815534.
[I 2026-03-24 15:30:16,779] Trial 73 finished with value: 0.941747572815534 and parameters: {'n_estimators': 601, 'max_depth': 18, 'learning_rate': 0.03285022515827168, 'reg_alpha': 5.28796102629719e-07, 'reg_lambda': 2.1131525287008034e-07, 'min_child_weight': 8}. Best is trial 0 with value: 0.941747572815534.
[I 2026-03-24 15:30:16,843] Trial 74 finished with value: 0.941747572815534 and parameters: {'n_estimators': 417, 'max_depth': 24, 'learning_rate': 0.04113660592346223, 'reg_alpha': 1.0724285155394178e-08, 'reg_lambda': 2.2428233118387904e-06, 'min_child_weight': 7}. Best is trial 0 with value: 0.941747572815534.
[I 2026-03-24 15:30:16,920] Trial 75 finished with value: 0.941747572815534 and parameters: {'n_estimators': 563, 'max_depth': 20, 'learning_rate': 0.06092900447233107, 'reg_alpha': 2.7864267332036837e-07, 'reg_lambda': 8.49825955557035e-08, 'min_child_weight': 6}. Best is trial 0 with value: 0.941747572815534.
[I 2026-03-24 15:30:16,979] Trial 76 finished with value: 0.941747572815534 and parameters: {'n_estimators': 370, 'max_depth': 22, 'learning_rate': 0.022710665775834058, 'reg_alpha': 1.418692261525594e-07, 'reg_lambda': 1.2489213044439577e-06, 'min_child_weight': 9}. Best is trial 0 with value: 0.941747572815534.
[I 2026-03-24 15:30:17,034] Trial 77 finished with value: 0.941747572815534 and parameters: {'n_estimators': 344, 'max_depth': 30, 'learning_rate': 0.05089856938109247, 'reg_alpha': 3.580612584378128e-08, 'reg_lambda': 0.00809997305278628, 'min_child_weight': 7}. Best is trial 0 with value: 0.941747572815534.
[I 2026-03-24 15:30:17,126] Trial 78 finished with value: 0.941747572815534 and parameters: {'n_estimators': 678, 'max_depth': 42, 'learning_rate': 0.027445303901515367, 'reg_alpha': 7.3429685062335945e-06, 'reg_lambda': 2.2347463988000727e-08, 'min_child_weight': 5}. Best is trial 0 with value: 0.941747572815534.
[I 2026-03-24 15:30:17,213] Trial 79 finished with value: 0.941747572815534 and parameters: {'n_estimators': 622, 'max_depth': 39, 'learning_rate': 0.0163767129414996, 'reg_alpha': 0.020200073035096862, 'reg_lambda': 0.5212315264587568, 'min_child_weight': 2}. Best is trial 0 with value: 0.941747572815534.
[I 2026-03-24 15:30:17,290] Trial 80 finished with value: 0.941747572815534 and parameters: {'n_estimators': 526, 'max_depth': 36, 'learning_rate': 0.03347968851593836, 'reg_alpha': 1.9184662096233882e-05, 'reg_lambda': 0.00020475923257378632, 'min_child_weight': 3}. Best is trial 0 with value: 0.941747572815534.
[I 2026-03-24 15:30:17,358] Trial 81 finished with value: 0.941747572815534 and parameters: {'n_estimators': 456, 'max_depth': 6, 'learning_rate': 0.013320708690646011, 'reg_alpha': 0.08960529603022413, 'reg_lambda': 5.45491705413741e-07, 'min_child_weight': 6}. Best is trial 0 with value: 0.941747572815534.
[I 2026-03-24 15:30:17,400] Trial 82 finished with value: 0.941747572815534 and parameters: {'n_estimators': 204, 'max_depth': 7, 'learning_rate': 0.02628259863521145, 'reg_alpha': 0.0003651351028452284, 'reg_lambda': 7.3228604337958295e-06, 'min_child_weight': 6}. Best is trial 0 with value: 0.941747572815534.
[I 2026-03-24 15:30:17,451] Trial 83 finished with value: 0.941747572815534 and parameters: {'n_estimators': 291, 'max_depth': 8, 'learning_rate': 0.018770551245650587, 'reg_alpha': 0.00596739979607538, 'reg_lambda': 4.631928717132863e-06, 'min_child_weight': 7}. Best is trial 0 with value: 0.941747572815534.
[I 2026-03-24 15:30:17,499] Trial 84 finished with value: 0.941747572815534 and parameters: {'n_estimators': 258, 'max_depth': 11, 'learning_rate': 0.012647920410924787, 'reg_alpha': 0.26218094495219496, 'reg_lambda': 6.358112798672347e-08, 'min_child_weight': 4}. Best is trial 0 with value: 0.941747572815534.
[I 2026-03-24 15:30:17,559] Trial 85 finished with value: 0.941747572815534 and parameters: {'n_estimators': 324, 'max_depth': 16, 'learning_rate': 0.023684575054727812, 'reg_alpha': 0.024737143575341704, 'reg_lambda': 2.843153933627554e-07, 'min_child_weight': 8}. Best is trial 0 with value: 0.941747572815534.
[I 2026-03-24 15:30:17,675] Trial 86 finished with value: 0.941747572815534 and parameters: {'n_estimators': 916, 'max_depth': 10, 'learning_rate': 0.00996766955398501, 'reg_alpha': 0.001553478489018083, 'reg_lambda': 0.03843687516069558, 'min_child_weight': 5}. Best is trial 0 with value: 0.941747572815534.
[I 2026-03-24 15:30:17,737] Trial 87 finished with value: 0.941747572815534 and parameters: {'n_estimators': 394, 'max_depth': 45, 'learning_rate': 0.016099193824049726, 'reg_alpha': 2.3298441042751635e-08, 'reg_lambda': 2.3645399045318915e-05, 'min_child_weight': 6}. Best is trial 0 with value: 0.941747572815534.
[I 2026-03-24 15:30:17,805] Trial 88 finished with value: 0.941747572815534 and parameters: {'n_estimators': 438, 'max_depth': 40, 'learning_rate': 0.03834539492612944, 'reg_alpha': 0.04584177639967242, 'reg_lambda': 9.887275921487356e-05, 'min_child_weight': 7}. Best is trial 0 with value: 0.941747572815534.
[I 2026-03-24 15:30:17,914] Trial 89 finished with value: 0.941747572815534 and parameters: {'n_estimators': 865, 'max_depth': 26, 'learning_rate': 0.007163757830941292, 'reg_alpha': 1.591509771948847e-08, 'reg_lambda': 1.985049460692316e-06, 'min_child_weight': 6}. Best is trial 0 with value: 0.941747572815534.
[I 2026-03-24 15:30:18,037] Trial 90 finished with value: 0.941747572815534 and parameters: {'n_estimators': 983, 'max_depth': 48, 'learning_rate': 0.020911532425581515, 'reg_alpha': 0.012208129095464183, 'reg_lambda': 0.13977511339391263, 'min_child_weight': 7}. Best is trial 0 with value: 0.941747572815534.
[I 2026-03-24 15:30:18,102] Trial 91 finished with value: 0.941747572815534 and parameters: {'n_estimators': 417, 'max_depth': 7, 'learning_rate': 0.013910579420454604, 'reg_alpha': 4.9780997588935923e-08, 'reg_lambda': 1.1717903488955786e-06, 'min_child_weight': 5}. Best is trial 0 with value: 0.941747572815534.
[I 2026-03-24 15:30:18,176] Trial 92 finished with value: 0.941747572815534 and parameters: {'n_estimators': 502, 'max_depth': 6, 'learning_rate': 0.011088957257387165, 'reg_alpha': 2.3242520349029598e-07, 'reg_lambda': 2.0354183386294635e-06, 'min_child_weight': 2}. Best is trial 0 with value: 0.941747572815534.
[I 2026-03-24 15:30:18,260] Trial 93 finished with value: 0.941747572815534 and parameters: {'n_estimators': 599, 'max_depth': 11, 'learning_rate': 0.0013649569470018583, 'reg_alpha': 8.772318691396816e-08, 'reg_lambda': 0.0010571533462021146, 'min_child_weight': 4}. Best is trial 0 with value: 0.941747572815534.
[I 2026-03-24 15:30:18,357] Trial 94 finished with value: 0.941747572815534 and parameters: {'n_estimators': 719, 'max_depth': 8, 'learning_rate': 0.09869001940780574, 'reg_alpha': 0.13613646840421795, 'reg_lambda': 0.00037906908779399343, 'min_child_weight': 1}. Best is trial 0 with value: 0.941747572815534.
[I 2026-03-24 15:30:18,428] Trial 95 finished with value: 0.941747572815534 and parameters: {'n_estimators': 474, 'max_depth': 10, 'learning_rate': 0.017760669051180174, 'reg_alpha': 1.3717414241925542e-06, 'reg_lambda': 6.73689790060796e-07, 'min_child_weight': 5}. Best is trial 0 with value: 0.941747572815534.
[I 2026-03-24 15:30:18,488] Trial 96 finished with value: 0.941747572815534 and parameters: {'n_estimators': 358, 'max_depth': 43, 'learning_rate': 0.025833522220212905, 'reg_alpha': 5.712130816903295e-07, 'reg_lambda': 4.446911984118123e-05, 'min_child_weight': 3}. Best is trial 0 with value: 0.941747572815534.
[I 2026-03-24 15:30:18,576] Trial 97 finished with value: 0.941747572815534 and parameters: {'n_estimators': 640, 'max_depth': 50, 'learning_rate': 0.002319581858638172, 'reg_alpha': 0.661224701135846, 'reg_lambda': 0.06120419048476311, 'min_child_weight': 9}. Best is trial 0 with value: 0.941747572815534.
[I 2026-03-24 15:30:18,678] Trial 98 finished with value: 0.941747572815534 and parameters: {'n_estimators': 771, 'max_depth': 13, 'learning_rate': 0.03045036463143815, 'reg_alpha': 1.8803787213091126e-07, 'reg_lambda': 1.827663355573542e-05, 'min_child_weight': 2}. Best is trial 0 with value: 0.941747572815534.
[I 2026-03-24 15:30:18,762] Trial 99 finished with value: 0.941747572815534 and parameters: {'n_estimators': 573, 'max_depth': 41, 'learning_rate': 0.07457235863619743, 'reg_alpha': 6.419711593204035e-08, 'reg_lambda': 9.953956402564464e-06, 'min_child_weight': 8}. Best is trial 0 with value: 0.941747572815534.
[I 2026-03-24 15:30:18,809] Trial 100 finished with value: 0.941747572815534 and parameters: {'n_estimators': 234, 'max_depth': 24, 'learning_rate': 0.015116706271103595, 'reg_alpha': 3.250773801313185e-08, 'reg_lambda': 4.321606686761678e-06, 'min_child_weight': 6}. Best is trial 0 with value: 0.941747572815534.
[I 2026-03-24 15:30:18,863] Trial 101 finished with value: 0.941747572815534 and parameters: {'n_estimators': 298, 'max_depth': 38, 'learning_rate': 0.008647381752978939, 'reg_alpha': 1.3768470098217712e-05, 'reg_lambda': 0.00199743408329073, 'min_child_weight': 10}. Best is trial 0 with value: 0.941747572815534.
[I 2026-03-24 15:30:18,912] Trial 102 finished with value: 0.941747572815534 and parameters: {'n_estimators': 267, 'max_depth': 32, 'learning_rate': 0.001201621982053929, 'reg_alpha': 3.05355084579651e-06, 'reg_lambda': 0.0009122301249767141, 'min_child_weight': 10}. Best is trial 0 with value: 0.941747572815534.
[I 2026-03-24 15:30:18,968] Trial 103 finished with value: 0.941747572815534 and parameters: {'n_estimators': 312, 'max_depth': 34, 'learning_rate': 0.08575330698869359, 'reg_alpha': 0.00031802978017848513, 'reg_lambda': 0.00025318398930760863, 'min_child_weight': 9}. Best is trial 0 with value: 0.941747572815534.
[I 2026-03-24 15:30:19,063] Trial 104 finished with value: 0.941747572815534 and parameters: {'n_estimators': 684, 'max_depth': 36, 'learning_rate': 0.03999373186822444, 'reg_alpha': 5.5500716178993565e-05, 'reg_lambda': 4.1739774170612285e-07, 'min_child_weight': 8}. Best is trial 0 with value: 0.941747572815534.
[I 2026-03-24 15:30:19,112] Trial 105 finished with value: 0.941747572815534 and parameters: {'n_estimators': 246, 'max_depth': 7, 'learning_rate': 0.06992549564602912, 'reg_alpha': 1.307127844065766e-07, 'reg_lambda': 0.0004186331713642939, 'min_child_weight': 7}. Best is trial 0 with value: 0.941747572815534.
[I 2026-03-24 15:30:19,190] Trial 106 finished with value: 0.941747572815534 and parameters: {'n_estimators': 535, 'max_depth': 29, 'learning_rate': 0.046266228665367046, 'reg_alpha': 3.071068167608919e-05, 'reg_lambda': 1.6696423964154337e-07, 'min_child_weight': 6}. Best is trial 0 with value: 0.941747572815534.
[I 2026-03-24 15:30:19,291] Trial 107 finished with value: 0.941747572815534 and parameters: {'n_estimators': 750, 'max_depth': 37, 'learning_rate': 0.0323456354810836, 'reg_alpha': 5.759329594901041e-06, 'reg_lambda': 8.324301330244397e-05, 'min_child_weight': 5}. Best is trial 0 with value: 0.941747572815534.
[I 2026-03-24 15:30:19,338] Trial 108 finished with value: 0.941747572815534 and parameters: {'n_estimators': 219, 'max_depth': 18, 'learning_rate': 0.020257478204176903, 'reg_alpha': 0.0001194832153998307, 'reg_lambda': 0.0001538577631668558, 'min_child_weight': 7}. Best is trial 0 with value: 0.941747572815534.
[I 2026-03-24 15:30:19,390] Trial 109 finished with value: 0.941747572815534 and parameters: {'n_estimators': 278, 'max_depth': 47, 'learning_rate': 0.022080585633914192, 'reg_alpha': 0.051116840313331094, 'reg_lambda': 9.177561092438539e-07, 'min_child_weight': 2}. Best is trial 0 with value: 0.941747572815534.
[I 2026-03-24 15:30:19,477] Trial 110 finished with value: 0.941747572815534 and parameters: {'n_estimators': 615, 'max_depth': 22, 'learning_rate': 0.05594348340301834, 'reg_alpha': 0.005507073040268871, 'reg_lambda': 0.004955777154605986, 'min_child_weight': 4}. Best is trial 0 with value: 0.941747572815534.
[I 2026-03-24 15:30:19,587] Trial 111 finished with value: 0.941747572815534 and parameters: {'n_estimators': 846, 'max_depth': 45, 'learning_rate': 0.005291292144797633, 'reg_alpha': 2.037917584435156e-05, 'reg_lambda': 0.5939090617876617, 'min_child_weight': 9}. Best is trial 0 with value: 0.941747572815534.
[I 2026-03-24 15:30:19,704] Trial 112 finished with value: 0.941747572815534 and parameters: {'n_estimators': 897, 'max_depth': 49, 'learning_rate': 0.0030028371974505415, 'reg_alpha': 2.073314914815523e-06, 'reg_lambda': 0.33363181408728826, 'min_child_weight': 10}. Best is trial 0 with value: 0.941747572815534.
[I 2026-03-24 15:30:19,824] Trial 113 finished with value: 0.941747572815534 and parameters: {'n_estimators': 923, 'max_depth': 40, 'learning_rate': 0.002645766528008043, 'reg_alpha': 1.16235735290013e-05, 'reg_lambda': 0.10723549900126828, 'min_child_weight': 9}. Best is trial 0 with value: 0.941747572815534.
[I 2026-03-24 15:30:19,883] Trial 114 finished with value: 0.941747572815534 and parameters: {'n_estimators': 336, 'max_depth': 47, 'learning_rate': 0.0018773921327573803, 'reg_alpha': 4.087597519342415e-05, 'reg_lambda': 0.013482024650350678, 'min_child_weight': 10}. Best is trial 0 with value: 0.941747572815534.
[I 2026-03-24 15:30:19,947] Trial 115 finished with value: 0.941747572815534 and parameters: {'n_estimators': 378, 'max_depth': 49, 'learning_rate': 0.0034635845926672057, 'reg_alpha': 1.4521062436800193e-08, 'reg_lambda': 0.15151677228611626, 'min_child_weight': 9}. Best is trial 0 with value: 0.941747572815534.
[I 2026-03-24 15:30:20,029] Trial 116 finished with value: 0.941747572815534 and parameters: {'n_estimators': 557, 'max_depth': 43, 'learning_rate': 0.0045895703525933446, 'reg_alpha': 3.8126047392275483e-06, 'reg_lambda': 0.03115116403469534, 'min_child_weight': 8}. Best is trial 0 with value: 0.941747572815534.
[I 2026-03-24 15:30:20,152] Trial 117 finished with value: 0.941747572815534 and parameters: {'n_estimators': 959, 'max_depth': 8, 'learning_rate': 0.024539122727227903, 'reg_alpha': 2.980203574493187e-07, 'reg_lambda': 1.6299045841915905e-06, 'min_child_weight': 6}. Best is trial 0 with value: 0.941747572815534.
[I 2026-03-24 15:30:20,261] Trial 118 finished with value: 0.941747572815534 and parameters: {'n_estimators': 817, 'max_depth': 6, 'learning_rate': 0.0016929828842588714, 'reg_alpha': 0.0033429127129009388, 'reg_lambda': 0.20211535472386374, 'min_child_weight': 1}. Best is trial 0 with value: 0.941747572815534.
[I 2026-03-24 15:30:20,374] Trial 119 finished with value: 0.941747572815534 and parameters: {'n_estimators': 869, 'max_depth': 14, 'learning_rate': 0.0010953168581932736, 'reg_alpha': 1.0317806536623444e-06, 'reg_lambda': 0.0005258569775475065, 'min_child_weight': 10}. Best is trial 0 with value: 0.941747572815534.
[I 2026-03-24 15:30:20,440] Trial 120 finished with value: 0.941747572815534 and parameters: {'n_estimators': 394, 'max_depth': 38, 'learning_rate': 0.061667755598144754, 'reg_alpha': 0.014431720276242194, 'reg_lambda': 4.6342722229452964e-08, 'min_child_weight': 3}. Best is trial 0 with value: 0.941747572815534.
[I 2026-03-24 15:30:20,533] Trial 121 finished with value: 0.941747572815534 and parameters: {'n_estimators': 658, 'max_depth': 35, 'learning_rate': 0.09262679139097742, 'reg_alpha': 1.6834582408047713e-06, 'reg_lambda': 0.0022099043537068025, 'min_child_weight': 5}. Best is trial 0 with value: 0.941747572815534.
[I 2026-03-24 15:30:20,637] Trial 122 finished with value: 0.941747572815534 and parameters: {'n_estimators': 764, 'max_depth': 33, 'learning_rate': 0.006573601451192675, 'reg_alpha': 1.1170787793654358e-05, 'reg_lambda': 0.04917055073625227, 'min_child_weight': 5}. Best is trial 0 with value: 0.941747572815534.
[I 2026-03-24 15:30:20,749] Trial 123 finished with value: 0.941747572815534 and parameters: {'n_estimators': 837, 'max_depth': 39, 'learning_rate': 0.0023320820197569145, 'reg_alpha': 5.147350945426466e-06, 'reg_lambda': 0.0012403659198119911, 'min_child_weight': 6}. Best is trial 0 with value: 0.941747572815534.
[I 2026-03-24 15:30:20,856] Trial 124 finished with value: 0.941747572815534 and parameters: {'n_estimators': 793, 'max_depth': 27, 'learning_rate': 0.02831212489986391, 'reg_alpha': 4.342467504688543e-07, 'reg_lambda': 0.0090335792418322, 'min_child_weight': 6}. Best is trial 0 with value: 0.941747572815534.
[I 2026-03-24 15:30:20,955] Trial 125 finished with value: 0.941747572815534 and parameters: {'n_estimators': 705, 'max_depth': 44, 'learning_rate': 0.004342326720930488, 'reg_alpha': 5.332688213884415e-08, 'reg_lambda': 0.003110095882667338, 'min_child_weight': 5}. Best is trial 0 with value: 0.941747572815534.
[I 2026-03-24 15:30:21,028] Trial 126 finished with value: 0.941747572815534 and parameters: {'n_estimators': 446, 'max_depth': 36, 'learning_rate': 0.07895194438052673, 'reg_alpha': 6.625827677964425e-07, 'reg_lambda': 0.07449397997133637, 'min_child_weight': 8}. Best is trial 0 with value: 0.941747572815534.
[I 2026-03-24 15:30:21,099] Trial 127 finished with value: 0.941747572815534 and parameters: {'n_estimators': 428, 'max_depth': 31, 'learning_rate': 0.011681773116014565, 'reg_alpha': 8.208487414044186e-06, 'reg_lambda': 0.027543624996467852, 'min_child_weight': 7}. Best is trial 0 with value: 0.941747572815534.
[I 2026-03-24 15:30:21,176] Trial 128 finished with value: 0.941747572815534 and parameters: {'n_estimators': 498, 'max_depth': 20, 'learning_rate': 0.005316451491077908, 'reg_alpha': 7.995614913891472e-08, 'reg_lambda': 1.5887562248076967e-08, 'min_child_weight': 6}. Best is trial 0 with value: 0.941747572815534.
[I 2026-03-24 15:30:21,296] Trial 129 finished with value: 0.941747572815534 and parameters: {'n_estimators': 912, 'max_depth': 42, 'learning_rate': 0.018701691952295565, 'reg_alpha': 3.1425485297171806e-08, 'reg_lambda': 2.931798046352038e-06, 'min_child_weight': 4}. Best is trial 0 with value: 0.941747572815534.
[I 2026-03-24 15:30:21,361] Trial 130 finished with value: 0.941747572815534 and parameters: {'n_estimators': 357, 'max_depth': 50, 'learning_rate': 0.03517533675002552, 'reg_alpha': 0.24704038635854253, 'reg_lambda': 0.017784350572746764, 'min_child_weight': 2}. Best is trial 0 with value: 0.941747572815534.
[I 2026-03-24 15:30:21,466] Trial 131 finished with value: 0.941747572815534 and parameters: {'n_estimators': 727, 'max_depth': 34, 'learning_rate': 0.0010498677106605806, 'reg_alpha': 0.0008725584650936829, 'reg_lambda': 1.2102954995967957e-07, 'min_child_weight': 4}. Best is trial 0 with value: 0.941747572815534.
[I 2026-03-24 15:30:21,576] Trial 132 finished with value: 0.941747572815534 and parameters: {'n_estimators': 811, 'max_depth': 38, 'learning_rate': 0.0014267205531979376, 'reg_alpha': 1.3405925548713783e-07, 'reg_lambda': 0.007079758402348993, 'min_child_weight': 3}. Best is trial 0 with value: 0.941747572815534.
[I 2026-03-24 15:30:21,667] Trial 133 finished with value: 0.941747572815534 and parameters: {'n_estimators': 639, 'max_depth': 46, 'learning_rate': 0.002111867290356678, 'reg_alpha': 0.001726365527284256, 'reg_lambda': 0.003925366437257128, 'min_child_weight': 4}. Best is trial 0 with value: 0.941747572815534.
[I 2026-03-24 15:30:21,776] Trial 134 finished with value: 0.941747572815534 and parameters: {'n_estimators': 784, 'max_depth': 40, 'learning_rate': 0.0010028179385453266, 'reg_alpha': 0.008511283528829532, 'reg_lambda': 2.5137126079534935e-07, 'min_child_weight': 5}. Best is trial 0 with value: 0.941747572815534.
[I 2026-03-24 15:30:21,863] Trial 135 finished with value: 0.941747572815534 and parameters: {'n_estimators': 591, 'max_depth': 42, 'learning_rate': 0.001165377135497525, 'reg_alpha': 8.849573015965421e-05, 'reg_lambda': 0.08927963835161291, 'min_child_weight': 3}. Best is trial 0 with value: 0.941747572815534.
[I 2026-03-24 15:30:21,968] Trial 136 finished with value: 0.941747572815534 and parameters: {'n_estimators': 753, 'max_depth': 9, 'learning_rate': 0.015749635467979674, 'reg_alpha': 0.0005588760006267647, 'reg_lambda': 5.639584214795093e-05, 'min_child_weight': 4}. Best is trial 0 with value: 0.941747572815534.
[I 2026-03-24 15:30:22,094] Trial 137 finished with value: 0.941747572815534 and parameters: {'n_estimators': 960, 'max_depth': 25, 'learning_rate': 0.0015264429681112015, 'reg_alpha': 1.7107152557461663e-05, 'reg_lambda': 0.0007239956866172736, 'min_child_weight': 5}. Best is trial 0 with value: 0.941747572815534.
[I 2026-03-24 15:30:22,206] Trial 138 finished with value: 0.941747572815534 and parameters: {'n_estimators': 831, 'max_depth': 17, 'learning_rate': 0.001292699550340079, 'reg_alpha': 0.00017616139332488846, 'reg_lambda': 0.2537507916679936, 'min_child_weight': 7}. Best is trial 0 with value: 0.941747572815534.
