[I 2026-03-24 15:30:52,743] Trial 488 finished with value: 0.941747572815534 and parameters: {'n_estimators': 269, 'max_depth': 17, 'learning_rate': 0.01645834059037433, 'reg_alpha': 0.00015240688421832546, 'reg_lambda': 4.893036986121181e-06, 'min_child_weight': 8}. Best is trial 0 with value: 0.941747572815534.
[I 2026-03-24 15:30:52,836] Trial 489 finished with value: 0.941747572815534 and parameters: {'n_estimators': 644, 'max_depth': 23, 'learning_rate': 0.009496799327779842, 'reg_alpha': 0.0004089241389177735, 'reg_lambda': 0.6887389455804693, 'min_child_weight': 7}. Best is trial 0 with value: 0.941747572815534.
[I 2026-03-24 15:30:52,887] Trial 490 finished with value: 0.941747572815534 and parameters: {'n_estimators': 229, 'max_depth': 39, 'learning_rate': 0.08612419525640878, 'reg_alpha': 1.4518708254169553e-05, 'reg_lambda': 0.0053175437508586896, 'min_child_weight': 9}. Best is trial 0 with value: 0.941747572815534.
[I 2026-03-24 15:30:52,992] Trial 491 finished with value: 0.941747572815534 and parameters: {'n_estimators': 759, 'max_depth': 45, 'learning_rate': 0.0018860553587448498, 'reg_alpha': 3.912428293987444e-08, 'reg_lambda': 1.517241763009609e-08, 'min_child_weight': 6}. Best is trial 0 with value: 0.941747572815534.
[I 2026-03-24 15:30:53,101] Trial 492 finished with value: 0.941747572815534 and parameters: {'n_estimators': 793, 'max_depth': 42, 'learning_rate': 0.062261980636408566, 'reg_alpha': 0.3722451840289966, 'reg_lambda': 0.1787616397514109, 'min_child_weight': 8}. Best is trial 0 with value: 0.941747572815534.
[I 2026-03-24 15:30:53,180] Trial 493 finished with value: 0.941747572815534 and parameters: {'n_estimators': 509, 'max_depth': 47, 'learning_rate': 0.0146081500830641, 'reg_alpha': 1.5850291687874215e-06, 'reg_lambda': 9.275584023106653e-06, 'min_child_weight': 10}. Best is trial 0 with value: 0.941747572815534.
[I 2026-03-24 15:30:53,257] Trial 494 finished with value: 0.941747572815534 and parameters: {'n_estimators': 490, 'max_depth': 48, 'learning_rate': 0.020108306937000997, 'reg_alpha': 0.0015984086226820738, 'reg_lambda': 0.42608239442451507, 'min_child_weight': 3}. Best is trial 0 with value: 0.941747572815534.
[I 2026-03-24 15:30:53,353] Trial 495 finished with value: 0.941747572815534 and parameters: {'n_estimators': 668, 'max_depth': 28, 'learning_rate': 0.0053791234889532975, 'reg_alpha': 0.018284968936677488, 'reg_lambda': 0.01378093842720198, 'min_child_weight': 7}. Best is trial 0 with value: 0.941747572815534.
[I 2026-03-24 15:30:53,414] Trial 496 finished with value: 0.941747572815534 and parameters: {'n_estimators': 335, 'max_depth': 43, 'learning_rate': 0.0022166011242059315, 'reg_alpha': 7.393030049834083e-07, 'reg_lambda': 0.0408943201733263, 'min_child_weight': 6}. Best is trial 0 with value: 0.941747572815534.
[I 2026-03-24 15:30:53,521] Trial 497 finished with value: 0.941747572815534 and parameters: {'n_estimators': 780, 'max_depth': 41, 'learning_rate': 0.008052394010481601, 'reg_alpha': 3.841452256626327e-06, 'reg_lambda': 1.3287465148624242e-07, 'min_child_weight': 5}. Best is trial 0 with value: 0.941747572815534.
[I 2026-03-24 15:30:53,594] Trial 498 finished with value: 0.941747572815534 and parameters: {'n_estimators': 451, 'max_depth': 35, 'learning_rate': 0.010638600853174845, 'reg_alpha': 1.2920774960519076e-07, 'reg_lambda': 0.00011867053862670261, 'min_child_weight': 2}. Best is trial 0 with value: 0.941747572815534.
[I 2026-03-24 15:30:53,663] Trial 499 finished with value: 0.941747572815534 and parameters: {'n_estimators': 412, 'max_depth': 19, 'learning_rate': 0.0037108965633180814, 'reg_alpha': 0.004424942342199956, 'reg_lambda': 0.10389136714162213, 'min_child_weight': 7}. Best is trial 0 with value: 0.941747572815534.
[I 2026-03-24 15:30:53,784] Trial 500 finished with value: 0.941747572815534 and parameters: {'n_estimators': 923, 'max_depth': 30, 'learning_rate': 0.07362113466492874, 'reg_alpha': 2.334448535872158e-05, 'reg_lambda': 4.6021435494972887e-05, 'min_child_weight': 4}. Best is trial 0 with value: 0.941747572815534.
[I 2026-03-24 15:30:53,860] Trial 501 finished with value: 0.941747572815534 and parameters: {'n_estimators': 482, 'max_depth': 38, 'learning_rate': 0.028580878759865078, 'reg_alpha': 0.0002862157827388383, 'reg_lambda': 1.3537140588651897e-05, 'min_child_weight': 7}. Best is trial 0 with value: 0.941747572815534.
[I 2026-03-24 15:30:53,986] Trial 502 finished with value: 0.941747572815534 and parameters: {'n_estimators': 965, 'max_depth': 6, 'learning_rate': 0.02364330057503417, 'reg_alpha': 1.8177325568544087e-08, 'reg_lambda': 2.9035100721626336e-06, 'min_child_weight': 5}. Best is trial 0 with value: 0.941747572815534.
[I 2026-03-24 15:30:54,097] Trial 503 finished with value: 0.941747572815534 and parameters: {'n_estimators': 831, 'max_depth': 34, 'learning_rate': 0.09982955971130812, 'reg_alpha': 4.5082802338586744e-07, 'reg_lambda': 0.0017813581030958594, 'min_child_weight': 6}. Best is trial 0 with value: 0.941747572815534.
[I 2026-03-24 15:30:54,185] Trial 504 finished with value: 0.941747572815534 and parameters: {'n_estimators': 602, 'max_depth': 29, 'learning_rate': 0.0850410217519175, 'reg_alpha': 0.0006038892226017253, 'reg_lambda': 0.07226303318670566, 'min_child_weight': 8}. Best is trial 0 with value: 0.941747572815534.
[I 2026-03-24 15:30:54,270] Trial 505 finished with value: 0.941747572815534 and parameters: {'n_estimators': 560, 'max_depth': 8, 'learning_rate': 0.05646206982077553, 'reg_alpha': 6.467009617934972e-08, 'reg_lambda': 1.4072650039903133e-06, 'min_child_weight': 7}. Best is trial 0 with value: 0.941747572815534.
[I 2026-03-24 15:30:54,387] Trial 506 finished with value: 0.941747572815534 and parameters: {'n_estimators': 885, 'max_depth': 46, 'learning_rate': 0.002459105902224071, 'reg_alpha': 0.0009181859361191894, 'reg_lambda': 2.0388949446675714e-05, 'min_child_weight': 3}. Best is trial 0 with value: 0.941747572815534.
[I 2026-03-24 15:30:54,485] Trial 507 finished with value: 0.941747572815534 and parameters: {'n_estimators': 697, 'max_depth': 25, 'learning_rate': 0.006504929483728699, 'reg_alpha': 0.0029413133692050624, 'reg_lambda': 0.003536049990947984, 'min_child_weight': 9}. Best is trial 0 with value: 0.941747572815534.
[I 2026-03-24 15:30:54,548] Trial 508 finished with value: 0.941747572815534 and parameters: {'n_estimators': 352, 'max_depth': 31, 'learning_rate': 0.04344855815966395, 'reg_alpha': 2.452710980244216e-07, 'reg_lambda': 0.021379531213097987, 'min_child_weight': 10}. Best is trial 0 with value: 0.941747572815534.
[I 2026-03-24 15:30:54,662] Trial 509 finished with value: 0.941747572815534 and parameters: {'n_estimators': 864, 'max_depth': 36, 'learning_rate': 0.09155360067461424, 'reg_alpha': 0.010519120380963717, 'reg_lambda': 0.0004635256848049856, 'min_child_weight': 4}. Best is trial 0 with value: 0.941747572815534.
[I 2026-03-24 15:30:54,729] Trial 510 finished with value: 0.941747572815534 and parameters: {'n_estimators': 381, 'max_depth': 44, 'learning_rate': 0.001127266832854433, 'reg_alpha': 0.06456825439506644, 'reg_lambda': 0.009444527603490988, 'min_child_weight': 6}. Best is trial 0 with value: 0.941747572815534.
[I 2026-03-24 15:30:54,783] Trial 511 finished with value: 0.941747572815534 and parameters: {'n_estimators': 253, 'max_depth': 24, 'learning_rate': 0.00402560648735046, 'reg_alpha': 6.020787867990209e-05, 'reg_lambda': 6.0927352142556246e-06, 'min_child_weight': 7}. Best is trial 0 with value: 0.941747572815534.
[I 2026-03-24 15:30:54,863] Trial 512 finished with value: 0.941747572815534 and parameters: {'n_estimators': 520, 'max_depth': 39, 'learning_rate': 0.05022514273554291, 'reg_alpha': 2.091969227524574e-06, 'reg_lambda': 0.030628928010174222, 'min_child_weight': 9}. Best is trial 0 with value: 0.941747572815534.
[I 2026-03-24 15:30:54,937] Trial 513 finished with value: 0.941747572815534 and parameters: {'n_estimators': 443, 'max_depth': 40, 'learning_rate': 0.0021418874645890277, 'reg_alpha': 1.1916446470887788e-05, 'reg_lambda': 0.00026293372474556627, 'min_child_weight': 2}. Best is trial 0 with value: 0.941747572815534.
[I 2026-03-24 15:30:55,032] Trial 514 finished with value: 0.941747572815534 and parameters: {'n_estimators': 655, 'max_depth': 37, 'learning_rate': 0.008806364858219099, 'reg_alpha': 8.011252184061084e-08, 'reg_lambda': 0.05504230645112259, 'min_child_weight': 8}. Best is trial 0 with value: 0.941747572815534.
[I 2026-03-24 15:30:55,136] Trial 515 finished with value: 0.941747572815534 and parameters: {'n_estimators': 748, 'max_depth': 32, 'learning_rate': 0.01868936711644892, 'reg_alpha': 0.00236035290126454, 'reg_lambda': 5.163256590967201e-08, 'min_child_weight': 4}. Best is trial 0 with value: 0.941747572815534.
[I 2026-03-24 15:30:55,262] Trial 516 finished with value: 0.941747572815534 and parameters: {'n_estimators': 984, 'max_depth': 43, 'learning_rate': 0.040298080439268864, 'reg_alpha': 1.727134957696966e-07, 'reg_lambda': 7.713438084981423e-07, 'min_child_weight': 6}. Best is trial 0 with value: 0.941747572815534.
[I 2026-03-24 15:30:55,372] Trial 517 finished with value: 0.941747572815534 and parameters: {'n_estimators': 803, 'max_depth': 20, 'learning_rate': 0.001388174121075827, 'reg_alpha': 5.3057892588888915e-06, 'reg_lambda': 0.3136575310098935, 'min_child_weight': 8}. Best is trial 0 with value: 0.941747572815534.
[I 2026-03-24 15:30:55,463] Trial 518 finished with value: 0.941747572815534 and parameters: {'n_estimators': 616, 'max_depth': 13, 'learning_rate': 0.004984370523689001, 'reg_alpha': 8.587443112242901e-05, 'reg_lambda': 6.130350397658894e-05, 'min_child_weight': 10}. Best is trial 0 with value: 0.941747572815534.
[I 2026-03-24 15:30:55,532] Trial 519 finished with value: 0.941747572815534 and parameters: {'n_estimators': 394, 'max_depth': 33, 'learning_rate': 0.0010021783685733984, 'reg_alpha': 3.7764521440531874e-08, 'reg_lambda': 0.12407928699280693, 'min_child_weight': 7}. Best is trial 0 with value: 0.941747572815534.
[I 2026-03-24 15:30:55,646] Trial 520 finished with value: 0.941747572815534 and parameters: {'n_estimators': 818, 'max_depth': 26, 'learning_rate': 0.02150225987642529, 'reg_alpha': 4.2176148864544417e-07, 'reg_lambda': 2.3437332164980523e-06, 'min_child_weight': 5}. Best is trial 0 with value: 0.941747572815534.
[I 2026-03-24 15:30:55,729] Trial 521 finished with value: 0.941747572815534 and parameters: {'n_estimators': 543, 'max_depth': 45, 'learning_rate': 0.0762401050175777, 'reg_alpha': 0.02419156740341343, 'reg_lambda': 0.0006890058949306314, 'min_child_weight': 7}. Best is trial 0 with value: 0.941747572815534.
[I 2026-03-24 15:30:55,802] Trial 522 finished with value: 0.941747572815534 and parameters: {'n_estimators': 430, 'max_depth': 22, 'learning_rate': 0.028813791624646902, 'reg_alpha': 1.0259709933497978e-06, 'reg_lambda': 0.0068315193583743964, 'min_child_weight': 6}. Best is trial 0 with value: 0.941747572815534.
[I 2026-03-24 15:30:55,907] Trial 523 finished with value: 0.941747572815534 and parameters: {'n_estimators': 771, 'max_depth': 50, 'learning_rate': 0.02643396935133236, 'reg_alpha': 0.0014858498459024952, 'reg_lambda': 3.3827227464404896e-05, 'min_child_weight': 7}. Best is trial 0 with value: 0.941747572815534.
[I 2026-03-24 15:30:55,987] Trial 524 finished with value: 0.941747572815534 and parameters: {'n_estimators': 496, 'max_depth': 47, 'learning_rate': 0.01184458705742282, 'reg_alpha': 2.1784501348652498e-08, 'reg_lambda': 0.00018782063109475127, 'min_child_weight': 9}. Best is trial 0 with value: 0.941747572815534.
[I 2026-03-24 15:30:56,062] Trial 525 finished with value: 0.941747572815534 and parameters: {'n_estimators': 473, 'max_depth': 44, 'learning_rate': 0.034649059766562684, 'reg_alpha': 0.03879010583057191, 'reg_lambda': 2.789966110114653e-07, 'min_child_weight': 6}. Best is trial 0 with value: 0.941747572815534.
[I 2026-03-24 15:30:56,155] Trial 526 finished with value: 0.941747572815534 and parameters: {'n_estimators': 633, 'max_depth': 27, 'learning_rate': 0.0671559729122783, 'reg_alpha': 0.0001753257899452859, 'reg_lambda': 0.16561763393558776, 'min_child_weight': 2}. Best is trial 0 with value: 0.941747572815534.
[I 2026-03-24 15:30:56,222] Trial 527 finished with value: 0.941747572815534 and parameters: {'n_estimators': 369, 'max_depth': 7, 'learning_rate': 0.09258573257480608, 'reg_alpha': 0.006136498457737149, 'reg_lambda': 0.07377996172599868, 'min_child_weight': 4}. Best is trial 0 with value: 0.941747572815534.
[I 2026-03-24 15:30:56,311] Trial 528 finished with value: 0.941747572815534 and parameters: {'n_estimators': 582, 'max_depth': 6, 'learning_rate': 0.007408166159158813, 'reg_alpha': 1.1570911387235883e-08, 'reg_lambda': 0.00010568784453089657, 'min_child_weight': 5}. Best is trial 0 with value: 0.941747572815534.
[I 2026-03-24 15:30:56,388] Trial 529 finished with value: 0.941747572815534 and parameters: {'n_estimators': 462, 'max_depth': 11, 'learning_rate': 0.003282260021652584, 'reg_alpha': 7.623574029179611e-06, 'reg_lambda': 0.0013763155175638767, 'min_child_weight': 7}. Best is trial 0 with value: 0.941747572815534.
[I 2026-03-24 15:30:56,492] Trial 530 finished with value: 0.941747572815534 and parameters: {'n_estimators': 728, 'max_depth': 42, 'learning_rate': 0.0017361770694422083, 'reg_alpha': 0.11221882373405828, 'reg_lambda': 0.5680395192674914, 'min_child_weight': 8}. Best is trial 0 with value: 0.941747572815534.
[I 2026-03-24 15:30:56,553] Trial 531 finished with value: 0.941747572815534 and parameters: {'n_estimators': 323, 'max_depth': 41, 'learning_rate': 0.08180614535314044, 'reg_alpha': 0.014148705281269946, 'reg_lambda': 0.013610005074279166, 'min_child_weight': 3}. Best is trial 0 with value: 0.941747572815534.
[I 2026-03-24 15:30:56,621] Trial 532 finished with value: 0.941747572815534 and parameters: {'n_estimators': 403, 'max_depth': 15, 'learning_rate': 0.0026110827084098952, 'reg_alpha': 3.189333875901676e-06, 'reg_lambda': 0.10214158996164065, 'min_child_weight': 6}. Best is trial 0 with value: 0.941747572815534.
[I 2026-03-24 15:30:56,684] Trial 533 finished with value: 0.941747572815534 and parameters: {'n_estimators': 345, 'max_depth': 35, 'learning_rate': 0.05668185361972323, 'reg_alpha': 3.2971332431580506e-07, 'reg_lambda': 3.926650557351476e-06, 'min_child_weight': 10}. Best is trial 0 with value: 0.941747572815534.
[I 2026-03-24 15:30:56,742] Trial 534 finished with value: 0.941747572815534 and parameters: {'n_estimators': 280, 'max_depth': 48, 'learning_rate': 0.0160166911097375, 'reg_alpha': 0.2486059861311429, 'reg_lambda': 1.8773805495754583e-07, 'min_child_weight': 8}. Best is trial 0 with value: 0.941747572815534.
[I 2026-03-24 15:30:56,850] Trial 535 finished with value: 0.941747572815534 and parameters: {'n_estimators': 789, 'max_depth': 39, 'learning_rate': 0.0012578217113624838, 'reg_alpha': 4.246450252021132e-05, 'reg_lambda': 0.0441123535582226, 'min_child_weight': 2}. Best is trial 0 with value: 0.941747572815534.
[I 2026-03-24 15:30:56,903] Trial 536 finished with value: 0.941747572815534 and parameters: {'n_estimators': 245, 'max_depth': 9, 'learning_rate': 0.004615501848771893, 'reg_alpha': 5.807238819289835e-07, 'reg_lambda': 7.831588663709754e-06, 'min_child_weight': 7}. Best is trial 0 with value: 0.941747572815534.
[I 2026-03-24 15:30:56,961] Trial 537 finished with value: 0.941747572815534 and parameters: {'n_estimators': 307, 'max_depth': 49, 'learning_rate': 0.031317267594257736, 'reg_alpha': 0.003926376893375897, 'reg_lambda': 0.24413387499684658, 'min_child_weight': 5}. Best is trial 0 with value: 0.941747572815534.
[I 2026-03-24 15:30:57,082] Trial 538 finished with value: 0.941747572815534 and parameters: {'n_estimators': 899, 'max_depth': 46, 'learning_rate': 0.024706749094380517, 'reg_alpha': 1.1113899531129936e-07, 'reg_lambda': 4.217802612862514e-07, 'min_child_weight': 9}. Best is trial 0 with value: 0.941747572815534.
[I 2026-03-24 15:30:57,165] Trial 539 finished with value: 0.941747572815534 and parameters: {'n_estimators': 512, 'max_depth': 34, 'learning_rate': 0.06341897248535001, 'reg_alpha': 1.8208337472227144e-05, 'reg_lambda': 0.002774888193279591, 'min_child_weight': 3}. Best is trial 0 with value: 0.941747572815534.
[I 2026-03-24 15:30:57,243] Trial 540 finished with value: 0.941747572815534 and parameters: {'n_estimators': 486, 'max_depth': 38, 'learning_rate': 0.0019110394913143959, 'reg_alpha': 0.9449563254317089, 'reg_lambda': 0.0003940301210887249, 'min_child_weight': 6}. Best is trial 0 with value: 0.941747572815534.
[I 2026-03-24 15:30:57,360] Trial 541 finished with value: 0.941747572815534 and parameters: {'n_estimators': 849, 'max_depth': 43, 'learning_rate': 0.04529878266048104, 'reg_alpha': 0.0001277357519419651, 'reg_lambda': 0.16991841493148174, 'min_child_weight': 7}. Best is trial 0 with value: 0.941747572815534.
[I 2026-03-24 15:30:57,487] Trial 542 finished with value: 0.941747572815534 and parameters: {'n_estimators': 937, 'max_depth': 41, 'learning_rate': 0.0022769732607538, 'reg_alpha': 1.8559307261619787e-07, 'reg_lambda': 0.004917299800186932, 'min_child_weight': 8}. Best is trial 0 with value: 0.941747572815534.
[I 2026-03-24 15:30:57,578] Trial 543 finished with value: 0.941747572815534 and parameters: {'n_estimators': 606, 'max_depth': 31, 'learning_rate': 0.005596974594540425, 'reg_alpha': 2.5878851334852813e-06, 'reg_lambda': 0.463823241441756, 'min_child_weight': 10}. Best is trial 0 with value: 0.941747572815534.
[I 2026-03-24 15:30:57,664] Trial 544 finished with value: 0.941747572815534 and parameters: {'n_estimators': 563, 'max_depth': 21, 'learning_rate': 0.0011327054597797261, 'reg_alpha': 0.0005618617272863587, 'reg_lambda': 0.0010083981231449111, 'min_child_weight': 4}. Best is trial 0 with value: 0.941747572815534.
[I 2026-03-24 15:30:57,735] Trial 545 finished with value: 0.941747572815534 and parameters: {'n_estimators': 420, 'max_depth': 28, 'learning_rate': 0.0028257720650129614, 'reg_alpha': 0.00026195284605906247, 'reg_lambda': 0.7015355544632985, 'min_child_weight': 7}. Best is trial 0 with value: 0.941747572815534.
[I 2026-03-24 15:30:57,840] Trial 546 finished with value: 0.941747572815534 and parameters: {'n_estimators': 758, 'max_depth': 30, 'learning_rate': 0.03711782921886092, 'reg_alpha': 5.498092912242367e-08, 'reg_lambda': 0.0343081190662394, 'min_child_weight': 6}. Best is trial 0 with value: 0.941747572815534.
[I 2026-03-24 15:30:57,890] Trial 547 finished with value: 0.941747572815534 and parameters: {'n_estimators': 219, 'max_depth': 40, 'learning_rate': 0.05328002610221956, 'reg_alpha': 1.6330765778343579e-06, 'reg_lambda': 0.018709983855181717, 'min_child_weight': 4}. Best is trial 0 with value: 0.941747572815534.
[I 2026-03-24 15:30:57,955] Trial 548 finished with value: 0.941747572815534 and parameters: {'n_estimators': 365, 'max_depth': 36, 'learning_rate': 0.006161307006651532, 'reg_alpha': 0.504823685165455, 'reg_lambda': 0.0005953264063739414, 'min_child_weight': 5}. Best is trial 0 with value: 0.941747572815534.
[I 2026-03-24 15:30:58,029] Trial 549 finished with value: 0.941747572815534 and parameters: {'n_estimators': 454, 'max_depth': 42, 'learning_rate': 0.009979966639318189, 'reg_alpha': 0.0527085311084858, 'reg_lambda': 0.008557172459973028, 'min_child_weight': 7}. Best is trial 0 with value: 0.941747572815534.
[I 2026-03-24 15:30:58,131] Trial 550 finished with value: 0.941747572815534 and parameters: {'n_estimators': 710, 'max_depth': 45, 'learning_rate': 0.002092617572577453, 'reg_alpha': 0.008076500352668098, 'reg_lambda': 0.09665292693752846, 'min_child_weight': 8}. Best is trial 0 with value: 0.941747572815534.
[I 2026-03-24 15:30:58,238] Trial 551 finished with value: 0.941747572815534 and parameters: {'n_estimators': 779, 'max_depth': 37, 'learning_rate': 0.01826678749938257, 'reg_alpha': 0.0009231765587752508, 'reg_lambda': 7.131927799533156e-05, 'min_child_weight': 9}. Best is trial 0 with value: 0.941747572815534.
[I 2026-03-24 15:30:58,341] Trial 552 finished with value: 0.941747572815534 and parameters: {'n_estimators': 739, 'max_depth': 48, 'learning_rate': 0.013680757808012969, 'reg_alpha': 2.9590175657190815e-05, 'reg_lambda': 0.06859799053472115, 'min_child_weight': 6}. Best is trial 0 with value: 0.941747572815534.
[I 2026-03-24 15:30:58,459] Trial 553 finished with value: 0.941747572815534 and parameters: {'n_estimators': 880, 'max_depth': 49, 'learning_rate': 0.07352982701149194, 'reg_alpha': 4.774816428186579e-06, 'reg_lambda': 4.157227982854037e-06, 'min_child_weight': 1}. Best is trial 0 with value: 0.941747572815534.
[I 2026-03-24 15:30:58,541] Trial 554 finished with value: 0.941747572815534 and parameters: {'n_estimators': 525, 'max_depth': 33, 'learning_rate': 0.09375291957359444, 'reg_alpha': 2.4138574407087054e-07, 'reg_lambda': 1.3478344034167218e-06, 'min_child_weight': 10}. Best is trial 0 with value: 0.941747572815534.
[I 2026-03-24 15:30:58,653] Trial 555 finished with value: 0.941747572815534 and parameters: {'n_estimators': 827, 'max_depth': 43, 'learning_rate': 0.0015788625295519879, 'reg_alpha': 0.08077037972474649, 'reg_lambda': 0.30733408005467333, 'min_child_weight': 6}. Best is trial 0 with value: 0.941747572815534.
[I 2026-03-24 15:30:58,727] Trial 556 finished with value: 0.941747572815534 and parameters: {'n_estimators': 442, 'max_depth': 29, 'learning_rate': 0.02177023265985565, 'reg_alpha': 1.2924737602988847e-05, 'reg_lambda': 0.00025943157283056463, 'min_child_weight': 7}. Best is trial 0 with value: 0.941747572815534.
[I 2026-03-24 15:30:58,837] Trial 557 finished with value: 0.941747572815534 and parameters: {'n_estimators': 805, 'max_depth': 7, 'learning_rate': 0.008661385286174144, 'reg_alpha': 0.0023095468836488863, 'reg_lambda': 2.544654172268919e-05, 'min_child_weight': 5}. Best is trial 0 with value: 0.941747572815534.
