[I 2026-03-24 15:30:58,916] Trial 558 finished with value: 0.941747572815534 and parameters: {'n_estimators': 472, 'max_depth': 23, 'learning_rate': 0.09951738113674055, 'reg_alpha': 3.831588924733118e-08, 'reg_lambda': 0.993082728766555, 'min_child_weight': 7}. Best is trial 0 with value: 0.941747572815534.
[I 2026-03-24 15:30:59,016] Trial 559 finished with value: 0.941747572815534 and parameters: {'n_estimators': 678, 'max_depth': 34, 'learning_rate': 0.023246630605547842, 'reg_alpha': 0.017921433462684894, 'reg_lambda': 1.249968433240362e-05, 'min_child_weight': 8}. Best is trial 0 with value: 0.941747572815534.
[I 2026-03-24 15:30:59,110] Trial 560 finished with value: 0.941747572815534 and parameters: {'n_estimators': 642, 'max_depth': 36, 'learning_rate': 0.027225832869003017, 'reg_alpha': 0.03413585624613384, 'reg_lambda': 2.2626606535468714e-06, 'min_child_weight': 2}. Best is trial 0 with value: 0.941747572815534.
[I 2026-03-24 15:30:59,235] Trial 561 finished with value: 0.941747572815534 and parameters: {'n_estimators': 916, 'max_depth': 8, 'learning_rate': 0.060065397991000094, 'reg_alpha': 8.586378604094725e-07, 'reg_lambda': 0.00015129710578383576, 'min_child_weight': 4}. Best is trial 0 with value: 0.941747572815534.
[I 2026-03-24 15:30:59,302] Trial 562 finished with value: 0.941747572815534 and parameters: {'n_estimators': 377, 'max_depth': 32, 'learning_rate': 0.047328686995521826, 'reg_alpha': 2.8515962410398157e-08, 'reg_lambda': 0.059521963944554494, 'min_child_weight': 10}. Best is trial 0 with value: 0.941747572815534.
[I 2026-03-24 15:30:59,382] Trial 563 finished with value: 0.941747572815534 and parameters: {'n_estimators': 495, 'max_depth': 40, 'learning_rate': 0.003520084180565539, 'reg_alpha': 1.0171503368358523e-07, 'reg_lambda': 0.04070024405747471, 'min_child_weight': 3}. Best is trial 0 with value: 0.941747572815534.
[I 2026-03-24 15:30:59,438] Trial 564 finished with value: 0.941747572815534 and parameters: {'n_estimators': 264, 'max_depth': 46, 'learning_rate': 0.0030276436458662186, 'reg_alpha': 0.00045399642658352357, 'reg_lambda': 4.5894117128496157e-05, 'min_child_weight': 7}. Best is trial 0 with value: 0.941747572815534.
[I 2026-03-24 15:30:59,528] Trial 565 finished with value: 0.941747572815534 and parameters: {'n_estimators': 583, 'max_depth': 6, 'learning_rate': 0.004094768145035558, 'reg_alpha': 0.0012491621111246816, 'reg_lambda': 6.501033093652923e-07, 'min_child_weight': 6}. Best is trial 0 with value: 0.941747572815534.
[I 2026-03-24 15:30:59,620] Trial 566 finished with value: 0.941747572815534 and parameters: {'n_estimators': 626, 'max_depth': 35, 'learning_rate': 0.08512855329216543, 'reg_alpha': 8.363087257652417e-06, 'reg_lambda': 0.02573931256133549, 'min_child_weight': 8}. Best is trial 0 with value: 0.941747572815534.
[I 2026-03-24 15:30:59,685] Trial 567 finished with value: 0.941747572815534 and parameters: {'n_estimators': 348, 'max_depth': 38, 'learning_rate': 0.0023755039516945692, 'reg_alpha': 0.004904128965321048, 'reg_lambda': 0.0018309079380522829, 'min_child_weight': 6}. Best is trial 0 with value: 0.941747572815534.
[I 2026-03-24 15:30:59,801] Trial 568 finished with value: 0.941747572815534 and parameters: {'n_estimators': 867, 'max_depth': 43, 'learning_rate': 0.006724389034584648, 'reg_alpha': 1.301268691794927e-06, 'reg_lambda': 0.0003548131675999801, 'min_child_weight': 9}. Best is trial 0 with value: 0.941747572815534.
[I 2026-03-24 15:30:59,870] Trial 569 finished with value: 0.941747572815534 and parameters: {'n_estimators': 397, 'max_depth': 44, 'learning_rate': 0.03265421501801903, 'reg_alpha': 0.0030469528156710467, 'reg_lambda': 0.18495354415470722, 'min_child_weight': 5}. Best is trial 0 with value: 0.941747572815534.
[I 2026-03-24 15:30:59,932] Trial 570 finished with value: 0.941747572815534 and parameters: {'n_estimators': 325, 'max_depth': 50, 'learning_rate': 0.029966729718027874, 'reg_alpha': 0.1597129379458771, 'reg_lambda': 0.01248940553369404, 'min_child_weight': 7}. Best is trial 0 with value: 0.941747572815534.
[I 2026-03-24 15:31:00,015] Trial 571 finished with value: 0.941747572815534 and parameters: {'n_estimators': 544, 'max_depth': 27, 'learning_rate': 0.009459784530675617, 'reg_alpha': 5.911410649451195e-07, 'reg_lambda': 7.107304558615714e-06, 'min_child_weight': 4}. Best is trial 0 with value: 0.941747572815534.
[I 2026-03-24 15:31:00,120] Trial 572 finished with value: 0.941747572815534 and parameters: {'n_estimators': 756, 'max_depth': 47, 'learning_rate': 0.007725534966066422, 'reg_alpha': 7.231555334350575e-08, 'reg_lambda': 1.0835786225137802e-06, 'min_child_weight': 2}. Best is trial 0 with value: 0.941747572815534.
[I 2026-03-24 15:31:00,245] Trial 573 finished with value: 0.941747572815534 and parameters: {'n_estimators': 959, 'max_depth': 39, 'learning_rate': 0.005073459363161862, 'reg_alpha': 0.00010644589705171634, 'reg_lambda': 0.1279849055412084, 'min_child_weight': 6}. Best is trial 0 with value: 0.941747572815534.
[I 2026-03-24 15:31:00,357] Trial 574 finished with value: 0.941747572815534 and parameters: {'n_estimators': 794, 'max_depth': 42, 'learning_rate': 0.020272777457300623, 'reg_alpha': 1.462443170544679e-07, 'reg_lambda': 0.003987996146851414, 'min_child_weight': 10}. Best is trial 0 with value: 0.941747572815534.
[I 2026-03-24 15:31:00,463] Trial 575 finished with value: 0.941747572815534 and parameters: {'n_estimators': 772, 'max_depth': 45, 'learning_rate': 0.07939896859836243, 'reg_alpha': 3.038062688983577e-07, 'reg_lambda': 8.737365990809472e-08, 'min_child_weight': 9}. Best is trial 0 with value: 0.941747572815534.
[I 2026-03-24 15:31:00,537] Trial 576 finished with value: 0.941747572815534 and parameters: {'n_estimators': 428, 'max_depth': 25, 'learning_rate': 0.014960595945884956, 'reg_alpha': 1.0784567280014643e-08, 'reg_lambda': 0.08439907290481176, 'min_child_weight': 7}. Best is trial 0 with value: 0.941747572815534.
[I 2026-03-24 15:31:00,590] Trial 577 finished with value: 0.941747572815534 and parameters: {'n_estimators': 234, 'max_depth': 41, 'learning_rate': 0.002603553320664396, 'reg_alpha': 0.0016860052431642628, 'reg_lambda': 0.3928127946119524, 'min_child_weight': 7}. Best is trial 0 with value: 0.941747572815534.
[I 2026-03-24 15:31:00,671] Trial 578 finished with value: 0.941747572815534 and parameters: {'n_estimators': 505, 'max_depth': 37, 'learning_rate': 0.0019555834372400175, 'reg_alpha': 4.80568462426883e-08, 'reg_lambda': 3.288947651947173e-06, 'min_child_weight': 1}. Best is trial 0 with value: 0.941747572815534.
[I 2026-03-24 15:31:00,720] Trial 579 finished with value: 0.941747572815534 and parameters: {'n_estimators': 204, 'max_depth': 9, 'learning_rate': 0.054515131067754664, 'reg_alpha': 0.02632860473941103, 'reg_lambda': 0.0008119568795356845, 'min_child_weight': 8}. Best is trial 0 with value: 0.941747572815534.
[I 2026-03-24 15:31:00,810] Trial 580 finished with value: 0.941747572815534 and parameters: {'n_estimators': 600, 'max_depth': 12, 'learning_rate': 0.011462054653518261, 'reg_alpha': 1.826445085588326e-05, 'reg_lambda': 9.714473027305605e-05, 'min_child_weight': 5}. Best is trial 0 with value: 0.941747572815534.
[I 2026-03-24 15:31:00,886] Trial 581 finished with value: 0.941747572815534 and parameters: {'n_estimators': 458, 'max_depth': 31, 'learning_rate': 0.01726966960760854, 'reg_alpha': 6.22198341823199e-06, 'reg_lambda': 0.006048770836424805, 'min_child_weight': 4}. Best is trial 0 with value: 0.941747572815534.
[I 2026-03-24 15:31:01,000] Trial 582 finished with value: 0.941747572815534 and parameters: {'n_estimators': 840, 'max_depth': 30, 'learning_rate': 0.0010687468614885285, 'reg_alpha': 0.00020982781776718835, 'reg_lambda': 0.04906862943335642, 'min_child_weight': 6}. Best is trial 0 with value: 0.941747572815534.
[I 2026-03-24 15:31:01,077] Trial 583 finished with value: 0.941747572815534 and parameters: {'n_estimators': 477, 'max_depth': 34, 'learning_rate': 0.06905487799999419, 'reg_alpha': 1.7845096997187314e-08, 'reg_lambda': 0.6658852532118229, 'min_child_weight': 3}. Best is trial 0 with value: 0.941747572815534.
[I 2026-03-24 15:31:01,172] Trial 584 finished with value: 0.941747572815534 and parameters: {'n_estimators': 659, 'max_depth': 29, 'learning_rate': 0.09145451829740615, 'reg_alpha': 3.1209900505078293e-06, 'reg_lambda': 1.7786777304318895e-06, 'min_child_weight': 7}. Best is trial 0 with value: 0.941747572815534.
[I 2026-03-24 15:31:01,230] Trial 585 finished with value: 0.941747572815534 and parameters: {'n_estimators': 294, 'max_depth': 38, 'learning_rate': 0.04117869523139798, 'reg_alpha': 4.465365637505292e-07, 'reg_lambda': 5.252053753648095e-06, 'min_child_weight': 5}. Best is trial 0 with value: 0.941747572815534.
[I 2026-03-24 15:31:01,305] Trial 586 finished with value: 0.941747572815534 and parameters: {'n_estimators': 414, 'max_depth': 24, 'learning_rate': 0.02529021910869851, 'reg_alpha': 0.00033570474558175154, 'reg_lambda': 0.00021837347926843766, 'min_child_weight': 8}. Best is trial 0 with value: 0.941747572815534.
[I 2026-03-24 15:31:01,419] Trial 587 finished with value: 0.941747572815534 and parameters: {'n_estimators': 820, 'max_depth': 47, 'learning_rate': 0.04844532369375257, 'reg_alpha': 2.0187697639899987e-06, 'reg_lambda': 3.983686557474718e-08, 'min_child_weight': 8}. Best is trial 0 with value: 0.941747572815534.
[I 2026-03-24 15:31:01,511] Trial 588 finished with value: 0.941747572815534 and parameters: {'n_estimators': 618, 'max_depth': 42, 'learning_rate': 0.012792749370038358, 'reg_alpha': 4.424030323456909e-06, 'reg_lambda': 1.6072949426483305e-05, 'min_child_weight': 6}. Best is trial 0 with value: 0.941747572815534.
[I 2026-03-24 15:31:01,643] Trial 589 finished with value: 0.941747572815534 and parameters: {'n_estimators': 979, 'max_depth': 19, 'learning_rate': 0.06202418154683815, 'reg_alpha': 1.031119819420449e-05, 'reg_lambda': 1.1224999729951252e-08, 'min_child_weight': 2}. Best is trial 0 with value: 0.941747572815534.
[I 2026-03-24 15:31:01,708] Trial 590 finished with value: 0.941747572815534 and parameters: {'n_estimators': 359, 'max_depth': 16, 'learning_rate': 0.004468868897604254, 'reg_alpha': 0.00994033621003781, 'reg_lambda': 0.02691894623351075, 'min_child_weight': 7}. Best is trial 0 with value: 0.941747572815534.
[I 2026-03-24 15:31:01,793] Trial 591 finished with value: 0.941747572815534 and parameters: {'n_estimators': 535, 'max_depth': 18, 'learning_rate': 0.010510782323415322, 'reg_alpha': 2.7526578216325223e-05, 'reg_lambda': 0.00042378058784478165, 'min_child_weight': 9}. Best is trial 0 with value: 0.941747572815534.
[I 2026-03-24 15:31:01,881] Trial 592 finished with value: 0.941747572815534 and parameters: {'n_estimators': 568, 'max_depth': 14, 'learning_rate': 0.0012705950110410318, 'reg_alpha': 5.85835066626933e-05, 'reg_lambda': 0.29900736687506607, 'min_child_weight': 7}. Best is trial 0 with value: 0.941747572815534.
[I 2026-03-24 15:31:01,955] Trial 593 finished with value: 0.941747572815534 and parameters: {'n_estimators': 445, 'max_depth': 28, 'learning_rate': 0.0056754364957638855, 'reg_alpha': 6.571487722760203e-08, 'reg_lambda': 0.017832081144241955, 'min_child_weight': 6}. Best is trial 0 with value: 0.941747572815534.
[I 2026-03-24 15:31:02,024] Trial 594 finished with value: 0.941747572815534 and parameters: {'n_estimators': 385, 'max_depth': 40, 'learning_rate': 0.0022629521027190493, 'reg_alpha': 3.2023872257704396e-08, 'reg_lambda': 0.14013398238694275, 'min_child_weight': 10}. Best is trial 0 with value: 0.941747572815534.
[I 2026-03-24 15:31:02,105] Trial 595 finished with value: 0.941747572815534 and parameters: {'n_estimators': 489, 'max_depth': 44, 'learning_rate': 0.07824494641355396, 'reg_alpha': 0.0007449491446008699, 'reg_lambda': 0.0024508314034146325, 'min_child_weight': 4}. Best is trial 0 with value: 0.941747572815534.
[I 2026-03-24 15:31:02,169] Trial 596 finished with value: 0.941747572815534 and parameters: {'n_estimators': 332, 'max_depth': 6, 'learning_rate': 0.01586849046331289, 'reg_alpha': 0.013164917118117802, 'reg_lambda': 2.1134308578184407e-08, 'min_child_weight': 7}. Best is trial 0 with value: 0.941747572815534.
[I 2026-03-24 15:31:02,251] Trial 597 finished with value: 0.941747572815534 and parameters: {'n_estimators': 515, 'max_depth': 48, 'learning_rate': 0.03769139903305505, 'reg_alpha': 2.1020466160493744e-07, 'reg_lambda': 2.4344357108539834e-07, 'min_child_weight': 2}. Best is trial 0 with value: 0.941747572815534.
[I 2026-03-24 15:31:02,355] Trial 598 finished with value: 0.941747572815534 and parameters: {'n_estimators': 724, 'max_depth': 32, 'learning_rate': 0.0017807810812590081, 'reg_alpha': 0.0031962692742852606, 'reg_lambda': 9.375159254059803e-06, 'min_child_weight': 3}. Best is trial 0 with value: 0.941747572815534.
[I 2026-03-24 15:31:02,480] Trial 599 finished with value: 0.941747572815534 and parameters: {'n_estimators': 948, 'max_depth': 40, 'learning_rate': 0.003859300629468454, 'reg_alpha': 0.0069981068517483026, 'reg_lambda': 0.06855517584875254, 'min_child_weight': 6}. Best is trial 0 with value: 0.941747572815534.
[I 2026-03-24 15:31:02,580] Trial 600 finished with value: 0.941747572815534 and parameters: {'n_estimators': 686, 'max_depth': 37, 'learning_rate': 0.08557060757008504, 'reg_alpha': 0.06132176631040746, 'reg_lambda': 0.001190227741920711, 'min_child_weight': 8}. Best is trial 0 with value: 0.941747572815534.
[I 2026-03-24 15:31:02,688] Trial 601 finished with value: 0.941747572815534 and parameters: {'n_estimators': 767, 'max_depth': 46, 'learning_rate': 0.0282087179961535, 'reg_alpha': 8.100073202370295e-07, 'reg_lambda': 0.0001536587588524717, 'min_child_weight': 5}. Best is trial 0 with value: 0.941747572815534.
[I 2026-03-24 15:31:02,810] Trial 602 finished with value: 0.941747572815534 and parameters: {'n_estimators': 891, 'max_depth': 50, 'learning_rate': 0.022609129387705807, 'reg_alpha': 8.768645147570504e-08, 'reg_lambda': 0.009155117801781914, 'min_child_weight': 9}. Best is trial 0 with value: 0.941747572815534.
[I 2026-03-24 15:31:02,901] Trial 603 finished with value: 0.941747572815534 and parameters: {'n_estimators': 591, 'max_depth': 42, 'learning_rate': 0.00806523266889814, 'reg_alpha': 0.29446702826302273, 'reg_lambda': 0.000581279667851106, 'min_child_weight': 10}. Best is trial 0 with value: 0.941747572815534.
[I 2026-03-24 15:31:02,977] Trial 604 finished with value: 0.941747572815534 and parameters: {'n_estimators': 468, 'max_depth': 36, 'learning_rate': 0.03254898681291689, 'reg_alpha': 0.001860558727447461, 'reg_lambda': 0.09457434838324554, 'min_child_weight': 4}. Best is trial 0 with value: 0.941747572815534.
[I 2026-03-24 15:31:03,090] Trial 605 finished with value: 0.941747572815534 and parameters: {'n_estimators': 812, 'max_depth': 7, 'learning_rate': 0.0013985430609990955, 'reg_alpha': 0.0001576489284871652, 'reg_lambda': 0.20214743394426313, 'min_child_weight': 7}. Best is trial 0 with value: 0.941747572815534.
[I 2026-03-24 15:31:03,213] Trial 606 finished with value: 0.941747572815534 and parameters: {'n_estimators': 925, 'max_depth': 33, 'learning_rate': 0.019410928168839166, 'reg_alpha': 1.326908355623159e-07, 'reg_lambda': 0.03452942912057797, 'min_child_weight': 7}. Best is trial 0 with value: 0.941747572815534.
[I 2026-03-24 15:31:03,319] Trial 607 finished with value: 0.941747572815534 and parameters: {'n_estimators': 744, 'max_depth': 39, 'learning_rate': 0.05132738200607039, 'reg_alpha': 0.04059615116261922, 'reg_lambda': 0.5285248394562336, 'min_child_weight': 6}. Best is trial 0 with value: 0.941747572815534.
[I 2026-03-24 15:31:03,432] Trial 608 finished with value: 0.941747572815534 and parameters: {'n_estimators': 791, 'max_depth': 45, 'learning_rate': 0.007062077678324369, 'reg_alpha': 3.8194523265044816e-07, 'reg_lambda': 0.00027487881617339953, 'min_child_weight': 5}. Best is trial 0 with value: 0.941747572815534.
[I 2026-03-24 15:31:03,487] Trial 609 finished with value: 0.941747572815534 and parameters: {'n_estimators': 250, 'max_depth': 26, 'learning_rate': 0.002421090690565082, 'reg_alpha': 1.1912373430110108e-06, 'reg_lambda': 2.84276634142111e-05, 'min_child_weight': 4}. Best is trial 0 with value: 0.941747572815534.
[I 2026-03-24 15:31:03,557] Trial 610 finished with value: 0.941747572815534 and parameters: {'n_estimators': 372, 'max_depth': 35, 'learning_rate': 0.0031366456115870926, 'reg_alpha': 8.311272802542726e-05, 'reg_lambda': 5.1122472909225725e-05, 'min_child_weight': 6}. Best is trial 0 with value: 0.941747572815534.
[I 2026-03-24 15:31:03,631] Trial 611 finished with value: 0.941747572815534 and parameters: {'n_estimators': 409, 'max_depth': 41, 'learning_rate': 0.0011770142132454245, 'reg_alpha': 1.446740302217323e-05, 'reg_lambda': 0.049192308373959125, 'min_child_weight': 8}. Best is trial 0 with value: 0.941747572815534.
[I 2026-03-24 15:31:03,753] Trial 612 finished with value: 0.941747572815534 and parameters: {'n_estimators': 861, 'max_depth': 43, 'learning_rate': 0.024784320117111684, 'reg_alpha': 0.10416439315965827, 'reg_lambda': 0.25417823860904876, 'min_child_weight': 9}. Best is trial 0 with value: 0.941747572815534.
[I 2026-03-24 15:31:03,813] Trial 613 finished with value: 0.941747572815534 and parameters: {'n_estimators': 276, 'max_depth': 48, 'learning_rate': 0.0689193560154835, 'reg_alpha': 0.024297633871056698, 'reg_lambda': 3.660778078711292e-07, 'min_child_weight': 7}. Best is trial 0 with value: 0.941747572815534.
[I 2026-03-24 15:31:03,879] Trial 614 finished with value: 0.941747572815534 and parameters: {'n_estimators': 349, 'max_depth': 22, 'learning_rate': 0.058488116519193535, 'reg_alpha': 0.004154697250500548, 'reg_lambda': 0.9856471889290656, 'min_child_weight': 10}. Best is trial 0 with value: 0.941747572815534.
[I 2026-03-24 15:31:03,955] Trial 615 finished with value: 0.941747572815534 and parameters: {'n_estimators': 431, 'max_depth': 38, 'learning_rate': 0.09844721834128853, 'reg_alpha': 7.0074700306116825e-06, 'reg_lambda': 9.089466768405669e-05, 'min_child_weight': 6}. Best is trial 0 with value: 0.941747572815534.
[I 2026-03-24 15:31:04,040] Trial 616 finished with value: 0.941747572815534 and parameters: {'n_estimators': 501, 'max_depth': 20, 'learning_rate': 0.0049151837160732285, 'reg_alpha': 2.167600599337099e-08, 'reg_lambda': 0.006457310352536587, 'min_child_weight': 8}. Best is trial 0 with value: 0.941747572815534.
[I 2026-03-24 15:31:04,146] Trial 617 finished with value: 0.941747572815534 and parameters: {'n_estimators': 704, 'max_depth': 10, 'learning_rate': 0.043845279098684, 'reg_alpha': 0.0011147679752182124, 'reg_lambda': 2.8622855297076533e-06, 'min_child_weight': 7}. Best is trial 0 with value: 0.941747572815534.
[I 2026-03-24 15:31:04,274] Trial 618 finished with value: 0.941747572815534 and parameters: {'n_estimators': 909, 'max_depth': 44, 'learning_rate': 0.0021130445102339767, 'reg_alpha': 3.726312193916245e-05, 'reg_lambda': 1.2331757651447597e-07, 'min_child_weight': 4}. Best is trial 0 with value: 0.941747572815534.
[I 2026-03-24 15:31:04,355] Trial 619 finished with value: 0.941747572815534 and parameters: {'n_estimators': 482, 'max_depth': 39, 'learning_rate': 0.028397502101683465, 'reg_alpha': 2.8575051320250126e-07, 'reg_lambda': 5.490116294724921e-07, 'min_child_weight': 2}. Best is trial 0 with value: 0.941747572815534.
[I 2026-03-24 15:31:04,409] Trial 620 finished with value: 0.941747572815534 and parameters: {'n_estimators': 224, 'max_depth': 46, 'learning_rate': 0.0010119144147126531, 'reg_alpha': 3.504263791172288e-06, 'reg_lambda': 0.1150104924265241, 'min_child_weight': 6}. Best is trial 0 with value: 0.941747572815534.
[I 2026-03-24 15:31:04,524] Trial 621 finished with value: 0.941747572815534 and parameters: {'n_estimators': 780, 'max_depth': 49, 'learning_rate': 0.0027201655828336647, 'reg_alpha': 4.5990508727327624e-08, 'reg_lambda': 0.06137498678630706, 'min_child_weight': 5}. Best is trial 0 with value: 0.941747572815534.
[I 2026-03-24 15:31:04,621] Trial 622 finished with value: 0.941747572815534 and parameters: {'n_estimators': 617, 'max_depth': 30, 'learning_rate': 0.014281073865817487, 'reg_alpha': 6.434307963341391e-07, 'reg_lambda': 6.408610781036105e-08, 'min_child_weight': 7}. Best is trial 0 with value: 0.941747572815534.
[I 2026-03-24 15:31:04,722] Trial 623 finished with value: 0.941747572815534 and parameters: {'n_estimators': 641, 'max_depth': 6, 'learning_rate': 0.006251382563978774, 'reg_alpha': 0.0002646487727768852, 'reg_lambda': 0.0037084046741755585, 'min_child_weight': 3}. Best is trial 0 with value: 0.941747572815534.
[I 2026-03-24 15:31:04,801] Trial 624 finished with value: 0.941747572815534 and parameters: {'n_estimators': 454, 'max_depth': 31, 'learning_rate': 0.08988726360144608, 'reg_alpha': 0.0004460726254182777, 'reg_lambda': 9.404014312921545e-07, 'min_child_weight': 10}. Best is trial 0 with value: 0.941747572815534.
[I 2026-03-24 15:31:04,873] Trial 625 finished with value: 0.941747572815534 and parameters: {'n_estimators': 393, 'max_depth': 33, 'learning_rate': 0.017649385888274336, 'reg_alpha': 2.2495090951177773e-06, 'reg_lambda': 4.498434534272855e-06, 'min_child_weight': 3}. Best is trial 0 with value: 0.941747572815534.
[I 2026-03-24 15:31:04,934] Trial 626 finished with value: 0.941747572815534 and parameters: {'n_estimators': 311, 'max_depth': 29, 'learning_rate': 0.008583068447461355, 'reg_alpha': 0.017659113811760295, 'reg_lambda': 0.018466743350917303, 'min_child_weight': 8}. Best is trial 0 with value: 0.941747572815534.
[I 2026-03-24 15:31:05,018] Trial 627 finished with value: 0.941747572815534 and parameters: {'n_estimators': 522, 'max_depth': 8, 'learning_rate': 0.026563396035148262, 'reg_alpha': 0.6674156999296493, 'reg_lambda': 0.011413545153086993, 'min_child_weight': 6}. Best is trial 0 with value: 0.941747572815534.
