[I 2026-03-24 15:31:05,151] Trial 628 finished with value: 0.941747572815534 and parameters: {'n_estimators': 999, 'max_depth': 41, 'learning_rate': 0.0015959707751493758, 'reg_alpha': 0.002177987759351622, 'reg_lambda': 1.1124045547335083e-05, 'min_child_weight': 9}. Best is trial 0 with value: 0.941747572815534.
[I 2026-03-24 15:31:05,216] Trial 629 finished with value: 0.941747572815534 and parameters: {'n_estimators': 337, 'max_depth': 47, 'learning_rate': 0.009414349415484328, 'reg_alpha': 0.006082410278366939, 'reg_lambda': 0.3924507810238662, 'min_child_weight': 7}. Best is trial 0 with value: 0.941747572815534.
[I 2026-03-24 15:31:05,336] Trial 630 finished with value: 0.941747572815534 and parameters: {'n_estimators': 876, 'max_depth': 43, 'learning_rate': 0.035125020442515725, 'reg_alpha': 1.0034217015917417e-05, 'reg_lambda': 0.0007460120071547146, 'min_child_weight': 7}. Best is trial 0 with value: 0.941747572815534.
[I 2026-03-24 15:31:05,425] Trial 631 finished with value: 0.941747572815534 and parameters: {'n_estimators': 574, 'max_depth': 17, 'learning_rate': 0.01084379929911855, 'reg_alpha': 8.615766903559037e-08, 'reg_lambda': 6.550060284370878e-06, 'min_child_weight': 4}. Best is trial 0 with value: 0.941747572815534.
[I 2026-03-24 15:31:05,543] Trial 632 finished with value: 0.941747572815534 and parameters: {'n_estimators': 839, 'max_depth': 34, 'learning_rate': 0.06621844325818466, 'reg_alpha': 1.6482034578386102e-07, 'reg_lambda': 0.15755509007987742, 'min_child_weight': 5}. Best is trial 0 with value: 0.941747572815534.
[I 2026-03-24 15:31:05,629] Trial 633 finished with value: 0.941747572815534 and parameters: {'n_estimators': 549, 'max_depth': 37, 'learning_rate': 0.05639139044115118, 'reg_alpha': 1.4435889845872915e-08, 'reg_lambda': 1.6222701003269048e-06, 'min_child_weight': 2}. Best is trial 0 with value: 0.941747572815534.
[I 2026-03-24 15:31:05,737] Trial 634 finished with value: 0.941747572815534 and parameters: {'n_estimators': 755, 'max_depth': 35, 'learning_rate': 0.0817801549491533, 'reg_alpha': 2.701964633465229e-08, 'reg_lambda': 1.9666012938959275e-05, 'min_child_weight': 6}. Best is trial 0 with value: 0.941747572815534.
[I 2026-03-24 15:31:05,851] Trial 635 finished with value: 0.941747572815534 and parameters: {'n_estimators': 808, 'max_depth': 27, 'learning_rate': 0.004484243752716941, 'reg_alpha': 0.00081409688901342, 'reg_lambda': 0.03441008286843567, 'min_child_weight': 7}. Best is trial 0 with value: 0.941747572815534.
[I 2026-03-24 15:31:05,963] Trial 636 finished with value: 0.941747572815534 and parameters: {'n_estimators': 792, 'max_depth': 45, 'learning_rate': 0.07416164217047334, 'reg_alpha': 1.4809599733961114e-06, 'reg_lambda': 0.0003694429146621073, 'min_child_weight': 8}. Best is trial 0 with value: 0.941747572815534.
[I 2026-03-24 15:31:06,060] Trial 637 finished with value: 0.941747572815534 and parameters: {'n_estimators': 658, 'max_depth': 38, 'learning_rate': 0.030119195393433072, 'reg_alpha': 2.0286737535959987e-05, 'reg_lambda': 3.551611019989437e-05, 'min_child_weight': 10}. Best is trial 0 with value: 0.941747572815534.
[I 2026-03-24 15:31:06,152] Trial 638 finished with value: 0.941747572815534 and parameters: {'n_estimators': 599, 'max_depth': 49, 'learning_rate': 0.012536778049854098, 'reg_alpha': 5.342993737194056e-06, 'reg_lambda': 5.932180785812111e-05, 'min_child_weight': 7}. Best is trial 0 with value: 0.941747572815534.
[I 2026-03-24 15:31:06,230] Trial 639 finished with value: 0.941747572815534 and parameters: {'n_estimators': 470, 'max_depth': 7, 'learning_rate': 0.048591077954006946, 'reg_alpha': 0.052132893943863945, 'reg_lambda': 0.0001961885255095805, 'min_child_weight': 9}. Best is trial 0 with value: 0.941747572815534.
[I 2026-03-24 15:31:06,339] Trial 640 finished with value: 0.941747572815534 and parameters: {'n_estimators': 771, 'max_depth': 40, 'learning_rate': 0.020913551350033564, 'reg_alpha': 0.16826403166530066, 'reg_lambda': 0.0829445943965481, 'min_child_weight': 6}. Best is trial 0 with value: 0.941747572815534.
[I 2026-03-24 15:31:06,421] Trial 641 finished with value: 0.941747572815534 and parameters: {'n_estimators': 492, 'max_depth': 23, 'learning_rate': 0.0019409483683470769, 'reg_alpha': 3.5957687655423054e-07, 'reg_lambda': 0.6764346071965438, 'min_child_weight': 5}. Best is trial 0 with value: 0.941747572815534.
[I 2026-03-24 15:31:06,489] Trial 642 finished with value: 0.941747572815534 and parameters: {'n_estimators': 359, 'max_depth': 28, 'learning_rate': 0.0011160206424560024, 'reg_alpha': 0.012429928129225547, 'reg_lambda': 0.001907263020897991, 'min_child_weight': 8}. Best is trial 0 with value: 0.941747572815534.
[I 2026-03-24 15:31:06,558] Trial 643 finished with value: 0.941747572815534 and parameters: {'n_estimators': 377, 'max_depth': 36, 'learning_rate': 0.005539512688160505, 'reg_alpha': 0.0001098663901029009, 'reg_lambda': 0.0001255260232174161, 'min_child_weight': 4}. Best is trial 0 with value: 0.941747572815534.
[I 2026-03-24 15:31:06,614] Trial 644 finished with value: 0.941747572815534 and parameters: {'n_estimators': 242, 'max_depth': 31, 'learning_rate': 0.023050195288996066, 'reg_alpha': 5.2378961127936776e-08, 'reg_lambda': 1.5962581190725662e-07, 'min_child_weight': 1}. Best is trial 0 with value: 0.941747572815534.
[I 2026-03-24 15:31:06,689] Trial 645 finished with value: 0.941747572815534 and parameters: {'n_estimators': 440, 'max_depth': 32, 'learning_rate': 0.09927117824121516, 'reg_alpha': 1.1454588932281e-07, 'reg_lambda': 0.02348003113938661, 'min_child_weight': 7}. Best is trial 0 with value: 0.941747572815534.
[I 2026-03-24 15:31:06,809] Trial 646 finished with value: 0.941747572815534 and parameters: {'n_estimators': 851, 'max_depth': 44, 'learning_rate': 0.002254759750652065, 'reg_alpha': 2.1128976071637347e-07, 'reg_lambda': 0.0005353313714272591, 'min_child_weight': 6}. Best is trial 0 with value: 0.941747572815534.
[I 2026-03-24 15:31:06,899] Trial 647 finished with value: 0.941747572815534 and parameters: {'n_estimators': 552, 'max_depth': 41, 'learning_rate': 0.003430843913472069, 'reg_alpha': 0.029275184091654166, 'reg_lambda': 0.05151985492865322, 'min_child_weight': 2}. Best is trial 0 with value: 0.941747572815534.
[I 2026-03-24 15:31:06,961] Trial 648 finished with value: 0.941747572815534 and parameters: {'n_estimators': 291, 'max_depth': 25, 'learning_rate': 0.08959994061961406, 'reg_alpha': 5.725302037155408e-07, 'reg_lambda': 0.005062856856256645, 'min_child_weight': 8}. Best is trial 0 with value: 0.941747572815534.
[I 2026-03-24 15:31:07,018] Trial 649 finished with value: 0.941747572815534 and parameters: {'n_estimators': 262, 'max_depth': 9, 'learning_rate': 0.0025057596548784295, 'reg_alpha': 0.0014338938164453374, 'reg_lambda': 2.4469320431411497e-06, 'min_child_weight': 10}. Best is trial 0 with value: 0.941747572815534.
[I 2026-03-24 15:31:07,125] Trial 650 finished with value: 0.941747572815534 and parameters: {'n_estimators': 733, 'max_depth': 42, 'learning_rate': 0.016278916798815303, 'reg_alpha': 0.0036959665546250236, 'reg_lambda': 0.517841799925046, 'min_child_weight': 7}. Best is trial 0 with value: 0.941747572815534.
[I 2026-03-24 15:31:07,198] Trial 651 finished with value: 0.941747572815534 and parameters: {'n_estimators': 414, 'max_depth': 47, 'learning_rate': 0.00410098099736357, 'reg_alpha': 4.921748157656486e-05, 'reg_lambda': 0.0009874578203862487, 'min_child_weight': 6}. Best is trial 0 with value: 0.941747572815534.
[I 2026-03-24 15:31:07,327] Trial 652 finished with value: 0.941747572815534 and parameters: {'n_estimators': 938, 'max_depth': 8, 'learning_rate': 0.03991250304157691, 'reg_alpha': 0.00017546161916482536, 'reg_lambda': 3.0344980734144596e-08, 'min_child_weight': 4}. Best is trial 0 with value: 0.941747572815534.
[I 2026-03-24 15:31:07,409] Trial 653 finished with value: 0.941747572815534 and parameters: {'n_estimators': 505, 'max_depth': 18, 'learning_rate': 0.0017925079906996287, 'reg_alpha': 1.224716785984656e-05, 'reg_lambda': 0.11057014727606093, 'min_child_weight': 8}. Best is trial 0 with value: 0.941747572815534.
[I 2026-03-24 15:31:07,527] Trial 654 finished with value: 0.941747572815534 and parameters: {'n_estimators': 824, 'max_depth': 15, 'learning_rate': 0.00289882573258356, 'reg_alpha': 0.008031219581300472, 'reg_lambda': 7.77092993673718e-05, 'min_child_weight': 7}. Best is trial 0 with value: 0.941747572815534.
[I 2026-03-24 15:31:07,605] Trial 655 finished with value: 0.941747572815534 and parameters: {'n_estimators': 458, 'max_depth': 20, 'learning_rate': 0.007297984732878094, 'reg_alpha': 3.3338280351154105e-08, 'reg_lambda': 0.013790806175557415, 'min_child_weight': 9}. Best is trial 0 with value: 0.941747572815534.
[I 2026-03-24 15:31:07,736] Trial 656 finished with value: 0.941747572815534 and parameters: {'n_estimators': 972, 'max_depth': 39, 'learning_rate': 0.051728731435587545, 'reg_alpha': 7.446996626604492e-06, 'reg_lambda': 0.008060160464016027, 'min_child_weight': 3}. Best is trial 0 with value: 0.941747572815534.
[I 2026-03-24 15:31:07,825] Trial 657 finished with value: 0.941747572815534 and parameters: {'n_estimators': 536, 'max_depth': 42, 'learning_rate': 0.002105010529412866, 'reg_alpha': 2.6075358051805226e-05, 'reg_lambda': 0.24672480587975698, 'min_child_weight': 5}. Best is trial 0 with value: 0.941747572815534.
[I 2026-03-24 15:31:07,924] Trial 658 finished with value: 0.941747572815534 and parameters: {'n_estimators': 624, 'max_depth': 50, 'learning_rate': 0.0013096631680776895, 'reg_alpha': 8.987718211482499e-07, 'reg_lambda': 0.0014201499137487914, 'min_child_weight': 4}. Best is trial 0 with value: 0.941747572815534.
[I 2026-03-24 15:31:08,007] Trial 659 finished with value: 0.941747572815534 and parameters: {'n_estimators': 479, 'max_depth': 24, 'learning_rate': 0.06144465007274909, 'reg_alpha': 2.4982730717382817e-06, 'reg_lambda': 0.002801307195347914, 'min_child_weight': 6}. Best is trial 0 with value: 0.941747572815534.
[I 2026-03-24 15:31:08,100] Trial 660 finished with value: 0.941747572815534 and parameters: {'n_estimators': 584, 'max_depth': 6, 'learning_rate': 0.003740272219096042, 'reg_alpha': 0.07877317116373418, 'reg_lambda': 4.325531231708419e-06, 'min_child_weight': 7}. Best is trial 0 with value: 0.941747572815534.
[I 2026-03-24 15:31:08,174] Trial 661 finished with value: 0.941747572815534 and parameters: {'n_estimators': 396, 'max_depth': 44, 'learning_rate': 0.03146673828279692, 'reg_alpha': 0.0003228870402018477, 'reg_lambda': 0.034481927123822295, 'min_child_weight': 10}. Best is trial 0 with value: 0.941747572815534.
[I 2026-03-24 15:31:08,285] Trial 662 finished with value: 0.941747572815534 and parameters: {'n_estimators': 759, 'max_depth': 21, 'learning_rate': 0.025363939364304044, 'reg_alpha': 4.095781644576053e-06, 'reg_lambda': 0.0003491638791868535, 'min_child_weight': 8}. Best is trial 0 with value: 0.941747572815534.
[I 2026-03-24 15:31:08,412] Trial 663 finished with value: 0.941747572815534 and parameters: {'n_estimators': 905, 'max_depth': 35, 'learning_rate': 0.018908180609987356, 'reg_alpha': 1.0456035255894957e-08, 'reg_lambda': 0.07142989369493509, 'min_child_weight': 5}. Best is trial 0 with value: 0.941747572815534.
[I 2026-03-24 15:31:08,477] Trial 664 finished with value: 0.941747572815534 and parameters: {'n_estimators': 315, 'max_depth': 46, 'learning_rate': 0.07441940539000752, 'reg_alpha': 0.0006200860284604126, 'reg_lambda': 0.16616278241210758, 'min_child_weight': 9}. Best is trial 0 with value: 0.941747572815534.
[I 2026-03-24 15:31:08,594] Trial 665 finished with value: 0.941747572815534 and parameters: {'n_estimators': 803, 'max_depth': 30, 'learning_rate': 0.005206707990354255, 'reg_alpha': 6.61153678029368e-08, 'reg_lambda': 0.3680093901833711, 'min_child_weight': 7}. Best is trial 0 with value: 0.941747572815534.
[I 2026-03-24 15:31:08,670] Trial 666 finished with value: 0.941747572815534 and parameters: {'n_estimators': 429, 'max_depth': 37, 'learning_rate': 0.013489771470309452, 'reg_alpha': 0.004919529199680262, 'reg_lambda': 7.206048194165461e-06, 'min_child_weight': 7}. Best is trial 0 with value: 0.941747572815534.
[I 2026-03-24 15:31:08,786] Trial 667 finished with value: 0.941747572815534 and parameters: {'n_estimators': 782, 'max_depth': 11, 'learning_rate': 0.08401568903119191, 'reg_alpha': 0.0394479587000325, 'reg_lambda': 0.7320799716734131, 'min_child_weight': 2}. Best is trial 0 with value: 0.941747572815534.
[I 2026-03-24 15:31:08,840] Trial 668 finished with value: 0.941747572815534 and parameters: {'n_estimators': 212, 'max_depth': 43, 'learning_rate': 0.0091849526643188, 'reg_alpha': 4.6169603831636716e-07, 'reg_lambda': 0.048350351706509295, 'min_child_weight': 6}. Best is trial 0 with value: 0.941747572815534.
[I 2026-03-24 15:31:08,949] Trial 669 finished with value: 0.941747572815534 and parameters: {'n_estimators': 717, 'max_depth': 45, 'learning_rate': 0.0059416129101039356, 'reg_alpha': 0.002773661250164476, 'reg_lambda': 1.1265234704905694e-06, 'min_child_weight': 4}. Best is trial 0 with value: 0.941747572815534.
[I 2026-03-24 15:31:09,016] Trial 670 finished with value: 0.941747572815534 and parameters: {'n_estimators': 341, 'max_depth': 48, 'learning_rate': 0.0015147677553311737, 'reg_alpha': 0.019986183023055888, 'reg_lambda': 0.11494402197831467, 'min_child_weight': 6}. Best is trial 0 with value: 0.941747572815534.
[I 2026-03-24 15:31:09,093] Trial 671 finished with value: 0.941747572815534 and parameters: {'n_estimators': 448, 'max_depth': 34, 'learning_rate': 0.008087729690773055, 'reg_alpha': 7.679135839268101e-05, 'reg_lambda': 0.00021944511378863942, 'min_child_weight': 8}. Best is trial 0 with value: 0.941747572815534.
[I 2026-03-24 15:31:09,188] Trial 672 finished with value: 0.941747572815534 and parameters: {'n_estimators': 606, 'max_depth': 38, 'learning_rate': 0.04375288453612452, 'reg_alpha': 3.104129434164728e-07, 'reg_lambda': 1.3016476400538065e-05, 'min_child_weight': 5}. Best is trial 0 with value: 0.941747572815534.
[I 2026-03-24 15:31:09,274] Trial 673 finished with value: 0.941747572815534 and parameters: {'n_estimators': 520, 'max_depth': 22, 'learning_rate': 0.02759834255654294, 'reg_alpha': 1.6442431786129632e-06, 'reg_lambda': 0.2273120637285997, 'min_child_weight': 9}. Best is trial 0 with value: 0.941747572815534.
[I 2026-03-24 15:31:09,398] Trial 674 finished with value: 0.941747572815534 and parameters: {'n_estimators': 892, 'max_depth': 40, 'learning_rate': 0.09131756528270782, 'reg_alpha': 1.903544269596911e-08, 'reg_lambda': 6.755063979891717e-07, 'min_child_weight': 10}. Best is trial 0 with value: 0.941747572815534.
[I 2026-03-24 15:31:09,489] Trial 675 finished with value: 0.941747572815534 and parameters: {'n_estimators': 565, 'max_depth': 28, 'learning_rate': 0.006559056834366467, 'reg_alpha': 1.6884077912708003e-05, 'reg_lambda': 0.008692442201720848, 'min_child_weight': 7}. Best is trial 0 with value: 0.941747572815534.
[I 2026-03-24 15:31:09,587] Trial 676 finished with value: 0.941747572815534 and parameters: {'n_estimators': 642, 'max_depth': 33, 'learning_rate': 0.033992137934303765, 'reg_alpha': 2.2117948697944557e-07, 'reg_lambda': 3.449214804890643e-06, 'min_child_weight': 6}. Best is trial 0 with value: 0.941747572815534.
[I 2026-03-24 15:31:09,656] Trial 677 finished with value: 0.941747572815534 and parameters: {'n_estimators': 373, 'max_depth': 26, 'learning_rate': 0.052945457356302704, 'reg_alpha': 1.4524876597849114e-07, 'reg_lambda': 1.8426028519125975e-06, 'min_child_weight': 7}. Best is trial 0 with value: 0.941747572815534.
[I 2026-03-24 15:31:09,711] Trial 678 finished with value: 0.941747572815534 and parameters: {'n_estimators': 233, 'max_depth': 49, 'learning_rate': 0.004589467048253805, 'reg_alpha': 0.1252979725518728, 'reg_lambda': 0.022299214398812803, 'min_child_weight': 3}. Best is trial 0 with value: 0.941747572815534.
[I 2026-03-24 15:31:09,820] Trial 679 finished with value: 0.941747572815534 and parameters: {'n_estimators': 746, 'max_depth': 43, 'learning_rate': 0.015224664637365076, 'reg_alpha': 0.0020700084121370297, 'reg_lambda': 0.07307849965921105, 'min_child_weight': 4}. Best is trial 0 with value: 0.941747572815534.
[I 2026-03-24 15:31:09,902] Trial 680 finished with value: 0.941747572815534 and parameters: {'n_estimators': 493, 'max_depth': 41, 'learning_rate': 0.002484210592813597, 'reg_alpha': 0.0011372781372894943, 'reg_lambda': 3.283439269490152e-07, 'min_child_weight': 2}. Best is trial 0 with value: 0.941747572815534.
[I 2026-03-24 15:31:09,971] Trial 681 finished with value: 0.941747572815534 and parameters: {'n_estimators': 358, 'max_depth': 36, 'learning_rate': 0.010242660363121315, 'reg_alpha': 0.00021818785130254615, 'reg_lambda': 0.0036752474928349902, 'min_child_weight': 7}. Best is trial 0 with value: 0.941747572815534.
[I 2026-03-24 15:31:10,091] Trial 682 finished with value: 0.941747572815534 and parameters: {'n_estimators': 860, 'max_depth': 29, 'learning_rate': 0.011077721440736725, 'reg_alpha': 4.457837137687568e-08, 'reg_lambda': 0.00047125256011166264, 'min_child_weight': 10}. Best is trial 0 with value: 0.941747572815534.
[I 2026-03-24 15:31:10,208] Trial 683 finished with value: 0.941747572815534 and parameters: {'n_estimators': 828, 'max_depth': 46, 'learning_rate': 0.06689149613117581, 'reg_alpha': 5.810324853606694e-06, 'reg_lambda': 0.00012777710374859607, 'min_child_weight': 6}. Best is trial 0 with value: 0.941747572815534.
[I 2026-03-24 15:31:10,287] Trial 684 finished with value: 0.941747572815534 and parameters: {'n_estimators': 467, 'max_depth': 39, 'learning_rate': 0.0011239110667372913, 'reg_alpha': 0.34474163516209, 'reg_lambda': 0.000624998827859678, 'min_child_weight': 8}. Best is trial 0 with value: 0.941747572815534.
[I 2026-03-24 15:31:10,361] Trial 685 finished with value: 0.941747572815534 and parameters: {'n_estimators': 410, 'max_depth': 47, 'learning_rate': 0.0211393553726198, 'reg_alpha': 9.135300649382711e-07, 'reg_lambda': 0.42453535804037373, 'min_child_weight': 5}. Best is trial 0 with value: 0.941747572815534.
[I 2026-03-24 15:31:10,462] Trial 686 finished with value: 0.941747572815534 and parameters: {'n_estimators': 666, 'max_depth': 12, 'learning_rate': 0.025046549571071424, 'reg_alpha': 9.582382637804353e-08, 'reg_lambda': 4.1054772666987524e-05, 'min_child_weight': 2}. Best is trial 0 with value: 0.941747572815534.
[I 2026-03-24 15:31:10,545] Trial 687 finished with value: 0.941747572815534 and parameters: {'n_estimators': 511, 'max_depth': 17, 'learning_rate': 0.029930611417624348, 'reg_alpha': 0.00012728433868485262, 'reg_lambda': 2.2736453360515555e-05, 'min_child_weight': 3}. Best is trial 0 with value: 0.941747572815534.
[I 2026-03-24 15:31:10,676] Trial 688 finished with value: 0.941747572815534 and parameters: {'n_estimators': 958, 'max_depth': 8, 'learning_rate': 0.017643685222896274, 'reg_alpha': 9.889170070134822e-06, 'reg_lambda': 2.3013341250672536e-07, 'min_child_weight': 7}. Best is trial 0 with value: 0.941747572815534.
[I 2026-03-24 15:31:10,748] Trial 689 finished with value: 0.941747572815534 and parameters: {'n_estimators': 387, 'max_depth': 7, 'learning_rate': 0.09913109777068785, 'reg_alpha': 0.00047802158646943164, 'reg_lambda': 8.769541415796626e-06, 'min_child_weight': 6}. Best is trial 0 with value: 0.941747572815534.
[I 2026-03-24 15:31:10,865] Trial 690 finished with value: 0.941747572815534 and parameters: {'n_estimators': 796, 'max_depth': 44, 'learning_rate': 0.002318429410240385, 'reg_alpha': 0.013763985124654755, 'reg_lambda': 0.00029210055470992654, 'min_child_weight': 9}. Best is trial 0 with value: 0.941747572815534.
[I 2026-03-24 15:31:10,931] Trial 691 finished with value: 0.941747572815534 and parameters: {'n_estimators': 324, 'max_depth': 27, 'learning_rate': 0.055515070140549225, 'reg_alpha': 3.0816812929369225e-08, 'reg_lambda': 0.13706748742875216, 'min_child_weight': 7}. Best is trial 0 with value: 0.941747572815534.
[I 2026-03-24 15:31:11,060] Trial 692 finished with value: 0.941747572815534 and parameters: {'n_estimators': 922, 'max_depth': 36, 'learning_rate': 0.0031895048421565165, 'reg_alpha': 2.92424587219809e-06, 'reg_lambda': 0.9691493655271388, 'min_child_weight': 8}. Best is trial 0 with value: 0.941747572815534.
[I 2026-03-24 15:31:11,174] Trial 693 finished with value: 0.941747572815534 and parameters: {'n_estimators': 775, 'max_depth': 32, 'learning_rate': 0.0012227370297391202, 'reg_alpha': 0.029255942867632792, 'reg_lambda': 0.016023662207602072, 'min_child_weight': 6}. Best is trial 0 with value: 0.941747572815534.
[I 2026-03-24 15:31:11,278] Trial 694 finished with value: 0.941747572815534 and parameters: {'n_estimators': 692, 'max_depth': 37, 'learning_rate': 0.01189879543380415, 'reg_alpha': 0.05305769486073186, 'reg_lambda': 5.373170708147147e-06, 'min_child_weight': 5}. Best is trial 0 with value: 0.941747572815534.
[I 2026-03-24 15:31:11,375] Trial 695 finished with value: 0.941747572815534 and parameters: {'n_estimators': 613, 'max_depth': 40, 'learning_rate': 0.0776303031510444, 'reg_alpha': 1.2728789754430334e-06, 'reg_lambda': 1.5033967062657105e-08, 'min_child_weight': 10}. Best is trial 0 with value: 0.941747572815534.
[I 2026-03-24 15:31:11,471] Trial 696 finished with value: 0.941747572815534 and parameters: {'n_estimators': 586, 'max_depth': 48, 'learning_rate': 0.0020201122072146674, 'reg_alpha': 3.2955127308495064e-05, 'reg_lambda': 0.09581861860085943, 'min_child_weight': 7}. Best is trial 0 with value: 0.941747572815534.
[I 2026-03-24 15:31:11,548] Trial 697 finished with value: 0.941747572815534 and parameters: {'n_estimators': 431, 'max_depth': 14, 'learning_rate': 0.04719409259539888, 'reg_alpha': 0.22100694061827808, 'reg_lambda': 0.03938660117011994, 'min_child_weight': 7}. Best is trial 0 with value: 0.941747572815534.
