[I 2026-03-24 15:37:38,611] Trial 610 finished with value: 0.941747572815534 and parameters: {'n_estimators': 707, 'max_depth': 27, 'learning_rate': 0.03351529442927473, 'reg_alpha': 0.0005942421577305934, 'reg_lambda': 6.968727110750681e-08, 'min_child_weight': 7}. Best is trial 0 with value: 0.941747572815534.
[I 2026-03-24 15:37:38,715] Trial 611 finished with value: 0.941747572815534 and parameters: {'n_estimators': 278, 'max_depth': 16, 'learning_rate': 0.014517661940296045, 'reg_alpha': 0.0010187892753771677, 'reg_lambda': 3.133683202824523e-08, 'min_child_weight': 4}. Best is trial 0 with value: 0.941747572815534.
[I 2026-03-24 15:37:38,899] Trial 612 finished with value: 0.941747572815534 and parameters: {'n_estimators': 870, 'max_depth': 30, 'learning_rate': 0.05936599790654759, 'reg_alpha': 3.2789177712601825e-06, 'reg_lambda': 1.2051969804545693e-05, 'min_child_weight': 8}. Best is trial 0 with value: 0.941747572815534.
[I 2026-03-24 15:37:39,140] Trial 613 finished with value: 0.9365853658536586 and parameters: {'n_estimators': 741, 'max_depth': 6, 'learning_rate': 0.011227126122791937, 'reg_alpha': 7.211835963973573e-06, 'reg_lambda': 2.1996724316861347e-06, 'min_child_weight': 3}. Best is trial 0 with value: 0.941747572815534.
[I 2026-03-24 15:37:39,257] Trial 614 finished with value: 0.941747572815534 and parameters: {'n_estimators': 497, 'max_depth': 13, 'learning_rate': 0.00162619271276752, 'reg_alpha': 1.8961470985898537e-06, 'reg_lambda': 0.0599104138932446, 'min_child_weight': 6}. Best is trial 0 with value: 0.941747572815534.
[I 2026-03-24 15:37:39,454] Trial 615 finished with value: 0.941747572815534 and parameters: {'n_estimators': 641, 'max_depth': 19, 'learning_rate': 0.0030863120425361494, 'reg_alpha': 3.3801891253857973e-07, 'reg_lambda': 0.00017446586888458408, 'min_child_weight': 4}. Best is trial 0 with value: 0.941747572815534.
[I 2026-03-24 15:37:39,652] Trial 616 finished with value: 0.941747572815534 and parameters: {'n_estimators': 950, 'max_depth': 8, 'learning_rate': 0.004902585179288555, 'reg_alpha': 8.15473518805903e-08, 'reg_lambda': 4.1995415762827784e-07, 'min_child_weight': 10}. Best is trial 0 with value: 0.941747572815534.
[I 2026-03-24 15:37:39,742] Trial 617 finished with value: 0.941747572815534 and parameters: {'n_estimators': 339, 'max_depth': 18, 'learning_rate': 0.017368369516434598, 'reg_alpha': 1.1492074995826997e-06, 'reg_lambda': 2.1843757554689146e-07, 'min_child_weight': 9}. Best is trial 0 with value: 0.941747572815534.
[I 2026-03-24 15:37:39,945] Trial 618 finished with value: 0.941747572815534 and parameters: {'n_estimators': 980, 'max_depth': 38, 'learning_rate': 0.0011335078077544525, 'reg_alpha': 0.0034793278599746244, 'reg_lambda': 2.3218105929143302e-05, 'min_child_weight': 8}. Best is trial 0 with value: 0.941747572815534.
[I 2026-03-24 15:37:40,126] Trial 619 finished with value: 0.941747572815534 and parameters: {'n_estimators': 829, 'max_depth': 43, 'learning_rate': 0.018688728935107063, 'reg_alpha': 0.00020910244313711448, 'reg_lambda': 8.543666536646726e-06, 'min_child_weight': 6}. Best is trial 0 with value: 0.941747572815534.
[I 2026-03-24 15:37:40,267] Trial 620 finished with value: 0.941747572815534 and parameters: {'n_estimators': 624, 'max_depth': 10, 'learning_rate': 0.00366605606614609, 'reg_alpha': 7.11444642399548e-07, 'reg_lambda': 6.24336463444896e-05, 'min_child_weight': 7}. Best is trial 0 with value: 0.941747572815534.
[I 2026-03-24 15:37:40,370] Trial 621 finished with value: 0.941747572815534 and parameters: {'n_estimators': 413, 'max_depth': 28, 'learning_rate': 0.02688969664918477, 'reg_alpha': 3.826266130014623e-05, 'reg_lambda': 1.6142738868195247e-05, 'min_child_weight': 9}. Best is trial 0 with value: 0.941747572815534.
[I 2026-03-24 15:37:40,464] Trial 622 finished with value: 0.941747572815534 and parameters: {'n_estimators': 361, 'max_depth': 37, 'learning_rate': 0.023148664092378833, 'reg_alpha': 0.00031365208545422306, 'reg_lambda': 0.00010524202514524826, 'min_child_weight': 5}. Best is trial 0 with value: 0.941747572815534.
[I 2026-03-24 15:37:40,530] Trial 623 finished with value: 0.941747572815534 and parameters: {'n_estimators': 201, 'max_depth': 26, 'learning_rate': 0.012425228607509562, 'reg_alpha': 0.4534636149117718, 'reg_lambda': 7.015972304478035e-07, 'min_child_weight': 10}. Best is trial 0 with value: 0.941747572815534.
[I 2026-03-24 15:37:40,602] Trial 624 finished with value: 0.941747572815534 and parameters: {'n_estimators': 239, 'max_depth': 25, 'learning_rate': 0.04792184439337909, 'reg_alpha': 2.0958416651589003e-08, 'reg_lambda': 1.918092476681381e-08, 'min_child_weight': 8}. Best is trial 0 with value: 0.941747572815534.
[I 2026-03-24 15:37:40,806] Trial 625 finished with value: 0.941747572815534 and parameters: {'n_estimators': 673, 'max_depth': 42, 'learning_rate': 0.002037987897975493, 'reg_alpha': 6.654024970660901e-05, 'reg_lambda': 3.4195515208887296e-06, 'min_child_weight': 4}. Best is trial 0 with value: 0.941747572815534.
[I 2026-03-24 15:37:40,875] Trial 626 finished with value: 0.941747572815534 and parameters: {'n_estimators': 224, 'max_depth': 31, 'learning_rate': 0.007666809212948535, 'reg_alpha': 1.0407506602478241e-05, 'reg_lambda': 1.282876386122328e-06, 'min_child_weight': 7}. Best is trial 0 with value: 0.941747572815534.
[I 2026-03-24 15:37:41,067] Trial 627 finished with value: 0.941747572815534 and parameters: {'n_estimators': 913, 'max_depth': 15, 'learning_rate': 0.015187315361759582, 'reg_alpha': 0.0019268165599136662, 'reg_lambda': 1.2258559846105677e-07, 'min_child_weight': 9}. Best is trial 0 with value: 0.941747572815534.
[I 2026-03-24 15:37:41,144] Trial 628 finished with value: 0.941747572815534 and parameters: {'n_estimators': 267, 'max_depth': 12, 'learning_rate': 0.009057643635048221, 'reg_alpha': 1.8346241024647064e-07, 'reg_lambda': 1.502040369196658e-08, 'min_child_weight': 5}. Best is trial 0 with value: 0.941747572815534.
[I 2026-03-24 15:37:41,302] Trial 629 finished with value: 0.941747572815534 and parameters: {'n_estimators': 727, 'max_depth': 35, 'learning_rate': 0.002262427518571058, 'reg_alpha': 0.019000190738665237, 'reg_lambda': 4.2427772391231894e-08, 'min_child_weight': 6}. Best is trial 0 with value: 0.941747572815534.
[I 2026-03-24 15:37:41,434] Trial 630 finished with value: 0.9313725490196079 and parameters: {'n_estimators': 383, 'max_depth': 22, 'learning_rate': 0.08754686659906447, 'reg_alpha': 1.7182333059772984e-05, 'reg_lambda': 0.003585537108836916, 'min_child_weight': 3}. Best is trial 0 with value: 0.941747572815534.
[I 2026-03-24 15:37:41,549] Trial 631 finished with value: 0.941747572815534 and parameters: {'n_estimators': 321, 'max_depth': 45, 'learning_rate': 0.023936115866323614, 'reg_alpha': 5.122584634106516e-06, 'reg_lambda': 3.620339768430482e-07, 'min_child_weight': 4}. Best is trial 0 with value: 0.941747572815534.
[I 2026-03-24 15:37:41,630] Trial 632 finished with value: 0.941747572815534 and parameters: {'n_estimators': 289, 'max_depth': 14, 'learning_rate': 0.038397919557437606, 'reg_alpha': 0.0005084750288110264, 'reg_lambda': 0.0002835768497287325, 'min_child_weight': 7}. Best is trial 0 with value: 0.941747572815534.
[I 2026-03-24 15:37:41,704] Trial 633 finished with value: 0.941747572815534 and parameters: {'n_estimators': 246, 'max_depth': 39, 'learning_rate': 0.06693014531497694, 'reg_alpha': 0.7837260196689804, 'reg_lambda': 0.0004132746532961608, 'min_child_weight': 10}. Best is trial 0 with value: 0.941747572815534.
[I 2026-03-24 15:37:41,815] Trial 634 finished with value: 0.941747572815534 and parameters: {'n_estimators': 454, 'max_depth': 10, 'learning_rate': 0.0207767269811939, 'reg_alpha': 0.00011243234220370641, 'reg_lambda': 0.10922822429600557, 'min_child_weight': 9}. Best is trial 0 with value: 0.941747572815534.
[I 2026-03-24 15:37:42,115] Trial 635 finished with value: 0.9238578680203046 and parameters: {'n_estimators': 766, 'max_depth': 7, 'learning_rate': 0.010411965817201323, 'reg_alpha': 0.0007614154594101621, 'reg_lambda': 0.35151237140317937, 'min_child_weight': 1}. Best is trial 0 with value: 0.941747572815534.
[I 2026-03-24 15:37:42,288] Trial 636 finished with value: 0.941747572815534 and parameters: {'n_estimators': 810, 'max_depth': 21, 'learning_rate': 0.013962877530478236, 'reg_alpha': 1.5470890617929721e-06, 'reg_lambda': 9.472183074684973e-07, 'min_child_weight': 8}. Best is trial 0 with value: 0.941747572815534.
[I 2026-03-24 15:37:42,474] Trial 637 finished with value: 0.941747572815534 and parameters: {'n_estimators': 885, 'max_depth': 11, 'learning_rate': 0.0018009794629735456, 'reg_alpha': 0.006824330083895285, 'reg_lambda': 7.709069963469576e-08, 'min_child_weight': 9}. Best is trial 0 with value: 0.941747572815534.
[I 2026-03-24 15:37:42,601] Trial 638 finished with value: 0.941747572815534 and parameters: {'n_estimators': 547, 'max_depth': 13, 'learning_rate': 0.016225758134876648, 'reg_alpha': 2.6719677339598774e-06, 'reg_lambda': 5.603359466478914e-06, 'min_child_weight': 5}. Best is trial 0 with value: 0.941747572815534.
[I 2026-03-24 15:37:42,795] Trial 639 finished with value: 0.941747572815534 and parameters: {'n_estimators': 935, 'max_depth': 37, 'learning_rate': 0.018019756202119482, 'reg_alpha': 0.001334263838626306, 'reg_lambda': 2.335998440620995e-06, 'min_child_weight': 6}. Best is trial 0 with value: 0.941747572815534.
[I 2026-03-24 15:37:42,901] Trial 640 finished with value: 0.941747572815534 and parameters: {'n_estimators': 429, 'max_depth': 36, 'learning_rate': 0.002735800930976902, 'reg_alpha': 7.993841941276948e-06, 'reg_lambda': 3.435347691379104e-05, 'min_child_weight': 6}. Best is trial 0 with value: 0.941747572815534.
[I 2026-03-24 15:37:43,107] Trial 641 finished with value: 0.941747572815534 and parameters: {'n_estimators': 1000, 'max_depth': 32, 'learning_rate': 0.006571782770052591, 'reg_alpha': 9.467492877063013e-07, 'reg_lambda': 2.9006966210508295e-07, 'min_child_weight': 10}. Best is trial 0 with value: 0.941747572815534.
[I 2026-03-24 15:37:43,199] Trial 642 finished with value: 0.941747572815534 and parameters: {'n_estimators': 347, 'max_depth': 19, 'learning_rate': 0.029296540396546958, 'reg_alpha': 0.03971758643589459, 'reg_lambda': 6.091317243691205e-07, 'min_child_weight': 8}. Best is trial 0 with value: 0.941747572815534.
[I 2026-03-24 15:37:43,441] Trial 643 finished with value: 0.9365853658536586 and parameters: {'n_estimators': 653, 'max_depth': 8, 'learning_rate': 0.008306996276259027, 'reg_alpha': 0.06232970429121791, 'reg_lambda': 0.0007029926251644563, 'min_child_weight': 2}. Best is trial 0 with value: 0.941747572815534.
[I 2026-03-24 15:37:43,577] Trial 644 finished with value: 0.941747572815534 and parameters: {'n_estimators': 402, 'max_depth': 17, 'learning_rate': 0.022051401923346873, 'reg_alpha': 1.1292372039563829e-07, 'reg_lambda': 2.8743011971337605e-08, 'min_child_weight': 4}. Best is trial 0 with value: 0.941747572815534.
[I 2026-03-24 15:37:43,647] Trial 645 finished with value: 0.941747572815534 and parameters: {'n_estimators': 227, 'max_depth': 20, 'learning_rate': 0.012068506922315717, 'reg_alpha': 3.89478323743996e-06, 'reg_lambda': 1.6382608287265882e-07, 'min_child_weight': 7}. Best is trial 0 with value: 0.941747572815534.
[I 2026-03-24 15:37:43,732] Trial 646 finished with value: 0.941747572815534 and parameters: {'n_estimators': 311, 'max_depth': 34, 'learning_rate': 0.019225242493736305, 'reg_alpha': 0.00019105164961947637, 'reg_lambda': 0.0013703323567033695, 'min_child_weight': 9}. Best is trial 0 with value: 0.941747572815534.
[I 2026-03-24 15:37:43,819] Trial 647 finished with value: 0.941747572815534 and parameters: {'n_estimators': 216, 'max_depth': 23, 'learning_rate': 0.005325876028701792, 'reg_alpha': 0.0027618374403543537, 'reg_lambda': 0.022667605277592564, 'min_child_weight': 4}. Best is trial 0 with value: 0.941747572815534.
[I 2026-03-24 15:37:43,912] Trial 648 finished with value: 0.941747572815534 and parameters: {'n_estimators': 362, 'max_depth': 15, 'learning_rate': 0.013527662478067458, 'reg_alpha': 0.00045871609287807406, 'reg_lambda': 9.995115725663473e-06, 'min_child_weight': 9}. Best is trial 0 with value: 0.941747572815534.
[I 2026-03-24 15:37:43,994] Trial 649 finished with value: 0.941747572815534 and parameters: {'n_estimators': 295, 'max_depth': 25, 'learning_rate': 0.0024700150762554836, 'reg_alpha': 6.504843864990345e-06, 'reg_lambda': 9.310386809389917e-05, 'min_child_weight': 10}. Best is trial 0 with value: 0.941747572815534.
[I 2026-03-24 15:37:44,068] Trial 650 finished with value: 0.941747572815534 and parameters: {'n_estimators': 272, 'max_depth': 6, 'learning_rate': 0.026996455749704894, 'reg_alpha': 1.2338518274006229e-05, 'reg_lambda': 5.284191811162235e-05, 'min_child_weight': 8}. Best is trial 0 with value: 0.941747572815534.
[I 2026-03-24 15:37:44,181] Trial 651 finished with value: 0.941747572815534 and parameters: {'n_estimators': 511, 'max_depth': 28, 'learning_rate': 0.05219157645158592, 'reg_alpha': 1.967385470495258e-05, 'reg_lambda': 4.602640873057283e-07, 'min_child_weight': 5}. Best is trial 0 with value: 0.941747572815534.
[I 2026-03-24 15:37:44,325] Trial 652 finished with value: 0.941747572815534 and parameters: {'n_estimators': 697, 'max_depth': 12, 'learning_rate': 0.04533361443664091, 'reg_alpha': 5.772888443594825e-07, 'reg_lambda': 1.5060649957785406e-06, 'min_child_weight': 7}. Best is trial 0 with value: 0.941747572815534.
[I 2026-03-24 15:37:44,423] Trial 653 finished with value: 0.9365853658536586 and parameters: {'n_estimators': 255, 'max_depth': 14, 'learning_rate': 0.07454669980698006, 'reg_alpha': 0.0002821168794893041, 'reg_lambda': 1.1551939227841725e-07, 'min_child_weight': 3}. Best is trial 0 with value: 0.941747572815534.
[I 2026-03-24 15:37:44,546] Trial 654 finished with value: 0.941747572815534 and parameters: {'n_estimators': 573, 'max_depth': 9, 'learning_rate': 0.004123656476731659, 'reg_alpha': 5.262583033294494e-08, 'reg_lambda': 5.461248961527845e-08, 'min_child_weight': 10}. Best is trial 0 with value: 0.941747572815534.
[I 2026-03-24 15:37:44,654] Trial 655 finished with value: 0.941747572815534 and parameters: {'n_estimators': 474, 'max_depth': 38, 'learning_rate': 0.009501503144894381, 'reg_alpha': 2.9463383617364485e-07, 'reg_lambda': 1.5471374794753218e-05, 'min_child_weight': 6}. Best is trial 0 with value: 0.941747572815534.
[I 2026-03-24 15:37:44,900] Trial 656 finished with value: 0.941747572815534 and parameters: {'n_estimators': 857, 'max_depth': 41, 'learning_rate': 0.0031876431999185505, 'reg_alpha': 1.9078554922220496e-06, 'reg_lambda': 2.671628983620685e-05, 'min_child_weight': 4}. Best is trial 0 with value: 0.941747572815534.
[I 2026-03-24 15:37:44,985] Trial 657 finished with value: 0.941747572815534 and parameters: {'n_estimators': 330, 'max_depth': 33, 'learning_rate': 0.0019348019990319165, 'reg_alpha': 2.946476577690071e-05, 'reg_lambda': 4.248147766859159e-06, 'min_child_weight': 8}. Best is trial 0 with value: 0.941747572815534.
[I 2026-03-24 15:37:45,113] Trial 658 finished with value: 0.941747572815534 and parameters: {'n_estimators': 607, 'max_depth': 24, 'learning_rate': 0.023910863991321484, 'reg_alpha': 0.014280973035190733, 'reg_lambda': 0.002143299898116375, 'min_child_weight': 9}. Best is trial 0 with value: 0.941747572815534.
[I 2026-03-24 15:37:45,205] Trial 659 finished with value: 0.941747572815534 and parameters: {'n_estimators': 375, 'max_depth': 39, 'learning_rate': 0.0012169640704497308, 'reg_alpha': 0.0001415588079434134, 'reg_lambda': 8.692171354434012e-07, 'min_child_weight': 9}. Best is trial 0 with value: 0.941747572815534.
[I 2026-03-24 15:37:45,270] Trial 660 finished with value: 0.941747572815534 and parameters: {'n_estimators': 211, 'max_depth': 44, 'learning_rate': 0.03184089386337476, 'reg_alpha': 0.009971641547845533, 'reg_lambda': 1.3477502843447331e-08, 'min_child_weight': 5}. Best is trial 0 with value: 0.941747572815534.
[I 2026-03-24 15:37:45,569] Trial 661 finished with value: 0.9365853658536586 and parameters: {'n_estimators': 966, 'max_depth': 18, 'learning_rate': 0.007228814316456891, 'reg_alpha': 1.0154078780781178e-08, 'reg_lambda': 2.4820773052578394e-07, 'min_child_weight': 3}. Best is trial 0 with value: 0.941747572815534.
[I 2026-03-24 15:37:45,638] Trial 662 finished with value: 0.941747572815534 and parameters: {'n_estimators': 231, 'max_depth': 8, 'learning_rate': 0.001411318068184058, 'reg_alpha': 1.3214778336446913e-06, 'reg_lambda': 0.00020289779768446168, 'min_child_weight': 7}. Best is trial 0 with value: 0.941747572815534.
[I 2026-03-24 15:37:45,701] Trial 663 finished with value: 0.941747572815534 and parameters: {'n_estimators': 201, 'max_depth': 29, 'learning_rate': 0.0164706685148427, 'reg_alpha': 4.3010106335309456e-06, 'reg_lambda': 7.633315549952082e-06, 'min_child_weight': 6}. Best is trial 0 with value: 0.941747572815534.
[I 2026-03-24 15:37:45,984] Trial 664 finished with value: 0.9365853658536586 and parameters: {'n_estimators': 794, 'max_depth': 16, 'learning_rate': 0.006083168042007733, 'reg_alpha': 0.27556716827869465, 'reg_lambda': 0.000147695154753533, 'min_child_weight': 2}. Best is trial 0 with value: 0.941747572815534.
[I 2026-03-24 15:37:46,102] Trial 665 finished with value: 0.941747572815534 and parameters: {'n_estimators': 533, 'max_depth': 10, 'learning_rate': 0.03476429367191829, 'reg_alpha': 7.815004422138136e-07, 'reg_lambda': 3.7403992556904475e-08, 'min_child_weight': 10}. Best is trial 0 with value: 0.941747572815534.
[I 2026-03-24 15:37:46,303] Trial 666 finished with value: 0.941747572815534 and parameters: {'n_estimators': 661, 'max_depth': 36, 'learning_rate': 0.02012029242437274, 'reg_alpha': 0.0003937864981681055, 'reg_lambda': 3.2005478464710065e-06, 'min_child_weight': 4}. Best is trial 0 with value: 0.941747572815534.
[I 2026-03-24 15:37:46,461] Trial 667 finished with value: 0.941747572815534 and parameters: {'n_estimators': 715, 'max_depth': 22, 'learning_rate': 0.0017063716322073483, 'reg_alpha': 0.000720167580133492, 'reg_lambda': 1.9644587112449025e-06, 'min_child_weight': 7}. Best is trial 0 with value: 0.941747572815534.
[I 2026-03-24 15:37:46,561] Trial 668 finished with value: 0.941747572815534 and parameters: {'n_estimators': 418, 'max_depth': 27, 'learning_rate': 0.014413583686916998, 'reg_alpha': 7.561275495955626e-05, 'reg_lambda': 1.98866475230922e-08, 'min_child_weight': 9}. Best is trial 0 with value: 0.941747572815534.
[I 2026-03-24 15:37:46,745] Trial 669 finished with value: 0.941747572815534 and parameters: {'n_estimators': 923, 'max_depth': 11, 'learning_rate': 0.01085423157992508, 'reg_alpha': 4.7681246306975215e-05, 'reg_lambda': 7.022914178281771e-08, 'min_child_weight': 8}. Best is trial 0 with value: 0.941747572815534.
[I 2026-03-24 15:37:46,833] Trial 670 finished with value: 0.941747572815534 and parameters: {'n_estimators': 350, 'max_depth': 29, 'learning_rate': 0.0021185455527299693, 'reg_alpha': 0.0011538221570816488, 'reg_lambda': 1.9247340823208118e-07, 'min_child_weight': 5}. Best is trial 0 with value: 0.941747572815534.
[I 2026-03-24 15:37:46,967] Trial 671 finished with value: 0.941747572815534 and parameters: {'n_estimators': 629, 'max_depth': 31, 'learning_rate': 0.0125326760951457, 'reg_alpha': 1.0883822315164078e-05, 'reg_lambda': 1.7777054267470525e-05, 'min_child_weight': 6}. Best is trial 0 with value: 0.941747572815534.
[I 2026-03-24 15:37:47,061] Trial 672 finished with value: 0.941747572815534 and parameters: {'n_estimators': 386, 'max_depth': 16, 'learning_rate': 0.039967753107796614, 'reg_alpha': 2.3202563885034178e-06, 'reg_lambda': 5.002273586684945e-07, 'min_child_weight': 9}. Best is trial 0 with value: 0.941747572815534.
[I 2026-03-24 15:37:47,156] Trial 673 finished with value: 0.941747572815534 and parameters: {'n_estimators': 249, 'max_depth': 35, 'learning_rate': 0.018454137007744176, 'reg_alpha': 4.3675387596026073e-07, 'reg_lambda': 1.0612640228533491e-06, 'min_child_weight': 4}. Best is trial 0 with value: 0.941747572815534.
[I 2026-03-24 15:37:47,239] Trial 674 finished with value: 0.941747572815534 and parameters: {'n_estimators': 312, 'max_depth': 13, 'learning_rate': 0.021414366814088887, 'reg_alpha': 0.00408494959162089, 'reg_lambda': 1.0039592357092778e-08, 'min_child_weight': 8}. Best is trial 0 with value: 0.941747572815534.
[I 2026-03-24 15:37:47,381] Trial 675 finished with value: 0.941747572815534 and parameters: {'n_estimators': 682, 'max_depth': 7, 'learning_rate': 0.015469458504015128, 'reg_alpha': 0.1551957294827767, 'reg_lambda': 7.036360920952818e-05, 'min_child_weight': 10}. Best is trial 0 with value: 0.941747572815534.
[I 2026-03-24 15:37:47,561] Trial 676 finished with value: 0.941747572815534 and parameters: {'n_estimators': 898, 'max_depth': 26, 'learning_rate': 0.025293447885362527, 'reg_alpha': 0.0002156399894610476, 'reg_lambda': 1.1253852144449488e-05, 'min_child_weight': 7}. Best is trial 0 with value: 0.941747572815534.
[I 2026-03-24 15:37:47,629] Trial 677 finished with value: 0.941747572815534 and parameters: {'n_estimators': 221, 'max_depth': 10, 'learning_rate': 0.0023246832127428252, 'reg_alpha': 3.906577386361491e-08, 'reg_lambda': 5.222016776221262e-06, 'min_child_weight': 9}. Best is trial 0 with value: 0.941747572815534.
[I 2026-03-24 15:37:47,771] Trial 678 finished with value: 0.941747572815534 and parameters: {'n_estimators': 440, 'max_depth': 17, 'learning_rate': 0.0015532393571606872, 'reg_alpha': 0.6743851734618215, 'reg_lambda': 6.112044144918397e-07, 'min_child_weight': 4}. Best is trial 0 with value: 0.941747572815534.
