[I 2026-03-24 15:33:41,329] Trial 414 finished with value: 0.941747572815534 and parameters: {'n_estimators': 525, 'max_depth': 8, 'learning_rate': 0.024494588693252665, 'reg_alpha': 0.00015653247133575534, 'reg_lambda': 6.822123719318532e-06, 'min_child_weight': 8}. Best is trial 0 with value: 0.941747572815534.
[I 2026-03-24 15:33:41,391] Trial 415 finished with value: 0.941747572815534 and parameters: {'n_estimators': 247, 'max_depth': 23, 'learning_rate': 0.0019614591399508326, 'reg_alpha': 2.265325215069545e-05, 'reg_lambda': 0.0016915464795913603, 'min_child_weight': 10}. Best is trial 0 with value: 0.941747572815534.
[I 2026-03-24 15:33:41,533] Trial 416 finished with value: 0.941747572815534 and parameters: {'n_estimators': 821, 'max_depth': 31, 'learning_rate': 0.004831743940549603, 'reg_alpha': 0.0021524651483354734, 'reg_lambda': 0.004400261026461075, 'min_child_weight': 6}. Best is trial 0 with value: 0.941747572815534.
[I 2026-03-24 15:33:41,587] Trial 417 finished with value: 0.941747572815534 and parameters: {'n_estimators': 202, 'max_depth': 26, 'learning_rate': 0.032193688606769126, 'reg_alpha': 0.00461135499471321, 'reg_lambda': 0.00013326762419427698, 'min_child_weight': 8}. Best is trial 0 with value: 0.941747572815534.
[I 2026-03-24 15:33:41,742] Trial 418 finished with value: 0.941747572815534 and parameters: {'n_estimators': 933, 'max_depth': 48, 'learning_rate': 0.05503426965270008, 'reg_alpha': 0.4980351020435945, 'reg_lambda': 0.10268151296947028, 'min_child_weight': 5}. Best is trial 0 with value: 0.941747572815534.
[I 2026-03-24 15:33:41,856] Trial 419 finished with value: 0.941747572815534 and parameters: {'n_estimators': 643, 'max_depth': 38, 'learning_rate': 0.006274778431279896, 'reg_alpha': 2.933853074400793e-07, 'reg_lambda': 4.1347100856652864e-08, 'min_child_weight': 10}. Best is trial 0 with value: 0.941747572815534.
[I 2026-03-24 15:33:41,957] Trial 420 finished with value: 0.9359605911330049 and parameters: {'n_estimators': 351, 'max_depth': 21, 'learning_rate': 0.09166025355118965, 'reg_alpha': 0.00023113351354477193, 'reg_lambda': 1.584941848162535e-05, 'min_child_weight': 1}. Best is trial 0 with value: 0.941747572815534.
[I 2026-03-24 15:33:42,079] Trial 421 finished with value: 0.941747572815534 and parameters: {'n_estimators': 687, 'max_depth': 50, 'learning_rate': 0.014882904888020031, 'reg_alpha': 0.001145683208796977, 'reg_lambda': 3.8137032053647386e-05, 'min_child_weight': 3}. Best is trial 0 with value: 0.941747572815534.
[I 2026-03-24 15:33:42,237] Trial 422 finished with value: 0.941747572815534 and parameters: {'n_estimators': 961, 'max_depth': 14, 'learning_rate': 0.0010933017692333863, 'reg_alpha': 0.0028854195961018608, 'reg_lambda': 1.2659149937340773e-07, 'min_child_weight': 9}. Best is trial 0 with value: 0.941747572815534.
[I 2026-03-24 15:33:42,333] Trial 423 finished with value: 0.941747572815534 and parameters: {'n_estimators': 513, 'max_depth': 11, 'learning_rate': 0.06731141488760643, 'reg_alpha': 0.024642579817360778, 'reg_lambda': 1.2351756794775394e-06, 'min_child_weight': 9}. Best is trial 0 with value: 0.941747572815534.
[I 2026-03-24 15:33:42,400] Trial 424 finished with value: 0.941747572815534 and parameters: {'n_estimators': 296, 'max_depth': 28, 'learning_rate': 0.04167852750742958, 'reg_alpha': 5.9991733639185753e-05, 'reg_lambda': 3.2256606823273196e-06, 'min_child_weight': 6}. Best is trial 0 with value: 0.941747572815534.
[I 2026-03-24 15:33:42,512] Trial 425 finished with value: 0.941747572815534 and parameters: {'n_estimators': 613, 'max_depth': 34, 'learning_rate': 0.07658082993575394, 'reg_alpha': 1.556327481268292e-05, 'reg_lambda': 0.0008058545337039942, 'min_child_weight': 7}. Best is trial 0 with value: 0.941747572815534.
[I 2026-03-24 15:33:42,654] Trial 426 finished with value: 0.941747572815534 and parameters: {'n_estimators': 843, 'max_depth': 12, 'learning_rate': 0.05906249376655105, 'reg_alpha': 0.008803569495948049, 'reg_lambda': 0.04968661950444459, 'min_child_weight': 8}. Best is trial 0 with value: 0.941747572815534.
[I 2026-03-24 15:33:42,755] Trial 427 finished with value: 0.941747572815534 and parameters: {'n_estimators': 539, 'max_depth': 42, 'learning_rate': 0.0024607719006799872, 'reg_alpha': 2.2239964497901445e-06, 'reg_lambda': 0.002578910796852295, 'min_child_weight': 10}. Best is trial 0 with value: 0.941747572815534.
[I 2026-03-24 15:33:42,883] Trial 428 finished with value: 0.941747572815534 and parameters: {'n_estimators': 743, 'max_depth': 25, 'learning_rate': 0.0021282162453786784, 'reg_alpha': 0.05814814803411386, 'reg_lambda': 2.6622171221747637e-08, 'min_child_weight': 10}. Best is trial 0 with value: 0.941747572815534.
[I 2026-03-24 15:33:43,032] Trial 429 finished with value: 0.941747572815534 and parameters: {'n_estimators': 890, 'max_depth': 9, 'learning_rate': 0.0017669043837053207, 'reg_alpha': 0.0005930912383246918, 'reg_lambda': 0.0012125000209287445, 'min_child_weight': 8}. Best is trial 0 with value: 0.941747572815534.
[I 2026-03-24 15:33:43,192] Trial 430 finished with value: 0.941747572815534 and parameters: {'n_estimators': 981, 'max_depth': 16, 'learning_rate': 0.04506714222026227, 'reg_alpha': 0.0015406722875432712, 'reg_lambda': 6.458032930339421e-08, 'min_child_weight': 2}. Best is trial 0 with value: 0.941747572815534.
[I 2026-03-24 15:33:43,327] Trial 431 finished with value: 0.941747572815534 and parameters: {'n_estimators': 772, 'max_depth': 45, 'learning_rate': 0.052012268832806796, 'reg_alpha': 1.0637056794828495e-06, 'reg_lambda': 1.0853467903611668e-05, 'min_child_weight': 4}. Best is trial 0 with value: 0.941747572815534.
[I 2026-03-24 15:33:43,413] Trial 432 finished with value: 0.941747572815534 and parameters: {'n_estimators': 428, 'max_depth': 37, 'learning_rate': 0.0012798120046996818, 'reg_alpha': 0.013847185428342446, 'reg_lambda': 6.066586934110139e-05, 'min_child_weight': 7}. Best is trial 0 with value: 0.941747572815534.
[I 2026-03-24 15:33:43,538] Trial 433 finished with value: 0.941747572815534 and parameters: {'n_estimators': 712, 'max_depth': 22, 'learning_rate': 0.008939169769948569, 'reg_alpha': 0.2840372814543927, 'reg_lambda': 4.119156973603555e-07, 'min_child_weight': 10}. Best is trial 0 with value: 0.941747572815534.
[I 2026-03-24 15:33:43,684] Trial 434 finished with value: 0.941747572815534 and parameters: {'n_estimators': 869, 'max_depth': 19, 'learning_rate': 0.0028455370102832903, 'reg_alpha': 0.00033146052750902767, 'reg_lambda': 0.014077885618421293, 'min_child_weight': 5}. Best is trial 0 with value: 0.941747572815534.
[I 2026-03-24 15:33:43,788] Trial 435 finished with value: 0.941747572815534 and parameters: {'n_estimators': 559, 'max_depth': 17, 'learning_rate': 0.011833917433682676, 'reg_alpha': 0.0057491237684937965, 'reg_lambda': 0.0001839905070524053, 'min_child_weight': 6}. Best is trial 0 with value: 0.941747572815534.
[I 2026-03-24 15:33:43,941] Trial 436 finished with value: 0.941747572815534 and parameters: {'n_estimators': 910, 'max_depth': 40, 'learning_rate': 0.019257539134500203, 'reg_alpha': 0.9931860670423991, 'reg_lambda': 0.006104774037446813, 'min_child_weight': 3}. Best is trial 0 with value: 0.941747572815534.
[I 2026-03-24 15:33:44,068] Trial 437 finished with value: 0.9313725490196079 and parameters: {'n_estimators': 453, 'max_depth': 30, 'learning_rate': 0.021330051890133043, 'reg_alpha': 0.004000352682811723, 'reg_lambda': 7.122365788020521e-07, 'min_child_weight': 1}. Best is trial 0 with value: 0.941747572815534.
[I 2026-03-24 15:33:44,127] Trial 438 finished with value: 0.941747572815534 and parameters: {'n_estimators': 220, 'max_depth': 36, 'learning_rate': 0.033642750503212776, 'reg_alpha': 0.00011415624460209915, 'reg_lambda': 2.5416185285457203e-05, 'min_child_weight': 7}. Best is trial 0 with value: 0.941747572815534.
[I 2026-03-24 15:33:44,207] Trial 439 finished with value: 0.941747572815534 and parameters: {'n_estimators': 395, 'max_depth': 24, 'learning_rate': 0.007823930200328708, 'reg_alpha': 0.1498056980960696, 'reg_lambda': 8.365569592979638e-06, 'min_child_weight': 9}. Best is trial 0 with value: 0.941747572815534.
[I 2026-03-24 15:33:44,302] Trial 440 finished with value: 0.941747572815534 and parameters: {'n_estimators': 494, 'max_depth': 27, 'learning_rate': 0.005303750043853637, 'reg_alpha': 1.0917561111827777e-05, 'reg_lambda': 0.9825738618474926, 'min_child_weight': 10}. Best is trial 0 with value: 0.941747572815534.
[I 2026-03-24 15:33:44,378] Trial 441 finished with value: 0.941747572815534 and parameters: {'n_estimators': 361, 'max_depth': 47, 'learning_rate': 0.08036936822554862, 'reg_alpha': 4.3273589084876156e-06, 'reg_lambda': 7.736306344546474e-05, 'min_child_weight': 8}. Best is trial 0 with value: 0.941747572815534.
[I 2026-03-24 15:33:44,450] Trial 442 finished with value: 0.941747572815534 and parameters: {'n_estimators': 332, 'max_depth': 45, 'learning_rate': 0.0015051076764231327, 'reg_alpha': 0.07602337679418462, 'reg_lambda': 1.187802841180487e-08, 'min_child_weight': 6}. Best is trial 0 with value: 0.941747572815534.
[I 2026-03-24 15:33:44,609] Trial 443 finished with value: 0.941747572815534 and parameters: {'n_estimators': 953, 'max_depth': 25, 'learning_rate': 0.007018119484145778, 'reg_alpha': 0.00018428727318111474, 'reg_lambda': 1.7170664525593223e-05, 'min_child_weight': 4}. Best is trial 0 with value: 0.941747572815534.
[I 2026-03-24 15:33:44,746] Trial 444 finished with value: 0.941747572815534 and parameters: {'n_estimators': 809, 'max_depth': 14, 'learning_rate': 0.03947325705138483, 'reg_alpha': 0.000290323235483773, 'reg_lambda': 0.00037703453956196184, 'min_child_weight': 10}. Best is trial 0 with value: 0.941747572815534.
[I 2026-03-24 15:33:44,891] Trial 445 finished with value: 0.941747572815534 and parameters: {'n_estimators': 852, 'max_depth': 23, 'learning_rate': 0.010440208953285214, 'reg_alpha': 0.007241574994123771, 'reg_lambda': 4.838178807612242e-06, 'min_child_weight': 8}. Best is trial 0 with value: 0.941747572815534.
[I 2026-03-24 15:33:45,048] Trial 446 finished with value: 0.941747572815534 and parameters: {'n_estimators': 937, 'max_depth': 18, 'learning_rate': 0.06296063621188655, 'reg_alpha': 0.04224607440233019, 'reg_lambda': 0.07034054830067155, 'min_child_weight': 9}. Best is trial 0 with value: 0.941747572815534.
[I 2026-03-24 15:33:45,189] Trial 447 finished with value: 0.941747572815534 and parameters: {'n_estimators': 828, 'max_depth': 43, 'learning_rate': 0.03585146709336206, 'reg_alpha': 0.030006105066128816, 'reg_lambda': 1.7271809603296417e-07, 'min_child_weight': 9}. Best is trial 0 with value: 0.941747572815534.
[I 2026-03-24 15:33:45,337] Trial 448 finished with value: 0.941747572815534 and parameters: {'n_estimators': 883, 'max_depth': 49, 'learning_rate': 0.014161882774023053, 'reg_alpha': 1.1202188791884768e-07, 'reg_lambda': 0.002238216474017021, 'min_child_weight': 5}. Best is trial 0 with value: 0.941747572815534.
[I 2026-03-24 15:33:45,473] Trial 449 finished with value: 0.941747572815534 and parameters: {'n_estimators': 793, 'max_depth': 10, 'learning_rate': 0.004008486148373596, 'reg_alpha': 6.472559460678845e-08, 'reg_lambda': 3.621906881367755e-05, 'min_child_weight': 7}. Best is trial 0 with value: 0.941747572815534.
[I 2026-03-24 15:33:45,534] Trial 450 finished with value: 0.941747572815534 and parameters: {'n_estimators': 253, 'max_depth': 28, 'learning_rate': 0.016422115296623106, 'reg_alpha': 0.0028555395816660333, 'reg_lambda': 2.9289232198010344e-07, 'min_child_weight': 6}. Best is trial 0 with value: 0.941747572815534.
[I 2026-03-24 15:33:45,689] Trial 451 finished with value: 0.941747572815534 and parameters: {'n_estimators': 924, 'max_depth': 32, 'learning_rate': 0.027812409647701604, 'reg_alpha': 0.00047260078269268854, 'reg_lambda': 2.27476185556437e-06, 'min_child_weight': 10}. Best is trial 0 with value: 0.941747572815534.
[I 2026-03-24 15:33:45,755] Trial 452 finished with value: 0.941747572815534 and parameters: {'n_estimators': 284, 'max_depth': 7, 'learning_rate': 0.04722571731429113, 'reg_alpha': 2.3412394375760026e-08, 'reg_lambda': 0.38049945593602336, 'min_child_weight': 2}. Best is trial 0 with value: 0.941747572815534.
[I 2026-03-24 15:33:45,863] Trial 453 finished with value: 0.941747572815534 and parameters: {'n_estimators': 600, 'max_depth': 21, 'learning_rate': 0.001017994922315701, 'reg_alpha': 0.011674459929881469, 'reg_lambda': 0.16730064799394898, 'min_child_weight': 3}. Best is trial 0 with value: 0.941747572815534.
[I 2026-03-24 15:33:46,013] Trial 454 finished with value: 0.941747572815534 and parameters: {'n_estimators': 897, 'max_depth': 16, 'learning_rate': 0.09027555809955731, 'reg_alpha': 2.998995472216682e-06, 'reg_lambda': 1.7658847059618438e-08, 'min_child_weight': 9}. Best is trial 0 with value: 0.941747572815534.
[I 2026-03-24 15:33:46,103] Trial 455 finished with value: 0.941747572815534 and parameters: {'n_estimators': 466, 'max_depth': 35, 'learning_rate': 0.005805553855327589, 'reg_alpha': 3.4437195983903045e-05, 'reg_lambda': 0.003624828339945083, 'min_child_weight': 7}. Best is trial 0 with value: 0.941747572815534.
[I 2026-03-24 15:33:46,250] Trial 456 finished with value: 0.941747572815534 and parameters: {'n_estimators': 867, 'max_depth': 20, 'learning_rate': 0.0031093724205587103, 'reg_alpha': 0.00010758089058671785, 'reg_lambda': 0.03383328731646051, 'min_child_weight': 10}. Best is trial 0 with value: 0.941747572815534.
[I 2026-03-24 15:33:46,355] Trial 457 finished with value: 0.941747572815534 and parameters: {'n_estimators': 582, 'max_depth': 38, 'learning_rate': 0.018293532096447806, 'reg_alpha': 5.119601078863686e-07, 'reg_lambda': 0.0014515819500168041, 'min_child_weight': 5}. Best is trial 0 with value: 0.941747572815534.
[I 2026-03-24 15:33:46,470] Trial 458 finished with value: 0.941747572815534 and parameters: {'n_estimators': 630, 'max_depth': 46, 'learning_rate': 0.09850276733310837, 'reg_alpha': 0.6604121042079729, 'reg_lambda': 0.0008714663983397319, 'min_child_weight': 9}. Best is trial 0 with value: 0.941747572815534.
[I 2026-03-24 15:33:46,549] Trial 459 finished with value: 0.941747572815534 and parameters: {'n_estimators': 373, 'max_depth': 26, 'learning_rate': 0.07271287088067749, 'reg_alpha': 0.09960430695759745, 'reg_lambda': 1.2863158363711586e-05, 'min_child_weight': 4}. Best is trial 0 with value: 0.941747572815534.
[I 2026-03-24 15:33:46,634] Trial 460 finished with value: 0.941747572815534 and parameters: {'n_estimators': 418, 'max_depth': 15, 'learning_rate': 0.052993139439681994, 'reg_alpha': 0.0008227898726429363, 'reg_lambda': 0.00012112486349974369, 'min_child_weight': 6}. Best is trial 0 with value: 0.941747572815534.
[I 2026-03-24 15:33:46,727] Trial 461 finished with value: 0.941747572815534 and parameters: {'n_estimators': 481, 'max_depth': 24, 'learning_rate': 0.043048811679625806, 'reg_alpha': 1.9388541948221e-05, 'reg_lambda': 0.0002368647081974217, 'min_child_weight': 10}. Best is trial 0 with value: 0.941747572815534.
[I 2026-03-24 15:33:46,827] Trial 462 finished with value: 0.941747572815534 and parameters: {'n_estimators': 508, 'max_depth': 22, 'learning_rate': 0.004505703833501349, 'reg_alpha': 0.001829808516763026, 'reg_lambda': 1.9370430557099887e-05, 'min_child_weight': 9}. Best is trial 0 with value: 0.941747572815534.
[I 2026-03-24 15:33:47,072] Trial 463 finished with value: 0.941747572815534 and parameters: {'n_estimators': 969, 'max_depth': 29, 'learning_rate': 0.0035499513797917544, 'reg_alpha': 0.02324344895478949, 'reg_lambda': 0.010338594753366423, 'min_child_weight': 1}. Best is trial 0 with value: 0.941747572815534.
[I 2026-03-24 15:33:47,131] Trial 464 finished with value: 0.941747572815534 and parameters: {'n_estimators': 233, 'max_depth': 50, 'learning_rate': 0.0022770193313785404, 'reg_alpha': 0.00019170065995793785, 'reg_lambda': 7.293502953759529e-06, 'min_child_weight': 8}. Best is trial 0 with value: 0.941747572815534.
[I 2026-03-24 15:33:47,253] Trial 465 finished with value: 0.941747572815534 and parameters: {'n_estimators': 701, 'max_depth': 33, 'learning_rate': 0.08440339086942379, 'reg_alpha': 0.004314045648176972, 'reg_lambda': 9.095807490226183e-08, 'min_child_weight': 2}. Best is trial 0 with value: 0.941747572815534.
[I 2026-03-24 15:33:47,371] Trial 466 finished with value: 0.941747572815534 and parameters: {'n_estimators': 666, 'max_depth': 41, 'learning_rate': 0.025228258134427965, 'reg_alpha': 7.266486662153156e-05, 'reg_lambda': 5.272371774879293e-05, 'min_child_weight': 7}. Best is trial 0 with value: 0.941747572815534.
[I 2026-03-24 15:33:47,499] Trial 467 finished with value: 0.941747572815534 and parameters: {'n_estimators': 727, 'max_depth': 44, 'learning_rate': 0.060291302568344425, 'reg_alpha': 0.3571297371885819, 'reg_lambda': 5.6351396184232836e-08, 'min_child_weight': 5}. Best is trial 0 with value: 0.941747572815534.
[I 2026-03-24 15:33:47,586] Trial 468 finished with value: 0.941747572815534 and parameters: {'n_estimators': 438, 'max_depth': 26, 'learning_rate': 0.0011932564332012218, 'reg_alpha': 0.01746710221185424, 'reg_lambda': 2.9587110008378888e-05, 'min_child_weight': 10}. Best is trial 0 with value: 0.941747572815534.
[I 2026-03-24 15:33:47,760] Trial 469 finished with value: 0.941747572815534 and parameters: {'n_estimators': 986, 'max_depth': 47, 'learning_rate': 0.0016382866831553624, 'reg_alpha': 4.8662037602220636e-05, 'reg_lambda': 1.446790273579376e-06, 'min_child_weight': 6}. Best is trial 0 with value: 0.941747572815534.
[I 2026-03-24 15:33:47,859] Trial 470 finished with value: 0.941747572815534 and parameters: {'n_estimators': 535, 'max_depth': 17, 'learning_rate': 0.0027318175907803744, 'reg_alpha': 0.006414144633468663, 'reg_lambda': 0.0005614311726770706, 'min_child_weight': 9}. Best is trial 0 with value: 0.941747572815534.
[I 2026-03-24 15:33:48,010] Trial 471 finished with value: 0.941747572815534 and parameters: {'n_estimators': 840, 'max_depth': 12, 'learning_rate': 0.0019259808202536323, 'reg_alpha': 3.71661537222492e-08, 'reg_lambda': 1.0440627167754664e-05, 'min_child_weight': 10}. Best is trial 0 with value: 0.941747572815534.
[I 2026-03-24 15:33:48,083] Trial 472 finished with value: 0.941747572815534 and parameters: {'n_estimators': 311, 'max_depth': 31, 'learning_rate': 0.03191011539922175, 'reg_alpha': 1.6759031981012502e-06, 'reg_lambda': 8.027750458033305e-05, 'min_child_weight': 8}. Best is trial 0 with value: 0.941747572815534.
[I 2026-03-24 15:33:48,236] Trial 473 finished with value: 0.941747572815534 and parameters: {'n_estimators': 912, 'max_depth': 13, 'learning_rate': 0.04922588429936042, 'reg_alpha': 8.334728235288577e-06, 'reg_lambda': 0.006439451177036711, 'min_child_weight': 4}. Best is trial 0 with value: 0.941747572815534.
[I 2026-03-24 15:33:48,380] Trial 474 finished with value: 0.941747572815534 and parameters: {'n_estimators': 850, 'max_depth': 25, 'learning_rate': 0.06759630511890119, 'reg_alpha': 0.0011825910308116442, 'reg_lambda': 0.021059593250073, 'min_child_weight': 8}. Best is trial 0 with value: 0.941747572815534.
[I 2026-03-24 15:33:48,510] Trial 475 finished with value: 0.941747572815534 and parameters: {'n_estimators': 747, 'max_depth': 23, 'learning_rate': 0.008317701738119578, 'reg_alpha': 0.0031722165420638194, 'reg_lambda': 0.0019933948485848694, 'min_child_weight': 10}. Best is trial 0 with value: 0.941747572815534.
[I 2026-03-24 15:33:48,643] Trial 476 finished with value: 0.941747572815534 and parameters: {'n_estimators': 774, 'max_depth': 42, 'learning_rate': 0.03801989289620267, 'reg_alpha': 0.01068816948892983, 'reg_lambda': 3.373015720625159e-08, 'min_child_weight': 7}. Best is trial 0 with value: 0.941747572815534.
[I 2026-03-24 15:33:48,707] Trial 477 finished with value: 0.941747572815534 and parameters: {'n_estimators': 270, 'max_depth': 29, 'learning_rate': 0.0024873947074349535, 'reg_alpha': 0.0003164855057491228, 'reg_lambda': 3.731523819453417e-06, 'min_child_weight': 3}. Best is trial 0 with value: 0.941747572815534.
[I 2026-03-24 15:33:48,856] Trial 478 finished with value: 0.941747572815534 and parameters: {'n_estimators': 884, 'max_depth': 49, 'learning_rate': 0.006432182140321538, 'reg_alpha': 5.610532299343424e-06, 'reg_lambda': 7.942331154019934e-07, 'min_child_weight': 6}. Best is trial 0 with value: 0.941747572815534.
[I 2026-03-24 15:33:48,938] Trial 479 finished with value: 0.941747572815534 and parameters: {'n_estimators': 404, 'max_depth': 39, 'learning_rate': 0.0013797411811332927, 'reg_alpha': 0.0005964454201172613, 'reg_lambda': 1.356552135972974e-07, 'min_child_weight': 10}. Best is trial 0 with value: 0.941747572815534.
[I 2026-03-24 15:33:49,101] Trial 480 finished with value: 0.941747572815534 and parameters: {'n_estimators': 956, 'max_depth': 19, 'learning_rate': 0.021585785539960347, 'reg_alpha': 0.2189925464910702, 'reg_lambda': 2.0489439789714032e-05, 'min_child_weight': 8}. Best is trial 0 with value: 0.941747572815534.
[I 2026-03-24 15:33:49,241] Trial 481 finished with value: 0.941747572815534 and parameters: {'n_estimators': 821, 'max_depth': 22, 'learning_rate': 0.053842910173189165, 'reg_alpha': 0.002061173005051983, 'reg_lambda': 6.34288838222523e-06, 'min_child_weight': 9}. Best is trial 0 with value: 0.941747572815534.
[I 2026-03-24 15:33:49,316] Trial 482 finished with value: 0.941747572815534 and parameters: {'n_estimators': 339, 'max_depth': 9, 'learning_rate': 0.04359855655337591, 'reg_alpha': 0.005289070098203483, 'reg_lambda': 0.00018581123285475707, 'min_child_weight': 5}. Best is trial 0 with value: 0.941747572815534.
