[I 2026-03-24 15:35:45,556] Trial 582 finished with value: 0.9463414634146341 and parameters: {'n_estimators': 419, 'max_depth': 19, 'learning_rate': 0.006740148159729896, 'reg_alpha': 0.003134734768127169, 'reg_lambda': 0.005971475717559119, 'min_child_weight': 1}. Best is trial 213 with value: 0.9463414634146341.
[I 2026-03-24 15:35:45,709] Trial 583 finished with value: 0.9411764705882353 and parameters: {'n_estimators': 400, 'max_depth': 20, 'learning_rate': 0.007863945252144908, 'reg_alpha': 0.006687729982684884, 'reg_lambda': 0.013320363394720466, 'min_child_weight': 1}. Best is trial 213 with value: 0.9463414634146341.
[I 2026-03-24 15:35:45,877] Trial 584 finished with value: 0.941747572815534 and parameters: {'n_estimators': 442, 'max_depth': 22, 'learning_rate': 0.006054151086439101, 'reg_alpha': 0.008884843341841907, 'reg_lambda': 0.002737503003679882, 'min_child_weight': 1}. Best is trial 213 with value: 0.9463414634146341.
[I 2026-03-24 15:35:46,018] Trial 585 finished with value: 0.941747572815534 and parameters: {'n_estimators': 379, 'max_depth': 21, 'learning_rate': 0.0069971738698457655, 'reg_alpha': 0.004093103642666409, 'reg_lambda': 0.008068311846587035, 'min_child_weight': 1}. Best is trial 213 with value: 0.9463414634146341.
[I 2026-03-24 15:35:46,175] Trial 586 finished with value: 0.9463414634146341 and parameters: {'n_estimators': 424, 'max_depth': 18, 'learning_rate': 0.006384922805986975, 'reg_alpha': 0.002375529992695309, 'reg_lambda': 0.019619746174453348, 'min_child_weight': 1}. Best is trial 213 with value: 0.9463414634146341.
[I 2026-03-24 15:35:46,328] Trial 587 finished with value: 0.9411764705882353 and parameters: {'n_estimators': 398, 'max_depth': 17, 'learning_rate': 0.00862058116034297, 'reg_alpha': 0.014382230695605338, 'reg_lambda': 0.0051388653055951805, 'min_child_weight': 1}. Best is trial 213 with value: 0.9463414634146341.
[I 2026-03-24 15:35:46,497] Trial 588 finished with value: 0.941747572815534 and parameters: {'n_estimators': 441, 'max_depth': 19, 'learning_rate': 0.005351804281924042, 'reg_alpha': 0.005635494611299858, 'reg_lambda': 0.010665629237139897, 'min_child_weight': 1}. Best is trial 213 with value: 0.9463414634146341.
[I 2026-03-24 15:35:46,659] Trial 589 finished with value: 0.9463414634146341 and parameters: {'n_estimators': 417, 'max_depth': 20, 'learning_rate': 0.007632765974032981, 'reg_alpha': 0.0077658787343459785, 'reg_lambda': 0.003733457918584171, 'min_child_weight': 1}. Best is trial 213 with value: 0.9463414634146341.
[I 2026-03-24 15:35:46,831] Trial 590 finished with value: 0.9463414634146341 and parameters: {'n_estimators': 459, 'max_depth': 21, 'learning_rate': 0.006054410954247182, 'reg_alpha': 0.004353387592762063, 'reg_lambda': 0.006704045557705989, 'min_child_weight': 1}. Best is trial 213 with value: 0.9463414634146341.
[I 2026-03-24 15:35:46,980] Trial 591 finished with value: 0.941747572815534 and parameters: {'n_estimators': 389, 'max_depth': 18, 'learning_rate': 0.006900534192827667, 'reg_alpha': 0.011531305307072817, 'reg_lambda': 0.0022413405177210853, 'min_child_weight': 1}. Best is trial 213 with value: 0.9463414634146341.
[I 2026-03-24 15:35:47,135] Trial 592 finished with value: 0.9411764705882353 and parameters: {'n_estimators': 430, 'max_depth': 20, 'learning_rate': 0.00801539290806636, 'reg_alpha': 0.0023684287945008203, 'reg_lambda': 0.012804397945772313, 'min_child_weight': 1}. Best is trial 213 with value: 0.9463414634146341.
[I 2026-03-24 15:35:47,293] Trial 593 finished with value: 0.941747572815534 and parameters: {'n_estimators': 406, 'max_depth': 19, 'learning_rate': 0.005649321556926563, 'reg_alpha': 0.005436214044715854, 'reg_lambda': 0.007635366180776699, 'min_child_weight': 1}. Best is trial 213 with value: 0.9463414634146341.
[I 2026-03-24 15:35:47,454] Trial 594 finished with value: 0.9463414634146341 and parameters: {'n_estimators': 448, 'max_depth': 21, 'learning_rate': 0.006578128216476916, 'reg_alpha': 0.0038353457117721416, 'reg_lambda': 0.004394782121813579, 'min_child_weight': 1}. Best is trial 213 with value: 0.9463414634146341.
[I 2026-03-24 15:35:47,622] Trial 595 finished with value: 0.9411764705882353 and parameters: {'n_estimators': 468, 'max_depth': 19, 'learning_rate': 0.007315245081703827, 'reg_alpha': 0.006493714028366879, 'reg_lambda': 0.005696666528773961, 'min_child_weight': 1}. Best is trial 213 with value: 0.9463414634146341.
[I 2026-03-24 15:35:47,777] Trial 596 finished with value: 0.941747572815534 and parameters: {'n_estimators': 415, 'max_depth': 17, 'learning_rate': 0.006237886606712892, 'reg_alpha': 0.009791111214436606, 'reg_lambda': 0.010349640390974602, 'min_child_weight': 1}. Best is trial 213 with value: 0.9463414634146341.
[I 2026-03-24 15:35:47,923] Trial 597 finished with value: 0.941747572815534 and parameters: {'n_estimators': 373, 'max_depth': 22, 'learning_rate': 0.007065101902417214, 'reg_alpha': 0.00315555028226619, 'reg_lambda': 0.0032582056565971045, 'min_child_weight': 1}. Best is trial 213 with value: 0.9463414634146341.
[I 2026-03-24 15:35:48,076] Trial 598 finished with value: 0.9411764705882353 and parameters: {'n_estimators': 429, 'max_depth': 20, 'learning_rate': 0.008776479639151569, 'reg_alpha': 0.01885527454686645, 'reg_lambda': 0.016793372162656875, 'min_child_weight': 1}. Best is trial 213 with value: 0.9463414634146341.
[I 2026-03-24 15:35:48,228] Trial 599 finished with value: 0.941747572815534 and parameters: {'n_estimators': 393, 'max_depth': 19, 'learning_rate': 0.005880721226966272, 'reg_alpha': 0.007558332418493162, 'reg_lambda': 0.008384211370763098, 'min_child_weight': 1}. Best is trial 213 with value: 0.9463414634146341.
[I 2026-03-24 15:35:48,378] Trial 600 finished with value: 0.9411764705882353 and parameters: {'n_estimators': 411, 'max_depth': 18, 'learning_rate': 0.007863472964693611, 'reg_alpha': 0.004825832864581684, 'reg_lambda': 0.005691569419580711, 'min_child_weight': 1}. Best is trial 213 with value: 0.9463414634146341.
[I 2026-03-24 15:35:48,537] Trial 601 finished with value: 0.9463414634146341 and parameters: {'n_estimators': 440, 'max_depth': 21, 'learning_rate': 0.006978427674183461, 'reg_alpha': 0.012360277599062792, 'reg_lambda': 0.001892251976901788, 'min_child_weight': 1}. Best is trial 213 with value: 0.9463414634146341.
[I 2026-03-24 15:35:48,688] Trial 602 finished with value: 0.941747572815534 and parameters: {'n_estimators': 397, 'max_depth': 20, 'learning_rate': 0.006518053718186094, 'reg_alpha': 0.00209990941621315, 'reg_lambda': 0.0035947408801364138, 'min_child_weight': 1}. Best is trial 213 with value: 0.9463414634146341.
[I 2026-03-24 15:35:48,844] Trial 603 finished with value: 0.941747572815534 and parameters: {'n_estimators': 427, 'max_depth': 18, 'learning_rate': 0.005606781599335791, 'reg_alpha': 0.007394385772842953, 'reg_lambda': 0.00879295559156015, 'min_child_weight': 1}. Best is trial 213 with value: 0.9463414634146341.
[I 2026-03-24 15:35:49,005] Trial 604 finished with value: 0.9411764705882353 and parameters: {'n_estimators': 451, 'max_depth': 20, 'learning_rate': 0.007488046027582248, 'reg_alpha': 0.0033408844814925135, 'reg_lambda': 0.013376264134126048, 'min_child_weight': 1}. Best is trial 213 with value: 0.9463414634146341.
[I 2026-03-24 15:35:49,151] Trial 605 finished with value: 0.941747572815534 and parameters: {'n_estimators': 383, 'max_depth': 21, 'learning_rate': 0.006235259406752507, 'reg_alpha': 0.005592696733234971, 'reg_lambda': 0.0052163094407296435, 'min_child_weight': 1}. Best is trial 213 with value: 0.9463414634146341.
[I 2026-03-24 15:35:49,306] Trial 606 finished with value: 0.9411764705882353 and parameters: {'n_estimators': 414, 'max_depth': 16, 'learning_rate': 0.008201093657379374, 'reg_alpha': 0.00988418795930626, 'reg_lambda': 0.007031247218651966, 'min_child_weight': 1}. Best is trial 213 with value: 0.9463414634146341.
[I 2026-03-24 15:35:49,475] Trial 607 finished with value: 0.941747572815534 and parameters: {'n_estimators': 468, 'max_depth': 19, 'learning_rate': 0.005210535929662409, 'reg_alpha': 0.004389209674277691, 'reg_lambda': 0.020273617237267685, 'min_child_weight': 1}. Best is trial 213 with value: 0.9463414634146341.
[I 2026-03-24 15:35:49,634] Trial 608 finished with value: 0.9463414634146341 and parameters: {'n_estimators': 437, 'max_depth': 23, 'learning_rate': 0.006901489658667673, 'reg_alpha': 0.0026701420877482426, 'reg_lambda': 0.003948030828142602, 'min_child_weight': 1}. Best is trial 213 with value: 0.9463414634146341.
[I 2026-03-24 15:35:49,768] Trial 609 finished with value: 0.941747572815534 and parameters: {'n_estimators': 355, 'max_depth': 19, 'learning_rate': 0.006477655849089796, 'reg_alpha': 0.007100098282940565, 'reg_lambda': 0.010363698937539852, 'min_child_weight': 1}. Best is trial 213 with value: 0.9463414634146341.
[I 2026-03-24 15:35:49,917] Trial 610 finished with value: 0.9463414634146341 and parameters: {'n_estimators': 402, 'max_depth': 17, 'learning_rate': 0.007490150686085849, 'reg_alpha': 0.013341686947675378, 'reg_lambda': 0.0026134435203536187, 'min_child_weight': 1}. Best is trial 213 with value: 0.9463414634146341.
[I 2026-03-24 15:35:50,072] Trial 611 finished with value: 0.941747572815534 and parameters: {'n_estimators': 423, 'max_depth': 22, 'learning_rate': 0.005797275440883201, 'reg_alpha': 0.004850646986097191, 'reg_lambda': 0.0064849419719139306, 'min_child_weight': 1}. Best is trial 213 with value: 0.9463414634146341.
[I 2026-03-24 15:35:50,234] Trial 612 finished with value: 0.9463414634146341 and parameters: {'n_estimators': 444, 'max_depth': 20, 'learning_rate': 0.006466228438119751, 'reg_alpha': 0.003478024352937009, 'reg_lambda': 0.011955073126358228, 'min_child_weight': 1}. Best is trial 213 with value: 0.9463414634146341.
[I 2026-03-24 15:35:50,384] Trial 613 finished with value: 0.9411764705882353 and parameters: {'n_estimators': 412, 'max_depth': 18, 'learning_rate': 0.008699829170058512, 'reg_alpha': 0.008549527836902247, 'reg_lambda': 0.004826103507503301, 'min_child_weight': 1}. Best is trial 213 with value: 0.9463414634146341.
[I 2026-03-24 15:35:50,500] Trial 614 finished with value: 0.941747572815534 and parameters: {'n_estimators': 382, 'max_depth': 21, 'learning_rate': 0.00771056478668978, 'reg_alpha': 0.0060002971494190205, 'reg_lambda': 0.008390143308030892, 'min_child_weight': 2}. Best is trial 213 with value: 0.9463414634146341.
[I 2026-03-24 15:35:50,657] Trial 615 finished with value: 0.9411764705882353 and parameters: {'n_estimators': 433, 'max_depth': 19, 'learning_rate': 0.007027604608367086, 'reg_alpha': 0.017573407651441244, 'reg_lambda': 0.015032146227176711, 'min_child_weight': 1}. Best is trial 213 with value: 0.9463414634146341.
[I 2026-03-24 15:35:50,823] Trial 616 finished with value: 0.941747572815534 and parameters: {'n_estimators': 456, 'max_depth': 20, 'learning_rate': 0.005903683017767585, 'reg_alpha': 0.010296599649780903, 'reg_lambda': 0.005604082414799701, 'min_child_weight': 1}. Best is trial 213 with value: 0.9463414634146341.
[I 2026-03-24 15:35:50,971] Trial 617 finished with value: 0.941747572815534 and parameters: {'n_estimators': 397, 'max_depth': 16, 'learning_rate': 0.006716132556870051, 'reg_alpha': 0.00263978869652634, 'reg_lambda': 0.0034967848240830767, 'min_child_weight': 1}. Best is trial 213 with value: 0.9463414634146341.
[I 2026-03-24 15:35:51,109] Trial 618 finished with value: 0.941747572815534 and parameters: {'n_estimators': 478, 'max_depth': 20, 'learning_rate': 0.0052651866297782875, 'reg_alpha': 0.004494319490414872, 'reg_lambda': 0.008073094129064366, 'min_child_weight': 2}. Best is trial 213 with value: 0.9463414634146341.
[I 2026-03-24 15:35:51,262] Trial 619 finished with value: 0.9411764705882353 and parameters: {'n_estimators': 423, 'max_depth': 19, 'learning_rate': 0.008104404209298257, 'reg_alpha': 0.007010576658015578, 'reg_lambda': 0.00484257781601269, 'min_child_weight': 1}. Best is trial 213 with value: 0.9463414634146341.
[I 2026-03-24 15:35:51,414] Trial 620 finished with value: 0.9463414634146341 and parameters: {'n_estimators': 411, 'max_depth': 18, 'learning_rate': 0.007336674593296427, 'reg_alpha': 0.0020271638866963993, 'reg_lambda': 0.002601095359493671, 'min_child_weight': 1}. Best is trial 213 with value: 0.9463414634146341.
[I 2026-03-24 15:35:51,557] Trial 621 finished with value: 0.941747572815534 and parameters: {'n_estimators': 372, 'max_depth': 22, 'learning_rate': 0.006191833243473705, 'reg_alpha': 0.0037607015875814978, 'reg_lambda': 0.01123102156151107, 'min_child_weight': 1}. Best is trial 213 with value: 0.9463414634146341.
[I 2026-03-24 15:35:51,715] Trial 622 finished with value: 0.9463414634146341 and parameters: {'n_estimators': 437, 'max_depth': 21, 'learning_rate': 0.0068947066018973675, 'reg_alpha': 0.005982582781395799, 'reg_lambda': 0.006981171783980518, 'min_child_weight': 1}. Best is trial 213 with value: 0.9463414634146341.
[I 2026-03-24 15:35:51,881] Trial 623 finished with value: 0.9463414634146341 and parameters: {'n_estimators': 460, 'max_depth': 19, 'learning_rate': 0.006115347628982013, 'reg_alpha': 0.007878505895913162, 'reg_lambda': 0.0037759774126880485, 'min_child_weight': 1}. Best is trial 213 with value: 0.9463414634146341.
[I 2026-03-24 15:35:51,997] Trial 624 finished with value: 0.941747572815534 and parameters: {'n_estimators': 389, 'max_depth': 17, 'learning_rate': 0.007652342373728649, 'reg_alpha': 0.01231699284201288, 'reg_lambda': 0.018238399993443764, 'min_child_weight': 2}. Best is trial 213 with value: 0.9463414634146341.
[I 2026-03-24 15:35:52,152] Trial 625 finished with value: 0.941747572815534 and parameters: {'n_estimators': 421, 'max_depth': 20, 'learning_rate': 0.005573317861732191, 'reg_alpha': 0.004647429112866171, 'reg_lambda': 0.009716139897536245, 'min_child_weight': 1}. Best is trial 213 with value: 0.9463414634146341.
[I 2026-03-24 15:35:52,298] Trial 626 finished with value: 0.9411764705882353 and parameters: {'n_estimators': 402, 'max_depth': 21, 'learning_rate': 0.009140308662446046, 'reg_alpha': 0.0030122096841212814, 'reg_lambda': 0.0016432185996915463, 'min_child_weight': 1}. Best is trial 213 with value: 0.9463414634146341.
[I 2026-03-24 15:35:52,459] Trial 627 finished with value: 0.9411764705882353 and parameters: {'n_estimators': 447, 'max_depth': 18, 'learning_rate': 0.006697511331054348, 'reg_alpha': 0.009765941227186391, 'reg_lambda': 0.006349551427709643, 'min_child_weight': 1}. Best is trial 213 with value: 0.9463414634146341.
[I 2026-03-24 15:35:52,614] Trial 628 finished with value: 0.9463414634146341 and parameters: {'n_estimators': 425, 'max_depth': 22, 'learning_rate': 0.007316963546560741, 'reg_alpha': 0.0054947512985394015, 'reg_lambda': 0.004942837416110161, 'min_child_weight': 1}. Best is trial 213 with value: 0.9463414634146341.
[I 2026-03-24 15:35:52,736] Trial 629 finished with value: 0.941747572815534 and parameters: {'n_estimators': 413, 'max_depth': 19, 'learning_rate': 0.008173342314812097, 'reg_alpha': 0.0020523433181300205, 'reg_lambda': 0.01205046760294574, 'min_child_weight': 2}. Best is trial 213 with value: 0.9463414634146341.
[I 2026-03-24 15:35:52,878] Trial 630 finished with value: 0.941747572815534 and parameters: {'n_estimators': 358, 'max_depth': 20, 'learning_rate': 0.006341329842954616, 'reg_alpha': 0.0177958374416901, 'reg_lambda': 0.00797149099745646, 'min_child_weight': 1}. Best is trial 213 with value: 0.9463414634146341.
[I 2026-03-24 15:35:53,025] Trial 631 finished with value: 0.941747572815534 and parameters: {'n_estimators': 394, 'max_depth': 17, 'learning_rate': 0.005104438783927279, 'reg_alpha': 0.003984891402363267, 'reg_lambda': 0.002801977151339613, 'min_child_weight': 1}. Best is trial 213 with value: 0.9463414634146341.
[I 2026-03-24 15:35:53,185] Trial 632 finished with value: 0.941747572815534 and parameters: {'n_estimators': 437, 'max_depth': 18, 'learning_rate': 0.005683122575343047, 'reg_alpha': 0.007941659687273058, 'reg_lambda': 0.0046230511152266125, 'min_child_weight': 1}. Best is trial 213 with value: 0.9463414634146341.
[I 2026-03-24 15:35:53,361] Trial 633 finished with value: 0.9411764705882353 and parameters: {'n_estimators': 470, 'max_depth': 21, 'learning_rate': 0.007064777558849723, 'reg_alpha': 0.005733276270016054, 'reg_lambda': 0.014995050276373743, 'min_child_weight': 1}. Best is trial 213 with value: 0.9463414634146341.
[I 2026-03-24 15:35:53,518] Trial 634 finished with value: 0.941747572815534 and parameters: {'n_estimators': 406, 'max_depth': 20, 'learning_rate': 0.0064557898790545375, 'reg_alpha': 0.0031723638206017676, 'reg_lambda': 0.0074804723089309, 'min_child_weight': 1}. Best is trial 213 with value: 0.9463414634146341.
[I 2026-03-24 15:35:53,696] Trial 635 finished with value: 0.9411764705882353 and parameters: {'n_estimators': 456, 'max_depth': 23, 'learning_rate': 0.008018753752296257, 'reg_alpha': 0.012606326188946852, 'reg_lambda': 0.010583424279920432, 'min_child_weight': 1}. Best is trial 213 with value: 0.9463414634146341.
[I 2026-03-24 15:35:53,837] Trial 636 finished with value: 0.941747572815534 and parameters: {'n_estimators': 376, 'max_depth': 19, 'learning_rate': 0.0058984503454070905, 'reg_alpha': 0.008584594040607635, 'reg_lambda': 0.003816951381471546, 'min_child_weight': 1}. Best is trial 213 with value: 0.9463414634146341.
[I 2026-03-24 15:35:54,000] Trial 637 finished with value: 0.9463414634146341 and parameters: {'n_estimators': 427, 'max_depth': 18, 'learning_rate': 0.0067926075418827375, 'reg_alpha': 0.0044188190922855265, 'reg_lambda': 0.006108368390566725, 'min_child_weight': 1}. Best is trial 213 with value: 0.9463414634146341.
[I 2026-03-24 15:35:54,161] Trial 638 finished with value: 0.9411764705882353 and parameters: {'n_estimators': 449, 'max_depth': 20, 'learning_rate': 0.007393348386095432, 'reg_alpha': 0.00580088672614779, 'reg_lambda': 0.020368742816748175, 'min_child_weight': 1}. Best is trial 213 with value: 0.9463414634146341.
[I 2026-03-24 15:35:54,314] Trial 639 finished with value: 0.941747572815534 and parameters: {'n_estimators': 409, 'max_depth': 22, 'learning_rate': 0.006194284259871116, 'reg_alpha': 0.0025979238543235718, 'reg_lambda': 0.00932540772948955, 'min_child_weight': 1}. Best is trial 213 with value: 0.9463414634146341.
[I 2026-03-24 15:35:54,476] Trial 640 finished with value: 0.9411764705882353 and parameters: {'n_estimators': 433, 'max_depth': 21, 'learning_rate': 0.008636748380158073, 'reg_alpha': 0.010529966799848302, 'reg_lambda': 0.002037100171825585, 'min_child_weight': 1}. Best is trial 213 with value: 0.9463414634146341.
[I 2026-03-24 15:35:54,635] Trial 641 finished with value: 0.9463414634146341 and parameters: {'n_estimators': 388, 'max_depth': 19, 'learning_rate': 0.00732215704423836, 'reg_alpha': 0.006937965873054506, 'reg_lambda': 0.005666132669855728, 'min_child_weight': 1}. Best is trial 213 with value: 0.9463414634146341.
[I 2026-03-24 15:35:54,790] Trial 642 finished with value: 0.941747572815534 and parameters: {'n_estimators': 417, 'max_depth': 20, 'learning_rate': 0.005535874344568179, 'reg_alpha': 0.003981696225740489, 'reg_lambda': 0.003044516108874515, 'min_child_weight': 1}. Best is trial 213 with value: 0.9463414634146341.
[I 2026-03-24 15:35:54,938] Trial 643 finished with value: 0.941747572815534 and parameters: {'n_estimators': 399, 'max_depth': 18, 'learning_rate': 0.006532003838785626, 'reg_alpha': 0.015199174179840036, 'reg_lambda': 0.012919604365461202, 'min_child_weight': 1}. Best is trial 213 with value: 0.9463414634146341.
[I 2026-03-24 15:35:55,097] Trial 644 finished with value: 0.9411764705882353 and parameters: {'n_estimators': 442, 'max_depth': 19, 'learning_rate': 0.007855537883913322, 'reg_alpha': 0.005404067163960033, 'reg_lambda': 0.007590366995186959, 'min_child_weight': 1}. Best is trial 213 with value: 0.9463414634146341.
[I 2026-03-24 15:35:55,235] Trial 645 finished with value: 0.941747572815534 and parameters: {'n_estimators': 479, 'max_depth': 16, 'learning_rate': 0.006928465787190947, 'reg_alpha': 0.0021326918742288472, 'reg_lambda': 0.004294229999876585, 'min_child_weight': 2}. Best is trial 213 with value: 0.9463414634146341.
[I 2026-03-24 15:35:55,391] Trial 646 finished with value: 0.941747572815534 and parameters: {'n_estimators': 424, 'max_depth': 21, 'learning_rate': 0.00597555540369781, 'reg_alpha': 0.003361725036925638, 'reg_lambda': 0.006007860398860349, 'min_child_weight': 1}. Best is trial 213 with value: 0.9463414634146341.
[I 2026-03-24 15:35:55,546] Trial 647 finished with value: 0.9411764705882353 and parameters: {'n_estimators': 382, 'max_depth': 17, 'learning_rate': 0.009108475902822334, 'reg_alpha': 0.009403174542801445, 'reg_lambda': 0.0085294301690298, 'min_child_weight': 1}. Best is trial 213 with value: 0.9463414634146341.
[I 2026-03-24 15:35:55,698] Trial 648 finished with value: 0.941747572815534 and parameters: {'n_estimators': 412, 'max_depth': 19, 'learning_rate': 0.00492355497965434, 'reg_alpha': 0.006510735964005629, 'reg_lambda': 0.016056311539856625, 'min_child_weight': 1}. Best is trial 213 with value: 0.9463414634146341.
[I 2026-03-24 15:35:55,867] Trial 649 finished with value: 0.9463414634146341 and parameters: {'n_estimators': 446, 'max_depth': 21, 'learning_rate': 0.0066178872664400595, 'reg_alpha': 0.023435998774337875, 'reg_lambda': 0.003850224601077667, 'min_child_weight': 1}. Best is trial 213 with value: 0.9463414634146341.
[I 2026-03-24 15:35:56,041] Trial 650 finished with value: 0.9411764705882353 and parameters: {'n_estimators': 463, 'max_depth': 20, 'learning_rate': 0.007344788757681111, 'reg_alpha': 0.005017025424670404, 'reg_lambda': 0.010776994859258692, 'min_child_weight': 1}. Best is trial 213 with value: 0.9463414634146341.
