[I 2026-03-24 15:31:25,748] Trial 37 finished with value: 0.941747572815534 and parameters: {'n_estimators': 798, 'max_depth': 23, 'learning_rate': 0.0073732513115493175, 'reg_alpha': 7.786505074309679e-05, 'reg_lambda': 1.1887726095716515e-08, 'min_child_weight': 4}. Best is trial 0 with value: 0.941747572815534.
[I 2026-03-24 15:31:25,865] Trial 38 finished with value: 0.941747572815534 and parameters: {'n_estimators': 870, 'max_depth': 48, 'learning_rate': 0.0245132544678752, 'reg_alpha': 3.494520048965704e-08, 'reg_lambda': 0.009975083905321513, 'min_child_weight': 3}. Best is trial 0 with value: 0.941747572815534.
[I 2026-03-24 15:31:25,991] Trial 39 finished with value: 0.941747572815534 and parameters: {'n_estimators': 940, 'max_depth': 31, 'learning_rate': 0.03215753438177417, 'reg_alpha': 3.203099107828963e-07, 'reg_lambda': 0.17527687676058967, 'min_child_weight': 5}. Best is trial 0 with value: 0.941747572815534.
[I 2026-03-24 15:31:26,050] Trial 40 finished with value: 0.941747572815534 and parameters: {'n_estimators': 368, 'max_depth': 10, 'learning_rate': 0.019445187934038904, 'reg_alpha': 3.5020583119815998e-06, 'reg_lambda': 4.42188392481299e-05, 'min_child_weight': 7}. Best is trial 0 with value: 0.941747572815534.
[I 2026-03-24 15:31:26,176] Trial 41 finished with value: 0.941747572815534 and parameters: {'n_estimators': 949, 'max_depth': 49, 'learning_rate': 0.001471479420311491, 'reg_alpha': 5.975583330184542e-08, 'reg_lambda': 0.1619211449991838, 'min_child_weight': 9}. Best is trial 0 with value: 0.941747572815534.
[I 2026-03-24 15:31:26,296] Trial 42 finished with value: 0.941747572815534 and parameters: {'n_estimators': 895, 'max_depth': 43, 'learning_rate': 0.0023486332946619404, 'reg_alpha': 1.581849286475985e-08, 'reg_lambda': 0.9822450410404976, 'min_child_weight': 6}. Best is trial 0 with value: 0.941747572815534.
[I 2026-03-24 15:31:26,410] Trial 43 finished with value: 0.941747572815534 and parameters: {'n_estimators': 815, 'max_depth': 46, 'learning_rate': 0.01268683058204549, 'reg_alpha': 2.666484436550465e-07, 'reg_lambda': 0.038858989287466526, 'min_child_weight': 8}. Best is trial 0 with value: 0.941747572815534.
[I 2026-03-24 15:31:26,512] Trial 44 finished with value: 0.941747572815534 and parameters: {'n_estimators': 706, 'max_depth': 39, 'learning_rate': 0.08160096333431949, 'reg_alpha': 2.002734360617235e-05, 'reg_lambda': 0.0007294584938468055, 'min_child_weight': 10}. Best is trial 0 with value: 0.941747572815534.
[I 2026-03-24 15:31:26,720] Trial 45 finished with value: 0.9306930693069307 and parameters: {'n_estimators': 999, 'max_depth': 19, 'learning_rate': 0.004806737912087041, 'reg_alpha': 6.604161395961384e-07, 'reg_lambda': 1.4426304436761118e-06, 'min_child_weight': 1}. Best is trial 0 with value: 0.941747572815534.
[I 2026-03-24 15:31:26,798] Trial 46 finished with value: 0.941747572815534 and parameters: {'n_estimators': 526, 'max_depth': 37, 'learning_rate': 0.0013422123853606784, 'reg_alpha': 0.00018064776108870666, 'reg_lambda': 0.0050013631185944814, 'min_child_weight': 4}. Best is trial 0 with value: 0.941747572815534.
[I 2026-03-24 15:31:26,885] Trial 47 finished with value: 0.941747572815534 and parameters: {'n_estimators': 608, 'max_depth': 40, 'learning_rate': 0.0035730560739232944, 'reg_alpha': 2.7258896339577414e-08, 'reg_lambda': 4.7531643246471735e-07, 'min_child_weight': 5}. Best is trial 0 with value: 0.941747572815534.
[I 2026-03-24 15:31:26,941] Trial 48 finished with value: 0.941747572815534 and parameters: {'n_estimators': 324, 'max_depth': 47, 'learning_rate': 0.008535677699095917, 'reg_alpha': 2.074535340216776e-06, 'reg_lambda': 0.0002306198542464405, 'min_child_weight': 7}. Best is trial 0 with value: 0.941747572815534.
[I 2026-03-24 15:31:27,070] Trial 49 finished with value: 0.941747572815534 and parameters: {'n_estimators': 954, 'max_depth': 50, 'learning_rate': 0.0010034902217294802, 'reg_alpha': 9.787338381194795e-08, 'reg_lambda': 2.287979668089428e-07, 'min_child_weight': 3}. Best is trial 0 with value: 0.941747572815534.
[I 2026-03-24 15:31:27,176] Trial 50 finished with value: 0.941747572815534 and parameters: {'n_estimators': 752, 'max_depth': 16, 'learning_rate': 0.002054179784026908, 'reg_alpha': 0.022377635042618724, 'reg_lambda': 4.283420084144637e-06, 'min_child_weight': 4}. Best is trial 0 with value: 0.941747572815534.
[I 2026-03-24 15:31:27,245] Trial 51 finished with value: 0.941747572815534 and parameters: {'n_estimators': 282, 'max_depth': 44, 'learning_rate': 0.0032089795817614977, 'reg_alpha': 1.9402763746992797e-08, 'reg_lambda': 1.1550652919354785e-05, 'min_child_weight': 2}. Best is trial 0 with value: 0.941747572815534.
[I 2026-03-24 15:31:27,324] Trial 52 finished with value: 0.941747572815534 and parameters: {'n_estimators': 402, 'max_depth': 36, 'learning_rate': 0.005042538846062741, 'reg_alpha': 2.0789283387459667e-07, 'reg_lambda': 4.8009874655369996e-05, 'min_child_weight': 2}. Best is trial 0 with value: 0.941747572815534.
[I 2026-03-24 15:31:27,426] Trial 53 finished with value: 0.9306930693069307 and parameters: {'n_estimators': 442, 'max_depth': 32, 'learning_rate': 0.020823807547618846, 'reg_alpha': 5.7581949179325225e-08, 'reg_lambda': 0.00019146397887664612, 'min_child_weight': 1}. Best is trial 0 with value: 0.941747572815534.
[I 2026-03-24 15:31:27,487] Trial 54 finished with value: 0.941747572815534 and parameters: {'n_estimators': 362, 'max_depth': 28, 'learning_rate': 0.011321394466892152, 'reg_alpha': 4.4730218674364604e-07, 'reg_lambda': 7.237993205818388e-06, 'min_child_weight': 9}. Best is trial 0 with value: 0.941747572815534.
[I 2026-03-24 15:31:27,564] Trial 55 finished with value: 0.941747572815534 and parameters: {'n_estimators': 504, 'max_depth': 25, 'learning_rate': 0.006279691196085828, 'reg_alpha': 1.0839762901369965e-07, 'reg_lambda': 1.0823847270511171e-06, 'min_child_weight': 3}. Best is trial 0 with value: 0.941747572815534.
[I 2026-03-24 15:31:27,649] Trial 56 finished with value: 0.941747572815534 and parameters: {'n_estimators': 574, 'max_depth': 6, 'learning_rate': 0.008804423286108047, 'reg_alpha': 1.2873373797068637e-06, 'reg_lambda': 0.000772312187187008, 'min_child_weight': 8}. Best is trial 0 with value: 0.941747572815534.
[I 2026-03-24 15:31:27,697] Trial 57 finished with value: 0.941747572815534 and parameters: {'n_estimators': 260, 'max_depth': 41, 'learning_rate': 0.0015579587318504434, 'reg_alpha': 2.5268658519557314e-08, 'reg_lambda': 2.8783666064209026e-08, 'min_child_weight': 10}. Best is trial 0 with value: 0.941747572815534.
[I 2026-03-24 15:31:27,874] Trial 58 finished with value: 0.9306930693069307 and parameters: {'n_estimators': 877, 'max_depth': 21, 'learning_rate': 0.06534445419671552, 'reg_alpha': 1.1627740308739732e-08, 'reg_lambda': 2.6131977318415935e-06, 'min_child_weight': 1}. Best is trial 0 with value: 0.941747572815534.
[I 2026-03-24 15:31:27,943] Trial 59 finished with value: 0.941747572815534 and parameters: {'n_estimators': 438, 'max_depth': 35, 'learning_rate': 0.050933383849213316, 'reg_alpha': 3.7481795728836266e-05, 'reg_lambda': 2.4441533136620712e-05, 'min_child_weight': 9}. Best is trial 0 with value: 0.941747572815534.
[I 2026-03-24 15:31:28,098] Trial 60 finished with value: 0.941747572815534 and parameters: {'n_estimators': 922, 'max_depth': 43, 'learning_rate': 0.0025734201515535127, 'reg_alpha': 8.616192618738198e-06, 'reg_lambda': 6.891446830650889e-08, 'min_child_weight': 2}. Best is trial 0 with value: 0.941747572815534.
[I 2026-03-24 15:31:28,154] Trial 61 finished with value: 0.941747572815534 and parameters: {'n_estimators': 325, 'max_depth': 14, 'learning_rate': 0.0011652926763415596, 'reg_alpha': 6.018517506148587e-07, 'reg_lambda': 0.0021324001771175095, 'min_child_weight': 7}. Best is trial 0 with value: 0.941747572815534.
[I 2026-03-24 15:31:28,201] Trial 62 finished with value: 0.941747572815534 and parameters: {'n_estimators': 242, 'max_depth': 19, 'learning_rate': 0.031160886679912007, 'reg_alpha': 2.5840802831306194e-06, 'reg_lambda': 9.034236769695403e-05, 'min_child_weight': 6}. Best is trial 0 with value: 0.941747572815534.
[I 2026-03-24 15:31:28,266] Trial 63 finished with value: 0.941747572815534 and parameters: {'n_estimators': 397, 'max_depth': 16, 'learning_rate': 0.002021663046052223, 'reg_alpha': 1.8363254731258887e-05, 'reg_lambda': 0.03583522280629169, 'min_child_weight': 6}. Best is trial 0 with value: 0.941747572815534.
[I 2026-03-24 15:31:28,326] Trial 64 finished with value: 0.941747572815534 and parameters: {'n_estimators': 360, 'max_depth': 12, 'learning_rate': 0.013766378834337518, 'reg_alpha': 2.071827386624451e-07, 'reg_lambda': 0.003515224168601067, 'min_child_weight': 5}. Best is trial 0 with value: 0.941747572815534.
[I 2026-03-24 15:31:28,380] Trial 65 finished with value: 0.941747572815534 and parameters: {'n_estimators': 302, 'max_depth': 48, 'learning_rate': 0.01839331521731662, 'reg_alpha': 5.152303074308601e-06, 'reg_lambda': 0.0005009979475533096, 'min_child_weight': 4}. Best is trial 0 with value: 0.941747572815534.
[I 2026-03-24 15:31:28,424] Trial 66 finished with value: 0.941747572815534 and parameters: {'n_estimators': 217, 'max_depth': 21, 'learning_rate': 0.023796348801175055, 'reg_alpha': 6.546682147299404e-08, 'reg_lambda': 6.973627891522905e-05, 'min_child_weight': 9}. Best is trial 0 with value: 0.941747572815534.
[I 2026-03-24 15:31:28,557] Trial 67 finished with value: 0.941747572815534 and parameters: {'n_estimators': 974, 'max_depth': 33, 'learning_rate': 0.003002974432800212, 'reg_alpha': 0.0008867258758335782, 'reg_lambda': 6.6664279668523305e-06, 'min_child_weight': 3}. Best is trial 0 with value: 0.941747572815534.
[I 2026-03-24 15:31:28,656] Trial 68 finished with value: 0.941747572815534 and parameters: {'n_estimators': 676, 'max_depth': 27, 'learning_rate': 0.04700167591155402, 'reg_alpha': 1.3835507538657422e-06, 'reg_lambda': 0.0003023780567942673, 'min_child_weight': 5}. Best is trial 0 with value: 0.941747572815534.
[I 2026-03-24 15:31:28,742] Trial 69 finished with value: 0.941747572815534 and parameters: {'n_estimators': 564, 'max_depth': 31, 'learning_rate': 0.001685290140177037, 'reg_alpha': 1.0115688777409715e-08, 'reg_lambda': 1.7164953285854542e-05, 'min_child_weight': 6}. Best is trial 0 with value: 0.941747572815534.
[I 2026-03-24 15:31:28,817] Trial 70 finished with value: 0.941747572815534 and parameters: {'n_estimators': 473, 'max_depth': 45, 'learning_rate': 0.040794396894670154, 'reg_alpha': 1.4665538964946677e-07, 'reg_lambda': 0.008601758004207826, 'min_child_weight': 7}. Best is trial 0 with value: 0.941747572815534.
[I 2026-03-24 15:31:28,950] Trial 71 finished with value: 0.941747572815534 and parameters: {'n_estimators': 967, 'max_depth': 24, 'learning_rate': 0.005471398315523259, 'reg_alpha': 4.2441117072681746e-07, 'reg_lambda': 6.682673081542688e-07, 'min_child_weight': 8}. Best is trial 0 with value: 0.941747572815534.
[I 2026-03-24 15:31:29,086] Trial 72 finished with value: 0.941747572815534 and parameters: {'n_estimators': 1000, 'max_depth': 29, 'learning_rate': 0.004169128983882512, 'reg_alpha': 0.008782306599604993, 'reg_lambda': 1.979652960844521e-07, 'min_child_weight': 9}. Best is trial 0 with value: 0.941747572815534.
[I 2026-03-24 15:31:29,214] Trial 73 finished with value: 0.941747572815534 and parameters: {'n_estimators': 927, 'max_depth': 21, 'learning_rate': 0.0012695393951337708, 'reg_alpha': 0.00043271384919287654, 'reg_lambda': 0.13276082556785748, 'min_child_weight': 10}. Best is trial 0 with value: 0.941747572815534.
[I 2026-03-24 15:31:29,347] Trial 74 finished with value: 0.941747572815534 and parameters: {'n_estimators': 963, 'max_depth': 19, 'learning_rate': 0.007904363880977698, 'reg_alpha': 4.555812239640768e-08, 'reg_lambda': 1.8136746687087048e-08, 'min_child_weight': 8}. Best is trial 0 with value: 0.941747572815534.
[I 2026-03-24 15:31:29,467] Trial 75 finished with value: 0.941747572815534 and parameters: {'n_estimators': 854, 'max_depth': 26, 'learning_rate': 0.05723465234818223, 'reg_alpha': 0.38527819108144473, 'reg_lambda': 2.748471846242067e-06, 'min_child_weight': 7}. Best is trial 0 with value: 0.941747572815534.
[I 2026-03-24 15:31:29,592] Trial 76 finished with value: 0.941747572815534 and parameters: {'n_estimators': 897, 'max_depth': 37, 'learning_rate': 0.0028504423513324483, 'reg_alpha': 0.0026172835128766823, 'reg_lambda': 5.134679088644166e-06, 'min_child_weight': 8}. Best is trial 0 with value: 0.941747572815534.
[I 2026-03-24 15:31:29,653] Trial 77 finished with value: 0.941747572815534 and parameters: {'n_estimators': 343, 'max_depth': 23, 'learning_rate': 0.002294954546488202, 'reg_alpha': 4.984096272682967e-05, 'reg_lambda': 9.15810099620942e-07, 'min_child_weight': 10}. Best is trial 0 with value: 0.941747572815534.
[I 2026-03-24 15:31:29,768] Trial 78 finished with value: 0.941747572815534 and parameters: {'n_estimators': 814, 'max_depth': 49, 'learning_rate': 0.08198340312268569, 'reg_alpha': 0.00016258290669107854, 'reg_lambda': 0.00013132549334673004, 'min_child_weight': 9}. Best is trial 0 with value: 0.941747572815534.
[I 2026-03-24 15:31:29,896] Trial 79 finished with value: 0.941747572815534 and parameters: {'n_estimators': 914, 'max_depth': 17, 'learning_rate': 0.003477498354925948, 'reg_alpha': 1.1245163864127493e-05, 'reg_lambda': 1.2632157661619771e-05, 'min_child_weight': 6}. Best is trial 0 with value: 0.941747572815534.
[I 2026-03-24 15:31:30,006] Trial 80 finished with value: 0.941747572815534 and parameters: {'n_estimators': 769, 'max_depth': 40, 'learning_rate': 0.006472426086268856, 'reg_alpha': 7.370473167126578e-07, 'reg_lambda': 0.0012913142877260763, 'min_child_weight': 3}. Best is trial 0 with value: 0.941747572815534.
[I 2026-03-24 15:31:30,064] Trial 81 finished with value: 0.941747572815534 and parameters: {'n_estimators': 296, 'max_depth': 38, 'learning_rate': 0.0752760470996975, 'reg_alpha': 0.04527227492973717, 'reg_lambda': 1.253591893568395e-08, 'min_child_weight': 9}. Best is trial 0 with value: 0.941747572815534.
[I 2026-03-24 15:31:30,114] Trial 82 finished with value: 0.941747572815534 and parameters: {'n_estimators': 247, 'max_depth': 34, 'learning_rate': 0.09224272791665696, 'reg_alpha': 0.0035216085829267033, 'reg_lambda': 2.6909545696784994e-08, 'min_child_weight': 8}. Best is trial 0 with value: 0.941747572815534.
[I 2026-03-24 15:31:30,185] Trial 83 finished with value: 0.941747572815534 and parameters: {'n_estimators': 413, 'max_depth': 46, 'learning_rate': 0.01083607893086264, 'reg_alpha': 0.004842304288101759, 'reg_lambda': 5.32693229786848e-08, 'min_child_weight': 9}. Best is trial 0 with value: 0.941747572815534.
[I 2026-03-24 15:31:30,268] Trial 84 finished with value: 0.941747572815534 and parameters: {'n_estimators': 328, 'max_depth': 50, 'learning_rate': 0.0011248253379597644, 'reg_alpha': 0.0010303530414316627, 'reg_lambda': 2.6458699120678214e-07, 'min_child_weight': 2}. Best is trial 0 with value: 0.941747572815534.
[I 2026-03-24 15:31:30,394] Trial 85 finished with value: 0.941747572815534 and parameters: {'n_estimators': 883, 'max_depth': 42, 'learning_rate': 0.0017282407261081428, 'reg_alpha': 0.013633412424578422, 'reg_lambda': 1.882007425685055e-08, 'min_child_weight': 4}. Best is trial 0 with value: 0.941747572815534.
[I 2026-03-24 15:31:30,525] Trial 86 finished with value: 0.941747572815534 and parameters: {'n_estimators': 934, 'max_depth': 39, 'learning_rate': 0.05851350357434602, 'reg_alpha': 2.1567742660836625e-08, 'reg_lambda': 1.0096958344738161e-07, 'min_child_weight': 10}. Best is trial 0 with value: 0.941747572815534.
[I 2026-03-24 15:31:30,684] Trial 87 finished with value: 0.9306930693069307 and parameters: {'n_estimators': 979, 'max_depth': 31, 'learning_rate': 0.09875001794302908, 'reg_alpha': 0.05562843402172629, 'reg_lambda': 2.6757497134215245e-05, 'min_child_weight': 1}. Best is trial 0 with value: 0.941747572815534.
[I 2026-03-24 15:31:30,781] Trial 88 finished with value: 0.941747572815534 and parameters: {'n_estimators': 636, 'max_depth': 35, 'learning_rate': 0.004630868302631167, 'reg_alpha': 0.18983963638846912, 'reg_lambda': 4.81347977694467e-07, 'min_child_weight': 5}. Best is trial 0 with value: 0.941747572815534.
[I 2026-03-24 15:31:30,847] Trial 89 finished with value: 0.941747572815534 and parameters: {'n_estimators': 375, 'max_depth': 47, 'learning_rate': 0.03858378136769754, 'reg_alpha': 2.770427234874132e-06, 'reg_lambda': 1.737384880501782e-06, 'min_child_weight': 8}. Best is trial 0 with value: 0.941747572815534.
[I 2026-03-24 15:31:30,905] Trial 90 finished with value: 0.941747572815534 and parameters: {'n_estimators': 307, 'max_depth': 36, 'learning_rate': 0.030821596569909536, 'reg_alpha': 7.711864021234417e-08, 'reg_lambda': 0.2602864367585118, 'min_child_weight': 9}. Best is trial 0 with value: 0.941747572815534.
[I 2026-03-24 15:31:30,973] Trial 91 finished with value: 0.941747572815534 and parameters: {'n_estimators': 383, 'max_depth': 37, 'learning_rate': 0.07683818802815845, 'reg_alpha': 0.11907156367661058, 'reg_lambda': 8.821309077531453e-08, 'min_child_weight': 5}. Best is trial 0 with value: 0.941747572815534.
[I 2026-03-24 15:31:31,035] Trial 92 finished with value: 0.941747572815534 and parameters: {'n_estimators': 347, 'max_depth': 34, 'learning_rate': 0.08596920053828346, 'reg_alpha': 0.030501737698084563, 'reg_lambda': 4.198587083632171e-08, 'min_child_weight': 4}. Best is trial 0 with value: 0.941747572815534.
[I 2026-03-24 15:31:31,116] Trial 93 finished with value: 0.941747572815534 and parameters: {'n_estimators': 497, 'max_depth': 40, 'learning_rate': 0.07063661540103756, 'reg_alpha': 2.8279487023180046e-07, 'reg_lambda': 1.0541936390472384e-08, 'min_child_weight': 7}. Best is trial 0 with value: 0.941747572815534.
[I 2026-03-24 15:31:31,169] Trial 94 finished with value: 0.941747572815534 and parameters: {'n_estimators': 260, 'max_depth': 32, 'learning_rate': 0.05602895631075048, 'reg_alpha': 0.01103323673694149, 'reg_lambda': 1.819497574258798e-08, 'min_child_weight': 6}. Best is trial 0 with value: 0.941747572815534.
[I 2026-03-24 15:31:31,225] Trial 95 finished with value: 0.941747572815534 and parameters: {'n_estimators': 288, 'max_depth': 13, 'learning_rate': 0.009312090637652077, 'reg_alpha': 0.9945254045730276, 'reg_lambda': 1.7616241436917447e-07, 'min_child_weight': 2}. Best is trial 0 with value: 0.941747572815534.
[I 2026-03-24 15:31:31,300] Trial 96 finished with value: 0.941747572815534 and parameters: {'n_estimators': 441, 'max_depth': 36, 'learning_rate': 0.026935997999822107, 'reg_alpha': 0.0809202384649797, 'reg_lambda': 2.783697954096003e-06, 'min_child_weight': 5}. Best is trial 0 with value: 0.941747572815534.
[I 2026-03-24 15:31:31,437] Trial 97 finished with value: 0.941747572815534 and parameters: {'n_estimators': 955, 'max_depth': 43, 'learning_rate': 0.016034655240144743, 'reg_alpha': 3.637240821881366e-08, 'reg_lambda': 0.01696510520088805, 'min_child_weight': 9}. Best is trial 0 with value: 0.941747572815534.
[I 2026-03-24 15:31:31,499] Trial 98 finished with value: 0.941747572815534 and parameters: {'n_estimators': 322, 'max_depth': 15, 'learning_rate': 0.0013910929780345039, 'reg_alpha': 4.665737255293646e-06, 'reg_lambda': 2.574661180433633e-08, 'min_child_weight': 6}. Best is trial 0 with value: 0.941747572815534.
[I 2026-03-24 15:31:31,638] Trial 99 finished with value: 0.941747572815534 and parameters: {'n_estimators': 987, 'max_depth': 18, 'learning_rate': 0.012349510635795076, 'reg_alpha': 1.735217212938465e-06, 'reg_lambda': 3.1295925085425856e-05, 'min_child_weight': 5}. Best is trial 0 with value: 0.941747572815534.
[I 2026-03-24 15:31:31,701] Trial 100 finished with value: 0.941747572815534 and parameters: {'n_estimators': 345, 'max_depth': 10, 'learning_rate': 0.0021552560388130833, 'reg_alpha': 2.358061329623824e-05, 'reg_lambda': 9.180164528487766e-06, 'min_child_weight': 10}. Best is trial 0 with value: 0.941747572815534.
[I 2026-03-24 15:31:31,795] Trial 101 finished with value: 0.941747572815534 and parameters: {'n_estimators': 609, 'max_depth': 9, 'learning_rate': 0.007116861426313348, 'reg_alpha': 0.00010453088510531161, 'reg_lambda': 0.05303304357262619, 'min_child_weight': 4}. Best is trial 0 with value: 0.941747572815534.
[I 2026-03-24 15:31:31,904] Trial 102 finished with value: 0.941747572815534 and parameters: {'n_estimators': 731, 'max_depth': 39, 'learning_rate': 0.00538450581413952, 'reg_alpha': 0.00031201764347760366, 'reg_lambda': 0.728010647764524, 'min_child_weight': 3}. Best is trial 0 with value: 0.941747572815534.
[I 2026-03-24 15:31:32,011] Trial 103 finished with value: 0.941747572815534 and parameters: {'n_estimators': 543, 'max_depth': 9, 'learning_rate': 0.0035082333964640373, 'reg_alpha': 0.000994096249041983, 'reg_lambda': 0.0028490219466890824, 'min_child_weight': 2}. Best is trial 0 with value: 0.941747572815534.
[I 2026-03-24 15:31:32,124] Trial 104 finished with value: 0.941747572815534 and parameters: {'n_estimators': 705, 'max_depth': 29, 'learning_rate': 0.005927467506074327, 'reg_alpha': 1.1137773626765855e-07, 'reg_lambda': 0.005379154344100257, 'min_child_weight': 4}. Best is trial 0 with value: 0.941747572815534.
[I 2026-03-24 15:31:32,225] Trial 105 finished with value: 0.941747572815534 and parameters: {'n_estimators': 662, 'max_depth': 25, 'learning_rate': 0.0026159912393648216, 'reg_alpha': 0.0067245458427566485, 'reg_lambda': 0.10416422056525755, 'min_child_weight': 4}. Best is trial 0 with value: 0.941747572815534.
[I 2026-03-24 15:31:32,367] Trial 106 finished with value: 0.941747572815534 and parameters: {'n_estimators': 944, 'max_depth': 33, 'learning_rate': 0.003994683045708755, 'reg_alpha': 9.831145592664352e-07, 'reg_lambda': 0.0010522869642517537, 'min_child_weight': 7}. Best is trial 0 with value: 0.941747572815534.
