[I 2026-03-24 15:40:47,609] Trial 70 finished with value: 0.9154228855721394 and parameters: {'n_estimators': 311, 'max_depth': 49, 'learning_rate': 0.06625184281834479, 'reg_alpha': 0.00010729359510725386, 'reg_lambda': 0.004592411377312753, 'min_child_weight': 4}. Best is trial 0 with value: 0.9154228855721394.
[I 2026-03-24 15:40:47,719] Trial 71 finished with value: 0.9154228855721394 and parameters: {'n_estimators': 662, 'max_depth': 20, 'learning_rate': 0.006534431719300781, 'reg_alpha': 4.3176812722835985e-05, 'reg_lambda': 0.21809255849027784, 'min_child_weight': 6}. Best is trial 0 with value: 0.9154228855721394.
[I 2026-03-24 15:40:47,842] Trial 72 finished with value: 0.9154228855721394 and parameters: {'n_estimators': 742, 'max_depth': 26, 'learning_rate': 0.01300086216560573, 'reg_alpha': 0.00026625664965532626, 'reg_lambda': 0.481963806309642, 'min_child_weight': 5}. Best is trial 0 with value: 0.9154228855721394.
[I 2026-03-24 15:40:47,958] Trial 73 finished with value: 0.9154228855721394 and parameters: {'n_estimators': 688, 'max_depth': 17, 'learning_rate': 0.009748820893446334, 'reg_alpha': 0.005860462413485774, 'reg_lambda': 0.010042468124679897, 'min_child_weight': 4}. Best is trial 0 with value: 0.9154228855721394.
[I 2026-03-24 15:40:48,011] Trial 74 finished with value: 0.9154228855721394 and parameters: {'n_estimators': 229, 'max_depth': 21, 'learning_rate': 0.018251396420172004, 'reg_alpha': 2.9526844275078927e-05, 'reg_lambda': 1.6278447882208507e-08, 'min_child_weight': 9}. Best is trial 0 with value: 0.9154228855721394.
[I 2026-03-24 15:40:48,161] Trial 75 finished with value: 0.9154228855721394 and parameters: {'n_estimators': 952, 'max_depth': 8, 'learning_rate': 0.053148116247116385, 'reg_alpha': 0.036457296635465514, 'reg_lambda': 4.414047850522168e-05, 'min_child_weight': 4}. Best is trial 0 with value: 0.9154228855721394.
[I 2026-03-24 15:40:48,294] Trial 76 finished with value: 0.9154228855721394 and parameters: {'n_estimators': 843, 'max_depth': 22, 'learning_rate': 0.011017510175988987, 'reg_alpha': 0.00016810145032923696, 'reg_lambda': 0.12541804946906684, 'min_child_weight': 6}. Best is trial 0 with value: 0.9154228855721394.
[I 2026-03-24 15:40:48,395] Trial 77 finished with value: 0.9154228855721394 and parameters: {'n_estimators': 597, 'max_depth': 29, 'learning_rate': 0.008838844383300425, 'reg_alpha': 0.0005024230465036077, 'reg_lambda': 0.00018174870533104565, 'min_child_weight': 5}. Best is trial 0 with value: 0.9154228855721394.
[I 2026-03-24 15:40:48,535] Trial 78 finished with value: 0.9154228855721394 and parameters: {'n_estimators': 875, 'max_depth': 13, 'learning_rate': 0.013781406721838073, 'reg_alpha': 8.452838091866197e-05, 'reg_lambda': 0.0005831674226465039, 'min_child_weight': 3}. Best is trial 0 with value: 0.9154228855721394.
[I 2026-03-24 15:40:48,643] Trial 79 finished with value: 0.9154228855721394 and parameters: {'n_estimators': 656, 'max_depth': 37, 'learning_rate': 0.08792127917080417, 'reg_alpha': 1.4897235565111622e-05, 'reg_lambda': 0.00010796749183000994, 'min_child_weight': 7}. Best is trial 0 with value: 0.9154228855721394.
[I 2026-03-24 15:40:48,770] Trial 80 finished with value: 0.9154228855721394 and parameters: {'n_estimators': 787, 'max_depth': 39, 'learning_rate': 0.026983373075332683, 'reg_alpha': 0.001279758851026655, 'reg_lambda': 6.176546703704223e-08, 'min_child_weight': 4}. Best is trial 0 with value: 0.9154228855721394.
[I 2026-03-24 15:40:48,883] Trial 81 finished with value: 0.9154228855721394 and parameters: {'n_estimators': 693, 'max_depth': 41, 'learning_rate': 0.0012674032539073403, 'reg_alpha': 1.7502893168435266e-06, 'reg_lambda': 0.0017413192995244205, 'min_child_weight': 9}. Best is trial 0 with value: 0.9154228855721394.
[I 2026-03-24 15:40:48,988] Trial 82 finished with value: 0.9154228855721394 and parameters: {'n_estimators': 634, 'max_depth': 44, 'learning_rate': 0.0023050174703440483, 'reg_alpha': 4.067489165121635e-06, 'reg_lambda': 0.003034127703795893, 'min_child_weight': 9}. Best is trial 0 with value: 0.9154228855721394.
[I 2026-03-24 15:40:49,105] Trial 83 finished with value: 0.9154228855721394 and parameters: {'n_estimators': 715, 'max_depth': 47, 'learning_rate': 0.0016580132560055092, 'reg_alpha': 5.544012264990068e-07, 'reg_lambda': 0.028872759080968178, 'min_child_weight': 8}. Best is trial 0 with value: 0.9154228855721394.
[I 2026-03-24 15:40:49,202] Trial 84 finished with value: 0.9154228855721394 and parameters: {'n_estimators': 563, 'max_depth': 24, 'learning_rate': 0.0014434936781631104, 'reg_alpha': 9.46578781175501e-06, 'reg_lambda': 2.2073322698671058e-07, 'min_child_weight': 10}. Best is trial 0 with value: 0.9154228855721394.
[I 2026-03-24 15:40:49,325] Trial 85 finished with value: 0.9154228855721394 and parameters: {'n_estimators': 755, 'max_depth': 35, 'learning_rate': 0.02207335154150024, 'reg_alpha': 0.08666863354040352, 'reg_lambda': 2.0391846450498707e-05, 'min_child_weight': 5}. Best is trial 0 with value: 0.9154228855721394.
[I 2026-03-24 15:40:49,471] Trial 86 finished with value: 0.9154228855721394 and parameters: {'n_estimators': 935, 'max_depth': 28, 'learning_rate': 0.001009339092805666, 'reg_alpha': 2.409248171228169e-05, 'reg_lambda': 0.014579337724762652, 'min_child_weight': 9}. Best is trial 0 with value: 0.9154228855721394.
[I 2026-03-24 15:40:49,591] Trial 87 finished with value: 0.9154228855721394 and parameters: {'n_estimators': 729, 'max_depth': 50, 'learning_rate': 0.007892066945716788, 'reg_alpha': 0.28464348163517755, 'reg_lambda': 0.8883274523511475, 'min_child_weight': 3}. Best is trial 0 with value: 0.9154228855721394.
[I 2026-03-24 15:40:49,682] Trial 88 finished with value: 0.9154228855721394 and parameters: {'n_estimators': 525, 'max_depth': 42, 'learning_rate': 0.0020525283636333618, 'reg_alpha': 3.728170155133915e-06, 'reg_lambda': 0.0004305171767487047, 'min_child_weight': 6}. Best is trial 0 with value: 0.9154228855721394.
[I 2026-03-24 15:40:49,833] Trial 89 finished with value: 0.9154228855721394 and parameters: {'n_estimators': 965, 'max_depth': 31, 'learning_rate': 0.006014646170262095, 'reg_alpha': 2.9471180404513873e-08, 'reg_lambda': 0.05133989892148765, 'min_child_weight': 8}. Best is trial 0 with value: 0.9154228855721394.
[I 2026-03-24 15:40:49,965] Trial 90 finished with value: 0.9154228855721394 and parameters: {'n_estimators': 832, 'max_depth': 38, 'learning_rate': 0.0333569924917762, 'reg_alpha': 0.011931147457751246, 'reg_lambda': 0.0011294630174197308, 'min_child_weight': 10}. Best is trial 0 with value: 0.9154228855721394.
[I 2026-03-24 15:40:50,105] Trial 91 finished with value: 0.9154228855721394 and parameters: {'n_estimators': 889, 'max_depth': 25, 'learning_rate': 0.004570800255502758, 'reg_alpha': 0.0025923735492823937, 'reg_lambda': 0.1547960254424525, 'min_child_weight': 8}. Best is trial 0 with value: 0.9154228855721394.
[I 2026-03-24 15:40:50,248] Trial 92 finished with value: 0.9154228855721394 and parameters: {'n_estimators': 916, 'max_depth': 10, 'learning_rate': 0.0031756504443596276, 'reg_alpha': 0.0006034091381767491, 'reg_lambda': 0.3305535082821316, 'min_child_weight': 7}. Best is trial 0 with value: 0.9154228855721394.
[I 2026-03-24 15:40:50,385] Trial 93 finished with value: 0.9154228855721394 and parameters: {'n_estimators': 869, 'max_depth': 26, 'learning_rate': 0.0109856083699068, 'reg_alpha': 0.0003726424253503396, 'reg_lambda': 0.0773471294333173, 'min_child_weight': 9}. Best is trial 0 with value: 0.9154228855721394.
[I 2026-03-24 15:40:50,539] Trial 94 finished with value: 0.9154228855721394 and parameters: {'n_estimators': 983, 'max_depth': 33, 'learning_rate': 0.09904320102244943, 'reg_alpha': 0.001424459223488687, 'reg_lambda': 0.009489141231139104, 'min_child_weight': 4}. Best is trial 0 with value: 0.9154228855721394.
[I 2026-03-24 15:40:50,669] Trial 95 finished with value: 0.9154228855721394 and parameters: {'n_estimators': 783, 'max_depth': 23, 'learning_rate': 0.01226596908519878, 'reg_alpha': 9.949455928762951e-05, 'reg_lambda': 0.0035961100592141215, 'min_child_weight': 5}. Best is trial 0 with value: 0.9154228855721394.
[I 2026-03-24 15:40:50,785] Trial 96 finished with value: 0.9154228855721394 and parameters: {'n_estimators': 673, 'max_depth': 40, 'learning_rate': 0.017465374254822554, 'reg_alpha': 7.807334962128622e-07, 'reg_lambda': 0.637109577496409, 'min_child_weight': 8}. Best is trial 0 with value: 0.9154228855721394.
[I 2026-03-24 15:40:50,895] Trial 97 finished with value: 0.9154228855721394 and parameters: {'n_estimators': 611, 'max_depth': 28, 'learning_rate': 0.03919651066964151, 'reg_alpha': 0.000186285759232448, 'reg_lambda': 0.00186149905852499, 'min_child_weight': 9}. Best is trial 0 with value: 0.9154228855721394.
[I 2026-03-24 15:40:50,981] Trial 98 finished with value: 0.9154228855721394 and parameters: {'n_estimators': 437, 'max_depth': 19, 'learning_rate': 0.006588003012389315, 'reg_alpha': 0.00378094337493121, 'reg_lambda': 0.005854122558607735, 'min_child_weight': 7}. Best is trial 0 with value: 0.9154228855721394.
[I 2026-03-24 15:40:51,114] Trial 99 finished with value: 0.9154228855721394 and parameters: {'n_estimators': 797, 'max_depth': 45, 'learning_rate': 0.007731653548121732, 'reg_alpha': 6.166451907826236e-05, 'reg_lambda': 1.0624743527593419e-07, 'min_child_weight': 4}. Best is trial 0 with value: 0.9154228855721394.
[I 2026-03-24 15:40:51,242] Trial 100 finished with value: 0.9154228855721394 and parameters: {'n_estimators': 765, 'max_depth': 22, 'learning_rate': 0.05330327660702408, 'reg_alpha': 0.0008446849200248089, 'reg_lambda': 0.3165085646505155, 'min_child_weight': 5}. Best is trial 0 with value: 0.9154228855721394.
[I 2026-03-24 15:40:51,347] Trial 101 finished with value: 0.9154228855721394 and parameters: {'n_estimators': 380, 'max_depth': 48, 'learning_rate': 0.005006726647885036, 'reg_alpha': 0.9825945875615768, 'reg_lambda': 2.70869846654543e-05, 'min_child_weight': 2}. Best is trial 0 with value: 0.9154228855721394.
[I 2026-03-24 15:40:51,512] Trial 102 finished with value: 0.9154228855721394 and parameters: {'n_estimators': 502, 'max_depth': 24, 'learning_rate': 0.0019453403247603814, 'reg_alpha': 1.7466604587351204e-08, 'reg_lambda': 7.130742804529069e-05, 'min_child_weight': 1}. Best is trial 0 with value: 0.9154228855721394.
[I 2026-03-24 15:40:51,601] Trial 103 finished with value: 0.9154228855721394 and parameters: {'n_estimators': 310, 'max_depth': 36, 'learning_rate': 0.003194190637224856, 'reg_alpha': 0.00026419340434159896, 'reg_lambda': 0.00027328862680844516, 'min_child_weight': 2}. Best is trial 0 with value: 0.9154228855721394.
[I 2026-03-24 15:40:51,836] Trial 104 finished with value: 0.914572864321608 and parameters: {'n_estimators': 915, 'max_depth': 43, 'learning_rate': 0.008674151594320337, 'reg_alpha': 0.007521568217736933, 'reg_lambda': 0.00070818955123416, 'min_child_weight': 1}. Best is trial 0 with value: 0.9154228855721394.
[I 2026-03-24 15:40:51,914] Trial 105 finished with value: 0.9154228855721394 and parameters: {'n_estimators': 408, 'max_depth': 26, 'learning_rate': 0.07411062528951465, 'reg_alpha': 0.5048444426789478, 'reg_lambda': 5.5570062692878404e-08, 'min_child_weight': 6}. Best is trial 0 with value: 0.9154228855721394.
[I 2026-03-24 15:40:52,023] Trial 106 finished with value: 0.9154228855721394 and parameters: {'n_estimators': 648, 'max_depth': 15, 'learning_rate': 0.001209691013079821, 'reg_alpha': 0.17336415405335334, 'reg_lambda': 0.00010850920954269486, 'min_child_weight': 8}. Best is trial 0 with value: 0.9154228855721394.
[I 2026-03-24 15:40:52,145] Trial 107 finished with value: 0.9154228855721394 and parameters: {'n_estimators': 718, 'max_depth': 30, 'learning_rate': 0.010384612151636696, 'reg_alpha': 0.00012442609392546202, 'reg_lambda': 4.679389250342785e-06, 'min_child_weight': 3}. Best is trial 0 with value: 0.9154228855721394.
[I 2026-03-24 15:40:52,228] Trial 108 finished with value: 0.9154228855721394 and parameters: {'n_estimators': 449, 'max_depth': 11, 'learning_rate': 0.016953062335466368, 'reg_alpha': 1.3933396205963018e-07, 'reg_lambda': 1.2894647390436338e-05, 'min_child_weight': 6}. Best is trial 0 with value: 0.9154228855721394.
[I 2026-03-24 15:40:52,383] Trial 109 finished with value: 0.9154228855721394 and parameters: {'n_estimators': 961, 'max_depth': 45, 'learning_rate': 0.09024816480937724, 'reg_alpha': 0.10817760345112933, 'reg_lambda': 1.874580841887928e-06, 'min_child_weight': 9}. Best is trial 0 with value: 0.9154228855721394.
[I 2026-03-24 15:40:52,511] Trial 110 finished with value: 0.9154228855721394 and parameters: {'n_estimators': 689, 'max_depth': 21, 'learning_rate': 0.014084363906677019, 'reg_alpha': 6.892571505386278e-06, 'reg_lambda': 2.1865119012861023e-08, 'min_child_weight': 5}. Best is trial 0 with value: 0.9154228855721394.
[I 2026-03-24 15:40:52,662] Trial 111 finished with value: 0.9154228855721394 and parameters: {'n_estimators': 941, 'max_depth': 34, 'learning_rate': 0.0026564892017969044, 'reg_alpha': 0.01929993944716236, 'reg_lambda': 5.918440008837054e-07, 'min_child_weight': 4}. Best is trial 0 with value: 0.9154228855721394.
[I 2026-03-24 15:40:52,919] Trial 112 finished with value: 0.92 and parameters: {'n_estimators': 989, 'max_depth': 32, 'learning_rate': 0.004057593784126503, 'reg_alpha': 0.06877491541130855, 'reg_lambda': 4.4511250869861907e-05, 'min_child_weight': 1}. Best is trial 112 with value: 0.92.
[I 2026-03-24 15:40:53,129] Trial 113 finished with value: 0.92 and parameters: {'n_estimators': 747, 'max_depth': 32, 'learning_rate': 0.0040723067090733854, 'reg_alpha': 0.04993675079254241, 'reg_lambda': 5.9296411407347726e-05, 'min_child_weight': 1}. Best is trial 112 with value: 0.92.
[I 2026-03-24 15:40:53,432] Trial 114 finished with value: 0.92 and parameters: {'n_estimators': 984, 'max_depth': 32, 'learning_rate': 0.003966515933495641, 'reg_alpha': 0.06676886606410813, 'reg_lambda': 0.00014062061761585973, 'min_child_weight': 1}. Best is trial 112 with value: 0.92.
[I 2026-03-24 15:40:53,694] Trial 115 finished with value: 0.92 and parameters: {'n_estimators': 989, 'max_depth': 33, 'learning_rate': 0.003796292604612082, 'reg_alpha': 0.047873170610805045, 'reg_lambda': 4.4455113770297166e-05, 'min_child_weight': 1}. Best is trial 112 with value: 0.92.
[I 2026-03-24 15:40:53,951] Trial 116 finished with value: 0.92 and parameters: {'n_estimators': 971, 'max_depth': 32, 'learning_rate': 0.0037338459296731136, 'reg_alpha': 0.05075777561442327, 'reg_lambda': 4.643019712374309e-05, 'min_child_weight': 1}. Best is trial 112 with value: 0.92.
[I 2026-03-24 15:40:54,215] Trial 117 finished with value: 0.92 and parameters: {'n_estimators': 985, 'max_depth': 32, 'learning_rate': 0.003346128373578834, 'reg_alpha': 0.05039535871012511, 'reg_lambda': 3.5560988683897953e-05, 'min_child_weight': 1}. Best is trial 112 with value: 0.92.
[I 2026-03-24 15:40:54,474] Trial 118 finished with value: 0.92 and parameters: {'n_estimators': 986, 'max_depth': 32, 'learning_rate': 0.0041822752196776026, 'reg_alpha': 0.05126872773146158, 'reg_lambda': 5.4897439883810515e-05, 'min_child_weight': 1}. Best is trial 112 with value: 0.92.
[I 2026-03-24 15:40:54,741] Trial 119 finished with value: 0.92 and parameters: {'n_estimators': 991, 'max_depth': 32, 'learning_rate': 0.004120942040370486, 'reg_alpha': 0.05017094103241587, 'reg_lambda': 4.583991010053806e-05, 'min_child_weight': 1}. Best is trial 112 with value: 0.92.
[I 2026-03-24 15:40:55,007] Trial 120 finished with value: 0.92 and parameters: {'n_estimators': 991, 'max_depth': 32, 'learning_rate': 0.0037693087918842924, 'reg_alpha': 0.04720859894399393, 'reg_lambda': 4.1050511826846234e-05, 'min_child_weight': 1}. Best is trial 112 with value: 0.92.
[I 2026-03-24 15:40:55,268] Trial 121 finished with value: 0.92 and parameters: {'n_estimators': 989, 'max_depth': 32, 'learning_rate': 0.004240510508293163, 'reg_alpha': 0.04551745965445272, 'reg_lambda': 3.918848033981098e-05, 'min_child_weight': 1}. Best is trial 112 with value: 0.92.
[I 2026-03-24 15:40:55,528] Trial 122 finished with value: 0.92 and parameters: {'n_estimators': 979, 'max_depth': 32, 'learning_rate': 0.0038053517570425755, 'reg_alpha': 0.045547029687924, 'reg_lambda': 4.110270387803716e-05, 'min_child_weight': 1}. Best is trial 112 with value: 0.92.
[I 2026-03-24 15:40:55,791] Trial 123 finished with value: 0.92 and parameters: {'n_estimators': 1000, 'max_depth': 32, 'learning_rate': 0.0042649893649087745, 'reg_alpha': 0.041670707906602274, 'reg_lambda': 3.5075221150693616e-05, 'min_child_weight': 1}. Best is trial 112 with value: 0.92.
[I 2026-03-24 15:40:56,054] Trial 124 finished with value: 0.92 and parameters: {'n_estimators': 986, 'max_depth': 33, 'learning_rate': 0.003527949896373094, 'reg_alpha': 0.04411387176088587, 'reg_lambda': 4.407548521383565e-05, 'min_child_weight': 1}. Best is trial 112 with value: 0.92.
[I 2026-03-24 15:40:56,318] Trial 125 finished with value: 0.92 and parameters: {'n_estimators': 988, 'max_depth': 32, 'learning_rate': 0.00371712578682827, 'reg_alpha': 0.042744081855809954, 'reg_lambda': 4.7250182955488063e-05, 'min_child_weight': 1}. Best is trial 112 with value: 0.92.
[I 2026-03-24 15:40:56,579] Trial 126 finished with value: 0.92 and parameters: {'n_estimators': 1000, 'max_depth': 32, 'learning_rate': 0.004313752882429451, 'reg_alpha': 0.0674832079651978, 'reg_lambda': 1.594164603102213e-05, 'min_child_weight': 1}. Best is trial 112 with value: 0.92.
[I 2026-03-24 15:40:56,846] Trial 127 finished with value: 0.92 and parameters: {'n_estimators': 971, 'max_depth': 33, 'learning_rate': 0.003468885941418122, 'reg_alpha': 0.028324287118387036, 'reg_lambda': 3.203344748792058e-05, 'min_child_weight': 1}. Best is trial 112 with value: 0.92.
[I 2026-03-24 15:40:57,103] Trial 128 finished with value: 0.92 and parameters: {'n_estimators': 982, 'max_depth': 30, 'learning_rate': 0.0047365265190680616, 'reg_alpha': 0.0554902828347853, 'reg_lambda': 4.926774307696721e-05, 'min_child_weight': 1}. Best is trial 112 with value: 0.92.
[I 2026-03-24 15:40:57,361] Trial 129 finished with value: 0.92 and parameters: {'n_estimators': 960, 'max_depth': 31, 'learning_rate': 0.004205194110137705, 'reg_alpha': 0.026843097150512574, 'reg_lambda': 8.899866959164249e-05, 'min_child_weight': 1}. Best is trial 112 with value: 0.92.
[I 2026-03-24 15:40:57,582] Trial 130 finished with value: 0.9154228855721394 and parameters: {'n_estimators': 946, 'max_depth': 34, 'learning_rate': 0.005480095474729625, 'reg_alpha': 0.07216809756408608, 'reg_lambda': 8.271218342471904e-06, 'min_child_weight': 2}. Best is trial 112 with value: 0.92.
[I 2026-03-24 15:40:57,845] Trial 131 finished with value: 0.92 and parameters: {'n_estimators': 987, 'max_depth': 32, 'learning_rate': 0.003757665433587762, 'reg_alpha': 0.035493466940965855, 'reg_lambda': 4.1449311044492066e-05, 'min_child_weight': 1}. Best is trial 112 with value: 0.92.
[I 2026-03-24 15:40:58,111] Trial 132 finished with value: 0.92 and parameters: {'n_estimators': 999, 'max_depth': 32, 'learning_rate': 0.0036153408066881085, 'reg_alpha': 0.03810715175093618, 'reg_lambda': 0.00012072247140940919, 'min_child_weight': 1}. Best is trial 112 with value: 0.92.
[I 2026-03-24 15:40:58,372] Trial 133 finished with value: 0.92 and parameters: {'n_estimators': 969, 'max_depth': 31, 'learning_rate': 0.003167818477175391, 'reg_alpha': 0.1000387045110678, 'reg_lambda': 5.926955391582844e-05, 'min_child_weight': 1}. Best is trial 112 with value: 0.92.
[I 2026-03-24 15:40:58,642] Trial 134 finished with value: 0.92 and parameters: {'n_estimators': 985, 'max_depth': 33, 'learning_rate': 0.0029052767822361166, 'reg_alpha': 0.04700762555425031, 'reg_lambda': 2.260719116753617e-05, 'min_child_weight': 1}. Best is trial 112 with value: 0.92.
[I 2026-03-24 15:40:58,896] Trial 135 finished with value: 0.92 and parameters: {'n_estimators': 930, 'max_depth': 29, 'learning_rate': 0.0038511214580352563, 'reg_alpha': 0.021445227119738064, 'reg_lambda': 3.39673716003508e-05, 'min_child_weight': 1}. Best is trial 112 with value: 0.92.
[I 2026-03-24 15:40:59,152] Trial 136 finished with value: 0.92 and parameters: {'n_estimators': 950, 'max_depth': 34, 'learning_rate': 0.004527621644871957, 'reg_alpha': 0.2835647322378009, 'reg_lambda': 0.00014708810629026256, 'min_child_weight': 1}. Best is trial 112 with value: 0.92.
[I 2026-03-24 15:40:59,427] Trial 137 finished with value: 0.92 and parameters: {'n_estimators': 975, 'max_depth': 30, 'learning_rate': 0.0024887465742050264, 'reg_alpha': 0.013238058276842293, 'reg_lambda': 6.743229298351335e-05, 'min_child_weight': 1}. Best is trial 112 with value: 0.92.
[I 2026-03-24 15:40:59,655] Trial 138 finished with value: 0.9154228855721394 and parameters: {'n_estimators': 1000, 'max_depth': 32, 'learning_rate': 0.003339138419978574, 'reg_alpha': 0.1464188569537381, 'reg_lambda': 1.136206629006967e-05, 'min_child_weight': 2}. Best is trial 112 with value: 0.92.
[I 2026-03-24 15:40:59,918] Trial 139 finished with value: 0.92 and parameters: {'n_estimators': 961, 'max_depth': 35, 'learning_rate': 0.0039937147847659725, 'reg_alpha': 0.08267841428714567, 'reg_lambda': 4.531166158034186e-05, 'min_child_weight': 1}. Best is trial 112 with value: 0.92.
[I 2026-03-24 15:41:00,144] Trial 140 finished with value: 0.9154228855721394 and parameters: {'n_estimators': 985, 'max_depth': 34, 'learning_rate': 0.005131257219695533, 'reg_alpha': 0.04693837925030971, 'reg_lambda': 1.7119211180914156e-05, 'min_child_weight': 2}. Best is trial 112 with value: 0.92.
[I 2026-03-24 15:41:00,403] Trial 141 finished with value: 0.92 and parameters: {'n_estimators': 999, 'max_depth': 32, 'learning_rate': 0.004254459539193465, 'reg_alpha': 0.055475468196025994, 'reg_lambda': 3.0009092020821905e-05, 'min_child_weight': 1}. Best is trial 112 with value: 0.92.
