[I 2026-03-24 15:38:29,607] Trial 292 finished with value: 0.9154228855721394 and parameters: {'n_estimators': 644, 'max_depth': 10, 'learning_rate': 0.0031996948458187296, 'reg_alpha': 0.4068640647145477, 'reg_lambda': 1.1818169933984872e-07, 'min_child_weight': 3}. Best is trial 0 with value: 0.9154228855721394.
[I 2026-03-24 15:38:29,705] Trial 293 finished with value: 0.9154228855721394 and parameters: {'n_estimators': 666, 'max_depth': 48, 'learning_rate': 0.005410235206888232, 'reg_alpha': 0.16225566909115752, 'reg_lambda': 1.2434511716488069e-08, 'min_child_weight': 8}. Best is trial 0 with value: 0.9154228855721394.
[I 2026-03-24 15:38:29,774] Trial 294 finished with value: 0.9154228855721394 and parameters: {'n_estimators': 391, 'max_depth': 19, 'learning_rate': 0.001245766432494458, 'reg_alpha': 0.013141902533370699, 'reg_lambda': 7.747557939379082e-06, 'min_child_weight': 2}. Best is trial 0 with value: 0.9154228855721394.
[I 2026-03-24 15:38:29,829] Trial 295 finished with value: 0.9154228855721394 and parameters: {'n_estimators': 270, 'max_depth': 32, 'learning_rate': 0.012473871757783424, 'reg_alpha': 3.4873321856764266e-05, 'reg_lambda': 0.00010667477179565251, 'min_child_weight': 6}. Best is trial 0 with value: 0.9154228855721394.
[I 2026-03-24 15:38:29,898] Trial 296 finished with value: 0.9154228855721394 and parameters: {'n_estimators': 427, 'max_depth': 24, 'learning_rate': 0.014603243256350826, 'reg_alpha': 1.266260429785687e-05, 'reg_lambda': 6.794327523180769e-08, 'min_child_weight': 10}. Best is trial 0 with value: 0.9154228855721394.
[I 2026-03-24 15:38:29,959] Trial 297 finished with value: 0.9154228855721394 and parameters: {'n_estimators': 319, 'max_depth': 22, 'learning_rate': 0.003696025462892512, 'reg_alpha': 0.04449882180650509, 'reg_lambda': 6.370098586578046e-07, 'min_child_weight': 1}. Best is trial 0 with value: 0.9154228855721394.
[I 2026-03-24 15:38:30,040] Trial 298 finished with value: 0.9154228855721394 and parameters: {'n_estimators': 501, 'max_depth': 44, 'learning_rate': 0.00599851596934329, 'reg_alpha': 1.5092482450773542e-08, 'reg_lambda': 3.5918924944229403e-07, 'min_child_weight': 9}. Best is trial 0 with value: 0.9154228855721394.
[I 2026-03-24 15:38:30,165] Trial 299 finished with value: 0.9154228855721394 and parameters: {'n_estimators': 938, 'max_depth': 34, 'learning_rate': 0.0013478392744781288, 'reg_alpha': 0.002814584375532182, 'reg_lambda': 0.0003122007012551691, 'min_child_weight': 7}. Best is trial 0 with value: 0.9154228855721394.
[I 2026-03-24 15:38:30,256] Trial 300 finished with value: 0.9154228855721394 and parameters: {'n_estimators': 601, 'max_depth': 29, 'learning_rate': 0.00870140787035971, 'reg_alpha': 0.0011707955713563076, 'reg_lambda': 2.2174539891779546e-05, 'min_child_weight': 3}. Best is trial 0 with value: 0.9154228855721394.
[I 2026-03-24 15:38:30,343] Trial 301 finished with value: 0.9154228855721394 and parameters: {'n_estimators': 566, 'max_depth': 28, 'learning_rate': 0.007792703407080337, 'reg_alpha': 2.176191562494478e-08, 'reg_lambda': 5.742207205247528e-06, 'min_child_weight': 4}. Best is trial 0 with value: 0.9154228855721394.
[I 2026-03-24 15:38:30,453] Trial 302 finished with value: 0.9154228855721394 and parameters: {'n_estimators': 792, 'max_depth': 26, 'learning_rate': 0.0010001488514638193, 'reg_alpha': 4.9817499091833094e-08, 'reg_lambda': 9.662370777729196e-07, 'min_child_weight': 7}. Best is trial 0 with value: 0.9154228855721394.
[I 2026-03-24 15:38:30,576] Trial 303 finished with value: 0.9154228855721394 and parameters: {'n_estimators': 894, 'max_depth': 25, 'learning_rate': 0.0019883131470790714, 'reg_alpha': 0.006078198443690111, 'reg_lambda': 3.021318164495629e-06, 'min_child_weight': 8}. Best is trial 0 with value: 0.9154228855721394.
[I 2026-03-24 15:38:30,707] Trial 304 finished with value: 0.9154228855721394 and parameters: {'n_estimators': 984, 'max_depth': 49, 'learning_rate': 0.0015764087898288497, 'reg_alpha': 0.12144480050326627, 'reg_lambda': 0.01003453595407286, 'min_child_weight': 4}. Best is trial 0 with value: 0.9154228855721394.
[I 2026-03-24 15:38:30,770] Trial 305 finished with value: 0.9154228855721394 and parameters: {'n_estimators': 350, 'max_depth': 42, 'learning_rate': 0.002729245970858218, 'reg_alpha': 0.22649379615262477, 'reg_lambda': 2.351896243613791e-07, 'min_child_weight': 3}. Best is trial 0 with value: 0.9154228855721394.
[I 2026-03-24 15:38:30,836] Trial 306 finished with value: 0.9154228855721394 and parameters: {'n_estimators': 373, 'max_depth': 36, 'learning_rate': 0.001157415232089068, 'reg_alpha': 1.9445745059878196e-07, 'reg_lambda': 9.588575123353277e-08, 'min_child_weight': 5}. Best is trial 0 with value: 0.9154228855721394.
[I 2026-03-24 15:38:30,954] Trial 307 finished with value: 0.9154228855721394 and parameters: {'n_estimators': 861, 'max_depth': 37, 'learning_rate': 0.009626010246309371, 'reg_alpha': 0.0002255188332327738, 'reg_lambda': 0.9262961373146869, 'min_child_weight': 9}. Best is trial 0 with value: 0.9154228855721394.
[I 2026-03-24 15:38:31,039] Trial 308 finished with value: 0.9154228855721394 and parameters: {'n_estimators': 537, 'max_depth': 27, 'learning_rate': 0.004168334330901515, 'reg_alpha': 4.013506679042482e-06, 'reg_lambda': 4.9289511466489704e-08, 'min_child_weight': 6}. Best is trial 0 with value: 0.9154228855721394.
[I 2026-03-24 15:38:31,144] Trial 309 finished with value: 0.9154228855721394 and parameters: {'n_estimators': 736, 'max_depth': 50, 'learning_rate': 0.0017551992065610157, 'reg_alpha': 0.00429660522283632, 'reg_lambda': 2.5541391623537162e-08, 'min_child_weight': 1}. Best is trial 0 with value: 0.9154228855721394.
[I 2026-03-24 15:38:31,202] Trial 310 finished with value: 0.9154228855721394 and parameters: {'n_estimators': 301, 'max_depth': 21, 'learning_rate': 0.08731535583455212, 'reg_alpha': 6.798728471524469e-05, 'reg_lambda': 0.0030768589077424307, 'min_child_weight': 7}. Best is trial 0 with value: 0.9154228855721394.
[I 2026-03-24 15:38:31,314] Trial 311 finished with value: 0.9154228855721394 and parameters: {'n_estimators': 803, 'max_depth': 31, 'learning_rate': 0.07289022304715641, 'reg_alpha': 0.7541534207036994, 'reg_lambda': 1.425769286232121e-06, 'min_child_weight': 5}. Best is trial 0 with value: 0.9154228855721394.
[I 2026-03-24 15:38:31,384] Trial 312 finished with value: 0.9154228855721394 and parameters: {'n_estimators': 414, 'max_depth': 15, 'learning_rate': 0.001077562041781285, 'reg_alpha': 3.6863896873685294e-08, 'reg_lambda': 4.4202294789826306e-05, 'min_child_weight': 10}. Best is trial 0 with value: 0.9154228855721394.
[I 2026-03-24 15:38:31,499] Trial 313 finished with value: 0.9154228855721394 and parameters: {'n_estimators': 828, 'max_depth': 24, 'learning_rate': 0.001428593191382395, 'reg_alpha': 5.3193291258941645e-05, 'reg_lambda': 4.4046762773184647e-07, 'min_child_weight': 8}. Best is trial 0 with value: 0.9154228855721394.
[I 2026-03-24 15:38:31,599] Trial 314 finished with value: 0.9154228855721394 and parameters: {'n_estimators': 709, 'max_depth': 17, 'learning_rate': 0.0032920855654176694, 'reg_alpha': 7.966048432727663e-08, 'reg_lambda': 9.85900599086586e-06, 'min_child_weight': 6}. Best is trial 0 with value: 0.9154228855721394.
[I 2026-03-24 15:38:31,681] Trial 315 finished with value: 0.9154228855721394 and parameters: {'n_estimators': 523, 'max_depth': 41, 'learning_rate': 0.002493873762457926, 'reg_alpha': 0.0005941904161223872, 'reg_lambda': 0.0073032983098498434, 'min_child_weight': 8}. Best is trial 0 with value: 0.9154228855721394.
[I 2026-03-24 15:38:31,753] Trial 316 finished with value: 0.9154228855721394 and parameters: {'n_estimators': 436, 'max_depth': 18, 'learning_rate': 0.0012866132854272407, 'reg_alpha': 0.0015424399072443032, 'reg_lambda': 1.698284281064021e-07, 'min_child_weight': 1}. Best is trial 0 with value: 0.9154228855721394.
[I 2026-03-24 15:38:31,843] Trial 317 finished with value: 0.9154228855721394 and parameters: {'n_estimators': 611, 'max_depth': 12, 'learning_rate': 0.0034644057996277115, 'reg_alpha': 0.08730044116540835, 'reg_lambda': 0.00018200605835585527, 'min_child_weight': 2}. Best is trial 0 with value: 0.9154228855721394.
[I 2026-03-24 15:38:31,971] Trial 318 finished with value: 0.9154228855721394 and parameters: {'n_estimators': 958, 'max_depth': 40, 'learning_rate': 0.006361857383461527, 'reg_alpha': 8.704291989423748e-07, 'reg_lambda': 2.21898608407686e-06, 'min_child_weight': 9}. Best is trial 0 with value: 0.9154228855721394.
[I 2026-03-24 15:38:32,042] Trial 319 finished with value: 0.9154228855721394 and parameters: {'n_estimators': 450, 'max_depth': 9, 'learning_rate': 0.023086095454552744, 'reg_alpha': 0.5671645850319312, 'reg_lambda': 0.025144460705338094, 'min_child_weight': 3}. Best is trial 0 with value: 0.9154228855721394.
[I 2026-03-24 15:38:32,094] Trial 320 finished with value: 0.9154228855721394 and parameters: {'n_estimators': 239, 'max_depth': 43, 'learning_rate': 0.0018519561935485785, 'reg_alpha': 0.029819188562113266, 'reg_lambda': 1.2731535238967182e-05, 'min_child_weight': 8}. Best is trial 0 with value: 0.9154228855721394.
[I 2026-03-24 15:38:32,227] Trial 321 finished with value: 0.9154228855721394 and parameters: {'n_estimators': 999, 'max_depth': 21, 'learning_rate': 0.0011434590533331585, 'reg_alpha': 0.00010223831386824863, 'reg_lambda': 0.0013261329167757853, 'min_child_weight': 10}. Best is trial 0 with value: 0.9154228855721394.
[I 2026-03-24 15:38:32,334] Trial 322 finished with value: 0.9154228855721394 and parameters: {'n_estimators': 752, 'max_depth': 25, 'learning_rate': 0.005073305491351979, 'reg_alpha': 7.454872179947901e-06, 'reg_lambda': 5.397489149106711e-07, 'min_child_weight': 6}. Best is trial 0 with value: 0.9154228855721394.
[I 2026-03-24 15:38:32,383] Trial 323 finished with value: 0.9154228855721394 and parameters: {'n_estimators': 214, 'max_depth': 28, 'learning_rate': 0.00215070446988095, 'reg_alpha': 0.3531716853830037, 'reg_lambda': 8.362073752074962e-05, 'min_child_weight': 4}. Best is trial 0 with value: 0.9154228855721394.
[I 2026-03-24 15:38:32,481] Trial 324 finished with value: 0.9154228855721394 and parameters: {'n_estimators': 677, 'max_depth': 46, 'learning_rate': 0.0014844814275503917, 'reg_alpha': 0.00023069670286651379, 'reg_lambda': 1.6140257423391808e-08, 'min_child_weight': 7}. Best is trial 0 with value: 0.9154228855721394.
[I 2026-03-24 15:38:32,565] Trial 325 finished with value: 0.9154228855721394 and parameters: {'n_estimators': 555, 'max_depth': 35, 'learning_rate': 0.003853138025449862, 'reg_alpha': 0.00016439983966396837, 'reg_lambda': 0.005206048155500215, 'min_child_weight': 5}. Best is trial 0 with value: 0.9154228855721394.
[I 2026-03-24 15:38:32,652] Trial 326 finished with value: 0.9154228855721394 and parameters: {'n_estimators': 582, 'max_depth': 26, 'learning_rate': 0.0010804386104735985, 'reg_alpha': 3.893034931078068e-07, 'reg_lambda': 2.9972016472712913e-07, 'min_child_weight': 6}. Best is trial 0 with value: 0.9154228855721394.
[I 2026-03-24 15:38:32,774] Trial 327 finished with value: 0.9154228855721394 and parameters: {'n_estimators': 906, 'max_depth': 38, 'learning_rate': 0.03931113293379445, 'reg_alpha': 0.0026834907886967617, 'reg_lambda': 4.15484359244322e-06, 'min_child_weight': 7}. Best is trial 0 with value: 0.9154228855721394.
[I 2026-03-24 15:38:32,841] Trial 328 finished with value: 0.9154228855721394 and parameters: {'n_estimators': 398, 'max_depth': 20, 'learning_rate': 0.020219468831648043, 'reg_alpha': 0.0004034517060237573, 'reg_lambda': 2.514152434736565e-05, 'min_child_weight': 3}. Best is trial 0 with value: 0.9154228855721394.
[I 2026-03-24 15:38:32,959] Trial 329 finished with value: 0.9154228855721394 and parameters: {'n_estimators': 875, 'max_depth': 23, 'learning_rate': 0.08060678352878008, 'reg_alpha': 2.205419783306307e-05, 'reg_lambda': 1.7173386800805046e-05, 'min_child_weight': 8}. Best is trial 0 with value: 0.9154228855721394.
[I 2026-03-24 15:38:33,049] Trial 330 finished with value: 0.9154228855721394 and parameters: {'n_estimators': 625, 'max_depth': 29, 'learning_rate': 0.003010085317436616, 'reg_alpha': 0.019167004939746806, 'reg_lambda': 1.0631420124899453e-08, 'min_child_weight': 9}. Best is trial 0 with value: 0.9154228855721394.
[I 2026-03-24 15:38:33,124] Trial 331 finished with value: 0.9154228855721394 and parameters: {'n_estimators': 477, 'max_depth': 16, 'learning_rate': 0.0016579593506464948, 'reg_alpha': 0.05075715565067624, 'reg_lambda': 1.0413391914598413e-06, 'min_child_weight': 4}. Best is trial 0 with value: 0.9154228855721394.
[I 2026-03-24 15:38:33,176] Trial 332 finished with value: 0.9154228855721394 and parameters: {'n_estimators': 256, 'max_depth': 47, 'learning_rate': 0.0012345578441147625, 'reg_alpha': 0.16497764356970165, 'reg_lambda': 5.6900415687683044e-08, 'min_child_weight': 10}. Best is trial 0 with value: 0.9154228855721394.
[I 2026-03-24 15:38:33,297] Trial 333 finished with value: 0.9154228855721394 and parameters: {'n_estimators': 924, 'max_depth': 22, 'learning_rate': 0.0013524871648795409, 'reg_alpha': 9.75369426683839e-06, 'reg_lambda': 0.11045588655865839, 'min_child_weight': 6}. Best is trial 0 with value: 0.9154228855721394.
[I 2026-03-24 15:38:33,364] Trial 334 finished with value: 0.9154228855721394 and parameters: {'n_estimators': 382, 'max_depth': 32, 'learning_rate': 0.04649617018575276, 'reg_alpha': 0.007428716326636106, 'reg_lambda': 9.344983687511852e-08, 'min_child_weight': 7}. Best is trial 0 with value: 0.9154228855721394.
[I 2026-03-24 15:38:33,444] Trial 335 finished with value: 0.9154228855721394 and parameters: {'n_estimators': 511, 'max_depth': 7, 'learning_rate': 0.013406953115856395, 'reg_alpha': 0.2705311189569867, 'reg_lambda': 3.326120403715977e-08, 'min_child_weight': 2}. Best is trial 0 with value: 0.9154228855721394.
[I 2026-03-24 15:38:33,501] Trial 336 finished with value: 0.9154228855721394 and parameters: {'n_estimators': 283, 'max_depth': 48, 'learning_rate': 0.011199873551258408, 'reg_alpha': 0.06700129961691155, 'reg_lambda': 0.0019271681361882193, 'min_child_weight': 1}. Best is trial 0 with value: 0.9154228855721394.
[I 2026-03-24 15:38:33,590] Trial 337 finished with value: 0.9154228855721394 and parameters: {'n_estimators': 587, 'max_depth': 19, 'learning_rate': 0.0022369049860368473, 'reg_alpha': 0.0018988119425049483, 'reg_lambda': 1.2732886636293316e-07, 'min_child_weight': 8}. Best is trial 0 with value: 0.9154228855721394.
[I 2026-03-24 15:38:33,685] Trial 338 finished with value: 0.9154228855721394 and parameters: {'n_estimators': 639, 'max_depth': 14, 'learning_rate': 0.004485055751950123, 'reg_alpha': 0.0008703443623179917, 'reg_lambda': 8.1746981527264e-06, 'min_child_weight': 3}. Best is trial 0 with value: 0.9154228855721394.
[I 2026-03-24 15:38:33,769] Trial 339 finished with value: 0.9154228855721394 and parameters: {'n_estimators': 544, 'max_depth': 34, 'learning_rate': 0.03562033507809121, 'reg_alpha': 2.4319412624287028e-06, 'reg_lambda': 0.0007226846674480601, 'min_child_weight': 5}. Best is trial 0 with value: 0.9154228855721394.
[I 2026-03-24 15:38:33,898] Trial 340 finished with value: 0.9154228855721394 and parameters: {'n_estimators': 947, 'max_depth': 30, 'learning_rate': 0.005605188855643681, 'reg_alpha': 0.009700361790720143, 'reg_lambda': 7.145130166414368e-07, 'min_child_weight': 7}. Best is trial 0 with value: 0.9154228855721394.
[I 2026-03-24 15:38:33,999] Trial 341 finished with value: 0.9154228855721394 and parameters: {'n_estimators': 698, 'max_depth': 27, 'learning_rate': 0.0027603428003085215, 'reg_alpha': 9.680767535941784e-05, 'reg_lambda': 2.0823646279559102e-07, 'min_child_weight': 7}. Best is trial 0 with value: 0.9154228855721394.
[I 2026-03-24 15:38:34,115] Trial 342 finished with value: 0.9154228855721394 and parameters: {'n_estimators': 839, 'max_depth': 24, 'learning_rate': 0.0019547206999242037, 'reg_alpha': 2.60268256794832e-07, 'reg_lambda': 1.4832465554106992e-06, 'min_child_weight': 8}. Best is trial 0 with value: 0.9154228855721394.
[I 2026-03-24 15:38:34,180] Trial 343 finished with value: 0.9154228855721394 and parameters: {'n_estimators': 361, 'max_depth': 45, 'learning_rate': 0.061199074465709845, 'reg_alpha': 0.9177045999797603, 'reg_lambda': 0.000439056974473072, 'min_child_weight': 6}. Best is trial 0 with value: 0.9154228855721394.
[I 2026-03-24 15:38:34,311] Trial 344 finished with value: 0.9154228855721394 and parameters: {'n_estimators': 980, 'max_depth': 39, 'learning_rate': 0.030368963643990343, 'reg_alpha': 2.6600898552172925e-08, 'reg_lambda': 5.275767051965036e-06, 'min_child_weight': 3}. Best is trial 0 with value: 0.9154228855721394.
[I 2026-03-24 15:38:34,370] Trial 345 finished with value: 0.9154228855721394 and parameters: {'n_estimators': 327, 'max_depth': 33, 'learning_rate': 0.0012224199788166178, 'reg_alpha': 0.126939554030354, 'reg_lambda': 5.5116122427216584e-05, 'min_child_weight': 9}. Best is trial 0 with value: 0.9154228855721394.
[I 2026-03-24 15:38:34,472] Trial 346 finished with value: 0.9154228855721394 and parameters: {'n_estimators': 720, 'max_depth': 25, 'learning_rate': 0.0015514500553214356, 'reg_alpha': 5.697985824734152e-06, 'reg_lambda': 3.08765481028877e-05, 'min_child_weight': 2}. Best is trial 0 with value: 0.9154228855721394.
[I 2026-03-24 15:38:34,581] Trial 347 finished with value: 0.9154228855721394 and parameters: {'n_estimators': 768, 'max_depth': 50, 'learning_rate': 0.024720002206029462, 'reg_alpha': 0.003915184508235401, 'reg_lambda': 0.0027354383841254, 'min_child_weight': 10}. Best is trial 0 with value: 0.9154228855721394.
[I 2026-03-24 15:38:34,651] Trial 348 finished with value: 0.9154228855721394 and parameters: {'n_estimators': 417, 'max_depth': 41, 'learning_rate': 0.05345701218361338, 'reg_alpha': 4.385991869981791e-05, 'reg_lambda': 0.00011148449668708334, 'min_child_weight': 4}. Best is trial 0 with value: 0.9154228855721394.
[I 2026-03-24 15:38:34,748] Trial 349 finished with value: 0.9154228855721394 and parameters: {'n_estimators': 658, 'max_depth': 27, 'learning_rate': 0.0010614992571629375, 'reg_alpha': 0.4598842014963716, 'reg_lambda': 3.0054890073284116e-07, 'min_child_weight': 5}. Best is trial 0 with value: 0.9154228855721394.
[I 2026-03-24 15:38:34,861] Trial 350 finished with value: 0.9154228855721394 and parameters: {'n_estimators': 814, 'max_depth': 13, 'learning_rate': 0.016901412345473654, 'reg_alpha': 1.6383384216537152e-06, 'reg_lambda': 2.0201715576121595e-08, 'min_child_weight': 1}. Best is trial 0 with value: 0.9154228855721394.
[I 2026-03-24 15:38:34,983] Trial 351 finished with value: 0.9154228855721394 and parameters: {'n_estimators': 887, 'max_depth': 49, 'learning_rate': 0.006546964499137151, 'reg_alpha': 0.0001825869445301893, 'reg_lambda': 0.014949316623809059, 'min_child_weight': 8}. Best is trial 0 with value: 0.9154228855721394.
[I 2026-03-24 15:38:35,070] Trial 352 finished with value: 0.9154228855721394 and parameters: {'n_estimators': 568, 'max_depth': 36, 'learning_rate': 0.007111267107726849, 'reg_alpha': 0.00038288101477702765, 'reg_lambda': 6.934119673178388e-08, 'min_child_weight': 6}. Best is trial 0 with value: 0.9154228855721394.
[I 2026-03-24 15:38:35,160] Trial 353 finished with value: 0.9154228855721394 and parameters: {'n_estimators': 608, 'max_depth': 17, 'learning_rate': 0.0024335986133870668, 'reg_alpha': 1.3121499572536415e-05, 'reg_lambda': 0.0002371715400684498, 'min_child_weight': 7}. Best is trial 0 with value: 0.9154228855721394.
[I 2026-03-24 15:38:35,230] Trial 354 finished with value: 0.9154228855721394 and parameters: {'n_estimators': 405, 'max_depth': 11, 'learning_rate': 0.0035284320721208993, 'reg_alpha': 0.19842392252055274, 'reg_lambda': 5.278330039836037e-07, 'min_child_weight': 8}. Best is trial 0 with value: 0.9154228855721394.
[I 2026-03-24 15:38:35,302] Trial 355 finished with value: 0.9154228855721394 and parameters: {'n_estimators': 459, 'max_depth': 28, 'learning_rate': 0.008151659827839376, 'reg_alpha': 0.0002846192900015947, 'reg_lambda': 1.9381432918229155e-06, 'min_child_weight': 3}. Best is trial 0 with value: 0.9154228855721394.
[I 2026-03-24 15:38:35,374] Trial 356 finished with value: 0.9154228855721394 and parameters: {'n_estimators': 438, 'max_depth': 25, 'learning_rate': 0.0010056447009765578, 'reg_alpha': 0.00012236493813008403, 'reg_lambda': 1.369025692967183e-07, 'min_child_weight': 10}. Best is trial 0 with value: 0.9154228855721394.
[I 2026-03-24 15:38:35,492] Trial 357 finished with value: 0.9154228855721394 and parameters: {'n_estimators': 860, 'max_depth': 30, 'learning_rate': 0.004113714882461476, 'reg_alpha': 1.3701130985811396e-08, 'reg_lambda': 3.5663039496406105e-06, 'min_child_weight': 7}. Best is trial 0 with value: 0.9154228855721394.
[I 2026-03-24 15:38:35,569] Trial 358 finished with value: 0.9154228855721394 and parameters: {'n_estimators': 487, 'max_depth': 23, 'learning_rate': 0.01020313662364789, 'reg_alpha': 4.4932504816900516e-06, 'reg_lambda': 1.1989352020766257e-05, 'min_child_weight': 2}. Best is trial 0 with value: 0.9154228855721394.
[I 2026-03-24 15:38:35,651] Trial 359 finished with value: 0.9154228855721394 and parameters: {'n_estimators': 530, 'max_depth': 26, 'learning_rate': 0.001717376388033887, 'reg_alpha': 7.698618889891165e-05, 'reg_lambda': 4.6360090485709956e-08, 'min_child_weight': 9}. Best is trial 0 with value: 0.9154228855721394.
[I 2026-03-24 15:38:35,714] Trial 360 finished with value: 0.9154228855721394 and parameters: {'n_estimators': 345, 'max_depth': 43, 'learning_rate': 0.0011373135623196984, 'reg_alpha': 0.03896761940891388, 'reg_lambda': 1.0516565723991798e-06, 'min_child_weight': 5}. Best is trial 0 with value: 0.9154228855721394.
