[I 2026-03-24 15:42:17,299] Trial 441 finished with value: 0.92 and parameters: {'n_estimators': 1000, 'max_depth': 33, 'learning_rate': 0.0033897891296550717, 'reg_alpha': 0.03844846477702845, 'reg_lambda': 1.6640695622664383e-05, 'min_child_weight': 1}. Best is trial 112 with value: 0.92.
[I 2026-03-24 15:42:17,557] Trial 442 finished with value: 0.92 and parameters: {'n_estimators': 962, 'max_depth': 30, 'learning_rate': 0.004239762123272479, 'reg_alpha': 0.07822455988891727, 'reg_lambda': 4.4244738120818676e-05, 'min_child_weight': 1}. Best is trial 112 with value: 0.92.
[I 2026-03-24 15:42:17,838] Trial 443 finished with value: 0.92 and parameters: {'n_estimators': 985, 'max_depth': 34, 'learning_rate': 0.002919639453614868, 'reg_alpha': 0.021658205947590766, 'reg_lambda': 6.138555035233996e-05, 'min_child_weight': 1}. Best is trial 112 with value: 0.92.
[I 2026-03-24 15:42:18,095] Trial 444 finished with value: 0.92 and parameters: {'n_estimators': 943, 'max_depth': 32, 'learning_rate': 0.003642646207571097, 'reg_alpha': 0.05592751185949556, 'reg_lambda': 3.002341762054645e-05, 'min_child_weight': 1}. Best is trial 112 with value: 0.92.
[I 2026-03-24 15:42:18,290] Trial 445 finished with value: 0.92 and parameters: {'n_estimators': 671, 'max_depth': 31, 'learning_rate': 0.005677709612371186, 'reg_alpha': 0.031084587792135018, 'reg_lambda': 7.571889691641337e-05, 'min_child_weight': 1}. Best is trial 112 with value: 0.92.
[I 2026-03-24 15:42:18,580] Trial 446 finished with value: 0.92 and parameters: {'n_estimators': 974, 'max_depth': 34, 'learning_rate': 0.004091292076577226, 'reg_alpha': 1.2772606436056555e-06, 'reg_lambda': 2.272287336007295e-05, 'min_child_weight': 1}. Best is trial 112 with value: 0.92.
[I 2026-03-24 15:42:18,874] Trial 447 finished with value: 0.92 and parameters: {'n_estimators': 986, 'max_depth': 33, 'learning_rate': 0.0031015975879132573, 'reg_alpha': 3.378800196355563e-05, 'reg_lambda': 0.0001458427287664831, 'min_child_weight': 1}. Best is trial 112 with value: 0.92.
[I 2026-03-24 15:42:19,029] Trial 448 finished with value: 0.92 and parameters: {'n_estimators': 498, 'max_depth': 30, 'learning_rate': 0.004569912303363981, 'reg_alpha': 0.12632650219322575, 'reg_lambda': 1.0007555351925937e-05, 'min_child_weight': 1}. Best is trial 112 with value: 0.92.
[I 2026-03-24 15:42:19,278] Trial 449 finished with value: 0.92 and parameters: {'n_estimators': 909, 'max_depth': 32, 'learning_rate': 0.003799506717539934, 'reg_alpha': 0.08337666286508097, 'reg_lambda': 4.7157716089932945e-05, 'min_child_weight': 1}. Best is trial 112 with value: 0.92.
[I 2026-03-24 15:42:19,363] Trial 450 finished with value: 0.9154228855721394 and parameters: {'n_estimators': 218, 'max_depth': 33, 'learning_rate': 0.003397502963717043, 'reg_alpha': 0.04321928555292792, 'reg_lambda': 3.818287627178315e-05, 'min_child_weight': 1}. Best is trial 112 with value: 0.92.
[I 2026-03-24 15:42:19,628] Trial 451 finished with value: 0.92 and parameters: {'n_estimators': 963, 'max_depth': 36, 'learning_rate': 0.0042213587807470275, 'reg_alpha': 0.02568426308967037, 'reg_lambda': 9.010696397369078e-05, 'min_child_weight': 1}. Best is trial 112 with value: 0.92.
[I 2026-03-24 15:42:19,897] Trial 452 finished with value: 0.92 and parameters: {'n_estimators': 952, 'max_depth': 31, 'learning_rate': 0.0035177808159144934, 'reg_alpha': 0.01517050571270913, 'reg_lambda': 2.4954815514246558e-05, 'min_child_weight': 1}. Best is trial 112 with value: 0.92.
[I 2026-03-24 15:42:20,061] Trial 453 finished with value: 0.9154228855721394 and parameters: {'n_estimators': 987, 'max_depth': 35, 'learning_rate': 0.004886025072527532, 'reg_alpha': 0.06659087745522499, 'reg_lambda': 6.0854557054060266e-05, 'min_child_weight': 10}. Best is trial 112 with value: 0.92.
[I 2026-03-24 15:42:20,343] Trial 454 finished with value: 0.92 and parameters: {'n_estimators': 1000, 'max_depth': 29, 'learning_rate': 0.003932016911642323, 'reg_alpha': 0.03585874527705742, 'reg_lambda': 0.00011320921085322639, 'min_child_weight': 1}. Best is trial 112 with value: 0.92.
[I 2026-03-24 15:42:20,618] Trial 455 finished with value: 0.92 and parameters: {'n_estimators': 971, 'max_depth': 32, 'learning_rate': 0.0028808449893273093, 'reg_alpha': 0.05130611773411428, 'reg_lambda': 3.823679163424524e-05, 'min_child_weight': 1}. Best is trial 112 with value: 0.92.
[I 2026-03-24 15:42:20,808] Trial 456 finished with value: 0.9154228855721394 and parameters: {'n_estimators': 983, 'max_depth': 33, 'learning_rate': 0.0043803046648471095, 'reg_alpha': 0.6713721595904483, 'reg_lambda': 1.67468410047614e-05, 'min_child_weight': 2}. Best is trial 112 with value: 0.92.
[I 2026-03-24 15:42:21,068] Trial 457 finished with value: 0.92 and parameters: {'n_estimators': 934, 'max_depth': 31, 'learning_rate': 0.0031674398170974875, 'reg_alpha': 0.11048723803856977, 'reg_lambda': 6.483079425612132e-05, 'min_child_weight': 1}. Best is trial 112 with value: 0.92.
[I 2026-03-24 15:42:21,337] Trial 458 finished with value: 0.92 and parameters: {'n_estimators': 961, 'max_depth': 30, 'learning_rate': 0.0037535056419537973, 'reg_alpha': 0.019894142068255065, 'reg_lambda': 0.00020366726626792198, 'min_child_weight': 1}. Best is trial 112 with value: 0.92.
[I 2026-03-24 15:42:21,616] Trial 459 finished with value: 0.92 and parameters: {'n_estimators': 974, 'max_depth': 34, 'learning_rate': 0.00352558885388681, 'reg_alpha': 0.03575493073033691, 'reg_lambda': 3.1370106284152025e-05, 'min_child_weight': 1}. Best is trial 112 with value: 0.92.
[I 2026-03-24 15:42:21,901] Trial 460 finished with value: 0.92 and parameters: {'n_estimators': 1000, 'max_depth': 31, 'learning_rate': 0.0026713226788652733, 'reg_alpha': 0.07774337901168878, 'reg_lambda': 4.3758759307315886e-05, 'min_child_weight': 1}. Best is trial 112 with value: 0.92.
[I 2026-03-24 15:42:22,160] Trial 461 finished with value: 0.92 and parameters: {'n_estimators': 948, 'max_depth': 33, 'learning_rate': 0.004059239812669079, 'reg_alpha': 0.15166848670197414, 'reg_lambda': 7.791121095143567e-05, 'min_child_weight': 1}. Best is trial 112 with value: 0.92.
[I 2026-03-24 15:42:22,423] Trial 462 finished with value: 0.92 and parameters: {'n_estimators': 985, 'max_depth': 7, 'learning_rate': 0.004558365370182222, 'reg_alpha': 0.05364582636925246, 'reg_lambda': 2.3218541710503915e-05, 'min_child_weight': 1}. Best is trial 112 with value: 0.92.
[I 2026-03-24 15:42:22,701] Trial 463 finished with value: 0.92 and parameters: {'n_estimators': 968, 'max_depth': 29, 'learning_rate': 0.0032206730124653593, 'reg_alpha': 0.025090820999633168, 'reg_lambda': 0.00013445057185443462, 'min_child_weight': 1}. Best is trial 112 with value: 0.92.
[I 2026-03-24 15:42:22,936] Trial 464 finished with value: 0.914572864321608 and parameters: {'n_estimators': 988, 'max_depth': 32, 'learning_rate': 0.02105944726037976, 'reg_alpha': 0.041007427650279676, 'reg_lambda': 4.8610618896535166e-05, 'min_child_weight': 1}. Best is trial 112 with value: 0.92.
[I 2026-03-24 15:42:23,162] Trial 465 finished with value: 0.9154228855721394 and parameters: {'n_estimators': 957, 'max_depth': 32, 'learning_rate': 0.003843981669633242, 'reg_alpha': 0.06290287319966695, 'reg_lambda': 8.697085678730217e-05, 'min_child_weight': 2}. Best is trial 112 with value: 0.92.
[I 2026-03-24 15:42:23,387] Trial 466 finished with value: 0.914572864321608 and parameters: {'n_estimators': 975, 'max_depth': 28, 'learning_rate': 0.04381683383093801, 'reg_alpha': 0.09739680050509507, 'reg_lambda': 2.9851026827335945e-05, 'min_child_weight': 1}. Best is trial 112 with value: 0.92.
[I 2026-03-24 15:42:23,640] Trial 467 finished with value: 0.92 and parameters: {'n_estimators': 945, 'max_depth': 34, 'learning_rate': 0.005091006015947957, 'reg_alpha': 0.2293833173562908, 'reg_lambda': 1.2384653178571545e-05, 'min_child_weight': 1}. Best is trial 112 with value: 0.92.
[I 2026-03-24 15:42:23,912] Trial 468 finished with value: 0.92 and parameters: {'n_estimators': 988, 'max_depth': 30, 'learning_rate': 0.004267193600558995, 'reg_alpha': 0.03048672796698126, 'reg_lambda': 5.3247074298604304e-05, 'min_child_weight': 1}. Best is trial 112 with value: 0.92.
[I 2026-03-24 15:42:24,186] Trial 469 finished with value: 0.92 and parameters: {'n_estimators': 970, 'max_depth': 33, 'learning_rate': 0.0034251882642109613, 'reg_alpha': 0.010632791444755025, 'reg_lambda': 2.055939774702617e-05, 'min_child_weight': 1}. Best is trial 112 with value: 0.92.
[I 2026-03-24 15:42:24,442] Trial 470 finished with value: 0.92 and parameters: {'n_estimators': 929, 'max_depth': 31, 'learning_rate': 0.0037725910322857032, 'reg_alpha': 0.047818285387131544, 'reg_lambda': 3.6854765346420107e-05, 'min_child_weight': 1}. Best is trial 112 with value: 0.92.
[I 2026-03-24 15:42:24,737] Trial 471 finished with value: 0.92 and parameters: {'n_estimators': 999, 'max_depth': 32, 'learning_rate': 0.0024537514591755605, 'reg_alpha': 3.447306959962165e-07, 'reg_lambda': 6.395345881385574e-05, 'min_child_weight': 1}. Best is trial 112 with value: 0.92.
[I 2026-03-24 15:42:25,014] Trial 472 finished with value: 0.92 and parameters: {'n_estimators': 958, 'max_depth': 31, 'learning_rate': 0.002988068990047804, 'reg_alpha': 0.02030713900855951, 'reg_lambda': 0.00011531853222107854, 'min_child_weight': 1}. Best is trial 112 with value: 0.92.
[I 2026-03-24 15:42:25,118] Trial 473 finished with value: 0.9154228855721394 and parameters: {'n_estimators': 294, 'max_depth': 35, 'learning_rate': 0.00471052354628774, 'reg_alpha': 0.07307122208499794, 'reg_lambda': 0.00030724185112746834, 'min_child_weight': 1}. Best is trial 112 with value: 0.92.
[I 2026-03-24 15:42:25,267] Trial 474 finished with value: 0.9154228855721394 and parameters: {'n_estimators': 551, 'max_depth': 32, 'learning_rate': 0.009196480433443163, 'reg_alpha': 0.03153615345649643, 'reg_lambda': 4.6692120320869146e-05, 'min_child_weight': 2}. Best is trial 112 with value: 0.92.
[I 2026-03-24 15:42:25,530] Trial 475 finished with value: 0.914572864321608 and parameters: {'n_estimators': 975, 'max_depth': 33, 'learning_rate': 0.005527325369351551, 'reg_alpha': 0.050712024099677525, 'reg_lambda': 1.7684586027195062e-05, 'min_child_weight': 1}. Best is trial 112 with value: 0.92.
[I 2026-03-24 15:42:25,803] Trial 476 finished with value: 0.92 and parameters: {'n_estimators': 986, 'max_depth': 30, 'learning_rate': 0.004173737565418555, 'reg_alpha': 0.015160027524094557, 'reg_lambda': 0.0001766609483855414, 'min_child_weight': 1}. Best is trial 112 with value: 0.92.
[I 2026-03-24 15:42:26,025] Trial 477 finished with value: 0.92 and parameters: {'n_estimators': 760, 'max_depth': 34, 'learning_rate': 0.003463951826386318, 'reg_alpha': 0.120864499020504, 'reg_lambda': 2.9911273216992113e-05, 'min_child_weight': 1}. Best is trial 112 with value: 0.92.
[I 2026-03-24 15:42:26,297] Trial 478 finished with value: 0.92 and parameters: {'n_estimators': 1000, 'max_depth': 32, 'learning_rate': 0.003939762371359506, 'reg_alpha': 0.037800783809036426, 'reg_lambda': 8.144881176877367e-05, 'min_child_weight': 1}. Best is trial 112 with value: 0.92.
[I 2026-03-24 15:42:26,574] Trial 479 finished with value: 0.9154228855721394 and parameters: {'n_estimators': 958, 'max_depth': 31, 'learning_rate': 0.0018722518555714922, 'reg_alpha': 0.06965009791521766, 'reg_lambda': 6.0958124145567275e-05, 'min_child_weight': 1}. Best is trial 112 with value: 0.92.
[I 2026-03-24 15:42:26,853] Trial 480 finished with value: 0.92 and parameters: {'n_estimators': 975, 'max_depth': 29, 'learning_rate': 0.0031855222594906266, 'reg_alpha': 0.02398121568274543, 'reg_lambda': 3.870996927567785e-05, 'min_child_weight': 1}. Best is trial 112 with value: 0.92.
[I 2026-03-24 15:42:27,133] Trial 481 finished with value: 0.92 and parameters: {'n_estimators': 947, 'max_depth': 33, 'learning_rate': 0.004553603407367406, 'reg_alpha': 0.0005541697358572039, 'reg_lambda': 2.5046931853516958e-05, 'min_child_weight': 1}. Best is trial 112 with value: 0.92.
[I 2026-03-24 15:42:27,399] Trial 482 finished with value: 0.92 and parameters: {'n_estimators': 984, 'max_depth': 30, 'learning_rate': 0.0036351189553355087, 'reg_alpha': 0.08703933790477993, 'reg_lambda': 0.00011489016208919488, 'min_child_weight': 1}. Best is trial 112 with value: 0.92.
[I 2026-03-24 15:42:27,630] Trial 483 finished with value: 0.9154228855721394 and parameters: {'n_estimators': 964, 'max_depth': 34, 'learning_rate': 0.004134610729467383, 'reg_alpha': 0.05170448152699348, 'reg_lambda': 5.256961949614789e-05, 'min_child_weight': 2}. Best is trial 112 with value: 0.92.
[I 2026-03-24 15:42:27,799] Trial 484 finished with value: 0.9154228855721394 and parameters: {'n_estimators': 987, 'max_depth': 32, 'learning_rate': 0.0028843383603758413, 'reg_alpha': 0.1656934693382516, 'reg_lambda': 2.2399686147982235e-06, 'min_child_weight': 6}. Best is trial 112 with value: 0.92.
[I 2026-03-24 15:42:28,082] Trial 485 finished with value: 0.92 and parameters: {'n_estimators': 1000, 'max_depth': 33, 'learning_rate': 0.00337103563046567, 'reg_alpha': 0.02971784950167382, 'reg_lambda': 1.4427808762165026e-05, 'min_child_weight': 1}. Best is trial 112 with value: 0.92.
[I 2026-03-24 15:42:28,336] Trial 486 finished with value: 0.92 and parameters: {'n_estimators': 920, 'max_depth': 31, 'learning_rate': 0.005255239607817978, 'reg_alpha': 0.3668433907016885, 'reg_lambda': 9.408075177353835e-05, 'min_child_weight': 1}. Best is trial 112 with value: 0.92.
[I 2026-03-24 15:42:28,623] Trial 487 finished with value: 0.92 and parameters: {'n_estimators': 971, 'max_depth': 27, 'learning_rate': 0.0037559960214459836, 'reg_alpha': 5.660487732427921e-08, 'reg_lambda': 3.460124805465593e-05, 'min_child_weight': 1}. Best is trial 112 with value: 0.92.
[I 2026-03-24 15:42:28,882] Trial 488 finished with value: 0.92 and parameters: {'n_estimators': 943, 'max_depth': 35, 'learning_rate': 0.004310568567067662, 'reg_alpha': 0.03882233845339511, 'reg_lambda': 2.5005787533563948e-05, 'min_child_weight': 1}. Best is trial 112 with value: 0.92.
[I 2026-03-24 15:42:29,166] Trial 489 finished with value: 0.914572864321608 and parameters: {'n_estimators': 976, 'max_depth': 32, 'learning_rate': 0.004902776854422295, 'reg_alpha': 1.830564484148153e-05, 'reg_lambda': 6.137222291183322e-05, 'min_child_weight': 1}. Best is trial 112 with value: 0.92.
[I 2026-03-24 15:42:29,402] Trial 490 finished with value: 0.9154228855721394 and parameters: {'n_estimators': 988, 'max_depth': 31, 'learning_rate': 0.0026317334233831157, 'reg_alpha': 0.060833301603549224, 'reg_lambda': 4.4229882108854764e-05, 'min_child_weight': 2}. Best is trial 112 with value: 0.92.
[I 2026-03-24 15:42:29,661] Trial 491 finished with value: 0.92 and parameters: {'n_estimators': 961, 'max_depth': 33, 'learning_rate': 0.003969821886474777, 'reg_alpha': 0.1048665335419778, 'reg_lambda': 0.0001514835315463104, 'min_child_weight': 1}. Best is trial 112 with value: 0.92.
[I 2026-03-24 15:42:29,923] Trial 492 finished with value: 0.92 and parameters: {'n_estimators': 899, 'max_depth': 30, 'learning_rate': 0.003216040916116529, 'reg_alpha': 0.02052167250942395, 'reg_lambda': 7.893501497232e-05, 'min_child_weight': 1}. Best is trial 112 with value: 0.92.
[I 2026-03-24 15:42:30,155] Trial 493 finished with value: 0.914572864321608 and parameters: {'n_estimators': 987, 'max_depth': 29, 'learning_rate': 0.029276363513419598, 'reg_alpha': 0.043463169718953025, 'reg_lambda': 9.49682073317782e-06, 'min_child_weight': 1}. Best is trial 112 with value: 0.92.
[I 2026-03-24 15:42:30,412] Trial 494 finished with value: 0.92 and parameters: {'n_estimators': 935, 'max_depth': 32, 'learning_rate': 0.0036037173981086222, 'reg_alpha': 0.0716296821464418, 'reg_lambda': 1.8192961091693634e-05, 'min_child_weight': 1}. Best is trial 112 with value: 0.92.
[I 2026-03-24 15:42:30,702] Trial 495 finished with value: 0.92 and parameters: {'n_estimators': 1000, 'max_depth': 31, 'learning_rate': 0.002216339031869443, 'reg_alpha': 0.027961677497828633, 'reg_lambda': 3.361764452759685e-05, 'min_child_weight': 1}. Best is trial 112 with value: 0.92.
[I 2026-03-24 15:42:30,969] Trial 496 finished with value: 0.92 and parameters: {'n_estimators': 961, 'max_depth': 33, 'learning_rate': 0.004457981348829418, 'reg_alpha': 0.014732845570824011, 'reg_lambda': 6.394154889100383e-05, 'min_child_weight': 1}. Best is trial 112 with value: 0.92.
[I 2026-03-24 15:42:31,236] Trial 497 finished with value: 0.92 and parameters: {'n_estimators': 976, 'max_depth': 26, 'learning_rate': 0.003878699140735362, 'reg_alpha': 0.04882824952044727, 'reg_lambda': 0.00023890606008971843, 'min_child_weight': 1}. Best is trial 112 with value: 0.92.
[I 2026-03-24 15:42:31,373] Trial 498 finished with value: 0.9154228855721394 and parameters: {'n_estimators': 416, 'max_depth': 36, 'learning_rate': 0.0029799696927068947, 'reg_alpha': 0.09544015768587903, 'reg_lambda': 4.446162289320959e-05, 'min_child_weight': 1}. Best is trial 112 with value: 0.92.
[I 2026-03-24 15:42:31,605] Trial 499 finished with value: 0.9154228855721394 and parameters: {'n_estimators': 953, 'max_depth': 34, 'learning_rate': 0.006267502817685558, 'reg_alpha': 0.032840043436462574, 'reg_lambda': 2.5110942166601252e-05, 'min_child_weight': 2}. Best is trial 112 with value: 0.92.
[I 2026-03-24 15:42:31,769] Trial 500 finished with value: 0.9154228855721394 and parameters: {'n_estimators': 1000, 'max_depth': 32, 'learning_rate': 0.0034188122066097586, 'reg_alpha': 0.007404753420057875, 'reg_lambda': 5.7594163115578905e-06, 'min_child_weight': 3}. Best is trial 112 with value: 0.92.
[I 2026-03-24 15:42:32,028] Trial 501 finished with value: 0.92 and parameters: {'n_estimators': 973, 'max_depth': 33, 'learning_rate': 0.004779190658301553, 'reg_alpha': 0.061786278692527626, 'reg_lambda': 0.00010097126061633344, 'min_child_weight': 1}. Best is trial 112 with value: 0.92.
[I 2026-03-24 15:42:32,293] Trial 502 finished with value: 0.92 and parameters: {'n_estimators': 985, 'max_depth': 31, 'learning_rate': 0.004145418963483192, 'reg_alpha': 0.1443988313316961, 'reg_lambda': 7.402392227563693e-05, 'min_child_weight': 1}. Best is trial 112 with value: 0.92.
[I 2026-03-24 15:42:32,566] Trial 503 finished with value: 0.92 and parameters: {'n_estimators': 964, 'max_depth': 32, 'learning_rate': 0.0035993357294454333, 'reg_alpha': 0.024630984424085966, 'reg_lambda': 3.8889151724841255e-05, 'min_child_weight': 1}. Best is trial 112 with value: 0.92.
[I 2026-03-24 15:42:32,713] Trial 504 finished with value: 0.9154228855721394 and parameters: {'n_estimators': 877, 'max_depth': 34, 'learning_rate': 0.0045751228966944115, 'reg_alpha': 0.03977439651301805, 'reg_lambda': 5.429588217216434e-05, 'min_child_weight': 7}. Best is trial 112 with value: 0.92.
[I 2026-03-24 15:42:32,932] Trial 505 finished with value: 0.92 and parameters: {'n_estimators': 713, 'max_depth': 30, 'learning_rate': 0.0032307956192355715, 'reg_alpha': 1.5564318822249086e-08, 'reg_lambda': 0.00013912577456930538, 'min_child_weight': 1}. Best is trial 112 with value: 0.92.
[I 2026-03-24 15:42:33,188] Trial 506 finished with value: 0.92 and parameters: {'n_estimators': 945, 'max_depth': 31, 'learning_rate': 0.003957904435875948, 'reg_alpha': 0.07511095521281178, 'reg_lambda': 2.2871004930551927e-05, 'min_child_weight': 1}. Best is trial 112 with value: 0.92.
[I 2026-03-24 15:42:33,464] Trial 507 finished with value: 0.92 and parameters: {'n_estimators': 984, 'max_depth': 32, 'learning_rate': 0.0036806835538986745, 'reg_alpha': 0.02004397906478702, 'reg_lambda': 1.5273840174444276e-05, 'min_child_weight': 1}. Best is trial 112 with value: 0.92.
[I 2026-03-24 15:42:33,719] Trial 508 finished with value: 0.914572864321608 and parameters: {'n_estimators': 1000, 'max_depth': 33, 'learning_rate': 0.011466078673448562, 'reg_alpha': 0.0010144019978186117, 'reg_lambda': 3.353374309966475e-05, 'min_child_weight': 1}. Best is trial 112 with value: 0.92.
[I 2026-03-24 15:42:33,997] Trial 509 finished with value: 0.92 and parameters: {'n_estimators': 971, 'max_depth': 35, 'learning_rate': 0.0027850819341728745, 'reg_alpha': 0.04860891863378636, 'reg_lambda': 8.58540540970911e-05, 'min_child_weight': 1}. Best is trial 112 with value: 0.92.
[I 2026-03-24 15:42:34,255] Trial 510 finished with value: 0.92 and parameters: {'n_estimators': 953, 'max_depth': 28, 'learning_rate': 0.004363178484461704, 'reg_alpha': 0.10374283607718789, 'reg_lambda': 4.899242881516421e-05, 'min_child_weight': 1}. Best is trial 112 with value: 0.92.
[I 2026-03-24 15:42:34,508] Trial 511 finished with value: 0.92 and parameters: {'n_estimators': 931, 'max_depth': 29, 'learning_rate': 0.005214374987620079, 'reg_alpha': 0.24889501523829688, 'reg_lambda': 2.852276226589885e-05, 'min_child_weight': 1}. Best is trial 112 with value: 0.92.
[I 2026-03-24 15:42:34,784] Trial 512 finished with value: 0.92 and parameters: {'n_estimators': 978, 'max_depth': 30, 'learning_rate': 0.003384225159097834, 'reg_alpha': 0.031114692341543286, 'reg_lambda': 6.36889724084663e-05, 'min_child_weight': 1}. Best is trial 112 with value: 0.92.
[I 2026-03-24 15:42:35,020] Trial 513 finished with value: 0.9154228855721394 and parameters: {'n_estimators': 988, 'max_depth': 32, 'learning_rate': 0.004060536303776055, 'reg_alpha': 0.06539663531135877, 'reg_lambda': 0.00018026053438079424, 'min_child_weight': 2}. Best is trial 112 with value: 0.92.
[I 2026-03-24 15:42:35,299] Trial 514 finished with value: 0.92 and parameters: {'n_estimators': 962, 'max_depth': 31, 'learning_rate': 0.0030014264372499634, 'reg_alpha': 0.012762729328849046, 'reg_lambda': 0.00011913952864846033, 'min_child_weight': 1}. Best is trial 112 with value: 0.92.
