[I 2026-03-24 15:33:25,214] Trial 275 finished with value: 0.941747572815534 and parameters: {'n_estimators': 437, 'max_depth': 23, 'learning_rate': 0.0819832389114237, 'reg_alpha': 0.5582863452402861, 'reg_lambda': 3.244556550029608e-05, 'min_child_weight': 10}. Best is trial 0 with value: 0.941747572815534.
[I 2026-03-24 15:33:25,266] Trial 276 finished with value: 0.941747572815534 and parameters: {'n_estimators': 202, 'max_depth': 39, 'learning_rate': 0.005892392256710561, 'reg_alpha': 0.005280426173633077, 'reg_lambda': 4.4924535116954545e-07, 'min_child_weight': 6}. Best is trial 0 with value: 0.941747572815534.
[I 2026-03-24 15:33:25,403] Trial 277 finished with value: 0.941747572815534 and parameters: {'n_estimators': 811, 'max_depth': 30, 'learning_rate': 0.04012930843397724, 'reg_alpha': 4.737058896112337e-06, 'reg_lambda': 4.268714842173716e-06, 'min_child_weight': 4}. Best is trial 0 with value: 0.941747572815534.
[I 2026-03-24 15:33:25,553] Trial 278 finished with value: 0.941747572815534 and parameters: {'n_estimators': 919, 'max_depth': 34, 'learning_rate': 0.0015726121679235318, 'reg_alpha': 0.003373295663179846, 'reg_lambda': 7.133727947473716e-05, 'min_child_weight': 5}. Best is trial 0 with value: 0.941747572815534.
[I 2026-03-24 15:33:25,663] Trial 279 finished with value: 0.941747572815534 and parameters: {'n_estimators': 621, 'max_depth': 27, 'learning_rate': 0.007256840021564036, 'reg_alpha': 8.29803036541586e-06, 'reg_lambda': 0.0027246408551891738, 'min_child_weight': 9}. Best is trial 0 with value: 0.941747572815534.
[I 2026-03-24 15:33:25,738] Trial 280 finished with value: 0.941747572815534 and parameters: {'n_estimators': 369, 'max_depth': 28, 'learning_rate': 0.07458804050585256, 'reg_alpha': 0.0009627730053545822, 'reg_lambda': 1.5739934607382136e-07, 'min_child_weight': 10}. Best is trial 0 with value: 0.941747572815534.
[I 2026-03-24 15:33:25,865] Trial 281 finished with value: 0.941747572815534 and parameters: {'n_estimators': 750, 'max_depth': 25, 'learning_rate': 0.0013556669904003823, 'reg_alpha': 0.03971709427714648, 'reg_lambda': 9.346966052227364e-07, 'min_child_weight': 7}. Best is trial 0 with value: 0.941747572815534.
[I 2026-03-24 15:33:25,990] Trial 282 finished with value: 0.941747572815534 and parameters: {'n_estimators': 730, 'max_depth': 7, 'learning_rate': 0.04778204586150731, 'reg_alpha': 9.125444243399694e-05, 'reg_lambda': 0.03625271020492787, 'min_child_weight': 8}. Best is trial 0 with value: 0.941747572815534.
[I 2026-03-24 15:33:26,080] Trial 283 finished with value: 0.941747572815534 and parameters: {'n_estimators': 477, 'max_depth': 14, 'learning_rate': 0.06791467169390383, 'reg_alpha': 0.0019091081821622914, 'reg_lambda': 8.355127677747637e-06, 'min_child_weight': 10}. Best is trial 0 with value: 0.941747572815534.
[I 2026-03-24 15:33:26,228] Trial 284 finished with value: 0.941747572815534 and parameters: {'n_estimators': 897, 'max_depth': 41, 'learning_rate': 0.0851345740437652, 'reg_alpha': 0.012008306304491647, 'reg_lambda': 3.7684982658751457e-08, 'min_child_weight': 6}. Best is trial 0 with value: 0.941747572815534.
[I 2026-03-24 15:33:26,299] Trial 285 finished with value: 0.941747572815534 and parameters: {'n_estimators': 339, 'max_depth': 45, 'learning_rate': 0.014965744180090508, 'reg_alpha': 0.021060581997029933, 'reg_lambda': 6.838265008713494e-08, 'min_child_weight': 9}. Best is trial 0 with value: 0.941747572815534.
[I 2026-03-24 15:33:26,458] Trial 286 finished with value: 0.941747572815534 and parameters: {'n_estimators': 958, 'max_depth': 32, 'learning_rate': 0.009280888607058054, 'reg_alpha': 0.0006705298580922273, 'reg_lambda': 0.0004752208375295382, 'min_child_weight': 2}. Best is trial 0 with value: 0.941747572815534.
[I 2026-03-24 15:33:26,600] Trial 287 finished with value: 0.941747572815534 and parameters: {'n_estimators': 846, 'max_depth': 19, 'learning_rate': 0.001002280484959502, 'reg_alpha': 0.0002257129408917668, 'reg_lambda': 0.0009128755426447196, 'min_child_weight': 5}. Best is trial 0 with value: 0.941747572815534.
[I 2026-03-24 15:33:26,764] Trial 288 finished with value: 0.941747572815534 and parameters: {'n_estimators': 1000, 'max_depth': 36, 'learning_rate': 0.03475597458816039, 'reg_alpha': 0.002655595606737471, 'reg_lambda': 0.001513895832567149, 'min_child_weight': 7}. Best is trial 0 with value: 0.941747572815534.
[I 2026-03-24 15:33:26,858] Trial 289 finished with value: 0.941747572815534 and parameters: {'n_estimators': 501, 'max_depth': 22, 'learning_rate': 0.02635606069706716, 'reg_alpha': 3.800301177301525e-05, 'reg_lambda': 2.0990329719560415e-05, 'min_child_weight': 8}. Best is trial 0 with value: 0.941747572815534.
[I 2026-03-24 15:33:26,954] Trial 290 finished with value: 0.941747572815534 and parameters: {'n_estimators': 520, 'max_depth': 48, 'learning_rate': 0.0017272469108763745, 'reg_alpha': 1.1343445291667077e-06, 'reg_lambda': 0.21562969667494974, 'min_child_weight': 4}. Best is trial 0 with value: 0.941747572815534.
[I 2026-03-24 15:33:27,033] Trial 291 finished with value: 0.941747572815534 and parameters: {'n_estimators': 399, 'max_depth': 24, 'learning_rate': 0.003153116667294389, 'reg_alpha': 0.05194798546943034, 'reg_lambda': 1.1741324092694616e-05, 'min_child_weight': 10}. Best is trial 0 with value: 0.941747572815534.
[I 2026-03-24 15:33:27,242] Trial 292 finished with value: 0.9306930693069307 and parameters: {'n_estimators': 877, 'max_depth': 46, 'learning_rate': 0.05523175461213348, 'reg_alpha': 0.0003408035690763941, 'reg_lambda': 0.002137361565254216, 'min_child_weight': 1}. Best is trial 0 with value: 0.941747572815534.
[I 2026-03-24 15:33:27,324] Trial 293 finished with value: 0.941747572815534 and parameters: {'n_estimators': 422, 'max_depth': 26, 'learning_rate': 0.04094712717444219, 'reg_alpha': 0.004369384978117492, 'reg_lambda': 0.00851606714880261, 'min_child_weight': 10}. Best is trial 0 with value: 0.941747572815534.
[I 2026-03-24 15:33:27,483] Trial 294 finished with value: 0.941747572815534 and parameters: {'n_estimators': 974, 'max_depth': 13, 'learning_rate': 0.012532015953255989, 'reg_alpha': 0.09707494711072036, 'reg_lambda': 0.005195190844817336, 'min_child_weight': 9}. Best is trial 0 with value: 0.941747572815534.
[I 2026-03-24 15:33:27,550] Trial 295 finished with value: 0.941747572815534 and parameters: {'n_estimators': 304, 'max_depth': 38, 'learning_rate': 0.006679382034690824, 'reg_alpha': 4.624460034730614e-07, 'reg_lambda': 0.00010415819366496506, 'min_child_weight': 8}. Best is trial 0 with value: 0.941747572815534.
[I 2026-03-24 15:33:27,702] Trial 296 finished with value: 0.941747572815534 and parameters: {'n_estimators': 929, 'max_depth': 44, 'learning_rate': 0.045344167111492306, 'reg_alpha': 0.010946185332049505, 'reg_lambda': 3.5812276844974654e-05, 'min_child_weight': 3}. Best is trial 0 with value: 0.941747572815534.
[I 2026-03-24 15:33:27,819] Trial 297 finished with value: 0.941747572815534 and parameters: {'n_estimators': 669, 'max_depth': 50, 'learning_rate': 0.06232837749547861, 'reg_alpha': 0.00014628607000450835, 'reg_lambda': 9.91196706345168e-08, 'min_child_weight': 2}. Best is trial 0 with value: 0.941747572815534.
[I 2026-03-24 15:33:27,968] Trial 298 finished with value: 0.941747572815534 and parameters: {'n_estimators': 907, 'max_depth': 20, 'learning_rate': 0.0022080516027585583, 'reg_alpha': 0.19166565717317016, 'reg_lambda': 0.018027281868540832, 'min_child_weight': 6}. Best is trial 0 with value: 0.941747572815534.
[I 2026-03-24 15:33:28,114] Trial 299 finished with value: 0.941747572815534 and parameters: {'n_estimators': 890, 'max_depth': 10, 'learning_rate': 0.008226594307137338, 'reg_alpha': 0.007045676737762539, 'reg_lambda': 6.226692858983379e-06, 'min_child_weight': 7}. Best is trial 0 with value: 0.941747572815534.
[I 2026-03-24 15:33:28,218] Trial 300 finished with value: 0.941747572815534 and parameters: {'n_estimators': 585, 'max_depth': 25, 'learning_rate': 0.016075591458801487, 'reg_alpha': 2.490228837905374e-05, 'reg_lambda': 0.00030726615519145034, 'min_child_weight': 9}. Best is trial 0 with value: 0.941747572815534.
[I 2026-03-24 15:33:28,276] Trial 301 finished with value: 0.941747572815534 and parameters: {'n_estimators': 229, 'max_depth': 15, 'learning_rate': 0.02306767709936932, 'reg_alpha': 0.02881646434030519, 'reg_lambda': 0.1404411340318061, 'min_child_weight': 5}. Best is trial 0 with value: 0.941747572815534.
[I 2026-03-24 15:33:28,376] Trial 302 finished with value: 0.941747572815534 and parameters: {'n_estimators': 559, 'max_depth': 23, 'learning_rate': 0.01840778736256853, 'reg_alpha': 3.2710630592339355e-06, 'reg_lambda': 0.003551730971464171, 'min_child_weight': 6}. Best is trial 0 with value: 0.941747572815534.
[I 2026-03-24 15:33:28,446] Trial 303 finished with value: 0.941747572815534 and parameters: {'n_estimators': 322, 'max_depth': 17, 'learning_rate': 0.0312588495968997, 'reg_alpha': 3.663130945795754e-08, 'reg_lambda': 2.128827326739041e-07, 'min_child_weight': 10}. Best is trial 0 with value: 0.941747572815534.
[I 2026-03-24 15:33:28,544] Trial 304 finished with value: 0.941747572815534 and parameters: {'n_estimators': 542, 'max_depth': 12, 'learning_rate': 0.002719678828462071, 'reg_alpha': 0.0012113800926533745, 'reg_lambda': 2.3370332158721133e-06, 'min_child_weight': 10}. Best is trial 0 with value: 0.941747572815534.
[I 2026-03-24 15:33:28,636] Trial 305 finished with value: 0.941747572815534 and parameters: {'n_estimators': 492, 'max_depth': 30, 'learning_rate': 0.00241387136545312, 'reg_alpha': 1.8755505688840922e-07, 'reg_lambda': 5.136563219665638e-05, 'min_child_weight': 9}. Best is trial 0 with value: 0.941747572815534.
[I 2026-03-24 15:33:28,774] Trial 306 finished with value: 0.941747572815534 and parameters: {'n_estimators': 833, 'max_depth': 34, 'learning_rate': 0.051030986302706145, 'reg_alpha': 0.0002491691484257734, 'reg_lambda': 3.546495614504012e-07, 'min_child_weight': 3}. Best is trial 0 with value: 0.941747572815534.
[I 2026-03-24 15:33:28,929] Trial 307 finished with value: 0.941747572815534 and parameters: {'n_estimators': 947, 'max_depth': 42, 'learning_rate': 0.03600960367928084, 'reg_alpha': 1.1481447121858942e-05, 'reg_lambda': 1.4921238564763993e-06, 'min_child_weight': 4}. Best is trial 0 with value: 0.941747572815534.
[I 2026-03-24 15:33:29,063] Trial 308 finished with value: 0.941747572815534 and parameters: {'n_estimators': 783, 'max_depth': 8, 'learning_rate': 0.09049039004862043, 'reg_alpha': 8.900542340730239e-05, 'reg_lambda': 2.7254431754471043e-05, 'min_child_weight': 9}. Best is trial 0 with value: 0.941747572815534.
[I 2026-03-24 15:33:29,170] Trial 309 finished with value: 0.941747572815534 and parameters: {'n_estimators': 605, 'max_depth': 31, 'learning_rate': 0.06025809840576263, 'reg_alpha': 0.07000600807257393, 'reg_lambda': 0.4065555943713291, 'min_child_weight': 5}. Best is trial 0 with value: 0.941747572815534.
[I 2026-03-24 15:33:29,312] Trial 310 finished with value: 0.941747572815534 and parameters: {'n_estimators': 861, 'max_depth': 22, 'learning_rate': 0.007347005181771781, 'reg_alpha': 0.01835258676894928, 'reg_lambda': 0.0001350923872386468, 'min_child_weight': 8}. Best is trial 0 with value: 0.941747572815534.
[I 2026-03-24 15:33:29,399] Trial 311 finished with value: 0.941747572815534 and parameters: {'n_estimators': 453, 'max_depth': 21, 'learning_rate': 0.005355806244061787, 'reg_alpha': 0.003915312947242454, 'reg_lambda': 0.0007654760717311142, 'min_child_weight': 6}. Best is trial 0 with value: 0.941747572815534.
[I 2026-03-24 15:33:29,528] Trial 312 finished with value: 0.941747572815534 and parameters: {'n_estimators': 764, 'max_depth': 36, 'learning_rate': 0.0036438160534070733, 'reg_alpha': 0.007992478630134517, 'reg_lambda': 1.5592620502544917e-05, 'min_child_weight': 10}. Best is trial 0 with value: 0.941747572815534.
[I 2026-03-24 15:33:29,641] Trial 313 finished with value: 0.941747572815534 and parameters: {'n_estimators': 644, 'max_depth': 9, 'learning_rate': 0.07477453092612114, 'reg_alpha': 0.0005560487158181195, 'reg_lambda': 2.388035700852437e-08, 'min_child_weight': 7}. Best is trial 0 with value: 0.941747572815534.
[I 2026-03-24 15:33:29,718] Trial 314 finished with value: 0.941747572815534 and parameters: {'n_estimators': 383, 'max_depth': 28, 'learning_rate': 0.0020107424829395384, 'reg_alpha': 5.0869553835688726e-05, 'reg_lambda': 6.0616859406862e-07, 'min_child_weight': 8}. Best is trial 0 with value: 0.941747572815534.
[I 2026-03-24 15:33:29,839] Trial 315 finished with value: 0.941747572815534 and parameters: {'n_estimators': 705, 'max_depth': 47, 'learning_rate': 0.006308087770483469, 'reg_alpha': 4.9442864128221595e-06, 'reg_lambda': 9.845005686567273e-06, 'min_child_weight': 2}. Best is trial 0 with value: 0.941747572815534.
[I 2026-03-24 15:33:29,913] Trial 316 finished with value: 0.941747572815534 and parameters: {'n_estimators': 356, 'max_depth': 25, 'learning_rate': 0.001444492529077094, 'reg_alpha': 7.611808801232906e-08, 'reg_lambda': 0.09165052716908871, 'min_child_weight': 10}. Best is trial 0 with value: 0.941747572815534.
[I 2026-03-24 15:33:30,001] Trial 317 finished with value: 0.941747572815534 and parameters: {'n_estimators': 282, 'max_depth': 24, 'learning_rate': 0.0011964129467117752, 'reg_alpha': 0.00017686503496572097, 'reg_lambda': 4.7799111287535776e-06, 'min_child_weight': 1}. Best is trial 0 with value: 0.941747572815534.
[I 2026-03-24 15:33:30,138] Trial 318 finished with value: 0.941747572815534 and parameters: {'n_estimators': 815, 'max_depth': 6, 'learning_rate': 0.09965582009864468, 'reg_alpha': 0.3323573449822538, 'reg_lambda': 7.389511428586247e-05, 'min_child_weight': 6}. Best is trial 0 with value: 0.941747572815534.
[I 2026-03-24 15:33:30,283] Trial 319 finished with value: 0.941747572815534 and parameters: {'n_estimators': 880, 'max_depth': 16, 'learning_rate': 0.0030484393013997524, 'reg_alpha': 0.002622839257434915, 'reg_lambda': 1.4952577461399052e-08, 'min_child_weight': 9}. Best is trial 0 with value: 0.941747572815534.
[I 2026-03-24 15:33:30,431] Trial 320 finished with value: 0.941747572815534 and parameters: {'n_estimators': 907, 'max_depth': 29, 'learning_rate': 0.043729777822621316, 'reg_alpha': 0.005252858322175658, 'reg_lambda': 0.001927042326926939, 'min_child_weight': 7}. Best is trial 0 with value: 0.941747572815534.
[I 2026-03-24 15:33:30,484] Trial 321 finished with value: 0.941747572815534 and parameters: {'n_estimators': 200, 'max_depth': 49, 'learning_rate': 0.04938928683313403, 'reg_alpha': 0.0007628882246900764, 'reg_lambda': 0.00020675488011396429, 'min_child_weight': 10}. Best is trial 0 with value: 0.941747572815534.
[I 2026-03-24 15:33:30,568] Trial 322 finished with value: 0.941747572815534 and parameters: {'n_estimators': 435, 'max_depth': 40, 'learning_rate': 0.010081578753997388, 'reg_alpha': 0.014591203998060078, 'reg_lambda': 0.06495235838381562, 'min_child_weight': 5}. Best is trial 0 with value: 0.941747572815534.
[I 2026-03-24 15:33:30,695] Trial 323 finished with value: 0.941747572815534 and parameters: {'n_estimators': 747, 'max_depth': 27, 'learning_rate': 0.029201132662288916, 'reg_alpha': 1.937502567185869e-05, 'reg_lambda': 0.0011837445729632788, 'min_child_weight': 9}. Best is trial 0 with value: 0.941747572815534.
[I 2026-03-24 15:33:30,836] Trial 324 finished with value: 0.941747572815534 and parameters: {'n_estimators': 845, 'max_depth': 43, 'learning_rate': 0.06798775503254938, 'reg_alpha': 1.6398578588650582e-06, 'reg_lambda': 0.011323953506043857, 'min_child_weight': 7}. Best is trial 0 with value: 0.941747572815534.
[I 2026-03-24 15:33:30,995] Trial 325 finished with value: 0.941747572815534 and parameters: {'n_estimators': 981, 'max_depth': 37, 'learning_rate': 0.004866803500910344, 'reg_alpha': 0.0019090093678576, 'reg_lambda': 1.434272648285308e-05, 'min_child_weight': 8}. Best is trial 0 with value: 0.941747572815534.
[I 2026-03-24 15:33:31,082] Trial 326 finished with value: 0.941747572815534 and parameters: {'n_estimators': 470, 'max_depth': 20, 'learning_rate': 0.020790068866151545, 'reg_alpha': 0.00011595539874842683, 'reg_lambda': 0.7877435813212292, 'min_child_weight': 10}. Best is trial 0 with value: 0.941747572815534.
[I 2026-03-24 15:33:31,235] Trial 327 finished with value: 0.941747572815534 and parameters: {'n_estimators': 934, 'max_depth': 18, 'learning_rate': 0.03906229603849193, 'reg_alpha': 0.0003329404441010119, 'reg_lambda': 0.0073526932072275775, 'min_child_weight': 3}. Best is trial 0 with value: 0.941747572815534.
[I 2026-03-24 15:33:31,370] Trial 328 finished with value: 0.941747572815534 and parameters: {'n_estimators': 799, 'max_depth': 13, 'learning_rate': 0.056445051900063305, 'reg_alpha': 0.12554840839407122, 'reg_lambda': 0.029868003327516015, 'min_child_weight': 6}. Best is trial 0 with value: 0.941747572815534.
[I 2026-03-24 15:33:31,429] Trial 329 finished with value: 0.941747572815534 and parameters: {'n_estimators': 243, 'max_depth': 32, 'learning_rate': 0.011347598492247934, 'reg_alpha': 0.6518241911879574, 'reg_lambda': 7.4928492939079774e-06, 'min_child_weight': 9}. Best is trial 0 with value: 0.941747572815534.
[I 2026-03-24 15:33:31,555] Trial 330 finished with value: 0.941747572815534 and parameters: {'n_estimators': 731, 'max_depth': 22, 'learning_rate': 0.013980419773228947, 'reg_alpha': 0.031224977570764156, 'reg_lambda': 6.033537057887387e-08, 'min_child_weight': 4}. Best is trial 0 with value: 0.941747572815534.
[I 2026-03-24 15:33:31,713] Trial 331 finished with value: 0.941747572815534 and parameters: {'n_estimators': 962, 'max_depth': 23, 'learning_rate': 0.0033412621477162843, 'reg_alpha': 0.0014197068280876355, 'reg_lambda': 3.4665297859375923e-06, 'min_child_weight': 10}. Best is trial 0 with value: 0.941747572815534.
[I 2026-03-24 15:33:31,857] Trial 332 finished with value: 0.941747572815534 and parameters: {'n_estimators': 861, 'max_depth': 15, 'learning_rate': 0.08441992872012218, 'reg_alpha': 0.00048399714155403456, 'reg_lambda': 1.9767407871577772e-05, 'min_child_weight': 8}. Best is trial 0 with value: 0.941747572815534.
[I 2026-03-24 15:33:31,968] Trial 333 finished with value: 0.941747572815534 and parameters: {'n_estimators': 622, 'max_depth': 26, 'learning_rate': 0.004053314697715882, 'reg_alpha': 0.04904231671984107, 'reg_lambda': 1.3380363943833514e-07, 'min_child_weight': 9}. Best is trial 0 with value: 0.941747572815534.
[I 2026-03-24 15:33:32,040] Trial 334 finished with value: 0.941747572815534 and parameters: {'n_estimators': 344, 'max_depth': 11, 'learning_rate': 0.0026058097180073005, 'reg_alpha': 0.9468565664451833, 'reg_lambda': 0.0004491629907664124, 'min_child_weight': 5}. Best is trial 0 with value: 0.941747572815534.
[I 2026-03-24 15:33:32,102] Trial 335 finished with value: 0.941747572815534 and parameters: {'n_estimators': 262, 'max_depth': 18, 'learning_rate': 0.032855233308935104, 'reg_alpha': 2.470987008329713e-06, 'reg_lambda': 0.0035229622623213254, 'min_child_weight': 10}. Best is trial 0 with value: 0.941747572815534.
[I 2026-03-24 15:33:32,196] Trial 336 finished with value: 0.941747572815534 and parameters: {'n_estimators': 514, 'max_depth': 44, 'learning_rate': 0.008694879255675029, 'reg_alpha': 0.008533317153429405, 'reg_lambda': 4.1082189677795315e-08, 'min_child_weight': 6}. Best is trial 0 with value: 0.941747572815534.
[I 2026-03-24 15:33:32,343] Trial 337 finished with value: 0.941747572815534 and parameters: {'n_estimators': 893, 'max_depth': 38, 'learning_rate': 0.007674663749493389, 'reg_alpha': 0.0033351235889428664, 'reg_lambda': 0.002542450141527272, 'min_child_weight': 3}. Best is trial 0 with value: 0.941747572815534.
[I 2026-03-24 15:33:32,442] Trial 338 finished with value: 0.941747572815534 and parameters: {'n_estimators': 537, 'max_depth': 41, 'learning_rate': 0.0018694301060529375, 'reg_alpha': 7.242394837935439e-05, 'reg_lambda': 0.0001443994835612412, 'min_child_weight': 2}. Best is trial 0 with value: 0.941747572815534.
[I 2026-03-24 15:33:32,522] Trial 339 finished with value: 0.941747572815534 and parameters: {'n_estimators': 391, 'max_depth': 35, 'learning_rate': 0.016128435495591675, 'reg_alpha': 7.178071961109268e-06, 'reg_lambda': 0.0013637159426487873, 'min_child_weight': 7}. Best is trial 0 with value: 0.941747572815534.
[I 2026-03-24 15:33:32,675] Trial 340 finished with value: 0.941747572815534 and parameters: {'n_estimators': 922, 'max_depth': 21, 'learning_rate': 0.005709037472225425, 'reg_alpha': 3.439135800490803e-07, 'reg_lambda': 5.206225700043647e-05, 'min_child_weight': 8}. Best is trial 0 with value: 0.941747572815534.
[I 2026-03-24 15:33:32,851] Trial 341 finished with value: 0.9313725490196079 and parameters: {'n_estimators': 684, 'max_depth': 45, 'learning_rate': 0.025700257723304483, 'reg_alpha': 0.00018486700900360972, 'reg_lambda': 1.03917889155288e-06, 'min_child_weight': 1}. Best is trial 0 with value: 0.941747572815534.
[I 2026-03-24 15:33:32,956] Trial 342 finished with value: 0.941747572815534 and parameters: {'n_estimators': 582, 'max_depth': 27, 'learning_rate': 0.04608383581598688, 'reg_alpha': 0.004992490679769767, 'reg_lambda': 2.398442281458553e-05, 'min_child_weight': 10}. Best is trial 0 with value: 0.941747572815534.
[I 2026-03-24 15:33:33,095] Trial 343 finished with value: 0.941747572815534 and parameters: {'n_estimators': 833, 'max_depth': 30, 'learning_rate': 0.037477062209108104, 'reg_alpha': 3.2942780592106345e-05, 'reg_lambda': 1.140923746493603e-05, 'min_child_weight': 6}. Best is trial 0 with value: 0.941747572815534.
[I 2026-03-24 15:33:33,152] Trial 344 finished with value: 0.941747572815534 and parameters: {'n_estimators': 224, 'max_depth': 24, 'learning_rate': 0.06425483095135566, 'reg_alpha': 0.00026633740490539004, 'reg_lambda': 1.9997605088945033e-07, 'min_child_weight': 9}. Best is trial 0 with value: 0.941747572815534.
