[I 2026-03-24 15:34:22,552] Trial 760 finished with value: 0.941747572815534 and parameters: {'n_estimators': 599, 'max_depth': 38, 'learning_rate': 0.0032066587119757087, 'reg_alpha': 0.028879561025529726, 'reg_lambda': 0.012215401377477729, 'min_child_weight': 9}. Best is trial 0 with value: 0.941747572815534.
[I 2026-03-24 15:34:22,614] Trial 761 finished with value: 0.941747572815534 and parameters: {'n_estimators': 218, 'max_depth': 27, 'learning_rate': 0.011732747436518032, 'reg_alpha': 0.006873296309469493, 'reg_lambda': 1.4295206581863911e-05, 'min_child_weight': 8}. Best is trial 0 with value: 0.941747572815534.
[I 2026-03-24 15:34:22,737] Trial 762 finished with value: 0.941747572815534 and parameters: {'n_estimators': 668, 'max_depth': 13, 'learning_rate': 0.009720855162146262, 'reg_alpha': 0.17269284629315362, 'reg_lambda': 7.140219442902139e-06, 'min_child_weight': 10}. Best is trial 0 with value: 0.941747572815534.
[I 2026-03-24 15:34:22,873] Trial 763 finished with value: 0.941747572815534 and parameters: {'n_estimators': 766, 'max_depth': 18, 'learning_rate': 0.0338360134780953, 'reg_alpha': 7.369078633847768e-05, 'reg_lambda': 0.12292666130669759, 'min_child_weight': 6}. Best is trial 0 with value: 0.941747572815534.
[I 2026-03-24 15:34:23,015] Trial 764 finished with value: 0.941747572815534 and parameters: {'n_estimators': 812, 'max_depth': 50, 'learning_rate': 0.07963575592078934, 'reg_alpha': 4.03777083045145e-06, 'reg_lambda': 1.3371398477492766e-06, 'min_child_weight': 10}. Best is trial 0 with value: 0.941747572815534.
[I 2026-03-24 15:34:23,170] Trial 765 finished with value: 0.941747572815534 and parameters: {'n_estimators': 901, 'max_depth': 15, 'learning_rate': 0.05452171858027808, 'reg_alpha': 1.3119892278925973e-06, 'reg_lambda': 8.069634759365936e-07, 'min_child_weight': 9}. Best is trial 0 with value: 0.941747572815534.
[I 2026-03-24 15:34:23,277] Trial 766 finished with value: 0.941747572815534 and parameters: {'n_estimators': 555, 'max_depth': 21, 'learning_rate': 0.0015882341810219416, 'reg_alpha': 0.0006539880592312579, 'reg_lambda': 3.88761932346451e-07, 'min_child_weight': 4}. Best is trial 0 with value: 0.941747572815534.
[I 2026-03-24 15:34:23,438] Trial 767 finished with value: 0.941747572815534 and parameters: {'n_estimators': 945, 'max_depth': 41, 'learning_rate': 0.046287807972533596, 'reg_alpha': 0.0001392568612944537, 'reg_lambda': 0.0015110225410387588, 'min_child_weight': 7}. Best is trial 0 with value: 0.941747572815534.
[I 2026-03-24 15:34:23,536] Trial 768 finished with value: 0.941747572815534 and parameters: {'n_estimators': 488, 'max_depth': 23, 'learning_rate': 0.003476032119184693, 'reg_alpha': 3.846395177520781e-05, 'reg_lambda': 2.0517043095360023e-07, 'min_child_weight': 8}. Best is trial 0 with value: 0.941747572815534.
[I 2026-03-24 15:34:23,726] Trial 769 finished with value: 0.941747572815534 and parameters: {'n_estimators': 713, 'max_depth': 47, 'learning_rate': 0.0029856728921726717, 'reg_alpha': 0.0029052195591699422, 'reg_lambda': 0.00064934351357517, 'min_child_weight': 1}. Best is trial 0 with value: 0.941747572815534.
[I 2026-03-24 15:34:23,810] Trial 770 finished with value: 0.941747572815534 and parameters: {'n_estimators': 384, 'max_depth': 25, 'learning_rate': 0.003973112454225395, 'reg_alpha': 0.012387781985176281, 'reg_lambda': 3.2527342750411734e-05, 'min_child_weight': 6}. Best is trial 0 with value: 0.941747572815534.
[I 2026-03-24 15:34:23,956] Trial 771 finished with value: 0.941747572815534 and parameters: {'n_estimators': 837, 'max_depth': 9, 'learning_rate': 0.0013843495593845864, 'reg_alpha': 4.0888314089645346e-07, 'reg_lambda': 0.002783277852778137, 'min_child_weight': 9}. Best is trial 0 with value: 0.941747572815534.
[I 2026-03-24 15:34:24,074] Trial 772 finished with value: 0.941747572815534 and parameters: {'n_estimators': 626, 'max_depth': 45, 'learning_rate': 0.002321044185435106, 'reg_alpha': 0.03642173029903441, 'reg_lambda': 0.001142254270018872, 'min_child_weight': 10}. Best is trial 0 with value: 0.941747572815534.
[I 2026-03-24 15:34:24,185] Trial 773 finished with value: 0.941747572815534 and parameters: {'n_estimators': 578, 'max_depth': 24, 'learning_rate': 0.0017600715507118685, 'reg_alpha': 0.004994192272470965, 'reg_lambda': 0.40956426602125456, 'min_child_weight': 7}. Best is trial 0 with value: 0.941747572815534.
[I 2026-03-24 15:34:24,337] Trial 774 finished with value: 0.941747572815534 and parameters: {'n_estimators': 879, 'max_depth': 12, 'learning_rate': 0.0644130044327586, 'reg_alpha': 0.019073905994013138, 'reg_lambda': 0.00035465613589650945, 'min_child_weight': 5}. Best is trial 0 with value: 0.941747572815534.
[I 2026-03-24 15:34:24,429] Trial 775 finished with value: 0.941747572815534 and parameters: {'n_estimators': 445, 'max_depth': 17, 'learning_rate': 0.013087101244201546, 'reg_alpha': 1.5812770213545548e-05, 'reg_lambda': 8.732268346762673e-06, 'min_child_weight': 2}. Best is trial 0 with value: 0.941747572815534.
[I 2026-03-24 15:34:24,506] Trial 776 finished with value: 0.941747572815534 and parameters: {'n_estimators': 322, 'max_depth': 26, 'learning_rate': 0.006144928485085725, 'reg_alpha': 6.613350737630463e-06, 'reg_lambda': 9.596473787272789e-05, 'min_child_weight': 3}. Best is trial 0 with value: 0.941747572815534.
[I 2026-03-24 15:34:24,577] Trial 777 finished with value: 0.941747572815534 and parameters: {'n_estimators': 278, 'max_depth': 22, 'learning_rate': 0.0390398514458631, 'reg_alpha': 0.008965724033701519, 'reg_lambda': 1.3786585429910732e-08, 'min_child_weight': 4}. Best is trial 0 with value: 0.941747572815534.
[I 2026-03-24 15:34:24,743] Trial 778 finished with value: 0.941747572815534 and parameters: {'n_estimators': 977, 'max_depth': 40, 'learning_rate': 0.007517678583340502, 'reg_alpha': 0.0020036927130181854, 'reg_lambda': 4.16948479506177e-05, 'min_child_weight': 8}. Best is trial 0 with value: 0.941747572815534.
[I 2026-03-24 15:34:24,839] Trial 779 finished with value: 0.941747572815534 and parameters: {'n_estimators': 470, 'max_depth': 34, 'learning_rate': 0.04945086643551454, 'reg_alpha': 0.0009731539216759645, 'reg_lambda': 1.0051387740075309e-08, 'min_child_weight': 9}. Best is trial 0 with value: 0.941747572815534.
[I 2026-03-24 15:34:24,997] Trial 780 finished with value: 0.941747572815534 and parameters: {'n_estimators': 918, 'max_depth': 19, 'learning_rate': 0.0019817403283073002, 'reg_alpha': 0.0005356221644311338, 'reg_lambda': 0.004273751718739779, 'min_child_weight': 6}. Best is trial 0 with value: 0.941747572815534.
[I 2026-03-24 15:34:25,070] Trial 781 finished with value: 0.941747572815534 and parameters: {'n_estimators': 294, 'max_depth': 27, 'learning_rate': 0.01560996309618427, 'reg_alpha': 5.6270972855687083e-05, 'reg_lambda': 2.478670816869136e-06, 'min_child_weight': 10}. Best is trial 0 with value: 0.941747572815534.
[I 2026-03-24 15:34:25,134] Trial 782 finished with value: 0.941747572815534 and parameters: {'n_estimators': 237, 'max_depth': 16, 'learning_rate': 0.055909222277948145, 'reg_alpha': 0.10369321680807114, 'reg_lambda': 0.00018368945734896635, 'min_child_weight': 9}. Best is trial 0 with value: 0.941747572815534.
[I 2026-03-24 15:34:25,297] Trial 783 finished with value: 0.941747572815534 and parameters: {'n_estimators': 957, 'max_depth': 49, 'learning_rate': 0.09904126996323674, 'reg_alpha': 0.00033479670354183666, 'reg_lambda': 1.1561355246777965e-05, 'min_child_weight': 7}. Best is trial 0 with value: 0.941747572815534.
[I 2026-03-24 15:34:25,386] Trial 784 finished with value: 0.941747572815534 and parameters: {'n_estimators': 421, 'max_depth': 29, 'learning_rate': 0.017703210720587965, 'reg_alpha': 0.0033113572048024164, 'reg_lambda': 2.0826108892349924e-05, 'min_child_weight': 10}. Best is trial 0 with value: 0.941747572815534.
[I 2026-03-24 15:34:25,526] Trial 785 finished with value: 0.941747572815534 and parameters: {'n_estimators': 790, 'max_depth': 7, 'learning_rate': 0.0011281240011492845, 'reg_alpha': 0.9974285824438761, 'reg_lambda': 2.148223043958527e-08, 'min_child_weight': 5}. Best is trial 0 with value: 0.941747572815534.
[I 2026-03-24 15:34:25,675] Trial 786 finished with value: 0.941747572815534 and parameters: {'n_estimators': 858, 'max_depth': 21, 'learning_rate': 0.04374913728422802, 'reg_alpha': 0.2518900707152886, 'reg_lambda': 1.1868107797411407e-07, 'min_child_weight': 6}. Best is trial 0 with value: 0.941747572815534.
[I 2026-03-24 15:34:25,777] Trial 787 finished with value: 0.941747572815534 and parameters: {'n_estimators': 500, 'max_depth': 24, 'learning_rate': 0.0697396816895012, 'reg_alpha': 0.00019685629957749617, 'reg_lambda': 6.927262514042246e-08, 'min_child_weight': 8}. Best is trial 0 with value: 0.941747572815534.
[I 2026-03-24 15:34:25,912] Trial 788 finished with value: 0.941747572815534 and parameters: {'n_estimators': 741, 'max_depth': 13, 'learning_rate': 0.004808328268976912, 'reg_alpha': 0.004585578703441995, 'reg_lambda': 6.3711053915501424e-06, 'min_child_weight': 10}. Best is trial 0 with value: 0.941747572815534.
[I 2026-03-24 15:34:25,995] Trial 789 finished with value: 0.941747572815534 and parameters: {'n_estimators': 365, 'max_depth': 23, 'learning_rate': 0.031134216174762162, 'reg_alpha': 0.06831531326931511, 'reg_lambda': 0.010175480444357905, 'min_child_weight': 8}. Best is trial 0 with value: 0.941747572815534.
[I 2026-03-24 15:34:26,177] Trial 790 finished with value: 0.9313725490196079 and parameters: {'n_estimators': 695, 'max_depth': 31, 'learning_rate': 0.022848077572491136, 'reg_alpha': 0.00010767958788606276, 'reg_lambda': 0.00027248259308688624, 'min_child_weight': 1}. Best is trial 0 with value: 0.941747572815534.
[I 2026-03-24 15:34:26,266] Trial 791 finished with value: 0.941747572815534 and parameters: {'n_estimators': 405, 'max_depth': 49, 'learning_rate': 0.0027442442248374332, 'reg_alpha': 1.371406725667022e-07, 'reg_lambda': 0.7027257710625339, 'min_child_weight': 2}. Best is trial 0 with value: 0.941747572815534.
[I 2026-03-24 15:34:26,428] Trial 792 finished with value: 0.941747572815534 and parameters: {'n_estimators': 930, 'max_depth': 45, 'learning_rate': 0.0921662494735825, 'reg_alpha': 2.4993126379677084e-06, 'reg_lambda': 0.00610601294154888, 'min_child_weight': 3}. Best is trial 0 with value: 0.941747572815534.
[I 2026-03-24 15:34:26,575] Trial 793 finished with value: 0.941747572815534 and parameters: {'n_estimators': 823, 'max_depth': 46, 'learning_rate': 0.036701705856221505, 'reg_alpha': 0.007225563678242449, 'reg_lambda': 6.825649675294449e-05, 'min_child_weight': 5}. Best is trial 0 with value: 0.941747572815534.
[I 2026-03-24 15:34:26,732] Trial 794 finished with value: 0.941747572815534 and parameters: {'n_estimators': 898, 'max_depth': 20, 'learning_rate': 0.07637531709795117, 'reg_alpha': 2.7117044470895412e-05, 'reg_lambda': 0.0022981783375962185, 'min_child_weight': 9}. Best is trial 0 with value: 0.941747572815534.
[I 2026-03-24 15:34:26,841] Trial 795 finished with value: 0.941747572815534 and parameters: {'n_estimators': 544, 'max_depth': 43, 'learning_rate': 0.05952088636324257, 'reg_alpha': 0.05235150088697964, 'reg_lambda': 0.0001303107590234018, 'min_child_weight': 6}. Best is trial 0 with value: 0.941747572815534.
[I 2026-03-24 15:34:26,903] Trial 796 finished with value: 0.941747572815534 and parameters: {'n_estimators': 210, 'max_depth': 30, 'learning_rate': 0.008860380456352403, 'reg_alpha': 0.00028196234312488644, 'reg_lambda': 1.8351555030185476e-06, 'min_child_weight': 10}. Best is trial 0 with value: 0.941747572815534.
[I 2026-03-24 15:34:27,019] Trial 797 finished with value: 0.941747572815534 and parameters: {'n_estimators': 608, 'max_depth': 36, 'learning_rate': 0.006750545716700326, 'reg_alpha': 0.013987730757462178, 'reg_lambda': 0.001740811272448396, 'min_child_weight': 9}. Best is trial 0 with value: 0.941747572815534.
[I 2026-03-24 15:34:27,168] Trial 798 finished with value: 0.941747572815534 and parameters: {'n_estimators': 842, 'max_depth': 15, 'learning_rate': 0.0012781633839250624, 'reg_alpha': 0.0013723591411627736, 'reg_lambda': 3.000650256014481e-05, 'min_child_weight': 8}. Best is trial 0 with value: 0.941747572815534.
[I 2026-03-24 15:34:27,271] Trial 799 finished with value: 0.941747572815534 and parameters: {'n_estimators': 516, 'max_depth': 14, 'learning_rate': 0.019624404748444776, 'reg_alpha': 0.00014809436442383332, 'reg_lambda': 4.455230589689121e-06, 'min_child_weight': 7}. Best is trial 0 with value: 0.941747572815534.

=== Split 1, k=60 Optuna Results ===
  Validation F1: 0.9417

=== Test Set Evaluation ===

Performance on Test set:
Accuracy: 0.8000
Recall: 1.0000
F1 Score: 0.8889

--- 采样数: 80 ---
CVT算法收敛, 迭代次数: 11
[I 2026-03-24 15:34:27,631] A new study created in memory with name: no-name-49d80e95-e0e4-4d43-a03d-fec4d86626ff
[I 2026-03-24 15:34:27,814] Trial 0 finished with value: 0.941747572815534 and parameters: {'n_estimators': 805, 'max_depth': 42, 'learning_rate': 0.07676662790600197, 'reg_alpha': 0.0015769231767308956, 'reg_lambda': 0.10209083383118074, 'min_child_weight': 10}. Best is trial 0 with value: 0.941747572815534.
[I 2026-03-24 15:34:27,977] Trial 1 finished with value: 0.941747572815534 and parameters: {'n_estimators': 817, 'max_depth': 40, 'learning_rate': 0.0021753720953266616, 'reg_alpha': 0.0006477795889870009, 'reg_lambda': 1.8845489706332468e-08, 'min_child_weight': 3}. Best is trial 0 with value: 0.941747572815534.
[I 2026-03-24 15:34:28,024] Trial 2 finished with value: 0.941747572815534 and parameters: {'n_estimators': 257, 'max_depth': 10, 'learning_rate': 0.0058095193715746365, 'reg_alpha': 0.4012898370738, 'reg_lambda': 0.20201797619367576, 'min_child_weight': 5}. Best is trial 0 with value: 0.941747572815534.
[I 2026-03-24 15:34:28,138] Trial 3 finished with value: 0.941747572815534 and parameters: {'n_estimators': 700, 'max_depth': 22, 'learning_rate': 0.060911445511842584, 'reg_alpha': 1.7023514520518705e-07, 'reg_lambda': 4.684652401952553e-08, 'min_child_weight': 9}. Best is trial 0 with value: 0.941747572815534.
[I 2026-03-24 15:34:28,229] Trial 4 finished with value: 0.941747572815534 and parameters: {'n_estimators': 550, 'max_depth': 25, 'learning_rate': 0.04308345535711457, 'reg_alpha': 0.07355436852177889, 'reg_lambda': 1.8666071471086882e-08, 'min_child_weight': 9}. Best is trial 0 with value: 0.941747572815534.
[I 2026-03-24 15:34:28,306] Trial 5 finished with value: 0.941747572815534 and parameters: {'n_estimators': 463, 'max_depth': 32, 'learning_rate': 0.009729987555267496, 'reg_alpha': 3.060531592068284e-07, 'reg_lambda': 0.20613968725336562, 'min_child_weight': 5}. Best is trial 0 with value: 0.941747572815534.
[I 2026-03-24 15:34:28,383] Trial 6 finished with value: 0.941747572815534 and parameters: {'n_estimators': 455, 'max_depth': 22, 'learning_rate': 0.00797020264597396, 'reg_alpha': 0.001773321291640662, 'reg_lambda': 9.452655239396969e-05, 'min_child_weight': 3}. Best is trial 0 with value: 0.941747572815534.
[I 2026-03-24 15:34:28,459] Trial 7 finished with value: 0.941747572815534 and parameters: {'n_estimators': 454, 'max_depth': 33, 'learning_rate': 0.009492401790564832, 'reg_alpha': 7.164016256786356e-07, 'reg_lambda': 0.03090054769604321, 'min_child_weight': 10}. Best is trial 0 with value: 0.941747572815534.
[I 2026-03-24 15:34:28,596] Trial 8 finished with value: 0.9411764705882353 and parameters: {'n_estimators': 437, 'max_depth': 9, 'learning_rate': 0.014813328680864372, 'reg_alpha': 0.26854120424630357, 'reg_lambda': 6.110835932432641e-08, 'min_child_weight': 1}. Best is trial 0 with value: 0.941747572815534.
[I 2026-03-24 15:34:28,837] Trial 9 finished with value: 0.9411764705882353 and parameters: {'n_estimators': 924, 'max_depth': 35, 'learning_rate': 0.02888578214724454, 'reg_alpha': 0.056001223058636654, 'reg_lambda': 2.022467414837454e-08, 'min_child_weight': 1}. Best is trial 0 with value: 0.941747572815534.
[I 2026-03-24 15:34:28,998] Trial 10 finished with value: 0.941747572815534 and parameters: {'n_estimators': 959, 'max_depth': 50, 'learning_rate': 0.0014339488285646297, 'reg_alpha': 1.626918584562016e-05, 'reg_lambda': 0.0014105280364445955, 'min_child_weight': 7}. Best is trial 0 with value: 0.941747572815534.
[I 2026-03-24 15:34:29,136] Trial 11 finished with value: 0.941747572815534 and parameters: {'n_estimators': 817, 'max_depth': 45, 'learning_rate': 0.0018991357257385024, 'reg_alpha': 0.000525808638403158, 'reg_lambda': 5.751980012465463e-06, 'min_child_weight': 3}. Best is trial 0 with value: 0.941747572815534.
[I 2026-03-24 15:34:29,263] Trial 12 finished with value: 0.941747572815534 and parameters: {'n_estimators': 747, 'max_depth': 43, 'learning_rate': 0.08881232333891671, 'reg_alpha': 2.3479178561509515e-05, 'reg_lambda': 1.905809846725927e-06, 'min_child_weight': 7}. Best is trial 0 with value: 0.941747572815534.
[I 2026-03-24 15:34:29,407] Trial 13 finished with value: 0.941747572815534 and parameters: {'n_estimators': 848, 'max_depth': 42, 'learning_rate': 0.0030487988112225524, 'reg_alpha': 0.004631677821903262, 'reg_lambda': 0.004330268143527165, 'min_child_weight': 3}. Best is trial 0 with value: 0.941747572815534.
[I 2026-03-24 15:34:29,521] Trial 14 finished with value: 0.941747572815534 and parameters: {'n_estimators': 647, 'max_depth': 38, 'learning_rate': 0.001005232481363081, 'reg_alpha': 3.817249162441092e-05, 'reg_lambda': 8.325355992681204e-05, 'min_child_weight': 6}. Best is trial 0 with value: 0.941747572815534.
[I 2026-03-24 15:34:29,689] Trial 15 finished with value: 0.941747572815534 and parameters: {'n_estimators': 999, 'max_depth': 50, 'learning_rate': 0.0038380623110288816, 'reg_alpha': 0.009379760512347776, 'reg_lambda': 2.476951170277297e-06, 'min_child_weight': 4}. Best is trial 0 with value: 0.941747572815534.
[I 2026-03-24 15:34:29,832] Trial 16 finished with value: 0.941747572815534 and parameters: {'n_estimators': 809, 'max_depth': 40, 'learning_rate': 0.020377352490656232, 'reg_alpha': 0.0001886828098106624, 'reg_lambda': 0.9403036630321934, 'min_child_weight': 8}. Best is trial 0 with value: 0.941747572815534.
[I 2026-03-24 15:34:29,992] Trial 17 finished with value: 0.9365853658536586 and parameters: {'n_estimators': 594, 'max_depth': 29, 'learning_rate': 0.037850124730133536, 'reg_alpha': 2.9672935409332116e-06, 'reg_lambda': 0.0013272553263780577, 'min_child_weight': 2}. Best is trial 0 with value: 0.941747572815534.
[I 2026-03-24 15:34:30,138] Trial 18 finished with value: 0.941747572815534 and parameters: {'n_estimators': 866, 'max_depth': 16, 'learning_rate': 0.09903038288658658, 'reg_alpha': 2.8500219668206757e-08, 'reg_lambda': 4.0131868281668374e-07, 'min_child_weight': 10}. Best is trial 0 with value: 0.941747572815534.
[I 2026-03-24 15:34:30,268] Trial 19 finished with value: 0.941747572815534 and parameters: {'n_estimators': 725, 'max_depth': 45, 'learning_rate': 0.0032733388905544156, 'reg_alpha': 0.0007531679058947425, 'reg_lambda': 1.2742454361930134e-05, 'min_child_weight': 4}. Best is trial 0 with value: 0.941747572815534.
[I 2026-03-24 15:34:30,419] Trial 20 finished with value: 0.941747572815534 and parameters: {'n_estimators': 895, 'max_depth': 37, 'learning_rate': 0.017102617684451673, 'reg_alpha': 0.021002136603590665, 'reg_lambda': 0.01091604877770198, 'min_child_weight': 6}. Best is trial 0 with value: 0.941747572815534.
[I 2026-03-24 15:34:30,467] Trial 21 finished with value: 0.941747572815534 and parameters: {'n_estimators': 209, 'max_depth': 7, 'learning_rate': 0.005563450806665237, 'reg_alpha': 0.36741239439774154, 'reg_lambda': 0.11900458361750246, 'min_child_weight': 5}. Best is trial 0 with value: 0.941747572815534.
[I 2026-03-24 15:34:30,521] Trial 22 finished with value: 0.941747572815534 and parameters: {'n_estimators': 242, 'max_depth': 13, 'learning_rate': 0.005534917792472287, 'reg_alpha': 0.0001309473001780148, 'reg_lambda': 0.7637364368575729, 'min_child_weight': 4}. Best is trial 0 with value: 0.941747572815534.
[I 2026-03-24 15:34:30,592] Trial 23 finished with value: 0.941747572815534 and parameters: {'n_estimators': 357, 'max_depth': 17, 'learning_rate': 0.0021355346197559914, 'reg_alpha': 0.9343398121256155, 'reg_lambda': 0.05749800086689682, 'min_child_weight': 7}. Best is trial 0 with value: 0.941747572815534.
[I 2026-03-24 15:34:30,689] Trial 24 finished with value: 0.941747572815534 and parameters: {'n_estimators': 335, 'max_depth': 28, 'learning_rate': 0.005330197959747845, 'reg_alpha': 0.0015666660676465964, 'reg_lambda': 0.0003587434606023153, 'min_child_weight': 2}. Best is trial 0 with value: 0.941747572815534.
[I 2026-03-24 15:34:30,828] Trial 25 finished with value: 0.941747572815534 and parameters: {'n_estimators': 770, 'max_depth': 46, 'learning_rate': 0.0020486608831662063, 'reg_alpha': 0.04268454812206687, 'reg_lambda': 0.02856335883231627, 'min_child_weight': 5}. Best is trial 0 with value: 0.941747572815534.
[I 2026-03-24 15:34:30,949] Trial 26 finished with value: 0.941747572815534 and parameters: {'n_estimators': 668, 'max_depth': 39, 'learning_rate': 0.0040875536176761445, 'reg_alpha': 0.005463610007761636, 'reg_lambda': 2.478358505659961e-07, 'min_child_weight': 6}. Best is trial 0 with value: 0.941747572815534.
[I 2026-03-24 15:34:31,047] Trial 27 finished with value: 0.941747572815534 and parameters: {'n_estimators': 528, 'max_depth': 30, 'learning_rate': 0.007003871356913816, 'reg_alpha': 3.082564052853566e-06, 'reg_lambda': 0.28059974395364173, 'min_child_weight': 8}. Best is trial 0 with value: 0.941747572815534.
[I 2026-03-24 15:34:31,216] Trial 28 finished with value: 0.941747572815534 and parameters: {'n_estimators': 623, 'max_depth': 12, 'learning_rate': 0.012627789334361586, 'reg_alpha': 0.00023803016031789402, 'reg_lambda': 2.2759306319710327e-05, 'min_child_weight': 2}. Best is trial 0 with value: 0.941747572815534.
