[I 2026-03-24 15:38:48,488] Trial 499 finished with value: 0.9154228855721394 and parameters: {'n_estimators': 238, 'max_depth': 17, 'learning_rate': 0.0012689516660673661, 'reg_alpha': 1.0157873683254125e-05, 'reg_lambda': 3.06417505242852e-07, 'min_child_weight': 10}. Best is trial 0 with value: 0.9154228855721394.
[I 2026-03-24 15:38:48,546] Trial 500 finished with value: 0.9154228855721394 and parameters: {'n_estimators': 279, 'max_depth': 25, 'learning_rate': 0.0015113150065543595, 'reg_alpha': 0.0012020393480446387, 'reg_lambda': 0.335479268257612, 'min_child_weight': 6}. Best is trial 0 with value: 0.9154228855721394.
[I 2026-03-24 15:38:48,644] Trial 501 finished with value: 0.9154228855721394 and parameters: {'n_estimators': 641, 'max_depth': 49, 'learning_rate': 0.003261592847365078, 'reg_alpha': 0.335800827758974, 'reg_lambda': 3.7686595031491426e-08, 'min_child_weight': 5}. Best is trial 0 with value: 0.9154228855721394.
[I 2026-03-24 15:38:48,761] Trial 502 finished with value: 0.9154228855721394 and parameters: {'n_estimators': 806, 'max_depth': 39, 'learning_rate': 0.0027072490233892607, 'reg_alpha': 0.20823224858933737, 'reg_lambda': 6.116159442178689e-07, 'min_child_weight': 7}. Best is trial 0 with value: 0.9154228855721394.
[I 2026-03-24 15:38:48,836] Trial 503 finished with value: 0.9154228855721394 and parameters: {'n_estimators': 435, 'max_depth': 41, 'learning_rate': 0.003928111956771702, 'reg_alpha': 0.003847414935232686, 'reg_lambda': 0.0012822887862466285, 'min_child_weight': 2}. Best is trial 0 with value: 0.9154228855721394.
[I 2026-03-24 15:38:48,918] Trial 504 finished with value: 0.9154228855721394 and parameters: {'n_estimators': 524, 'max_depth': 21, 'learning_rate': 0.001082449180039041, 'reg_alpha': 2.770115413645002e-06, 'reg_lambda': 2.1301323240075505e-06, 'min_child_weight': 6}. Best is trial 0 with value: 0.9154228855721394.
[I 2026-03-24 15:38:48,991] Trial 505 finished with value: 0.9154228855721394 and parameters: {'n_estimators': 418, 'max_depth': 9, 'learning_rate': 0.001202686153149404, 'reg_alpha': 0.0005413636392066758, 'reg_lambda': 1.0522281508472709e-06, 'min_child_weight': 4}. Best is trial 0 with value: 0.9154228855721394.
[I 2026-03-24 15:38:49,082] Trial 506 finished with value: 0.9154228855721394 and parameters: {'n_estimators': 569, 'max_depth': 6, 'learning_rate': 0.00765901824067424, 'reg_alpha': 0.0002342236710508449, 'reg_lambda': 8.968285897518622e-08, 'min_child_weight': 3}. Best is trial 0 with value: 0.9154228855721394.
[I 2026-03-24 15:38:49,151] Trial 507 finished with value: 0.9154228855721394 and parameters: {'n_estimators': 383, 'max_depth': 30, 'learning_rate': 0.0020798920395854533, 'reg_alpha': 6.652391331049812e-06, 'reg_lambda': 1.6436463087256873e-07, 'min_child_weight': 8}. Best is trial 0 with value: 0.9154228855721394.
[I 2026-03-24 15:38:49,202] Trial 508 finished with value: 0.9154228855721394 and parameters: {'n_estimators': 221, 'max_depth': 24, 'learning_rate': 0.059971431328864844, 'reg_alpha': 6.521660789665575e-05, 'reg_lambda': 7.65297093771194e-06, 'min_child_weight': 4}. Best is trial 0 with value: 0.9154228855721394.
[I 2026-03-24 15:38:49,303] Trial 509 finished with value: 0.9154228855721394 and parameters: {'n_estimators': 667, 'max_depth': 46, 'learning_rate': 0.01802943492131748, 'reg_alpha': 0.00013061084919401472, 'reg_lambda': 3.795467233755265e-05, 'min_child_weight': 7}. Best is trial 0 with value: 0.9154228855721394.
[I 2026-03-24 15:38:49,370] Trial 510 finished with value: 0.9154228855721394 and parameters: {'n_estimators': 363, 'max_depth': 28, 'learning_rate': 0.07785938710389971, 'reg_alpha': 0.6400568062560255, 'reg_lambda': 0.0046763260235490435, 'min_child_weight': 1}. Best is trial 0 with value: 0.9154228855721394.
[I 2026-03-24 15:38:49,458] Trial 511 finished with value: 0.9154228855721394 and parameters: {'n_estimators': 550, 'max_depth': 20, 'learning_rate': 0.0016527968760368418, 'reg_alpha': 0.007171364545229951, 'reg_lambda': 0.011836844813152851, 'min_child_weight': 9}. Best is trial 0 with value: 0.9154228855721394.
[I 2026-03-24 15:38:49,537] Trial 512 finished with value: 0.9154228855721394 and parameters: {'n_estimators': 472, 'max_depth': 23, 'learning_rate': 0.041119081374024785, 'reg_alpha': 0.11467807617928089, 'reg_lambda': 1.4556144024206023e-05, 'min_child_weight': 5}. Best is trial 0 with value: 0.9154228855721394.
[I 2026-03-24 15:38:49,602] Trial 513 finished with value: 0.9154228855721394 and parameters: {'n_estimators': 338, 'max_depth': 13, 'learning_rate': 0.006549601896483023, 'reg_alpha': 0.05145187020446608, 'reg_lambda': 2.2663428456128203e-07, 'min_child_weight': 7}. Best is trial 0 with value: 0.9154228855721394.
[I 2026-03-24 15:38:49,696] Trial 514 finished with value: 0.9154228855721394 and parameters: {'n_estimators': 603, 'max_depth': 16, 'learning_rate': 0.01170980624372462, 'reg_alpha': 2.1046913295866014e-07, 'reg_lambda': 2.1393224310730794e-08, 'min_child_weight': 10}. Best is trial 0 with value: 0.9154228855721394.
[I 2026-03-24 15:38:49,758] Trial 515 finished with value: 0.9154228855721394 and parameters: {'n_estimators': 307, 'max_depth': 26, 'learning_rate': 0.0013693300462408163, 'reg_alpha': 0.07947307289404337, 'reg_lambda': 3.1517959590046535e-06, 'min_child_weight': 8}. Best is trial 0 with value: 0.9154228855721394.
[I 2026-03-24 15:38:49,894] Trial 516 finished with value: 0.9154228855721394 and parameters: {'n_estimators': 983, 'max_depth': 11, 'learning_rate': 0.0010009997158909472, 'reg_alpha': 0.033980822611754856, 'reg_lambda': 2.476401232154907e-05, 'min_child_weight': 6}. Best is trial 0 with value: 0.9154228855721394.
[I 2026-03-24 15:38:50,014] Trial 517 finished with value: 0.9154228855721394 and parameters: {'n_estimators': 848, 'max_depth': 37, 'learning_rate': 0.09912518223415391, 'reg_alpha': 3.896982449364836e-08, 'reg_lambda': 8.735522783211397e-07, 'min_child_weight': 3}. Best is trial 0 with value: 0.9154228855721394.
[I 2026-03-24 15:38:50,070] Trial 518 finished with value: 0.9154228855721394 and parameters: {'n_estimators': 255, 'max_depth': 32, 'learning_rate': 0.0034522579604260267, 'reg_alpha': 0.004826078540005841, 'reg_lambda': 3.074613313942499e-08, 'min_child_weight': 8}. Best is trial 0 with value: 0.9154228855721394.
[I 2026-03-24 15:38:50,203] Trial 519 finished with value: 0.9154228855721394 and parameters: {'n_estimators': 968, 'max_depth': 43, 'learning_rate': 0.005612697421495067, 'reg_alpha': 3.274311585733903e-05, 'reg_lambda': 3.5805798403889026e-07, 'min_child_weight': 2}. Best is trial 0 with value: 0.9154228855721394.
[I 2026-03-24 15:38:50,329] Trial 520 finished with value: 0.9154228855721394 and parameters: {'n_estimators': 896, 'max_depth': 14, 'learning_rate': 0.008652476082861979, 'reg_alpha': 0.0008659057199475933, 'reg_lambda': 1.1618718209615223e-05, 'min_child_weight': 1}. Best is trial 0 with value: 0.9154228855721394.
[I 2026-03-24 15:38:50,400] Trial 521 finished with value: 0.9154228855721394 and parameters: {'n_estimators': 397, 'max_depth': 21, 'learning_rate': 0.001775417068707679, 'reg_alpha': 0.0003660293566889136, 'reg_lambda': 7.09596332798972e-08, 'min_child_weight': 7}. Best is trial 0 with value: 0.9154228855721394.
[I 2026-03-24 15:38:50,472] Trial 522 finished with value: 0.9154228855721394 and parameters: {'n_estimators': 409, 'max_depth': 27, 'learning_rate': 0.0023806684813611153, 'reg_alpha': 0.18145572337624147, 'reg_lambda': 9.605876063535928e-05, 'min_child_weight': 9}. Best is trial 0 with value: 0.9154228855721394.
[I 2026-03-24 15:38:50,581] Trial 523 finished with value: 0.9154228855721394 and parameters: {'n_estimators': 727, 'max_depth': 29, 'learning_rate': 0.0011902342245316124, 'reg_alpha': 1.3048610749233383e-05, 'reg_lambda': 1.1881060534369601e-07, 'min_child_weight': 5}. Best is trial 0 with value: 0.9154228855721394.
[I 2026-03-24 15:38:50,687] Trial 524 finished with value: 0.9154228855721394 and parameters: {'n_estimators': 686, 'max_depth': 42, 'learning_rate': 0.08670025403841453, 'reg_alpha': 2.2258701651707138e-08, 'reg_lambda': 0.006960889626983305, 'min_child_weight': 10}. Best is trial 0 with value: 0.9154228855721394.
[I 2026-03-24 15:38:50,769] Trial 525 finished with value: 0.9154228855721394 and parameters: {'n_estimators': 485, 'max_depth': 25, 'learning_rate': 0.02124357991586977, 'reg_alpha': 0.011707149960809257, 'reg_lambda': 1.0327498406696076e-08, 'min_child_weight': 3}. Best is trial 0 with value: 0.9154228855721394.
[I 2026-03-24 15:38:50,851] Trial 526 finished with value: 0.9154228855721394 and parameters: {'n_estimators': 503, 'max_depth': 47, 'learning_rate': 0.003006042524158666, 'reg_alpha': 0.42081003385059285, 'reg_lambda': 4.708937505134247e-06, 'min_child_weight': 6}. Best is trial 0 with value: 0.9154228855721394.
[I 2026-03-24 15:38:50,943] Trial 527 finished with value: 0.9154228855721394 and parameters: {'n_estimators': 574, 'max_depth': 15, 'learning_rate': 0.004930365646314262, 'reg_alpha': 7.04437150053526e-08, 'reg_lambda': 0.000367164959435259, 'min_child_weight': 7}. Best is trial 0 with value: 0.9154228855721394.
[I 2026-03-24 15:38:51,054] Trial 528 finished with value: 0.9154228855721394 and parameters: {'n_estimators': 759, 'max_depth': 40, 'learning_rate': 0.004191128555800975, 'reg_alpha': 0.0018194541234603115, 'reg_lambda': 1.686051502800402e-08, 'min_child_weight': 8}. Best is trial 0 with value: 0.9154228855721394.
[I 2026-03-24 15:38:51,186] Trial 529 finished with value: 0.9154228855721394 and parameters: {'n_estimators': 945, 'max_depth': 12, 'learning_rate': 0.0015506622470790247, 'reg_alpha': 4.468925284620083e-06, 'reg_lambda': 5.560366537131033e-07, 'min_child_weight': 4}. Best is trial 0 with value: 0.9154228855721394.
[I 2026-03-24 15:38:51,285] Trial 530 finished with value: 0.9154228855721394 and parameters: {'n_estimators': 653, 'max_depth': 31, 'learning_rate': 0.012815787397103765, 'reg_alpha': 4.611242748807249e-05, 'reg_lambda': 0.0018955037347716326, 'min_child_weight': 10}. Best is trial 0 with value: 0.9154228855721394.
[I 2026-03-24 15:38:51,372] Trial 531 finished with value: 0.9154228855721394 and parameters: {'n_estimators': 535, 'max_depth': 49, 'learning_rate': 0.0011021344567946573, 'reg_alpha': 0.00013458756778983596, 'reg_lambda': 4.4869713418917484e-08, 'min_child_weight': 5}. Best is trial 0 with value: 0.9154228855721394.
[I 2026-03-24 15:38:51,498] Trial 532 finished with value: 0.9154228855721394 and parameters: {'n_estimators': 883, 'max_depth': 23, 'learning_rate': 0.0019275084493735018, 'reg_alpha': 7.324128431905422e-05, 'reg_lambda': 1.902209287803602e-05, 'min_child_weight': 8}. Best is trial 0 with value: 0.9154228855721394.
[I 2026-03-24 15:38:51,574] Trial 533 finished with value: 0.9154228855721394 and parameters: {'n_estimators': 446, 'max_depth': 19, 'learning_rate': 0.0013066180408123796, 'reg_alpha': 0.0002275783979782041, 'reg_lambda': 6.364831866569021e-05, 'min_child_weight': 9}. Best is trial 0 with value: 0.9154228855721394.
[I 2026-03-24 15:38:51,702] Trial 534 finished with value: 0.9154228855721394 and parameters: {'n_estimators': 917, 'max_depth': 18, 'learning_rate': 0.003934158698197394, 'reg_alpha': 0.7290757849324727, 'reg_lambda': 2.5274460215602616e-06, 'min_child_weight': 7}. Best is trial 0 with value: 0.9154228855721394.
[I 2026-03-24 15:38:51,772] Trial 535 finished with value: 0.9154228855721394 and parameters: {'n_estimators': 383, 'max_depth': 48, 'learning_rate': 0.009616739537316834, 'reg_alpha': 0.14500754206896663, 'reg_lambda': 7.910690620211186e-06, 'min_child_weight': 7}. Best is trial 0 with value: 0.9154228855721394.
[I 2026-03-24 15:38:51,864] Trial 536 finished with value: 0.9154228855721394 and parameters: {'n_estimators': 595, 'max_depth': 36, 'learning_rate': 0.0025610154791971254, 'reg_alpha': 9.135369812072085e-05, 'reg_lambda': 7.379992766176362e-07, 'min_child_weight': 3}. Best is trial 0 with value: 0.9154228855721394.
[I 2026-03-24 15:38:51,939] Trial 537 finished with value: 0.9154228855721394 and parameters: {'n_estimators': 428, 'max_depth': 34, 'learning_rate': 0.0021716966245030247, 'reg_alpha': 1.173454923839049e-06, 'reg_lambda': 1.549100134288934e-06, 'min_child_weight': 6}. Best is trial 0 with value: 0.9154228855721394.
[I 2026-03-24 15:38:52,061] Trial 538 finished with value: 0.9154228855721394 and parameters: {'n_estimators': 864, 'max_depth': 10, 'learning_rate': 0.06636041572163437, 'reg_alpha': 0.02388729600699968, 'reg_lambda': 0.002732319835236145, 'min_child_weight': 2}. Best is trial 0 with value: 0.9154228855721394.
[I 2026-03-24 15:38:52,165] Trial 539 finished with value: 0.9154228855721394 and parameters: {'n_estimators': 705, 'max_depth': 8, 'learning_rate': 0.003672241527554527, 'reg_alpha': 0.003269861846781873, 'reg_lambda': 1.748334658673882e-07, 'min_child_weight': 1}. Best is trial 0 with value: 0.9154228855721394.
[I 2026-03-24 15:38:52,217] Trial 540 finished with value: 0.9154228855721394 and parameters: {'n_estimators': 210, 'max_depth': 27, 'learning_rate': 0.006991912163360736, 'reg_alpha': 2.033956751776387e-05, 'reg_lambda': 0.0006632832374621852, 'min_child_weight': 6}. Best is trial 0 with value: 0.9154228855721394.
[I 2026-03-24 15:38:52,312] Trial 541 finished with value: 0.9154228855721394 and parameters: {'n_estimators': 624, 'max_depth': 45, 'learning_rate': 0.0011040347639032296, 'reg_alpha': 0.0024415006305102864, 'reg_lambda': 0.00019663929435038673, 'min_child_weight': 9}. Best is trial 0 with value: 0.9154228855721394.
[I 2026-03-24 15:38:52,427] Trial 542 finished with value: 0.9154228855721394 and parameters: {'n_estimators': 799, 'max_depth': 41, 'learning_rate': 0.07498265855005329, 'reg_alpha': 7.971353255265648e-06, 'reg_lambda': 0.03377784007737262, 'min_child_weight': 8}. Best is trial 0 with value: 0.9154228855721394.
[I 2026-03-24 15:38:52,490] Trial 543 finished with value: 0.9154228855721394 and parameters: {'n_estimators': 318, 'max_depth': 50, 'learning_rate': 0.001381781742361772, 'reg_alpha': 1.4509570664643522e-08, 'reg_lambda': 4.746010878021791e-07, 'min_child_weight': 6}. Best is trial 0 with value: 0.9154228855721394.
[I 2026-03-24 15:38:52,600] Trial 544 finished with value: 0.9154228855721394 and parameters: {'n_estimators': 739, 'max_depth': 22, 'learning_rate': 0.016450621422289098, 'reg_alpha': 1.361409272412506e-07, 'reg_lambda': 9.174482831098517e-08, 'min_child_weight': 5}. Best is trial 0 with value: 0.9154228855721394.
[I 2026-03-24 15:38:52,689] Trial 545 finished with value: 0.9154228855721394 and parameters: {'n_estimators': 558, 'max_depth': 25, 'learning_rate': 0.0031922433643182175, 'reg_alpha': 0.0013966566124461106, 'reg_lambda': 1.062007464383922e-05, 'min_child_weight': 4}. Best is trial 0 with value: 0.9154228855721394.
[I 2026-03-24 15:38:52,758] Trial 546 finished with value: 0.9154228855721394 and parameters: {'n_estimators': 367, 'max_depth': 28, 'learning_rate': 0.00583652693070405, 'reg_alpha': 0.07471688317992348, 'reg_lambda': 3.882541950396242e-05, 'min_child_weight': 2}. Best is trial 0 with value: 0.9154228855721394.
[I 2026-03-24 15:38:52,814] Trial 547 finished with value: 0.9154228855721394 and parameters: {'n_estimators': 266, 'max_depth': 33, 'learning_rate': 0.014768363790768369, 'reg_alpha': 4.504446141309138e-07, 'reg_lambda': 0.009428015387251996, 'min_child_weight': 8}. Best is trial 0 with value: 0.9154228855721394.
[I 2026-03-24 15:38:52,868] Trial 548 finished with value: 0.9154228855721394 and parameters: {'n_estimators': 234, 'max_depth': 17, 'learning_rate': 0.025094808553989947, 'reg_alpha': 0.9330419776504842, 'reg_lambda': 0.0001327506050565434, 'min_child_weight': 10}. Best is trial 0 with value: 0.9154228855721394.
[I 2026-03-24 15:38:52,985] Trial 549 finished with value: 0.9154228855721394 and parameters: {'n_estimators': 814, 'max_depth': 20, 'learning_rate': 0.0012061267680456272, 'reg_alpha': 0.0005594666729651753, 'reg_lambda': 0.0038680816053709966, 'min_child_weight': 3}. Best is trial 0 with value: 0.9154228855721394.
[I 2026-03-24 15:38:53,118] Trial 550 finished with value: 0.9154228855721394 and parameters: {'n_estimators': 961, 'max_depth': 38, 'learning_rate': 0.010925046770031772, 'reg_alpha': 0.2547270577204716, 'reg_lambda': 2.661113382668623e-07, 'min_child_weight': 7}. Best is trial 0 with value: 0.9154228855721394.
[I 2026-03-24 15:38:53,216] Trial 551 finished with value: 0.9154228855721394 and parameters: {'n_estimators': 633, 'max_depth': 39, 'learning_rate': 0.0017561717085817152, 'reg_alpha': 0.016749891904157706, 'reg_lambda': 5.6417437048563746e-08, 'min_child_weight': 1}. Best is trial 0 with value: 0.9154228855721394.
[I 2026-03-24 15:38:53,293] Trial 552 finished with value: 0.9154228855721394 and parameters: {'n_estimators': 467, 'max_depth': 24, 'learning_rate': 0.001541151530320358, 'reg_alpha': 0.4495824975908908, 'reg_lambda': 6.027337930818387e-06, 'min_child_weight': 8}. Best is trial 0 with value: 0.9154228855721394.
[I 2026-03-24 15:38:53,352] Trial 553 finished with value: 0.9154228855721394 and parameters: {'n_estimators': 293, 'max_depth': 26, 'learning_rate': 0.004517581764921841, 'reg_alpha': 2.79718452696375e-06, 'reg_lambda': 4.062385934235416e-06, 'min_child_weight': 3}. Best is trial 0 with value: 0.9154228855721394.
[I 2026-03-24 15:38:53,433] Trial 554 finished with value: 0.9154228855721394 and parameters: {'n_estimators': 515, 'max_depth': 42, 'learning_rate': 0.002781504731883278, 'reg_alpha': 0.00032089395712644596, 'reg_lambda': 1.93156977869542e-06, 'min_child_weight': 4}. Best is trial 0 with value: 0.9154228855721394.
[I 2026-03-24 15:38:53,564] Trial 555 finished with value: 0.9154228855721394 and parameters: {'n_estimators': 995, 'max_depth': 44, 'learning_rate': 0.05439223282667338, 'reg_alpha': 0.0059578984514376794, 'reg_lambda': 0.0012748241557783784, 'min_child_weight': 5}. Best is trial 0 with value: 0.9154228855721394.
[I 2026-03-24 15:38:53,627] Trial 556 finished with value: 0.9154228855721394 and parameters: {'n_estimators': 344, 'max_depth': 27, 'learning_rate': 0.001977643871151952, 'reg_alpha': 0.11847708527573814, 'reg_lambda': 1.8436292569789285e-05, 'min_child_weight': 9}. Best is trial 0 with value: 0.9154228855721394.
[I 2026-03-24 15:38:53,725] Trial 557 finished with value: 0.9154228855721394 and parameters: {'n_estimators': 674, 'max_depth': 14, 'learning_rate': 0.0012750279456488411, 'reg_alpha': 0.04051652840613442, 'reg_lambda': 1.54842272666704e-08, 'min_child_weight': 7}. Best is trial 0 with value: 0.9154228855721394.
[I 2026-03-24 15:38:53,819] Trial 558 finished with value: 0.9154228855721394 and parameters: {'n_estimators': 595, 'max_depth': 25, 'learning_rate': 0.0014536418534651973, 'reg_alpha': 1.7808273001836667e-06, 'reg_lambda': 1.346188562616469e-07, 'min_child_weight': 6}. Best is trial 0 with value: 0.9154228855721394.
[I 2026-03-24 15:38:53,933] Trial 559 finished with value: 0.9154228855721394 and parameters: {'n_estimators': 786, 'max_depth': 30, 'learning_rate': 0.0010995314317033412, 'reg_alpha': 6.207657528311961e-07, 'reg_lambda': 2.628169240614217e-08, 'min_child_weight': 10}. Best is trial 0 with value: 0.9154228855721394.
[I 2026-03-24 15:38:54,053] Trial 560 finished with value: 0.9154228855721394 and parameters: {'n_estimators': 829, 'max_depth': 46, 'learning_rate': 0.007333188886689388, 'reg_alpha': 0.008573716043969256, 'reg_lambda': 0.22344532011440416, 'min_child_weight': 7}. Best is trial 0 with value: 0.9154228855721394.
[I 2026-03-24 15:38:54,148] Trial 561 finished with value: 0.9154228855721394 and parameters: {'n_estimators': 613, 'max_depth': 50, 'learning_rate': 0.002196209560637159, 'reg_alpha': 5.524109137393048e-06, 'reg_lambda': 0.9016142463137877, 'min_child_weight': 1}. Best is trial 0 with value: 0.9154228855721394.
[I 2026-03-24 15:38:54,222] Trial 562 finished with value: 0.9154228855721394 and parameters: {'n_estimators': 406, 'max_depth': 21, 'learning_rate': 0.003444755412017822, 'reg_alpha': 0.00017781999517470093, 'reg_lambda': 1.0963712384109106e-06, 'min_child_weight': 2}. Best is trial 0 with value: 0.9154228855721394.
[I 2026-03-24 15:38:54,313] Trial 563 finished with value: 0.9154228855721394 and parameters: {'n_estimators': 580, 'max_depth': 37, 'learning_rate': 0.0062388331074363776, 'reg_alpha': 4.867492103616345e-08, 'reg_lambda': 3.571104807240858e-07, 'min_child_weight': 8}. Best is trial 0 with value: 0.9154228855721394.
[I 2026-03-24 15:38:54,401] Trial 564 finished with value: 0.9154228855721394 and parameters: {'n_estimators': 547, 'max_depth': 23, 'learning_rate': 0.0011861879498656024, 'reg_alpha': 5.345260292482111e-05, 'reg_lambda': 0.00029679428416497916, 'min_child_weight': 5}. Best is trial 0 with value: 0.9154228855721394.
[I 2026-03-24 15:38:54,500] Trial 565 finished with value: 0.9154228855721394 and parameters: {'n_estimators': 651, 'max_depth': 40, 'learning_rate': 0.001003733086606133, 'reg_alpha': 0.18788266386177901, 'reg_lambda': 2.7622791087910528e-06, 'min_child_weight': 8}. Best is trial 0 with value: 0.9154228855721394.
[I 2026-03-24 15:38:54,572] Trial 566 finished with value: 0.9154228855721394 and parameters: {'n_estimators': 390, 'max_depth': 43, 'learning_rate': 0.0016274529809379358, 'reg_alpha': 0.0010030992391568312, 'reg_lambda': 7.65713720980974e-07, 'min_child_weight': 6}. Best is trial 0 with value: 0.9154228855721394.
[I 2026-03-24 15:38:54,697] Trial 567 finished with value: 0.9154228855721394 and parameters: {'n_estimators': 872, 'max_depth': 11, 'learning_rate': 0.00531983509300084, 'reg_alpha': 0.00012166155847027969, 'reg_lambda': 0.005673595184139499, 'min_child_weight': 8}. Best is trial 0 with value: 0.9154228855721394.
