[I 2026-03-24 15:39:54,621] Trial 388 finished with value: 0.9154228855721394 and parameters: {'n_estimators': 607, 'max_depth': 12, 'learning_rate': 0.01318728728326303, 'reg_alpha': 0.00010113193060964016, 'reg_lambda': 7.910127578717774e-05, 'min_child_weight': 6}. Best is trial 0 with value: 0.9154228855721394.
[I 2026-03-24 15:39:54,753] Trial 389 finished with value: 0.9154228855721394 and parameters: {'n_estimators': 880, 'max_depth': 50, 'learning_rate': 0.0018291684659675384, 'reg_alpha': 2.118034539618074e-05, 'reg_lambda': 0.0030991344477804893, 'min_child_weight': 5}. Best is trial 0 with value: 0.9154228855721394.
[I 2026-03-24 15:39:54,811] Trial 390 finished with value: 0.9154228855721394 and parameters: {'n_estimators': 282, 'max_depth': 38, 'learning_rate': 0.002782559541924494, 'reg_alpha': 0.0011409620149259248, 'reg_lambda': 1.584017395008973e-07, 'min_child_weight': 7}. Best is trial 0 with value: 0.9154228855721394.
[I 2026-03-24 15:39:54,889] Trial 391 finished with value: 0.9154228855721394 and parameters: {'n_estimators': 448, 'max_depth': 8, 'learning_rate': 0.07801027936016909, 'reg_alpha': 0.0065087071407020445, 'reg_lambda': 0.014873443813200403, 'min_child_weight': 4}. Best is trial 0 with value: 0.9154228855721394.
[I 2026-03-24 15:39:54,945] Trial 392 finished with value: 0.9154228855721394 and parameters: {'n_estimators': 260, 'max_depth': 47, 'learning_rate': 0.004826780852109252, 'reg_alpha': 3.594139123209773e-05, 'reg_lambda': 1.3344597690090397e-06, 'min_child_weight': 5}. Best is trial 0 with value: 0.9154228855721394.
[I 2026-03-24 15:39:55,007] Trial 393 finished with value: 0.9154228855721394 and parameters: {'n_estimators': 313, 'max_depth': 24, 'learning_rate': 0.0012194844668363322, 'reg_alpha': 0.002948242567401711, 'reg_lambda': 3.366177182968129e-06, 'min_child_weight': 7}. Best is trial 0 with value: 0.9154228855721394.
[I 2026-03-24 15:39:55,138] Trial 394 finished with value: 0.9154228855721394 and parameters: {'n_estimators': 656, 'max_depth': 15, 'learning_rate': 0.018237160044034733, 'reg_alpha': 0.03838020742033104, 'reg_lambda': 4.051355650844303e-05, 'min_child_weight': 1}. Best is trial 0 with value: 0.9154228855721394.
[I 2026-03-24 15:39:55,190] Trial 395 finished with value: 0.9154228855721394 and parameters: {'n_estimators': 226, 'max_depth': 42, 'learning_rate': 0.02892041290944448, 'reg_alpha': 9.313937908406892e-06, 'reg_lambda': 0.00029613083712738935, 'min_child_weight': 8}. Best is trial 0 with value: 0.9154228855721394.
[I 2026-03-24 15:39:55,328] Trial 396 finished with value: 0.9154228855721394 and parameters: {'n_estimators': 950, 'max_depth': 23, 'learning_rate': 0.05796779156557225, 'reg_alpha': 1.2976486590532778e-06, 'reg_lambda': 0.008600691197815421, 'min_child_weight': 10}. Best is trial 0 with value: 0.9154228855721394.
[I 2026-03-24 15:39:55,446] Trial 397 finished with value: 0.9154228855721394 and parameters: {'n_estimators': 784, 'max_depth': 37, 'learning_rate': 0.005232774492692813, 'reg_alpha': 5.587419250117156e-06, 'reg_lambda': 1.3649154750650802e-05, 'min_child_weight': 3}. Best is trial 0 with value: 0.9154228855721394.
[I 2026-03-24 15:39:55,591] Trial 398 finished with value: 0.9154228855721394 and parameters: {'n_estimators': 1000, 'max_depth': 29, 'learning_rate': 0.00828084735411513, 'reg_alpha': 0.0017043302426418261, 'reg_lambda': 0.0009743734750678891, 'min_child_weight': 7}. Best is trial 0 with value: 0.9154228855721394.
[I 2026-03-24 15:39:55,680] Trial 399 finished with value: 0.9154228855721394 and parameters: {'n_estimators': 395, 'max_depth': 18, 'learning_rate': 0.03154744818442895, 'reg_alpha': 2.689549995026364e-08, 'reg_lambda': 0.0001911257920274368, 'min_child_weight': 1}. Best is trial 0 with value: 0.9154228855721394.
[I 2026-03-24 15:39:55,811] Trial 400 finished with value: 0.9154228855721394 and parameters: {'n_estimators': 896, 'max_depth': 36, 'learning_rate': 0.03911043065626353, 'reg_alpha': 0.018588731386510265, 'reg_lambda': 8.542233239007684e-06, 'min_child_weight': 6}. Best is trial 0 with value: 0.9154228855721394.
[I 2026-03-24 15:39:55,917] Trial 401 finished with value: 0.9154228855721394 and parameters: {'n_estimators': 688, 'max_depth': 25, 'learning_rate': 0.0036445312758528665, 'reg_alpha': 5.359809608462802e-05, 'reg_lambda': 1.981942303954208e-06, 'min_child_weight': 4}. Best is trial 0 with value: 0.9154228855721394.
[I 2026-03-24 15:39:56,017] Trial 402 finished with value: 0.9154228855721394 and parameters: {'n_estimators': 633, 'max_depth': 26, 'learning_rate': 0.01157942867441233, 'reg_alpha': 0.00013969768691624246, 'reg_lambda': 9.553535839885726e-07, 'min_child_weight': 5}. Best is trial 0 with value: 0.9154228855721394.
[I 2026-03-24 15:39:56,110] Trial 403 finished with value: 0.9154228855721394 and parameters: {'n_estimators': 575, 'max_depth': 39, 'learning_rate': 0.0096733134721999, 'reg_alpha': 0.4526808069914298, 'reg_lambda': 4.399445499741649e-06, 'min_child_weight': 2}. Best is trial 0 with value: 0.9154228855721394.
[I 2026-03-24 15:39:56,237] Trial 404 finished with value: 0.9154228855721394 and parameters: {'n_estimators': 860, 'max_depth': 45, 'learning_rate': 0.0013745136272577175, 'reg_alpha': 0.0006431095385902661, 'reg_lambda': 9.665991624029206e-08, 'min_child_weight': 3}. Best is trial 0 with value: 0.9154228855721394.
[I 2026-03-24 15:39:56,298] Trial 405 finished with value: 0.9154228855721394 and parameters: {'n_estimators': 298, 'max_depth': 34, 'learning_rate': 0.005966061953912954, 'reg_alpha': 1.4884414340371775e-05, 'reg_lambda': 5.600246740452179e-05, 'min_child_weight': 9}. Best is trial 0 with value: 0.9154228855721394.
[I 2026-03-24 15:39:56,348] Trial 406 finished with value: 0.9154228855721394 and parameters: {'n_estimators': 215, 'max_depth': 49, 'learning_rate': 0.007358578626791901, 'reg_alpha': 3.9682436689009794e-07, 'reg_lambda': 0.00011346853103264619, 'min_child_weight': 7}. Best is trial 0 with value: 0.9154228855721394.
[I 2026-03-24 15:39:56,438] Trial 407 finished with value: 0.9154228855721394 and parameters: {'n_estimators': 545, 'max_depth': 43, 'learning_rate': 0.0010072871514452098, 'reg_alpha': 0.00026453642652296566, 'reg_lambda': 0.004398804193585038, 'min_child_weight': 6}. Best is trial 0 with value: 0.9154228855721394.
[I 2026-03-24 15:39:56,575] Trial 408 finished with value: 0.9154228855721394 and parameters: {'n_estimators': 928, 'max_depth': 46, 'learning_rate': 0.016470365698176653, 'reg_alpha': 0.0009488445294889837, 'reg_lambda': 2.0855984527949568e-08, 'min_child_weight': 8}. Best is trial 0 with value: 0.9154228855721394.
[I 2026-03-24 15:39:56,683] Trial 409 finished with value: 0.9154228855721394 and parameters: {'n_estimators': 425, 'max_depth': 9, 'learning_rate': 0.014053582651100223, 'reg_alpha': 0.009689624423121513, 'reg_lambda': 6.111159034508916e-07, 'min_child_weight': 1}. Best is trial 0 with value: 0.9154228855721394.
[I 2026-03-24 15:39:56,793] Trial 410 finished with value: 0.9154228855721394 and parameters: {'n_estimators': 706, 'max_depth': 28, 'learning_rate': 0.002490570717823422, 'reg_alpha': 6.934423193016856e-07, 'reg_lambda': 1.5850376780692416e-05, 'min_child_weight': 6}. Best is trial 0 with value: 0.9154228855721394.
[I 2026-03-24 15:39:56,917] Trial 411 finished with value: 0.9154228855721394 and parameters: {'n_estimators': 831, 'max_depth': 33, 'learning_rate': 0.002166624599208873, 'reg_alpha': 0.052285731642020813, 'reg_lambda': 4.0713696906605395e-07, 'min_child_weight': 5}. Best is trial 0 with value: 0.9154228855721394.
[I 2026-03-24 15:39:56,970] Trial 412 finished with value: 0.9154228855721394 and parameters: {'n_estimators': 237, 'max_depth': 27, 'learning_rate': 0.0031144164189572665, 'reg_alpha': 8.444276772064474e-08, 'reg_lambda': 4.058372764083818e-08, 'min_child_weight': 8}. Best is trial 0 with value: 0.9154228855721394.
[I 2026-03-24 15:39:57,050] Trial 413 finished with value: 0.9154228855721394 and parameters: {'n_estimators': 460, 'max_depth': 31, 'learning_rate': 0.004152754070993268, 'reg_alpha': 0.10236988981917763, 'reg_lambda': 0.0002835246309061697, 'min_child_weight': 3}. Best is trial 0 with value: 0.9154228855721394.
[I 2026-03-24 15:39:57,113] Trial 414 finished with value: 0.9154228855721394 and parameters: {'n_estimators': 322, 'max_depth': 22, 'learning_rate': 0.01936434599622842, 'reg_alpha': 0.029202910374948824, 'reg_lambda': 3.009665414735176e-05, 'min_child_weight': 2}. Best is trial 0 with value: 0.9154228855721394.
[I 2026-03-24 15:39:57,255] Trial 415 finished with value: 0.9154228855721394 and parameters: {'n_estimators': 978, 'max_depth': 48, 'learning_rate': 0.00560823495969122, 'reg_alpha': 2.8146870848926864e-06, 'reg_lambda': 2.9995675333069365e-07, 'min_child_weight': 10}. Best is trial 0 with value: 0.9154228855721394.
[I 2026-03-24 15:39:57,310] Trial 416 finished with value: 0.9154228855721394 and parameters: {'n_estimators': 252, 'max_depth': 37, 'learning_rate': 0.002797421436800209, 'reg_alpha': 0.013133634021570358, 'reg_lambda': 0.00202334913409496, 'min_child_weight': 7}. Best is trial 0 with value: 0.9154228855721394.
[I 2026-03-24 15:39:57,413] Trial 417 finished with value: 0.9154228855721394 and parameters: {'n_estimators': 663, 'max_depth': 32, 'learning_rate': 0.006468788904487136, 'reg_alpha': 6.584712184111202e-06, 'reg_lambda': 6.83226348425408e-06, 'min_child_weight': 4}. Best is trial 0 with value: 0.9154228855721394.
[I 2026-03-24 15:39:57,480] Trial 418 finished with value: 0.9154228855721394 and parameters: {'n_estimators': 350, 'max_depth': 21, 'learning_rate': 0.01038526192006392, 'reg_alpha': 0.00042499226616741646, 'reg_lambda': 1.4917280836104042e-08, 'min_child_weight': 2}. Best is trial 0 with value: 0.9154228855721394.
[I 2026-03-24 15:39:57,591] Trial 419 finished with value: 0.9154228855721394 and parameters: {'n_estimators': 729, 'max_depth': 30, 'learning_rate': 0.009068458920138885, 'reg_alpha': 1.8257571985785122e-06, 'reg_lambda': 1.481658903209201e-06, 'min_child_weight': 5}. Best is trial 0 with value: 0.9154228855721394.
[I 2026-03-24 15:39:57,649] Trial 420 finished with value: 0.9154228855721394 and parameters: {'n_estimators': 276, 'max_depth': 44, 'learning_rate': 0.0033274584757791285, 'reg_alpha': 0.20504241524603656, 'reg_lambda': 2.787293230381691e-06, 'min_child_weight': 7}. Best is trial 0 with value: 0.9154228855721394.
[I 2026-03-24 15:39:57,745] Trial 421 finished with value: 0.9154228855721394 and parameters: {'n_estimators': 599, 'max_depth': 45, 'learning_rate': 0.007214239031157878, 'reg_alpha': 0.006225680425287473, 'reg_lambda': 0.024677183716830982, 'min_child_weight': 9}. Best is trial 0 with value: 0.9154228855721394.
[I 2026-03-24 15:39:57,871] Trial 422 finished with value: 0.9154228855721394 and parameters: {'n_estimators': 518, 'max_depth': 35, 'learning_rate': 0.012251257599287859, 'reg_alpha': 1.0066797131543864e-06, 'reg_lambda': 0.00048636420956269904, 'min_child_weight': 1}. Best is trial 0 with value: 0.9154228855721394.
[I 2026-03-24 15:39:57,984] Trial 423 finished with value: 0.9154228855721394 and parameters: {'n_estimators': 747, 'max_depth': 41, 'learning_rate': 0.024325604272407243, 'reg_alpha': 1.7777008271133e-05, 'reg_lambda': 8.676968829489744e-07, 'min_child_weight': 6}. Best is trial 0 with value: 0.9154228855721394.
[I 2026-03-24 15:39:58,082] Trial 424 finished with value: 0.9154228855721394 and parameters: {'n_estimators': 614, 'max_depth': 7, 'learning_rate': 0.02139438264186908, 'reg_alpha': 0.0735720715002974, 'reg_lambda': 0.006661665771153469, 'min_child_weight': 3}. Best is trial 0 with value: 0.9154228855721394.
[I 2026-03-24 15:39:58,156] Trial 425 finished with value: 0.9154228855721394 and parameters: {'n_estimators': 414, 'max_depth': 13, 'learning_rate': 0.004582894881122864, 'reg_alpha': 4.335578180620745e-06, 'reg_lambda': 0.0007646008994277906, 'min_child_weight': 6}. Best is trial 0 with value: 0.9154228855721394.
[I 2026-03-24 15:39:58,244] Trial 426 finished with value: 0.9154228855721394 and parameters: {'n_estimators': 335, 'max_depth': 38, 'learning_rate': 0.0015982561219127403, 'reg_alpha': 9.845253498282371e-06, 'reg_lambda': 7.165234692477082e-05, 'min_child_weight': 1}. Best is trial 0 with value: 0.9154228855721394.
[I 2026-03-24 15:39:58,313] Trial 427 finished with value: 0.9154228855721394 and parameters: {'n_estimators': 369, 'max_depth': 23, 'learning_rate': 0.00793106825676254, 'reg_alpha': 4.411441671625464e-08, 'reg_lambda': 0.0001744966779823024, 'min_child_weight': 7}. Best is trial 0 with value: 0.9154228855721394.
[I 2026-03-24 15:39:58,434] Trial 428 finished with value: 0.9154228855721394 and parameters: {'n_estimators': 811, 'max_depth': 20, 'learning_rate': 0.001119210351269051, 'reg_alpha': 0.33709963100901774, 'reg_lambda': 4.240185648114129e-06, 'min_child_weight': 4}. Best is trial 0 with value: 0.9154228855721394.
[I 2026-03-24 15:39:58,518] Trial 429 finished with value: 0.9154228855721394 and parameters: {'n_estimators': 493, 'max_depth': 36, 'learning_rate': 0.00257763660181815, 'reg_alpha': 0.00017715176581178582, 'reg_lambda': 1.449334171068772e-07, 'min_child_weight': 9}. Best is trial 0 with value: 0.9154228855721394.
[I 2026-03-24 15:39:58,658] Trial 430 finished with value: 0.9154228855721394 and parameters: {'n_estimators': 966, 'max_depth': 10, 'learning_rate': 0.09813352327442623, 'reg_alpha': 5.371882604934269e-07, 'reg_lambda': 2.2708939632128487e-05, 'min_child_weight': 5}. Best is trial 0 with value: 0.9154228855721394.
[I 2026-03-24 15:39:58,728] Trial 431 finished with value: 0.9154228855721394 and parameters: {'n_estimators': 230, 'max_depth': 16, 'learning_rate': 0.017916604278785747, 'reg_alpha': 0.0038203759416106237, 'reg_lambda': 0.04107602436697214, 'min_child_weight': 1}. Best is trial 0 with value: 0.9154228855721394.
[I 2026-03-24 15:39:58,789] Trial 432 finished with value: 0.9154228855721394 and parameters: {'n_estimators': 304, 'max_depth': 26, 'learning_rate': 0.0040366853443608575, 'reg_alpha': 0.018252416963501363, 'reg_lambda': 0.003236557863585813, 'min_child_weight': 8}. Best is trial 0 with value: 0.9154228855721394.
[I 2026-03-24 15:39:58,894] Trial 433 finished with value: 0.9154228855721394 and parameters: {'n_estimators': 676, 'max_depth': 42, 'learning_rate': 0.0020041686516718226, 'reg_alpha': 0.0002917950356785876, 'reg_lambda': 5.879056622680626e-07, 'min_child_weight': 2}. Best is trial 0 with value: 0.9154228855721394.
[I 2026-03-24 15:39:59,032] Trial 434 finished with value: 0.9154228855721394 and parameters: {'n_estimators': 939, 'max_depth': 47, 'learning_rate': 0.06566467975221005, 'reg_alpha': 3.7385192930437466e-06, 'reg_lambda': 1.0400858965165752e-05, 'min_child_weight': 7}. Best is trial 0 with value: 0.9154228855721394.
[I 2026-03-24 15:39:59,104] Trial 435 finished with value: 0.9154228855721394 and parameters: {'n_estimators': 389, 'max_depth': 50, 'learning_rate': 0.014976773088061071, 'reg_alpha': 1.900959256304287e-08, 'reg_lambda': 1.0503596130209454e-08, 'min_child_weight': 5}. Best is trial 0 with value: 0.9154228855721394.
[I 2026-03-24 15:39:59,236] Trial 436 finished with value: 0.9154228855721394 and parameters: {'n_estimators': 899, 'max_depth': 27, 'learning_rate': 0.005176255227695462, 'reg_alpha': 0.14578753986172313, 'reg_lambda': 0.00013890542676470182, 'min_child_weight': 3}. Best is trial 0 with value: 0.9154228855721394.
[I 2026-03-24 15:39:59,287] Trial 437 finished with value: 0.9154228855721394 and parameters: {'n_estimators': 211, 'max_depth': 25, 'learning_rate': 0.04610581347228953, 'reg_alpha': 0.0006501574519991931, 'reg_lambda': 0.00115229573824678, 'min_child_weight': 6}. Best is trial 0 with value: 0.9154228855721394.
[I 2026-03-24 15:39:59,403] Trial 438 finished with value: 0.9154228855721394 and parameters: {'n_estimators': 764, 'max_depth': 40, 'learning_rate': 0.0732057585546213, 'reg_alpha': 7.287175254098769e-06, 'reg_lambda': 2.3668462033761074e-07, 'min_child_weight': 4}. Best is trial 0 with value: 0.9154228855721394.
[I 2026-03-24 15:39:59,458] Trial 439 finished with value: 0.9154228855721394 and parameters: {'n_estimators': 244, 'max_depth': 43, 'learning_rate': 0.03303404742708997, 'reg_alpha': 9.980775001572566e-05, 'reg_lambda': 3.984038609047277e-05, 'min_child_weight': 5}. Best is trial 0 with value: 0.9154228855721394.
[I 2026-03-24 15:39:59,515] Trial 440 finished with value: 0.9154228855721394 and parameters: {'n_estimators': 262, 'max_depth': 14, 'learning_rate': 0.008598180313974638, 'reg_alpha': 0.02953101414406935, 'reg_lambda': 0.0004014879887765379, 'min_child_weight': 10}. Best is trial 0 with value: 0.9154228855721394.
[I 2026-03-24 15:39:59,616] Trial 441 finished with value: 0.9154228855721394 and parameters: {'n_estimators': 635, 'max_depth': 34, 'learning_rate': 0.08429797476896062, 'reg_alpha': 3.2647383461459994e-05, 'reg_lambda': 0.01615890127691868, 'min_child_weight': 7}. Best is trial 0 with value: 0.9154228855721394.
[I 2026-03-24 15:39:59,728] Trial 442 finished with value: 0.9154228855721394 and parameters: {'n_estimators': 718, 'max_depth': 48, 'learning_rate': 0.003014882857840241, 'reg_alpha': 1.848729655799349e-07, 'reg_lambda': 0.3179838302631387, 'min_child_weight': 2}. Best is trial 0 with value: 0.9154228855721394.
[I 2026-03-24 15:39:59,872] Trial 443 finished with value: 0.9154228855721394 and parameters: {'n_estimators': 989, 'max_depth': 11, 'learning_rate': 0.026835205353641037, 'reg_alpha': 0.0013946156803815943, 'reg_lambda': 2.6457417032906688e-08, 'min_child_weight': 8}. Best is trial 0 with value: 0.9154228855721394.
[I 2026-03-24 15:40:00,009] Trial 444 finished with value: 0.9154228855721394 and parameters: {'n_estimators': 920, 'max_depth': 44, 'learning_rate': 0.037034747903554224, 'reg_alpha': 0.0022769099306071653, 'reg_lambda': 2.2203924412445295e-06, 'min_child_weight': 3}. Best is trial 0 with value: 0.9154228855721394.
[I 2026-03-24 15:40:00,069] Trial 445 finished with value: 0.9154228855721394 and parameters: {'n_estimators': 292, 'max_depth': 46, 'learning_rate': 0.00664014588761466, 'reg_alpha': 0.012441530658741269, 'reg_lambda': 0.09874080263253555, 'min_child_weight': 6}. Best is trial 0 with value: 0.9154228855721394.
[I 2026-03-24 15:40:00,156] Trial 446 finished with value: 0.9154228855721394 and parameters: {'n_estimators': 328, 'max_depth': 35, 'learning_rate': 0.006025004189825015, 'reg_alpha': 2.3696161322799193e-05, 'reg_lambda': 5.668327360893069e-08, 'min_child_weight': 1}. Best is trial 0 with value: 0.9154228855721394.
[I 2026-03-24 15:40:00,248] Trial 447 finished with value: 0.9154228855721394 and parameters: {'n_estimators': 561, 'max_depth': 39, 'learning_rate': 0.016441339132053655, 'reg_alpha': 6.840311987341957e-05, 'reg_lambda': 0.00022710626329727627, 'min_child_weight': 7}. Best is trial 0 with value: 0.9154228855721394.
[I 2026-03-24 15:40:00,301] Trial 448 finished with value: 0.9154228855721394 and parameters: {'n_estimators': 223, 'max_depth': 36, 'learning_rate': 0.003667640196308127, 'reg_alpha': 0.0004353820090395263, 'reg_lambda': 9.973614747816352e-07, 'min_child_weight': 9}. Best is trial 0 with value: 0.9154228855721394.
[I 2026-03-24 15:40:00,367] Trial 449 finished with value: 0.9154228855721394 and parameters: {'n_estimators': 347, 'max_depth': 32, 'learning_rate': 0.011199062890385997, 'reg_alpha': 2.1308030688387626e-06, 'reg_lambda': 1.5715166612833466e-06, 'min_child_weight': 4}. Best is trial 0 with value: 0.9154228855721394.
[I 2026-03-24 15:40:00,463] Trial 450 finished with value: 0.9154228855721394 and parameters: {'n_estimators': 590, 'max_depth': 24, 'learning_rate': 0.013396745904309363, 'reg_alpha': 0.008069842283629806, 'reg_lambda': 0.00010393764656322625, 'min_child_weight': 6}. Best is trial 0 with value: 0.9154228855721394.
[I 2026-03-24 15:40:00,542] Trial 451 finished with value: 0.9154228855721394 and parameters: {'n_estimators': 446, 'max_depth': 27, 'learning_rate': 0.002315357376824559, 'reg_alpha': 0.5944076008282659, 'reg_lambda': 0.004784319651141433, 'min_child_weight': 8}. Best is trial 0 with value: 0.9154228855721394.
[I 2026-03-24 15:40:00,715] Trial 452 finished with value: 0.9154228855721394 and parameters: {'n_estimators': 795, 'max_depth': 30, 'learning_rate': 0.0027307803575533514, 'reg_alpha': 0.00014187703368708765, 'reg_lambda': 5.332076117674991e-06, 'min_child_weight': 1}. Best is trial 0 with value: 0.9154228855721394.
[I 2026-03-24 15:40:00,777] Trial 453 finished with value: 0.9154228855721394 and parameters: {'n_estimators': 311, 'max_depth': 42, 'learning_rate': 0.00716684563184616, 'reg_alpha': 0.004509187567656728, 'reg_lambda': 1.8412938725435816e-05, 'min_child_weight': 3}. Best is trial 0 with value: 0.9154228855721394.
[I 2026-03-24 15:40:00,908] Trial 454 finished with value: 0.9154228855721394 and parameters: {'n_estimators': 883, 'max_depth': 22, 'learning_rate': 0.004735371721681964, 'reg_alpha': 0.023523773578412826, 'reg_lambda': 0.0015520720444958563, 'min_child_weight': 5}. Best is trial 0 with value: 0.9154228855721394.
[I 2026-03-24 15:40:01,048] Trial 455 finished with value: 0.9154228855721394 and parameters: {'n_estimators': 955, 'max_depth': 29, 'learning_rate': 0.009877262687452362, 'reg_alpha': 1.3198093924085537e-06, 'reg_lambda': 0.5264431540035668, 'min_child_weight': 6}. Best is trial 0 with value: 0.9154228855721394.
[I 2026-03-24 15:40:01,147] Trial 456 finished with value: 0.9154228855721394 and parameters: {'n_estimators': 626, 'max_depth': 17, 'learning_rate': 0.001313454869723546, 'reg_alpha': 3.296387137568373e-07, 'reg_lambda': 6.387033260632825e-05, 'min_child_weight': 9}. Best is trial 0 with value: 0.9154228855721394.
