[I 2026-03-24 15:40:15,006] Trial 595 finished with value: 0.9154228855721394 and parameters: {'n_estimators': 591, 'max_depth': 34, 'learning_rate': 0.0038999569373129057, 'reg_alpha': 8.290736174931227e-05, 'reg_lambda': 0.001740948837107796, 'min_child_weight': 6}. Best is trial 0 with value: 0.9154228855721394.
[I 2026-03-24 15:40:15,096] Trial 596 finished with value: 0.9154228855721394 and parameters: {'n_estimators': 500, 'max_depth': 30, 'learning_rate': 0.030599013307387714, 'reg_alpha': 1.8836218872039005e-06, 'reg_lambda': 9.454617615614667e-08, 'min_child_weight': 7}. Best is trial 0 with value: 0.9154228855721394.
[I 2026-03-24 15:40:15,153] Trial 597 finished with value: 0.9154228855721394 and parameters: {'n_estimators': 228, 'max_depth': 25, 'learning_rate': 0.007807524390909185, 'reg_alpha': 0.05958510838710942, 'reg_lambda': 5.435880296975085e-07, 'min_child_weight': 5}. Best is trial 0 with value: 0.9154228855721394.
[I 2026-03-24 15:40:15,249] Trial 598 finished with value: 0.9154228855721394 and parameters: {'n_estimators': 558, 'max_depth': 24, 'learning_rate': 0.005258114062280978, 'reg_alpha': 0.18965406590207742, 'reg_lambda': 2.4281636021974305e-05, 'min_child_weight': 3}. Best is trial 0 with value: 0.9154228855721394.
[I 2026-03-24 15:40:15,334] Trial 599 finished with value: 0.9154228855721394 and parameters: {'n_estimators': 466, 'max_depth': 10, 'learning_rate': 0.006437537113957904, 'reg_alpha': 3.0345700392496162e-05, 'reg_lambda': 1.719060129945353e-08, 'min_child_weight': 8}. Best is trial 0 with value: 0.9154228855721394.
[I 2026-03-24 15:40:15,397] Trial 600 finished with value: 0.9154228855721394 and parameters: {'n_estimators': 283, 'max_depth': 27, 'learning_rate': 0.01970779676808429, 'reg_alpha': 8.516477542023212e-07, 'reg_lambda': 2.874722215932623e-06, 'min_child_weight': 2}. Best is trial 0 with value: 0.9154228855721394.
[I 2026-03-24 15:40:15,476] Trial 601 finished with value: 0.9154228855721394 and parameters: {'n_estimators': 412, 'max_depth': 14, 'learning_rate': 0.0026329027284785686, 'reg_alpha': 0.00022310786186910463, 'reg_lambda': 1.3435137585513973e-06, 'min_child_weight': 10}. Best is trial 0 with value: 0.9154228855721394.
[I 2026-03-24 15:40:15,545] Trial 602 finished with value: 0.9154228855721394 and parameters: {'n_estimators': 332, 'max_depth': 45, 'learning_rate': 0.0018155935937937391, 'reg_alpha': 0.016942872504747207, 'reg_lambda': 3.568363849521689e-05, 'min_child_weight': 7}. Best is trial 0 with value: 0.9154228855721394.
[I 2026-03-24 15:40:15,660] Trial 603 finished with value: 0.9154228855721394 and parameters: {'n_estimators': 710, 'max_depth': 43, 'learning_rate': 0.013102529458089578, 'reg_alpha': 0.008595202108717531, 'reg_lambda': 1.3880152007998768e-05, 'min_child_weight': 3}. Best is trial 0 with value: 0.9154228855721394.
[I 2026-03-24 15:40:15,763] Trial 604 finished with value: 0.9154228855721394 and parameters: {'n_estimators': 617, 'max_depth': 38, 'learning_rate': 0.07688078299176371, 'reg_alpha': 3.3029909942104806e-06, 'reg_lambda': 4.23035187192819e-06, 'min_child_weight': 8}. Best is trial 0 with value: 0.9154228855721394.
[I 2026-03-24 15:40:15,834] Trial 605 finished with value: 0.9154228855721394 and parameters: {'n_estimators': 215, 'max_depth': 12, 'learning_rate': 0.003219230920746858, 'reg_alpha': 0.0013034149808818707, 'reg_lambda': 0.0035252936306445063, 'min_child_weight': 1}. Best is trial 0 with value: 0.9154228855721394.
[I 2026-03-24 15:40:15,967] Trial 606 finished with value: 0.9154228855721394 and parameters: {'n_estimators': 855, 'max_depth': 19, 'learning_rate': 0.006924691336739039, 'reg_alpha': 1.426496322083583e-05, 'reg_lambda': 2.741048659298929e-07, 'min_child_weight': 5}. Best is trial 0 with value: 0.9154228855721394.
[I 2026-03-24 15:40:16,034] Trial 607 finished with value: 0.9154228855721394 and parameters: {'n_estimators': 312, 'max_depth': 39, 'learning_rate': 0.02229373641947259, 'reg_alpha': 1.7339560159016063e-07, 'reg_lambda': 0.00013307343926962048, 'min_child_weight': 7}. Best is trial 0 with value: 0.9154228855721394.
[I 2026-03-24 15:40:16,091] Trial 608 finished with value: 0.9154228855721394 and parameters: {'n_estimators': 236, 'max_depth': 36, 'learning_rate': 0.028714438851265494, 'reg_alpha': 0.006032844539819387, 'reg_lambda': 0.007713923313543465, 'min_child_weight': 2}. Best is trial 0 with value: 0.9154228855721394.
[I 2026-03-24 15:40:16,165] Trial 609 finished with value: 0.9154228855721394 and parameters: {'n_estimators': 373, 'max_depth': 50, 'learning_rate': 0.004090493300405698, 'reg_alpha': 0.00037213819985007794, 'reg_lambda': 0.00021048277087191563, 'min_child_weight': 4}. Best is trial 0 with value: 0.9154228855721394.
[I 2026-03-24 15:40:16,300] Trial 610 finished with value: 0.9154228855721394 and parameters: {'n_estimators': 869, 'max_depth': 7, 'learning_rate': 0.04782108717954351, 'reg_alpha': 0.02761409161550006, 'reg_lambda': 0.0006063222482697713, 'min_child_weight': 6}. Best is trial 0 with value: 0.9154228855721394.
[I 2026-03-24 15:40:16,505] Trial 611 finished with value: 0.9154228855721394 and parameters: {'n_estimators': 960, 'max_depth': 31, 'learning_rate': 0.00838446787908765, 'reg_alpha': 0.002755075526738969, 'reg_lambda': 0.0004416446451884062, 'min_child_weight': 1}. Best is trial 0 with value: 0.9154228855721394.
[I 2026-03-24 15:40:16,646] Trial 612 finished with value: 0.9154228855721394 and parameters: {'n_estimators': 920, 'max_depth': 46, 'learning_rate': 0.033095466304686585, 'reg_alpha': 0.0006711075966127556, 'reg_lambda': 3.041621718905986e-08, 'min_child_weight': 9}. Best is trial 0 with value: 0.9154228855721394.
[I 2026-03-24 15:40:16,765] Trial 613 finished with value: 0.9154228855721394 and parameters: {'n_estimators': 740, 'max_depth': 40, 'learning_rate': 0.0011227214357533548, 'reg_alpha': 5.0933988170590455e-06, 'reg_lambda': 0.0010976664556113555, 'min_child_weight': 3}. Best is trial 0 with value: 0.9154228855721394.
[I 2026-03-24 15:40:16,889] Trial 614 finished with value: 0.9154228855721394 and parameters: {'n_estimators': 785, 'max_depth': 37, 'learning_rate': 0.08378114019976687, 'reg_alpha': 8.221849825072877e-06, 'reg_lambda': 2.0076782376734108e-07, 'min_child_weight': 6}. Best is trial 0 with value: 0.9154228855721394.
[I 2026-03-24 15:40:17,017] Trial 615 finished with value: 0.9154228855721394 and parameters: {'n_estimators': 816, 'max_depth': 44, 'learning_rate': 0.016083443943368577, 'reg_alpha': 2.4484100311716735e-05, 'reg_lambda': 2.1431448550181227e-06, 'min_child_weight': 5}. Best is trial 0 with value: 0.9154228855721394.
[I 2026-03-24 15:40:17,089] Trial 616 finished with value: 0.9154228855721394 and parameters: {'n_estimators': 351, 'max_depth': 34, 'learning_rate': 0.003011140198016148, 'reg_alpha': 0.3919228446658674, 'reg_lambda': 8.076024357543057e-07, 'min_child_weight': 7}. Best is trial 0 with value: 0.9154228855721394.
[I 2026-03-24 15:40:17,177] Trial 617 finished with value: 0.9154228855721394 and parameters: {'n_estimators': 488, 'max_depth': 42, 'learning_rate': 0.0022601021729796965, 'reg_alpha': 1.0729080067695612e-06, 'reg_lambda': 8.322764565340959e-06, 'min_child_weight': 8}. Best is trial 0 with value: 0.9154228855721394.
[I 2026-03-24 15:40:17,316] Trial 618 finished with value: 0.9154228855721394 and parameters: {'n_estimators': 904, 'max_depth': 29, 'learning_rate': 0.006224655777211185, 'reg_alpha': 2.621240404986632e-08, 'reg_lambda': 0.026382086129822308, 'min_child_weight': 4}. Best is trial 0 with value: 0.9154228855721394.
[I 2026-03-24 15:40:17,464] Trial 619 finished with value: 0.9154228855721394 and parameters: {'n_estimators': 985, 'max_depth': 32, 'learning_rate': 0.004926224675815982, 'reg_alpha': 5.043585911201865e-08, 'reg_lambda': 5.024530750422984e-07, 'min_child_weight': 7}. Best is trial 0 with value: 0.9154228855721394.
[I 2026-03-24 15:40:17,519] Trial 620 finished with value: 0.9154228855721394 and parameters: {'n_estimators': 200, 'max_depth': 35, 'learning_rate': 0.037918888657813905, 'reg_alpha': 0.004110749859291886, 'reg_lambda': 6.776471439473557e-05, 'min_child_weight': 9}. Best is trial 0 with value: 0.9154228855721394.
[I 2026-03-24 15:40:17,602] Trial 621 finished with value: 0.9154228855721394 and parameters: {'n_estimators': 442, 'max_depth': 27, 'learning_rate': 0.06895066423117899, 'reg_alpha': 0.10462714262007852, 'reg_lambda': 1.4352897059621324e-08, 'min_child_weight': 5}. Best is trial 0 with value: 0.9154228855721394.
[I 2026-03-24 15:40:17,680] Trial 622 finished with value: 0.9154228855721394 and parameters: {'n_estimators': 258, 'max_depth': 10, 'learning_rate': 0.0015168008030696258, 'reg_alpha': 0.012517703404280716, 'reg_lambda': 0.00030532596463047864, 'min_child_weight': 1}. Best is trial 0 with value: 0.9154228855721394.
[I 2026-03-24 15:40:17,756] Trial 623 finished with value: 0.9154228855721394 and parameters: {'n_estimators': 391, 'max_depth': 41, 'learning_rate': 0.005394595877062425, 'reg_alpha': 0.00013997675595124246, 'reg_lambda': 0.014454951749722026, 'min_child_weight': 6}. Best is trial 0 with value: 0.9154228855721394.
[I 2026-03-24 15:40:17,848] Trial 624 finished with value: 0.9154228855721394 and parameters: {'n_estimators': 519, 'max_depth': 21, 'learning_rate': 0.01004396983858239, 'reg_alpha': 3.028759532813317e-07, 'reg_lambda': 5.083513544919111e-05, 'min_child_weight': 2}. Best is trial 0 with value: 0.9154228855721394.
[I 2026-03-24 15:40:17,911] Trial 625 finished with value: 0.9154228855721394 and parameters: {'n_estimators': 275, 'max_depth': 23, 'learning_rate': 0.01822427043541871, 'reg_alpha': 0.04411745618489203, 'reg_lambda': 0.0022737956870917007, 'min_child_weight': 5}. Best is trial 0 with value: 0.9154228855721394.
[I 2026-03-24 15:40:18,024] Trial 626 finished with value: 0.9154228855721394 and parameters: {'n_estimators': 694, 'max_depth': 26, 'learning_rate': 0.0025336643220638666, 'reg_alpha': 4.94026704873913e-05, 'reg_lambda': 1.022448372655899e-08, 'min_child_weight': 10}. Best is trial 0 with value: 0.9154228855721394.
[I 2026-03-24 15:40:18,167] Trial 627 finished with value: 0.9154228855721394 and parameters: {'n_estimators': 936, 'max_depth': 48, 'learning_rate': 0.007598334671192973, 'reg_alpha': 1.5009471708894658e-06, 'reg_lambda': 2.9909921422348063e-05, 'min_child_weight': 3}. Best is trial 0 with value: 0.9154228855721394.
[I 2026-03-24 15:40:18,284] Trial 628 finished with value: 0.9154228855721394 and parameters: {'n_estimators': 723, 'max_depth': 49, 'learning_rate': 0.001281659810765805, 'reg_alpha': 0.02078945330465078, 'reg_lambda': 1.1745436987253554e-06, 'min_child_weight': 6}. Best is trial 0 with value: 0.9154228855721394.
[I 2026-03-24 15:40:18,384] Trial 629 finished with value: 0.9154228855721394 and parameters: {'n_estimators': 584, 'max_depth': 8, 'learning_rate': 0.011566134935201356, 'reg_alpha': 0.0002774893068702635, 'reg_lambda': 6.157106370985844e-06, 'min_child_weight': 2}. Best is trial 0 with value: 0.9154228855721394.
[I 2026-03-24 15:40:18,453] Trial 630 finished with value: 0.9154228855721394 and parameters: {'n_estimators': 324, 'max_depth': 47, 'learning_rate': 0.004428646208225506, 'reg_alpha': 0.000492506572220034, 'reg_lambda': 1.6312456694673997e-05, 'min_child_weight': 7}. Best is trial 0 with value: 0.9154228855721394.
[I 2026-03-24 15:40:18,541] Trial 631 finished with value: 0.9154228855721394 and parameters: {'n_estimators': 307, 'max_depth': 24, 'learning_rate': 0.024767384235841697, 'reg_alpha': 3.6025624070041027e-06, 'reg_lambda': 3.860985557976057e-06, 'min_child_weight': 1}. Best is trial 0 with value: 0.9154228855721394.
[I 2026-03-24 15:40:18,671] Trial 632 finished with value: 0.9154228855721394 and parameters: {'n_estimators': 838, 'max_depth': 25, 'learning_rate': 0.0019647508342972757, 'reg_alpha': 5.244104082549288e-06, 'reg_lambda': 0.00017529670860364969, 'min_child_weight': 5}. Best is trial 0 with value: 0.9154228855721394.
[I 2026-03-24 15:40:18,777] Trial 633 finished with value: 0.9154228855721394 and parameters: {'n_estimators': 620, 'max_depth': 44, 'learning_rate': 0.05685018529259679, 'reg_alpha': 4.735242193401506e-07, 'reg_lambda': 0.3488630811872824, 'min_child_weight': 8}. Best is trial 0 with value: 0.9154228855721394.
[I 2026-03-24 15:40:18,834] Trial 634 finished with value: 0.9154228855721394 and parameters: {'n_estimators': 223, 'max_depth': 30, 'learning_rate': 0.006962689794843099, 'reg_alpha': 0.15371668083748968, 'reg_lambda': 0.0001012690130597989, 'min_child_weight': 9}. Best is trial 0 with value: 0.9154228855721394.
[I 2026-03-24 15:40:18,954] Trial 635 finished with value: 0.9154228855721394 and parameters: {'n_estimators': 753, 'max_depth': 38, 'learning_rate': 0.014324829608210026, 'reg_alpha': 0.0020265621292062013, 'reg_lambda': 0.12210455118238127, 'min_child_weight': 3}. Best is trial 0 with value: 0.9154228855721394.
[I 2026-03-24 15:40:19,064] Trial 636 finished with value: 0.9154228855721394 and parameters: {'n_estimators': 671, 'max_depth': 15, 'learning_rate': 0.008774627314249267, 'reg_alpha': 1.1890735072397034e-07, 'reg_lambda': 0.0014212741631664015, 'min_child_weight': 6}. Best is trial 0 with value: 0.9154228855721394.
[I 2026-03-24 15:40:19,211] Trial 637 finished with value: 0.9154228855721394 and parameters: {'n_estimators': 969, 'max_depth': 20, 'learning_rate': 0.0027731832542235795, 'reg_alpha': 1.0643087691770528e-05, 'reg_lambda': 5.97845371297533e-08, 'min_child_weight': 4}. Best is trial 0 with value: 0.9154228855721394.
[I 2026-03-24 15:40:19,287] Trial 638 finished with value: 0.9154228855721394 and parameters: {'n_estimators': 239, 'max_depth': 36, 'learning_rate': 0.005764479055192712, 'reg_alpha': 8.309490051933177e-05, 'reg_lambda': 1.3263496435078035e-07, 'min_child_weight': 1}. Best is trial 0 with value: 0.9154228855721394.
[I 2026-03-24 15:40:19,381] Trial 639 finished with value: 0.9154228855721394 and parameters: {'n_estimators': 536, 'max_depth': 33, 'learning_rate': 0.003211559521043918, 'reg_alpha': 8.098977449742455e-07, 'reg_lambda': 1.6102159111619259e-06, 'min_child_weight': 8}. Best is trial 0 with value: 0.9154228855721394.
[I 2026-03-24 15:40:19,487] Trial 640 finished with value: 0.9154228855721394 and parameters: {'n_estimators': 636, 'max_depth': 45, 'learning_rate': 0.012529774199378368, 'reg_alpha': 1.6530735604242103e-05, 'reg_lambda': 3.9579700060329097e-07, 'min_child_weight': 6}. Best is trial 0 with value: 0.9154228855721394.
[I 2026-03-24 15:40:19,625] Trial 641 finished with value: 0.9154228855721394 and parameters: {'n_estimators': 887, 'max_depth': 28, 'learning_rate': 0.01995981798965171, 'reg_alpha': 0.00777338310249048, 'reg_lambda': 0.004699255673451318, 'min_child_weight': 10}. Best is trial 0 with value: 0.9154228855721394.
[I 2026-03-24 15:40:19,696] Trial 642 finished with value: 0.9154228855721394 and parameters: {'n_estimators': 340, 'max_depth': 37, 'learning_rate': 0.006407770727525774, 'reg_alpha': 0.2967218582382091, 'reg_lambda': 6.819341023775574e-07, 'min_child_weight': 3}. Best is trial 0 with value: 0.9154228855721394.
[I 2026-03-24 15:40:19,761] Trial 643 finished with value: 0.9154228855721394 and parameters: {'n_estimators': 288, 'max_depth': 12, 'learning_rate': 0.003799923993899583, 'reg_alpha': 1.1182818753332564e-08, 'reg_lambda': 3.0747127456052698e-06, 'min_child_weight': 7}. Best is trial 0 with value: 0.9154228855721394.
[I 2026-03-24 15:40:19,847] Trial 644 finished with value: 0.9154228855721394 and parameters: {'n_estimators': 460, 'max_depth': 46, 'learning_rate': 0.03551791439348694, 'reg_alpha': 0.0010476847105851343, 'reg_lambda': 0.0002525881010358104, 'min_child_weight': 4}. Best is trial 0 with value: 0.9154228855721394.
[I 2026-03-24 15:40:19,953] Trial 645 finished with value: 0.9154228855721394 and parameters: {'n_estimators': 404, 'max_depth': 35, 'learning_rate': 0.017583607745161545, 'reg_alpha': 0.030826042402862863, 'reg_lambda': 0.0008364557736386008, 'min_child_weight': 1}. Best is trial 0 with value: 0.9154228855721394.
[I 2026-03-24 15:40:20,028] Trial 646 finished with value: 0.9154228855721394 and parameters: {'n_estimators': 367, 'max_depth': 11, 'learning_rate': 0.015307024235609982, 'reg_alpha': 2.0547215049497692e-06, 'reg_lambda': 2.6631130145893673e-08, 'min_child_weight': 7}. Best is trial 0 with value: 0.9154228855721394.
[I 2026-03-24 15:40:20,111] Trial 647 finished with value: 0.9154228855721394 and parameters: {'n_estimators': 429, 'max_depth': 22, 'learning_rate': 0.0013850790743338683, 'reg_alpha': 0.07100979189995574, 'reg_lambda': 1.084116231946682e-05, 'min_child_weight': 5}. Best is trial 0 with value: 0.9154228855721394.
[I 2026-03-24 15:40:20,220] Trial 648 finished with value: 0.9154228855721394 and parameters: {'n_estimators': 655, 'max_depth': 18, 'learning_rate': 0.04047193759496901, 'reg_alpha': 0.00066929107384709, 'reg_lambda': 0.00041039631467332135, 'min_child_weight': 2}. Best is trial 0 with value: 0.9154228855721394.
[I 2026-03-24 15:40:20,365] Trial 649 finished with value: 0.9154228855721394 and parameters: {'n_estimators': 949, 'max_depth': 43, 'learning_rate': 0.002852714278408368, 'reg_alpha': 0.0014789809169066042, 'reg_lambda': 9.280308552617855e-07, 'min_child_weight': 7}. Best is trial 0 with value: 0.9154228855721394.
[I 2026-03-24 15:40:20,467] Trial 650 finished with value: 0.9154228855721394 and parameters: {'n_estimators': 604, 'max_depth': 50, 'learning_rate': 0.002464310907356908, 'reg_alpha': 0.013287389676005916, 'reg_lambda': 0.23018372866039138, 'min_child_weight': 9}. Best is trial 0 with value: 0.9154228855721394.
[I 2026-03-24 15:40:20,523] Trial 651 finished with value: 0.9154228855721394 and parameters: {'n_estimators': 217, 'max_depth': 42, 'learning_rate': 0.009227460897286164, 'reg_alpha': 0.0001721168952028913, 'reg_lambda': 0.006798650766742858, 'min_child_weight': 6}. Best is trial 0 with value: 0.9154228855721394.
[I 2026-03-24 15:40:20,647] Trial 652 finished with value: 0.9154228855721394 and parameters: {'n_estimators': 779, 'max_depth': 39, 'learning_rate': 0.027833386896854048, 'reg_alpha': 6.79242867405147e-06, 'reg_lambda': 5.3307635499909765e-06, 'min_child_weight': 3}. Best is trial 0 with value: 0.9154228855721394.
[I 2026-03-24 15:40:20,709] Trial 653 finished with value: 0.9154228855721394 and parameters: {'n_estimators': 266, 'max_depth': 29, 'learning_rate': 0.01100065040030647, 'reg_alpha': 7.739523589332755e-08, 'reg_lambda': 2.2624817767685486e-05, 'min_child_weight': 5}. Best is trial 0 with value: 0.9154228855721394.
[I 2026-03-24 15:40:20,932] Trial 654 finished with value: 0.9154228855721394 and parameters: {'n_estimators': 1000, 'max_depth': 33, 'learning_rate': 0.0034701129131236583, 'reg_alpha': 0.004673968514041216, 'reg_lambda': 7.810136395779362e-05, 'min_child_weight': 1}. Best is trial 0 with value: 0.9154228855721394.
[I 2026-03-24 15:40:20,999] Trial 655 finished with value: 0.9154228855721394 and parameters: {'n_estimators': 302, 'max_depth': 31, 'learning_rate': 0.06322042785308124, 'reg_alpha': 0.0003252155356472516, 'reg_lambda': 2.33442179733873e-06, 'min_child_weight': 10}. Best is trial 0 with value: 0.9154228855721394.
[I 2026-03-24 15:40:21,097] Trial 656 finished with value: 0.9154228855721394 and parameters: {'n_estimators': 560, 'max_depth': 25, 'learning_rate': 0.02141983410993216, 'reg_alpha': 0.6373600117370215, 'reg_lambda': 1.912676577050294e-08, 'min_child_weight': 8}. Best is trial 0 with value: 0.9154228855721394.
[I 2026-03-24 15:40:21,156] Trial 657 finished with value: 0.9154228855721394 and parameters: {'n_estimators': 245, 'max_depth': 24, 'learning_rate': 0.005148132161028713, 'reg_alpha': 0.21364554887041576, 'reg_lambda': 0.009975673154331755, 'min_child_weight': 6}. Best is trial 0 with value: 0.9154228855721394.
[I 2026-03-24 15:40:21,244] Trial 658 finished with value: 0.9154228855721394 and parameters: {'n_estimators': 474, 'max_depth': 44, 'learning_rate': 0.007913970131621777, 'reg_alpha': 2.5937533780264026e-06, 'reg_lambda': 2.958709020110284e-07, 'min_child_weight': 5}. Best is trial 0 with value: 0.9154228855721394.
[I 2026-03-24 15:40:21,335] Trial 659 finished with value: 0.9154228855721394 and parameters: {'n_estimators': 507, 'max_depth': 21, 'learning_rate': 0.004519194341480158, 'reg_alpha': 0.01645422653527696, 'reg_lambda': 0.018768708899891545, 'min_child_weight': 7}. Best is trial 0 with value: 0.9154228855721394.
[I 2026-03-24 15:40:21,421] Trial 660 finished with value: 0.9154228855721394 and parameters: {'n_estimators': 354, 'max_depth': 35, 'learning_rate': 0.05128009659644785, 'reg_alpha': 0.009662086952730862, 'reg_lambda': 0.0027192365998593075, 'min_child_weight': 1}. Best is trial 0 with value: 0.9154228855721394.
[I 2026-03-24 15:40:21,491] Trial 661 finished with value: 0.9154228855721394 and parameters: {'n_estimators': 323, 'max_depth': 8, 'learning_rate': 0.09003066758541316, 'reg_alpha': 8.296578577500278e-06, 'reg_lambda': 0.00014546159106970294, 'min_child_weight': 4}. Best is trial 0 with value: 0.9154228855721394.
[I 2026-03-24 15:40:21,604] Trial 662 finished with value: 0.9154228855721394 and parameters: {'n_estimators': 683, 'max_depth': 27, 'learning_rate': 0.007206545477585422, 'reg_alpha': 0.00020878848798847185, 'reg_lambda': 4.351545337384732e-08, 'min_child_weight': 2}. Best is trial 0 with value: 0.9154228855721394.
[I 2026-03-24 15:40:21,731] Trial 663 finished with value: 0.9154228855721394 and parameters: {'n_estimators': 804, 'max_depth': 34, 'learning_rate': 0.016930835654809885, 'reg_alpha': 3.997801989514147e-06, 'reg_lambda': 4.878477741758544e-05, 'min_child_weight': 3}. Best is trial 0 with value: 0.9154228855721394.
