[I 2026-03-24 15:30:28,557] Trial 208 finished with value: 0.941747572815534 and parameters: {'n_estimators': 796, 'max_depth': 12, 'learning_rate': 0.025249244373864946, 'reg_alpha': 0.0005249606591923891, 'reg_lambda': 0.0063850949203422, 'min_child_weight': 4}. Best is trial 0 with value: 0.941747572815534.
[I 2026-03-24 15:30:28,663] Trial 209 finished with value: 0.941747572815534 and parameters: {'n_estimators': 745, 'max_depth': 42, 'learning_rate': 0.011363758267650556, 'reg_alpha': 1.4545009896431215e-06, 'reg_lambda': 0.06335465473740684, 'min_child_weight': 3}. Best is trial 0 with value: 0.941747572815534.
[I 2026-03-24 15:30:28,721] Trial 210 finished with value: 0.941747572815534 and parameters: {'n_estimators': 295, 'max_depth': 48, 'learning_rate': 0.02217443789458779, 'reg_alpha': 0.3012359038656234, 'reg_lambda': 3.0558818390933436e-06, 'min_child_weight': 10}. Best is trial 0 with value: 0.941747572815534.
[I 2026-03-24 15:30:28,803] Trial 211 finished with value: 0.941747572815534 and parameters: {'n_estimators': 522, 'max_depth': 38, 'learning_rate': 0.08274526471066239, 'reg_alpha': 0.0353464538194377, 'reg_lambda': 0.3600591973159704, 'min_child_weight': 7}. Best is trial 0 with value: 0.941747572815534.
[I 2026-03-24 15:30:28,878] Trial 212 finished with value: 0.941747572815534 and parameters: {'n_estimators': 477, 'max_depth': 39, 'learning_rate': 0.09912903523219005, 'reg_alpha': 1.5913904217937074e-07, 'reg_lambda': 0.7408441615494273, 'min_child_weight': 7}. Best is trial 0 with value: 0.941747572815534.
[I 2026-03-24 15:30:28,960] Trial 213 finished with value: 0.941747572815534 and parameters: {'n_estimators': 542, 'max_depth': 40, 'learning_rate': 0.09136500984975875, 'reg_alpha': 0.013697008464654867, 'reg_lambda': 0.5300818228526215, 'min_child_weight': 8}. Best is trial 0 with value: 0.941747572815534.
[I 2026-03-24 15:30:29,049] Trial 214 finished with value: 0.941747572815534 and parameters: {'n_estimators': 608, 'max_depth': 37, 'learning_rate': 0.03503593151196292, 'reg_alpha': 0.05435807897936742, 'reg_lambda': 0.29074798589016004, 'min_child_weight': 7}. Best is trial 0 with value: 0.941747572815534.
[I 2026-03-24 15:30:29,155] Trial 215 finished with value: 0.941747572815534 and parameters: {'n_estimators': 773, 'max_depth': 39, 'learning_rate': 0.016657348323840995, 'reg_alpha': 0.12947398266183757, 'reg_lambda': 0.0006630280803590431, 'min_child_weight': 6}. Best is trial 0 with value: 0.941747572815534.
[I 2026-03-24 15:30:29,220] Trial 216 finished with value: 0.941747572815534 and parameters: {'n_estimators': 371, 'max_depth': 22, 'learning_rate': 0.09017726629633026, 'reg_alpha': 3.3235827785265324e-06, 'reg_lambda': 0.6676848663421546, 'min_child_weight': 7}. Best is trial 0 with value: 0.941747572815534.
[I 2026-03-24 15:30:29,298] Trial 217 finished with value: 0.941747572815534 and parameters: {'n_estimators': 507, 'max_depth': 25, 'learning_rate': 0.0011852610182595377, 'reg_alpha': 0.010045334815279998, 'reg_lambda': 0.1604151012874645, 'min_child_weight': 5}. Best is trial 0 with value: 0.941747572815534.
[I 2026-03-24 15:30:29,375] Trial 218 finished with value: 0.941747572815534 and parameters: {'n_estimators': 489, 'max_depth': 43, 'learning_rate': 0.07347031733269259, 'reg_alpha': 4.203674894338952e-08, 'reg_lambda': 0.0089559427874173, 'min_child_weight': 8}. Best is trial 0 with value: 0.941747572815534.
[I 2026-03-24 15:30:29,494] Trial 219 finished with value: 0.941747572815534 and parameters: {'n_estimators': 886, 'max_depth': 17, 'learning_rate': 0.04318454766930945, 'reg_alpha': 0.004171694104841044, 'reg_lambda': 1.4091651681400305e-05, 'min_child_weight': 7}. Best is trial 0 with value: 0.941747572815534.
[I 2026-03-24 15:30:29,566] Trial 220 finished with value: 0.941747572815534 and parameters: {'n_estimators': 428, 'max_depth': 35, 'learning_rate': 0.0036967864069049144, 'reg_alpha': 0.02278153472441998, 'reg_lambda': 9.22959439340689e-07, 'min_child_weight': 9}. Best is trial 0 with value: 0.941747572815534.
[I 2026-03-24 15:30:29,638] Trial 221 finished with value: 0.941747572815534 and parameters: {'n_estimators': 444, 'max_depth': 46, 'learning_rate': 0.06466678761791707, 'reg_alpha': 0.00021890289914139785, 'reg_lambda': 0.08055983041289554, 'min_child_weight': 6}. Best is trial 0 with value: 0.941747572815534.
[I 2026-03-24 15:30:29,713] Trial 222 finished with value: 0.941747572815534 and parameters: {'n_estimators': 466, 'max_depth': 44, 'learning_rate': 0.0554804280837134, 'reg_alpha': 4.852872056329837e-07, 'reg_lambda': 0.10958504665601516, 'min_child_weight': 6}. Best is trial 0 with value: 0.941747572815534.
[I 2026-03-24 15:30:29,786] Trial 223 finished with value: 0.941747572815534 and parameters: {'n_estimators': 465, 'max_depth': 45, 'learning_rate': 0.050697880903198066, 'reg_alpha': 7.164610663504043e-08, 'reg_lambda': 0.046514652302936166, 'min_child_weight': 6}. Best is trial 0 with value: 0.941747572815534.
[I 2026-03-24 15:30:29,863] Trial 224 finished with value: 0.941747572815534 and parameters: {'n_estimators': 489, 'max_depth': 43, 'learning_rate': 0.004573702922797948, 'reg_alpha': 1.3730842438922279e-05, 'reg_lambda': 4.856431948696631e-05, 'min_child_weight': 6}. Best is trial 0 with value: 0.941747572815534.
[I 2026-03-24 15:30:29,932] Trial 225 finished with value: 0.941747572815534 and parameters: {'n_estimators': 418, 'max_depth': 41, 'learning_rate': 0.04767333368714012, 'reg_alpha': 0.004655999982870163, 'reg_lambda': 5.373221781744043e-08, 'min_child_weight': 5}. Best is trial 0 with value: 0.941747572815534.
[I 2026-03-24 15:30:30,023] Trial 226 finished with value: 0.941747572815534 and parameters: {'n_estimators': 637, 'max_depth': 42, 'learning_rate': 0.0021563743456245272, 'reg_alpha': 2.523519686299035e-08, 'reg_lambda': 2.027659034949725e-08, 'min_child_weight': 8}. Best is trial 0 with value: 0.941747572815534.
[I 2026-03-24 15:30:30,085] Trial 227 finished with value: 0.941747572815534 and parameters: {'n_estimators': 333, 'max_depth': 37, 'learning_rate': 0.02786309848941314, 'reg_alpha': 0.0062915031846239615, 'reg_lambda': 0.030089653783648605, 'min_child_weight': 1}. Best is trial 0 with value: 0.941747572815534.
[I 2026-03-24 15:30:30,211] Trial 228 finished with value: 0.941747572815534 and parameters: {'n_estimators': 973, 'max_depth': 6, 'learning_rate': 0.0010307601084139195, 'reg_alpha': 2.3751478067768685e-06, 'reg_lambda': 0.000387971415197649, 'min_child_weight': 10}. Best is trial 0 with value: 0.941747572815534.
[I 2026-03-24 15:30:30,284] Trial 229 finished with value: 0.941747572815534 and parameters: {'n_estimators': 449, 'max_depth': 8, 'learning_rate': 0.007135952305315804, 'reg_alpha': 0.0025377206897219213, 'reg_lambda': 0.0018743489742608047, 'min_child_weight': 6}. Best is trial 0 with value: 0.941747572815534.
[I 2026-03-24 15:30:30,407] Trial 230 finished with value: 0.941747572815534 and parameters: {'n_estimators': 939, 'max_depth': 39, 'learning_rate': 0.009986636195595137, 'reg_alpha': 5.0025444565813495e-06, 'reg_lambda': 0.14810009008079855, 'min_child_weight': 2}. Best is trial 0 with value: 0.941747572815534.
[I 2026-03-24 15:30:30,487] Trial 231 finished with value: 0.941747572815534 and parameters: {'n_estimators': 529, 'max_depth': 46, 'learning_rate': 0.01958878529211132, 'reg_alpha': 0.03534025400347361, 'reg_lambda': 0.015174608019377275, 'min_child_weight': 7}. Best is trial 0 with value: 0.941747572815534.
[I 2026-03-24 15:30:30,572] Trial 232 finished with value: 0.941747572815534 and parameters: {'n_estimators': 572, 'max_depth': 46, 'learning_rate': 0.027871405560750268, 'reg_alpha': 0.0015662344994796951, 'reg_lambda': 0.04954840877682165, 'min_child_weight': 7}. Best is trial 0 with value: 0.941747572815534.
[I 2026-03-24 15:30:30,650] Trial 233 finished with value: 0.941747572815534 and parameters: {'n_estimators': 497, 'max_depth': 45, 'learning_rate': 0.030365874707534064, 'reg_alpha': 0.09763313062383217, 'reg_lambda': 0.026873788291877313, 'min_child_weight': 7}. Best is trial 0 with value: 0.941747572815534.
[I 2026-03-24 15:30:30,740] Trial 234 finished with value: 0.941747572815534 and parameters: {'n_estimators': 600, 'max_depth': 44, 'learning_rate': 0.02434817499919521, 'reg_alpha': 2.456936656851549e-07, 'reg_lambda': 0.0038308596296072997, 'min_child_weight': 7}. Best is trial 0 with value: 0.941747572815534.
[I 2026-03-24 15:30:30,832] Trial 235 finished with value: 0.941747572815534 and parameters: {'n_estimators': 622, 'max_depth': 47, 'learning_rate': 0.01786029663012599, 'reg_alpha': 0.02154909023389978, 'reg_lambda': 0.10074025126008376, 'min_child_weight': 7}. Best is trial 0 with value: 0.941747572815534.
[I 2026-03-24 15:30:30,947] Trial 236 finished with value: 0.941747572815534 and parameters: {'n_estimators': 839, 'max_depth': 7, 'learning_rate': 0.021324757066796672, 'reg_alpha': 0.045571767150190574, 'reg_lambda': 0.07149196431089967, 'min_child_weight': 4}. Best is trial 0 with value: 0.941747572815534.
[I 2026-03-24 15:30:31,032] Trial 237 finished with value: 0.941747572815534 and parameters: {'n_estimators': 551, 'max_depth': 48, 'learning_rate': 0.09796809029226279, 'reg_alpha': 0.0640552768063053, 'reg_lambda': 3.770557919102724e-06, 'min_child_weight': 6}. Best is trial 0 with value: 0.941747572815534.
[I 2026-03-24 15:30:31,145] Trial 238 finished with value: 0.941747572815534 and parameters: {'n_estimators': 814, 'max_depth': 49, 'learning_rate': 0.0027038178687938436, 'reg_alpha': 0.1881289770154055, 'reg_lambda': 0.010219479244344378, 'min_child_weight': 7}. Best is trial 0 with value: 0.941747572815534.
[I 2026-03-24 15:30:31,233] Trial 239 finished with value: 0.941747572815534 and parameters: {'n_estimators': 593, 'max_depth': 28, 'learning_rate': 0.005101651302972391, 'reg_alpha': 0.011084402990324463, 'reg_lambda': 9.608665122794139e-05, 'min_child_weight': 2}. Best is trial 0 with value: 0.941747572815534.
[I 2026-03-24 15:30:31,310] Trial 240 finished with value: 0.941747572815534 and parameters: {'n_estimators': 475, 'max_depth': 32, 'learning_rate': 0.07999887237459984, 'reg_alpha': 5.609733822760768e-08, 'reg_lambda': 0.00019035023482590746, 'min_child_weight': 8}. Best is trial 0 with value: 0.941747572815534.
[I 2026-03-24 15:30:31,374] Trial 241 finished with value: 0.941747572815534 and parameters: {'n_estimators': 342, 'max_depth': 29, 'learning_rate': 0.0579534436713605, 'reg_alpha': 0.0022972935735496385, 'reg_lambda': 0.3837861293451441, 'min_child_weight': 9}. Best is trial 0 with value: 0.941747572815534.
[I 2026-03-24 15:30:31,443] Trial 242 finished with value: 0.941747572815534 and parameters: {'n_estimators': 375, 'max_depth': 30, 'learning_rate': 0.07207650382276673, 'reg_alpha': 0.0014510958632743753, 'reg_lambda': 0.16398326628685217, 'min_child_weight': 10}. Best is trial 0 with value: 0.941747572815534.
[I 2026-03-24 15:30:31,501] Trial 243 finished with value: 0.941747572815534 and parameters: {'n_estimators': 275, 'max_depth': 31, 'learning_rate': 0.061854563765434, 'reg_alpha': 0.000711172242243233, 'reg_lambda': 0.24128025837314682, 'min_child_weight': 9}. Best is trial 0 with value: 0.941747572815534.
[I 2026-03-24 15:30:31,560] Trial 244 finished with value: 0.941747572815534 and parameters: {'n_estimators': 325, 'max_depth': 42, 'learning_rate': 0.013650919975810189, 'reg_alpha': 0.0019588332606877614, 'reg_lambda': 6.94148661865173e-06, 'min_child_weight': 4}. Best is trial 0 with value: 0.941747572815534.
[I 2026-03-24 15:30:31,618] Trial 245 finished with value: 0.941747572815534 and parameters: {'n_estimators': 307, 'max_depth': 33, 'learning_rate': 0.08681358688173316, 'reg_alpha': 0.00041240114269967294, 'reg_lambda': 0.057779677449500376, 'min_child_weight': 8}. Best is trial 0 with value: 0.941747572815534.
[I 2026-03-24 15:30:31,681] Trial 246 finished with value: 0.941747572815534 and parameters: {'n_estimators': 352, 'max_depth': 28, 'learning_rate': 0.06738687642722105, 'reg_alpha': 2.1386142478065087e-05, 'reg_lambda': 2.3282795469518206e-07, 'min_child_weight': 6}. Best is trial 0 with value: 0.941747572815534.
[I 2026-03-24 15:30:31,732] Trial 247 finished with value: 0.941747572815534 and parameters: {'n_estimators': 246, 'max_depth': 34, 'learning_rate': 0.001255416535620769, 'reg_alpha': 0.00013501062775613302, 'reg_lambda': 0.005745557552439517, 'min_child_weight': 10}. Best is trial 0 with value: 0.941747572815534.
[I 2026-03-24 15:30:31,797] Trial 248 finished with value: 0.941747572815534 and parameters: {'n_estimators': 388, 'max_depth': 19, 'learning_rate': 0.0024616304076736082, 'reg_alpha': 0.002961430179886313, 'reg_lambda': 0.09189848291995367, 'min_child_weight': 7}. Best is trial 0 with value: 0.941747572815534.
[I 2026-03-24 15:30:31,904] Trial 249 finished with value: 0.941747572815534 and parameters: {'n_estimators': 790, 'max_depth': 36, 'learning_rate': 0.007955916648500278, 'reg_alpha': 0.007449058321269362, 'reg_lambda': 0.00029466167914132466, 'min_child_weight': 5}. Best is trial 0 with value: 0.941747572815534.
[I 2026-03-24 15:30:32,007] Trial 250 finished with value: 0.941747572815534 and parameters: {'n_estimators': 758, 'max_depth': 27, 'learning_rate': 0.0014367336460240855, 'reg_alpha': 9.231987397396776e-07, 'reg_lambda': 0.2422563644638283, 'min_child_weight': 8}. Best is trial 0 with value: 0.941747572815534.
[I 2026-03-24 15:30:32,123] Trial 251 finished with value: 0.941747572815534 and parameters: {'n_estimators': 871, 'max_depth': 47, 'learning_rate': 0.001957813239550938, 'reg_alpha': 6.990883109266426e-06, 'reg_lambda': 3.6753947743580134e-05, 'min_child_weight': 6}. Best is trial 0 with value: 0.941747572815534.
[I 2026-03-24 15:30:32,172] Trial 252 finished with value: 0.941747572815534 and parameters: {'n_estimators': 204, 'max_depth': 38, 'learning_rate': 0.052781594154143595, 'reg_alpha': 0.0009450111484485651, 'reg_lambda': 0.6980694688458379, 'min_child_weight': 7}. Best is trial 0 with value: 0.941747572815534.
[I 2026-03-24 15:30:32,254] Trial 253 finished with value: 0.941747572815534 and parameters: {'n_estimators': 517, 'max_depth': 24, 'learning_rate': 0.025614490270362143, 'reg_alpha': 1.435400985788407e-07, 'reg_lambda': 1.7107217007163749e-06, 'min_child_weight': 9}. Best is trial 0 with value: 0.941747572815534.
[I 2026-03-24 15:30:32,325] Trial 254 finished with value: 0.941747572815534 and parameters: {'n_estimators': 436, 'max_depth': 15, 'learning_rate': 0.0016306168827232895, 'reg_alpha': 0.01583249675014288, 'reg_lambda': 0.02090975336524916, 'min_child_weight': 4}. Best is trial 0 with value: 0.941747572815534.
[I 2026-03-24 15:30:32,430] Trial 255 finished with value: 0.941747572815534 and parameters: {'n_estimators': 779, 'max_depth': 43, 'learning_rate': 0.09415088756778445, 'reg_alpha': 0.003547890787896017, 'reg_lambda': 2.4731510797504087e-05, 'min_child_weight': 7}. Best is trial 0 with value: 0.941747572815534.
[I 2026-03-24 15:30:32,523] Trial 256 finished with value: 0.941747572815534 and parameters: {'n_estimators': 657, 'max_depth': 29, 'learning_rate': 0.005628904945258516, 'reg_alpha': 3.797846920427794e-05, 'reg_lambda': 0.03656429692447277, 'min_child_weight': 2}. Best is trial 0 with value: 0.941747572815534.
[I 2026-03-24 15:30:32,589] Trial 257 finished with value: 0.941747572815534 and parameters: {'n_estimators': 354, 'max_depth': 35, 'learning_rate': 0.00394818120282174, 'reg_alpha': 1.4072556457121229e-08, 'reg_lambda': 0.47514473886960773, 'min_child_weight': 3}. Best is trial 0 with value: 0.941747572815534.
[I 2026-03-24 15:30:32,658] Trial 258 finished with value: 0.941747572815534 and parameters: {'n_estimators': 406, 'max_depth': 26, 'learning_rate': 0.0032647028921990364, 'reg_alpha': 3.882094693556823e-07, 'reg_lambda': 0.12772668501017767, 'min_child_weight': 5}. Best is trial 0 with value: 0.941747572815534.
[I 2026-03-24 15:30:32,732] Trial 259 finished with value: 0.941747572815534 and parameters: {'n_estimators': 457, 'max_depth': 49, 'learning_rate': 0.0011000619173440437, 'reg_alpha': 3.238695677542272e-08, 'reg_lambda': 3.0897051197329743e-06, 'min_child_weight': 9}. Best is trial 0 with value: 0.941747572815534.
[I 2026-03-24 15:30:32,852] Trial 260 finished with value: 0.941747572815534 and parameters: {'n_estimators': 909, 'max_depth': 45, 'learning_rate': 0.033144483634786615, 'reg_alpha': 0.8902154175772007, 'reg_lambda': 3.648416402334383e-08, 'min_child_weight': 8}. Best is trial 0 with value: 0.941747572815534.
[I 2026-03-24 15:30:32,937] Trial 261 finished with value: 0.941747572815534 and parameters: {'n_estimators': 583, 'max_depth': 40, 'learning_rate': 0.08229670872721104, 'reg_alpha': 9.873642841931467e-06, 'reg_lambda': 1.3538057958408894e-06, 'min_child_weight': 6}. Best is trial 0 with value: 0.941747572815534.
[I 2026-03-24 15:30:33,029] Trial 262 finished with value: 0.941747572815534 and parameters: {'n_estimators': 623, 'max_depth': 21, 'learning_rate': 0.05909566103121004, 'reg_alpha': 1.3051311633210207e-06, 'reg_lambda': 0.0005791917552286232, 'min_child_weight': 7}. Best is trial 0 with value: 0.941747572815534.
[I 2026-03-24 15:30:33,161] Trial 263 finished with value: 0.941747572815534 and parameters: {'n_estimators': 997, 'max_depth': 44, 'learning_rate': 0.006581131208009214, 'reg_alpha': 9.16061219042495e-08, 'reg_lambda': 0.0009512470617147521, 'min_child_weight': 10}. Best is trial 0 with value: 0.941747572815534.
[I 2026-03-24 15:30:33,240] Trial 264 finished with value: 0.941747572815534 and parameters: {'n_estimators': 499, 'max_depth': 31, 'learning_rate': 0.014709094446366464, 'reg_alpha': 0.0002839314102518012, 'reg_lambda': 0.05613346665299898, 'min_child_weight': 6}. Best is trial 0 with value: 0.941747572815534.
[I 2026-03-24 15:30:33,304] Trial 265 finished with value: 0.941747572815534 and parameters: {'n_estimators': 365, 'max_depth': 6, 'learning_rate': 0.002077633538545146, 'reg_alpha': 2.0232197203543486e-07, 'reg_lambda': 6.824761238901999e-05, 'min_child_weight': 5}. Best is trial 0 with value: 0.941747572815534.
[I 2026-03-24 15:30:33,399] Trial 266 finished with value: 0.941747572815534 and parameters: {'n_estimators': 647, 'max_depth': 30, 'learning_rate': 0.01598703623582018, 'reg_alpha': 8.614635964691705e-05, 'reg_lambda': 7.83220805853278e-07, 'min_child_weight': 7}. Best is trial 0 with value: 0.941747572815534.
[I 2026-03-24 15:30:33,475] Trial 267 finished with value: 0.941747572815534 and parameters: {'n_estimators': 476, 'max_depth': 20, 'learning_rate': 0.0017698974278131416, 'reg_alpha': 3.708258932661551e-06, 'reg_lambda': 0.00013212994395143403, 'min_child_weight': 8}. Best is trial 0 with value: 0.941747572815534.
[I 2026-03-24 15:30:33,598] Trial 268 finished with value: 0.941747572815534 and parameters: {'n_estimators': 925, 'max_depth': 41, 'learning_rate': 0.012198660058974664, 'reg_alpha': 1.858780207690872e-06, 'reg_lambda': 1.0634540686796483e-07, 'min_child_weight': 7}. Best is trial 0 with value: 0.941747572815534.
[I 2026-03-24 15:30:33,683] Trial 269 finished with value: 0.941747572815534 and parameters: {'n_estimators': 561, 'max_depth': 42, 'learning_rate': 0.028457921558734785, 'reg_alpha': 0.029348323483917173, 'reg_lambda': 5.655277238278711e-06, 'min_child_weight': 10}. Best is trial 0 with value: 0.941747572815534.
[I 2026-03-24 15:30:33,795] Trial 270 finished with value: 0.941747572815534 and parameters: {'n_estimators': 823, 'max_depth': 37, 'learning_rate': 0.04945881179243316, 'reg_alpha': 7.191472943519901e-07, 'reg_lambda': 4.678947957358795e-07, 'min_child_weight': 4}. Best is trial 0 with value: 0.941747572815534.
[I 2026-03-24 15:30:33,847] Trial 271 finished with value: 0.941747572815534 and parameters: {'n_estimators': 234, 'max_depth': 9, 'learning_rate': 0.004442427104372669, 'reg_alpha': 4.801449809417909e-08, 'reg_lambda': 0.8982707133923253, 'min_child_weight': 6}. Best is trial 0 with value: 0.941747572815534.
[I 2026-03-24 15:30:33,901] Trial 272 finished with value: 0.941747572815534 and parameters: {'n_estimators': 260, 'max_depth': 48, 'learning_rate': 0.023013264149388483, 'reg_alpha': 3.138254138376407e-07, 'reg_lambda': 1.2753005790727277e-05, 'min_child_weight': 7}. Best is trial 0 with value: 0.941747572815534.
[I 2026-03-24 15:30:34,006] Trial 273 finished with value: 0.941747572815534 and parameters: {'n_estimators': 753, 'max_depth': 11, 'learning_rate': 0.04339866897433958, 'reg_alpha': 0.0013050591303807523, 'reg_lambda': 0.016633536230355947, 'min_child_weight': 3}. Best is trial 0 with value: 0.941747572815534.
[I 2026-03-24 15:30:34,107] Trial 274 finished with value: 0.941747572815534 and parameters: {'n_estimators': 727, 'max_depth': 34, 'learning_rate': 0.009364472520362844, 'reg_alpha': 0.005494242654445599, 'reg_lambda': 0.2039041017484824, 'min_child_weight': 4}. Best is trial 0 with value: 0.941747572815534.
[I 2026-03-24 15:30:34,189] Trial 275 finished with value: 0.941747572815534 and parameters: {'n_estimators': 536, 'max_depth': 46, 'learning_rate': 0.002269743328808583, 'reg_alpha': 1.4727845618901312e-05, 'reg_lambda': 0.08397435456607454, 'min_child_weight': 6}. Best is trial 0 with value: 0.941747572815534.
[I 2026-03-24 15:30:34,257] Trial 276 finished with value: 0.941747572815534 and parameters: {'n_estimators': 396, 'max_depth': 23, 'learning_rate': 0.01829103607689666, 'reg_alpha': 5.043657160992851e-05, 'reg_lambda': 0.000403737343387736, 'min_child_weight': 9}. Best is trial 0 with value: 0.941747572815534.
[I 2026-03-24 15:30:34,380] Trial 277 finished with value: 0.941747572815534 and parameters: {'n_estimators': 953, 'max_depth': 39, 'learning_rate': 0.07662797425755115, 'reg_alpha': 0.378247651605727, 'reg_lambda': 0.004115282542149683, 'min_child_weight': 5}. Best is trial 0 with value: 0.941747572815534.
