[I 2026-03-24 15:34:14,053] Trial 690 finished with value: 0.941747572815534 and parameters: {'n_estimators': 905, 'max_depth': 39, 'learning_rate': 0.05318330675190148, 'reg_alpha': 5.501843988384919e-07, 'reg_lambda': 9.203827731183451e-07, 'min_child_weight': 6}. Best is trial 0 with value: 0.941747572815534.
[I 2026-03-24 15:34:14,209] Trial 691 finished with value: 0.941747572815534 and parameters: {'n_estimators': 927, 'max_depth': 25, 'learning_rate': 0.02026152238995596, 'reg_alpha': 0.005486482372967895, 'reg_lambda': 5.2380534693129045e-06, 'min_child_weight': 10}. Best is trial 0 with value: 0.941747572815534.
[I 2026-03-24 15:34:14,358] Trial 692 finished with value: 0.941747572815534 and parameters: {'n_estimators': 864, 'max_depth': 27, 'learning_rate': 0.0013082356008830484, 'reg_alpha': 2.1422591634740737e-05, 'reg_lambda': 3.743405830257716e-05, 'min_child_weight': 9}. Best is trial 0 with value: 0.941747572815534.
[I 2026-03-24 15:34:14,418] Trial 693 finished with value: 0.941747572815534 and parameters: {'n_estimators': 215, 'max_depth': 26, 'learning_rate': 0.008178875830839588, 'reg_alpha': 1.0087434470553373e-05, 'reg_lambda': 0.005018903524974853, 'min_child_weight': 6}. Best is trial 0 with value: 0.941747572815534.
[I 2026-03-24 15:34:14,513] Trial 694 finished with value: 0.941747572815534 and parameters: {'n_estimators': 472, 'max_depth': 47, 'learning_rate': 0.08276558500454129, 'reg_alpha': 1.0008537894167834e-08, 'reg_lambda': 0.10016401537327031, 'min_child_weight': 8}. Best is trial 0 with value: 0.941747572815534.
[I 2026-03-24 15:34:14,659] Trial 695 finished with value: 0.9365853658536586 and parameters: {'n_estimators': 538, 'max_depth': 19, 'learning_rate': 0.02484190225557189, 'reg_alpha': 0.008322148017305053, 'reg_lambda': 6.392503430923943e-05, 'min_child_weight': 1}. Best is trial 0 with value: 0.941747572815534.
[I 2026-03-24 15:34:14,773] Trial 696 finished with value: 0.941747572815534 and parameters: {'n_estimators': 604, 'max_depth': 22, 'learning_rate': 0.0010668150295295123, 'reg_alpha': 0.0002787625728137256, 'reg_lambda': 1.7355146018230364e-07, 'min_child_weight': 4}. Best is trial 0 with value: 0.941747572815534.
[I 2026-03-24 15:34:14,918] Trial 697 finished with value: 0.941747572815534 and parameters: {'n_estimators': 835, 'max_depth': 16, 'learning_rate': 0.046186912365350885, 'reg_alpha': 0.045541358336557085, 'reg_lambda': 3.1653608227652886e-07, 'min_child_weight': 5}. Best is trial 0 with value: 0.941747572815534.
[I 2026-03-24 15:34:14,985] Trial 698 finished with value: 0.941747572815534 and parameters: {'n_estimators': 267, 'max_depth': 6, 'learning_rate': 0.0285701440240145, 'reg_alpha': 2.3760257934103464e-06, 'reg_lambda': 0.0025677606690770647, 'min_child_weight': 10}. Best is trial 0 with value: 0.941747572815534.
[I 2026-03-24 15:34:15,116] Trial 699 finished with value: 0.941747572815534 and parameters: {'n_estimators': 746, 'max_depth': 37, 'learning_rate': 0.002936270255046228, 'reg_alpha': 0.002797736372174307, 'reg_lambda': 5.3719285738751995e-08, 'min_child_weight': 9}. Best is trial 0 with value: 0.941747572815534.
[I 2026-03-24 15:34:15,253] Trial 700 finished with value: 0.941747572815534 and parameters: {'n_estimators': 781, 'max_depth': 9, 'learning_rate': 0.0017229213578032546, 'reg_alpha': 0.11180410854210854, 'reg_lambda': 9.996999798876105e-05, 'min_child_weight': 2}. Best is trial 0 with value: 0.941747572815534.
[I 2026-03-24 15:34:15,404] Trial 701 finished with value: 0.941747572815534 and parameters: {'n_estimators': 886, 'max_depth': 24, 'learning_rate': 0.06545171282375244, 'reg_alpha': 4.919265053244565e-06, 'reg_lambda': 0.0004688487033545462, 'min_child_weight': 8}. Best is trial 0 with value: 0.941747572815534.
[I 2026-03-24 15:34:15,565] Trial 702 finished with value: 0.941747572815534 and parameters: {'n_estimators': 966, 'max_depth': 15, 'learning_rate': 0.007064808891429511, 'reg_alpha': 9.663146472971964e-05, 'reg_lambda': 0.0015133664030739663, 'min_child_weight': 7}. Best is trial 0 with value: 0.941747572815534.
[I 2026-03-24 15:34:15,729] Trial 703 finished with value: 0.941747572815534 and parameters: {'n_estimators': 988, 'max_depth': 41, 'learning_rate': 0.09152968902450485, 'reg_alpha': 0.0015352898604262166, 'reg_lambda': 4.6188926708466137e-07, 'min_child_weight': 10}. Best is trial 0 with value: 0.941747572815534.
[I 2026-03-24 15:34:15,852] Trial 704 finished with value: 0.941747572815534 and parameters: {'n_estimators': 671, 'max_depth': 50, 'learning_rate': 0.03949072787236456, 'reg_alpha': 2.879750632022325e-07, 'reg_lambda': 2.7396851350350626e-05, 'min_child_weight': 8}. Best is trial 0 with value: 0.941747572815534.
[I 2026-03-24 15:34:15,925] Trial 705 finished with value: 0.941747572815534 and parameters: {'n_estimators': 302, 'max_depth': 36, 'learning_rate': 0.05280374471848753, 'reg_alpha': 0.026413714869263964, 'reg_lambda': 0.009202151652308638, 'min_child_weight': 7}. Best is trial 0 with value: 0.941747572815534.
[I 2026-03-24 15:34:16,041] Trial 706 finished with value: 0.941747572815534 and parameters: {'n_estimators': 634, 'max_depth': 32, 'learning_rate': 0.013486207260644, 'reg_alpha': 0.009991929344581818, 'reg_lambda': 7.4510703972464e-06, 'min_child_weight': 10}. Best is trial 0 with value: 0.941747572815534.
[I 2026-03-24 15:34:16,170] Trial 707 finished with value: 0.941747572815534 and parameters: {'n_estimators': 723, 'max_depth': 44, 'learning_rate': 0.017261845720640934, 'reg_alpha': 0.0021062517263944406, 'reg_lambda': 8.19860963582057e-08, 'min_child_weight': 5}. Best is trial 0 with value: 0.941747572815534.
[I 2026-03-24 15:34:16,317] Trial 708 finished with value: 0.941747572815534 and parameters: {'n_estimators': 849, 'max_depth': 46, 'learning_rate': 0.002439972949189496, 'reg_alpha': 0.0004567581561765801, 'reg_lambda': 2.554912343326421e-08, 'min_child_weight': 6}. Best is trial 0 with value: 0.941747572815534.
[I 2026-03-24 15:34:16,395] Trial 709 finished with value: 0.941747572815534 and parameters: {'n_estimators': 337, 'max_depth': 14, 'learning_rate': 0.005809845825041136, 'reg_alpha': 0.1958110814090323, 'reg_lambda': 0.000893205475421538, 'min_child_weight': 3}. Best is trial 0 with value: 0.941747572815534.
[I 2026-03-24 15:34:16,508] Trial 710 finished with value: 0.941747572815534 and parameters: {'n_estimators': 591, 'max_depth': 31, 'learning_rate': 0.04309908674990376, 'reg_alpha': 0.0046991733093494584, 'reg_lambda': 0.00016550474296783335, 'min_child_weight': 9}. Best is trial 0 with value: 0.941747572815534.
[I 2026-03-24 15:34:16,571] Trial 711 finished with value: 0.941747572815534 and parameters: {'n_estimators': 229, 'max_depth': 13, 'learning_rate': 0.011774839927354506, 'reg_alpha': 1.3480930432581183e-05, 'reg_lambda': 1.0416138867737569e-05, 'min_child_weight': 4}. Best is trial 0 with value: 0.941747572815534.
[I 2026-03-24 15:34:16,671] Trial 712 finished with value: 0.941747572815534 and parameters: {'n_estimators': 500, 'max_depth': 25, 'learning_rate': 0.01510185155964548, 'reg_alpha': 0.0179906676247826, 'reg_lambda': 1.5109891143041074e-08, 'min_child_weight': 6}. Best is trial 0 with value: 0.941747572815534.
[I 2026-03-24 15:34:16,754] Trial 713 finished with value: 0.941747572815534 and parameters: {'n_estimators': 370, 'max_depth': 33, 'learning_rate': 0.05840120891706034, 'reg_alpha': 0.0002094194438399499, 'reg_lambda': 0.004131975353866061, 'min_child_weight': 9}. Best is trial 0 with value: 0.941747572815534.
[I 2026-03-24 15:34:16,901] Trial 714 finished with value: 0.941747572815534 and parameters: {'n_estimators': 819, 'max_depth': 24, 'learning_rate': 0.03642344744135041, 'reg_alpha': 1.4691342956791504e-06, 'reg_lambda': 0.1718184763681687, 'min_child_weight': 10}. Best is trial 0 with value: 0.941747572815534.
[I 2026-03-24 15:34:17,054] Trial 715 finished with value: 0.941747572815534 and parameters: {'n_estimators': 874, 'max_depth': 27, 'learning_rate': 0.008906226831831732, 'reg_alpha': 0.0012100926045306181, 'reg_lambda': 1.181553628636055e-06, 'min_child_weight': 9}. Best is trial 0 with value: 0.941747572815534.
[I 2026-03-24 15:34:17,210] Trial 716 finished with value: 0.941747572815534 and parameters: {'n_estimators': 918, 'max_depth': 38, 'learning_rate': 0.09891845999796146, 'reg_alpha': 0.006605904526271792, 'reg_lambda': 1.7818069568163118e-05, 'min_child_weight': 7}. Best is trial 0 with value: 0.941747572815534.
[I 2026-03-24 15:34:17,302] Trial 717 finished with value: 0.941747572815534 and parameters: {'n_estimators': 449, 'max_depth': 18, 'learning_rate': 0.07294679810545812, 'reg_alpha': 3.164225140928656e-05, 'reg_lambda': 3.6706527956517434e-06, 'min_child_weight': 10}. Best is trial 0 with value: 0.941747572815534.
[I 2026-03-24 15:34:17,417] Trial 718 finished with value: 0.941747572815534 and parameters: {'n_estimators': 617, 'max_depth': 10, 'learning_rate': 0.0022390097152891904, 'reg_alpha': 6.892491199976148e-06, 'reg_lambda': 1.4021476254544213e-07, 'min_child_weight': 2}. Best is trial 0 with value: 0.941747572815534.
[I 2026-03-24 15:34:17,524] Trial 719 finished with value: 0.941747572815534 and parameters: {'n_estimators': 551, 'max_depth': 20, 'learning_rate': 0.0495494321432883, 'reg_alpha': 0.0037516118695520274, 'reg_lambda': 0.038100887606214454, 'min_child_weight': 7}. Best is trial 0 with value: 0.941747572815534.
[I 2026-03-24 15:34:17,659] Trial 720 finished with value: 0.941747572815534 and parameters: {'n_estimators': 764, 'max_depth': 40, 'learning_rate': 0.03324227641051298, 'reg_alpha': 0.000694380376984095, 'reg_lambda': 6.338148492683719e-05, 'min_child_weight': 6}. Best is trial 0 with value: 0.941747572815534.
[I 2026-03-24 15:34:17,767] Trial 721 finished with value: 0.941747572815534 and parameters: {'n_estimators': 383, 'max_depth': 21, 'learning_rate': 0.0018667864522571476, 'reg_alpha': 7.25301779678442e-05, 'reg_lambda': 0.0018881523115108609, 'min_child_weight': 1}. Best is trial 0 with value: 0.941747572815534.
[I 2026-03-24 15:34:17,832] Trial 722 finished with value: 0.941747572815534 and parameters: {'n_estimators': 246, 'max_depth': 23, 'learning_rate': 0.0011972009435267333, 'reg_alpha': 0.0001388901010498171, 'reg_lambda': 0.5503584551164458, 'min_child_weight': 8}. Best is trial 0 with value: 0.941747572815534.
[I 2026-03-24 15:34:17,987] Trial 723 finished with value: 0.941747572815534 and parameters: {'n_estimators': 905, 'max_depth': 12, 'learning_rate': 0.0032444998986311, 'reg_alpha': 0.45540703747982075, 'reg_lambda': 1.453548941152767e-05, 'min_child_weight': 5}. Best is trial 0 with value: 0.941747572815534.
[I 2026-03-24 15:34:18,075] Trial 724 finished with value: 0.941747572815534 and parameters: {'n_estimators': 416, 'max_depth': 48, 'learning_rate': 0.0028106023661279866, 'reg_alpha': 1.7251382744998987e-07, 'reg_lambda': 0.013762182920008335, 'min_child_weight': 10}. Best is trial 0 with value: 0.941747572815534.
[I 2026-03-24 15:34:18,235] Trial 725 finished with value: 0.941747572815534 and parameters: {'n_estimators': 956, 'max_depth': 7, 'learning_rate': 0.07978329412938845, 'reg_alpha': 0.0002835555231721626, 'reg_lambda': 0.00022028326340131215, 'min_child_weight': 9}. Best is trial 0 with value: 0.941747572815534.
[I 2026-03-24 15:34:18,395] Trial 726 finished with value: 0.941747572815534 and parameters: {'n_estimators': 933, 'max_depth': 28, 'learning_rate': 0.004385996921290317, 'reg_alpha': 6.231750827630072e-08, 'reg_lambda': 1.982591746414183e-06, 'min_child_weight': 3}. Best is trial 0 with value: 0.941747572815534.
[I 2026-03-24 15:34:18,505] Trial 727 finished with value: 0.941747572815534 and parameters: {'n_estimators': 575, 'max_depth': 22, 'learning_rate': 0.0050552218858687294, 'reg_alpha': 0.011994710312037611, 'reg_lambda': 0.0028853525780481917, 'min_child_weight': 6}. Best is trial 0 with value: 0.941747572815534.
[I 2026-03-24 15:34:18,652] Trial 728 finished with value: 0.941747572815534 and parameters: {'n_estimators': 847, 'max_depth': 43, 'learning_rate': 0.0014612645914138063, 'reg_alpha': 3.5158065098504055e-06, 'reg_lambda': 0.0011777060240169923, 'min_child_weight': 8}. Best is trial 0 with value: 0.941747572815534.
[I 2026-03-24 15:34:18,723] Trial 729 finished with value: 0.941747572815534 and parameters: {'n_estimators': 283, 'max_depth': 26, 'learning_rate': 0.010470588076218222, 'reg_alpha': 4.9754954394179286e-05, 'reg_lambda': 2.832388568464595e-05, 'min_child_weight': 10}. Best is trial 0 with value: 0.941747572815534.
[I 2026-03-24 15:34:18,782] Trial 730 finished with value: 0.941747572815534 and parameters: {'n_estimators': 200, 'max_depth': 29, 'learning_rate': 0.062457135868370164, 'reg_alpha': 0.047352328871015634, 'reg_lambda': 0.0003128565056668343, 'min_child_weight': 8}. Best is trial 0 with value: 0.941747572815534.
[I 2026-03-24 15:34:18,948] Trial 731 finished with value: 0.941747572815534 and parameters: {'n_estimators': 999, 'max_depth': 50, 'learning_rate': 0.0037325473883285717, 'reg_alpha': 0.003435087487933891, 'reg_lambda': 2.4838048056455603e-07, 'min_child_weight': 10}. Best is trial 0 with value: 0.941747572815534.
[I 2026-03-24 15:34:19,088] Trial 732 finished with value: 0.941747572815534 and parameters: {'n_estimators': 801, 'max_depth': 19, 'learning_rate': 0.0211807009662767, 'reg_alpha': 0.0004789453698552442, 'reg_lambda': 5.805158475109474e-06, 'min_child_weight': 7}. Best is trial 0 with value: 0.941747572815534.
[I 2026-03-24 15:34:19,240] Trial 733 finished with value: 0.941747572815534 and parameters: {'n_estimators': 883, 'max_depth': 49, 'learning_rate': 0.006546308533535638, 'reg_alpha': 0.08242264458316778, 'reg_lambda': 0.026877124421508327, 'min_child_weight': 5}. Best is trial 0 with value: 0.941747572815534.
[I 2026-03-24 15:34:19,342] Trial 734 finished with value: 0.941747572815534 and parameters: {'n_estimators': 521, 'max_depth': 11, 'learning_rate': 0.038808949598358816, 'reg_alpha': 2.5243666354040284e-05, 'reg_lambda': 0.9951900922237688, 'min_child_weight': 9}. Best is trial 0 with value: 0.941747572815534.
[I 2026-03-24 15:34:19,492] Trial 735 finished with value: 0.941747572815534 and parameters: {'n_estimators': 866, 'max_depth': 46, 'learning_rate': 0.02386324121513724, 'reg_alpha': 0.00018298274969168424, 'reg_lambda': 0.00011608233812158949, 'min_child_weight': 4}. Best is trial 0 with value: 0.941747572815534.
[I 2026-03-24 15:34:19,578] Trial 736 finished with value: 0.941747572815534 and parameters: {'n_estimators': 399, 'max_depth': 8, 'learning_rate': 0.03103759177644866, 'reg_alpha': 7.744554685987668e-07, 'reg_lambda': 9.111599315159355e-06, 'min_child_weight': 10}. Best is trial 0 with value: 0.941747572815534.
[I 2026-03-24 15:34:19,676] Trial 737 finished with value: 0.941747572815534 and parameters: {'n_estimators': 489, 'max_depth': 34, 'learning_rate': 0.04480463479286149, 'reg_alpha': 0.006646360934312468, 'reg_lambda': 6.199818683851424e-07, 'min_child_weight': 6}. Best is trial 0 with value: 0.941747572815534.
[I 2026-03-24 15:34:19,802] Trial 738 finished with value: 0.941747572815534 and parameters: {'n_estimators': 694, 'max_depth': 36, 'learning_rate': 0.0873093045855779, 'reg_alpha': 0.0226293425965284, 'reg_lambda': 4.005892018137584e-05, 'min_child_weight': 7}. Best is trial 0 with value: 0.941747572815534.
[I 2026-03-24 15:34:19,962] Trial 739 finished with value: 0.941747572815534 and parameters: {'n_estimators': 942, 'max_depth': 23, 'learning_rate': 0.018790387394721796, 'reg_alpha': 0.0018492895851434559, 'reg_lambda': 0.0005203480208175374, 'min_child_weight': 2}. Best is trial 0 with value: 0.941747572815534.
[I 2026-03-24 15:34:20,057] Trial 740 finished with value: 0.941747572815534 and parameters: {'n_estimators': 463, 'max_depth': 24, 'learning_rate': 0.0077034653789765485, 'reg_alpha': 0.00010243081055087285, 'reg_lambda': 2.103570468189661e-05, 'min_child_weight': 9}. Best is trial 0 with value: 0.941747572815534.
[I 2026-03-24 15:34:20,223] Trial 741 finished with value: 0.941747572815534 and parameters: {'n_estimators': 982, 'max_depth': 14, 'learning_rate': 0.07173722486623092, 'reg_alpha': 0.3286706857992715, 'reg_lambda': 0.006629934712816648, 'min_child_weight': 3}. Best is trial 0 with value: 0.941747572815534.
[I 2026-03-24 15:34:20,301] Trial 742 finished with value: 0.941747572815534 and parameters: {'n_estimators': 345, 'max_depth': 9, 'learning_rate': 0.049189233250172916, 'reg_alpha': 0.06158414445807133, 'reg_lambda': 0.019819362145643817, 'min_child_weight': 10}. Best is trial 0 with value: 0.941747572815534.
[I 2026-03-24 15:34:20,446] Trial 743 finished with value: 0.941747572815534 and parameters: {'n_estimators': 827, 'max_depth': 6, 'learning_rate': 0.05369861717814371, 'reg_alpha': 0.004645709907956326, 'reg_lambda': 4.444388428027931e-08, 'min_child_weight': 7}. Best is trial 0 with value: 0.941747572815534.
[I 2026-03-24 15:34:20,576] Trial 744 finished with value: 0.941747572815534 and parameters: {'n_estimators': 731, 'max_depth': 33, 'learning_rate': 0.013894366074120632, 'reg_alpha': 0.00926603806552644, 'reg_lambda': 1.1736088485205493e-07, 'min_child_weight': 9}. Best is trial 0 with value: 0.941747572815534.
[I 2026-03-24 15:34:20,678] Trial 745 finished with value: 0.941747572815534 and parameters: {'n_estimators': 315, 'max_depth': 42, 'learning_rate': 0.0010032406979747913, 'reg_alpha': 3.6020198140298426e-08, 'reg_lambda': 1.200197234768853e-05, 'min_child_weight': 1}. Best is trial 0 with value: 0.941747572815534.
[I 2026-03-24 15:34:20,768] Trial 746 finished with value: 0.941747572815534 and parameters: {'n_estimators': 430, 'max_depth': 17, 'learning_rate': 0.026510720686530327, 'reg_alpha': 2.1343308018434392e-08, 'reg_lambda': 8.752826796002704e-05, 'min_child_weight': 5}. Best is trial 0 with value: 0.941747572815534.
[I 2026-03-24 15:34:20,931] Trial 747 finished with value: 0.941747572815534 and parameters: {'n_estimators': 967, 'max_depth': 26, 'learning_rate': 0.05801943508831791, 'reg_alpha': 0.0008632237877982624, 'reg_lambda': 0.06055776314957397, 'min_child_weight': 4}. Best is trial 0 with value: 0.941747572815534.
[I 2026-03-24 15:34:21,089] Trial 748 finished with value: 0.941747572815534 and parameters: {'n_estimators': 920, 'max_depth': 16, 'learning_rate': 0.03586769011558772, 'reg_alpha': 0.7348604232526397, 'reg_lambda': 7.481326155421632e-08, 'min_child_weight': 6}. Best is trial 0 with value: 0.941747572815534.
[I 2026-03-24 15:34:21,238] Trial 749 finished with value: 0.941747572815534 and parameters: {'n_estimators': 862, 'max_depth': 25, 'learning_rate': 0.041977167699840154, 'reg_alpha': 2.223971867250794e-06, 'reg_lambda': 0.0038012634591060687, 'min_child_weight': 8}. Best is trial 0 with value: 0.941747572815534.
[I 2026-03-24 15:34:21,392] Trial 750 finished with value: 0.941747572815534 and parameters: {'n_estimators': 896, 'max_depth': 39, 'learning_rate': 0.0020992778082329112, 'reg_alpha': 0.00041993015073087353, 'reg_lambda': 0.00016598362722578585, 'min_child_weight': 8}. Best is trial 0 with value: 0.941747572815534.
[I 2026-03-24 15:34:21,532] Trial 751 finished with value: 0.941747572815534 and parameters: {'n_estimators': 787, 'max_depth': 48, 'learning_rate': 0.002506158755278067, 'reg_alpha': 0.12534244299877056, 'reg_lambda': 0.0019990672242784385, 'min_child_weight': 10}. Best is trial 0 with value: 0.941747572815534.
[I 2026-03-24 15:34:21,653] Trial 752 finished with value: 0.941747572815534 and parameters: {'n_estimators': 649, 'max_depth': 32, 'learning_rate': 0.06745309070356162, 'reg_alpha': 0.0024891842216695336, 'reg_lambda': 3.1252821184378564e-06, 'min_child_weight': 2}. Best is trial 0 with value: 0.941747572815534.
[I 2026-03-24 15:34:21,802] Trial 753 finished with value: 0.941747572815534 and parameters: {'n_estimators': 871, 'max_depth': 30, 'learning_rate': 0.006837345193558714, 'reg_alpha': 0.01510461628598732, 'reg_lambda': 0.0008943377502320212, 'min_child_weight': 9}. Best is trial 0 with value: 0.941747572815534.
[I 2026-03-24 15:34:21,903] Trial 754 finished with value: 0.941747572815534 and parameters: {'n_estimators': 510, 'max_depth': 44, 'learning_rate': 0.01653097961758859, 'reg_alpha': 1.0288501859242522e-07, 'reg_lambda': 0.2771717218410285, 'min_child_weight': 7}. Best is trial 0 with value: 0.941747572815534.
[I 2026-03-24 15:34:22,037] Trial 755 finished with value: 0.941747572815534 and parameters: {'n_estimators': 751, 'max_depth': 28, 'learning_rate': 0.00267020215973581, 'reg_alpha': 0.00031726627661902545, 'reg_lambda': 4.652820433389641e-06, 'min_child_weight': 10}. Best is trial 0 with value: 0.941747572815534.
[I 2026-03-24 15:34:22,184] Trial 756 finished with value: 0.941747572815534 and parameters: {'n_estimators': 846, 'max_depth': 22, 'learning_rate': 0.008365230053544125, 'reg_alpha': 1.968498792610249e-05, 'reg_lambda': 3.3090109540907834e-08, 'min_child_weight': 5}. Best is trial 0 with value: 0.941747572815534.
[I 2026-03-24 15:34:22,265] Trial 757 finished with value: 0.941747572815534 and parameters: {'n_estimators': 358, 'max_depth': 35, 'learning_rate': 0.005568390535476432, 'reg_alpha': 9.243381098306759e-06, 'reg_lambda': 5.4496633052806175e-05, 'min_child_weight': 6}. Best is trial 0 with value: 0.941747572815534.
[I 2026-03-24 15:34:22,369] Trial 758 finished with value: 0.941747572815534 and parameters: {'n_estimators': 531, 'max_depth': 31, 'learning_rate': 0.08776724554409156, 'reg_alpha': 0.0013604045744893248, 'reg_lambda': 2.020969726799103e-05, 'min_child_weight': 3}. Best is trial 0 with value: 0.941747572815534.
[I 2026-03-24 15:34:22,437] Trial 759 finished with value: 0.941747572815534 and parameters: {'n_estimators': 259, 'max_depth': 20, 'learning_rate': 0.029012856501422837, 'reg_alpha': 0.00022653458781532565, 'reg_lambda': 0.00771860054834233, 'min_child_weight': 10}. Best is trial 0 with value: 0.941747572815534.
