[I 2026-03-24 15:37:47,893] Trial 679 finished with value: 0.941747572815534 and parameters: {'n_estimators': 556, 'max_depth': 19, 'learning_rate': 0.011474270086136738, 'reg_alpha': 0.026829791987421938, 'reg_lambda': 1.1821804990858226e-07, 'min_child_weight': 6}. Best is trial 0 with value: 0.941747572815534.
[I 2026-03-24 15:37:48,019] Trial 680 finished with value: 0.9365853658536586 and parameters: {'n_estimators': 341, 'max_depth': 12, 'learning_rate': 0.027717791124015335, 'reg_alpha': 3.2898662954858863e-06, 'reg_lambda': 0.0005560436359844235, 'min_child_weight': 3}. Best is trial 0 with value: 0.941747572815534.
[I 2026-03-24 15:37:48,146] Trial 681 finished with value: 0.941747572815534 and parameters: {'n_estimators': 584, 'max_depth': 37, 'learning_rate': 0.0028245914939495744, 'reg_alpha': 2.4951314280866037e-08, 'reg_lambda': 3.2785627988253435e-07, 'min_child_weight': 10}. Best is trial 0 with value: 0.941747572815534.
[I 2026-03-24 15:37:48,441] Trial 682 finished with value: 0.9183673469387755 and parameters: {'n_estimators': 776, 'max_depth': 42, 'learning_rate': 0.017077325191286345, 'reg_alpha': 6.287210664758318e-06, 'reg_lambda': 0.00011788081394698482, 'min_child_weight': 1}. Best is trial 0 with value: 0.941747572815534.
[I 2026-03-24 15:37:48,512] Trial 683 finished with value: 0.941747572815534 and parameters: {'n_estimators': 239, 'max_depth': 20, 'learning_rate': 0.008676825861252277, 'reg_alpha': 0.0022023389202294173, 'reg_lambda': 4.313861696596963e-05, 'min_child_weight': 9}. Best is trial 0 with value: 0.941747572815534.
[I 2026-03-24 15:37:48,687] Trial 684 finished with value: 0.941747572815534 and parameters: {'n_estimators': 871, 'max_depth': 15, 'learning_rate': 0.013479517846351147, 'reg_alpha': 0.491352169461018, 'reg_lambda': 0.0003599319626703461, 'min_child_weight': 5}. Best is trial 0 with value: 0.941747572815534.
[I 2026-03-24 15:37:48,784] Trial 685 finished with value: 0.941747572815534 and parameters: {'n_estimators': 400, 'max_depth': 13, 'learning_rate': 0.010191002879779193, 'reg_alpha': 1.3415824167950564e-07, 'reg_lambda': 1.5019765095308658e-06, 'min_child_weight': 6}. Best is trial 0 with value: 0.941747572815534.
[I 2026-03-24 15:37:48,969] Trial 686 finished with value: 0.941747572815534 and parameters: {'n_estimators': 828, 'max_depth': 30, 'learning_rate': 0.0011143588050355128, 'reg_alpha': 1.1317438801863437e-06, 'reg_lambda': 4.164578900556201e-08, 'min_child_weight': 10}. Best is trial 0 with value: 0.941747572815534.
[I 2026-03-24 15:37:49,045] Trial 687 finished with value: 0.941747572815534 and parameters: {'n_estimators': 268, 'max_depth': 40, 'learning_rate': 0.05477071332010052, 'reg_alpha': 0.0005581492221237951, 'reg_lambda': 9.776376579024911e-08, 'min_child_weight': 8}. Best is trial 0 with value: 0.941747572815534.
[I 2026-03-24 15:37:49,136] Trial 688 finished with value: 0.941747572815534 and parameters: {'n_estimators': 358, 'max_depth': 9, 'learning_rate': 0.023778608534989105, 'reg_alpha': 1.5602538755220928e-05, 'reg_lambda': 2.970312309254904e-06, 'min_child_weight': 8}. Best is trial 0 with value: 0.941747572815534.
[I 2026-03-24 15:37:49,271] Trial 689 finished with value: 0.941747572815534 and parameters: {'n_estimators': 641, 'max_depth': 23, 'learning_rate': 0.0049405226101123636, 'reg_alpha': 0.000973713159269844, 'reg_lambda': 0.002675825605100192, 'min_child_weight': 9}. Best is trial 0 with value: 0.941747572815534.
[I 2026-03-24 15:37:49,352] Trial 690 finished with value: 0.941747572815534 and parameters: {'n_estimators': 300, 'max_depth': 11, 'learning_rate': 0.022310566939687766, 'reg_alpha': 9.24393279724843e-06, 'reg_lambda': 2.5871010467952206e-08, 'min_child_weight': 7}. Best is trial 0 with value: 0.941747572815534.
[I 2026-03-24 15:37:49,473] Trial 691 finished with value: 0.941747572815534 and parameters: {'n_estimators': 327, 'max_depth': 48, 'learning_rate': 0.007815204008563547, 'reg_alpha': 0.00011301838223992384, 'reg_lambda': 2.1067290889511026e-05, 'min_child_weight': 4}. Best is trial 0 with value: 0.941747572815534.
[I 2026-03-24 15:37:49,663] Trial 692 finished with value: 0.941747572815534 and parameters: {'n_estimators': 944, 'max_depth': 6, 'learning_rate': 0.019384935649952445, 'reg_alpha': 0.00030168999929832834, 'reg_lambda': 7.688493953517559e-06, 'min_child_weight': 5}. Best is trial 0 with value: 0.941747572815534.
[I 2026-03-24 15:37:49,742] Trial 693 finished with value: 0.941747572815534 and parameters: {'n_estimators': 291, 'max_depth': 18, 'learning_rate': 0.0035030068508517666, 'reg_alpha': 1.5098440608771343e-06, 'reg_lambda': 1.984866893467905e-07, 'min_child_weight': 6}. Best is trial 0 with value: 0.941747572815534.
[I 2026-03-24 15:37:49,848] Trial 694 finished with value: 0.941747572815534 and parameters: {'n_estimators': 457, 'max_depth': 21, 'learning_rate': 0.014816853527367922, 'reg_alpha': 7.392376488526364e-07, 'reg_lambda': 0.001009764729502998, 'min_child_weight': 10}. Best is trial 0 with value: 0.941747572815534.
[I 2026-03-24 15:37:49,934] Trial 695 finished with value: 0.941747572815534 and parameters: {'n_estimators': 200, 'max_depth': 36, 'learning_rate': 0.005724960018132739, 'reg_alpha': 0.09590711595491207, 'reg_lambda': 8.67379814043709e-07, 'min_child_weight': 4}. Best is trial 0 with value: 0.941747572815534.
[I 2026-03-24 15:37:50,038] Trial 696 finished with value: 0.9365853658536586 and parameters: {'n_estimators': 220, 'max_depth': 34, 'learning_rate': 0.0621331586467018, 'reg_alpha': 0.0015640125608580757, 'reg_lambda': 6.074254557500667e-08, 'min_child_weight': 2}. Best is trial 0 with value: 0.941747572815534.
[I 2026-03-24 15:37:50,191] Trial 697 finished with value: 0.941747572815534 and parameters: {'n_estimators': 742, 'max_depth': 39, 'learning_rate': 0.01697454237605809, 'reg_alpha': 0.005507080704467239, 'reg_lambda': 0.00021704348855954806, 'min_child_weight': 9}. Best is trial 0 with value: 0.941747572815534.
[I 2026-03-24 15:37:50,284] Trial 698 finished with value: 0.941747572815534 and parameters: {'n_estimators': 373, 'max_depth': 32, 'learning_rate': 0.0024618202027522286, 'reg_alpha': 4.507091096478647e-06, 'reg_lambda': 4.052584961291093e-07, 'min_child_weight': 7}. Best is trial 0 with value: 0.941747572815534.
[I 2026-03-24 15:37:50,425] Trial 699 finished with value: 0.941747572815534 and parameters: {'n_estimators': 667, 'max_depth': 25, 'learning_rate': 0.0018745119645336558, 'reg_alpha': 2.743422293119602e-06, 'reg_lambda': 0.005023727560209185, 'min_child_weight': 5}. Best is trial 0 with value: 0.941747572815534.
[I 2026-03-24 15:37:50,531] Trial 700 finished with value: 0.941747572815534 and parameters: {'n_estimators': 244, 'max_depth': 17, 'learning_rate': 0.002188061154576507, 'reg_alpha': 2.173817951166987e-05, 'reg_lambda': 1.350373548797676e-05, 'min_child_weight': 3}. Best is trial 0 with value: 0.941747572815534.
[I 2026-03-24 15:37:50,643] Trial 701 finished with value: 0.941747572815534 and parameters: {'n_estimators': 493, 'max_depth': 7, 'learning_rate': 0.006475212062636944, 'reg_alpha': 1.3851845619216637e-08, 'reg_lambda': 1.4891209335750182e-07, 'min_child_weight': 9}. Best is trial 0 with value: 0.941747572815534.
[I 2026-03-24 15:37:50,814] Trial 702 finished with value: 0.941747572815534 and parameters: {'n_estimators': 845, 'max_depth': 45, 'learning_rate': 0.04305623803516402, 'reg_alpha': 8.783203661253168e-08, 'reg_lambda': 1.5016907782370672e-08, 'min_child_weight': 10}. Best is trial 0 with value: 0.941747572815534.
[I 2026-03-24 15:37:50,969] Trial 703 finished with value: 0.941747572815534 and parameters: {'n_estimators': 755, 'max_depth': 14, 'learning_rate': 0.028969226352410928, 'reg_alpha': 4.6326005139117867e-07, 'reg_lambda': 0.040379517456143856, 'min_child_weight': 6}. Best is trial 0 with value: 0.941747572815534.
[I 2026-03-24 15:37:51,101] Trial 704 finished with value: 0.941747572815534 and parameters: {'n_estimators': 615, 'max_depth': 9, 'learning_rate': 0.011174315466932976, 'reg_alpha': 0.00016499854903065798, 'reg_lambda': 5.227178272733043e-06, 'min_child_weight': 9}. Best is trial 0 with value: 0.941747572815534.
[I 2026-03-24 15:37:51,280] Trial 705 finished with value: 0.941747572815534 and parameters: {'n_estimators': 890, 'max_depth': 38, 'learning_rate': 0.0126635936903799, 'reg_alpha': 2.576691899231898e-07, 'reg_lambda': 1.2515462187454097e-06, 'min_child_weight': 7}. Best is trial 0 with value: 0.941747572815534.
[I 2026-03-24 15:37:51,427] Trial 706 finished with value: 0.941747572815534 and parameters: {'n_estimators': 416, 'max_depth': 27, 'learning_rate': 0.02155761416506719, 'reg_alpha': 0.21350158589544665, 'reg_lambda': 3.551598977262253e-05, 'min_child_weight': 4}. Best is trial 0 with value: 0.941747572815534.
[I 2026-03-24 15:37:51,503] Trial 707 finished with value: 0.941747572815534 and parameters: {'n_estimators': 258, 'max_depth': 8, 'learning_rate': 0.0013054986329273104, 'reg_alpha': 6.8547466780142385e-06, 'reg_lambda': 2.17007010709472e-06, 'min_child_weight': 8}. Best is trial 0 with value: 0.941747572815534.
[I 2026-03-24 15:37:51,587] Trial 708 finished with value: 0.941747572815534 and parameters: {'n_estimators': 320, 'max_depth': 47, 'learning_rate': 0.03550799708983807, 'reg_alpha': 0.00087042112774304, 'reg_lambda': 6.110212982400079e-07, 'min_child_weight': 10}. Best is trial 0 with value: 0.941747572815534.
[I 2026-03-24 15:37:51,734] Trial 709 finished with value: 0.941747572815534 and parameters: {'n_estimators': 698, 'max_depth': 49, 'learning_rate': 0.004576960584095252, 'reg_alpha': 0.00300662925734503, 'reg_lambda': 2.5265507282025755e-08, 'min_child_weight': 6}. Best is trial 0 with value: 0.941747572815534.
[I 2026-03-24 15:37:51,822] Trial 710 finished with value: 0.941747572815534 and parameters: {'n_estimators': 343, 'max_depth': 24, 'learning_rate': 0.00976352365743094, 'reg_alpha': 0.00810829083922275, 'reg_lambda': 8.711012709637765e-05, 'min_child_weight': 9}. Best is trial 0 with value: 0.941747572815534.
[I 2026-03-24 15:37:51,918] Trial 711 finished with value: 0.941747572815534 and parameters: {'n_estimators': 392, 'max_depth': 28, 'learning_rate': 0.08956723262319784, 'reg_alpha': 1.854320393475475e-06, 'reg_lambda': 2.7680001367538718e-05, 'min_child_weight': 8}. Best is trial 0 with value: 0.941747572815534.
[I 2026-03-24 15:37:51,996] Trial 712 finished with value: 0.941747572815534 and parameters: {'n_estimators': 282, 'max_depth': 40, 'learning_rate': 0.02541125334688457, 'reg_alpha': 0.00040442088705180056, 'reg_lambda': 2.5900976457913737e-07, 'min_child_weight': 5}. Best is trial 0 with value: 0.941747572815534.
[I 2026-03-24 15:37:52,064] Trial 713 finished with value: 0.941747572815534 and parameters: {'n_estimators': 221, 'max_depth': 37, 'learning_rate': 0.01829815320005633, 'reg_alpha': 1.0884236569585004e-06, 'reg_lambda': 9.464079181945671e-06, 'min_child_weight': 7}. Best is trial 0 with value: 0.941747572815534.
[I 2026-03-24 15:37:52,329] Trial 714 finished with value: 0.941747572815534 and parameters: {'n_estimators': 911, 'max_depth': 33, 'learning_rate': 0.0010020106922097418, 'reg_alpha': 1.3341520477394177e-05, 'reg_lambda': 8.601862268831146e-08, 'min_child_weight': 4}. Best is trial 0 with value: 0.941747572815534.
[I 2026-03-24 15:37:52,467] Trial 715 finished with value: 0.941747572815534 and parameters: {'n_estimators': 650, 'max_depth': 35, 'learning_rate': 0.014338666231291972, 'reg_alpha': 0.9290969260960568, 'reg_lambda': 7.089643228503031e-07, 'min_child_weight': 10}. Best is trial 0 with value: 0.941747572815534.
[I 2026-03-24 15:37:52,538] Trial 716 finished with value: 0.941747572815534 and parameters: {'n_estimators': 232, 'max_depth': 11, 'learning_rate': 0.015720519019517154, 'reg_alpha': 0.0002500791235535186, 'reg_lambda': 5.0958978183749404e-08, 'min_child_weight': 9}. Best is trial 0 with value: 0.941747572815534.
[I 2026-03-24 15:37:52,676] Trial 717 finished with value: 0.9365853658536586 and parameters: {'n_estimators': 366, 'max_depth': 30, 'learning_rate': 0.0312739901211407, 'reg_alpha': 5.8086895754509323e-05, 'reg_lambda': 3.4799910990699456e-06, 'min_child_weight': 3}. Best is trial 0 with value: 0.941747572815534.
[I 2026-03-24 15:37:52,866] Trial 718 finished with value: 0.941747572815534 and parameters: {'n_estimators': 971, 'max_depth': 12, 'learning_rate': 0.002623813752423221, 'reg_alpha': 0.022130514218902275, 'reg_lambda': 3.506078654930235e-07, 'min_child_weight': 6}. Best is trial 0 with value: 0.941747572815534.
[I 2026-03-24 15:37:52,995] Trial 719 finished with value: 0.941747572815534 and parameters: {'n_estimators': 594, 'max_depth': 6, 'learning_rate': 0.001595764013359414, 'reg_alpha': 3.522640429669807e-05, 'reg_lambda': 0.01189012312558009, 'min_child_weight': 8}. Best is trial 0 with value: 0.941747572815534.
[I 2026-03-24 15:37:53,163] Trial 720 finished with value: 0.941747572815534 and parameters: {'n_estimators': 515, 'max_depth': 13, 'learning_rate': 0.02050158611122778, 'reg_alpha': 0.38476731056001157, 'reg_lambda': 3.507751754397802e-08, 'min_child_weight': 4}. Best is trial 0 with value: 0.941747572815534.
[I 2026-03-24 15:37:53,230] Trial 721 finished with value: 0.941747572815534 and parameters: {'n_estimators': 213, 'max_depth': 15, 'learning_rate': 0.0020162628871411153, 'reg_alpha': 1.9766018879651673e-07, 'reg_lambda': 0.0003080217723283265, 'min_child_weight': 5}. Best is trial 0 with value: 0.941747572815534.
[I 2026-03-24 15:37:53,380] Trial 722 finished with value: 0.941747572815534 and parameters: {'n_estimators': 728, 'max_depth': 43, 'learning_rate': 0.011924949186313727, 'reg_alpha': 3.4618333933762312e-06, 'reg_lambda': 0.0007253805279976708, 'min_child_weight': 7}. Best is trial 0 with value: 0.941747572815534.
[I 2026-03-24 15:37:53,483] Trial 723 finished with value: 0.941747572815534 and parameters: {'n_estimators': 435, 'max_depth': 20, 'learning_rate': 0.00717177609400945, 'reg_alpha': 0.050849446560284145, 'reg_lambda': 1.149035866583331e-06, 'min_child_weight': 9}. Best is trial 0 with value: 0.941747572815534.
[I 2026-03-24 15:37:53,658] Trial 724 finished with value: 0.941747572815534 and parameters: {'n_estimators': 814, 'max_depth': 19, 'learning_rate': 0.008137096241396231, 'reg_alpha': 0.000639744655570391, 'reg_lambda': 4.873507288790368e-05, 'min_child_weight': 10}. Best is trial 0 with value: 0.941747572815534.
[I 2026-03-24 15:37:53,891] Trial 725 finished with value: 0.9207920792079208 and parameters: {'n_estimators': 677, 'max_depth': 22, 'learning_rate': 0.07730104675507203, 'reg_alpha': 8.599458281279693e-05, 'reg_lambda': 0.00147902052462512, 'min_child_weight': 2}. Best is trial 0 with value: 0.941747572815534.
[I 2026-03-24 15:37:53,966] Trial 726 finished with value: 0.941747572815534 and parameters: {'n_estimators': 266, 'max_depth': 18, 'learning_rate': 0.0029363300139806374, 'reg_alpha': 8.324947980034112e-06, 'reg_lambda': 0.00014722233198834517, 'min_child_weight': 8}. Best is trial 0 with value: 0.941747572815534.
[I 2026-03-24 15:37:54,048] Trial 727 finished with value: 0.941747572815534 and parameters: {'n_estimators': 306, 'max_depth': 41, 'learning_rate': 0.013190506195459438, 'reg_alpha': 5.675449065925721e-07, 'reg_lambda': 7.005484584016196e-06, 'min_child_weight': 7}. Best is trial 0 with value: 0.941747572815534.
[I 2026-03-24 15:37:54,172] Trial 728 finished with value: 0.941747572815534 and parameters: {'n_estimators': 566, 'max_depth': 16, 'learning_rate': 0.0039746545804729486, 'reg_alpha': 0.00021251296462967452, 'reg_lambda': 1.5725786916693533e-05, 'min_child_weight': 9}. Best is trial 0 with value: 0.941747572815534.
[I 2026-03-24 15:37:54,290] Trial 729 finished with value: 0.941747572815534 and parameters: {'n_estimators': 330, 'max_depth': 10, 'learning_rate': 0.019111714916696238, 'reg_alpha': 0.0017348225495100464, 'reg_lambda': 1.440782723290488e-07, 'min_child_weight': 4}. Best is trial 0 with value: 0.941747572815534.
[I 2026-03-24 15:37:54,405] Trial 730 finished with value: 0.941747572815534 and parameters: {'n_estimators': 468, 'max_depth': 36, 'learning_rate': 0.06978345601050542, 'reg_alpha': 6.788925594683509e-08, 'reg_lambda': 1.9245776094921377e-06, 'min_child_weight': 6}. Best is trial 0 with value: 0.941747572815534.
[I 2026-03-24 15:37:54,479] Trial 731 finished with value: 0.941747572815534 and parameters: {'n_estimators': 239, 'max_depth': 12, 'learning_rate': 0.008996238319018444, 'reg_alpha': 0.00035060938259024604, 'reg_lambda': 8.78662530095162e-07, 'min_child_weight': 9}. Best is trial 0 with value: 0.941747572815534.
[I 2026-03-24 15:37:54,649] Trial 732 finished with value: 0.941747572815534 and parameters: {'n_estimators': 783, 'max_depth': 34, 'learning_rate': 0.04949631514604164, 'reg_alpha': 4.708147555533532e-06, 'reg_lambda': 2.0108719227977996e-08, 'min_child_weight': 8}. Best is trial 0 with value: 0.941747572815534.
[I 2026-03-24 15:37:54,856] Trial 733 finished with value: 0.941747572815534 and parameters: {'n_estimators': 985, 'max_depth': 14, 'learning_rate': 0.0017113017505334652, 'reg_alpha': 2.017284646605023e-06, 'reg_lambda': 0.0004794060697661044, 'min_child_weight': 5}. Best is trial 0 with value: 0.941747572815534.
[I 2026-03-24 15:37:54,940] Trial 734 finished with value: 0.941747572815534 and parameters: {'n_estimators': 200, 'max_depth': 38, 'learning_rate': 0.0014258433438392663, 'reg_alpha': 9.088449011231979e-07, 'reg_lambda': 4.471261213684059e-07, 'min_child_weight': 4}. Best is trial 0 with value: 0.941747572815534.
[I 2026-03-24 15:37:55,034] Trial 735 finished with value: 0.941747572815534 and parameters: {'n_estimators': 349, 'max_depth': 7, 'learning_rate': 0.022763256098731355, 'reg_alpha': 0.013288833573927274, 'reg_lambda': 0.1761675922755532, 'min_child_weight': 6}. Best is trial 0 with value: 0.941747572815534.
[I 2026-03-24 15:37:55,234] Trial 736 finished with value: 0.941747572815534 and parameters: {'n_estimators': 955, 'max_depth': 9, 'learning_rate': 0.01085676407843924, 'reg_alpha': 0.0001530369264573122, 'reg_lambda': 6.055343265059558e-05, 'min_child_weight': 10}. Best is trial 0 with value: 0.941747572815534.
[I 2026-03-24 15:37:55,373] Trial 737 finished with value: 0.9365853658536586 and parameters: {'n_estimators': 403, 'max_depth': 8, 'learning_rate': 0.05864227602575258, 'reg_alpha': 2.4386959842172747e-05, 'reg_lambda': 2.0416616640841903e-05, 'min_child_weight': 3}. Best is trial 0 with value: 0.941747572815534.
[I 2026-03-24 15:37:55,531] Trial 738 finished with value: 0.941747572815534 and parameters: {'n_estimators': 715, 'max_depth': 17, 'learning_rate': 0.03782136516037778, 'reg_alpha': 3.4972919188488e-07, 'reg_lambda': 4.127832444199646e-06, 'min_child_weight': 9}. Best is trial 0 with value: 0.941747572815534.
[I 2026-03-24 15:37:55,608] Trial 739 finished with value: 0.941747572815534 and parameters: {'n_estimators': 252, 'max_depth': 37, 'learning_rate': 0.02541780701459481, 'reg_alpha': 0.0005405906471576623, 'reg_lambda': 0.007678973290456895, 'min_child_weight': 6}. Best is trial 0 with value: 0.941747572815534.
[I 2026-03-24 15:37:55,689] Trial 740 finished with value: 0.941747572815534 and parameters: {'n_estimators': 280, 'max_depth': 11, 'learning_rate': 0.015464554136474237, 'reg_alpha': 1.0436389100508881e-05, 'reg_lambda': 7.216742980368782e-08, 'min_child_weight': 10}. Best is trial 0 with value: 0.941747572815534.
[I 2026-03-24 15:37:55,817] Trial 741 finished with value: 0.941747572815534 and parameters: {'n_estimators': 538, 'max_depth': 30, 'learning_rate': 0.017519069037746554, 'reg_alpha': 1.4777206283740692e-06, 'reg_lambda': 2.113513782107729e-07, 'min_child_weight': 9}. Best is trial 0 with value: 0.941747572815534.
[I 2026-03-24 15:37:55,918] Trial 742 finished with value: 0.941747572815534 and parameters: {'n_estimators': 388, 'max_depth': 22, 'learning_rate': 0.002223608882604755, 'reg_alpha': 3.016264613363305e-08, 'reg_lambda': 1.3942673802142942e-08, 'min_child_weight': 7}. Best is trial 0 with value: 0.941747572815534.
[I 2026-03-24 15:37:56,060] Trial 743 finished with value: 0.941747572815534 and parameters: {'n_estimators': 626, 'max_depth': 31, 'learning_rate': 0.027733845355171854, 'reg_alpha': 2.979291106331127e-06, 'reg_lambda': 1.1663607954152664e-05, 'min_child_weight': 5}. Best is trial 0 with value: 0.941747572815534.
[I 2026-03-24 15:37:56,133] Trial 744 finished with value: 0.941747572815534 and parameters: {'n_estimators': 226, 'max_depth': 24, 'learning_rate': 0.020952793970704552, 'reg_alpha': 0.001017721348476471, 'reg_lambda': 0.00010152640627733425, 'min_child_weight': 8}. Best is trial 0 with value: 0.941747572815534.
[I 2026-03-24 15:37:56,321] Trial 745 finished with value: 0.941747572815534 and parameters: {'n_estimators': 875, 'max_depth': 21, 'learning_rate': 0.010174201027335529, 'reg_alpha': 6.328882241635072e-06, 'reg_lambda': 9.543107247100915e-08, 'min_child_weight': 10}. Best is trial 0 with value: 0.941747572815534.
[I 2026-03-24 15:37:56,614] Trial 746 finished with value: 0.941747572815534 and parameters: {'n_estimators': 931, 'max_depth': 36, 'learning_rate': 0.006176130463007448, 'reg_alpha': 1.807642081409401e-08, 'reg_lambda': 2.3697547530608807e-06, 'min_child_weight': 4}. Best is trial 0 with value: 0.941747572815534.
[I 2026-03-24 15:37:56,704] Trial 747 finished with value: 0.941747572815534 and parameters: {'n_estimators': 315, 'max_depth': 29, 'learning_rate': 0.005354163630708964, 'reg_alpha': 0.5255157500878925, 'reg_lambda': 5.788867054559232e-07, 'min_child_weight': 7}. Best is trial 0 with value: 0.941747572815534.
