[I 2026-03-24 15:38:10,565] Trial 85 finished with value: 0.9154228855721394 and parameters: {'n_estimators': 939, 'max_depth': 29, 'learning_rate': 0.0029765390373004824, 'reg_alpha': 0.3283183058219747, 'reg_lambda': 2.6669860966589464e-07, 'min_child_weight': 3}. Best is trial 0 with value: 0.9154228855721394.
[I 2026-03-24 15:38:10,626] Trial 86 finished with value: 0.9154228855721394 and parameters: {'n_estimators': 372, 'max_depth': 14, 'learning_rate': 0.0010467726238642995, 'reg_alpha': 5.4562532523592834e-08, 'reg_lambda': 1.309376814542463e-07, 'min_child_weight': 8}. Best is trial 0 with value: 0.9154228855721394.
[I 2026-03-24 15:38:10,736] Trial 87 finished with value: 0.9154228855721394 and parameters: {'n_estimators': 822, 'max_depth': 42, 'learning_rate': 0.0014675406204458026, 'reg_alpha': 0.002442966335501444, 'reg_lambda': 1.647891870545539e-08, 'min_child_weight': 9}. Best is trial 0 with value: 0.9154228855721394.
[I 2026-03-24 15:38:10,820] Trial 88 finished with value: 0.9154228855721394 and parameters: {'n_estimators': 575, 'max_depth': 39, 'learning_rate': 0.05055370706147715, 'reg_alpha': 0.00020951082943023222, 'reg_lambda': 8.765104663523858e-07, 'min_child_weight': 10}. Best is trial 0 with value: 0.9154228855721394.
[I 2026-03-24 15:38:10,897] Trial 89 finished with value: 0.9154228855721394 and parameters: {'n_estimators': 520, 'max_depth': 26, 'learning_rate': 0.0668918867457335, 'reg_alpha': 0.10761841531939303, 'reg_lambda': 0.00012261000877111328, 'min_child_weight': 7}. Best is trial 0 with value: 0.9154228855721394.
[I 2026-03-24 15:38:10,969] Trial 90 finished with value: 0.9154228855721394 and parameters: {'n_estimators': 479, 'max_depth': 34, 'learning_rate': 0.0037105239976040682, 'reg_alpha': 8.334277446413493e-06, 'reg_lambda': 1.480594741757967e-06, 'min_child_weight': 2}. Best is trial 0 with value: 0.9154228855721394.
[I 2026-03-24 15:38:11,087] Trial 91 finished with value: 0.9154228855721394 and parameters: {'n_estimators': 892, 'max_depth': 44, 'learning_rate': 0.011056902658415031, 'reg_alpha': 0.6460049337125073, 'reg_lambda': 1.4660286098543673e-05, 'min_child_weight': 3}. Best is trial 0 with value: 0.9154228855721394.
[I 2026-03-24 15:38:11,176] Trial 92 finished with value: 0.9154228855721394 and parameters: {'n_estimators': 638, 'max_depth': 45, 'learning_rate': 0.014245098403645363, 'reg_alpha': 0.4403942938925627, 'reg_lambda': 4.275663443029786e-06, 'min_child_weight': 4}. Best is trial 0 with value: 0.9154228855721394.
[I 2026-03-24 15:38:11,252] Trial 93 finished with value: 0.9154228855721394 and parameters: {'n_estimators': 505, 'max_depth': 40, 'learning_rate': 0.01748062374074116, 'reg_alpha': 0.06412516175861398, 'reg_lambda': 7.07606884952043e-06, 'min_child_weight': 3}. Best is trial 0 with value: 0.9154228855721394.
[I 2026-03-24 15:38:11,337] Trial 94 finished with value: 0.9154228855721394 and parameters: {'n_estimators': 600, 'max_depth': 49, 'learning_rate': 0.07909547797628891, 'reg_alpha': 0.004423085361256786, 'reg_lambda': 2.151854311762813e-05, 'min_child_weight': 4}. Best is trial 0 with value: 0.9154228855721394.
[I 2026-03-24 15:38:11,466] Trial 95 finished with value: 0.9154228855721394 and parameters: {'n_estimators': 967, 'max_depth': 41, 'learning_rate': 0.0019642421961909833, 'reg_alpha': 4.943778680926504e-05, 'reg_lambda': 4.148860464351203e-05, 'min_child_weight': 2}. Best is trial 0 with value: 0.9154228855721394.
[I 2026-03-24 15:38:11,560] Trial 96 finished with value: 0.9154228855721394 and parameters: {'n_estimators': 670, 'max_depth': 28, 'learning_rate': 0.007755299102363847, 'reg_alpha': 0.24330332782579192, 'reg_lambda': 2.8203389269157327e-06, 'min_child_weight': 6}. Best is trial 0 with value: 0.9154228855721394.
[I 2026-03-24 15:38:11,674] Trial 97 finished with value: 0.9154228855721394 and parameters: {'n_estimators': 844, 'max_depth': 23, 'learning_rate': 0.0971787577344611, 'reg_alpha': 0.0001334364725963136, 'reg_lambda': 6.577574221319158e-05, 'min_child_weight': 1}. Best is trial 0 with value: 0.9154228855721394.
[I 2026-03-24 15:38:11,755] Trial 98 finished with value: 0.9154228855721394 and parameters: {'n_estimators': 544, 'max_depth': 31, 'learning_rate': 0.02252644840413798, 'reg_alpha': 0.5608268167677575, 'reg_lambda': 1.8357205147054485e-07, 'min_child_weight': 5}. Best is trial 0 with value: 0.9154228855721394.
[I 2026-03-24 15:38:11,861] Trial 99 finished with value: 0.9154228855721394 and parameters: {'n_estimators': 783, 'max_depth': 42, 'learning_rate': 0.0011544748408152804, 'reg_alpha': 0.0005362624968732437, 'reg_lambda': 0.00023407334467409656, 'min_child_weight': 7}. Best is trial 0 with value: 0.9154228855721394.
[I 2026-03-24 15:38:11,925] Trial 100 finished with value: 0.9154228855721394 and parameters: {'n_estimators': 387, 'max_depth': 37, 'learning_rate': 0.028631204795622884, 'reg_alpha': 2.4297644628929844e-05, 'reg_lambda': 0.00043760666747566957, 'min_child_weight': 3}. Best is trial 0 with value: 0.9154228855721394.
[I 2026-03-24 15:38:11,977] Trial 101 finished with value: 0.9154228855721394 and parameters: {'n_estimators': 283, 'max_depth': 11, 'learning_rate': 0.001349762397803207, 'reg_alpha': 0.01265350986831465, 'reg_lambda': 0.11803901728726657, 'min_child_weight': 10}. Best is trial 0 with value: 0.9154228855721394.
[I 2026-03-24 15:38:12,026] Trial 102 finished with value: 0.9154228855721394 and parameters: {'n_estimators': 238, 'max_depth': 14, 'learning_rate': 0.001576536376942029, 'reg_alpha': 0.009655875898000118, 'reg_lambda': 0.327376574880171, 'min_child_weight': 9}. Best is trial 0 with value: 0.9154228855721394.
[I 2026-03-24 15:38:12,073] Trial 103 finished with value: 0.9154228855721394 and parameters: {'n_estimators': 235, 'max_depth': 12, 'learning_rate': 0.001261341465412856, 'reg_alpha': 0.0436650606750701, 'reg_lambda': 0.0031110416830186912, 'min_child_weight': 10}. Best is trial 0 with value: 0.9154228855721394.
[I 2026-03-24 15:38:12,149] Trial 104 finished with value: 0.9154228855721394 and parameters: {'n_estimators': 502, 'max_depth': 17, 'learning_rate': 0.0010095099157252081, 'reg_alpha': 1.5684731892838002e-08, 'reg_lambda': 0.6146580491814896, 'min_child_weight': 9}. Best is trial 0 with value: 0.9154228855721394.
[I 2026-03-24 15:38:12,232] Trial 105 finished with value: 0.9154228855721394 and parameters: {'n_estimators': 570, 'max_depth': 8, 'learning_rate': 0.002415994037972494, 'reg_alpha': 0.13264541143110486, 'reg_lambda': 3.42241605629415e-07, 'min_child_weight': 10}. Best is trial 0 with value: 0.9154228855721394.
[I 2026-03-24 15:38:12,334] Trial 106 finished with value: 0.9154228855721394 and parameters: {'n_estimators': 740, 'max_depth': 21, 'learning_rate': 0.011100237765726603, 'reg_alpha': 8.025215464716787e-07, 'reg_lambda': 3.238596393181248e-05, 'min_child_weight': 8}. Best is trial 0 with value: 0.9154228855721394.
[I 2026-03-24 15:38:12,413] Trial 107 finished with value: 0.9154228855721394 and parameters: {'n_estimators': 532, 'max_depth': 26, 'learning_rate': 0.009093978287376731, 'reg_alpha': 0.02166585268061725, 'reg_lambda': 0.00011676214444397171, 'min_child_weight': 7}. Best is trial 0 with value: 0.9154228855721394.
[I 2026-03-24 15:38:12,483] Trial 108 finished with value: 0.9154228855721394 and parameters: {'n_estimators': 447, 'max_depth': 24, 'learning_rate': 0.001806454421083286, 'reg_alpha': 0.008568170001282857, 'reg_lambda': 0.001015945034039376, 'min_child_weight': 9}. Best is trial 0 with value: 0.9154228855721394.
[I 2026-03-24 15:38:12,557] Trial 109 finished with value: 0.9154228855721394 and parameters: {'n_estimators': 473, 'max_depth': 13, 'learning_rate': 0.01621279996336155, 'reg_alpha': 0.0013122154927181925, 'reg_lambda': 5.197839976587365e-07, 'min_child_weight': 4}. Best is trial 0 with value: 0.9154228855721394.
[I 2026-03-24 15:38:12,615] Trial 110 finished with value: 0.9154228855721394 and parameters: {'n_estimators': 344, 'max_depth': 46, 'learning_rate': 0.013140218707933948, 'reg_alpha': 0.004382250831051173, 'reg_lambda': 0.07075500522430624, 'min_child_weight': 8}. Best is trial 0 with value: 0.9154228855721394.
[I 2026-03-24 15:38:12,738] Trial 111 finished with value: 0.9154228855721394 and parameters: {'n_estimators': 917, 'max_depth': 26, 'learning_rate': 0.003151989771789763, 'reg_alpha': 7.890713376530142e-05, 'reg_lambda': 1.615382758706691e-08, 'min_child_weight': 1}. Best is trial 0 with value: 0.9154228855721394.
[I 2026-03-24 15:38:12,857] Trial 112 finished with value: 0.9154228855721394 and parameters: {'n_estimators': 892, 'max_depth': 9, 'learning_rate': 0.0027440721927990647, 'reg_alpha': 0.0003421750959608437, 'reg_lambda': 4.169335835892624e-08, 'min_child_weight': 1}. Best is trial 0 with value: 0.9154228855721394.
[I 2026-03-24 15:38:12,946] Trial 113 finished with value: 0.9154228855721394 and parameters: {'n_estimators': 616, 'max_depth': 22, 'learning_rate': 0.0039252161500550505, 'reg_alpha': 0.00013390163607723514, 'reg_lambda': 1.0039559935665604e-08, 'min_child_weight': 2}. Best is trial 0 with value: 0.9154228855721394.
[I 2026-03-24 15:38:13,075] Trial 114 finished with value: 0.9154228855721394 and parameters: {'n_estimators': 967, 'max_depth': 15, 'learning_rate': 0.005528650898815334, 'reg_alpha': 1.5238054877351954e-05, 'reg_lambda': 2.1268427611956915e-08, 'min_child_weight': 6}. Best is trial 0 with value: 0.9154228855721394.
[I 2026-03-24 15:38:13,157] Trial 115 finished with value: 0.9154228855721394 and parameters: {'n_estimators': 556, 'max_depth': 28, 'learning_rate': 0.0011171936756411843, 'reg_alpha': 4.430122220431689e-06, 'reg_lambda': 0.01884175239243518, 'min_child_weight': 2}. Best is trial 0 with value: 0.9154228855721394.
[I 2026-03-24 15:38:13,282] Trial 116 finished with value: 0.9154228855721394 and parameters: {'n_estimators': 916, 'max_depth': 48, 'learning_rate': 0.00447522573336207, 'reg_alpha': 1.4617239317886235e-06, 'reg_lambda': 6.866164138337117e-07, 'min_child_weight': 3}. Best is trial 0 with value: 0.9154228855721394.
[I 2026-03-24 15:38:13,411] Trial 117 finished with value: 0.9154228855721394 and parameters: {'n_estimators': 977, 'max_depth': 30, 'learning_rate': 0.006085111183154691, 'reg_alpha': 0.28750726965972606, 'reg_lambda': 1.2088709520764022e-06, 'min_child_weight': 1}. Best is trial 0 with value: 0.9154228855721394.
[I 2026-03-24 15:38:13,479] Trial 118 finished with value: 0.9154228855721394 and parameters: {'n_estimators': 407, 'max_depth': 19, 'learning_rate': 0.031930251994665065, 'reg_alpha': 0.1811914585179517, 'reg_lambda': 1.1877012623654388e-07, 'min_child_weight': 7}. Best is trial 0 with value: 0.9154228855721394.
[I 2026-03-24 15:38:13,562] Trial 119 finished with value: 0.9154228855721394 and parameters: {'n_estimators': 592, 'max_depth': 25, 'learning_rate': 0.002199467188188099, 'reg_alpha': 0.027010899066916633, 'reg_lambda': 2.6491499824508573e-07, 'min_child_weight': 2}. Best is trial 0 with value: 0.9154228855721394.
[I 2026-03-24 15:38:13,640] Trial 120 finished with value: 0.9154228855721394 and parameters: {'n_estimators': 525, 'max_depth': 43, 'learning_rate': 0.01907545684218863, 'reg_alpha': 4.60528438136536e-07, 'reg_lambda': 0.036249751501393805, 'min_child_weight': 3}. Best is trial 0 with value: 0.9154228855721394.
[I 2026-03-24 15:38:13,753] Trial 121 finished with value: 0.9154228855721394 and parameters: {'n_estimators': 870, 'max_depth': 20, 'learning_rate': 0.003260516509978504, 'reg_alpha': 3.633274515523169e-05, 'reg_lambda': 1.7574996730246917e-05, 'min_child_weight': 5}. Best is trial 0 with value: 0.9154228855721394.
[I 2026-03-24 15:38:13,875] Trial 122 finished with value: 0.9154228855721394 and parameters: {'n_estimators': 950, 'max_depth': 23, 'learning_rate': 0.03857488295827011, 'reg_alpha': 0.00016545908628481457, 'reg_lambda': 5.50450732528701e-06, 'min_child_weight': 4}. Best is trial 0 with value: 0.9154228855721394.
[I 2026-03-24 15:38:13,980] Trial 123 finished with value: 0.9154228855721394 and parameters: {'n_estimators': 799, 'max_depth': 18, 'learning_rate': 0.06252039815253713, 'reg_alpha': 0.0006630267977857557, 'reg_lambda': 3.0546856285096463e-06, 'min_child_weight': 4}. Best is trial 0 with value: 0.9154228855721394.
[I 2026-03-24 15:38:14,089] Trial 124 finished with value: 0.9154228855721394 and parameters: {'n_estimators': 825, 'max_depth': 21, 'learning_rate': 0.004908568977373729, 'reg_alpha': 5.937239476161773e-05, 'reg_lambda': 9.505233414905998e-06, 'min_child_weight': 5}. Best is trial 0 with value: 0.9154228855721394.
[I 2026-03-24 15:38:14,190] Trial 125 finished with value: 0.9154228855721394 and parameters: {'n_estimators': 707, 'max_depth': 24, 'learning_rate': 0.004322102937116956, 'reg_alpha': 0.08177057174139571, 'reg_lambda': 6.824604940348295e-08, 'min_child_weight': 6}. Best is trial 0 with value: 0.9154228855721394.
[I 2026-03-24 15:38:14,260] Trial 126 finished with value: 0.9154228855721394 and parameters: {'n_estimators': 422, 'max_depth': 16, 'learning_rate': 0.003712166092406103, 'reg_alpha': 0.0003021958330027488, 'reg_lambda': 7.536420063597222e-05, 'min_child_weight': 3}. Best is trial 0 with value: 0.9154228855721394.
[I 2026-03-24 15:38:14,318] Trial 127 finished with value: 0.9154228855721394 and parameters: {'n_estimators': 314, 'max_depth': 27, 'learning_rate': 0.074045073994084, 'reg_alpha': 0.8110500121742005, 'reg_lambda': 0.00018396092073287955, 'min_child_weight': 4}. Best is trial 0 with value: 0.9154228855721394.
[I 2026-03-24 15:38:14,392] Trial 128 finished with value: 0.9154228855721394 and parameters: {'n_estimators': 484, 'max_depth': 35, 'learning_rate': 0.0014055402774098712, 'reg_alpha': 2.502423300153472e-06, 'reg_lambda': 2.2849609733299883e-06, 'min_child_weight': 3}. Best is trial 0 with value: 0.9154228855721394.
[I 2026-03-24 15:38:14,495] Trial 129 finished with value: 0.9154228855721394 and parameters: {'n_estimators': 758, 'max_depth': 39, 'learning_rate': 0.002616993430374076, 'reg_alpha': 1.8181194933677928e-07, 'reg_lambda': 4.110924858362858e-07, 'min_child_weight': 5}. Best is trial 0 with value: 0.9154228855721394.
[I 2026-03-24 15:38:14,623] Trial 130 finished with value: 0.9154228855721394 and parameters: {'n_estimators': 997, 'max_depth': 41, 'learning_rate': 0.09452403073586517, 'reg_alpha': 0.4028260132108908, 'reg_lambda': 2.5224445356159213e-05, 'min_child_weight': 9}. Best is trial 0 with value: 0.9154228855721394.
[I 2026-03-24 15:38:14,736] Trial 131 finished with value: 0.9154228855721394 and parameters: {'n_estimators': 845, 'max_depth': 37, 'learning_rate': 0.0030179323412188037, 'reg_alpha': 5.373840118745588e-06, 'reg_lambda': 2.925134326075803e-08, 'min_child_weight': 8}. Best is trial 0 with value: 0.9154228855721394.
[I 2026-03-24 15:38:14,845] Trial 132 finished with value: 0.9154228855721394 and parameters: {'n_estimators': 765, 'max_depth': 33, 'learning_rate': 0.007406086148514615, 'reg_alpha': 3.0244169413118398e-05, 'reg_lambda': 1.3710288736902101e-08, 'min_child_weight': 9}. Best is trial 0 with value: 0.9154228855721394.
[I 2026-03-24 15:38:14,944] Trial 133 finished with value: 0.9154228855721394 and parameters: {'n_estimators': 682, 'max_depth': 11, 'learning_rate': 0.009355430131426794, 'reg_alpha': 0.00010149261619308778, 'reg_lambda': 1.612149033271605e-07, 'min_child_weight': 8}. Best is trial 0 with value: 0.9154228855721394.
[I 2026-03-24 15:38:15,071] Trial 134 finished with value: 0.9154228855721394 and parameters: {'n_estimators': 934, 'max_depth': 49, 'learning_rate': 0.003421443390273148, 'reg_alpha': 1.92253192261858e-05, 'reg_lambda': 4.423533933891115e-06, 'min_child_weight': 7}. Best is trial 0 with value: 0.9154228855721394.
[I 2026-03-24 15:38:15,175] Trial 135 finished with value: 0.9154228855721394 and parameters: {'n_estimators': 745, 'max_depth': 6, 'learning_rate': 0.00405140166672395, 'reg_alpha': 1.1410831170032868e-05, 'reg_lambda': 4.2657629465302285e-08, 'min_child_weight': 6}. Best is trial 0 with value: 0.9154228855721394.
[I 2026-03-24 15:38:15,270] Trial 136 finished with value: 0.9154228855721394 and parameters: {'n_estimators': 644, 'max_depth': 29, 'learning_rate': 0.052161827942187704, 'reg_alpha': 0.0017375973613806353, 'reg_lambda': 0.0003144460511565183, 'min_child_weight': 10}. Best is trial 0 with value: 0.9154228855721394.
[I 2026-03-24 15:38:15,382] Trial 137 finished with value: 0.9154228855721394 and parameters: {'n_estimators': 793, 'max_depth': 45, 'learning_rate': 0.0012079942854942942, 'reg_alpha': 2.8480277350035587e-07, 'reg_lambda': 1.054256090805226e-05, 'min_child_weight': 8}. Best is trial 0 with value: 0.9154228855721394.
[I 2026-03-24 15:38:15,484] Trial 138 finished with value: 0.9154228855721394 and parameters: {'n_estimators': 708, 'max_depth': 38, 'learning_rate': 0.02410104128891154, 'reg_alpha': 5.908725565667325e-08, 'reg_lambda': 4.06717379109922e-05, 'min_child_weight': 3}. Best is trial 0 with value: 0.9154228855721394.
[I 2026-03-24 15:38:15,571] Trial 139 finished with value: 0.9154228855721394 and parameters: {'n_estimators': 552, 'max_depth': 25, 'learning_rate': 0.001604029774271295, 'reg_alpha': 0.0010273812483117966, 'reg_lambda': 7.413992570656027e-07, 'min_child_weight': 7}. Best is trial 0 with value: 0.9154228855721394.
[I 2026-03-24 15:38:15,652] Trial 140 finished with value: 0.9154228855721394 and parameters: {'n_estimators': 507, 'max_depth': 31, 'learning_rate': 0.011818997790403818, 'reg_alpha': 1.1633747639442702e-06, 'reg_lambda': 0.008048240561009192, 'min_child_weight': 2}. Best is trial 0 with value: 0.9154228855721394.
[I 2026-03-24 15:38:15,785] Trial 141 finished with value: 0.9154228855721394 and parameters: {'n_estimators': 986, 'max_depth': 36, 'learning_rate': 0.04518308926948897, 'reg_alpha': 0.0004882834435677169, 'reg_lambda': 0.004982557650139695, 'min_child_weight': 5}. Best is trial 0 with value: 0.9154228855721394.
[I 2026-03-24 15:38:15,905] Trial 142 finished with value: 0.9154228855721394 and parameters: {'n_estimators': 914, 'max_depth': 34, 'learning_rate': 0.0017607668042943123, 'reg_alpha': 0.0029047019701497535, 'reg_lambda': 8.017921272260547e-08, 'min_child_weight': 5}. Best is trial 0 with value: 0.9154228855721394.
[I 2026-03-24 15:38:16,031] Trial 143 finished with value: 0.9154228855721394 and parameters: {'n_estimators': 967, 'max_depth': 39, 'learning_rate': 0.0013065780209297632, 'reg_alpha': 0.00021121778201333924, 'reg_lambda': 0.0026919907692877993, 'min_child_weight': 5}. Best is trial 0 with value: 0.9154228855721394.
[I 2026-03-24 15:38:16,120] Trial 144 finished with value: 0.9154228855721394 and parameters: {'n_estimators': 582, 'max_depth': 40, 'learning_rate': 0.0014586620621233433, 'reg_alpha': 0.007276617483260656, 'reg_lambda': 0.011151698904347996, 'min_child_weight': 4}. Best is trial 0 with value: 0.9154228855721394.
[I 2026-03-24 15:38:16,224] Trial 145 finished with value: 0.9154228855721394 and parameters: {'n_estimators': 725, 'max_depth': 36, 'learning_rate': 0.0150777541003577, 'reg_alpha': 0.004199281518152125, 'reg_lambda': 0.926730557596946, 'min_child_weight': 5}. Best is trial 0 with value: 0.9154228855721394.
[I 2026-03-24 15:38:16,299] Trial 146 finished with value: 0.9154228855721394 and parameters: {'n_estimators': 459, 'max_depth': 35, 'learning_rate': 0.0021890719140653984, 'reg_alpha': 0.9754859375763717, 'reg_lambda': 2.1374048102109877e-08, 'min_child_weight': 6}. Best is trial 0 with value: 0.9154228855721394.
[I 2026-03-24 15:38:16,372] Trial 147 finished with value: 0.9154228855721394 and parameters: {'n_estimators': 434, 'max_depth': 23, 'learning_rate': 0.0019830777266014277, 'reg_alpha': 0.01686980149492614, 'reg_lambda': 0.0016277614826946175, 'min_child_weight': 9}. Best is trial 0 with value: 0.9154228855721394.
[I 2026-03-24 15:38:16,504] Trial 148 finished with value: 0.9154228855721394 and parameters: {'n_estimators': 941, 'max_depth': 47, 'learning_rate': 0.021129864590239397, 'reg_alpha': 9.239272021561495e-05, 'reg_lambda': 2.1232201395748163e-07, 'min_child_weight': 7}. Best is trial 0 with value: 0.9154228855721394.
[I 2026-03-24 15:38:16,618] Trial 149 finished with value: 0.9154228855721394 and parameters: {'n_estimators': 809, 'max_depth': 38, 'learning_rate': 0.005183112696564558, 'reg_alpha': 0.5014800544453483, 'reg_lambda': 0.0001250026855018883, 'min_child_weight': 4}. Best is trial 0 with value: 0.9154228855721394.
[I 2026-03-24 15:38:16,703] Trial 150 finished with value: 0.9154228855721394 and parameters: {'n_estimators': 534, 'max_depth': 33, 'learning_rate': 0.0010945578586704526, 'reg_alpha': 0.0009628975490926149, 'reg_lambda': 0.0008847601031762738, 'min_child_weight': 10}. Best is trial 0 with value: 0.9154228855721394.
[I 2026-03-24 15:38:16,790] Trial 151 finished with value: 0.9154228855721394 and parameters: {'n_estimators': 569, 'max_depth': 19, 'learning_rate': 0.0028633565790904584, 'reg_alpha': 0.03831090195059404, 'reg_lambda': 1.0035215335567866e-07, 'min_child_weight': 10}. Best is trial 0 with value: 0.9154228855721394.
[I 2026-03-24 15:38:16,871] Trial 152 finished with value: 0.9154228855721394 and parameters: {'n_estimators': 496, 'max_depth': 18, 'learning_rate': 0.002663078174734783, 'reg_alpha': 0.07301031454489763, 'reg_lambda': 5.649690989302521e-08, 'min_child_weight': 10}. Best is trial 0 with value: 0.9154228855721394.
[I 2026-03-24 15:38:16,981] Trial 153 finished with value: 0.9154228855721394 and parameters: {'n_estimators': 777, 'max_depth': 21, 'learning_rate': 0.003393066270392763, 'reg_alpha': 0.00030566500298001895, 'reg_lambda': 0.19294507614616668, 'min_child_weight': 10}. Best is trial 0 with value: 0.9154228855721394.
