[I 2026-03-24 15:36:18,791] Trial 789 finished with value: 0.9411764705882353 and parameters: {'n_estimators': 432, 'max_depth': 18, 'learning_rate': 0.008624492834515933, 'reg_alpha': 0.005378800245235479, 'reg_lambda': 0.007050993857272543, 'min_child_weight': 1}. Best is trial 213 with value: 0.9463414634146341.
[I 2026-03-24 15:36:18,942] Trial 790 finished with value: 0.941747572815534 and parameters: {'n_estimators': 352, 'max_depth': 22, 'learning_rate': 0.007327743866677637, 'reg_alpha': 0.012041318612641697, 'reg_lambda': 0.011628570590147377, 'min_child_weight': 1}. Best is trial 213 with value: 0.9463414634146341.
[I 2026-03-24 15:36:19,095] Trial 791 finished with value: 0.941747572815534 and parameters: {'n_estimators': 398, 'max_depth': 19, 'learning_rate': 0.006457957713054621, 'reg_alpha': 0.007878681628444765, 'reg_lambda': 0.004694179786607935, 'min_child_weight': 1}. Best is trial 213 with value: 0.9463414634146341.
[I 2026-03-24 15:36:19,269] Trial 792 finished with value: 0.941747572815534 and parameters: {'n_estimators': 419, 'max_depth': 15, 'learning_rate': 0.005490154843807326, 'reg_alpha': 0.003887457861221506, 'reg_lambda': 0.0026848549231607913, 'min_child_weight': 1}. Best is trial 213 with value: 0.9463414634146341.
[I 2026-03-24 15:36:19,405] Trial 793 finished with value: 0.941747572815534 and parameters: {'n_estimators': 443, 'max_depth': 17, 'learning_rate': 0.006864021502310503, 'reg_alpha': 0.005684354862876399, 'reg_lambda': 0.008908923187735361, 'min_child_weight': 2}. Best is trial 213 with value: 0.9463414634146341.
[I 2026-03-24 15:36:19,568] Trial 794 finished with value: 0.9411764705882353 and parameters: {'n_estimators': 392, 'max_depth': 20, 'learning_rate': 0.0096852492515387, 'reg_alpha': 0.0017888927423285424, 'reg_lambda': 0.0063109640504821285, 'min_child_weight': 1}. Best is trial 213 with value: 0.9463414634146341.
[I 2026-03-24 15:36:19,756] Trial 795 finished with value: 0.9411764705882353 and parameters: {'n_estimators': 473, 'max_depth': 20, 'learning_rate': 0.0076996164235760365, 'reg_alpha': 0.009088995948643937, 'reg_lambda': 0.020838568290832325, 'min_child_weight': 1}. Best is trial 213 with value: 0.9463414634146341.
[I 2026-03-24 15:36:19,933] Trial 796 finished with value: 0.941747572815534 and parameters: {'n_estimators': 425, 'max_depth': 19, 'learning_rate': 0.006032816474334106, 'reg_alpha': 0.0027838760808321845, 'reg_lambda': 0.012243253874691988, 'min_child_weight': 1}. Best is trial 213 with value: 0.9463414634146341.
[I 2026-03-24 15:36:20,103] Trial 797 finished with value: 0.941747572815534 and parameters: {'n_estimators': 408, 'max_depth': 21, 'learning_rate': 0.006578385678917124, 'reg_alpha': 0.004368443178771303, 'reg_lambda': 0.003970546559979383, 'min_child_weight': 1}. Best is trial 213 with value: 0.9463414634146341.
[I 2026-03-24 15:36:20,286] Trial 798 finished with value: 0.9411764705882353 and parameters: {'n_estimators': 454, 'max_depth': 18, 'learning_rate': 0.007220079999591011, 'reg_alpha': 0.006695766646828553, 'reg_lambda': 0.008465799472650245, 'min_child_weight': 1}. Best is trial 213 with value: 0.9463414634146341.
[I 2026-03-24 15:36:20,451] Trial 799 finished with value: 0.941747572815534 and parameters: {'n_estimators': 437, 'max_depth': 17, 'learning_rate': 0.0058872212913767905, 'reg_alpha': 0.012074306392427304, 'reg_lambda': 0.006564396703301762, 'min_child_weight': 1}. Best is trial 213 with value: 0.9463414634146341.

=== Split 1, k=80 Optuna Results ===
  Validation F1: 0.9463

=== Test Set Evaluation ===

Performance on Test set:
Accuracy: 0.8182
Recall: 1.0000
F1 Score: 0.8980

--- 采样数: 100 ---
CVT算法收敛, 迭代次数: 13
[I 2026-03-24 15:36:21,070] A new study created in memory with name: no-name-c8dc0409-97a6-4790-9334-4d7ee50b2427
[I 2026-03-24 15:36:21,151] Trial 0 finished with value: 0.941747572815534 and parameters: {'n_estimators': 220, 'max_depth': 38, 'learning_rate': 0.017428498680914953, 'reg_alpha': 0.0005185993745446997, 'reg_lambda': 5.040777388842655e-07, 'min_child_weight': 9}. Best is trial 0 with value: 0.941747572815534.
[I 2026-03-24 15:36:21,221] Trial 1 finished with value: 0.941747572815534 and parameters: {'n_estimators': 327, 'max_depth': 10, 'learning_rate': 0.02051444972918716, 'reg_alpha': 5.653526017165366e-06, 'reg_lambda': 8.123159343100113e-06, 'min_child_weight': 9}. Best is trial 0 with value: 0.941747572815534.
[I 2026-03-24 15:36:21,385] Trial 2 finished with value: 0.9313725490196079 and parameters: {'n_estimators': 479, 'max_depth': 46, 'learning_rate': 0.03985617698980727, 'reg_alpha': 8.989300510926945e-08, 'reg_lambda': 1.1956019655621466e-07, 'min_child_weight': 2}. Best is trial 0 with value: 0.941747572815534.
[I 2026-03-24 15:36:21,629] Trial 3 finished with value: 0.941747572815534 and parameters: {'n_estimators': 871, 'max_depth': 18, 'learning_rate': 0.001979478072183195, 'reg_alpha': 1.1867518884224488e-06, 'reg_lambda': 1.2617717512209435e-07, 'min_child_weight': 4}. Best is trial 0 with value: 0.941747572815534.
[I 2026-03-24 15:36:21,751] Trial 4 finished with value: 0.941747572815534 and parameters: {'n_estimators': 679, 'max_depth': 22, 'learning_rate': 0.0015359876756840904, 'reg_alpha': 5.513928061272309e-08, 'reg_lambda': 2.2818578229116475e-08, 'min_child_weight': 8}. Best is trial 0 with value: 0.941747572815534.
[I 2026-03-24 15:36:21,961] Trial 5 finished with value: 0.941747572815534 and parameters: {'n_estimators': 561, 'max_depth': 18, 'learning_rate': 0.0024054221812266382, 'reg_alpha': 0.001251303917447101, 'reg_lambda': 1.1893277772903043e-07, 'min_child_weight': 2}. Best is trial 0 with value: 0.941747572815534.
[I 2026-03-24 15:36:22,048] Trial 6 finished with value: 0.941747572815534 and parameters: {'n_estimators': 454, 'max_depth': 37, 'learning_rate': 0.005157104846337642, 'reg_alpha': 1.955770374260509e-07, 'reg_lambda': 6.425596787610143e-08, 'min_child_weight': 9}. Best is trial 0 with value: 0.941747572815534.
[I 2026-03-24 15:36:22,285] Trial 7 finished with value: 0.9207920792079208 and parameters: {'n_estimators': 816, 'max_depth': 27, 'learning_rate': 0.0923477226969806, 'reg_alpha': 2.6762203059934936e-07, 'reg_lambda': 0.6088701400202113, 'min_child_weight': 2}. Best is trial 0 with value: 0.941747572815534.
[I 2026-03-24 15:36:22,534] Trial 8 finished with value: 0.9405940594059405 and parameters: {'n_estimators': 584, 'max_depth': 46, 'learning_rate': 0.0039430193085134395, 'reg_alpha': 4.320142897015759e-05, 'reg_lambda': 4.407031256693324e-06, 'min_child_weight': 1}. Best is trial 0 with value: 0.941747572815534.
[I 2026-03-24 15:36:22,690] Trial 9 finished with value: 0.941747572815534 and parameters: {'n_estimators': 846, 'max_depth': 12, 'learning_rate': 0.009749959048819319, 'reg_alpha': 0.0002245207985515682, 'reg_lambda': 9.634806944183155e-05, 'min_child_weight': 5}. Best is trial 0 with value: 0.941747572815534.
[I 2026-03-24 15:36:22,749] Trial 10 finished with value: 0.941747572815534 and parameters: {'n_estimators': 242, 'max_depth': 36, 'learning_rate': 0.022252970132697454, 'reg_alpha': 0.2960774909460521, 'reg_lambda': 0.02236030423202192, 'min_child_weight': 7}. Best is trial 0 with value: 0.941747572815534.
[I 2026-03-24 15:36:22,799] Trial 11 finished with value: 0.941747572815534 and parameters: {'n_estimators': 202, 'max_depth': 36, 'learning_rate': 0.01997209686019316, 'reg_alpha': 0.026393807884608097, 'reg_lambda': 1.3805962360571249e-05, 'min_child_weight': 10}. Best is trial 0 with value: 0.941747572815534.
[I 2026-03-24 15:36:22,875] Trial 12 finished with value: 0.941747572815534 and parameters: {'n_estimators': 348, 'max_depth': 10, 'learning_rate': 0.01172010011584956, 'reg_alpha': 8.783101569626188e-06, 'reg_lambda': 4.97326658364742e-06, 'min_child_weight': 7}. Best is trial 0 with value: 0.941747572815534.
[I 2026-03-24 15:36:22,947] Trial 13 finished with value: 0.941747572815534 and parameters: {'n_estimators': 329, 'max_depth': 6, 'learning_rate': 0.048934652709553446, 'reg_alpha': 0.0004581147168326034, 'reg_lambda': 0.00097799304665107, 'min_child_weight': 10}. Best is trial 0 with value: 0.941747572815534.
[I 2026-03-24 15:36:23,018] Trial 14 finished with value: 0.941747572815534 and parameters: {'n_estimators': 317, 'max_depth': 29, 'learning_rate': 0.01026471056931082, 'reg_alpha': 6.057059029716447e-06, 'reg_lambda': 1.4230404807120774e-06, 'min_child_weight': 8}. Best is trial 0 with value: 0.941747572815534.
[I 2026-03-24 15:36:23,108] Trial 15 finished with value: 0.941747572815534 and parameters: {'n_estimators': 432, 'max_depth': 41, 'learning_rate': 0.025058483969225154, 'reg_alpha': 0.005236232419797581, 'reg_lambda': 0.001972159068309977, 'min_child_weight': 6}. Best is trial 0 with value: 0.941747572815534.
[I 2026-03-24 15:36:23,250] Trial 16 finished with value: 0.941747572815534 and parameters: {'n_estimators': 736, 'max_depth': 29, 'learning_rate': 0.05161438942923445, 'reg_alpha': 1.559889705891715e-05, 'reg_lambda': 0.0001450041832726887, 'min_child_weight': 9}. Best is trial 0 with value: 0.941747572815534.
[I 2026-03-24 15:36:23,434] Trial 17 finished with value: 0.941747572815534 and parameters: {'n_estimators': 973, 'max_depth': 25, 'learning_rate': 0.006390702775942183, 'reg_alpha': 0.020215669313512576, 'reg_lambda': 8.029630437873488e-07, 'min_child_weight': 9}. Best is trial 0 with value: 0.941747572815534.
[I 2026-03-24 15:36:23,520] Trial 18 finished with value: 0.941747572815534 and parameters: {'n_estimators': 272, 'max_depth': 49, 'learning_rate': 0.0010223208988579383, 'reg_alpha': 1.6531008246246713e-06, 'reg_lambda': 4.28326780322143e-05, 'min_child_weight': 4}. Best is trial 0 with value: 0.941747572815534.
[I 2026-03-24 15:36:23,602] Trial 19 finished with value: 0.941747572815534 and parameters: {'n_estimators': 386, 'max_depth': 32, 'learning_rate': 0.015785681294758963, 'reg_alpha': 8.57503811023436e-05, 'reg_lambda': 7.426361265368512e-07, 'min_child_weight': 7}. Best is trial 0 with value: 0.941747572815534.
[I 2026-03-24 15:36:23,707] Trial 20 finished with value: 0.941747572815534 and parameters: {'n_estimators': 519, 'max_depth': 41, 'learning_rate': 0.09322554604038377, 'reg_alpha': 0.6184071964646862, 'reg_lambda': 1.195054851429657e-08, 'min_child_weight': 10}. Best is trial 0 with value: 0.941747572815534.
[I 2026-03-24 15:36:23,962] Trial 21 finished with value: 0.941747572815534 and parameters: {'n_estimators': 917, 'max_depth': 16, 'learning_rate': 0.0032759405573501857, 'reg_alpha': 1.1273828592525289e-08, 'reg_lambda': 4.6612424826995115e-07, 'min_child_weight': 4}. Best is trial 0 with value: 0.941747572815534.
[I 2026-03-24 15:36:24,145] Trial 22 finished with value: 0.941747572815534 and parameters: {'n_estimators': 666, 'max_depth': 19, 'learning_rate': 0.007295152146150337, 'reg_alpha': 2.738894024049006e-06, 'reg_lambda': 2.2848489819679632e-07, 'min_child_weight': 4}. Best is trial 0 with value: 0.941747572815534.
[I 2026-03-24 15:36:24,206] Trial 23 finished with value: 0.941747572815534 and parameters: {'n_estimators': 257, 'max_depth': 13, 'learning_rate': 0.028827681420804743, 'reg_alpha': 1.0137598675780296e-06, 'reg_lambda': 5.792848285369809e-06, 'min_child_weight': 5}. Best is trial 0 with value: 0.941747572815534.
[I 2026-03-24 15:36:24,289] Trial 24 finished with value: 0.941747572815534 and parameters: {'n_estimators': 391, 'max_depth': 6, 'learning_rate': 0.013333197342951792, 'reg_alpha': 2.953766172059308e-05, 'reg_lambda': 2.2877246445692895e-05, 'min_child_weight': 6}. Best is trial 0 with value: 0.941747572815534.
[I 2026-03-24 15:36:24,531] Trial 25 finished with value: 0.941747572815534 and parameters: {'n_estimators': 775, 'max_depth': 23, 'learning_rate': 0.0022700214553180234, 'reg_alpha': 0.0016120695497254967, 'reg_lambda': 2.204468879154678e-06, 'min_child_weight': 3}. Best is trial 0 with value: 0.941747572815534.
[I 2026-03-24 15:36:24,586] Trial 26 finished with value: 0.941747572815534 and parameters: {'n_estimators': 203, 'max_depth': 14, 'learning_rate': 0.035217960921190346, 'reg_alpha': 4.937071575486282e-07, 'reg_lambda': 4.038451571271692e-08, 'min_child_weight': 8}. Best is trial 0 with value: 0.941747572815534.
[I 2026-03-24 15:36:24,715] Trial 27 finished with value: 0.941747572815534 and parameters: {'n_estimators': 639, 'max_depth': 9, 'learning_rate': 0.01512146591767714, 'reg_alpha': 0.00020438456839925312, 'reg_lambda': 0.00034819411051175157, 'min_child_weight': 6}. Best is trial 0 with value: 0.941747572815534.
[I 2026-03-24 15:36:24,894] Trial 28 finished with value: 0.941747572815534 and parameters: {'n_estimators': 913, 'max_depth': 19, 'learning_rate': 0.0076241998968178135, 'reg_alpha': 4.84677768335694e-06, 'reg_lambda': 1.5520520063548806e-07, 'min_child_weight': 9}. Best is trial 0 with value: 0.941747572815534.
[I 2026-03-24 15:36:25,036] Trial 29 finished with value: 0.9365853658536586 and parameters: {'n_estimators': 487, 'max_depth': 42, 'learning_rate': 0.03988117041709543, 'reg_alpha': 1.610544643293491e-08, 'reg_lambda': 2.305797288176822e-07, 'min_child_weight': 3}. Best is trial 0 with value: 0.941747572815534.
[I 2026-03-24 15:36:25,301] Trial 30 finished with value: 0.9313725490196079 and parameters: {'n_estimators': 990, 'max_depth': 32, 'learning_rate': 0.06760291962833964, 'reg_alpha': 4.551783577320729e-05, 'reg_lambda': 1.0310386076641516e-08, 'min_child_weight': 3}. Best is trial 0 with value: 0.941747572815534.
[I 2026-03-24 15:36:25,441] Trial 31 finished with value: 0.941747572815534 and parameters: {'n_estimators': 698, 'max_depth': 21, 'learning_rate': 0.0012515606771396851, 'reg_alpha': 5.178456425594697e-08, 'reg_lambda': 2.8514250538843192e-08, 'min_child_weight': 8}. Best is trial 0 with value: 0.941747572815534.
[I 2026-03-24 15:36:25,562] Trial 32 finished with value: 0.941747572815534 and parameters: {'n_estimators': 622, 'max_depth': 23, 'learning_rate': 0.0015050009210884428, 'reg_alpha': 5.213702035169848e-08, 'reg_lambda': 4.987517844904137e-08, 'min_child_weight': 8}. Best is trial 0 with value: 0.941747572815534.
[I 2026-03-24 15:36:25,669] Trial 33 finished with value: 0.941747572815534 and parameters: {'n_estimators': 532, 'max_depth': 16, 'learning_rate': 0.0021134661571180044, 'reg_alpha': 6.704480094703468e-07, 'reg_lambda': 3.5832535047207584e-07, 'min_child_weight': 9}. Best is trial 0 with value: 0.941747572815534.
[I 2026-03-24 15:36:25,823] Trial 34 finished with value: 0.941747572815534 and parameters: {'n_estimators': 828, 'max_depth': 16, 'learning_rate': 0.001868731126271534, 'reg_alpha': 7.860566566662583e-08, 'reg_lambda': 3.864752905210143e-08, 'min_child_weight': 10}. Best is trial 0 with value: 0.941747572815534.
[I 2026-03-24 15:36:25,967] Trial 35 finished with value: 0.941747572815534 and parameters: {'n_estimators': 746, 'max_depth': 26, 'learning_rate': 0.003106127883596015, 'reg_alpha': 2.2286773251526323e-07, 'reg_lambda': 1.0243231358149173e-07, 'min_child_weight': 7}. Best is trial 0 with value: 0.941747572815534.
[I 2026-03-24 15:36:26,206] Trial 36 finished with value: 0.9346733668341709 and parameters: {'n_estimators': 574, 'max_depth': 32, 'learning_rate': 0.004651058296773964, 'reg_alpha': 1.7374938712030483e-07, 'reg_lambda': 1.4440845765576198e-06, 'min_child_weight': 1}. Best is trial 0 with value: 0.941747572815534.
[I 2026-03-24 15:36:26,271] Trial 37 finished with value: 0.941747572815534 and parameters: {'n_estimators': 290, 'max_depth': 9, 'learning_rate': 0.018810094850488988, 'reg_alpha': 0.0009640968012831642, 'reg_lambda': 9.77222810937075e-06, 'min_child_weight': 8}. Best is trial 0 with value: 0.941747572815534.
[I 2026-03-24 15:36:26,446] Trial 38 finished with value: 0.941747572815534 and parameters: {'n_estimators': 909, 'max_depth': 21, 'learning_rate': 0.0015968324585964682, 'reg_alpha': 3.087284242295163e-06, 'reg_lambda': 1.20241418294515e-07, 'min_child_weight': 5}. Best is trial 0 with value: 0.941747572815534.
[I 2026-03-24 15:36:26,606] Trial 39 finished with value: 0.941747572815534 and parameters: {'n_estimators': 854, 'max_depth': 11, 'learning_rate': 0.0010644485306979966, 'reg_alpha': 2.689264356080873e-08, 'reg_lambda': 0.5073806861239113, 'min_child_weight': 9}. Best is trial 0 with value: 0.941747572815534.
[I 2026-03-24 15:36:26,697] Trial 40 finished with value: 0.941747572815534 and parameters: {'n_estimators': 435, 'max_depth': 45, 'learning_rate': 0.0026993449139669375, 'reg_alpha': 1.5411142794582587e-05, 'reg_lambda': 2.593338120591383e-06, 'min_child_weight': 10}. Best is trial 0 with value: 0.941747572815534.
[I 2026-03-24 15:36:26,906] Trial 41 finished with value: 0.941747572815534 and parameters: {'n_estimators': 552, 'max_depth': 19, 'learning_rate': 0.001501033929192696, 'reg_alpha': 0.00149284314868255, 'reg_lambda': 1.888697987842291e-08, 'min_child_weight': 2}. Best is trial 0 with value: 0.941747572815534.
[I 2026-03-24 15:36:27,054] Trial 42 finished with value: 0.9313725490196079 and parameters: {'n_estimators': 355, 'max_depth': 14, 'learning_rate': 0.00457292817105474, 'reg_alpha': 0.01830109566197784, 'reg_lambda': 8.288840486436928e-08, 'min_child_weight': 1}. Best is trial 0 with value: 0.941747572815534.
[I 2026-03-24 15:36:27,152] Trial 43 finished with value: 0.941747572815534 and parameters: {'n_estimators': 221, 'max_depth': 17, 'learning_rate': 0.00247047469104623, 'reg_alpha': 0.00030260599389362225, 'reg_lambda': 6.431142325549481e-07, 'min_child_weight': 2}. Best is trial 0 with value: 0.941747572815534.
[I 2026-03-24 15:36:27,287] Trial 44 finished with value: 0.941747572815534 and parameters: {'n_estimators': 690, 'max_depth': 24, 'learning_rate': 0.00375949158922429, 'reg_alpha': 0.0034399988869660302, 'reg_lambda': 7.801945424505622e-08, 'min_child_weight': 9}. Best is trial 0 with value: 0.941747572815534.
[I 2026-03-24 15:36:27,434] Trial 45 finished with value: 0.9365853658536586 and parameters: {'n_estimators': 478, 'max_depth': 28, 'learning_rate': 0.024680072196928426, 'reg_alpha': 8.767146391763529e-05, 'reg_lambda': 2.71113944280404e-07, 'min_child_weight': 3}. Best is trial 0 with value: 0.941747572815534.
[I 2026-03-24 15:36:27,583] Trial 46 finished with value: 0.941747572815534 and parameters: {'n_estimators': 796, 'max_depth': 21, 'learning_rate': 0.01032236767284769, 'reg_alpha': 0.010103104751030023, 'reg_lambda': 3.676844555776829e-05, 'min_child_weight': 7}. Best is trial 0 with value: 0.941747572815534.
[I 2026-03-24 15:36:27,680] Trial 47 finished with value: 0.941747572815534 and parameters: {'n_estimators': 309, 'max_depth': 39, 'learning_rate': 0.018979151463950586, 'reg_alpha': 0.0007383110285058722, 'reg_lambda': 4.36425580198194e-06, 'min_child_weight': 4}. Best is trial 0 with value: 0.941747572815534.
[I 2026-03-24 15:36:27,846] Trial 48 finished with value: 0.941747572815534 and parameters: {'n_estimators': 865, 'max_depth': 8, 'learning_rate': 0.0013022201348375387, 'reg_alpha': 1.0303486809831816e-05, 'reg_lambda': 1.1011587853384755e-06, 'min_child_weight': 8}. Best is trial 0 with value: 0.941747572815534.
[I 2026-03-24 15:36:27,930] Trial 49 finished with value: 0.941747572815534 and parameters: {'n_estimators': 399, 'max_depth': 35, 'learning_rate': 0.0019297599256292313, 'reg_alpha': 3.067019471108908e-07, 'reg_lambda': 0.006265344640228606, 'min_child_weight': 10}. Best is trial 0 with value: 0.941747572815534.
[I 2026-03-24 15:36:27,989] Trial 50 finished with value: 0.941747572815534 and parameters: {'n_estimators': 240, 'max_depth': 30, 'learning_rate': 0.030297632043449138, 'reg_alpha': 0.05972572127394168, 'reg_lambda': 2.0119761195118623e-08, 'min_child_weight': 6}. Best is trial 0 with value: 0.941747572815534.
[I 2026-03-24 15:36:28,088] Trial 51 finished with value: 0.941747572815534 and parameters: {'n_estimators': 472, 'max_depth': 36, 'learning_rate': 0.005747556047940611, 'reg_alpha': 8.249941194672417e-07, 'reg_lambda': 6.518442691555329e-08, 'min_child_weight': 9}. Best is trial 0 with value: 0.941747572815534.
[I 2026-03-24 15:36:28,210] Trial 52 finished with value: 0.941747572815534 and parameters: {'n_estimators': 608, 'max_depth': 40, 'learning_rate': 0.0030445482306230903, 'reg_alpha': 1.5968217470042466e-07, 'reg_lambda': 4.127141063724241e-07, 'min_child_weight': 9}. Best is trial 0 with value: 0.941747572815534.
[I 2026-03-24 15:36:28,288] Trial 53 finished with value: 0.941747572815534 and parameters: {'n_estimators': 355, 'max_depth': 44, 'learning_rate': 0.00858708134482354, 'reg_alpha': 0.0001749393482927636, 'reg_lambda': 1.2034043044485967e-07, 'min_child_weight': 8}. Best is trial 0 with value: 0.941747572815534.
[I 2026-03-24 15:36:28,389] Trial 54 finished with value: 0.941747572815534 and parameters: {'n_estimators': 502, 'max_depth': 38, 'learning_rate': 0.005377781370206672, 'reg_alpha': 1.7603263791418062e-06, 'reg_lambda': 0.00010673352097662417, 'min_child_weight': 10}. Best is trial 0 with value: 0.941747572815534.
[I 2026-03-24 15:36:28,575] Trial 55 finished with value: 0.9246231155778895 and parameters: {'n_estimators': 448, 'max_depth': 49, 'learning_rate': 0.013757596567044167, 'reg_alpha': 3.004032262474088e-08, 'reg_lambda': 2.288245906564315e-08, 'min_child_weight': 1}. Best is trial 0 with value: 0.941747572815534.
[I 2026-03-24 15:36:28,689] Trial 56 finished with value: 0.941747572815534 and parameters: {'n_estimators': 564, 'max_depth': 34, 'learning_rate': 0.0038020044763289107, 'reg_alpha': 0.003937432356891585, 'reg_lambda': 1.938893658479944e-07, 'min_child_weight': 7}. Best is trial 0 with value: 0.941747572815534.
