[I 2026-03-24 15:37:21,064] Trial 472 finished with value: 0.941747572815534 and parameters: {'n_estimators': 926, 'max_depth': 15, 'learning_rate': 0.011116105354147122, 'reg_alpha': 4.799259889082749e-05, 'reg_lambda': 1.3823405875284808e-06, 'min_child_weight': 10}. Best is trial 0 with value: 0.941747572815534.
[I 2026-03-24 15:37:21,183] Trial 473 finished with value: 0.941747572815534 and parameters: {'n_estimators': 307, 'max_depth': 34, 'learning_rate': 0.018446927460220912, 'reg_alpha': 0.006354735073828092, 'reg_lambda': 1.0529977632267961e-07, 'min_child_weight': 3}. Best is trial 0 with value: 0.941747572815534.
[I 2026-03-24 15:37:21,279] Trial 474 finished with value: 0.941747572815534 and parameters: {'n_estimators': 404, 'max_depth': 41, 'learning_rate': 0.07078536359655656, 'reg_alpha': 1.3918302342113948e-05, 'reg_lambda': 3.805001358570799e-07, 'min_child_weight': 6}. Best is trial 0 with value: 0.941747572815534.
[I 2026-03-24 15:37:21,367] Trial 475 finished with value: 0.941747572815534 and parameters: {'n_estimators': 353, 'max_depth': 20, 'learning_rate': 0.027852907611268667, 'reg_alpha': 0.02737988867156734, 'reg_lambda': 6.817711667250574e-06, 'min_child_weight': 8}. Best is trial 0 with value: 0.941747572815534.
[I 2026-03-24 15:37:21,451] Trial 476 finished with value: 0.941747572815534 and parameters: {'n_estimators': 219, 'max_depth': 17, 'learning_rate': 0.02326830932974463, 'reg_alpha': 2.1466041823042738e-06, 'reg_lambda': 7.05794672542981e-05, 'min_child_weight': 4}. Best is trial 0 with value: 0.941747572815534.
[I 2026-03-24 15:37:21,613] Trial 477 finished with value: 0.941747572815534 and parameters: {'n_estimators': 774, 'max_depth': 11, 'learning_rate': 0.016883559818215883, 'reg_alpha': 0.00034798407506956576, 'reg_lambda': 0.00039509017006149853, 'min_child_weight': 10}. Best is trial 0 with value: 0.941747572815534.
[I 2026-03-24 15:37:21,687] Trial 478 finished with value: 0.941747572815534 and parameters: {'n_estimators': 276, 'max_depth': 18, 'learning_rate': 0.013600328517900294, 'reg_alpha': 1.7275507578850128e-06, 'reg_lambda': 2.812593253837979e-06, 'min_child_weight': 7}. Best is trial 0 with value: 0.941747572815534.
[I 2026-03-24 15:37:21,780] Trial 479 finished with value: 0.941747572815534 and parameters: {'n_estimators': 376, 'max_depth': 13, 'learning_rate': 0.002715147298736737, 'reg_alpha': 9.344919109631203e-06, 'reg_lambda': 4.9243901984898126e-08, 'min_child_weight': 5}. Best is trial 0 with value: 0.941747572815534.
[I 2026-03-24 15:37:21,898] Trial 480 finished with value: 0.941747572815534 and parameters: {'n_estimators': 533, 'max_depth': 30, 'learning_rate': 0.0016451064897778718, 'reg_alpha': 4.343155345380921e-08, 'reg_lambda': 0.4747226419158827, 'min_child_weight': 9}. Best is trial 0 with value: 0.941747572815534.
[I 2026-03-24 15:37:22,015] Trial 481 finished with value: 0.941747572815534 and parameters: {'n_estimators': 246, 'max_depth': 24, 'learning_rate': 0.002088047548683726, 'reg_alpha': 0.09508360335047897, 'reg_lambda': 1.6310500642611547e-08, 'min_child_weight': 2}. Best is trial 0 with value: 0.941747572815534.
[I 2026-03-24 15:37:22,151] Trial 482 finished with value: 0.941747572815534 and parameters: {'n_estimators': 635, 'max_depth': 6, 'learning_rate': 0.025616219696488862, 'reg_alpha': 1.3070325510098727e-07, 'reg_lambda': 0.0007707688802170154, 'min_child_weight': 6}. Best is trial 0 with value: 0.941747572815534.
[I 2026-03-24 15:37:22,326] Trial 483 finished with value: 0.941747572815534 and parameters: {'n_estimators': 862, 'max_depth': 33, 'learning_rate': 0.021484943263626596, 'reg_alpha': 0.5507804222437728, 'reg_lambda': 1.1874488215002426e-05, 'min_child_weight': 7}. Best is trial 0 with value: 0.941747572815534.
[I 2026-03-24 15:37:22,534] Trial 484 finished with value: 0.941747572815534 and parameters: {'n_estimators': 683, 'max_depth': 12, 'learning_rate': 0.007886958851765612, 'reg_alpha': 8.178369032444434e-07, 'reg_lambda': 2.321806464256593e-08, 'min_child_weight': 4}. Best is trial 0 with value: 0.941747572815534.
[I 2026-03-24 15:37:22,630] Trial 485 finished with value: 0.941747572815534 and parameters: {'n_estimators': 427, 'max_depth': 38, 'learning_rate': 0.05515898892372768, 'reg_alpha': 0.0007891116281698889, 'reg_lambda': 2.398265373489776e-07, 'min_child_weight': 10}. Best is trial 0 with value: 0.941747572815534.
[I 2026-03-24 15:37:22,801] Trial 486 finished with value: 0.941747572815534 and parameters: {'n_estimators': 833, 'max_depth': 16, 'learning_rate': 0.03111047236261026, 'reg_alpha': 0.0001788098446759642, 'reg_lambda': 1.860214980988594e-06, 'min_child_weight': 8}. Best is trial 0 with value: 0.941747572815534.
[I 2026-03-24 15:37:22,884] Trial 487 finished with value: 0.941747572815534 and parameters: {'n_estimators': 322, 'max_depth': 8, 'learning_rate': 0.010079960750094822, 'reg_alpha': 5.939296309571836e-06, 'reg_lambda': 8.461304917606216e-07, 'min_child_weight': 9}. Best is trial 0 with value: 0.941747572815534.
[I 2026-03-24 15:37:23,066] Trial 488 finished with value: 0.941747572815534 and parameters: {'n_estimators': 900, 'max_depth': 36, 'learning_rate': 0.002362602246408452, 'reg_alpha': 0.004399442388389284, 'reg_lambda': 8.32430984057364e-08, 'min_child_weight': 5}. Best is trial 0 with value: 0.941747572815534.
[I 2026-03-24 15:37:23,189] Trial 489 finished with value: 0.941747572815534 and parameters: {'n_estimators': 343, 'max_depth': 46, 'learning_rate': 0.012366373158050429, 'reg_alpha': 0.002166398950939981, 'reg_lambda': 9.763257621809184e-05, 'min_child_weight': 3}. Best is trial 0 with value: 0.941747572815534.
[I 2026-03-24 15:37:23,262] Trial 490 finished with value: 0.941747572815534 and parameters: {'n_estimators': 264, 'max_depth': 22, 'learning_rate': 0.004426814208108761, 'reg_alpha': 1.0088621199191036e-08, 'reg_lambda': 4.2530571206543853e-07, 'min_child_weight': 10}. Best is trial 0 with value: 0.941747572815534.
[I 2026-03-24 15:37:23,330] Trial 491 finished with value: 0.941747572815534 and parameters: {'n_estimators': 234, 'max_depth': 45, 'learning_rate': 0.0017828601662673487, 'reg_alpha': 4.783396669269316e-07, 'reg_lambda': 2.6643643443491948e-05, 'min_child_weight': 8}. Best is trial 0 with value: 0.941747572815534.
[I 2026-03-24 15:37:23,391] Trial 492 finished with value: 0.941747572815534 and parameters: {'n_estimators': 200, 'max_depth': 32, 'learning_rate': 0.013887958521446352, 'reg_alpha': 0.1932065645786062, 'reg_lambda': 1.5417680011634596e-07, 'min_child_weight': 6}. Best is trial 0 with value: 0.941747572815534.
[I 2026-03-24 15:37:23,468] Trial 493 finished with value: 0.941747572815534 and parameters: {'n_estimators': 290, 'max_depth': 9, 'learning_rate': 0.019579545587778, 'reg_alpha': 0.009707955216319964, 'reg_lambda': 0.08505248722968894, 'min_child_weight': 9}. Best is trial 0 with value: 0.941747572815534.
[I 2026-03-24 15:37:23,590] Trial 494 finished with value: 0.941747572815534 and parameters: {'n_estimators': 365, 'max_depth': 37, 'learning_rate': 0.006537128465059779, 'reg_alpha': 0.0013297513248710635, 'reg_lambda': 4.584957199417188e-06, 'min_child_weight': 4}. Best is trial 0 with value: 0.941747572815534.
[I 2026-03-24 15:37:23,755] Trial 495 finished with value: 0.941747572815534 and parameters: {'n_estimators': 758, 'max_depth': 10, 'learning_rate': 0.0033729968242964662, 'reg_alpha': 0.0004883111823224515, 'reg_lambda': 4.806062152881151e-05, 'min_child_weight': 7}. Best is trial 0 with value: 0.941747572815534.
[I 2026-03-24 15:37:23,955] Trial 496 finished with value: 0.941747572815534 and parameters: {'n_estimators': 950, 'max_depth': 25, 'learning_rate': 0.059931947354249254, 'reg_alpha': 1.7752204202294934e-07, 'reg_lambda': 1.1871069156115938e-06, 'min_child_weight': 9}. Best is trial 0 with value: 0.941747572815534.
[I 2026-03-24 15:37:24,021] Trial 497 finished with value: 0.941747572815534 and parameters: {'n_estimators': 215, 'max_depth': 11, 'learning_rate': 0.01643587182480653, 'reg_alpha': 7.368861423387988e-05, 'reg_lambda': 3.1675354342426295e-08, 'min_child_weight': 8}. Best is trial 0 with value: 0.941747572815534.
[I 2026-03-24 15:37:24,115] Trial 498 finished with value: 0.941747572815534 and parameters: {'n_estimators': 387, 'max_depth': 19, 'learning_rate': 0.011298228985183846, 'reg_alpha': 0.00012937347535679663, 'reg_lambda': 1.9719703344315405e-05, 'min_child_weight': 5}. Best is trial 0 with value: 0.941747572815534.
[I 2026-03-24 15:37:24,260] Trial 499 finished with value: 0.941747572815534 and parameters: {'n_estimators': 664, 'max_depth': 14, 'learning_rate': 0.047110135747291504, 'reg_alpha': 3.564339377116533e-06, 'reg_lambda': 3.0006554779109484e-07, 'min_child_weight': 9}. Best is trial 0 with value: 0.941747572815534.
[I 2026-03-24 15:37:24,395] Trial 500 finished with value: 0.941747572815534 and parameters: {'n_estimators': 580, 'max_depth': 40, 'learning_rate': 0.0013917194770889816, 'reg_alpha': 0.00032824472307202375, 'reg_lambda': 7.339169767847095e-07, 'min_child_weight': 10}. Best is trial 0 with value: 0.941747572815534.
[I 2026-03-24 15:37:24,546] Trial 501 finished with value: 0.9346733668341709 and parameters: {'n_estimators': 311, 'max_depth': 42, 'learning_rate': 0.008825966728721563, 'reg_alpha': 1.3409105750725607e-06, 'reg_lambda': 5.427875381964899e-07, 'min_child_weight': 1}. Best is trial 0 with value: 0.941747572815534.
[I 2026-03-24 15:37:24,693] Trial 502 finished with value: 0.941747572815534 and parameters: {'n_estimators': 446, 'max_depth': 8, 'learning_rate': 0.015090496600473827, 'reg_alpha': 1.573666690606597e-05, 'reg_lambda': 0.0001812330738166729, 'min_child_weight': 4}. Best is trial 0 with value: 0.941747572815534.
[I 2026-03-24 15:37:24,931] Trial 503 finished with value: 0.941747572815534 and parameters: {'n_estimators': 714, 'max_depth': 17, 'learning_rate': 0.0019378889895752662, 'reg_alpha': 3.1927229347033355e-07, 'reg_lambda': 0.000529391705199695, 'min_child_weight': 3}. Best is trial 0 with value: 0.941747572815534.
[I 2026-03-24 15:37:25,000] Trial 504 finished with value: 0.941747572815534 and parameters: {'n_estimators': 239, 'max_depth': 14, 'learning_rate': 0.021998282112469323, 'reg_alpha': 2.349403922008472e-06, 'reg_lambda': 6.941493880866459e-06, 'min_child_weight': 6}. Best is trial 0 with value: 0.941747572815534.
[I 2026-03-24 15:37:25,083] Trial 505 finished with value: 0.941747572815534 and parameters: {'n_estimators': 327, 'max_depth': 18, 'learning_rate': 0.005075370029780034, 'reg_alpha': 8.730812615758406e-06, 'reg_lambda': 1.2887933470210534e-07, 'min_child_weight': 7}. Best is trial 0 with value: 0.941747572815534.
[I 2026-03-24 15:37:25,190] Trial 506 finished with value: 0.941747572815534 and parameters: {'n_estimators': 462, 'max_depth': 39, 'learning_rate': 0.01862574795018914, 'reg_alpha': 2.3753979762902795e-05, 'reg_lambda': 2.344894645351263e-06, 'min_child_weight': 6}. Best is trial 0 with value: 0.941747572815534.
[I 2026-03-24 15:37:25,320] Trial 507 finished with value: 0.941747572815534 and parameters: {'n_estimators': 397, 'max_depth': 23, 'learning_rate': 0.002232640061661872, 'reg_alpha': 3.5247713942592955e-05, 'reg_lambda': 1.0132398765463108e-05, 'min_child_weight': 4}. Best is trial 0 with value: 0.941747572815534.
[I 2026-03-24 15:37:25,450] Trial 508 finished with value: 0.941747572815534 and parameters: {'n_estimators': 601, 'max_depth': 27, 'learning_rate': 0.026248317455576934, 'reg_alpha': 2.330280837727565e-08, 'reg_lambda': 0.0180331854771923, 'min_child_weight': 5}. Best is trial 0 with value: 0.941747572815534.
[I 2026-03-24 15:37:25,631] Trial 509 finished with value: 0.941747572815534 and parameters: {'n_estimators': 878, 'max_depth': 7, 'learning_rate': 0.04284655726898938, 'reg_alpha': 0.0385115432239353, 'reg_lambda': 0.010137420098312798, 'min_child_weight': 8}. Best is trial 0 with value: 0.941747572815534.
[I 2026-03-24 15:37:25,771] Trial 510 finished with value: 0.941747572815534 and parameters: {'n_estimators': 654, 'max_depth': 21, 'learning_rate': 0.0029467415281440833, 'reg_alpha': 0.00024765037110738693, 'reg_lambda': 1.3548896880193097e-08, 'min_child_weight': 9}. Best is trial 0 with value: 0.941747572815534.
[I 2026-03-24 15:37:25,958] Trial 511 finished with value: 0.941747572815534 and parameters: {'n_estimators': 917, 'max_depth': 36, 'learning_rate': 0.09354235880809003, 'reg_alpha': 9.92787877987932e-07, 'reg_lambda': 6.150531973952244e-08, 'min_child_weight': 10}. Best is trial 0 with value: 0.941747572815534.
[I 2026-03-24 15:37:26,080] Trial 512 finished with value: 0.941747572815534 and parameters: {'n_estimators': 550, 'max_depth': 6, 'learning_rate': 0.037193865645338976, 'reg_alpha': 0.0006137203807378647, 'reg_lambda': 1.1293201060709255e-06, 'min_child_weight': 7}. Best is trial 0 with value: 0.941747572815534.
[I 2026-03-24 15:37:26,250] Trial 513 finished with value: 0.941747572815534 and parameters: {'n_estimators': 819, 'max_depth': 30, 'learning_rate': 0.02905259994679282, 'reg_alpha': 0.32602726190668097, 'reg_lambda': 3.5622971348132935e-05, 'min_child_weight': 9}. Best is trial 0 with value: 0.941747572815534.
[I 2026-03-24 15:37:26,447] Trial 514 finished with value: 0.941747572815534 and parameters: {'n_estimators': 967, 'max_depth': 49, 'learning_rate': 0.012818791772078973, 'reg_alpha': 0.017878424273051065, 'reg_lambda': 1.0132045541208378e-08, 'min_child_weight': 8}. Best is trial 0 with value: 0.941747572815534.
[I 2026-03-24 15:37:26,514] Trial 515 finished with value: 0.941747572815534 and parameters: {'n_estimators': 220, 'max_depth': 13, 'learning_rate': 0.006170533827410847, 'reg_alpha': 6.412008965397643e-07, 'reg_lambda': 2.099250132810727e-07, 'min_child_weight': 10}. Best is trial 0 with value: 0.941747572815534.
[I 2026-03-24 15:37:26,660] Trial 516 finished with value: 0.941747572815534 and parameters: {'n_estimators': 689, 'max_depth': 29, 'learning_rate': 0.0025060958322626076, 'reg_alpha': 5.184495031710962e-06, 'reg_lambda': 0.0052783693336246025, 'min_child_weight': 6}. Best is trial 0 with value: 0.941747572815534.
[I 2026-03-24 15:37:26,757] Trial 517 finished with value: 0.941747572815534 and parameters: {'n_estimators': 253, 'max_depth': 16, 'learning_rate': 0.024521158389868125, 'reg_alpha': 0.0009737535553473742, 'reg_lambda': 0.0003071473573296152, 'min_child_weight': 4}. Best is trial 0 with value: 0.941747572815534.
[I 2026-03-24 15:37:26,844] Trial 518 finished with value: 0.941747572815534 and parameters: {'n_estimators': 347, 'max_depth': 38, 'learning_rate': 0.010174507536268687, 'reg_alpha': 1.6212190178250472e-06, 'reg_lambda': 3.623774150622699e-06, 'min_child_weight': 5}. Best is trial 0 with value: 0.941747572815534.
[I 2026-03-24 15:37:26,945] Trial 519 finished with value: 0.941747572815534 and parameters: {'n_estimators': 422, 'max_depth': 12, 'learning_rate': 0.008249464220909, 'reg_alpha': 1.138317864489262e-05, 'reg_lambda': 0.0013435410976351113, 'min_child_weight': 8}. Best is trial 0 with value: 0.941747572815534.
[I 2026-03-24 15:37:27,101] Trial 520 finished with value: 0.941747572815534 and parameters: {'n_estimators': 737, 'max_depth': 35, 'learning_rate': 0.019647271699576106, 'reg_alpha': 5.390033875064911e-08, 'reg_lambda': 2.0581018784339585e-08, 'min_child_weight': 9}. Best is trial 0 with value: 0.941747572815534.
[I 2026-03-24 15:37:27,263] Trial 521 finished with value: 0.941747572815534 and parameters: {'n_estimators': 519, 'max_depth': 10, 'learning_rate': 0.00108877761572129, 'reg_alpha': 3.570248370296167e-06, 'reg_lambda': 1.5274022032060438e-05, 'min_child_weight': 4}. Best is trial 0 with value: 0.941747572815534.
[I 2026-03-24 15:37:27,338] Trial 522 finished with value: 0.941747572815534 and parameters: {'n_estimators': 275, 'max_depth': 31, 'learning_rate': 0.016812830071572058, 'reg_alpha': 0.0015772768581178425, 'reg_lambda': 5.447639262880905e-07, 'min_child_weight': 7}. Best is trial 0 with value: 0.941747572815534.
[I 2026-03-24 15:37:27,529] Trial 523 finished with value: 0.941747572815534 and parameters: {'n_estimators': 934, 'max_depth': 34, 'learning_rate': 0.014700643105987158, 'reg_alpha': 0.9966549252615355, 'reg_lambda': 7.900517987784446e-05, 'min_child_weight': 9}. Best is trial 0 with value: 0.941747572815534.
[I 2026-03-24 15:37:27,620] Trial 524 finished with value: 0.941747572815534 and parameters: {'n_estimators': 365, 'max_depth': 11, 'learning_rate': 0.03365623202947021, 'reg_alpha': 0.00016117464106109119, 'reg_lambda': 1.0439462901958246e-07, 'min_child_weight': 6}. Best is trial 0 with value: 0.941747572815534.
[I 2026-03-24 15:37:27,712] Trial 525 finished with value: 0.941747572815534 and parameters: {'n_estimators': 216, 'max_depth': 20, 'learning_rate': 0.005652639407542833, 'reg_alpha': 6.640387457322983e-06, 'reg_lambda': 5.521602543615626e-06, 'min_child_weight': 3}. Best is trial 0 with value: 0.941747572815534.
[I 2026-03-24 15:37:27,812] Trial 526 finished with value: 0.9313725490196079 and parameters: {'n_estimators': 232, 'max_depth': 15, 'learning_rate': 0.0665646929912028, 'reg_alpha': 0.012531847698995947, 'reg_lambda': 3.6915946062862584e-08, 'min_child_weight': 2}. Best is trial 0 with value: 0.941747572815534.
[I 2026-03-24 15:37:27,976] Trial 527 finished with value: 0.941747572815534 and parameters: {'n_estimators': 781, 'max_depth': 26, 'learning_rate': 0.018337317875592642, 'reg_alpha': 9.549435228508716e-05, 'reg_lambda': 1.7476158018517414e-06, 'min_child_weight': 10}. Best is trial 0 with value: 0.941747572815534.
[I 2026-03-24 15:37:28,056] Trial 528 finished with value: 0.941747572815534 and parameters: {'n_estimators': 299, 'max_depth': 8, 'learning_rate': 0.02163906526385343, 'reg_alpha': 7.851171584913337e-08, 'reg_lambda': 8.783440637307618e-07, 'min_child_weight': 5}. Best is trial 0 with value: 0.941747572815534.
[I 2026-03-24 15:37:28,222] Trial 529 finished with value: 0.941747572815534 and parameters: {'n_estimators': 799, 'max_depth': 19, 'learning_rate': 0.012089512970133599, 'reg_alpha': 0.06034637387631225, 'reg_lambda': 3.2196297012298705e-07, 'min_child_weight': 8}. Best is trial 0 with value: 0.941747572815534.
[I 2026-03-24 15:37:28,373] Trial 530 finished with value: 0.941747572815534 and parameters: {'n_estimators': 472, 'max_depth': 18, 'learning_rate': 0.0016367137719457388, 'reg_alpha': 0.0004459157286103488, 'reg_lambda': 7.220785364442357e-08, 'min_child_weight': 4}. Best is trial 0 with value: 0.941747572815534.
[I 2026-03-24 15:37:28,446] Trial 531 finished with value: 0.941747572815534 and parameters: {'n_estimators': 261, 'max_depth': 39, 'learning_rate': 0.0094296399692091, 'reg_alpha': 0.007113923378266936, 'reg_lambda': 0.00014653123454141595, 'min_child_weight': 7}. Best is trial 0 with value: 0.941747572815534.
[I 2026-03-24 15:37:28,533] Trial 532 finished with value: 0.941747572815534 and parameters: {'n_estimators': 336, 'max_depth': 9, 'learning_rate': 0.0012108044276032289, 'reg_alpha': 0.5904966985959776, 'reg_lambda': 0.00023721121310153482, 'min_child_weight': 9}. Best is trial 0 with value: 0.941747572815534.
[I 2026-03-24 15:37:28,668] Trial 533 finished with value: 0.941747572815534 and parameters: {'n_estimators': 626, 'max_depth': 22, 'learning_rate': 0.007486885689709103, 'reg_alpha': 2.723934191024206e-06, 'reg_lambda': 1.028423529551603e-05, 'min_child_weight': 6}. Best is trial 0 with value: 0.941747572815534.
[I 2026-03-24 15:37:28,845] Trial 534 finished with value: 0.941747572815534 and parameters: {'n_estimators': 862, 'max_depth': 28, 'learning_rate': 0.013556020395824786, 'reg_alpha': 1.001778928652078e-06, 'reg_lambda': 2.6395727496934016e-05, 'min_child_weight': 10}. Best is trial 0 with value: 0.941747572815534.
[I 2026-03-24 15:37:28,908] Trial 535 finished with value: 0.941747572815534 and parameters: {'n_estimators': 200, 'max_depth': 42, 'learning_rate': 0.0021545076273108395, 'reg_alpha': 1.8660074905512983e-05, 'reg_lambda': 1.9319274655601107e-07, 'min_child_weight': 9}. Best is trial 0 with value: 0.941747572815534.
[I 2026-03-24 15:37:29,224] Trial 536 finished with value: 0.941747572815534 and parameters: {'n_estimators': 845, 'max_depth': 36, 'learning_rate': 0.0018501228394151431, 'reg_alpha': 0.0026590484390820453, 'reg_lambda': 3.4244683875823536e-06, 'min_child_weight': 2}. Best is trial 0 with value: 0.941747572815534.
[I 2026-03-24 15:37:29,334] Trial 537 finished with value: 0.941747572815534 and parameters: {'n_estimators': 490, 'max_depth': 14, 'learning_rate': 0.023764075458509837, 'reg_alpha': 6.098473042740991e-05, 'reg_lambda': 6.491975191571185e-07, 'min_child_weight': 5}. Best is trial 0 with value: 0.941747572815534.
[I 2026-03-24 15:37:29,447] Trial 538 finished with value: 0.941747572815534 and parameters: {'n_estimators': 319, 'max_depth': 7, 'learning_rate': 0.01596335464066237, 'reg_alpha': 0.00030572928892638333, 'reg_lambda': 4.0761050884509734e-08, 'min_child_weight': 4}. Best is trial 0 with value: 0.941747572815534.
[I 2026-03-24 15:37:29,597] Trial 539 finished with value: 0.941747572815534 and parameters: {'n_estimators': 672, 'max_depth': 12, 'learning_rate': 0.028645192977439123, 'reg_alpha': 4.099381670721672e-07, 'reg_lambda': 4.502978963111032e-05, 'min_child_weight': 10}. Best is trial 0 with value: 0.941747572815534.
[I 2026-03-24 15:37:29,786] Trial 540 finished with value: 0.941747572815534 and parameters: {'n_estimators': 894, 'max_depth': 41, 'learning_rate': 0.011030380204488354, 'reg_alpha': 1.8346659728038618e-08, 'reg_lambda': 0.0007003589813729147, 'min_child_weight': 7}. Best is trial 0 with value: 0.941747572815534.
