[I 2026-03-24 15:37:29,928] Trial 541 finished with value: 0.941747572815534 and parameters: {'n_estimators': 391, 'max_depth': 24, 'learning_rate': 0.006870249010427915, 'reg_alpha': 0.0007281028604103399, 'reg_lambda': 0.002237025568193533, 'min_child_weight': 3}. Best is trial 0 with value: 0.941747572815534.
[I 2026-03-24 15:37:30,021] Trial 542 finished with value: 0.941747572815534 and parameters: {'n_estimators': 359, 'max_depth': 37, 'learning_rate': 0.0025915313279113905, 'reg_alpha': 2.077396637095993e-06, 'reg_lambda': 1.415672199260454e-06, 'min_child_weight': 8}. Best is trial 0 with value: 0.941747572815534.
[I 2026-03-24 15:37:30,094] Trial 543 finished with value: 0.941747572815534 and parameters: {'n_estimators': 244, 'max_depth': 44, 'learning_rate': 0.020664404012922452, 'reg_alpha': 3.421480842264667e-08, 'reg_lambda': 4.061027125577649e-07, 'min_child_weight': 9}. Best is trial 0 with value: 0.941747572815534.
[I 2026-03-24 15:37:30,225] Trial 544 finished with value: 0.941747572815534 and parameters: {'n_estimators': 572, 'max_depth': 16, 'learning_rate': 0.01748316887515084, 'reg_alpha': 0.0036720517417665336, 'reg_lambda': 5.482346333972994e-06, 'min_child_weight': 6}. Best is trial 0 with value: 0.941747572815534.
[I 2026-03-24 15:37:30,309] Trial 545 finished with value: 0.941747572815534 and parameters: {'n_estimators': 221, 'max_depth': 38, 'learning_rate': 0.0046544353530435945, 'reg_alpha': 0.00024168625303400086, 'reg_lambda': 1.5443907879216773e-05, 'min_child_weight': 4}. Best is trial 0 with value: 0.941747572815534.
[I 2026-03-24 15:37:30,415] Trial 546 finished with value: 0.941747572815534 and parameters: {'n_estimators': 431, 'max_depth': 17, 'learning_rate': 0.025689973463874267, 'reg_alpha': 1.1850174859892755e-06, 'reg_lambda': 0.21502154607792753, 'min_child_weight': 7}. Best is trial 0 with value: 0.941747572815534.
[I 2026-03-24 15:37:30,571] Trial 547 finished with value: 0.941747572815534 and parameters: {'n_estimators': 701, 'max_depth': 28, 'learning_rate': 0.031771535306271234, 'reg_alpha': 4.560007777400581e-06, 'reg_lambda': 8.952331306572222e-05, 'min_child_weight': 10}. Best is trial 0 with value: 0.941747572815534.
[I 2026-03-24 15:37:30,716] Trial 548 finished with value: 0.941747572815534 and parameters: {'n_estimators': 646, 'max_depth': 13, 'learning_rate': 0.08177905016338158, 'reg_alpha': 7.196828675054535e-06, 'reg_lambda': 0.003621582458841219, 'min_child_weight': 9}. Best is trial 0 with value: 0.941747572815534.
[I 2026-03-24 15:37:30,796] Trial 549 finished with value: 0.941747572815534 and parameters: {'n_estimators': 283, 'max_depth': 23, 'learning_rate': 0.014360258655151932, 'reg_alpha': 0.4501464631287453, 'reg_lambda': 1.3924944587766569e-07, 'min_child_weight': 6}. Best is trial 0 with value: 0.941747572815534.
[I 2026-03-24 15:37:30,879] Trial 550 finished with value: 0.941747572815534 and parameters: {'n_estimators': 304, 'max_depth': 10, 'learning_rate': 0.03921790750029631, 'reg_alpha': 6.629077565419549e-07, 'reg_lambda': 1.9428675934714768e-08, 'min_child_weight': 5}. Best is trial 0 with value: 0.941747572815534.
[I 2026-03-24 15:37:30,980] Trial 551 finished with value: 0.941747572815534 and parameters: {'n_estimators': 406, 'max_depth': 27, 'learning_rate': 0.0012907313907853882, 'reg_alpha': 1.0756591129271977e-07, 'reg_lambda': 7.97310998705314e-06, 'min_child_weight': 8}. Best is trial 0 with value: 0.941747572815534.
[I 2026-03-24 15:37:31,185] Trial 552 finished with value: 0.941747572815534 and parameters: {'n_estimators': 980, 'max_depth': 33, 'learning_rate': 0.0014675987718744798, 'reg_alpha': 2.827674607878395e-07, 'reg_lambda': 5.136751383247465e-08, 'min_child_weight': 9}. Best is trial 0 with value: 0.941747572815534.
[I 2026-03-24 15:37:31,272] Trial 553 finished with value: 0.941747572815534 and parameters: {'n_estimators': 332, 'max_depth': 11, 'learning_rate': 0.022339814606538482, 'reg_alpha': 0.25132886129594645, 'reg_lambda': 2.1105780347797467e-06, 'min_child_weight': 8}. Best is trial 0 with value: 0.941747572815534.
[I 2026-03-24 15:37:31,344] Trial 554 finished with value: 0.941747572815534 and parameters: {'n_estimators': 236, 'max_depth': 15, 'learning_rate': 0.05049429830809168, 'reg_alpha': 0.024767051731871933, 'reg_lambda': 2.6932773464221685e-08, 'min_child_weight': 10}. Best is trial 0 with value: 0.941747572815534.
[I 2026-03-24 15:37:31,420] Trial 555 finished with value: 0.941747572815534 and parameters: {'n_estimators': 261, 'max_depth': 6, 'learning_rate': 0.010647171591327604, 'reg_alpha': 1.2003331060791985e-05, 'reg_lambda': 8.576194437131769e-08, 'min_child_weight': 6}. Best is trial 0 with value: 0.941747572815534.
[I 2026-03-24 15:37:31,577] Trial 556 finished with value: 0.941747572815534 and parameters: {'n_estimators': 507, 'max_depth': 25, 'learning_rate': 0.0023543982191068027, 'reg_alpha': 3.517565406707632e-05, 'reg_lambda': 0.00011861837031899182, 'min_child_weight': 4}. Best is trial 0 with value: 0.941747572815534.
[I 2026-03-24 15:37:31,674] Trial 557 finished with value: 0.941747572815534 and parameters: {'n_estimators': 381, 'max_depth': 20, 'learning_rate': 0.012797037485876163, 'reg_alpha': 1.6430425106994167e-06, 'reg_lambda': 8.410710147194541e-07, 'min_child_weight': 7}. Best is trial 0 with value: 0.941747572815534.
[I 2026-03-24 15:37:31,840] Trial 558 finished with value: 0.941747572815534 and parameters: {'n_estimators': 766, 'max_depth': 36, 'learning_rate': 0.04502293994988917, 'reg_alpha': 0.00013874239320137892, 'reg_lambda': 2.7482114055958377e-07, 'min_child_weight': 9}. Best is trial 0 with value: 0.941747572815534.
[I 2026-03-24 15:37:31,999] Trial 559 finished with value: 0.941747572815534 and parameters: {'n_estimators': 723, 'max_depth': 47, 'learning_rate': 0.0020238353158150597, 'reg_alpha': 0.0014480049548161746, 'reg_lambda': 1.890952802421603e-05, 'min_child_weight': 5}. Best is trial 0 with value: 0.941747572815534.
[I 2026-03-24 15:37:32,090] Trial 560 finished with value: 0.941747572815534 and parameters: {'n_estimators': 352, 'max_depth': 40, 'learning_rate': 0.01905469342895098, 'reg_alpha': 1.5164738321525105e-07, 'reg_lambda': 4.944621273195846e-07, 'min_child_weight': 8}. Best is trial 0 with value: 0.941747572815534.
[I 2026-03-24 15:37:32,158] Trial 561 finished with value: 0.941747572815534 and parameters: {'n_estimators': 215, 'max_depth': 9, 'learning_rate': 0.0038638706347641394, 'reg_alpha': 2.7377768715031684e-06, 'reg_lambda': 0.0004053101936659207, 'min_child_weight': 10}. Best is trial 0 with value: 0.941747572815534.
[I 2026-03-24 15:37:32,283] Trial 562 finished with value: 0.941747572815534 and parameters: {'n_estimators': 543, 'max_depth': 21, 'learning_rate': 0.0053741430741238395, 'reg_alpha': 0.00040740992528810565, 'reg_lambda': 1.12681051933494e-06, 'min_child_weight': 9}. Best is trial 0 with value: 0.941747572815534.
[I 2026-03-24 15:37:32,544] Trial 563 finished with value: 0.941747572815534 and parameters: {'n_estimators': 880, 'max_depth': 30, 'learning_rate': 0.01598812757780749, 'reg_alpha': 0.12367185833500621, 'reg_lambda': 5.939492652306639e-05, 'min_child_weight': 4}. Best is trial 0 with value: 0.941747572815534.
[I 2026-03-24 15:37:32,738] Trial 564 finished with value: 0.941747572815534 and parameters: {'n_estimators': 937, 'max_depth': 17, 'learning_rate': 0.009431519763491113, 'reg_alpha': 0.0006044615563984817, 'reg_lambda': 2.606827681885277e-06, 'min_child_weight': 6}. Best is trial 0 with value: 0.941747572815534.
[I 2026-03-24 15:37:32,936] Trial 565 finished with value: 0.941747572815534 and parameters: {'n_estimators': 958, 'max_depth': 46, 'learning_rate': 0.0029714504122347013, 'reg_alpha': 7.842072960650419e-07, 'reg_lambda': 0.0009166133130337568, 'min_child_weight': 5}. Best is trial 0 with value: 0.941747572815534.
[I 2026-03-24 15:37:33,072] Trial 566 finished with value: 0.941747572815534 and parameters: {'n_estimators': 613, 'max_depth': 18, 'learning_rate': 0.07386155946625697, 'reg_alpha': 0.00018751943932831993, 'reg_lambda': 1.4940122131503922e-08, 'min_child_weight': 7}. Best is trial 0 with value: 0.941747572815534.
[I 2026-03-24 15:37:33,221] Trial 567 finished with value: 0.941747572815534 and parameters: {'n_estimators': 418, 'max_depth': 35, 'learning_rate': 0.011887869495568748, 'reg_alpha': 1.559359496941798e-05, 'reg_lambda': 1.1013120170135496e-05, 'min_child_weight': 3}. Best is trial 0 with value: 0.941747572815534.
[I 2026-03-24 15:37:33,289] Trial 568 finished with value: 0.941747572815534 and parameters: {'n_estimators': 245, 'max_depth': 13, 'learning_rate': 0.0017481464097395337, 'reg_alpha': 0.0010719416737225865, 'reg_lambda': 1.2834436396258946e-07, 'min_child_weight': 9}. Best is trial 0 with value: 0.941747572815534.
[I 2026-03-24 15:37:33,478] Trial 569 finished with value: 0.9313725490196079 and parameters: {'n_estimators': 443, 'max_depth': 43, 'learning_rate': 0.003400257726605116, 'reg_alpha': 0.005702506105187156, 'reg_lambda': 0.0002113760107406588, 'min_child_weight': 1}. Best is trial 0 with value: 0.941747572815534.
[I 2026-03-24 15:37:33,747] Trial 570 finished with value: 0.941747572815534 and parameters: {'n_estimators': 914, 'max_depth': 19, 'learning_rate': 0.008239934241136174, 'reg_alpha': 4.318476871991445e-06, 'reg_lambda': 0.034696307854342745, 'min_child_weight': 4}. Best is trial 0 with value: 0.941747572815534.
[I 2026-03-24 15:37:33,826] Trial 571 finished with value: 0.941747572815534 and parameters: {'n_estimators': 286, 'max_depth': 37, 'learning_rate': 0.02388090598795353, 'reg_alpha': 8.674740212466202e-06, 'reg_lambda': 2.9388803159249967e-05, 'min_child_weight': 8}. Best is trial 0 with value: 0.941747572815534.
[I 2026-03-24 15:37:33,967] Trial 572 finished with value: 0.941747572815534 and parameters: {'n_estimators': 634, 'max_depth': 29, 'learning_rate': 0.03563550372161318, 'reg_alpha': 0.0002949446338203119, 'reg_lambda': 2.3692620381681085e-07, 'min_child_weight': 10}. Best is trial 0 with value: 0.941747572815534.
[I 2026-03-24 15:37:34,114] Trial 573 finished with value: 0.941747572815534 and parameters: {'n_estimators': 668, 'max_depth': 8, 'learning_rate': 0.06259619349018644, 'reg_alpha': 4.9388137683159906e-05, 'reg_lambda': 5.956926308682362e-07, 'min_child_weight': 7}. Best is trial 0 with value: 0.941747572815534.
[I 2026-03-24 15:37:34,199] Trial 574 finished with value: 0.941747572815534 and parameters: {'n_estimators': 318, 'max_depth': 7, 'learning_rate': 0.01973217567046663, 'reg_alpha': 1.232320780588089e-06, 'reg_lambda': 6.803417475498539e-06, 'min_child_weight': 6}. Best is trial 0 with value: 0.941747572815534.
[I 2026-03-24 15:37:34,266] Trial 575 finished with value: 0.941747572815534 and parameters: {'n_estimators': 200, 'max_depth': 15, 'learning_rate': 0.006190590081112962, 'reg_alpha': 1.9734189835018547e-06, 'reg_lambda': 5.5511633427924896e-08, 'min_child_weight': 9}. Best is trial 0 with value: 0.941747572815534.
[I 2026-03-24 15:37:34,366] Trial 576 finished with value: 0.941747572815534 and parameters: {'n_estimators': 370, 'max_depth': 10, 'learning_rate': 0.014745840807324107, 'reg_alpha': 0.0023089005382476895, 'reg_lambda': 4.37224163356708e-06, 'min_child_weight': 5}. Best is trial 0 with value: 0.941747572815534.
[I 2026-03-24 15:37:34,439] Trial 577 finished with value: 0.941747572815534 and parameters: {'n_estimators': 225, 'max_depth': 31, 'learning_rate': 0.0010016818221039803, 'reg_alpha': 0.00010934256776590276, 'reg_lambda': 1.6581738730575062e-06, 'min_child_weight': 6}. Best is trial 0 with value: 0.941747572815534.
[I 2026-03-24 15:37:34,743] Trial 578 finished with value: 0.9365853658536586 and parameters: {'n_estimators': 813, 'max_depth': 11, 'learning_rate': 0.0027223199633872007, 'reg_alpha': 0.009257661306849798, 'reg_lambda': 3.893246460497216e-07, 'min_child_weight': 2}. Best is trial 0 with value: 0.941747572815534.
[I 2026-03-24 15:37:34,818] Trial 579 finished with value: 0.941747572815534 and parameters: {'n_estimators': 255, 'max_depth': 34, 'learning_rate': 0.017362025802099997, 'reg_alpha': 6.230077043093337e-06, 'reg_lambda': 3.045241788863955e-08, 'min_child_weight': 10}. Best is trial 0 with value: 0.941747572815534.
[I 2026-03-24 15:37:34,945] Trial 580 finished with value: 0.941747572815534 and parameters: {'n_estimators': 563, 'max_depth': 12, 'learning_rate': 0.021533569098138555, 'reg_alpha': 1.3886028969795432e-08, 'reg_lambda': 1.819069509997559e-07, 'min_child_weight': 9}. Best is trial 0 with value: 0.941747572815534.
[I 2026-03-24 15:37:35,113] Trial 581 finished with value: 0.941747572815534 and parameters: {'n_estimators': 751, 'max_depth': 50, 'learning_rate': 0.007379477322846168, 'reg_alpha': 0.673321116319768, 'reg_lambda': 9.131547058243488e-08, 'min_child_weight': 8}. Best is trial 0 with value: 0.941747572815534.
[I 2026-03-24 15:37:35,357] Trial 582 finished with value: 0.941747572815534 and parameters: {'n_estimators': 837, 'max_depth': 32, 'learning_rate': 0.029132565951277327, 'reg_alpha': 0.04600053528485835, 'reg_lambda': 4.4479637702015846e-05, 'min_child_weight': 4}. Best is trial 0 with value: 0.941747572815534.
[I 2026-03-24 15:37:35,442] Trial 583 finished with value: 0.941747572815534 and parameters: {'n_estimators': 332, 'max_depth': 14, 'learning_rate': 0.05365998744311112, 'reg_alpha': 2.1477270941957324e-05, 'reg_lambda': 1.3224408589692005e-05, 'min_child_weight': 6}. Best is trial 0 with value: 0.941747572815534.
[I 2026-03-24 15:37:35,588] Trial 584 finished with value: 0.941747572815534 and parameters: {'n_estimators': 403, 'max_depth': 39, 'learning_rate': 0.013256354696153454, 'reg_alpha': 0.08657075599639152, 'reg_lambda': 1.1453956432096244e-06, 'min_child_weight': 3}. Best is trial 0 with value: 0.941747572815534.
[I 2026-03-24 15:37:35,679] Trial 585 finished with value: 0.941747572815534 and parameters: {'n_estimators': 353, 'max_depth': 16, 'learning_rate': 0.026456493699802235, 'reg_alpha': 0.0004746649269754156, 'reg_lambda': 0.6320096488051686, 'min_child_weight': 7}. Best is trial 0 with value: 0.941747572815534.
[I 2026-03-24 15:37:35,832] Trial 586 finished with value: 0.941747572815534 and parameters: {'n_estimators': 691, 'max_depth': 23, 'learning_rate': 0.0021265292452013218, 'reg_alpha': 4.479200930637453e-07, 'reg_lambda': 2.1583309633202192e-05, 'min_child_weight': 10}. Best is trial 0 with value: 0.941747572815534.
[I 2026-03-24 15:37:35,942] Trial 587 finished with value: 0.941747572815534 and parameters: {'n_estimators': 305, 'max_depth': 6, 'learning_rate': 0.010639713979241445, 'reg_alpha': 5.4786021247577045e-08, 'reg_lambda': 0.0016837736743310263, 'min_child_weight': 4}. Best is trial 0 with value: 0.941747572815534.
[I 2026-03-24 15:37:36,088] Trial 588 finished with value: 0.941747572815534 and parameters: {'n_estimators': 656, 'max_depth': 38, 'learning_rate': 0.008725850052269477, 'reg_alpha': 0.0008245067276843106, 'reg_lambda': 3.1349675692704704e-06, 'min_child_weight': 9}. Best is trial 0 with value: 0.941747572815534.
[I 2026-03-24 15:37:36,166] Trial 589 finished with value: 0.941747572815534 and parameters: {'n_estimators': 274, 'max_depth': 26, 'learning_rate': 0.01553647495241092, 'reg_alpha': 2.2304126648991933e-07, 'reg_lambda': 1.0212312798219591e-08, 'min_child_weight': 8}. Best is trial 0 with value: 0.941747572815534.
[I 2026-03-24 15:37:36,301] Trial 590 finished with value: 0.941747572815534 and parameters: {'n_estimators': 600, 'max_depth': 22, 'learning_rate': 0.01796175524566916, 'reg_alpha': 3.4571430674745912e-06, 'reg_lambda': 7.393607455114389e-07, 'min_child_weight': 7}. Best is trial 0 with value: 0.941747572815534.
[I 2026-03-24 15:37:36,493] Trial 591 finished with value: 0.941747572815534 and parameters: {'n_estimators': 897, 'max_depth': 9, 'learning_rate': 0.020582039889390995, 'reg_alpha': 9.685893763929261e-06, 'reg_lambda': 0.00030791380193753763, 'min_child_weight': 5}. Best is trial 0 with value: 0.941747572815534.
[I 2026-03-24 15:37:36,611] Trial 592 finished with value: 0.941747572815534 and parameters: {'n_estimators': 237, 'max_depth': 24, 'learning_rate': 0.001898891408042482, 'reg_alpha': 0.00023276894920659443, 'reg_lambda': 7.523594179380407e-05, 'min_child_weight': 2}. Best is trial 0 with value: 0.941747572815534.
[I 2026-03-24 15:37:36,701] Trial 593 finished with value: 0.941747572815534 and parameters: {'n_estimators': 373, 'max_depth': 36, 'learning_rate': 0.004298295181102133, 'reg_alpha': 0.004779274773805587, 'reg_lambda': 0.0005390561296799284, 'min_child_weight': 9}. Best is trial 0 with value: 0.941747572815534.
[I 2026-03-24 15:37:36,806] Trial 594 finished with value: 0.941747572815534 and parameters: {'n_estimators': 462, 'max_depth': 35, 'learning_rate': 0.013386791354528912, 'reg_alpha': 8.790601295615031e-05, 'reg_lambda': 2.1444702688614452e-08, 'min_child_weight': 10}. Best is trial 0 with value: 0.941747572815534.
[I 2026-03-24 15:37:36,889] Trial 595 finished with value: 0.941747572815534 and parameters: {'n_estimators': 212, 'max_depth': 20, 'learning_rate': 0.022874576908293563, 'reg_alpha': 0.029673617109299028, 'reg_lambda': 0.00013723751353081253, 'min_child_weight': 4}. Best is trial 0 with value: 0.941747572815534.
[I 2026-03-24 15:37:37,009] Trial 596 finished with value: 0.9365853658536586 and parameters: {'n_estimators': 340, 'max_depth': 33, 'learning_rate': 0.04180041275149409, 'reg_alpha': 0.17971030440539287, 'reg_lambda': 6.094234628708014e-06, 'min_child_weight': 3}. Best is trial 0 with value: 0.941747572815534.
[I 2026-03-24 15:37:37,168] Trial 597 finished with value: 0.941747572815534 and parameters: {'n_estimators': 789, 'max_depth': 12, 'learning_rate': 0.002316282228261933, 'reg_alpha': 0.014317720122096353, 'reg_lambda': 2.967772423684334e-07, 'min_child_weight': 8}. Best is trial 0 with value: 0.941747572815534.
[I 2026-03-24 15:37:37,283] Trial 598 finished with value: 0.941747572815534 and parameters: {'n_estimators': 527, 'max_depth': 41, 'learning_rate': 0.006729117752565864, 'reg_alpha': 0.001625256608903821, 'reg_lambda': 9.473139763322801e-08, 'min_child_weight': 9}. Best is trial 0 with value: 0.941747572815534.
[I 2026-03-24 15:37:37,376] Trial 599 finished with value: 0.941747572815534 and parameters: {'n_estimators': 389, 'max_depth': 37, 'learning_rate': 0.00151409883157406, 'reg_alpha': 1.444449047231188e-06, 'reg_lambda': 4.991240599212746e-08, 'min_child_weight': 6}. Best is trial 0 with value: 0.941747572815534.
[I 2026-03-24 15:37:37,484] Trial 600 finished with value: 0.941747572815534 and parameters: {'n_estimators': 482, 'max_depth': 14, 'learning_rate': 0.011827725013533453, 'reg_alpha': 5.307691570763119e-07, 'reg_lambda': 5.408013590162929e-07, 'min_child_weight': 10}. Best is trial 0 with value: 0.941747572815534.
[I 2026-03-24 15:37:37,618] Trial 601 finished with value: 0.941747572815534 and parameters: {'n_estimators': 589, 'max_depth': 17, 'learning_rate': 0.01626325654158962, 'reg_alpha': 3.2103296001832994e-08, 'reg_lambda': 0.0077760557476649, 'min_child_weight': 5}. Best is trial 0 with value: 0.941747572815534.
[I 2026-03-24 15:37:37,799] Trial 602 finished with value: 0.941747572815534 and parameters: {'n_estimators': 853, 'max_depth': 40, 'learning_rate': 0.09823908151552829, 'reg_alpha': 9.09423420054482e-07, 'reg_lambda': 7.964734222025441e-06, 'min_child_weight': 7}. Best is trial 0 with value: 0.941747572815534.
[I 2026-03-24 15:37:37,869] Trial 603 finished with value: 0.941747572815534 and parameters: {'n_estimators': 229, 'max_depth': 18, 'learning_rate': 0.025681563122765316, 'reg_alpha': 2.6950951198075222e-05, 'reg_lambda': 1.5653232417331692e-07, 'min_child_weight': 8}. Best is trial 0 with value: 0.941747572815534.
[I 2026-03-24 15:37:37,952] Trial 604 finished with value: 0.941747572815534 and parameters: {'n_estimators': 301, 'max_depth': 21, 'learning_rate': 0.009905433393371752, 'reg_alpha': 1.340842757803718e-05, 'reg_lambda': 0.0010423593314063337, 'min_child_weight': 9}. Best is trial 0 with value: 0.941747572815534.
[I 2026-03-24 15:37:38,027] Trial 605 finished with value: 0.941747572815534 and parameters: {'n_estimators': 256, 'max_depth': 29, 'learning_rate': 0.03057933860709455, 'reg_alpha': 2.45352056902809e-06, 'reg_lambda': 0.014278006158906443, 'min_child_weight': 5}. Best is trial 0 with value: 0.941747572815534.
[I 2026-03-24 15:37:38,111] Trial 606 finished with value: 0.941747572815534 and parameters: {'n_estimators': 210, 'max_depth': 48, 'learning_rate': 0.0013369953753865633, 'reg_alpha': 5.010931667947495e-06, 'reg_lambda': 1.559868236056876e-06, 'min_child_weight': 4}. Best is trial 0 with value: 0.941747572815534.
[I 2026-03-24 15:37:38,219] Trial 607 finished with value: 0.941747572815534 and parameters: {'n_estimators': 439, 'max_depth': 9, 'learning_rate': 0.0199730071549394, 'reg_alpha': 0.00035724883478939094, 'reg_lambda': 4.4752183170973014e-06, 'min_child_weight': 6}. Best is trial 0 with value: 0.941747572815534.
[I 2026-03-24 15:37:38,305] Trial 608 finished with value: 0.941747572815534 and parameters: {'n_estimators': 323, 'max_depth': 7, 'learning_rate': 0.002568836312287558, 'reg_alpha': 0.00015192813289015858, 'reg_lambda': 3.646640856979785e-05, 'min_child_weight': 9}. Best is trial 0 with value: 0.941747572815534.
[I 2026-03-24 15:37:38,456] Trial 609 finished with value: 0.941747572815534 and parameters: {'n_estimators': 683, 'max_depth': 11, 'learning_rate': 0.005755523359164108, 'reg_alpha': 0.3303293947395134, 'reg_lambda': 9.24442399168756e-07, 'min_child_weight': 10}. Best is trial 0 with value: 0.941747572815534.
