[I 2026-03-24 15:31:32,422] Trial 107 finished with value: 0.941747572815534 and parameters: {'n_estimators': 271, 'max_depth': 49, 'learning_rate': 0.06861983699171817, 'reg_alpha': 0.0003817440726717817, 'reg_lambda': 5.909230225615776e-05, 'min_child_weight': 6}. Best is trial 0 with value: 0.941747572815534.
[I 2026-03-24 15:31:32,520] Trial 108 finished with value: 0.941747572815534 and parameters: {'n_estimators': 591, 'max_depth': 41, 'learning_rate': 0.0015656520316012312, 'reg_alpha': 5.562101538269819e-07, 'reg_lambda': 0.351600811909021, 'min_child_weight': 3}. Best is trial 0 with value: 0.941747572815534.
[I 2026-03-24 15:31:32,595] Trial 109 finished with value: 0.941747572815534 and parameters: {'n_estimators': 419, 'max_depth': 38, 'learning_rate': 0.007868147610776184, 'reg_alpha': 0.0017304516224795415, 'reg_lambda': 0.00046205906666526767, 'min_child_weight': 9}. Best is trial 0 with value: 0.941747572815534.
[I 2026-03-24 15:31:32,662] Trial 110 finished with value: 0.9306930693069307 and parameters: {'n_estimators': 233, 'max_depth': 22, 'learning_rate': 0.0891137529716151, 'reg_alpha': 0.019635369515410592, 'reg_lambda': 0.01777618419073765, 'min_child_weight': 1}. Best is trial 0 with value: 0.941747572815534.
[I 2026-03-24 15:31:32,739] Trial 111 finished with value: 0.941747572815534 and parameters: {'n_estimators': 452, 'max_depth': 7, 'learning_rate': 0.022090420212403466, 'reg_alpha': 2.492999732954895e-06, 'reg_lambda': 0.0006027479398067294, 'min_child_weight': 3}. Best is trial 0 with value: 0.941747572815534.
[I 2026-03-24 15:31:32,800] Trial 112 finished with value: 0.941747572815534 and parameters: {'n_estimators': 315, 'max_depth': 20, 'learning_rate': 0.0018785543824780067, 'reg_alpha': 6.6317698027252e-06, 'reg_lambda': 0.0001476824526536802, 'min_child_weight': 5}. Best is trial 0 with value: 0.941747572815534.
[I 2026-03-24 15:31:32,906] Trial 113 finished with value: 0.941747572815534 and parameters: {'n_estimators': 688, 'max_depth': 17, 'learning_rate': 0.04706315200340847, 'reg_alpha': 1.7791480313259093e-07, 'reg_lambda': 0.008024094435581624, 'min_child_weight': 4}. Best is trial 0 with value: 0.941747572815534.
[I 2026-03-24 15:31:32,993] Trial 114 finished with value: 0.941747572815534 and parameters: {'n_estimators': 537, 'max_depth': 15, 'learning_rate': 0.0344761350113915, 'reg_alpha': 1.0267835952197752e-05, 'reg_lambda': 0.0002463776374707024, 'min_child_weight': 4}. Best is trial 0 with value: 0.941747572815534.
[I 2026-03-24 15:31:33,066] Trial 115 finished with value: 0.941747572815534 and parameters: {'n_estimators': 385, 'max_depth': 11, 'learning_rate': 0.001069719189863961, 'reg_alpha': 1.4056842357718618e-05, 'reg_lambda': 1.8620693272033583e-05, 'min_child_weight': 5}. Best is trial 0 with value: 0.941747572815534.
[I 2026-03-24 15:31:33,178] Trial 116 finished with value: 0.941747572815534 and parameters: {'n_estimators': 514, 'max_depth': 13, 'learning_rate': 0.006760227305702815, 'reg_alpha': 1.578379313366911e-08, 'reg_lambda': 0.0690799278812966, 'min_child_weight': 9}. Best is trial 0 with value: 0.941747572815534.
[I 2026-03-24 15:31:33,277] Trial 117 finished with value: 0.941747572815534 and parameters: {'n_estimators': 630, 'max_depth': 45, 'learning_rate': 0.01817318792491152, 'reg_alpha': 3.931279245851994e-06, 'reg_lambda': 0.02945218441331145, 'min_child_weight': 3}. Best is trial 0 with value: 0.941747572815534.
[I 2026-03-24 15:31:33,343] Trial 118 finished with value: 0.941747572815534 and parameters: {'n_estimators': 363, 'max_depth': 47, 'learning_rate': 0.001255258870046014, 'reg_alpha': 9.085345514355431e-05, 'reg_lambda': 1.2809259355604144e-06, 'min_child_weight': 8}. Best is trial 0 with value: 0.941747572815534.
[I 2026-03-24 15:31:33,476] Trial 119 finished with value: 0.941747572815534 and parameters: {'n_estimators': 915, 'max_depth': 18, 'learning_rate': 0.004399355095173001, 'reg_alpha': 4.4493601929058853e-08, 'reg_lambda': 5.947819999781572e-06, 'min_child_weight': 4}. Best is trial 0 with value: 0.941747572815534.
[I 2026-03-24 15:31:33,618] Trial 120 finished with value: 0.941747572815534 and parameters: {'n_estimators': 989, 'max_depth': 35, 'learning_rate': 0.0032150631295792377, 'reg_alpha': 0.0005815089834023041, 'reg_lambda': 3.9472031426248404e-08, 'min_child_weight': 6}. Best is trial 0 with value: 0.941747572815534.
[I 2026-03-24 15:31:33,708] Trial 121 finished with value: 0.941747572815534 and parameters: {'n_estimators': 551, 'max_depth': 48, 'learning_rate': 0.02536241707843842, 'reg_alpha': 3.043581640289048e-08, 'reg_lambda': 7.29786274084241e-07, 'min_child_weight': 10}. Best is trial 0 with value: 0.941747572815534.
[I 2026-03-24 15:31:33,826] Trial 122 finished with value: 0.941747572815534 and parameters: {'n_estimators': 794, 'max_depth': 49, 'learning_rate': 0.02701353589045826, 'reg_alpha': 1.4809064655883913e-08, 'reg_lambda': 0.0020115195787295892, 'min_child_weight': 10}. Best is trial 0 with value: 0.941747572815534.
[I 2026-03-24 15:31:33,905] Trial 123 finished with value: 0.941747572815534 and parameters: {'n_estimators': 458, 'max_depth': 6, 'learning_rate': 0.07923224703592177, 'reg_alpha': 2.7630449712106707e-05, 'reg_lambda': 3.507819976519173e-07, 'min_child_weight': 9}. Best is trial 0 with value: 0.941747572815534.
[I 2026-03-24 15:31:33,997] Trial 124 finished with value: 0.941747572815534 and parameters: {'n_estimators': 570, 'max_depth': 50, 'learning_rate': 0.009878689793246938, 'reg_alpha': 2.644185978480865e-08, 'reg_lambda': 0.0010563163741852475, 'min_child_weight': 10}. Best is trial 0 with value: 0.941747572815534.
[I 2026-03-24 15:31:34,097] Trial 125 finished with value: 0.941747572815534 and parameters: {'n_estimators': 589, 'max_depth': 37, 'learning_rate': 0.014595490691205776, 'reg_alpha': 0.0001462302033759356, 'reg_lambda': 1.5945517997294714e-08, 'min_child_weight': 2}. Best is trial 0 with value: 0.941747572815534.
[I 2026-03-24 15:31:34,236] Trial 126 finished with value: 0.941747572815534 and parameters: {'n_estimators': 959, 'max_depth': 44, 'learning_rate': 0.062364293491339644, 'reg_alpha': 1.0121090935893102e-08, 'reg_lambda': 3.86641967563678e-06, 'min_child_weight': 7}. Best is trial 0 with value: 0.941747572815534.
[I 2026-03-24 15:31:34,375] Trial 127 finished with value: 0.941747572815534 and parameters: {'n_estimators': 973, 'max_depth': 48, 'learning_rate': 0.095476474141481, 'reg_alpha': 8.252542983110318e-08, 'reg_lambda': 0.0003909427852417569, 'min_child_weight': 5}. Best is trial 0 with value: 0.941747572815534.
[I 2026-03-24 15:31:34,459] Trial 128 finished with value: 0.941747572815534 and parameters: {'n_estimators': 493, 'max_depth': 20, 'learning_rate': 0.05273976247538996, 'reg_alpha': 0.24000102347909696, 'reg_lambda': 1.8647676722052786e-06, 'min_child_weight': 8}. Best is trial 0 with value: 0.941747572815534.
[I 2026-03-24 15:31:34,520] Trial 129 finished with value: 0.941747572815534 and parameters: {'n_estimators': 297, 'max_depth': 39, 'learning_rate': 0.028719220173809578, 'reg_alpha': 2.1239057130864596e-08, 'reg_lambda': 5.5561578689473976e-08, 'min_child_weight': 10}. Best is trial 0 with value: 0.941747572815534.
[I 2026-03-24 15:31:34,585] Trial 130 finished with value: 0.941747572815534 and parameters: {'n_estimators': 339, 'max_depth': 50, 'learning_rate': 0.005637222704132211, 'reg_alpha': 1.692787521224172e-06, 'reg_lambda': 9.444357608711671e-05, 'min_child_weight': 9}. Best is trial 0 with value: 0.941747572815534.
[I 2026-03-24 15:31:34,710] Trial 131 finished with value: 0.941747572815534 and parameters: {'n_estimators': 837, 'max_depth': 15, 'learning_rate': 0.020994369709146657, 'reg_alpha': 9.755788115147258e-07, 'reg_lambda': 9.427804243858055e-07, 'min_child_weight': 6}. Best is trial 0 with value: 0.941747572815534.
[I 2026-03-24 15:31:34,809] Trial 132 finished with value: 0.941747572815534 and parameters: {'n_estimators': 630, 'max_depth': 17, 'learning_rate': 0.008396592558332873, 'reg_alpha': 5.262079770884109e-05, 'reg_lambda': 0.00017749806645489806, 'min_child_weight': 8}. Best is trial 0 with value: 0.941747572815534.
[I 2026-03-24 15:31:34,945] Trial 133 finished with value: 0.941747572815534 and parameters: {'n_estimators': 942, 'max_depth': 18, 'learning_rate': 0.017511876501414197, 'reg_alpha': 3.282261754353717e-07, 'reg_lambda': 0.0007336568915255953, 'min_child_weight': 7}. Best is trial 0 with value: 0.941747572815534.
[I 2026-03-24 15:31:35,058] Trial 134 finished with value: 0.941747572815534 and parameters: {'n_estimators': 741, 'max_depth': 16, 'learning_rate': 0.011887096271286032, 'reg_alpha': 6.195483834410037e-06, 'reg_lambda': 0.004384803551944192, 'min_child_weight': 6}. Best is trial 0 with value: 0.941747572815534.
[I 2026-03-24 15:31:35,131] Trial 135 finished with value: 0.941747572815534 and parameters: {'n_estimators': 401, 'max_depth': 20, 'learning_rate': 0.03850895707192567, 'reg_alpha': 6.095068797726748e-08, 'reg_lambda': 1.0037463900882128e-08, 'min_child_weight': 7}. Best is trial 0 with value: 0.941747572815534.
[I 2026-03-24 15:31:35,229] Trial 136 finished with value: 0.941747572815534 and parameters: {'n_estimators': 611, 'max_depth': 24, 'learning_rate': 0.016594003678491422, 'reg_alpha': 1.33509736923603e-07, 'reg_lambda': 0.0017686902813398126, 'min_child_weight': 8}. Best is trial 0 with value: 0.941747572815534.
[I 2026-03-24 15:31:35,344] Trial 137 finished with value: 0.941747572815534 and parameters: {'n_estimators': 771, 'max_depth': 47, 'learning_rate': 0.014096057800824765, 'reg_alpha': 3.2691925549678697e-06, 'reg_lambda': 0.0003501447069594112, 'min_child_weight': 6}. Best is trial 0 with value: 0.941747572815534.
[I 2026-03-24 15:31:35,446] Trial 138 finished with value: 0.941747572815534 and parameters: {'n_estimators': 654, 'max_depth': 34, 'learning_rate': 0.033941084766744616, 'reg_alpha': 0.0015602668046672183, 'reg_lambda': 4.306556406077949e-05, 'min_child_weight': 9}. Best is trial 0 with value: 0.941747572815534.
[I 2026-03-24 15:31:35,539] Trial 139 finished with value: 0.941747572815534 and parameters: {'n_estimators': 478, 'max_depth': 32, 'learning_rate': 0.010016028408027473, 'reg_alpha': 4.898565927465168e-07, 'reg_lambda': 5.31033613391848e-07, 'min_child_weight': 2}. Best is trial 0 with value: 0.941747572815534.
[I 2026-03-24 15:31:35,681] Trial 140 finished with value: 0.941747572815534 and parameters: {'n_estimators': 998, 'max_depth': 30, 'learning_rate': 0.0130872657894447, 'reg_alpha': 0.00022943214117222688, 'reg_lambda': 2.328378473866916e-06, 'min_child_weight': 5}. Best is trial 0 with value: 0.941747572815534.
[I 2026-03-24 15:31:35,789] Trial 141 finished with value: 0.941747572815534 and parameters: {'n_estimators': 691, 'max_depth': 27, 'learning_rate': 0.0047685640809205666, 'reg_alpha': 1.7298075807550422e-05, 'reg_lambda': 1.6348043675246664e-05, 'min_child_weight': 4}. Best is trial 0 with value: 0.941747572815534.
[I 2026-03-24 15:31:35,877] Trial 142 finished with value: 0.941747572815534 and parameters: {'n_estimators': 523, 'max_depth': 28, 'learning_rate': 0.0038448677088195617, 'reg_alpha': 8.833958366051135e-06, 'reg_lambda': 7.845457867492478e-06, 'min_child_weight': 3}. Best is trial 0 with value: 0.941747572815534.
[I 2026-03-24 15:31:36,022] Trial 143 finished with value: 0.941747572815534 and parameters: {'n_estimators': 792, 'max_depth': 42, 'learning_rate': 0.002782256567949772, 'reg_alpha': 3.5065402903017024e-05, 'reg_lambda': 1.2823528772260021e-05, 'min_child_weight': 2}. Best is trial 0 with value: 0.941747572815534.
[I 2026-03-24 15:31:36,093] Trial 144 finished with value: 0.941747572815534 and parameters: {'n_estimators': 366, 'max_depth': 27, 'learning_rate': 0.0049992999128433075, 'reg_alpha': 4.1226536804532547e-08, 'reg_lambda': 2.8433856514873505e-08, 'min_child_weight': 3}. Best is trial 0 with value: 0.941747572815534.
[I 2026-03-24 15:31:36,170] Trial 145 finished with value: 0.941747572815534 and parameters: {'n_estimators': 434, 'max_depth': 22, 'learning_rate': 0.02315472939026964, 'reg_alpha': 1.6642842718401147e-06, 'reg_lambda': 6.775960445254756e-05, 'min_child_weight': 4}. Best is trial 0 with value: 0.941747572815534.
[I 2026-03-24 15:31:36,282] Trial 146 finished with value: 0.941747572815534 and parameters: {'n_estimators': 727, 'max_depth': 25, 'learning_rate': 0.020088594966268577, 'reg_alpha': 0.0006745746615291523, 'reg_lambda': 5.120367403518205e-06, 'min_child_weight': 7}. Best is trial 0 with value: 0.941747572815534.
[I 2026-03-24 15:31:36,356] Trial 147 finished with value: 0.941747572815534 and parameters: {'n_estimators': 411, 'max_depth': 38, 'learning_rate': 0.07169581161218004, 'reg_alpha': 6.515792502114247e-05, 'reg_lambda': 3.2895862135425134e-07, 'min_child_weight': 3}. Best is trial 0 with value: 0.941747572815534.
[I 2026-03-24 15:31:36,478] Trial 148 finished with value: 0.9359605911330049 and parameters: {'n_estimators': 465, 'max_depth': 30, 'learning_rate': 0.007542612657784696, 'reg_alpha': 8.326429816428816e-07, 'reg_lambda': 1.3162586144650271e-07, 'min_child_weight': 1}. Best is trial 0 with value: 0.941747572815534.
[I 2026-03-24 15:31:36,528] Trial 149 finished with value: 0.941747572815534 and parameters: {'n_estimators': 202, 'max_depth': 14, 'learning_rate': 0.0032847410140129664, 'reg_alpha': 2.6374668417424405e-07, 'reg_lambda': 0.0025136738197388043, 'min_child_weight': 4}. Best is trial 0 with value: 0.941747572815534.
[I 2026-03-24 15:31:36,601] Trial 150 finished with value: 0.941747572815534 and parameters: {'n_estimators': 388, 'max_depth': 35, 'learning_rate': 0.08662697470688671, 'reg_alpha': 5.004829678738435e-06, 'reg_lambda': 0.013430733217911344, 'min_child_weight': 9}. Best is trial 0 with value: 0.941747572815534.
[I 2026-03-24 15:31:36,697] Trial 151 finished with value: 0.941747572815534 and parameters: {'n_estimators': 587, 'max_depth': 8, 'learning_rate': 0.04298798397655421, 'reg_alpha': 2.1498556173141437e-07, 'reg_lambda': 0.005872360452547965, 'min_child_weight': 8}. Best is trial 0 with value: 0.941747572815534.
[I 2026-03-24 15:31:36,763] Trial 152 finished with value: 0.941747572815534 and parameters: {'n_estimators': 334, 'max_depth': 7, 'learning_rate': 0.04671073770003468, 'reg_alpha': 9.219479065465545e-08, 'reg_lambda': 0.00023819482199760215, 'min_child_weight': 7}. Best is trial 0 with value: 0.941747572815534.
[I 2026-03-24 15:31:36,832] Trial 153 finished with value: 0.941747572815534 and parameters: {'n_estimators': 353, 'max_depth': 9, 'learning_rate': 0.00612836659056932, 'reg_alpha': 1.3444755818247215e-06, 'reg_lambda': 0.08391959601703719, 'min_child_weight': 6}. Best is trial 0 with value: 0.941747572815534.
[I 2026-03-24 15:31:36,924] Trial 154 finished with value: 0.941747572815534 and parameters: {'n_estimators': 555, 'max_depth': 11, 'learning_rate': 0.029586935804031964, 'reg_alpha': 2.300567655394521e-06, 'reg_lambda': 0.025480073068253457, 'min_child_weight': 7}. Best is trial 0 with value: 0.941747572815534.
[I 2026-03-24 15:31:37,026] Trial 155 finished with value: 0.941747572815534 and parameters: {'n_estimators': 635, 'max_depth': 49, 'learning_rate': 0.03926945052308445, 'reg_alpha': 3.8531219502343906e-07, 'reg_lambda': 0.00012360175458112638, 'min_child_weight': 5}. Best is trial 0 with value: 0.941747572815534.
[I 2026-03-24 15:31:37,131] Trial 156 finished with value: 0.941747572815534 and parameters: {'n_estimators': 670, 'max_depth': 7, 'learning_rate': 0.002443240180146952, 'reg_alpha': 1.6582001207829228e-08, 'reg_lambda': 1.6547758924618514e-08, 'min_child_weight': 9}. Best is trial 0 with value: 0.941747572815534.
[I 2026-03-24 15:31:37,268] Trial 157 finished with value: 0.941747572815534 and parameters: {'n_estimators': 926, 'max_depth': 19, 'learning_rate': 0.004355575501029393, 'reg_alpha': 6.791416044932019e-07, 'reg_lambda': 0.3866912924396867, 'min_child_weight': 6}. Best is trial 0 with value: 0.941747572815534.
[I 2026-03-24 15:31:37,369] Trial 158 finished with value: 0.941747572815534 and parameters: {'n_estimators': 615, 'max_depth': 36, 'learning_rate': 0.0036601265622398125, 'reg_alpha': 3.2440436768012896e-06, 'reg_lambda': 2.3081457937835624e-08, 'min_child_weight': 3}. Best is trial 0 with value: 0.941747572815534.
[I 2026-03-24 15:31:37,430] Trial 159 finished with value: 0.941747572815534 and parameters: {'n_estimators': 277, 'max_depth': 6, 'learning_rate': 0.0015419611217090004, 'reg_alpha': 0.035028271714546665, 'reg_lambda': 0.001210482123038018, 'min_child_weight': 8}. Best is trial 0 with value: 0.941747572815534.
[I 2026-03-24 15:31:37,561] Trial 160 finished with value: 0.941747572815534 and parameters: {'n_estimators': 856, 'max_depth': 45, 'learning_rate': 0.032468860412057425, 'reg_alpha': 0.005733697887737974, 'reg_lambda': 3.2255539767452335e-05, 'min_child_weight': 2}. Best is trial 0 with value: 0.941747572815534.
[I 2026-03-24 15:31:37,704] Trial 161 finished with value: 0.941747572815534 and parameters: {'n_estimators': 977, 'max_depth': 12, 'learning_rate': 0.025609848406853174, 'reg_alpha': 3.949520264424966e-05, 'reg_lambda': 7.516035571827609e-07, 'min_child_weight': 4}. Best is trial 0 with value: 0.941747572815534.
[I 2026-03-24 15:31:37,794] Trial 162 finished with value: 0.941747572815534 and parameters: {'n_estimators': 307, 'max_depth': 16, 'learning_rate': 0.002875162274336391, 'reg_alpha': 1.1233597747206457e-05, 'reg_lambda': 1.1176189814390428e-06, 'min_child_weight': 1}. Best is trial 0 with value: 0.941747572815534.
[I 2026-03-24 15:31:37,923] Trial 163 finished with value: 0.9411764705882353 and parameters: {'n_estimators': 489, 'max_depth': 41, 'learning_rate': 0.004008034099332799, 'reg_alpha': 0.00011926826952058224, 'reg_lambda': 0.20988312646772234, 'min_child_weight': 1}. Best is trial 0 with value: 0.941747572815534.
[I 2026-03-24 15:31:38,045] Trial 164 finished with value: 0.9306930693069307 and parameters: {'n_estimators': 513, 'max_depth': 14, 'learning_rate': 0.09900339547918076, 'reg_alpha': 2.297730643557915e-05, 'reg_lambda': 5.291110370630496e-07, 'min_child_weight': 1}. Best is trial 0 with value: 0.941747572815534.
[I 2026-03-24 15:31:38,099] Trial 165 finished with value: 0.941747572815534 and parameters: {'n_estimators': 240, 'max_depth': 26, 'learning_rate': 0.0030681024087035286, 'reg_alpha': 7.447950400786482e-05, 'reg_lambda': 0.04768921783474528, 'min_child_weight': 4}. Best is trial 0 with value: 0.941747572815534.
[I 2026-03-24 15:31:38,271] Trial 166 finished with value: 0.941747572815534 and parameters: {'n_estimators': 960, 'max_depth': 50, 'learning_rate': 0.0021508017579851654, 'reg_alpha': 3.2498214197217374e-08, 'reg_lambda': 2.887780127952831e-06, 'min_child_weight': 2}. Best is trial 0 with value: 0.941747572815534.
[I 2026-03-24 15:31:38,396] Trial 167 finished with value: 0.941747572815534 and parameters: {'n_estimators': 813, 'max_depth': 8, 'learning_rate': 0.03673380931148804, 'reg_alpha': 0.08233594884018867, 'reg_lambda': 1.3056034183530806e-06, 'min_child_weight': 9}. Best is trial 0 with value: 0.941747572815534.
[I 2026-03-24 15:31:38,473] Trial 168 finished with value: 0.941747572815534 and parameters: {'n_estimators': 427, 'max_depth': 18, 'learning_rate': 0.08050811622790516, 'reg_alpha': 6.131065167388454e-08, 'reg_lambda': 0.000528012751883864, 'min_child_weight': 10}. Best is trial 0 with value: 0.941747572815534.
[I 2026-03-24 15:31:38,544] Trial 169 finished with value: 0.941747572815534 and parameters: {'n_estimators': 379, 'max_depth': 13, 'learning_rate': 0.06532491883900399, 'reg_alpha': 0.015706178811732918, 'reg_lambda': 2.2869760438574253e-07, 'min_child_weight': 7}. Best is trial 0 with value: 0.941747572815534.
[I 2026-03-24 15:31:38,676] Trial 170 finished with value: 0.941747572815534 and parameters: {'n_estimators': 888, 'max_depth': 11, 'learning_rate': 0.0012405854882892747, 'reg_alpha': 1.400190721100902e-05, 'reg_lambda': 2.2402228304383767e-05, 'min_child_weight': 6}. Best is trial 0 with value: 0.941747572815534.
[I 2026-03-24 15:31:38,796] Trial 171 finished with value: 0.941747572815534 and parameters: {'n_estimators': 760, 'max_depth': 44, 'learning_rate': 0.006699111832008774, 'reg_alpha': 1.792531638483734e-07, 'reg_lambda': 0.0008700884913305471, 'min_child_weight': 5}. Best is trial 0 with value: 0.941747572815534.
[I 2026-03-24 15:31:38,907] Trial 172 finished with value: 0.941747572815534 and parameters: {'n_estimators': 715, 'max_depth': 40, 'learning_rate': 0.008893319241387957, 'reg_alpha': 0.00022634919976442986, 'reg_lambda': 0.00016788691091254208, 'min_child_weight': 5}. Best is trial 0 with value: 0.941747572815534.
[I 2026-03-24 15:31:39,003] Trial 173 finished with value: 0.941747572815534 and parameters: {'n_estimators': 578, 'max_depth': 48, 'learning_rate': 0.01086537248155235, 'reg_alpha': 1.542039499852136e-07, 'reg_lambda': 0.00027585808406605097, 'min_child_weight': 5}. Best is trial 0 with value: 0.941747572815534.
[I 2026-03-24 15:31:39,061] Trial 174 finished with value: 0.941747572815534 and parameters: {'n_estimators': 259, 'max_depth': 46, 'learning_rate': 0.028368829276119584, 'reg_alpha': 1.1764297501626003e-07, 'reg_lambda': 0.0003277850736485708, 'min_child_weight': 4}. Best is trial 0 with value: 0.941747572815534.
[I 2026-03-24 15:31:39,179] Trial 175 finished with value: 0.941747572815534 and parameters: {'n_estimators': 770, 'max_depth': 42, 'learning_rate': 0.0013653257098101635, 'reg_alpha': 5.333587018339213e-08, 'reg_lambda': 1.0793001732236577e-05, 'min_child_weight': 5}. Best is trial 0 with value: 0.941747572815534.
