[I 2026-03-24 15:34:49,331] Trial 168 finished with value: 0.941747572815534 and parameters: {'n_estimators': 565, 'max_depth': 50, 'learning_rate': 0.0032652800786997613, 'reg_alpha': 0.0008610557999296023, 'reg_lambda': 0.1752336592848264, 'min_child_weight': 2}. Best is trial 0 with value: 0.941747572815534.
[I 2026-03-24 15:34:49,481] Trial 169 finished with value: 0.941747572815534 and parameters: {'n_estimators': 815, 'max_depth': 21, 'learning_rate': 0.03943497577927925, 'reg_alpha': 0.0004265220602619277, 'reg_lambda': 0.11784645372504779, 'min_child_weight': 6}. Best is trial 0 with value: 0.941747572815534.
[I 2026-03-24 15:34:49,635] Trial 170 finished with value: 0.941747572815534 and parameters: {'n_estimators': 847, 'max_depth': 42, 'learning_rate': 0.0022366961440038725, 'reg_alpha': 0.00022040501628401452, 'reg_lambda': 0.008502589725697585, 'min_child_weight': 8}. Best is trial 0 with value: 0.941747572815534.
[I 2026-03-24 15:34:49,797] Trial 171 finished with value: 0.941747572815534 and parameters: {'n_estimators': 866, 'max_depth': 39, 'learning_rate': 0.003735177344323384, 'reg_alpha': 0.08666096153105253, 'reg_lambda': 0.022364846753374336, 'min_child_weight': 6}. Best is trial 0 with value: 0.941747572815534.
[I 2026-03-24 15:34:49,975] Trial 172 finished with value: 0.941747572815534 and parameters: {'n_estimators': 962, 'max_depth': 36, 'learning_rate': 0.02037103883239738, 'reg_alpha': 0.01388217078988053, 'reg_lambda': 0.011259902998421636, 'min_child_weight': 6}. Best is trial 0 with value: 0.941747572815534.
[I 2026-03-24 15:34:50,132] Trial 173 finished with value: 0.941747572815534 and parameters: {'n_estimators': 835, 'max_depth': 40, 'learning_rate': 0.048896880734651156, 'reg_alpha': 0.006872051897414706, 'reg_lambda': 0.004429105350056672, 'min_child_weight': 7}. Best is trial 0 with value: 0.941747572815534.
[I 2026-03-24 15:34:50,297] Trial 174 finished with value: 0.941747572815534 and parameters: {'n_estimators': 918, 'max_depth': 7, 'learning_rate': 0.025650782107735217, 'reg_alpha': 0.025392877679739738, 'reg_lambda': 0.03165406093222957, 'min_child_weight': 6}. Best is trial 0 with value: 0.941747572815534.
[I 2026-03-24 15:34:50,458] Trial 175 finished with value: 0.941747572815534 and parameters: {'n_estimators': 890, 'max_depth': 38, 'learning_rate': 0.00852837800750564, 'reg_alpha': 4.1181313080187805e-07, 'reg_lambda': 0.04907970142347161, 'min_child_weight': 5}. Best is trial 0 with value: 0.941747572815534.
[I 2026-03-24 15:34:50,620] Trial 176 finished with value: 0.941747572815534 and parameters: {'n_estimators': 861, 'max_depth': 34, 'learning_rate': 0.08854652255836734, 'reg_alpha': 2.745867107827884e-06, 'reg_lambda': 0.014771729221554281, 'min_child_weight': 3}. Best is trial 0 with value: 0.941747572815534.
[I 2026-03-24 15:34:50,727] Trial 177 finished with value: 0.941747572815534 and parameters: {'n_estimators': 503, 'max_depth': 44, 'learning_rate': 0.012962781120324408, 'reg_alpha': 0.0017821301185015081, 'reg_lambda': 8.409571301232543e-06, 'min_child_weight': 9}. Best is trial 0 with value: 0.941747572815534.
[I 2026-03-24 15:34:50,901] Trial 178 finished with value: 0.941747572815534 and parameters: {'n_estimators': 933, 'max_depth': 14, 'learning_rate': 0.05758983788687149, 'reg_alpha': 0.009733599874292344, 'reg_lambda': 0.0063560268469496735, 'min_child_weight': 3}. Best is trial 0 with value: 0.941747572815534.
[I 2026-03-24 15:34:51,052] Trial 179 finished with value: 0.941747572815534 and parameters: {'n_estimators': 796, 'max_depth': 37, 'learning_rate': 0.010423638073872884, 'reg_alpha': 0.0005746961849074937, 'reg_lambda': 0.00023743633859634104, 'min_child_weight': 4}. Best is trial 0 with value: 0.941747572815534.
[I 2026-03-24 15:34:51,151] Trial 180 finished with value: 0.941747572815534 and parameters: {'n_estimators': 468, 'max_depth': 41, 'learning_rate': 0.006931749083646739, 'reg_alpha': 0.0031084008379473806, 'reg_lambda': 1.2518499911539799e-08, 'min_child_weight': 6}. Best is trial 0 with value: 0.941747572815534.
[I 2026-03-24 15:34:51,219] Trial 181 finished with value: 0.941747572815534 and parameters: {'n_estimators': 255, 'max_depth': 8, 'learning_rate': 0.005606887042962395, 'reg_alpha': 0.5308102678924479, 'reg_lambda': 0.0814913312224421, 'min_child_weight': 5}. Best is trial 0 with value: 0.941747572815534.
[I 2026-03-24 15:34:51,379] Trial 182 finished with value: 0.941747572815534 and parameters: {'n_estimators': 844, 'max_depth': 10, 'learning_rate': 0.0012845681592775792, 'reg_alpha': 0.35746550330539706, 'reg_lambda': 0.2763150859941125, 'min_child_weight': 5}. Best is trial 0 with value: 0.941747572815534.
[I 2026-03-24 15:34:51,532] Trial 183 finished with value: 0.941747572815534 and parameters: {'n_estimators': 813, 'max_depth': 8, 'learning_rate': 0.015206289352646837, 'reg_alpha': 0.7025646072472616, 'reg_lambda': 0.13704939646776376, 'min_child_weight': 5}. Best is trial 0 with value: 0.941747572815534.
[I 2026-03-24 15:34:51,594] Trial 184 finished with value: 0.941747572815534 and parameters: {'n_estimators': 215, 'max_depth': 24, 'learning_rate': 0.004203937630202916, 'reg_alpha': 0.1311846308686354, 'reg_lambda': 0.05224255420631398, 'min_child_weight': 10}. Best is trial 0 with value: 0.941747572815534.
[I 2026-03-24 15:34:51,657] Trial 185 finished with value: 0.941747572815534 and parameters: {'n_estimators': 227, 'max_depth': 7, 'learning_rate': 0.002719502681249291, 'reg_alpha': 0.23432710179981064, 'reg_lambda': 3.6133270225510514e-05, 'min_child_weight': 5}. Best is trial 0 with value: 0.941747572815534.
[I 2026-03-24 15:34:51,782] Trial 186 finished with value: 0.941747572815534 and parameters: {'n_estimators': 634, 'max_depth': 6, 'learning_rate': 0.006130095203132081, 'reg_alpha': 0.31693366880040863, 'reg_lambda': 0.2147655308850964, 'min_child_weight': 8}. Best is trial 0 with value: 0.941747572815534.
[I 2026-03-24 15:34:51,951] Trial 187 finished with value: 0.941747572815534 and parameters: {'n_estimators': 904, 'max_depth': 39, 'learning_rate': 0.004610192006794009, 'reg_alpha': 1.2518281283758435e-08, 'reg_lambda': 3.760336708166836e-08, 'min_child_weight': 10}. Best is trial 0 with value: 0.941747572815534.
[I 2026-03-24 15:34:52,009] Trial 188 finished with value: 0.941747572815534 and parameters: {'n_estimators': 202, 'max_depth': 43, 'learning_rate': 0.009282666434603529, 'reg_alpha': 0.00010837001704996586, 'reg_lambda': 6.390571385277097e-05, 'min_child_weight': 4}. Best is trial 0 with value: 0.941747572815534.
[I 2026-03-24 15:34:52,129] Trial 189 finished with value: 0.941747572815534 and parameters: {'n_estimators': 613, 'max_depth': 22, 'learning_rate': 0.09507446551971732, 'reg_alpha': 0.01753627452686094, 'reg_lambda': 2.3681097816119017e-06, 'min_child_weight': 6}. Best is trial 0 with value: 0.941747572815534.
[I 2026-03-24 15:34:52,219] Trial 190 finished with value: 0.941747572815534 and parameters: {'n_estimators': 417, 'max_depth': 28, 'learning_rate': 0.007657865045836669, 'reg_alpha': 0.03544006303083173, 'reg_lambda': 1.2858150553493445e-06, 'min_child_weight': 3}. Best is trial 0 with value: 0.941747572815534.
[I 2026-03-24 15:34:52,283] Trial 191 finished with value: 0.941747572815534 and parameters: {'n_estimators': 237, 'max_depth': 13, 'learning_rate': 0.005011214119078311, 'reg_alpha': 2.2662856793143597e-07, 'reg_lambda': 0.5866289765140604, 'min_child_weight': 4}. Best is trial 0 with value: 0.941747572815534.
[I 2026-03-24 15:34:52,352] Trial 192 finished with value: 0.941747572815534 and parameters: {'n_estimators': 262, 'max_depth': 14, 'learning_rate': 0.006435212707659451, 'reg_alpha': 0.00014138419418217987, 'reg_lambda': 0.3184326651079272, 'min_child_weight': 5}. Best is trial 0 with value: 0.941747572815534.
[I 2026-03-24 15:34:52,424] Trial 193 finished with value: 0.941747572815534 and parameters: {'n_estimators': 283, 'max_depth': 11, 'learning_rate': 0.005810860957892333, 'reg_alpha': 4.3959112474747944e-05, 'reg_lambda': 0.9123470249962881, 'min_child_weight': 4}. Best is trial 0 with value: 0.941747572815534.
[I 2026-03-24 15:34:52,492] Trial 194 finished with value: 0.941747572815534 and parameters: {'n_estimators': 245, 'max_depth': 30, 'learning_rate': 0.0039009841594508155, 'reg_alpha': 7.318673177026092e-05, 'reg_lambda': 6.39542148223863e-08, 'min_child_weight': 7}. Best is trial 0 with value: 0.941747572815534.
[I 2026-03-24 15:34:52,553] Trial 195 finished with value: 0.941747572815534 and parameters: {'n_estimators': 211, 'max_depth': 12, 'learning_rate': 0.031997455244891185, 'reg_alpha': 7.501074055246604e-06, 'reg_lambda': 0.46760510677548467, 'min_child_weight': 3}. Best is trial 0 with value: 0.941747572815534.
[I 2026-03-24 15:34:52,650] Trial 196 finished with value: 0.941747572815534 and parameters: {'n_estimators': 441, 'max_depth': 10, 'learning_rate': 0.01728737535225828, 'reg_alpha': 1.264948699753746e-07, 'reg_lambda': 4.186273870488252e-06, 'min_child_weight': 4}. Best is trial 0 with value: 0.941747572815534.
[I 2026-03-24 15:34:52,786] Trial 197 finished with value: 0.941747572815534 and parameters: {'n_estimators': 687, 'max_depth': 41, 'learning_rate': 0.011219707863184205, 'reg_alpha': 6.791914601453292e-08, 'reg_lambda': 0.0023364057307100625, 'min_child_weight': 5}. Best is trial 0 with value: 0.941747572815534.
[I 2026-03-24 15:34:52,861] Trial 198 finished with value: 0.941747572815534 and parameters: {'n_estimators': 302, 'max_depth': 32, 'learning_rate': 0.07923237273167352, 'reg_alpha': 0.0003205583037247015, 'reg_lambda': 0.6980160068667352, 'min_child_weight': 10}. Best is trial 0 with value: 0.941747572815534.
[I 2026-03-24 15:34:53,042] Trial 199 finished with value: 0.941747572815534 and parameters: {'n_estimators': 980, 'max_depth': 9, 'learning_rate': 0.005253137658634417, 'reg_alpha': 0.0011375167494393952, 'reg_lambda': 6.4998141090595086e-06, 'min_child_weight': 4}. Best is trial 0 with value: 0.941747572815534.
[I 2026-03-24 15:34:53,150] Trial 200 finished with value: 0.941747572815534 and parameters: {'n_estimators': 529, 'max_depth': 44, 'learning_rate': 0.09967293458280758, 'reg_alpha': 0.00020580160837124485, 'reg_lambda': 1.6785672694971275e-07, 'min_child_weight': 3}. Best is trial 0 with value: 0.941747572815534.
[I 2026-03-24 15:34:53,231] Trial 201 finished with value: 0.941747572815534 and parameters: {'n_estimators': 338, 'max_depth': 15, 'learning_rate': 0.0021451306114957445, 'reg_alpha': 0.9326149814863937, 'reg_lambda': 0.12233686342425863, 'min_child_weight': 7}. Best is trial 0 with value: 0.941747572815534.
[I 2026-03-24 15:34:53,316] Trial 202 finished with value: 0.941747572815534 and parameters: {'n_estimators': 361, 'max_depth': 17, 'learning_rate': 0.0034340964282942366, 'reg_alpha': 0.6116137026587164, 'reg_lambda': 0.034866026160048386, 'min_child_weight': 7}. Best is trial 0 with value: 0.941747572815534.
[I 2026-03-24 15:34:53,406] Trial 203 finished with value: 0.941747572815534 and parameters: {'n_estimators': 393, 'max_depth': 20, 'learning_rate': 0.0024684212939562874, 'reg_alpha': 0.1869526771327101, 'reg_lambda': 0.06963941622783562, 'min_child_weight': 7}. Best is trial 0 with value: 0.941747572815534.
[I 2026-03-24 15:34:53,570] Trial 204 finished with value: 0.941747572815534 and parameters: {'n_estimators': 872, 'max_depth': 18, 'learning_rate': 0.0019969742982013814, 'reg_alpha': 0.9779100697924018, 'reg_lambda': 1.9746103459992654e-08, 'min_child_weight': 8}. Best is trial 0 with value: 0.941747572815534.
[I 2026-03-24 15:34:53,713] Trial 205 finished with value: 0.941747572815534 and parameters: {'n_estimators': 736, 'max_depth': 16, 'learning_rate': 0.001862763487653022, 'reg_alpha': 0.006043817689856287, 'reg_lambda': 0.1017641620708001, 'min_child_weight': 7}. Best is trial 0 with value: 0.941747572815534.
[I 2026-03-24 15:34:53,784] Trial 206 finished with value: 0.941747572815534 and parameters: {'n_estimators': 273, 'max_depth': 42, 'learning_rate': 0.008231696669880488, 'reg_alpha': 0.43912025764178164, 'reg_lambda': 0.18277365126769932, 'min_child_weight': 9}. Best is trial 0 with value: 0.941747572815534.
[I 2026-03-24 15:34:53,848] Trial 207 finished with value: 0.941747572815534 and parameters: {'n_estimators': 226, 'max_depth': 13, 'learning_rate': 0.001589431829596858, 'reg_alpha': 0.0007073119990188557, 'reg_lambda': 0.9893849229935406, 'min_child_weight': 6}. Best is trial 0 with value: 0.941747572815534.
[I 2026-03-24 15:34:54,005] Trial 208 finished with value: 0.941747572815534 and parameters: {'n_estimators': 821, 'max_depth': 50, 'learning_rate': 0.023854854038792537, 'reg_alpha': 2.2868537262074495e-05, 'reg_lambda': 0.05778873209308728, 'min_child_weight': 10}. Best is trial 0 with value: 0.941747572815534.
[I 2026-03-24 15:34:54,109] Trial 209 finished with value: 0.941747572815534 and parameters: {'n_estimators': 483, 'max_depth': 48, 'learning_rate': 0.0028236107199297762, 'reg_alpha': 1.1891885548348987e-05, 'reg_lambda': 0.026486813852576625, 'min_child_weight': 3}. Best is trial 0 with value: 0.941747572815534.
[I 2026-03-24 15:34:54,259] Trial 210 finished with value: 0.941747572815534 and parameters: {'n_estimators': 776, 'max_depth': 39, 'learning_rate': 0.07022205528178348, 'reg_alpha': 0.05299539390294088, 'reg_lambda': 0.000916135686975781, 'min_child_weight': 5}. Best is trial 0 with value: 0.941747572815534.
[I 2026-03-24 15:34:54,396] Trial 211 finished with value: 0.941747572815534 and parameters: {'n_estimators': 455, 'max_depth': 27, 'learning_rate': 0.005547414501794448, 'reg_alpha': 0.0017367063265141436, 'reg_lambda': 0.0003475440857185061, 'min_child_weight': 2}. Best is trial 0 with value: 0.941747572815534.
[I 2026-03-24 15:34:54,501] Trial 212 finished with value: 0.941747572815534 and parameters: {'n_estimators': 327, 'max_depth': 30, 'learning_rate': 0.004674556578584191, 'reg_alpha': 0.0012194722190505684, 'reg_lambda': 8.014468859062245e-05, 'min_child_weight': 2}. Best is trial 0 with value: 0.941747572815534.
[I 2026-03-24 15:34:54,663] Trial 213 finished with value: 0.9463414634146341 and parameters: {'n_estimators': 430, 'max_depth': 40, 'learning_rate': 0.006947929135966915, 'reg_alpha': 5.469426338655685e-05, 'reg_lambda': 0.0001770574506630226, 'min_child_weight': 1}. Best is trial 213 with value: 0.9463414634146341.
[I 2026-03-24 15:34:54,824] Trial 214 finished with value: 0.9411764705882353 and parameters: {'n_estimators': 422, 'max_depth': 40, 'learning_rate': 0.00870938406682055, 'reg_alpha': 5.2072021886370976e-05, 'reg_lambda': 0.00015282356476177617, 'min_child_weight': 1}. Best is trial 213 with value: 0.9463414634146341.
[I 2026-03-24 15:34:54,990] Trial 215 finished with value: 0.9411764705882353 and parameters: {'n_estimators': 447, 'max_depth': 45, 'learning_rate': 0.0072844025232098345, 'reg_alpha': 6.428991302863182e-05, 'reg_lambda': 1.7554537786467683e-05, 'min_child_weight': 1}. Best is trial 213 with value: 0.9463414634146341.
[I 2026-03-24 15:34:55,270] Trial 216 finished with value: 0.9411764705882353 and parameters: {'n_estimators': 858, 'max_depth': 40, 'learning_rate': 0.00635592855275273, 'reg_alpha': 3.6120473625527937e-05, 'reg_lambda': 0.008947011131369096, 'min_child_weight': 1}. Best is trial 213 with value: 0.9463414634146341.
[I 2026-03-24 15:34:55,366] Trial 217 finished with value: 0.941747572815534 and parameters: {'n_estimators': 431, 'max_depth': 38, 'learning_rate': 0.0071436106032320475, 'reg_alpha': 0.01142677004566267, 'reg_lambda': 0.014498910677105289, 'min_child_weight': 7}. Best is trial 213 with value: 0.9463414634146341.
[I 2026-03-24 15:34:55,523] Trial 218 finished with value: 0.941747572815534 and parameters: {'n_estimators': 835, 'max_depth': 42, 'learning_rate': 0.0023771013710240456, 'reg_alpha': 7.88081957802786e-07, 'reg_lambda': 0.3781574116298053, 'min_child_weight': 5}. Best is trial 213 with value: 0.9463414634146341.
[I 2026-03-24 15:34:55,623] Trial 219 finished with value: 0.941747572815534 and parameters: {'n_estimators': 464, 'max_depth': 43, 'learning_rate': 0.08791260587061452, 'reg_alpha': 0.2688219166897, 'reg_lambda': 2.5855234232163433e-08, 'min_child_weight': 4}. Best is trial 213 with value: 0.9463414634146341.
[I 2026-03-24 15:34:55,709] Trial 220 finished with value: 0.941747572815534 and parameters: {'n_estimators': 380, 'max_depth': 41, 'learning_rate': 0.010174096711266734, 'reg_alpha': 8.640562634833187e-05, 'reg_lambda': 0.08652588908308106, 'min_child_weight': 6}. Best is trial 213 with value: 0.9463414634146341.
[I 2026-03-24 15:34:55,853] Trial 221 finished with value: 0.941747572815534 and parameters: {'n_estimators': 496, 'max_depth': 28, 'learning_rate': 0.005218059843947037, 'reg_alpha': 0.003422551283123541, 'reg_lambda': 0.000486997494052894, 'min_child_weight': 2}. Best is trial 213 with value: 0.9463414634146341.
[I 2026-03-24 15:34:56,108] Trial 222 finished with value: 0.941747572815534 and parameters: {'n_estimators': 951, 'max_depth': 23, 'learning_rate': 0.005794500180652364, 'reg_alpha': 0.0019683524711704057, 'reg_lambda': 0.0003239465343236131, 'min_child_weight': 2}. Best is trial 213 with value: 0.9463414634146341.
[I 2026-03-24 15:34:56,291] Trial 223 finished with value: 0.941747572815534 and parameters: {'n_estimators': 999, 'max_depth': 47, 'learning_rate': 0.0031865842096985664, 'reg_alpha': 0.0009760813938540948, 'reg_lambda': 0.00012108329592355749, 'min_child_weight': 10}. Best is trial 213 with value: 0.9463414634146341.
[I 2026-03-24 15:34:56,467] Trial 224 finished with value: 0.9463414634146341 and parameters: {'n_estimators': 477, 'max_depth': 25, 'learning_rate': 0.006227134499630296, 'reg_alpha': 0.0006302010255312898, 'reg_lambda': 0.0018382850274448242, 'min_child_weight': 1}. Best is trial 213 with value: 0.9463414634146341.
[I 2026-03-24 15:34:56,641] Trial 225 finished with value: 0.9411764705882353 and parameters: {'n_estimators': 468, 'max_depth': 24, 'learning_rate': 0.006727147196105953, 'reg_alpha': 0.0004981328455779534, 'reg_lambda': 0.0016013097454507406, 'min_child_weight': 1}. Best is trial 213 with value: 0.9463414634146341.
[I 2026-03-24 15:34:56,877] Trial 226 finished with value: 0.9411764705882353 and parameters: {'n_estimators': 706, 'max_depth': 26, 'learning_rate': 0.007592273010410309, 'reg_alpha': 0.0004308095081994602, 'reg_lambda': 0.0017402868947590446, 'min_child_weight': 1}. Best is trial 213 with value: 0.9463414634146341.
[I 2026-03-24 15:34:57,055] Trial 227 finished with value: 0.9411764705882353 and parameters: {'n_estimators': 476, 'max_depth': 10, 'learning_rate': 0.006162771578112357, 'reg_alpha': 0.0002767248298566623, 'reg_lambda': 0.0034852726256106043, 'min_child_weight': 1}. Best is trial 213 with value: 0.9463414634146341.
[I 2026-03-24 15:34:57,208] Trial 228 finished with value: 0.9411764705882353 and parameters: {'n_estimators': 446, 'max_depth': 49, 'learning_rate': 0.019090677768794525, 'reg_alpha': 3.0510014147916255e-05, 'reg_lambda': 0.15525852686025443, 'min_child_weight': 1}. Best is trial 213 with value: 0.9463414634146341.
[I 2026-03-24 15:34:57,315] Trial 229 finished with value: 0.941747572815534 and parameters: {'n_estimators': 515, 'max_depth': 19, 'learning_rate': 0.002116648634091538, 'reg_alpha': 0.0001483437624544395, 'reg_lambda': 0.0007260036137651995, 'min_child_weight': 8}. Best is trial 213 with value: 0.9463414634146341.
[I 2026-03-24 15:34:57,462] Trial 230 finished with value: 0.941747572815534 and parameters: {'n_estimators': 761, 'max_depth': 37, 'learning_rate': 0.006763148074954054, 'reg_alpha': 0.0006530116957997919, 'reg_lambda': 8.087838783601815e-07, 'min_child_weight': 5}. Best is trial 213 with value: 0.9463414634146341.
[I 2026-03-24 15:34:57,565] Trial 231 finished with value: 0.941747572815534 and parameters: {'n_estimators': 240, 'max_depth': 27, 'learning_rate': 0.005255462253115961, 'reg_alpha': 0.0009606153618536681, 'reg_lambda': 0.00021581127877905678, 'min_child_weight': 1}. Best is trial 213 with value: 0.9463414634146341.
[I 2026-03-24 15:34:57,833] Trial 232 finished with value: 0.9411764705882353 and parameters: {'n_estimators': 797, 'max_depth': 22, 'learning_rate': 0.005614449947914152, 'reg_alpha': 2.4110544391916226e-08, 'reg_lambda': 0.0036270984535781707, 'min_child_weight': 1}. Best is trial 213 with value: 0.9463414634146341.
[I 2026-03-24 15:34:57,901] Trial 233 finished with value: 0.941747572815534 and parameters: {'n_estimators': 263, 'max_depth': 25, 'learning_rate': 0.005958860101491109, 'reg_alpha': 0.004564437218648589, 'reg_lambda': 0.0011156524901655349, 'min_child_weight': 4}. Best is trial 213 with value: 0.9463414634146341.
[I 2026-03-24 15:34:57,978] Trial 234 finished with value: 0.941747572815534 and parameters: {'n_estimators': 341, 'max_depth': 35, 'learning_rate': 0.0036732582997623863, 'reg_alpha': 0.0021749129435440057, 'reg_lambda': 0.00019606914207137758, 'min_child_weight': 3}. Best is trial 213 with value: 0.9463414634146341.
[I 2026-03-24 15:34:58,129] Trial 235 finished with value: 0.941747572815534 and parameters: {'n_estimators': 813, 'max_depth': 29, 'learning_rate': 0.008042017203185212, 'reg_alpha': 1.647917830295872e-05, 'reg_lambda': 0.0022551818571695994, 'min_child_weight': 9}. Best is trial 213 with value: 0.9463414634146341.
[I 2026-03-24 15:34:58,216] Trial 236 finished with value: 0.941747572815534 and parameters: {'n_estimators': 406, 'max_depth': 39, 'learning_rate': 0.08281587539873533, 'reg_alpha': 0.6000558554677595, 'reg_lambda': 1.4127335223904012e-08, 'min_child_weight': 3}. Best is trial 213 with value: 0.9463414634146341.
