[I 2026-03-24 15:36:36,300] Trial 127 finished with value: 0.941747572815534 and parameters: {'n_estimators': 516, 'max_depth': 42, 'learning_rate': 0.02245102740294138, 'reg_alpha': 1.4135936884581829e-06, 'reg_lambda': 2.354245541078574e-06, 'min_child_weight': 8}. Best is trial 0 with value: 0.941747572815534.
[I 2026-03-24 15:36:36,357] Trial 128 finished with value: 0.941747572815534 and parameters: {'n_estimators': 200, 'max_depth': 20, 'learning_rate': 0.01311661158554748, 'reg_alpha': 0.005258928610642258, 'reg_lambda': 1.231826216369625e-06, 'min_child_weight': 9}. Best is trial 0 with value: 0.941747572815534.
[I 2026-03-24 15:36:36,427] Trial 129 finished with value: 0.941747572815534 and parameters: {'n_estimators': 274, 'max_depth': 29, 'learning_rate': 0.0011965438363556282, 'reg_alpha': 1.9990143744954792e-06, 'reg_lambda': 0.021149505360596177, 'min_child_weight': 10}. Best is trial 0 with value: 0.941747572815534.
[I 2026-03-24 15:36:36,596] Trial 130 finished with value: 0.941747572815534 and parameters: {'n_estimators': 564, 'max_depth': 39, 'learning_rate': 0.0022986698402051027, 'reg_alpha': 0.0012269449827859498, 'reg_lambda': 0.003915923328312015, 'min_child_weight': 4}. Best is trial 0 with value: 0.941747572815534.
[I 2026-03-24 15:36:36,733] Trial 131 finished with value: 0.941747572815534 and parameters: {'n_estimators': 693, 'max_depth': 32, 'learning_rate': 0.03221077346633136, 'reg_alpha': 1.4932516996404289e-05, 'reg_lambda': 0.00043831501657276713, 'min_child_weight': 9}. Best is trial 0 with value: 0.941747572815534.
[I 2026-03-24 15:36:36,895] Trial 132 finished with value: 0.941747572815534 and parameters: {'n_estimators': 850, 'max_depth': 27, 'learning_rate': 0.0015682219778503695, 'reg_alpha': 8.706445962763669e-06, 'reg_lambda': 9.890697932393058e-05, 'min_child_weight': 9}. Best is trial 0 with value: 0.941747572815534.
[I 2026-03-24 15:36:37,052] Trial 133 finished with value: 0.941747572815534 and parameters: {'n_estimators': 814, 'max_depth': 10, 'learning_rate': 0.05870981476727433, 'reg_alpha': 5.675943347873177e-06, 'reg_lambda': 1.2084588340342697e-05, 'min_child_weight': 10}. Best is trial 0 with value: 0.941747572815534.
[I 2026-03-24 15:36:37,181] Trial 134 finished with value: 0.941747572815534 and parameters: {'n_estimators': 639, 'max_depth': 13, 'learning_rate': 0.018649875592398536, 'reg_alpha': 3.540754683530331e-06, 'reg_lambda': 0.000264486558880619, 'min_child_weight': 8}. Best is trial 0 with value: 0.941747572815534.
[I 2026-03-24 15:36:37,315] Trial 135 finished with value: 0.941747572815534 and parameters: {'n_estimators': 673, 'max_depth': 29, 'learning_rate': 0.046844922949865586, 'reg_alpha': 2.634813616655956e-05, 'reg_lambda': 3.1302815977509505e-05, 'min_child_weight': 7}. Best is trial 0 with value: 0.941747572815534.
[I 2026-03-24 15:36:37,624] Trial 136 finished with value: 0.9292929292929293 and parameters: {'n_estimators': 775, 'max_depth': 11, 'learning_rate': 0.007236240669897392, 'reg_alpha': 1.9233085072158987e-07, 'reg_lambda': 7.396646115404802e-08, 'min_child_weight': 1}. Best is trial 0 with value: 0.941747572815534.
[I 2026-03-24 15:36:37,790] Trial 137 finished with value: 0.941747572815534 and parameters: {'n_estimators': 875, 'max_depth': 35, 'learning_rate': 0.0018113674750180266, 'reg_alpha': 0.0002530611833782843, 'reg_lambda': 4.844127049158357e-05, 'min_child_weight': 5}. Best is trial 0 with value: 0.941747572815534.
[I 2026-03-24 15:36:37,934] Trial 138 finished with value: 0.941747572815534 and parameters: {'n_estimators': 728, 'max_depth': 24, 'learning_rate': 0.02486668913603031, 'reg_alpha': 0.0016407234783433278, 'reg_lambda': 0.0014798596466982753, 'min_child_weight': 9}. Best is trial 0 with value: 0.941747572815534.
[I 2026-03-24 15:36:38,050] Trial 139 finished with value: 0.941747572815534 and parameters: {'n_estimators': 315, 'max_depth': 38, 'learning_rate': 0.015805979499489416, 'reg_alpha': 0.000726003142250469, 'reg_lambda': 4.393917603259602e-06, 'min_child_weight': 3}. Best is trial 0 with value: 0.941747572815534.
[I 2026-03-24 15:36:38,174] Trial 140 finished with value: 0.941747572815534 and parameters: {'n_estimators': 612, 'max_depth': 8, 'learning_rate': 0.009232465858527073, 'reg_alpha': 2.0898417457114706e-05, 'reg_lambda': 0.00014972953321590573, 'min_child_weight': 10}. Best is trial 0 with value: 0.941747572815534.
[I 2026-03-24 15:36:38,359] Trial 141 finished with value: 0.941747572815534 and parameters: {'n_estimators': 985, 'max_depth': 23, 'learning_rate': 0.004194159680934281, 'reg_alpha': 0.02622270154808975, 'reg_lambda': 1.4057894902493006e-07, 'min_child_weight': 9}. Best is trial 0 with value: 0.941747572815534.
[I 2026-03-24 15:36:38,539] Trial 142 finished with value: 0.941747572815534 and parameters: {'n_estimators': 952, 'max_depth': 27, 'learning_rate': 0.03747748798400652, 'reg_alpha': 0.10235699136306742, 'reg_lambda': 3.489891523374121e-08, 'min_child_weight': 9}. Best is trial 0 with value: 0.941747572815534.
[I 2026-03-24 15:36:38,603] Trial 143 finished with value: 0.941747572815534 and parameters: {'n_estimators': 229, 'max_depth': 25, 'learning_rate': 0.006639921391559793, 'reg_alpha': 0.010942296761861866, 'reg_lambda': 8.008586612618066e-07, 'min_child_weight': 8}. Best is trial 0 with value: 0.941747572815534.
[I 2026-03-24 15:36:38,779] Trial 144 finished with value: 0.941747572815534 and parameters: {'n_estimators': 924, 'max_depth': 22, 'learning_rate': 0.010577022087955005, 'reg_alpha': 8.669481387375793e-05, 'reg_lambda': 2.4298735375542524e-07, 'min_child_weight': 6}. Best is trial 0 with value: 0.941747572815534.
[I 2026-03-24 15:36:38,927] Trial 145 finished with value: 0.941747572815534 and parameters: {'n_estimators': 755, 'max_depth': 21, 'learning_rate': 0.05690653826993473, 'reg_alpha': 0.40596102340507934, 'reg_lambda': 8.083414602233601e-06, 'min_child_weight': 9}. Best is trial 0 with value: 0.941747572815534.
[I 2026-03-24 15:36:39,108] Trial 146 finished with value: 0.941747572815534 and parameters: {'n_estimators': 959, 'max_depth': 25, 'learning_rate': 0.005819729271571553, 'reg_alpha': 6.636306630344883e-07, 'reg_lambda': 3.361855889513733e-07, 'min_child_weight': 10}. Best is trial 0 with value: 0.941747572815534.
[I 2026-03-24 15:36:39,280] Trial 147 finished with value: 0.941747572815534 and parameters: {'n_estimators': 900, 'max_depth': 29, 'learning_rate': 0.017216123920997833, 'reg_alpha': 0.04656071832866948, 'reg_lambda': 4.966347417244701e-08, 'min_child_weight': 8}. Best is trial 0 with value: 0.941747572815534.
[I 2026-03-24 15:36:39,419] Trial 148 finished with value: 0.941747572815534 and parameters: {'n_estimators': 706, 'max_depth': 36, 'learning_rate': 0.011544486729033503, 'reg_alpha': 3.8328406238048136e-08, 'reg_lambda': 4.6320429810907475e-07, 'min_child_weight': 9}. Best is trial 0 with value: 0.941747572815534.
[I 2026-03-24 15:36:39,581] Trial 149 finished with value: 0.941747572815534 and parameters: {'n_estimators': 833, 'max_depth': 33, 'learning_rate': 0.004954348742054204, 'reg_alpha': 0.0003765753967544852, 'reg_lambda': 9.358724925946239e-05, 'min_child_weight': 10}. Best is trial 0 with value: 0.941747572815534.
[I 2026-03-24 15:36:39,682] Trial 150 finished with value: 0.941747572815534 and parameters: {'n_estimators': 461, 'max_depth': 50, 'learning_rate': 0.020247364486946556, 'reg_alpha': 5.143305854819063e-06, 'reg_lambda': 0.0008862149462017974, 'min_child_weight': 7}. Best is trial 0 with value: 0.941747572815534.
[I 2026-03-24 15:36:39,757] Trial 151 finished with value: 0.941747572815534 and parameters: {'n_estimators': 298, 'max_depth': 47, 'learning_rate': 0.0026590050567212183, 'reg_alpha': 1.1181176910374288e-05, 'reg_lambda': 4.03209966729302e-05, 'min_child_weight': 5}. Best is trial 0 with value: 0.941747572815534.
[I 2026-03-24 15:36:39,884] Trial 152 finished with value: 0.941747572815534 and parameters: {'n_estimators': 274, 'max_depth': 12, 'learning_rate': 0.0010797728639917081, 'reg_alpha': 2.7508315539684903e-06, 'reg_lambda': 8.1370287655634e-05, 'min_child_weight': 2}. Best is trial 0 with value: 0.941747572815534.
[I 2026-03-24 15:36:39,973] Trial 153 finished with value: 0.941747572815534 and parameters: {'n_estimators': 240, 'max_depth': 48, 'learning_rate': 0.001438721779618297, 'reg_alpha': 1.7925229329276664e-06, 'reg_lambda': 2.2453374412259226e-05, 'min_child_weight': 4}. Best is trial 0 with value: 0.941747572815534.
[I 2026-03-24 15:36:40,084] Trial 154 finished with value: 0.941747572815534 and parameters: {'n_estimators': 312, 'max_depth': 31, 'learning_rate': 0.001218697785216419, 'reg_alpha': 0.00019358287520529108, 'reg_lambda': 0.00017478852280778312, 'min_child_weight': 4}. Best is trial 0 with value: 0.941747572815534.
[I 2026-03-24 15:36:40,147] Trial 155 finished with value: 0.941747572815534 and parameters: {'n_estimators': 218, 'max_depth': 6, 'learning_rate': 0.002044935118043288, 'reg_alpha': 4.1892057321620376e-05, 'reg_lambda': 1.5065040318876502e-05, 'min_child_weight': 9}. Best is trial 0 with value: 0.941747572815534.
[I 2026-03-24 15:36:40,230] Trial 156 finished with value: 0.941747572815534 and parameters: {'n_estimators': 342, 'max_depth': 43, 'learning_rate': 0.021629204243743826, 'reg_alpha': 0.02375017637311702, 'reg_lambda': 9.424453859089544e-08, 'min_child_weight': 6}. Best is trial 0 with value: 0.941747572815534.
[I 2026-03-24 15:36:40,325] Trial 157 finished with value: 0.941747572815534 and parameters: {'n_estimators': 264, 'max_depth': 28, 'learning_rate': 0.003332333686315225, 'reg_alpha': 9.551977369384075e-07, 'reg_lambda': 2.4421524974347355e-08, 'min_child_weight': 4}. Best is trial 0 with value: 0.941747572815534.
[I 2026-03-24 15:36:40,411] Trial 158 finished with value: 0.941747572815534 and parameters: {'n_estimators': 369, 'max_depth': 16, 'learning_rate': 0.07894196624632056, 'reg_alpha': 4.552619163099884e-06, 'reg_lambda': 1.011035865378034e-08, 'min_child_weight': 8}. Best is trial 0 with value: 0.941747572815534.
[I 2026-03-24 15:36:40,484] Trial 159 finished with value: 0.941747572815534 and parameters: {'n_estimators': 288, 'max_depth': 35, 'learning_rate': 0.00787389592375692, 'reg_alpha': 5.310134965636059e-07, 'reg_lambda': 2.122105780913909e-06, 'min_child_weight': 9}. Best is trial 0 with value: 0.941747572815534.
[I 2026-03-24 15:36:40,640] Trial 160 finished with value: 0.941747572815534 and parameters: {'n_estimators': 801, 'max_depth': 9, 'learning_rate': 0.01221388771141061, 'reg_alpha': 0.0042870195127850804, 'reg_lambda': 5.542067691909394e-05, 'min_child_weight': 10}. Best is trial 0 with value: 0.941747572815534.
[I 2026-03-24 15:36:40,728] Trial 161 finished with value: 0.941747572815534 and parameters: {'n_estimators': 382, 'max_depth': 32, 'learning_rate': 0.014078400563542454, 'reg_alpha': 0.31092294816214505, 'reg_lambda': 6.709951670534164e-07, 'min_child_weight': 7}. Best is trial 0 with value: 0.941747572815534.
[I 2026-03-24 15:36:40,813] Trial 162 finished with value: 0.941747572815534 and parameters: {'n_estimators': 362, 'max_depth': 34, 'learning_rate': 0.01609173202745464, 'reg_alpha': 8.433875734081062e-06, 'reg_lambda': 2.9414127305203515e-05, 'min_child_weight': 7}. Best is trial 0 with value: 0.941747572815534.
[I 2026-03-24 15:36:40,893] Trial 163 finished with value: 0.941747572815534 and parameters: {'n_estimators': 328, 'max_depth': 30, 'learning_rate': 0.01894403519667243, 'reg_alpha': 0.00013572134976627375, 'reg_lambda': 3.0896304466397074e-06, 'min_child_weight': 7}. Best is trial 0 with value: 0.941747572815534.
[I 2026-03-24 15:36:40,984] Trial 164 finished with value: 0.941747572815534 and parameters: {'n_estimators': 401, 'max_depth': 26, 'learning_rate': 0.06307425080271126, 'reg_alpha': 0.14691054249620142, 'reg_lambda': 1.0237059654458425e-06, 'min_child_weight': 7}. Best is trial 0 with value: 0.941747572815534.
[I 2026-03-24 15:36:41,082] Trial 165 finished with value: 0.941747572815534 and parameters: {'n_estimators': 443, 'max_depth': 37, 'learning_rate': 0.023550366307410444, 'reg_alpha': 1.5648460418032828e-05, 'reg_lambda': 1.7679624839582922e-06, 'min_child_weight': 6}. Best is trial 0 with value: 0.941747572815534.
[I 2026-03-24 15:36:41,215] Trial 166 finished with value: 0.941747572815534 and parameters: {'n_estimators': 658, 'max_depth': 30, 'learning_rate': 0.0023142667360642193, 'reg_alpha': 0.0002992041959036657, 'reg_lambda': 6.602798162695635e-06, 'min_child_weight': 9}. Best is trial 0 with value: 0.941747572815534.
[I 2026-03-24 15:36:41,359] Trial 167 finished with value: 0.9365853658536586 and parameters: {'n_estimators': 432, 'max_depth': 45, 'learning_rate': 0.028321193357806546, 'reg_alpha': 7.834860474585108e-08, 'reg_lambda': 1.6789814020386682e-07, 'min_child_weight': 3}. Best is trial 0 with value: 0.941747572815534.
[I 2026-03-24 15:36:41,443] Trial 168 finished with value: 0.941747572815534 and parameters: {'n_estimators': 351, 'max_depth': 36, 'learning_rate': 0.001318958092112105, 'reg_alpha': 0.0075823507772370315, 'reg_lambda': 0.20541597795504138, 'min_child_weight': 8}. Best is trial 0 with value: 0.941747572815534.
[I 2026-03-24 15:36:41,508] Trial 169 finished with value: 0.941747572815534 and parameters: {'n_estimators': 239, 'max_depth': 28, 'learning_rate': 0.009580349391701907, 'reg_alpha': 0.002216413246029378, 'reg_lambda': 1.0633748945418723e-05, 'min_child_weight': 5}. Best is trial 0 with value: 0.941747572815534.
[I 2026-03-24 15:36:41,601] Trial 170 finished with value: 0.941747572815534 and parameters: {'n_estimators': 412, 'max_depth': 40, 'learning_rate': 0.012849462266821883, 'reg_alpha': 0.0525361562584931, 'reg_lambda': 0.00023012427250294028, 'min_child_weight': 8}. Best is trial 0 with value: 0.941747572815534.
[I 2026-03-24 15:36:41,786] Trial 171 finished with value: 0.941747572815534 and parameters: {'n_estimators': 978, 'max_depth': 41, 'learning_rate': 0.020661941940538685, 'reg_alpha': 0.2563634307165568, 'reg_lambda': 1.581022012043139e-08, 'min_child_weight': 10}. Best is trial 0 with value: 0.941747572815534.
[I 2026-03-24 15:36:41,899] Trial 172 finished with value: 0.941747572815534 and parameters: {'n_estimators': 531, 'max_depth': 38, 'learning_rate': 0.0945969472491048, 'reg_alpha': 0.5473986097402149, 'reg_lambda': 1.6415643694131855e-08, 'min_child_weight': 10}. Best is trial 0 with value: 0.941747572815534.
[I 2026-03-24 15:36:42,022] Trial 173 finished with value: 0.941747572815534 and parameters: {'n_estimators': 599, 'max_depth': 11, 'learning_rate': 0.0010387995581873628, 'reg_alpha': 0.939515767569211, 'reg_lambda': 3.0552382771904596e-08, 'min_child_weight': 10}. Best is trial 0 with value: 0.941747572815534.
[I 2026-03-24 15:36:42,126] Trial 174 finished with value: 0.941747572815534 and parameters: {'n_estimators': 483, 'max_depth': 33, 'learning_rate': 0.014911269215970305, 'reg_alpha': 0.6916175982859303, 'reg_lambda': 5.873440358898757e-08, 'min_child_weight': 9}. Best is trial 0 with value: 0.941747572815534.
[I 2026-03-24 15:36:42,234] Trial 175 finished with value: 0.941747572815534 and parameters: {'n_estimators': 509, 'max_depth': 19, 'learning_rate': 0.01809484178424916, 'reg_alpha': 0.0005928289364911999, 'reg_lambda': 0.00496768095953355, 'min_child_weight': 10}. Best is trial 0 with value: 0.941747572815534.
[I 2026-03-24 15:36:42,354] Trial 176 finished with value: 0.941747572815534 and parameters: {'n_estimators': 577, 'max_depth': 39, 'learning_rate': 0.07896823574777315, 'reg_alpha': 3.1677329472917295e-07, 'reg_lambda': 3.122358884739811e-07, 'min_child_weight': 9}. Best is trial 0 with value: 0.941747572815534.
[I 2026-03-24 15:36:42,413] Trial 177 finished with value: 0.941747572815534 and parameters: {'n_estimators': 201, 'max_depth': 36, 'learning_rate': 0.010745062360655633, 'reg_alpha': 0.01798106403419898, 'reg_lambda': 0.0019677471887859822, 'min_child_weight': 7}. Best is trial 0 with value: 0.941747572815534.
[I 2026-03-24 15:36:42,593] Trial 178 finished with value: 0.941747572815534 and parameters: {'n_estimators': 939, 'max_depth': 42, 'learning_rate': 0.08440392485833248, 'reg_alpha': 3.732605732451961e-06, 'reg_lambda': 5.453865662641907e-07, 'min_child_weight': 10}. Best is trial 0 with value: 0.941747572815534.
[I 2026-03-24 15:36:42,654] Trial 179 finished with value: 0.941747572815534 and parameters: {'n_estimators': 215, 'max_depth': 37, 'learning_rate': 0.05099721351556795, 'reg_alpha': 1.1366137051373144e-05, 'reg_lambda': 1.284838733606297e-06, 'min_child_weight': 6}. Best is trial 0 with value: 0.941747572815534.
[I 2026-03-24 15:36:42,772] Trial 180 finished with value: 0.941747572815534 and parameters: {'n_estimators': 561, 'max_depth': 44, 'learning_rate': 0.06723113775969346, 'reg_alpha': 0.07188040759318809, 'reg_lambda': 1.0938665661885915e-07, 'min_child_weight': 9}. Best is trial 0 with value: 0.941747572815534.
[I 2026-03-24 15:36:43,058] Trial 181 finished with value: 0.941747572815534 and parameters: {'n_estimators': 995, 'max_depth': 17, 'learning_rate': 0.0035965335685487405, 'reg_alpha': 1.786608299089323e-08, 'reg_lambda': 2.739443080516928e-07, 'min_child_weight': 4}. Best is trial 0 with value: 0.941747572815534.
[I 2026-03-24 15:36:43,304] Trial 182 finished with value: 0.941747572815534 and parameters: {'n_estimators': 862, 'max_depth': 18, 'learning_rate': 0.002996567851475638, 'reg_alpha': 2.594295940917695e-08, 'reg_lambda': 7.744016872793057e-07, 'min_child_weight': 4}. Best is trial 0 with value: 0.941747572815534.
[I 2026-03-24 15:36:43,609] Trial 183 finished with value: 0.941747572815534 and parameters: {'n_estimators': 968, 'max_depth': 14, 'learning_rate': 0.004324108440210468, 'reg_alpha': 1.120755934668126e-08, 'reg_lambda': 4.1500384345004556e-07, 'min_child_weight': 3}. Best is trial 0 with value: 0.941747572815534.
[I 2026-03-24 15:36:43,786] Trial 184 finished with value: 0.941747572815534 and parameters: {'n_estimators': 922, 'max_depth': 20, 'learning_rate': 0.0015561777683482081, 'reg_alpha': 1.0816455731551197e-07, 'reg_lambda': 0.029746100595323066, 'min_child_weight': 5}. Best is trial 0 with value: 0.941747572815534.
[I 2026-03-24 15:36:44,048] Trial 185 finished with value: 0.941747572815534 and parameters: {'n_estimators': 905, 'max_depth': 17, 'learning_rate': 0.0024001619031577166, 'reg_alpha': 0.0008671281517579351, 'reg_lambda': 0.08729090173448287, 'min_child_weight': 4}. Best is trial 0 with value: 0.941747572815534.
[I 2026-03-24 15:36:44,301] Trial 186 finished with value: 0.941747572815534 and parameters: {'n_estimators': 886, 'max_depth': 12, 'learning_rate': 0.0018314403504160112, 'reg_alpha': 0.0004027665204272475, 'reg_lambda': 3.6882967277231006e-06, 'min_child_weight': 4}. Best is trial 0 with value: 0.941747572815534.
[I 2026-03-24 15:36:44,388] Trial 187 finished with value: 0.941747572815534 and parameters: {'n_estimators': 382, 'max_depth': 15, 'learning_rate': 0.002872835044392373, 'reg_alpha': 8.187742344963487e-05, 'reg_lambda': 1.98071447977517e-07, 'min_child_weight': 9}. Best is trial 0 with value: 0.941747572815534.
[I 2026-03-24 15:36:44,468] Trial 188 finished with value: 0.941747572815534 and parameters: {'n_estimators': 328, 'max_depth': 19, 'learning_rate': 0.043849264826664736, 'reg_alpha': 0.0013311070861030739, 'reg_lambda': 6.483340700426077e-07, 'min_child_weight': 8}. Best is trial 0 with value: 0.941747572815534.
[I 2026-03-24 15:36:44,589] Trial 189 finished with value: 0.941747572815534 and parameters: {'n_estimators': 255, 'max_depth': 38, 'learning_rate': 0.0020431572327740664, 'reg_alpha': 6.7939523815183465e-06, 'reg_lambda': 0.00047505270726062556, 'min_child_weight': 2}. Best is trial 0 with value: 0.941747572815534.
[I 2026-03-24 15:36:44,667] Trial 190 finished with value: 0.941747572815534 and parameters: {'n_estimators': 308, 'max_depth': 7, 'learning_rate': 0.017180150393888656, 'reg_alpha': 0.00023093224579428644, 'reg_lambda': 1.0987359730802332e-06, 'min_child_weight': 7}. Best is trial 0 with value: 0.941747572815534.
[I 2026-03-24 15:36:44,874] Trial 191 finished with value: 0.941747572815534 and parameters: {'n_estimators': 684, 'max_depth': 16, 'learning_rate': 0.007103764631109257, 'reg_alpha': 2.2286916864297846e-06, 'reg_lambda': 1.339460143670635e-07, 'min_child_weight': 4}. Best is trial 0 with value: 0.941747572815534.
[I 2026-03-24 15:36:45,079] Trial 192 finished with value: 0.941747572815534 and parameters: {'n_estimators': 620, 'max_depth': 21, 'learning_rate': 0.008555573409592735, 'reg_alpha': 1.286072237753471e-06, 'reg_lambda': 4.211086145141516e-07, 'min_child_weight': 3}. Best is trial 0 with value: 0.941747572815534.
[I 2026-03-24 15:36:45,290] Trial 193 finished with value: 0.941747572815534 and parameters: {'n_estimators': 714, 'max_depth': 18, 'learning_rate': 0.006575901257903374, 'reg_alpha': 3.0917299504620438e-06, 'reg_lambda': 2.073042802175615e-07, 'min_child_weight': 4}. Best is trial 0 with value: 0.941747572815534.
[I 2026-03-24 15:36:45,510] Trial 194 finished with value: 0.941747572815534 and parameters: {'n_estimators': 743, 'max_depth': 23, 'learning_rate': 0.0055983506167991805, 'reg_alpha': 4.306976607312176e-06, 'reg_lambda': 0.011095433663507237, 'min_child_weight': 4}. Best is trial 0 with value: 0.941747572815534.
[I 2026-03-24 15:36:45,703] Trial 195 finished with value: 0.941747572815534 and parameters: {'n_estimators': 638, 'max_depth': 10, 'learning_rate': 0.006207659571580745, 'reg_alpha': 4.031706343303972e-08, 'reg_lambda': 9.736399148598149e-08, 'min_child_weight': 4}. Best is trial 0 with value: 0.941747572815534.
