[I 2026-03-24 15:31:53,214] Trial 314 finished with value: 0.941747572815534 and parameters: {'n_estimators': 305, 'max_depth': 20, 'learning_rate': 0.027930015197845173, 'reg_alpha': 1.41724067112013e-05, 'reg_lambda': 2.8328633136782223e-07, 'min_child_weight': 8}. Best is trial 0 with value: 0.941747572815534.
[I 2026-03-24 15:31:53,331] Trial 315 finished with value: 0.941747572815534 and parameters: {'n_estimators': 781, 'max_depth': 8, 'learning_rate': 0.0029175735636199117, 'reg_alpha': 0.0008431153554806116, 'reg_lambda': 2.9662185618803696e-06, 'min_child_weight': 9}. Best is trial 0 with value: 0.941747572815534.
[I 2026-03-24 15:31:53,547] Trial 316 finished with value: 0.9306930693069307 and parameters: {'n_estimators': 973, 'max_depth': 48, 'learning_rate': 0.004092873388923985, 'reg_alpha': 0.0003461240519629543, 'reg_lambda': 1.6451087243205064e-05, 'min_child_weight': 1}. Best is trial 0 with value: 0.941747572815534.
[I 2026-03-24 15:31:53,683] Trial 317 finished with value: 0.941747572815534 and parameters: {'n_estimators': 868, 'max_depth': 23, 'learning_rate': 0.005564344179090668, 'reg_alpha': 1.4615076409111823e-08, 'reg_lambda': 9.379187201353516e-06, 'min_child_weight': 4}. Best is trial 0 with value: 0.941747572815534.
[I 2026-03-24 15:31:53,768] Trial 318 finished with value: 0.941747572815534 and parameters: {'n_estimators': 462, 'max_depth': 34, 'learning_rate': 0.003778375133600447, 'reg_alpha': 4.306059419035042e-06, 'reg_lambda': 0.008319765872428504, 'min_child_weight': 5}. Best is trial 0 with value: 0.941747572815534.
[I 2026-03-24 15:31:53,856] Trial 319 finished with value: 0.941747572815534 and parameters: {'n_estimators': 502, 'max_depth': 37, 'learning_rate': 0.0021474207516444088, 'reg_alpha': 5.019588455411788e-05, 'reg_lambda': 2.565440788027719e-08, 'min_child_weight': 10}. Best is trial 0 with value: 0.941747572815534.
[I 2026-03-24 15:31:53,927] Trial 320 finished with value: 0.941747572815534 and parameters: {'n_estimators': 360, 'max_depth': 46, 'learning_rate': 0.011987766695868008, 'reg_alpha': 0.025498846643773262, 'reg_lambda': 4.004566463652512e-06, 'min_child_weight': 7}. Best is trial 0 with value: 0.941747572815534.
[I 2026-03-24 15:31:54,027] Trial 321 finished with value: 0.941747572815534 and parameters: {'n_estimators': 582, 'max_depth': 21, 'learning_rate': 0.04868139892324569, 'reg_alpha': 9.079065831681829e-08, 'reg_lambda': 0.00038657538354150883, 'min_child_weight': 8}. Best is trial 0 with value: 0.941747572815534.
[I 2026-03-24 15:31:54,130] Trial 322 finished with value: 0.941747572815534 and parameters: {'n_estimators': 605, 'max_depth': 10, 'learning_rate': 0.004571163614700256, 'reg_alpha': 0.00010925495748644169, 'reg_lambda': 0.0007995839345109405, 'min_child_weight': 3}. Best is trial 0 with value: 0.941747572815534.
[I 2026-03-24 15:31:54,285] Trial 323 finished with value: 0.941747572815534 and parameters: {'n_estimators': 682, 'max_depth': 30, 'learning_rate': 0.0013877418249127857, 'reg_alpha': 2.447361091225475e-06, 'reg_lambda': 1.4182327576915685e-06, 'min_child_weight': 2}. Best is trial 0 with value: 0.941747572815534.
[I 2026-03-24 15:31:54,415] Trial 324 finished with value: 0.941747572815534 and parameters: {'n_estimators': 825, 'max_depth': 13, 'learning_rate': 0.0012161062521760708, 'reg_alpha': 4.446756105311044e-07, 'reg_lambda': 0.00013346607893060985, 'min_child_weight': 6}. Best is trial 0 with value: 0.941747572815534.
[I 2026-03-24 15:31:54,531] Trial 325 finished with value: 0.941747572815534 and parameters: {'n_estimators': 715, 'max_depth': 33, 'learning_rate': 0.008753948756152208, 'reg_alpha': 6.124260919721498e-08, 'reg_lambda': 0.0014305075409933722, 'min_child_weight': 9}. Best is trial 0 with value: 0.941747572815534.
[I 2026-03-24 15:31:54,676] Trial 326 finished with value: 0.941747572815534 and parameters: {'n_estimators': 934, 'max_depth': 18, 'learning_rate': 0.07303034179580721, 'reg_alpha': 0.41973837537146136, 'reg_lambda': 8.238200156849876e-07, 'min_child_weight': 5}. Best is trial 0 with value: 0.941747572815534.
[I 2026-03-24 15:31:54,744] Trial 327 finished with value: 0.941747572815534 and parameters: {'n_estimators': 329, 'max_depth': 26, 'learning_rate': 0.007467262694878558, 'reg_alpha': 1.5761310403363432e-06, 'reg_lambda': 6.284743003479829e-06, 'min_child_weight': 7}. Best is trial 0 with value: 0.941747572815534.
[I 2026-03-24 15:31:54,894] Trial 328 finished with value: 0.941747572815534 and parameters: {'n_estimators': 980, 'max_depth': 29, 'learning_rate': 0.03885904590027995, 'reg_alpha': 1.3376551100213276e-07, 'reg_lambda': 1.0379497478323005e-08, 'min_child_weight': 4}. Best is trial 0 with value: 0.941747572815534.
[I 2026-03-24 15:31:54,974] Trial 329 finished with value: 0.941747572815534 and parameters: {'n_estimators': 429, 'max_depth': 31, 'learning_rate': 0.08383094267286055, 'reg_alpha': 2.9468452569491816e-07, 'reg_lambda': 0.004044463408674735, 'min_child_weight': 9}. Best is trial 0 with value: 0.941747572815534.
[I 2026-03-24 15:31:55,051] Trial 330 finished with value: 0.941747572815534 and parameters: {'n_estimators': 404, 'max_depth': 43, 'learning_rate': 0.001734404267569251, 'reg_alpha': 9.046005275896646e-07, 'reg_lambda': 0.00023966553821743247, 'min_child_weight': 8}. Best is trial 0 with value: 0.941747572815534.
[I 2026-03-24 15:31:55,199] Trial 331 finished with value: 0.941747572815534 and parameters: {'n_estimators': 959, 'max_depth': 22, 'learning_rate': 0.0018976722425575654, 'reg_alpha': 0.7046770950531468, 'reg_lambda': 0.16272590903099754, 'min_child_weight': 6}. Best is trial 0 with value: 0.941747572815534.
[I 2026-03-24 15:31:55,285] Trial 332 finished with value: 0.941747572815534 and parameters: {'n_estimators': 480, 'max_depth': 44, 'learning_rate': 0.00955267904251829, 'reg_alpha': 0.005871134708998464, 'reg_lambda': 0.03698284236645831, 'min_child_weight': 10}. Best is trial 0 with value: 0.941747572815534.
[I 2026-03-24 15:31:55,392] Trial 333 finished with value: 0.941747572815534 and parameters: {'n_estimators': 637, 'max_depth': 45, 'learning_rate': 0.00319777611342265, 'reg_alpha': 8.510863463788527e-06, 'reg_lambda': 1.7201417285065008e-08, 'min_child_weight': 4}. Best is trial 0 with value: 0.941747572815534.
[I 2026-03-24 15:31:55,453] Trial 334 finished with value: 0.941747572815534 and parameters: {'n_estimators': 274, 'max_depth': 7, 'learning_rate': 0.003589163188425734, 'reg_alpha': 2.958403118311045e-08, 'reg_lambda': 3.2641717054474914e-05, 'min_child_weight': 9}. Best is trial 0 with value: 0.941747572815534.
[I 2026-03-24 15:31:55,585] Trial 335 finished with value: 0.9306930693069307 and parameters: {'n_estimators': 550, 'max_depth': 14, 'learning_rate': 0.011567946173540018, 'reg_alpha': 0.0013862363480060418, 'reg_lambda': 0.0004710400871132492, 'min_child_weight': 1}. Best is trial 0 with value: 0.941747572815534.
[I 2026-03-24 15:31:55,712] Trial 336 finished with value: 0.941747572815534 and parameters: {'n_estimators': 846, 'max_depth': 35, 'learning_rate': 0.004871766691894031, 'reg_alpha': 1.83776981835083e-05, 'reg_lambda': 2.3499959960644467e-06, 'min_child_weight': 8}. Best is trial 0 with value: 0.941747572815534.
[I 2026-03-24 15:31:55,828] Trial 337 finished with value: 0.941747572815534 and parameters: {'n_estimators': 763, 'max_depth': 40, 'learning_rate': 0.0025419156412948753, 'reg_alpha': 3.708723079878616e-06, 'reg_lambda': 4.640373982121554e-08, 'min_child_weight': 3}. Best is trial 0 with value: 0.941747572815534.
[I 2026-03-24 15:31:55,963] Trial 338 finished with value: 0.941747572815534 and parameters: {'n_estimators': 919, 'max_depth': 38, 'learning_rate': 0.001110536503459767, 'reg_alpha': 0.06887290147436836, 'reg_lambda': 3.861792990538867e-07, 'min_child_weight': 7}. Best is trial 0 with value: 0.941747572815534.
[I 2026-03-24 15:31:56,063] Trial 339 finished with value: 0.941747572815534 and parameters: {'n_estimators': 620, 'max_depth': 24, 'learning_rate': 0.05812808591538954, 'reg_alpha': 0.9843579612792667, 'reg_lambda': 6.331807424663708e-05, 'min_child_weight': 2}. Best is trial 0 with value: 0.941747572815534.
[I 2026-03-24 15:31:56,169] Trial 340 finished with value: 0.941747572815534 and parameters: {'n_estimators': 662, 'max_depth': 17, 'learning_rate': 0.0015134999804701803, 'reg_alpha': 2.434262986069414e-07, 'reg_lambda': 7.892586131867336e-06, 'min_child_weight': 10}. Best is trial 0 with value: 0.941747572815534.
[I 2026-03-24 15:31:56,257] Trial 341 finished with value: 0.941747572815534 and parameters: {'n_estimators': 520, 'max_depth': 47, 'learning_rate': 0.08956404444513023, 'reg_alpha': 4.870228303960406e-08, 'reg_lambda': 1.4510923893670132e-05, 'min_child_weight': 5}. Best is trial 0 with value: 0.941747572815534.
[I 2026-03-24 15:31:56,371] Trial 342 finished with value: 0.941747572815534 and parameters: {'n_estimators': 743, 'max_depth': 32, 'learning_rate': 0.02075695854674284, 'reg_alpha': 6.142271859848197e-06, 'reg_lambda': 1.878794242997804e-07, 'min_child_weight': 9}. Best is trial 0 with value: 0.941747572815534.
[I 2026-03-24 15:31:56,438] Trial 343 finished with value: 0.941747572815534 and parameters: {'n_estimators': 348, 'max_depth': 50, 'learning_rate': 0.0012935155203690717, 'reg_alpha': 0.0005971601990835544, 'reg_lambda': 5.737682711838947e-07, 'min_child_weight': 6}. Best is trial 0 with value: 0.941747572815534.
[I 2026-03-24 15:31:56,535] Trial 344 finished with value: 0.941747572815534 and parameters: {'n_estimators': 590, 'max_depth': 34, 'learning_rate': 0.014113756387866546, 'reg_alpha': 7.088662442544808e-07, 'reg_lambda': 1.1286842448125018e-07, 'min_child_weight': 4}. Best is trial 0 with value: 0.941747572815534.
[I 2026-03-24 15:31:56,613] Trial 345 finished with value: 0.941747572815534 and parameters: {'n_estimators': 446, 'max_depth': 18, 'learning_rate': 0.025096428053418645, 'reg_alpha': 3.2094891774049714e-05, 'reg_lambda': 0.060448130685635273, 'min_child_weight': 9}. Best is trial 0 with value: 0.941747572815534.
[I 2026-03-24 15:31:56,665] Trial 346 finished with value: 0.941747572815534 and parameters: {'n_estimators': 227, 'max_depth': 15, 'learning_rate': 0.010747944565695444, 'reg_alpha': 1.921633435261388e-06, 'reg_lambda': 0.005493905212612025, 'min_child_weight': 7}. Best is trial 0 with value: 0.941747572815534.
[I 2026-03-24 15:31:56,786] Trial 347 finished with value: 0.941747572815534 and parameters: {'n_estimators': 794, 'max_depth': 11, 'learning_rate': 0.004308550232311925, 'reg_alpha': 8.148955099488111e-05, 'reg_lambda': 0.0011158286241271364, 'min_child_weight': 5}. Best is trial 0 with value: 0.941747572815534.
[I 2026-03-24 15:31:56,857] Trial 348 finished with value: 0.941747572815534 and parameters: {'n_estimators': 380, 'max_depth': 36, 'learning_rate': 0.044608461157908834, 'reg_alpha': 3.739389830187189e-07, 'reg_lambda': 0.002771482594476481, 'min_child_weight': 8}. Best is trial 0 with value: 0.941747572815534.
[I 2026-03-24 15:31:57,002] Trial 349 finished with value: 0.941747572815534 and parameters: {'n_estimators': 986, 'max_depth': 41, 'learning_rate': 0.028892415968515252, 'reg_alpha': 5.54315881932523e-07, 'reg_lambda': 1.1001306141434359e-06, 'min_child_weight': 3}. Best is trial 0 with value: 0.941747572815534.
[I 2026-03-24 15:31:57,065] Trial 350 finished with value: 0.941747572815534 and parameters: {'n_estimators': 314, 'max_depth': 49, 'learning_rate': 0.006110842136294878, 'reg_alpha': 1.1707219673885714e-07, 'reg_lambda': 4.640280688330597e-06, 'min_child_weight': 9}. Best is trial 0 with value: 0.941747572815534.
[I 2026-03-24 15:31:57,173] Trial 351 finished with value: 0.941747572815534 and parameters: {'n_estimators': 696, 'max_depth': 48, 'learning_rate': 0.002777230207740113, 'reg_alpha': 0.00020358124322445326, 'reg_lambda': 0.0006476255935508587, 'min_child_weight': 4}. Best is trial 0 with value: 0.941747572815534.
[I 2026-03-24 15:31:57,224] Trial 352 finished with value: 0.941747572815534 and parameters: {'n_estimators': 216, 'max_depth': 20, 'learning_rate': 0.033630444606188574, 'reg_alpha': 1.969028356254049e-08, 'reg_lambda': 0.014685378574010659, 'min_child_weight': 8}. Best is trial 0 with value: 0.941747572815534.
[I 2026-03-24 15:31:57,286] Trial 353 finished with value: 0.941747572815534 and parameters: {'n_estimators': 293, 'max_depth': 16, 'learning_rate': 0.05233200377752973, 'reg_alpha': 2.889340585636067e-06, 'reg_lambda': 0.00030300766044466526, 'min_child_weight': 2}. Best is trial 0 with value: 0.941747572815534.
[I 2026-03-24 15:31:57,398] Trial 354 finished with value: 0.941747572815534 and parameters: {'n_estimators': 727, 'max_depth': 39, 'learning_rate': 0.07916857996143933, 'reg_alpha': 1.0779348316873686e-08, 'reg_lambda': 0.00010642783685414637, 'min_child_weight': 10}. Best is trial 0 with value: 0.941747572815534.
[I 2026-03-24 15:31:57,609] Trial 355 finished with value: 0.9253731343283582 and parameters: {'n_estimators': 878, 'max_depth': 8, 'learning_rate': 0.0020421218316611692, 'reg_alpha': 0.301290672703598, 'reg_lambda': 2.1092644324557487e-08, 'min_child_weight': 1}. Best is trial 0 with value: 0.941747572815534.
[I 2026-03-24 15:31:57,749] Trial 356 finished with value: 0.941747572815534 and parameters: {'n_estimators': 905, 'max_depth': 23, 'learning_rate': 0.008054122152174537, 'reg_alpha': 2.1760314769323204e-07, 'reg_lambda': 8.060837562045792e-07, 'min_child_weight': 6}. Best is trial 0 with value: 0.941747572815534.
[I 2026-03-24 15:31:57,891] Trial 357 finished with value: 0.941747572815534 and parameters: {'n_estimators': 966, 'max_depth': 27, 'learning_rate': 0.0016378385129058775, 'reg_alpha': 0.11871404511753945, 'reg_lambda': 2.345206324349158e-05, 'min_child_weight': 4}. Best is trial 0 with value: 0.941747572815534.
[I 2026-03-24 15:31:57,985] Trial 358 finished with value: 0.941747572815534 and parameters: {'n_estimators': 568, 'max_depth': 19, 'learning_rate': 0.0186179307308627, 'reg_alpha': 1.2966834850983222e-06, 'reg_lambda': 0.4787181243265022, 'min_child_weight': 9}. Best is trial 0 with value: 0.941747572815534.
[I 2026-03-24 15:31:58,057] Trial 359 finished with value: 0.941747572815534 and parameters: {'n_estimators': 392, 'max_depth': 21, 'learning_rate': 0.006883952827411509, 'reg_alpha': 8.780384537447537e-08, 'reg_lambda': 0.00015605265903900517, 'min_child_weight': 5}. Best is trial 0 with value: 0.941747572815534.
[I 2026-03-24 15:31:58,199] Trial 360 finished with value: 0.941747572815534 and parameters: {'n_estimators': 999, 'max_depth': 42, 'learning_rate': 0.0037647654170000094, 'reg_alpha': 4.917357745313058e-06, 'reg_lambda': 1.9509001576900306e-06, 'min_child_weight': 8}. Best is trial 0 with value: 0.941747572815534.
[I 2026-03-24 15:31:58,274] Trial 361 finished with value: 0.941747572815534 and parameters: {'n_estimators': 418, 'max_depth': 29, 'learning_rate': 0.0010029699879242973, 'reg_alpha': 1.1092130589577014e-05, 'reg_lambda': 3.5827011098335516e-08, 'min_child_weight': 7}. Best is trial 0 with value: 0.941747572815534.
[I 2026-03-24 15:31:58,363] Trial 362 finished with value: 0.941747572815534 and parameters: {'n_estimators': 528, 'max_depth': 31, 'learning_rate': 0.0401873028917746, 'reg_alpha': 3.281903716331197e-08, 'reg_lambda': 0.0017439727429910373, 'min_child_weight': 9}. Best is trial 0 with value: 0.941747572815534.
[I 2026-03-24 15:31:58,435] Trial 363 finished with value: 0.941747572815534 and parameters: {'n_estimators': 363, 'max_depth': 45, 'learning_rate': 0.0660533050706298, 'reg_alpha': 5.333731414429864e-05, 'reg_lambda': 1.2744002209870921e-05, 'min_child_weight': 10}. Best is trial 0 with value: 0.941747572815534.
[I 2026-03-24 15:31:58,519] Trial 364 finished with value: 0.941747572815534 and parameters: {'n_estimators': 494, 'max_depth': 6, 'learning_rate': 0.003172766558165966, 'reg_alpha': 0.0004026999427811341, 'reg_lambda': 3.1559788299425237e-06, 'min_child_weight': 4}. Best is trial 0 with value: 0.941747572815534.
[I 2026-03-24 15:31:58,658] Trial 365 finished with value: 0.941747572815534 and parameters: {'n_estimators': 946, 'max_depth': 13, 'learning_rate': 0.0011335267207877025, 'reg_alpha': 0.00015585966190944848, 'reg_lambda': 1.344506547384062e-08, 'min_child_weight': 6}. Best is trial 0 with value: 0.941747572815534.
[I 2026-03-24 15:31:58,739] Trial 366 finished with value: 0.941747572815534 and parameters: {'n_estimators': 459, 'max_depth': 25, 'learning_rate': 0.0160439635869392, 'reg_alpha': 0.20067662465899597, 'reg_lambda': 0.0005511492304283344, 'min_child_weight': 7}. Best is trial 0 with value: 0.941747572815534.
[I 2026-03-24 15:31:58,805] Trial 367 finished with value: 0.941747572815534 and parameters: {'n_estimators': 335, 'max_depth': 50, 'learning_rate': 0.0014668088044522388, 'reg_alpha': 5.0569611867355876e-08, 'reg_lambda': 0.009742134139051306, 'min_child_weight': 7}. Best is trial 0 with value: 0.941747572815534.
[I 2026-03-24 15:31:58,863] Trial 368 finished with value: 0.941747572815534 and parameters: {'n_estimators': 251, 'max_depth': 36, 'learning_rate': 0.002324311024167181, 'reg_alpha': 5.276162653551521e-07, 'reg_lambda': 0.024534819921471628, 'min_child_weight': 9}. Best is trial 0 with value: 0.941747572815534.
[I 2026-03-24 15:31:58,985] Trial 369 finished with value: 0.941747572815534 and parameters: {'n_estimators': 813, 'max_depth': 34, 'learning_rate': 0.005278774475628537, 'reg_alpha': 1.955925013295205e-07, 'reg_lambda': 4.797661870950369e-05, 'min_child_weight': 3}. Best is trial 0 with value: 0.941747572815534.
[I 2026-03-24 15:31:59,087] Trial 370 finished with value: 0.941747572815534 and parameters: {'n_estimators': 635, 'max_depth': 14, 'learning_rate': 0.001876686813110622, 'reg_alpha': 2.7674854269586097e-06, 'reg_lambda': 2.6571244033979094e-07, 'min_child_weight': 5}. Best is trial 0 with value: 0.941747572815534.
[I 2026-03-24 15:31:59,201] Trial 371 finished with value: 0.941747572815534 and parameters: {'n_estimators': 596, 'max_depth': 28, 'learning_rate': 0.004054536368972958, 'reg_alpha': 8.008105092999551e-07, 'reg_lambda': 5.766153739987411e-06, 'min_child_weight': 2}. Best is trial 0 with value: 0.941747572815534.
[I 2026-03-24 15:31:59,327] Trial 372 finished with value: 0.941747572815534 and parameters: {'n_estimators': 774, 'max_depth': 49, 'learning_rate': 0.003403437105670114, 'reg_alpha': 3.726168867723691e-07, 'reg_lambda': 0.11387032262162883, 'min_child_weight': 8}. Best is trial 0 with value: 0.941747572815534.
[I 2026-03-24 15:31:59,413] Trial 373 finished with value: 0.941747572815534 and parameters: {'n_estimators': 511, 'max_depth': 26, 'learning_rate': 0.030870951574288128, 'reg_alpha': 7.204431021118647e-08, 'reg_lambda': 1.4649526348488798e-06, 'min_child_weight': 4}. Best is trial 0 with value: 0.941747572815534.
[I 2026-03-24 15:31:59,508] Trial 374 finished with value: 0.941747572815534 and parameters: {'n_estimators': 544, 'max_depth': 12, 'learning_rate': 0.0917522804417562, 'reg_alpha': 1.5940839894732375e-08, 'reg_lambda': 5.111325845808251e-07, 'min_child_weight': 9}. Best is trial 0 with value: 0.941747572815534.
[I 2026-03-24 15:31:59,614] Trial 375 finished with value: 0.941747572815534 and parameters: {'n_estimators': 615, 'max_depth': 30, 'learning_rate': 0.009818930888860693, 'reg_alpha': 0.0042025691297193, 'reg_lambda': 1.1016135663838556e-05, 'min_child_weight': 2}. Best is trial 0 with value: 0.941747572815534.
[I 2026-03-24 15:31:59,763] Trial 376 finished with value: 0.9306930693069307 and parameters: {'n_estimators': 653, 'max_depth': 18, 'learning_rate': 0.08005532953748022, 'reg_alpha': 0.0002530712571785351, 'reg_lambda': 2.5682583890711176e-08, 'min_child_weight': 1}. Best is trial 0 with value: 0.941747572815534.
[I 2026-03-24 15:31:59,838] Trial 377 finished with value: 0.941747572815534 and parameters: {'n_estimators': 410, 'max_depth': 46, 'learning_rate': 0.0017516033072553796, 'reg_alpha': 7.105379775281314e-06, 'reg_lambda': 0.000330871948970991, 'min_child_weight': 4}. Best is trial 0 with value: 0.941747572815534.
[I 2026-03-24 15:31:59,987] Trial 378 finished with value: 0.941747572815534 and parameters: {'n_estimators': 962, 'max_depth': 23, 'learning_rate': 0.01317010888449132, 'reg_alpha': 1.4867976529253135e-07, 'reg_lambda': 3.7473995073919208e-06, 'min_child_weight': 10}. Best is trial 0 with value: 0.941747572815534.
[I 2026-03-24 15:32:00,068] Trial 379 finished with value: 0.941747572815534 and parameters: {'n_estimators': 436, 'max_depth': 24, 'learning_rate': 0.09999558036271743, 'reg_alpha': 1.7102864589495146e-06, 'reg_lambda': 7.620063360208965e-08, 'min_child_weight': 8}. Best is trial 0 with value: 0.941747572815534.
[I 2026-03-24 15:32:00,150] Trial 380 finished with value: 0.941747572815534 and parameters: {'n_estimators': 472, 'max_depth': 16, 'learning_rate': 0.03747328369970664, 'reg_alpha': 1.6755582227910816e-05, 'reg_lambda': 2.7496825140545604e-05, 'min_child_weight': 6}. Best is trial 0 with value: 0.941747572815534.
[I 2026-03-24 15:32:00,281] Trial 381 finished with value: 0.941747572815534 and parameters: {'n_estimators': 867, 'max_depth': 22, 'learning_rate': 0.04729491640568322, 'reg_alpha': 4.361849725840861e-06, 'reg_lambda': 7.217235859048812e-06, 'min_child_weight': 7}. Best is trial 0 with value: 0.941747572815534.
[I 2026-03-24 15:32:00,334] Trial 382 finished with value: 0.941747572815534 and parameters: {'n_estimators': 234, 'max_depth': 33, 'learning_rate': 0.0030575664488287535, 'reg_alpha': 2.6199049291828223e-08, 'reg_lambda': 0.0009190761614598447, 'min_child_weight': 9}. Best is trial 0 with value: 0.941747572815534.
