[I 2026-03-24 15:39:48,099] Trial 319 finished with value: 0.9154228855721394 and parameters: {'n_estimators': 607, 'max_depth': 15, 'learning_rate': 0.0031252026259826053, 'reg_alpha': 3.163035479743379e-07, 'reg_lambda': 1.1629456555635668e-06, 'min_child_weight': 6}. Best is trial 0 with value: 0.9154228855721394.
[I 2026-03-24 15:39:48,163] Trial 320 finished with value: 0.9154228855721394 and parameters: {'n_estimators': 336, 'max_depth': 10, 'learning_rate': 0.004034468677850684, 'reg_alpha': 0.011243756218292492, 'reg_lambda': 0.0003146967489881828, 'min_child_weight': 3}. Best is trial 0 with value: 0.9154228855721394.
[I 2026-03-24 15:39:48,219] Trial 321 finished with value: 0.9154228855721394 and parameters: {'n_estimators': 266, 'max_depth': 43, 'learning_rate': 0.005898511699666433, 'reg_alpha': 1.679641565638913e-05, 'reg_lambda': 0.019023079942715074, 'min_child_weight': 4}. Best is trial 0 with value: 0.9154228855721394.
[I 2026-03-24 15:39:48,305] Trial 322 finished with value: 0.9154228855721394 and parameters: {'n_estimators': 516, 'max_depth': 28, 'learning_rate': 0.00790877993476669, 'reg_alpha': 0.02771301618662322, 'reg_lambda': 4.6169777975355863e-07, 'min_child_weight': 9}. Best is trial 0 with value: 0.9154228855721394.
[I 2026-03-24 15:39:48,431] Trial 323 finished with value: 0.9154228855721394 and parameters: {'n_estimators': 849, 'max_depth': 45, 'learning_rate': 0.006871264609324957, 'reg_alpha': 2.8734779568196015e-06, 'reg_lambda': 0.00013333098911056404, 'min_child_weight': 6}. Best is trial 0 with value: 0.9154228855721394.
[I 2026-03-24 15:39:48,562] Trial 324 finished with value: 0.9154228855721394 and parameters: {'n_estimators': 895, 'max_depth': 32, 'learning_rate': 0.005064274066289208, 'reg_alpha': 0.17730396866872902, 'reg_lambda': 0.011699936034368686, 'min_child_weight': 4}. Best is trial 0 with value: 0.9154228855721394.
[I 2026-03-24 15:39:48,639] Trial 325 finished with value: 0.9154228855721394 and parameters: {'n_estimators': 434, 'max_depth': 23, 'learning_rate': 0.009197924790650019, 'reg_alpha': 0.041694841510021896, 'reg_lambda': 0.0013495736549612506, 'min_child_weight': 5}. Best is trial 0 with value: 0.9154228855721394.
[I 2026-03-24 15:39:48,709] Trial 326 finished with value: 0.9154228855721394 and parameters: {'n_estimators': 388, 'max_depth': 48, 'learning_rate': 0.0027773722169391786, 'reg_alpha': 0.000398723450910055, 'reg_lambda': 0.05160958012395752, 'min_child_weight': 8}. Best is trial 0 with value: 0.9154228855721394.
[I 2026-03-24 15:39:48,760] Trial 327 finished with value: 0.9154228855721394 and parameters: {'n_estimators': 224, 'max_depth': 26, 'learning_rate': 0.004558579659949361, 'reg_alpha': 0.0001683156265945602, 'reg_lambda': 1.8894224813752128e-07, 'min_child_weight': 7}. Best is trial 0 with value: 0.9154228855721394.
[I 2026-03-24 15:39:48,822] Trial 328 finished with value: 0.9154228855721394 and parameters: {'n_estimators': 200, 'max_depth': 47, 'learning_rate': 0.003565941619961567, 'reg_alpha': 1.7075772709504981e-06, 'reg_lambda': 1.0231651868570476e-05, 'min_child_weight': 1}. Best is trial 0 with value: 0.9154228855721394.
[I 2026-03-24 15:39:48,962] Trial 329 finished with value: 0.9154228855721394 and parameters: {'n_estimators': 959, 'max_depth': 42, 'learning_rate': 0.0016750572097871757, 'reg_alpha': 0.4933989582626489, 'reg_lambda': 1.746928058215616e-06, 'min_child_weight': 5}. Best is trial 0 with value: 0.9154228855721394.
[I 2026-03-24 15:39:49,074] Trial 330 finished with value: 0.9154228855721394 and parameters: {'n_estimators': 734, 'max_depth': 39, 'learning_rate': 0.006415529132144156, 'reg_alpha': 6.841552383940412e-06, 'reg_lambda': 3.9634331849111586e-05, 'min_child_weight': 7}. Best is trial 0 with value: 0.9154228855721394.
[I 2026-03-24 15:39:49,182] Trial 331 finished with value: 0.9154228855721394 and parameters: {'n_estimators': 453, 'max_depth': 46, 'learning_rate': 0.02114670072089076, 'reg_alpha': 0.06846944994667573, 'reg_lambda': 0.006959164407120729, 'min_child_weight': 1}. Best is trial 0 with value: 0.9154228855721394.
[I 2026-03-24 15:39:49,296] Trial 332 finished with value: 0.9154228855721394 and parameters: {'n_estimators': 753, 'max_depth': 19, 'learning_rate': 0.011752908288450362, 'reg_alpha': 8.755550350773089e-07, 'reg_lambda': 0.026032183551593265, 'min_child_weight': 2}. Best is trial 0 with value: 0.9154228855721394.
[I 2026-03-24 15:39:49,357] Trial 333 finished with value: 0.9154228855721394 and parameters: {'n_estimators': 299, 'max_depth': 6, 'learning_rate': 0.0471316993939176, 'reg_alpha': 2.7348501064855212e-05, 'reg_lambda': 4.008437239624471e-06, 'min_child_weight': 9}. Best is trial 0 with value: 0.9154228855721394.
[I 2026-03-24 15:39:49,491] Trial 334 finished with value: 0.9154228855721394 and parameters: {'n_estimators': 924, 'max_depth': 24, 'learning_rate': 0.007263890129693253, 'reg_alpha': 4.685345719261068e-06, 'reg_lambda': 0.0004258840942065085, 'min_child_weight': 10}. Best is trial 0 with value: 0.9154228855721394.
[I 2026-03-24 15:39:49,593] Trial 335 finished with value: 0.9154228855721394 and parameters: {'n_estimators': 653, 'max_depth': 35, 'learning_rate': 0.005510440901468233, 'reg_alpha': 1.7552209686590912e-08, 'reg_lambda': 8.707567751579184e-05, 'min_child_weight': 5}. Best is trial 0 with value: 0.9154228855721394.
[I 2026-03-24 15:39:49,703] Trial 336 finished with value: 0.9154228855721394 and parameters: {'n_estimators': 713, 'max_depth': 34, 'learning_rate': 0.0026358821583562114, 'reg_alpha': 0.00799057988010145, 'reg_lambda': 2.4810185009315908e-08, 'min_child_weight': 7}. Best is trial 0 with value: 0.9154228855721394.
[I 2026-03-24 15:39:49,762] Trial 337 finished with value: 0.9154228855721394 and parameters: {'n_estimators': 281, 'max_depth': 16, 'learning_rate': 0.010440885629594856, 'reg_alpha': 6.860233519670044e-05, 'reg_lambda': 6.436079366742426e-06, 'min_child_weight': 3}. Best is trial 0 with value: 0.9154228855721394.
[I 2026-03-24 15:39:49,817] Trial 338 finished with value: 0.9154228855721394 and parameters: {'n_estimators': 254, 'max_depth': 37, 'learning_rate': 0.008343985308088582, 'reg_alpha': 0.0016501535875183555, 'reg_lambda': 1.9844498648540602e-05, 'min_child_weight': 2}. Best is trial 0 with value: 0.9154228855721394.
[I 2026-03-24 15:39:49,934] Trial 339 finished with value: 0.9154228855721394 and parameters: {'n_estimators': 777, 'max_depth': 41, 'learning_rate': 0.02375893950637659, 'reg_alpha': 1.2512579593214187e-05, 'reg_lambda': 7.928938799495353e-07, 'min_child_weight': 6}. Best is trial 0 with value: 0.9154228855721394.
[I 2026-03-24 15:39:50,076] Trial 340 finished with value: 0.9154228855721394 and parameters: {'n_estimators': 986, 'max_depth': 44, 'learning_rate': 0.002330439555504078, 'reg_alpha': 0.00027602782916486413, 'reg_lambda': 0.0001937200451585065, 'min_child_weight': 7}. Best is trial 0 with value: 0.9154228855721394.
[I 2026-03-24 15:39:50,140] Trial 341 finished with value: 0.9154228855721394 and parameters: {'n_estimators': 326, 'max_depth': 25, 'learning_rate': 0.030715854072818714, 'reg_alpha': 0.0008446030840983041, 'reg_lambda': 0.004434075403370703, 'min_child_weight': 8}. Best is trial 0 with value: 0.9154228855721394.
[I 2026-03-24 15:39:50,209] Trial 342 finished with value: 0.9154228855721394 and parameters: {'n_estimators': 239, 'max_depth': 32, 'learning_rate': 0.014098313192438377, 'reg_alpha': 0.021937696282054515, 'reg_lambda': 2.9109838731068973e-06, 'min_child_weight': 1}. Best is trial 0 with value: 0.9154228855721394.
[I 2026-03-24 15:39:50,298] Trial 343 finished with value: 0.9154228855721394 and parameters: {'n_estimators': 542, 'max_depth': 11, 'learning_rate': 0.017816349910750432, 'reg_alpha': 4.3115098205992166e-07, 'reg_lambda': 0.29138546829447826, 'min_child_weight': 6}. Best is trial 0 with value: 0.9154228855721394.
[I 2026-03-24 15:39:50,365] Trial 344 finished with value: 0.9154228855721394 and parameters: {'n_estimators': 354, 'max_depth': 13, 'learning_rate': 0.003012241502291599, 'reg_alpha': 0.00011612513020912653, 'reg_lambda': 1.1402711480771648e-07, 'min_child_weight': 3}. Best is trial 0 with value: 0.9154228855721394.
[I 2026-03-24 15:39:50,464] Trial 345 finished with value: 0.9154228855721394 and parameters: {'n_estimators': 627, 'max_depth': 45, 'learning_rate': 0.07107650877155704, 'reg_alpha': 0.0023715734606774945, 'reg_lambda': 1.2746797499947677e-06, 'min_child_weight': 6}. Best is trial 0 with value: 0.9154228855721394.
[I 2026-03-24 15:39:50,558] Trial 346 finished with value: 0.9154228855721394 and parameters: {'n_estimators': 583, 'max_depth': 49, 'learning_rate': 0.004268990920162198, 'reg_alpha': 0.28414247623877503, 'reg_lambda': 5.260889900453976e-07, 'min_child_weight': 4}. Best is trial 0 with value: 0.9154228855721394.
[I 2026-03-24 15:39:50,641] Trial 347 finished with value: 0.9154228855721394 and parameters: {'n_estimators': 495, 'max_depth': 36, 'learning_rate': 0.08640413383091729, 'reg_alpha': 0.01141458028514089, 'reg_lambda': 1.2003643523444795e-05, 'min_child_weight': 5}. Best is trial 0 with value: 0.9154228855721394.
[I 2026-03-24 15:39:50,723] Trial 348 finished with value: 0.9154228855721394 and parameters: {'n_estimators': 469, 'max_depth': 43, 'learning_rate': 0.02716988854684234, 'reg_alpha': 0.0005526888088759668, 'reg_lambda': 3.3520550095539586e-07, 'min_child_weight': 9}. Best is trial 0 with value: 0.9154228855721394.
[I 2026-03-24 15:39:50,845] Trial 349 finished with value: 0.9154228855721394 and parameters: {'n_estimators': 814, 'max_depth': 38, 'learning_rate': 0.036758626412632056, 'reg_alpha': 0.005222467464992515, 'reg_lambda': 0.001086421974307512, 'min_child_weight': 3}. Best is trial 0 with value: 0.9154228855721394.
[I 2026-03-24 15:39:50,950] Trial 350 finished with value: 0.9154228855721394 and parameters: {'n_estimators': 674, 'max_depth': 50, 'learning_rate': 0.01620443040583311, 'reg_alpha': 2.7268445623411747e-06, 'reg_lambda': 1.3397979340925165e-08, 'min_child_weight': 7}. Best is trial 0 with value: 0.9154228855721394.
[I 2026-03-24 15:39:51,022] Trial 351 finished with value: 0.9154228855721394 and parameters: {'n_estimators': 402, 'max_depth': 34, 'learning_rate': 0.001299999064228958, 'reg_alpha': 9.702104757857633e-06, 'reg_lambda': 0.0002960209403157065, 'min_child_weight': 8}. Best is trial 0 with value: 0.9154228855721394.
[I 2026-03-24 15:39:51,092] Trial 352 finished with value: 0.9154228855721394 and parameters: {'n_estimators': 371, 'max_depth': 21, 'learning_rate': 0.05370164099115649, 'reg_alpha': 0.01654641713522029, 'reg_lambda': 0.0018930055629738061, 'min_child_weight': 2}. Best is trial 0 with value: 0.9154228855721394.
[I 2026-03-24 15:39:51,230] Trial 353 finished with value: 0.9154228855721394 and parameters: {'n_estimators': 614, 'max_depth': 33, 'learning_rate': 0.005817749560634838, 'reg_alpha': 1.1572613737161834e-06, 'reg_lambda': 2.2700787426704527e-06, 'min_child_weight': 1}. Best is trial 0 with value: 0.9154228855721394.
[I 2026-03-24 15:39:51,281] Trial 354 finished with value: 0.9154228855721394 and parameters: {'n_estimators': 219, 'max_depth': 27, 'learning_rate': 0.010023439283942366, 'reg_alpha': 5.2090751464527476e-08, 'reg_lambda': 4.6526868562999634e-08, 'min_child_weight': 5}. Best is trial 0 with value: 0.9154228855721394.
[I 2026-03-24 15:39:51,344] Trial 355 finished with value: 0.9154228855721394 and parameters: {'n_estimators': 322, 'max_depth': 7, 'learning_rate': 0.0014927360980602166, 'reg_alpha': 0.09573193448280502, 'reg_lambda': 1.0214970972954431e-08, 'min_child_weight': 4}. Best is trial 0 with value: 0.9154228855721394.
[I 2026-03-24 15:39:51,556] Trial 356 finished with value: 0.9154228855721394 and parameters: {'n_estimators': 974, 'max_depth': 48, 'learning_rate': 0.004880576666532811, 'reg_alpha': 2.1310007690623665e-05, 'reg_lambda': 0.00013948674696270024, 'min_child_weight': 1}. Best is trial 0 with value: 0.9154228855721394.
[I 2026-03-24 15:39:51,687] Trial 357 finished with value: 0.9154228855721394 and parameters: {'n_estimators': 872, 'max_depth': 9, 'learning_rate': 0.01931174172011082, 'reg_alpha': 4.208235057586555e-05, 'reg_lambda': 1.0215165739201772e-06, 'min_child_weight': 6}. Best is trial 0 with value: 0.9154228855721394.
[I 2026-03-24 15:39:51,762] Trial 358 finished with value: 0.9154228855721394 and parameters: {'n_estimators': 414, 'max_depth': 46, 'learning_rate': 0.0032269799146617357, 'reg_alpha': 0.034451126254973624, 'reg_lambda': 5.120249982239274e-06, 'min_child_weight': 9}. Best is trial 0 with value: 0.9154228855721394.
[I 2026-03-24 15:39:51,871] Trial 359 finished with value: 0.9154228855721394 and parameters: {'n_estimators': 697, 'max_depth': 35, 'learning_rate': 0.0086159140537096, 'reg_alpha': 4.120213210425811e-06, 'reg_lambda': 5.1598417420722244e-05, 'min_child_weight': 3}. Best is trial 0 with value: 0.9154228855721394.
[I 2026-03-24 15:39:51,966] Trial 360 finished with value: 0.9154228855721394 and parameters: {'n_estimators': 594, 'max_depth': 23, 'learning_rate': 0.042440888978982294, 'reg_alpha': 7.042804680630166e-07, 'reg_lambda': 3.032741023096381e-05, 'min_child_weight': 10}. Best is trial 0 with value: 0.9154228855721394.
[I 2026-03-24 15:39:52,104] Trial 361 finished with value: 0.9154228855721394 and parameters: {'n_estimators': 943, 'max_depth': 29, 'learning_rate': 0.00207831124705776, 'reg_alpha': 0.0003982068138778636, 'reg_lambda': 0.0025858862141388476, 'min_child_weight': 8}. Best is trial 0 with value: 0.9154228855721394.
[I 2026-03-24 15:39:52,170] Trial 362 finished with value: 0.9154228855721394 and parameters: {'n_estimators': 342, 'max_depth': 39, 'learning_rate': 0.006752191773758307, 'reg_alpha': 0.00017658915648368945, 'reg_lambda': 0.6158716312533417, 'min_child_weight': 2}. Best is trial 0 with value: 0.9154228855721394.
[I 2026-03-24 15:39:52,303] Trial 363 finished with value: 0.9154228855721394 and parameters: {'n_estimators': 907, 'max_depth': 24, 'learning_rate': 0.007488415690878589, 'reg_alpha': 0.0013367802693909667, 'reg_lambda': 0.0007345480562875307, 'min_child_weight': 7}. Best is trial 0 with value: 0.9154228855721394.
[I 2026-03-24 15:39:52,391] Trial 364 finished with value: 0.9154228855721394 and parameters: {'n_estimators': 527, 'max_depth': 31, 'learning_rate': 0.015011578625242543, 'reg_alpha': 0.0037606964260260595, 'reg_lambda': 5.882679890129214e-07, 'min_child_weight': 5}. Best is trial 0 with value: 0.9154228855721394.
[I 2026-03-24 15:39:52,447] Trial 365 finished with value: 0.9154228855721394 and parameters: {'n_estimators': 266, 'max_depth': 26, 'learning_rate': 0.0010749011084962967, 'reg_alpha': 0.642822104433554, 'reg_lambda': 7.285321657665922e-08, 'min_child_weight': 6}. Best is trial 0 with value: 0.9154228855721394.
[I 2026-03-24 15:39:52,622] Trial 366 finished with value: 0.9154228855721394 and parameters: {'n_estimators': 799, 'max_depth': 14, 'learning_rate': 0.012514673125367306, 'reg_alpha': 0.3587994175497008, 'reg_lambda': 0.00044983454495895256, 'min_child_weight': 1}. Best is trial 0 with value: 0.9154228855721394.
[I 2026-03-24 15:39:52,675] Trial 367 finished with value: 0.9154228855721394 and parameters: {'n_estimators': 234, 'max_depth': 44, 'learning_rate': 0.06368087103063767, 'reg_alpha': 7.013115206531784e-06, 'reg_lambda': 1.5533520560076163e-05, 'min_child_weight': 7}. Best is trial 0 with value: 0.9154228855721394.
[I 2026-03-24 15:39:52,734] Trial 368 finished with value: 0.9154228855721394 and parameters: {'n_estimators': 290, 'max_depth': 20, 'learning_rate': 0.00291688294637098, 'reg_alpha': 0.000735772945659249, 'reg_lambda': 0.03271576257182839, 'min_child_weight': 5}. Best is trial 0 with value: 0.9154228855721394.
[I 2026-03-24 15:39:52,849] Trial 369 finished with value: 0.9154228855721394 and parameters: {'n_estimators': 748, 'max_depth': 47, 'learning_rate': 0.003839030157350518, 'reg_alpha': 1.6822524696000128e-06, 'reg_lambda': 3.0972857198555143e-08, 'min_child_weight': 3}. Best is trial 0 with value: 0.9154228855721394.
[I 2026-03-24 15:39:52,900] Trial 370 finished with value: 0.9154228855721394 and parameters: {'n_estimators': 216, 'max_depth': 42, 'learning_rate': 0.002537881927583142, 'reg_alpha': 1.5547473997635467e-07, 'reg_lambda': 0.00024007254516206033, 'min_child_weight': 7}. Best is trial 0 with value: 0.9154228855721394.
[I 2026-03-24 15:39:52,992] Trial 371 finished with value: 0.9154228855721394 and parameters: {'n_estimators': 563, 'max_depth': 49, 'learning_rate': 0.03432991834756574, 'reg_alpha': 0.13609683555394889, 'reg_lambda': 0.00010156700504847187, 'min_child_weight': 8}. Best is trial 0 with value: 0.9154228855721394.
[I 2026-03-24 15:39:53,054] Trial 372 finished with value: 0.9154228855721394 and parameters: {'n_estimators': 309, 'max_depth': 36, 'learning_rate': 0.0033757663517088657, 'reg_alpha': 0.00789148671805371, 'reg_lambda': 0.005871402374966736, 'min_child_weight': 2}. Best is trial 0 with value: 0.9154228855721394.
[I 2026-03-24 15:39:53,198] Trial 373 finished with value: 0.9154228855721394 and parameters: {'n_estimators': 997, 'max_depth': 30, 'learning_rate': 0.011060260330609934, 'reg_alpha': 0.05409049900309801, 'reg_lambda': 1.8071118750953753e-08, 'min_child_weight': 6}. Best is trial 0 with value: 0.9154228855721394.
[I 2026-03-24 15:39:53,283] Trial 374 finished with value: 0.9154228855721394 and parameters: {'n_estimators': 505, 'max_depth': 19, 'learning_rate': 0.005332036643353057, 'reg_alpha': 1.293386659390913e-05, 'reg_lambda': 1.788210642259799e-06, 'min_child_weight': 4}. Best is trial 0 with value: 0.9154228855721394.
[I 2026-03-24 15:39:53,384] Trial 375 finished with value: 0.9154228855721394 and parameters: {'n_estimators': 642, 'max_depth': 37, 'learning_rate': 0.017218085614530355, 'reg_alpha': 2.2917328274969654e-06, 'reg_lambda': 2.2444935607370428e-07, 'min_child_weight': 9}. Best is trial 0 with value: 0.9154228855721394.
[I 2026-03-24 15:39:53,456] Trial 376 finished with value: 0.9154228855721394 and parameters: {'n_estimators': 244, 'max_depth': 40, 'learning_rate': 0.02270611110081804, 'reg_alpha': 0.011314077669612215, 'reg_lambda': 2.9034620874211474e-06, 'min_child_weight': 1}. Best is trial 0 with value: 0.9154228855721394.
[I 2026-03-24 15:39:53,534] Trial 377 finished with value: 0.9154228855721394 and parameters: {'n_estimators': 434, 'max_depth': 45, 'learning_rate': 0.006135486384375133, 'reg_alpha': 0.024144229645579215, 'reg_lambda': 0.011341240862535993, 'min_child_weight': 6}. Best is trial 0 with value: 0.9154228855721394.
[I 2026-03-24 15:39:53,605] Trial 378 finished with value: 0.9154228855721394 and parameters: {'n_estimators': 380, 'max_depth': 22, 'learning_rate': 0.009264575588659302, 'reg_alpha': 0.0002215477491037493, 'reg_lambda': 8.876554655202951e-06, 'min_child_weight': 7}. Best is trial 0 with value: 0.9154228855721394.
[I 2026-03-24 15:39:53,747] Trial 379 finished with value: 0.9154228855721394 and parameters: {'n_estimators': 963, 'max_depth': 41, 'learning_rate': 0.004429312746654859, 'reg_alpha': 1.1177302965310533e-07, 'reg_lambda': 7.918100612480798e-07, 'min_child_weight': 4}. Best is trial 0 with value: 0.9154228855721394.
[I 2026-03-24 15:39:53,864] Trial 380 finished with value: 0.9154228855721394 and parameters: {'n_estimators': 765, 'max_depth': 25, 'learning_rate': 0.00771039954822858, 'reg_alpha': 0.22833036219264485, 'reg_lambda': 0.00015808001760051168, 'min_child_weight': 3}. Best is trial 0 with value: 0.9154228855721394.
[I 2026-03-24 15:39:53,977] Trial 381 finished with value: 0.9154228855721394 and parameters: {'n_estimators': 728, 'max_depth': 43, 'learning_rate': 0.025700418861180643, 'reg_alpha': 0.0003249933033560943, 'reg_lambda': 2.357292465557234e-05, 'min_child_weight': 5}. Best is trial 0 with value: 0.9154228855721394.
[I 2026-03-24 15:39:54,046] Trial 382 finished with value: 0.9154228855721394 and parameters: {'n_estimators': 361, 'max_depth': 28, 'learning_rate': 0.09307263724729983, 'reg_alpha': 4.856635660326713e-06, 'reg_lambda': 0.0005689879003559266, 'min_child_weight': 9}. Best is trial 0 with value: 0.9154228855721394.
[I 2026-03-24 15:39:54,183] Trial 383 finished with value: 0.9154228855721394 and parameters: {'n_estimators': 915, 'max_depth': 17, 'learning_rate': 0.002314306941002071, 'reg_alpha': 7.687237203468292e-05, 'reg_lambda': 0.163682073371631, 'min_child_weight': 10}. Best is trial 0 with value: 0.9154228855721394.
[I 2026-03-24 15:39:54,309] Trial 384 finished with value: 0.9154228855721394 and parameters: {'n_estimators': 844, 'max_depth': 33, 'learning_rate': 0.04874003274642658, 'reg_alpha': 0.0005038095934382056, 'reg_lambda': 0.07576528743822629, 'min_child_weight': 2}. Best is trial 0 with value: 0.9154228855721394.
[I 2026-03-24 15:39:54,373] Trial 385 finished with value: 0.9154228855721394 and parameters: {'n_estimators': 202, 'max_depth': 35, 'learning_rate': 0.020558933387563684, 'reg_alpha': 0.015975632330847204, 'reg_lambda': 3.8564902927527167e-07, 'min_child_weight': 1}. Best is trial 0 with value: 0.9154228855721394.
[I 2026-03-24 15:39:54,440] Trial 386 finished with value: 0.9154228855721394 and parameters: {'n_estimators': 336, 'max_depth': 44, 'learning_rate': 0.015339640840864041, 'reg_alpha': 2.576840126955494e-07, 'reg_lambda': 6.049518115301619e-06, 'min_child_weight': 8}. Best is trial 0 with value: 0.9154228855721394.
[I 2026-03-24 15:39:54,524] Trial 387 finished with value: 0.9154228855721394 and parameters: {'n_estimators': 478, 'max_depth': 10, 'learning_rate': 0.00665478403705583, 'reg_alpha': 3.2647775825387454e-06, 'reg_lambda': 0.0015050586003649404, 'min_child_weight': 3}. Best is trial 0 with value: 0.9154228855721394.
