nohup: ignoring input

============================================================
第 1 次划分 (8:1:1)
============================================================
训练集大小: 872, 验证集大小: 109, 测试集大小: 110

--- 采样数: 20 ---
CVT算法收敛, 迭代次数: 9
[I 2026-03-24 15:30:11,058] A new study created in memory with name: no-name-c69c6bbd-892d-4dac-accd-d8351223d34d
[I 2026-03-24 15:30:11,296] Trial 0 finished with value: 0.941747572815534 and parameters: {'n_estimators': 420, 'max_depth': 37, 'learning_rate': 0.02753531555787046, 'reg_alpha': 4.896559216099984e-06, 'reg_lambda': 0.00028176863460169466, 'min_child_weight': 7}. Best is trial 0 with value: 0.941747572815534.
[I 2026-03-24 15:30:11,388] Trial 1 finished with value: 0.941747572815534 and parameters: {'n_estimators': 800, 'max_depth': 43, 'learning_rate': 0.002167361407354445, 'reg_alpha': 6.345213280504016e-08, 'reg_lambda': 0.04985539606587125, 'min_child_weight': 6}. Best is trial 0 with value: 0.941747572815534.
[I 2026-03-24 15:30:11,445] Trial 2 finished with value: 0.941747572815534 and parameters: {'n_estimators': 477, 'max_depth': 40, 'learning_rate': 0.09763112785746768, 'reg_alpha': 0.011615582888605378, 'reg_lambda': 0.14473586356928775, 'min_child_weight': 7}. Best is trial 0 with value: 0.941747572815534.
[I 2026-03-24 15:30:11,491] Trial 3 finished with value: 0.941747572815534 and parameters: {'n_estimators': 375, 'max_depth': 23, 'learning_rate': 0.013567334157118431, 'reg_alpha': 0.9306948186676332, 'reg_lambda': 3.928587493428956e-06, 'min_child_weight': 8}. Best is trial 0 with value: 0.941747572815534.
[I 2026-03-24 15:30:11,539] Trial 4 finished with value: 0.941747572815534 and parameters: {'n_estimators': 378, 'max_depth': 6, 'learning_rate': 0.028351986874785007, 'reg_alpha': 1.5784137991664872e-07, 'reg_lambda': 5.549277141845622e-06, 'min_child_weight': 2}. Best is trial 0 with value: 0.941747572815534.
[I 2026-03-24 15:30:11,643] Trial 5 finished with value: 0.941747572815534 and parameters: {'n_estimators': 906, 'max_depth': 47, 'learning_rate': 0.0012137507623491278, 'reg_alpha': 0.0781145346223797, 'reg_lambda': 0.0003300889824513652, 'min_child_weight': 3}. Best is trial 0 with value: 0.941747572815534.
[I 2026-03-24 15:30:11,715] Trial 6 finished with value: 0.941747572815534 and parameters: {'n_estimators': 619, 'max_depth': 17, 'learning_rate': 0.033188229047914526, 'reg_alpha': 4.909423301659733e-08, 'reg_lambda': 2.6498666581397496e-07, 'min_child_weight': 2}. Best is trial 0 with value: 0.941747572815534.
[I 2026-03-24 15:30:11,786] Trial 7 finished with value: 0.941747572815534 and parameters: {'n_estimators': 615, 'max_depth': 21, 'learning_rate': 0.04516862450751165, 'reg_alpha': 3.710113836811423e-08, 'reg_lambda': 1.406881633999396e-08, 'min_child_weight': 6}. Best is trial 0 with value: 0.941747572815534.
[I 2026-03-24 15:30:11,819] Trial 8 finished with value: 0.941747572815534 and parameters: {'n_estimators': 251, 'max_depth': 7, 'learning_rate': 0.017866238376309653, 'reg_alpha': 0.0028135754670126417, 'reg_lambda': 4.1757115187891727e-07, 'min_child_weight': 6}. Best is trial 0 with value: 0.941747572815534.
[I 2026-03-24 15:30:11,892] Trial 9 finished with value: 0.941747572815534 and parameters: {'n_estimators': 599, 'max_depth': 9, 'learning_rate': 0.01727946620269255, 'reg_alpha': 2.44950076156191e-07, 'reg_lambda': 1.7621134103778336e-06, 'min_child_weight': 5}. Best is trial 0 with value: 0.941747572815534.
[I 2026-03-24 15:30:11,931] Trial 10 finished with value: 0.941747572815534 and parameters: {'n_estimators': 242, 'max_depth': 33, 'learning_rate': 0.09684649990518382, 'reg_alpha': 1.4606560511431095e-05, 'reg_lambda': 0.001273414080382447, 'min_child_weight': 10}. Best is trial 0 with value: 0.941747572815534.
[I 2026-03-24 15:30:12,038] Trial 11 finished with value: 0.941747572815534 and parameters: {'n_estimators': 898, 'max_depth': 50, 'learning_rate': 0.004228426572436348, 'reg_alpha': 1.2062060993434664e-05, 'reg_lambda': 0.10559670912154732, 'min_child_weight': 9}. Best is trial 0 with value: 0.941747572815534.
[I 2026-03-24 15:30:12,132] Trial 12 finished with value: 0.941747572815534 and parameters: {'n_estimators': 764, 'max_depth': 35, 'learning_rate': 0.004697423266984288, 'reg_alpha': 1.6463502016721822e-06, 'reg_lambda': 0.007203324286474296, 'min_child_weight': 5}. Best is trial 0 with value: 0.941747572815534.
[I 2026-03-24 15:30:12,226] Trial 13 finished with value: 0.941747572815534 and parameters: {'n_estimators': 773, 'max_depth': 43, 'learning_rate': 0.0010387704403293726, 'reg_alpha': 0.000258869567505774, 'reg_lambda': 0.010070741646641033, 'min_child_weight': 4}. Best is trial 0 with value: 0.941747572815534.
[I 2026-03-24 15:30:12,320] Trial 14 finished with value: 0.941747572815534 and parameters: {'n_estimators': 775, 'max_depth': 33, 'learning_rate': 0.005775964297037212, 'reg_alpha': 3.729666043503279e-06, 'reg_lambda': 0.7452620171335232, 'min_child_weight': 8}. Best is trial 0 with value: 0.941747572815534.
[I 2026-03-24 15:30:12,383] Trial 15 finished with value: 0.941747572815534 and parameters: {'n_estimators': 475, 'max_depth': 40, 'learning_rate': 0.0022402881193613103, 'reg_alpha': 1.1065532540040615e-08, 'reg_lambda': 6.596367355662461e-05, 'min_child_weight': 7}. Best is trial 0 with value: 0.941747572815534.
[I 2026-03-24 15:30:12,502] Trial 16 finished with value: 0.941747572815534 and parameters: {'n_estimators': 997, 'max_depth': 29, 'learning_rate': 0.007766441584395591, 'reg_alpha': 0.00014777784338938557, 'reg_lambda': 5.5911798149490605e-05, 'min_child_weight': 7}. Best is trial 0 with value: 0.941747572815534.
[I 2026-03-24 15:30:12,590] Trial 17 finished with value: 0.941747572815534 and parameters: {'n_estimators': 693, 'max_depth': 42, 'learning_rate': 0.002544255029210739, 'reg_alpha': 7.424963514949368e-07, 'reg_lambda': 0.004203012332262629, 'min_child_weight': 4}. Best is trial 0 with value: 0.941747572815534.
[I 2026-03-24 15:30:12,659] Trial 18 finished with value: 0.941747572815534 and parameters: {'n_estimators': 508, 'max_depth': 37, 'learning_rate': 0.05240669250277564, 'reg_alpha': 3.26223273258485e-05, 'reg_lambda': 0.04669626667062767, 'min_child_weight': 10}. Best is trial 0 with value: 0.941747572815534.
[I 2026-03-24 15:30:12,711] Trial 19 finished with value: 0.941747572815534 and parameters: {'n_estimators': 346, 'max_depth': 27, 'learning_rate': 0.009323319310649563, 'reg_alpha': 0.0006827596873089057, 'reg_lambda': 0.000570152484970223, 'min_child_weight': 8}. Best is trial 0 with value: 0.941747572815534.
[I 2026-03-24 15:30:12,817] Trial 20 finished with value: 0.941747572815534 and parameters: {'n_estimators': 843, 'max_depth': 48, 'learning_rate': 0.0022995794622792864, 'reg_alpha': 3.7157157209078083e-07, 'reg_lambda': 1.3700160881185961e-05, 'min_child_weight': 4}. Best is trial 0 with value: 0.941747572815534.
[I 2026-03-24 15:30:12,887] Trial 21 finished with value: 0.941747572815534 and parameters: {'n_estimators': 507, 'max_depth': 39, 'learning_rate': 0.08711761353676183, 'reg_alpha': 0.03235693258165129, 'reg_lambda': 0.6077483778102788, 'min_child_weight': 7}. Best is trial 0 with value: 0.941747572815534.
[I 2026-03-24 15:30:12,949] Trial 22 finished with value: 0.941747572815534 and parameters: {'n_estimators': 446, 'max_depth': 44, 'learning_rate': 0.056838794164412836, 'reg_alpha': 0.0033183069563663195, 'reg_lambda': 0.07620914608444095, 'min_child_weight': 6}. Best is trial 0 with value: 0.941747572815534.
[I 2026-03-24 15:30:13,021] Trial 23 finished with value: 0.941747572815534 and parameters: {'n_estimators': 558, 'max_depth': 46, 'learning_rate': 0.023805109248124776, 'reg_alpha': 0.03584153092276049, 'reg_lambda': 0.026723385111647416, 'min_child_weight': 7}. Best is trial 0 with value: 0.941747572815534.
[I 2026-03-24 15:30:13,070] Trial 24 finished with value: 0.941747572815534 and parameters: {'n_estimators': 322, 'max_depth': 30, 'learning_rate': 0.06766813095886073, 'reg_alpha': 0.0019430416719177096, 'reg_lambda': 0.2565518939324504, 'min_child_weight': 9}. Best is trial 0 with value: 0.941747572815534.
[I 2026-03-24 15:30:13,129] Trial 25 finished with value: 0.941747572815534 and parameters: {'n_estimators': 423, 'max_depth': 37, 'learning_rate': 0.04219196700789558, 'reg_alpha': 4.1773266608324876e-05, 'reg_lambda': 0.00262714099470297, 'min_child_weight': 5}. Best is trial 0 with value: 0.941747572815534.
[I 2026-03-24 15:30:13,212] Trial 26 finished with value: 0.941747572815534 and parameters: {'n_estimators': 664, 'max_depth': 40, 'learning_rate': 0.014276695080856213, 'reg_alpha': 3.304616271785491e-06, 'reg_lambda': 0.016285584504725302, 'min_child_weight': 1}. Best is trial 0 with value: 0.941747572815534.
[I 2026-03-24 15:30:13,288] Trial 27 finished with value: 0.941747572815534 and parameters: {'n_estimators': 546, 'max_depth': 44, 'learning_rate': 0.023813688493306392, 'reg_alpha': 0.6071466837511761, 'reg_lambda': 0.00022889112337686233, 'min_child_weight': 9}. Best is trial 0 with value: 0.941747572815534.
[I 2026-03-24 15:30:13,332] Trial 28 finished with value: 0.941747572815534 and parameters: {'n_estimators': 277, 'max_depth': 33, 'learning_rate': 0.0014692660652531875, 'reg_alpha': 0.010853067962965476, 'reg_lambda': 0.19702463238038692, 'min_child_weight': 6}. Best is trial 0 with value: 0.941747572815534.
[I 2026-03-24 15:30:13,389] Trial 29 finished with value: 0.941747572815534 and parameters: {'n_estimators': 405, 'max_depth': 26, 'learning_rate': 0.01176711617072901, 'reg_alpha': 6.91186060414063e-08, 'reg_lambda': 2.9132005372215735e-05, 'min_child_weight': 8}. Best is trial 0 with value: 0.941747572815534.
[I 2026-03-24 15:30:13,480] Trial 30 finished with value: 0.941747572815534 and parameters: {'n_estimators': 703, 'max_depth': 37, 'learning_rate': 0.006075141209336933, 'reg_alpha': 0.3860747703792901, 'reg_lambda': 0.0019340446867582362, 'min_child_weight': 8}. Best is trial 0 with value: 0.941747572815534.
[I 2026-03-24 15:30:13,532] Trial 31 finished with value: 0.941747572815534 and parameters: {'n_estimators': 361, 'max_depth': 25, 'learning_rate': 0.030425157553754852, 'reg_alpha': 0.12729019550534468, 'reg_lambda': 2.848257385666711e-06, 'min_child_weight': 7}. Best is trial 0 with value: 0.941747572815534.
[I 2026-03-24 15:30:13,581] Trial 32 finished with value: 0.941747572815534 and parameters: {'n_estimators': 306, 'max_depth': 22, 'learning_rate': 0.011993264402672139, 'reg_alpha': 0.9193650553019828, 'reg_lambda': 5.647388062670784e-07, 'min_child_weight': 8}. Best is trial 0 with value: 0.941747572815534.
[I 2026-03-24 15:30:13,639] Trial 33 finished with value: 0.941747572815534 and parameters: {'n_estimators': 390, 'max_depth': 12, 'learning_rate': 0.018353906892321272, 'reg_alpha': 0.2206047315589735, 'reg_lambda': 5.765133501955593e-08, 'min_child_weight': 7}. Best is trial 0 with value: 0.941747572815534.
[I 2026-03-24 15:30:13,704] Trial 34 finished with value: 0.941747572815534 and parameters: {'n_estimators': 461, 'max_depth': 19, 'learning_rate': 0.03729236562769134, 'reg_alpha': 0.010571531258734746, 'reg_lambda': 1.2768263265379586e-05, 'min_child_weight': 6}. Best is trial 0 with value: 0.941747572815534.
[I 2026-03-24 15:30:13,776] Trial 35 finished with value: 0.941747572815534 and parameters: {'n_estimators': 525, 'max_depth': 31, 'learning_rate': 0.00816909669853479, 'reg_alpha': 1.044382849912017e-08, 'reg_lambda': 0.0003197525713595213, 'min_child_weight': 9}. Best is trial 0 with value: 0.941747572815534.
[I 2026-03-24 15:30:13,815] Trial 36 finished with value: 0.941747572815534 and parameters: {'n_estimators': 216, 'max_depth': 15, 'learning_rate': 0.003779033582143815, 'reg_alpha': 0.0006992511211546885, 'reg_lambda': 1.407532469701006e-07, 'min_child_weight': 5}. Best is trial 0 with value: 0.941747572815534.
[I 2026-03-24 15:30:13,893] Trial 37 finished with value: 0.941747572815534 and parameters: {'n_estimators': 588, 'max_depth': 24, 'learning_rate': 0.023951406393825894, 'reg_alpha': 1.2222730521907096e-07, 'reg_lambda': 3.3406292787372045e-06, 'min_child_weight': 6}. Best is trial 0 with value: 0.941747572815534.
[I 2026-03-24 15:30:13,978] Trial 38 finished with value: 0.941747572815534 and parameters: {'n_estimators': 637, 'max_depth': 47, 'learning_rate': 0.06894882810025225, 'reg_alpha': 0.041348505911815873, 'reg_lambda': 9.799879083337332e-07, 'min_child_weight': 3}. Best is trial 0 with value: 0.941747572815534.
[I 2026-03-24 15:30:14,033] Trial 39 finished with value: 0.941747572815534 and parameters: {'n_estimators': 381, 'max_depth': 50, 'learning_rate': 0.0031383052013967496, 'reg_alpha': 0.009108132698875863, 'reg_lambda': 0.0007089374551040224, 'min_child_weight': 8}. Best is trial 0 with value: 0.941747572815534.
[I 2026-03-24 15:30:14,145] Trial 40 finished with value: 0.941747572815534 and parameters: {'n_estimators': 949, 'max_depth': 41, 'learning_rate': 0.0015579931209216248, 'reg_alpha': 8.49250672336053e-07, 'reg_lambda': 1.1788782758925833e-08, 'min_child_weight': 10}. Best is trial 0 with value: 0.941747572815534.
[I 2026-03-24 15:30:14,206] Trial 41 finished with value: 0.941747572815534 and parameters: {'n_estimators': 431, 'max_depth': 6, 'learning_rate': 0.015111215123569974, 'reg_alpha': 2.6057847762934833e-08, 'reg_lambda': 6.242303106843681e-06, 'min_child_weight': 1}. Best is trial 0 with value: 0.941747572815534.
[I 2026-03-24 15:30:14,251] Trial 42 finished with value: 0.941747572815534 and parameters: {'n_estimators': 291, 'max_depth': 9, 'learning_rate': 0.029476636658913494, 'reg_alpha': 1.8537761441679353e-07, 'reg_lambda': 0.00012379903874921224, 'min_child_weight': 3}. Best is trial 0 with value: 0.941747572815534.
[I 2026-03-24 15:30:14,317] Trial 43 finished with value: 0.941747572815534 and parameters: {'n_estimators': 489, 'max_depth': 13, 'learning_rate': 0.019206104099588128, 'reg_alpha': 4.602414956777569e-06, 'reg_lambda': 2.1836464147182842e-05, 'min_child_weight': 2}. Best is trial 0 with value: 0.941747572815534.
[I 2026-03-24 15:30:14,369] Trial 44 finished with value: 0.941747572815534 and parameters: {'n_estimators': 338, 'max_depth': 17, 'learning_rate': 0.03509757089386761, 'reg_alpha': 3.491076341593231e-08, 'reg_lambda': 1.6259979662859624e-07, 'min_child_weight': 2}. Best is trial 0 with value: 0.941747572815534.
[I 2026-03-24 15:30:14,470] Trial 45 finished with value: 0.941747572815534 and parameters: {'n_estimators': 838, 'max_depth': 35, 'learning_rate': 0.00591763435498351, 'reg_alpha': 8.562537440549563e-06, 'reg_lambda': 1.435137585973574e-06, 'min_child_weight': 7}. Best is trial 0 with value: 0.941747572815534.
[I 2026-03-24 15:30:14,514] Trial 46 finished with value: 0.941747572815534 and parameters: {'n_estimators': 263, 'max_depth': 45, 'learning_rate': 0.04870949031707587, 'reg_alpha': 4.799475166044461e-07, 'reg_lambda': 0.19601200512733577, 'min_child_weight': 6}. Best is trial 0 with value: 0.941747572815534.
[I 2026-03-24 15:30:14,567] Trial 47 finished with value: 0.941747572815534 and parameters: {'n_estimators': 364, 'max_depth': 39, 'learning_rate': 0.09535686358659308, 'reg_alpha': 1.4780000574130615e-06, 'reg_lambda': 0.0057362115887568494, 'min_child_weight': 4}. Best is trial 0 with value: 0.941747572815534.
[I 2026-03-24 15:30:14,630] Trial 48 finished with value: 0.941747572815534 and parameters: {'n_estimators': 463, 'max_depth': 35, 'learning_rate': 0.011426983819763236, 'reg_alpha': 5.804147731688922e-05, 'reg_lambda': 3.684255748874878e-08, 'min_child_weight': 5}. Best is trial 0 with value: 0.941747572815534.
[I 2026-03-24 15:30:14,706] Trial 49 finished with value: 0.941747572815534 and parameters: {'n_estimators': 577, 'max_depth': 42, 'learning_rate': 0.014919382443773537, 'reg_alpha': 7.381460541868621e-08, 'reg_lambda': 0.03706600463468468, 'min_child_weight': 9}. Best is trial 0 with value: 0.941747572815534.
[I 2026-03-24 15:30:14,764] Trial 50 finished with value: 0.941747572815534 and parameters: {'n_estimators': 408, 'max_depth': 9, 'learning_rate': 0.007413043113766941, 'reg_alpha': 0.00022881189264348348, 'reg_lambda': 0.8756131113141802, 'min_child_weight': 7}. Best is trial 0 with value: 0.941747572815534.
[I 2026-03-24 15:30:14,870] Trial 51 finished with value: 0.941747572815534 and parameters: {'n_estimators': 886, 'max_depth': 46, 'learning_rate': 0.00102845406613832, 'reg_alpha': 0.16760128203497693, 'reg_lambda': 7.568187823921285e-05, 'min_child_weight': 2}. Best is trial 0 with value: 0.941747572815534.
[I 2026-03-24 15:30:14,987] Trial 52 finished with value: 0.941747572815534 and parameters: {'n_estimators': 986, 'max_depth': 49, 'learning_rate': 0.0012824199289501992, 'reg_alpha': 0.06926214681837843, 'reg_lambda': 0.00015236035399188085, 'min_child_weight': 3}. Best is trial 0 with value: 0.941747572815534.
[I 2026-03-24 15:30:15,080] Trial 53 finished with value: 0.941747572815534 and parameters: {'n_estimators': 742, 'max_depth': 43, 'learning_rate': 0.001644421558258483, 'reg_alpha': 0.3397512668909943, 'reg_lambda': 6.401651226936581e-06, 'min_child_weight': 1}. Best is trial 0 with value: 0.941747572815534.
[I 2026-03-24 15:30:15,179] Trial 54 finished with value: 0.941747572815534 and parameters: {'n_estimators': 819, 'max_depth': 38, 'learning_rate': 0.002067630617712655, 'reg_alpha': 2.171798666305799e-08, 'reg_lambda': 0.000666255154052753, 'min_child_weight': 3}. Best is trial 0 with value: 0.941747572815534.
[I 2026-03-24 15:30:15,288] Trial 55 finished with value: 0.941747572815534 and parameters: {'n_estimators': 897, 'max_depth': 41, 'learning_rate': 0.06320383677050671, 'reg_alpha': 0.08065665410953156, 'reg_lambda': 0.012664547449165554, 'min_child_weight': 4}. Best is trial 0 with value: 0.941747572815534.
[I 2026-03-24 15:30:15,404] Trial 56 finished with value: 0.941747572815534 and parameters: {'n_estimators': 944, 'max_depth': 32, 'learning_rate': 0.0012198899808875082, 'reg_alpha': 2.6066205588720623e-05, 'reg_lambda': 3.108655748526798e-05, 'min_child_weight': 5}. Best is trial 0 with value: 0.941747572815534.
[I 2026-03-24 15:30:15,501] Trial 57 finished with value: 0.941747572815534 and parameters: {'n_estimators': 785, 'max_depth': 28, 'learning_rate': 0.0028217319409394453, 'reg_alpha': 0.02000171273037123, 'reg_lambda': 0.0012264524378494926, 'min_child_weight': 7}. Best is trial 0 with value: 0.941747572815534.
[I 2026-03-24 15:30:15,564] Trial 58 finished with value: 0.941747572815534 and parameters: {'n_estimators': 441, 'max_depth': 44, 'learning_rate': 0.004680883634694068, 'reg_alpha': 1.8962735608772146e-07, 'reg_lambda': 0.0770937173709479, 'min_child_weight': 8}. Best is trial 0 with value: 0.941747572815534.
[I 2026-03-24 15:30:15,669] Trial 59 finished with value: 0.941747572815534 and parameters: {'n_estimators': 867, 'max_depth': 48, 'learning_rate': 0.08207213174367052, 'reg_alpha': 0.0028464211174599316, 'reg_lambda': 0.36377742294155296, 'min_child_weight': 6}. Best is trial 0 with value: 0.941747572815534.
[I 2026-03-24 15:30:15,751] Trial 60 finished with value: 0.941747572815534 and parameters: {'n_estimators': 619, 'max_depth': 34, 'learning_rate': 0.04248187631508526, 'reg_alpha': 0.9626717307680507, 'reg_lambda': 4.0240551571043544e-07, 'min_child_weight': 7}. Best is trial 0 with value: 0.941747572815534.
[I 2026-03-24 15:30:15,840] Trial 61 finished with value: 0.941747572815534 and parameters: {'n_estimators': 711, 'max_depth': 21, 'learning_rate': 0.021094121733115367, 'reg_alpha': 8.533198639913727e-08, 'reg_lambda': 3.0570759122899964e-07, 'min_child_weight': 2}. Best is trial 0 with value: 0.941747572815534.
[I 2026-03-24 15:30:15,911] Trial 62 finished with value: 0.941747572815534 and parameters: {'n_estimators': 509, 'max_depth': 23, 'learning_rate': 0.0018749120384674313, 'reg_alpha': 3.4622549121572415e-07, 'reg_lambda': 0.0003278919739836283, 'min_child_weight': 2}. Best is trial 0 with value: 0.941747572815534.
[I 2026-03-24 15:30:15,997] Trial 63 finished with value: 0.941747572815534 and parameters: {'n_estimators': 668, 'max_depth': 19, 'learning_rate': 0.02645309601020705, 'reg_alpha': 1.6132254382360754e-08, 'reg_lambda': 4.460405517061855e-05, 'min_child_weight': 1}. Best is trial 0 with value: 0.941747572815534.
[I 2026-03-24 15:30:16,048] Trial 64 finished with value: 0.941747572815534 and parameters: {'n_estimators': 320, 'max_depth': 12, 'learning_rate': 0.036187973924316205, 'reg_alpha': 4.8853307068100194e-08, 'reg_lambda': 3.2750786238791324e-08, 'min_child_weight': 6}. Best is trial 0 with value: 0.941747572815534.
[I 2026-03-24 15:30:16,161] Trial 65 finished with value: 0.941747572815534 and parameters: {'n_estimators': 940, 'max_depth': 16, 'learning_rate': 0.01006369268072444, 'reg_alpha': 0.0010036130886599565, 'reg_lambda': 1.1001556479862606e-05, 'min_child_weight': 2}. Best is trial 0 with value: 0.941747572815534.
[I 2026-03-24 15:30:16,234] Trial 66 finished with value: 0.941747572815534 and parameters: {'n_estimators': 542, 'max_depth': 19, 'learning_rate': 0.05479404973018637, 'reg_alpha': 9.829258979546254e-07, 'reg_lambda': 0.020846801216074542, 'min_child_weight': 3}. Best is trial 0 with value: 0.941747572815534.
[I 2026-03-24 15:30:16,301] Trial 67 finished with value: 0.941747572815534 and parameters: {'n_estimators': 483, 'max_depth': 9, 'learning_rate': 0.02931157508057168, 'reg_alpha': 2.511521557375981e-06, 'reg_lambda': 3.135193685634345e-06, 'min_child_weight': 8}. Best is trial 0 with value: 0.941747572815534.
[I 2026-03-24 15:30:16,359] Trial 68 finished with value: 0.941747572815534 and parameters: {'n_estimators': 388, 'max_depth': 28, 'learning_rate': 0.017074832493785077, 'reg_alpha': 0.0055611617714547285, 'reg_lambda': 7.393700322574242e-07, 'min_child_weight': 1}. Best is trial 0 with value: 0.941747572815534.
