[I 2026-03-24 15:33:16,696] Trial 205 finished with value: 0.941747572815534 and parameters: {'n_estimators': 769, 'max_depth': 29, 'learning_rate': 0.0782551874885014, 'reg_alpha': 0.00012384334150120034, 'reg_lambda': 0.0005568185077133917, 'min_child_weight': 10}. Best is trial 0 with value: 0.941747572815534.
[I 2026-03-24 15:33:16,840] Trial 206 finished with value: 0.941747572815534 and parameters: {'n_estimators': 851, 'max_depth': 20, 'learning_rate': 0.03322482832671306, 'reg_alpha': 0.02055610526560198, 'reg_lambda': 6.048600705054914e-08, 'min_child_weight': 8}. Best is trial 0 with value: 0.941747572815534.
[I 2026-03-24 15:33:16,989] Trial 207 finished with value: 0.941747572815534 and parameters: {'n_estimators': 876, 'max_depth': 44, 'learning_rate': 0.008829282403012883, 'reg_alpha': 0.00042646802534127037, 'reg_lambda': 0.024311312271334557, 'min_child_weight': 7}. Best is trial 0 with value: 0.941747572815534.
[I 2026-03-24 15:33:17,047] Trial 208 finished with value: 0.941747572815534 and parameters: {'n_estimators': 215, 'max_depth': 14, 'learning_rate': 0.0942428753629867, 'reg_alpha': 6.2588883888024e-08, 'reg_lambda': 0.3572579071701086, 'min_child_weight': 5}. Best is trial 0 with value: 0.941747572815534.
[I 2026-03-24 15:33:17,110] Trial 209 finished with value: 0.941747572815534 and parameters: {'n_estimators': 259, 'max_depth': 15, 'learning_rate': 0.04977326988738941, 'reg_alpha': 0.2327656956858555, 'reg_lambda': 0.0017656419615868736, 'min_child_weight': 3}. Best is trial 0 with value: 0.941747572815534.
[I 2026-03-24 15:33:17,252] Trial 210 finished with value: 0.941747572815534 and parameters: {'n_estimators': 836, 'max_depth': 9, 'learning_rate': 0.001668407026367059, 'reg_alpha': 4.023727839546352e-05, 'reg_lambda': 0.007291126964085568, 'min_child_weight': 6}. Best is trial 0 with value: 0.941747572815534.
[I 2026-03-24 15:33:17,403] Trial 211 finished with value: 0.941747572815534 and parameters: {'n_estimators': 910, 'max_depth': 41, 'learning_rate': 0.023264984840511135, 'reg_alpha': 0.004139679197960169, 'reg_lambda': 3.492004789690669e-05, 'min_child_weight': 10}. Best is trial 0 with value: 0.941747572815534.
[I 2026-03-24 15:33:17,549] Trial 212 finished with value: 0.941747572815534 and parameters: {'n_estimators': 858, 'max_depth': 38, 'learning_rate': 0.01911020634663527, 'reg_alpha': 0.002944506904497646, 'reg_lambda': 0.00023146861936054145, 'min_child_weight': 10}. Best is trial 0 with value: 0.941747572815534.
[I 2026-03-24 15:33:17,703] Trial 213 finished with value: 0.941747572815534 and parameters: {'n_estimators': 931, 'max_depth': 40, 'learning_rate': 0.027159091612213884, 'reg_alpha': 0.001534008537904716, 'reg_lambda': 8.510517667936356e-06, 'min_child_weight': 10}. Best is trial 0 with value: 0.941747572815534.
[I 2026-03-24 15:33:17,853] Trial 214 finished with value: 0.941747572815534 and parameters: {'n_estimators': 902, 'max_depth': 37, 'learning_rate': 0.03761357575034375, 'reg_alpha': 0.001984484418836511, 'reg_lambda': 1.6582600058827356e-05, 'min_child_weight': 10}. Best is trial 0 with value: 0.941747572815534.
[I 2026-03-24 15:33:17,932] Trial 215 finished with value: 0.941747572815534 and parameters: {'n_estimators': 379, 'max_depth': 45, 'learning_rate': 0.020964137028155368, 'reg_alpha': 0.00609863614996172, 'reg_lambda': 7.119751011437311e-05, 'min_child_weight': 9}. Best is trial 0 with value: 0.941747572815534.
[I 2026-03-24 15:33:18,021] Trial 216 finished with value: 0.941747572815534 and parameters: {'n_estimators': 451, 'max_depth': 24, 'learning_rate': 0.017826457186483444, 'reg_alpha': 1.0835030092831793e-05, 'reg_lambda': 5.344957060997196e-07, 'min_child_weight': 4}. Best is trial 0 with value: 0.941747572815534.
[I 2026-03-24 15:33:18,170] Trial 217 finished with value: 0.941747572815534 and parameters: {'n_estimators': 882, 'max_depth': 35, 'learning_rate': 0.013101858414774568, 'reg_alpha': 0.0009933846055494395, 'reg_lambda': 0.17105141915674466, 'min_child_weight': 10}. Best is trial 0 with value: 0.941747572815534.
[I 2026-03-24 15:33:18,254] Trial 218 finished with value: 0.941747572815534 and parameters: {'n_estimators': 423, 'max_depth': 39, 'learning_rate': 0.030162696345371266, 'reg_alpha': 3.7238474256007795e-06, 'reg_lambda': 0.0010659381454666413, 'min_child_weight': 2}. Best is trial 0 with value: 0.941747572815534.
[I 2026-03-24 15:33:18,401] Trial 219 finished with value: 0.941747572815534 and parameters: {'n_estimators': 868, 'max_depth': 43, 'learning_rate': 0.08678257190964556, 'reg_alpha': 0.009012525522369558, 'reg_lambda': 6.017430718052907e-06, 'min_child_weight': 10}. Best is trial 0 with value: 0.941747572815534.
[I 2026-03-24 15:33:18,522] Trial 220 finished with value: 0.941747572815534 and parameters: {'n_estimators': 703, 'max_depth': 47, 'learning_rate': 0.04286220729601245, 'reg_alpha': 0.0007485478726631172, 'reg_lambda': 1.377897639580991e-07, 'min_child_weight': 7}. Best is trial 0 with value: 0.941747572815534.
[I 2026-03-24 15:33:18,680] Trial 221 finished with value: 0.941747572815534 and parameters: {'n_estimators': 956, 'max_depth': 49, 'learning_rate': 0.0683720652383601, 'reg_alpha': 0.18537484317745073, 'reg_lambda': 1.2061250082339235e-05, 'min_child_weight': 9}. Best is trial 0 with value: 0.941747572815534.
[I 2026-03-24 15:33:18,840] Trial 222 finished with value: 0.941747572815534 and parameters: {'n_estimators': 973, 'max_depth': 43, 'learning_rate': 0.057807009108027545, 'reg_alpha': 0.09879096963759235, 'reg_lambda': 5.620217854782158e-05, 'min_child_weight': 9}. Best is trial 0 with value: 0.941747572815534.
[I 2026-03-24 15:33:19,002] Trial 223 finished with value: 0.941747572815534 and parameters: {'n_estimators': 991, 'max_depth': 46, 'learning_rate': 0.06317945682911646, 'reg_alpha': 0.06460245026250354, 'reg_lambda': 2.5694196774449455e-05, 'min_child_weight': 9}. Best is trial 0 with value: 0.941747572815534.
[I 2026-03-24 15:33:19,156] Trial 224 finished with value: 0.941747572815534 and parameters: {'n_estimators': 936, 'max_depth': 42, 'learning_rate': 0.014999315476897068, 'reg_alpha': 0.13279681090417866, 'reg_lambda': 3.2641041071016076e-05, 'min_child_weight': 8}. Best is trial 0 with value: 0.941747572815534.
[I 2026-03-24 15:33:19,266] Trial 225 finished with value: 0.941747572815534 and parameters: {'n_estimators': 611, 'max_depth': 45, 'learning_rate': 0.07831471407120456, 'reg_alpha': 1.988978599445207e-05, 'reg_lambda': 9.281333812861938e-06, 'min_child_weight': 9}. Best is trial 0 with value: 0.941747572815534.
[I 2026-03-24 15:33:19,341] Trial 226 finished with value: 0.941747572815534 and parameters: {'n_estimators': 351, 'max_depth': 21, 'learning_rate': 0.08986254295622015, 'reg_alpha': 2.666722299688939e-07, 'reg_lambda': 2.1712721605330124e-05, 'min_child_weight': 6}. Best is trial 0 with value: 0.941747572815534.
[I 2026-03-24 15:33:19,483] Trial 227 finished with value: 0.941747572815534 and parameters: {'n_estimators': 843, 'max_depth': 23, 'learning_rate': 0.0026669304870760918, 'reg_alpha': 0.03891803598454203, 'reg_lambda': 1.5027336437980198e-05, 'min_child_weight': 10}. Best is trial 0 with value: 0.941747572815534.
[I 2026-03-24 15:33:19,608] Trial 228 finished with value: 0.941747572815534 and parameters: {'n_estimators': 725, 'max_depth': 27, 'learning_rate': 0.0014708415232704075, 'reg_alpha': 0.43093842643875313, 'reg_lambda': 0.04922234995084616, 'min_child_weight': 9}. Best is trial 0 with value: 0.941747572815534.
[I 2026-03-24 15:33:19,706] Trial 229 finished with value: 0.941747572815534 and parameters: {'n_estimators': 529, 'max_depth': 16, 'learning_rate': 0.0046898919548709565, 'reg_alpha': 1.4494669213735473e-06, 'reg_lambda': 3.2481001147467055e-08, 'min_child_weight': 3}. Best is trial 0 with value: 0.941747572815534.
[I 2026-03-24 15:33:19,860] Trial 230 finished with value: 0.941747572815534 and parameters: {'n_estimators': 921, 'max_depth': 26, 'learning_rate': 0.021376403643064795, 'reg_alpha': 0.017222748821679762, 'reg_lambda': 0.0028264249936289236, 'min_child_weight': 5}. Best is trial 0 with value: 0.941747572815534.
[I 2026-03-24 15:33:19,994] Trial 231 finished with value: 0.941747572815534 and parameters: {'n_estimators': 781, 'max_depth': 25, 'learning_rate': 0.006960174763757152, 'reg_alpha': 0.00019888011601338468, 'reg_lambda': 7.164497049806706e-06, 'min_child_weight': 7}. Best is trial 0 with value: 0.941747572815534.
[I 2026-03-24 15:33:20,151] Trial 232 finished with value: 0.941747572815534 and parameters: {'n_estimators': 957, 'max_depth': 24, 'learning_rate': 0.006186653703081227, 'reg_alpha': 0.0003148923792733259, 'reg_lambda': 1.5601012080391929e-06, 'min_child_weight': 7}. Best is trial 0 with value: 0.941747572815534.
[I 2026-03-24 15:33:20,280] Trial 233 finished with value: 0.941747572815534 and parameters: {'n_estimators': 752, 'max_depth': 33, 'learning_rate': 0.0021911882953041415, 'reg_alpha': 0.0005004988755961906, 'reg_lambda': 2.0111838233496931e-07, 'min_child_weight': 7}. Best is trial 0 with value: 0.941747572815534.
[I 2026-03-24 15:33:20,420] Trial 234 finished with value: 0.941747572815534 and parameters: {'n_estimators': 803, 'max_depth': 22, 'learning_rate': 0.051076282739743545, 'reg_alpha': 8.971530930916749e-05, 'reg_lambda': 3.8606439514854005e-06, 'min_child_weight': 8}. Best is trial 0 with value: 0.941747572815534.
[I 2026-03-24 15:33:20,492] Trial 235 finished with value: 0.941747572815534 and parameters: {'n_estimators': 331, 'max_depth': 50, 'learning_rate': 0.007733144730061086, 'reg_alpha': 0.00024821123388752754, 'reg_lambda': 4.445705987100015e-05, 'min_child_weight': 6}. Best is trial 0 with value: 0.941747572815534.
[I 2026-03-24 15:33:20,686] Trial 236 finished with value: 0.941747572815534 and parameters: {'n_estimators': 828, 'max_depth': 13, 'learning_rate': 0.00123927780718619, 'reg_alpha': 1.54386232586533e-08, 'reg_lambda': 0.9793307351410587, 'min_child_weight': 1}. Best is trial 0 with value: 0.941747572815534.
[I 2026-03-24 15:33:20,833] Trial 237 finished with value: 0.941747572815534 and parameters: {'n_estimators': 886, 'max_depth': 31, 'learning_rate': 0.003171293588813243, 'reg_alpha': 0.003497134343349222, 'reg_lambda': 0.00010401759843219841, 'min_child_weight': 4}. Best is trial 0 with value: 0.941747572815534.
[I 2026-03-24 15:33:20,979] Trial 238 finished with value: 0.941747572815534 and parameters: {'n_estimators': 863, 'max_depth': 48, 'learning_rate': 0.0055489863975477895, 'reg_alpha': 0.00016961446545645775, 'reg_lambda': 7.119257804801563e-07, 'min_child_weight': 7}. Best is trial 0 with value: 0.941747572815534.
[I 2026-03-24 15:33:21,048] Trial 239 finished with value: 0.941747572815534 and parameters: {'n_estimators': 312, 'max_depth': 24, 'learning_rate': 0.07268836460221363, 'reg_alpha': 6.264454687556858e-05, 'reg_lambda': 0.002006737103740965, 'min_child_weight': 10}. Best is trial 0 with value: 0.941747572815534.
[I 2026-03-24 15:33:21,142] Trial 240 finished with value: 0.941747572815534 and parameters: {'n_estimators': 480, 'max_depth': 10, 'learning_rate': 0.006495169151013147, 'reg_alpha': 0.8502759934043272, 'reg_lambda': 1.146153072844958e-06, 'min_child_weight': 8}. Best is trial 0 with value: 0.941747572815534.
[I 2026-03-24 15:33:21,289] Trial 241 finished with value: 0.941747572815534 and parameters: {'n_estimators': 881, 'max_depth': 29, 'learning_rate': 0.09566763662637014, 'reg_alpha': 0.004979731465454578, 'reg_lambda': 0.0031575626810516114, 'min_child_weight': 9}. Best is trial 0 with value: 0.941747572815534.
[I 2026-03-24 15:33:21,440] Trial 242 finished with value: 0.941747572815534 and parameters: {'n_estimators': 898, 'max_depth': 26, 'learning_rate': 0.09049157446705734, 'reg_alpha': 0.0074494505923711095, 'reg_lambda': 8.637588332618932e-08, 'min_child_weight': 9}. Best is trial 0 with value: 0.941747572815534.
[I 2026-03-24 15:33:21,555] Trial 243 finished with value: 0.941747572815534 and parameters: {'n_estimators': 633, 'max_depth': 6, 'learning_rate': 0.003995682621538434, 'reg_alpha': 0.0020761210311063126, 'reg_lambda': 0.016479106985870164, 'min_child_weight': 9}. Best is trial 0 with value: 0.941747572815534.
[I 2026-03-24 15:33:21,707] Trial 244 finished with value: 0.941747572815534 and parameters: {'n_estimators': 917, 'max_depth': 30, 'learning_rate': 0.07842989959130359, 'reg_alpha': 0.05083326311040074, 'reg_lambda': 0.01254764511207563, 'min_child_weight': 9}. Best is trial 0 with value: 0.941747572815534.
[I 2026-03-24 15:33:21,863] Trial 245 finished with value: 0.941747572815534 and parameters: {'n_estimators': 944, 'max_depth': 28, 'learning_rate': 0.058115261669843904, 'reg_alpha': 0.0012662555317976285, 'reg_lambda': 0.006548014209006263, 'min_child_weight': 10}. Best is trial 0 with value: 0.941747572815534.
[I 2026-03-24 15:33:21,928] Trial 246 finished with value: 0.941747572815534 and parameters: {'n_estimators': 273, 'max_depth': 35, 'learning_rate': 0.08449712739078072, 'reg_alpha': 0.0033644925922562837, 'reg_lambda': 1.8258968887059836e-05, 'min_child_weight': 6}. Best is trial 0 with value: 0.941747572815534.
[I 2026-03-24 15:33:22,024] Trial 247 finished with value: 0.941747572815534 and parameters: {'n_estimators': 502, 'max_depth': 19, 'learning_rate': 0.0691481491406039, 'reg_alpha': 0.00011693096315676781, 'reg_lambda': 0.0050299608765462635, 'min_child_weight': 8}. Best is trial 0 with value: 0.941747572815534.
[I 2026-03-24 15:33:22,083] Trial 248 finished with value: 0.941747572815534 and parameters: {'n_estimators': 236, 'max_depth': 15, 'learning_rate': 0.03496634287337704, 'reg_alpha': 0.00027837038445980796, 'reg_lambda': 0.009253028661075701, 'min_child_weight': 10}. Best is trial 0 with value: 0.941747572815534.
[I 2026-03-24 15:33:22,223] Trial 249 finished with value: 0.941747572815534 and parameters: {'n_estimators': 822, 'max_depth': 31, 'learning_rate': 0.0963780481006871, 'reg_alpha': 6.567625041378416e-06, 'reg_lambda': 0.00019260196431591988, 'min_child_weight': 9}. Best is trial 0 with value: 0.941747572815534.
[I 2026-03-24 15:33:22,291] Trial 250 finished with value: 0.941747572815534 and parameters: {'n_estimators': 294, 'max_depth': 42, 'learning_rate': 0.01700603099337993, 'reg_alpha': 1.0448477225716311e-08, 'reg_lambda': 0.0011429878400075022, 'min_child_weight': 7}. Best is trial 0 with value: 0.941747572815534.
[I 2026-03-24 15:33:22,435] Trial 251 finished with value: 0.941747572815534 and parameters: {'n_estimators': 851, 'max_depth': 44, 'learning_rate': 0.001851924820690577, 'reg_alpha': 0.011399231174988042, 'reg_lambda': 8.919655216037456e-05, 'min_child_weight': 6}. Best is trial 0 with value: 0.941747572815534.
[I 2026-03-24 15:33:22,535] Trial 252 finished with value: 0.941747572815534 and parameters: {'n_estimators': 521, 'max_depth': 32, 'learning_rate': 0.010340436339387577, 'reg_alpha': 1.272920465282632e-07, 'reg_lambda': 2.924457088085453e-06, 'min_child_weight': 3}. Best is trial 0 with value: 0.941747572815534.
[I 2026-03-24 15:33:22,613] Trial 253 finished with value: 0.941747572815534 and parameters: {'n_estimators': 364, 'max_depth': 23, 'learning_rate': 0.043340370494686996, 'reg_alpha': 0.004604799161817169, 'reg_lambda': 0.02461972002300948, 'min_child_weight': 10}. Best is trial 0 with value: 0.941747572815534.
[I 2026-03-24 15:33:22,694] Trial 254 finished with value: 0.941747572815534 and parameters: {'n_estimators': 387, 'max_depth': 40, 'learning_rate': 0.053210473640653455, 'reg_alpha': 4.584208152495489e-08, 'reg_lambda': 1.0319374198089433e-05, 'min_child_weight': 5}. Best is trial 0 with value: 0.941747572815534.
[I 2026-03-24 15:33:22,814] Trial 255 finished with value: 0.941747572815534 and parameters: {'n_estimators': 681, 'max_depth': 27, 'learning_rate': 0.008444585342989313, 'reg_alpha': 0.0006323034408198493, 'reg_lambda': 0.0015118314803523637, 'min_child_weight': 2}. Best is trial 0 with value: 0.941747572815534.
[I 2026-03-24 15:33:22,964] Trial 256 finished with value: 0.941747572815534 and parameters: {'n_estimators': 902, 'max_depth': 25, 'learning_rate': 0.005048877336646881, 'reg_alpha': 0.02713789265991257, 'reg_lambda': 5.124421328387715e-08, 'min_child_weight': 8}. Best is trial 0 with value: 0.941747572815534.
[I 2026-03-24 15:33:23,096] Trial 257 finished with value: 0.941747572815534 and parameters: {'n_estimators': 767, 'max_depth': 12, 'learning_rate': 0.0023457883105530847, 'reg_alpha': 0.0004372765094792835, 'reg_lambda': 1.1869029046331764e-07, 'min_child_weight': 9}. Best is trial 0 with value: 0.941747572815534.
[I 2026-03-24 15:33:23,197] Trial 258 finished with value: 0.941747572815534 and parameters: {'n_estimators': 548, 'max_depth': 29, 'learning_rate': 0.03772159171311464, 'reg_alpha': 0.0025142485460924054, 'reg_lambda': 0.07146336771903394, 'min_child_weight': 4}. Best is trial 0 with value: 0.941747572815534.
[I 2026-03-24 15:33:23,332] Trial 259 finished with value: 0.941747572815534 and parameters: {'n_estimators': 793, 'max_depth': 37, 'learning_rate': 0.011577601636931383, 'reg_alpha': 2.686600498976879e-06, 'reg_lambda': 0.0006193415537266958, 'min_child_weight': 7}. Best is trial 0 with value: 0.941747572815534.
[I 2026-03-24 15:33:23,442] Trial 260 finished with value: 0.941747572815534 and parameters: {'n_estimators': 596, 'max_depth': 21, 'learning_rate': 0.02479188099417526, 'reg_alpha': 0.014974596313691049, 'reg_lambda': 2.839970280596177e-07, 'min_child_weight': 10}. Best is trial 0 with value: 0.941747572815534.
[I 2026-03-24 15:33:23,563] Trial 261 finished with value: 0.941747572815534 and parameters: {'n_estimators': 656, 'max_depth': 18, 'learning_rate': 0.003606241871363683, 'reg_alpha': 3.130918628850536e-05, 'reg_lambda': 1.006264843432398e-08, 'min_child_weight': 6}. Best is trial 0 with value: 0.941747572815534.
[I 2026-03-24 15:33:23,726] Trial 262 finished with value: 0.941747572815534 and parameters: {'n_estimators': 971, 'max_depth': 24, 'learning_rate': 0.0011160376062347111, 'reg_alpha': 0.0065534794136739676, 'reg_lambda': 2.400729435439779e-05, 'min_child_weight': 10}. Best is trial 0 with value: 0.941747572815534.
[I 2026-03-24 15:33:23,804] Trial 263 finished with value: 0.9313725490196079 and parameters: {'n_estimators': 217, 'max_depth': 49, 'learning_rate': 0.029193025779261583, 'reg_alpha': 7.313989573529585e-07, 'reg_lambda': 6.17621930810806e-06, 'min_child_weight': 1}. Best is trial 0 with value: 0.941747572815534.
[I 2026-03-24 15:33:23,886] Trial 264 finished with value: 0.941747572815534 and parameters: {'n_estimators': 408, 'max_depth': 33, 'learning_rate': 0.047679494269612856, 'reg_alpha': 2.289544604956043e-08, 'reg_lambda': 1.9591891144512836e-08, 'min_child_weight': 8}. Best is trial 0 with value: 0.941747572815534.
[I 2026-03-24 15:33:24,009] Trial 265 finished with value: 0.941747572815534 and parameters: {'n_estimators': 696, 'max_depth': 8, 'learning_rate': 0.002076601525263219, 'reg_alpha': 0.0015020308575439912, 'reg_lambda': 4.853603762612564e-05, 'min_child_weight': 9}. Best is trial 0 with value: 0.941747572815534.
[I 2026-03-24 15:33:24,098] Trial 266 finished with value: 0.941747572815534 and parameters: {'n_estimators': 459, 'max_depth': 14, 'learning_rate': 0.062226191956801916, 'reg_alpha': 1.9266059012960385e-06, 'reg_lambda': 1.1952636151775205e-05, 'min_child_weight': 7}. Best is trial 0 with value: 0.941747572815534.
[I 2026-03-24 15:33:24,158] Trial 267 finished with value: 0.941747572815534 and parameters: {'n_estimators': 251, 'max_depth': 22, 'learning_rate': 0.03282807751420383, 'reg_alpha': 0.0789207361773093, 'reg_lambda': 0.553625931292579, 'min_child_weight': 5}. Best is trial 0 with value: 0.941747572815534.
[I 2026-03-24 15:33:24,261] Trial 268 finished with value: 0.941747572815534 and parameters: {'n_estimators': 570, 'max_depth': 20, 'learning_rate': 0.099116218944862, 'reg_alpha': 0.00016254706042936537, 'reg_lambda': 0.004381657857693213, 'min_child_weight': 6}. Best is trial 0 with value: 0.941747572815534.
[I 2026-03-24 15:33:24,385] Trial 269 finished with value: 0.941747572815534 and parameters: {'n_estimators': 718, 'max_depth': 17, 'learning_rate': 0.002874515227780009, 'reg_alpha': 0.008628106490960803, 'reg_lambda': 0.013124432874774706, 'min_child_weight': 2}. Best is trial 0 with value: 0.941747572815534.
[I 2026-03-24 15:33:24,525] Trial 270 finished with value: 0.941747572815534 and parameters: {'n_estimators': 834, 'max_depth': 47, 'learning_rate': 0.004361273407243377, 'reg_alpha': 0.3042660186773774, 'reg_lambda': 0.00028853640108835176, 'min_child_weight': 10}. Best is trial 0 with value: 0.941747572815534.
[I 2026-03-24 15:33:24,669] Trial 271 finished with value: 0.941747572815534 and parameters: {'n_estimators': 872, 'max_depth': 26, 'learning_rate': 0.0198708089511473, 'reg_alpha': 1.5286761618277254e-05, 'reg_lambda': 0.00015571539069352593, 'min_child_weight': 7}. Best is trial 0 with value: 0.941747572815534.
[I 2026-03-24 15:33:24,824] Trial 272 finished with value: 0.941747572815534 and parameters: {'n_estimators': 938, 'max_depth': 16, 'learning_rate': 0.013547873662323582, 'reg_alpha': 5.7103291697524844e-05, 'reg_lambda': 1.924795877259509e-06, 'min_child_weight': 9}. Best is trial 0 with value: 0.941747572815534.
[I 2026-03-24 15:33:24,987] Trial 273 finished with value: 0.941747572815534 and parameters: {'n_estimators': 988, 'max_depth': 11, 'learning_rate': 0.002575722728979802, 'reg_alpha': 0.14899583588775828, 'reg_lambda': 1.570574870625999e-05, 'min_child_weight': 3}. Best is trial 0 with value: 0.941747572815534.
[I 2026-03-24 15:33:25,128] Trial 274 finished with value: 0.941747572815534 and parameters: {'n_estimators': 861, 'max_depth': 50, 'learning_rate': 0.05552283868548949, 'reg_alpha': 0.000384221625614993, 'reg_lambda': 0.30045780730887744, 'min_child_weight': 8}. Best is trial 0 with value: 0.941747572815534.
