[I 2026-03-24 15:36:45,835] Trial 196 finished with value: 0.941747572815534 and parameters: {'n_estimators': 649, 'max_depth': 19, 'learning_rate': 0.00497021420727967, 'reg_alpha': 0.1465116268494058, 'reg_lambda': 6.643486027787222e-08, 'min_child_weight': 5}. Best is trial 0 with value: 0.941747572815534.
[I 2026-03-24 15:36:45,999] Trial 197 finished with value: 0.941747572815534 and parameters: {'n_estimators': 846, 'max_depth': 29, 'learning_rate': 0.0073934928321335485, 'reg_alpha': 1.6748023517187007e-06, 'reg_lambda': 2.7807810464603787e-07, 'min_child_weight': 10}. Best is trial 0 with value: 0.941747572815534.
[I 2026-03-24 15:36:46,113] Trial 198 finished with value: 0.941747572815534 and parameters: {'n_estimators': 541, 'max_depth': 8, 'learning_rate': 0.00924286876829385, 'reg_alpha': 5.806473424052347e-08, 'reg_lambda': 0.00013234132110291995, 'min_child_weight': 9}. Best is trial 0 with value: 0.941747572815534.
[I 2026-03-24 15:36:46,179] Trial 199 finished with value: 0.941747572815534 and parameters: {'n_estimators': 229, 'max_depth': 31, 'learning_rate': 0.023250305957897136, 'reg_alpha': 2.55865263759518e-06, 'reg_lambda': 1.9770051991600607e-08, 'min_child_weight': 7}. Best is trial 0 with value: 0.941747572815534.
[I 2026-03-24 15:36:46,262] Trial 200 finished with value: 0.941747572815534 and parameters: {'n_estimators': 340, 'max_depth': 35, 'learning_rate': 0.0032896944973620063, 'reg_alpha': 5.906373116266436e-06, 'reg_lambda': 4.137038800391162e-07, 'min_child_weight': 6}. Best is trial 0 with value: 0.941747572815534.
[I 2026-03-24 15:36:46,329] Trial 201 finished with value: 0.941747572815534 and parameters: {'n_estimators': 244, 'max_depth': 15, 'learning_rate': 0.02987220119605712, 'reg_alpha': 8.713135622748957e-07, 'reg_lambda': 9.188960898134472e-06, 'min_child_weight': 5}. Best is trial 0 with value: 0.941747572815534.
[I 2026-03-24 15:36:46,393] Trial 202 finished with value: 0.941747572815534 and parameters: {'n_estimators': 217, 'max_depth': 13, 'learning_rate': 0.02661927090832661, 'reg_alpha': 4.965455615834664e-07, 'reg_lambda': 4.8807073673307815e-06, 'min_child_weight': 5}. Best is trial 0 with value: 0.941747572815534.
[I 2026-03-24 15:36:46,465] Trial 203 finished with value: 0.941747572815534 and parameters: {'n_estimators': 276, 'max_depth': 13, 'learning_rate': 0.02534418609716343, 'reg_alpha': 1.3670532135558313e-06, 'reg_lambda': 1.6579487198691765e-05, 'min_child_weight': 5}. Best is trial 0 with value: 0.941747572815534.
[I 2026-03-24 15:36:46,616] Trial 204 finished with value: 0.941747572815534 and parameters: {'n_estimators': 469, 'max_depth': 17, 'learning_rate': 0.02105956116541004, 'reg_alpha': 1.8595720185161115e-05, 'reg_lambda': 1.0971202563528375e-08, 'min_child_weight': 4}. Best is trial 0 with value: 0.941747572815534.
[I 2026-03-24 15:36:46,690] Trial 205 finished with value: 0.941747572815534 and parameters: {'n_estimators': 292, 'max_depth': 12, 'learning_rate': 0.033397552374980974, 'reg_alpha': 8.130845897709067e-06, 'reg_lambda': 2.2610264206145382e-06, 'min_child_weight': 9}. Best is trial 0 with value: 0.941747572815534.
[I 2026-03-24 15:36:46,776] Trial 206 finished with value: 0.941747572815534 and parameters: {'n_estimators': 355, 'max_depth': 14, 'learning_rate': 0.001677448759510295, 'reg_alpha': 0.4079485900345438, 'reg_lambda': 5.755085398024716e-06, 'min_child_weight': 10}. Best is trial 0 with value: 0.941747572815534.
[I 2026-03-24 15:36:46,882] Trial 207 finished with value: 0.941747572815534 and parameters: {'n_estimators': 492, 'max_depth': 11, 'learning_rate': 0.018760853756822123, 'reg_alpha': 9.786112120263618e-07, 'reg_lambda': 4.495251611838283e-08, 'min_child_weight': 5}. Best is trial 0 with value: 0.941747572815534.
[I 2026-03-24 15:36:46,951] Trial 208 finished with value: 0.941747572815534 and parameters: {'n_estimators': 248, 'max_depth': 41, 'learning_rate': 0.036635929393454295, 'reg_alpha': 0.00017300355189009991, 'reg_lambda': 1.4994627879078743e-06, 'min_child_weight': 7}. Best is trial 0 with value: 0.941747572815534.
[I 2026-03-24 15:36:47,119] Trial 209 finished with value: 0.941747572815534 and parameters: {'n_estimators': 872, 'max_depth': 16, 'learning_rate': 0.022076062331171653, 'reg_alpha': 1.9963589645935795e-07, 'reg_lambda': 8.696088065013903e-07, 'min_child_weight': 9}. Best is trial 0 with value: 0.941747572815534.
[I 2026-03-24 15:36:47,297] Trial 210 finished with value: 0.941747572815534 and parameters: {'n_estimators': 938, 'max_depth': 9, 'learning_rate': 0.010007783599074126, 'reg_alpha': 0.0029559517490698075, 'reg_lambda': 1.6826937023633845e-07, 'min_child_weight': 8}. Best is trial 0 with value: 0.941747572815534.
[I 2026-03-24 15:36:47,389] Trial 211 finished with value: 0.941747572815534 and parameters: {'n_estimators': 396, 'max_depth': 6, 'learning_rate': 0.013566422603873026, 'reg_alpha': 5.54095413758241e-05, 'reg_lambda': 4.219590113602235e-05, 'min_child_weight': 6}. Best is trial 0 with value: 0.941747572815534.
[I 2026-03-24 15:36:47,495] Trial 212 finished with value: 0.941747572815534 and parameters: {'n_estimators': 414, 'max_depth': 8, 'learning_rate': 0.016021203695268584, 'reg_alpha': 1.0835900868122332e-05, 'reg_lambda': 2.0922503373842724e-05, 'min_child_weight': 6}. Best is trial 0 with value: 0.941747572815534.
[I 2026-03-24 15:36:47,593] Trial 213 finished with value: 0.941747572815534 and parameters: {'n_estimators': 439, 'max_depth': 6, 'learning_rate': 0.014012195810082255, 'reg_alpha': 0.011505031824212938, 'reg_lambda': 1.33713626302278e-05, 'min_child_weight': 6}. Best is trial 0 with value: 0.941747572815534.
[I 2026-03-24 15:36:47,681] Trial 214 finished with value: 0.941747572815534 and parameters: {'n_estimators': 376, 'max_depth': 7, 'learning_rate': 0.012178963794187113, 'reg_alpha': 2.627275065961295e-05, 'reg_lambda': 3.3908221387798794e-05, 'min_child_weight': 6}. Best is trial 0 with value: 0.941747572815534.
[I 2026-03-24 15:36:47,779] Trial 215 finished with value: 0.941747572815534 and parameters: {'n_estimators': 422, 'max_depth': 10, 'learning_rate': 0.010894151264718745, 'reg_alpha': 1.386559228284856e-05, 'reg_lambda': 6.085922245683944e-05, 'min_child_weight': 5}. Best is trial 0 with value: 0.941747572815534.
[I 2026-03-24 15:36:47,858] Trial 216 finished with value: 0.941747572815534 and parameters: {'n_estimators': 323, 'max_depth': 26, 'learning_rate': 0.019892101313605522, 'reg_alpha': 3.777685383631687e-05, 'reg_lambda': 6.696659040070165e-06, 'min_child_weight': 10}. Best is trial 0 with value: 0.941747572815534.
[I 2026-03-24 15:36:47,954] Trial 217 finished with value: 0.941747572815534 and parameters: {'n_estimators': 263, 'max_depth': 22, 'learning_rate': 0.002180331510590699, 'reg_alpha': 3.421286933965068e-06, 'reg_lambda': 2.4736053813152924e-05, 'min_child_weight': 4}. Best is trial 0 with value: 0.941747572815534.
[I 2026-03-24 15:36:48,084] Trial 218 finished with value: 0.9238578680203046 and parameters: {'n_estimators': 366, 'max_depth': 49, 'learning_rate': 0.09725285120207115, 'reg_alpha': 0.00012229034600653776, 'reg_lambda': 1.1003415947143158e-05, 'min_child_weight': 1}. Best is trial 0 with value: 0.941747572815534.
[I 2026-03-24 15:36:48,354] Trial 219 finished with value: 0.9365853658536586 and parameters: {'n_estimators': 897, 'max_depth': 19, 'learning_rate': 0.014605844464295265, 'reg_alpha': 0.00036798791215497103, 'reg_lambda': 5.444217245220556e-07, 'min_child_weight': 3}. Best is trial 0 with value: 0.941747572815534.
[I 2026-03-24 15:36:48,464] Trial 220 finished with value: 0.941747572815534 and parameters: {'n_estimators': 517, 'max_depth': 21, 'learning_rate': 0.012331788018649566, 'reg_alpha': 5.4204125590065376e-06, 'reg_lambda': 1.5448930365388088e-05, 'min_child_weight': 7}. Best is trial 0 with value: 0.941747572815534.
[I 2026-03-24 15:36:48,728] Trial 221 finished with value: 0.941747572815534 and parameters: {'n_estimators': 812, 'max_depth': 25, 'learning_rate': 0.002417251172831451, 'reg_alpha': 0.0006753990577643255, 'reg_lambda': 1.9166746865528847e-06, 'min_child_weight': 3}. Best is trial 0 with value: 0.941747572815534.
[I 2026-03-24 15:36:48,967] Trial 222 finished with value: 0.9365853658536586 and parameters: {'n_estimators': 784, 'max_depth': 32, 'learning_rate': 0.024094369431988095, 'reg_alpha': 0.001458680179889225, 'reg_lambda': 2.5698358727544633e-06, 'min_child_weight': 3}. Best is trial 0 with value: 0.941747572815534.
[I 2026-03-24 15:36:49,170] Trial 223 finished with value: 0.941747572815534 and parameters: {'n_estimators': 678, 'max_depth': 43, 'learning_rate': 0.0026040622751220504, 'reg_alpha': 0.005294452513164424, 'reg_lambda': 1.0494353050576329e-06, 'min_child_weight': 4}. Best is trial 0 with value: 0.941747572815534.
[I 2026-03-24 15:36:49,322] Trial 224 finished with value: 0.941747572815534 and parameters: {'n_estimators': 760, 'max_depth': 23, 'learning_rate': 0.0019057725779435214, 'reg_alpha': 2.06368399944291e-06, 'reg_lambda': 3.5765035647900693e-06, 'min_child_weight': 9}. Best is trial 0 with value: 0.941747572815534.
[I 2026-03-24 15:36:49,471] Trial 225 finished with value: 0.941747572815534 and parameters: {'n_estimators': 744, 'max_depth': 24, 'learning_rate': 0.017188872264170534, 'reg_alpha': 0.0004821138668651803, 'reg_lambda': 4.8392283241486424e-06, 'min_child_weight': 9}. Best is trial 0 with value: 0.941747572815534.
[I 2026-03-24 15:36:49,775] Trial 226 finished with value: 0.9365853658536586 and parameters: {'n_estimators': 844, 'max_depth': 34, 'learning_rate': 0.008449869311846058, 'reg_alpha': 0.002165965677085308, 'reg_lambda': 0.00011414850204620451, 'min_child_weight': 2}. Best is trial 0 with value: 0.941747572815534.
[I 2026-03-24 15:36:50,048] Trial 227 finished with value: 0.941747572815534 and parameters: {'n_estimators': 703, 'max_depth': 37, 'learning_rate': 0.0011768460770324206, 'reg_alpha': 0.03820716958139075, 'reg_lambda': 1.4995295588296024e-06, 'min_child_weight': 2}. Best is trial 0 with value: 0.941747572815534.
[I 2026-03-24 15:36:50,299] Trial 228 finished with value: 0.941747572815534 and parameters: {'n_estimators': 826, 'max_depth': 27, 'learning_rate': 0.019031554385848765, 'reg_alpha': 2.0739079905190782e-08, 'reg_lambda': 6.981588083758149e-07, 'min_child_weight': 4}. Best is trial 0 with value: 0.941747572815534.
[I 2026-03-24 15:36:50,401] Trial 229 finished with value: 0.941747572815534 and parameters: {'n_estimators': 455, 'max_depth': 18, 'learning_rate': 0.003902542513773766, 'reg_alpha': 8.623614878759608e-06, 'reg_lambda': 1.3524116512854607e-07, 'min_child_weight': 5}. Best is trial 0 with value: 0.941747572815534.
[I 2026-03-24 15:36:50,467] Trial 230 finished with value: 0.941747572815534 and parameters: {'n_estimators': 229, 'max_depth': 20, 'learning_rate': 0.011265071411307583, 'reg_alpha': 0.0009842776868850902, 'reg_lambda': 8.954966055224278e-06, 'min_child_weight': 10}. Best is trial 0 with value: 0.941747572815534.
[I 2026-03-24 15:36:50,529] Trial 231 finished with value: 0.941747572815534 and parameters: {'n_estimators': 213, 'max_depth': 14, 'learning_rate': 0.03134541702190192, 'reg_alpha': 3.9587558749610423e-07, 'reg_lambda': 2.092859248025697e-08, 'min_child_weight': 8}. Best is trial 0 with value: 0.941747572815534.
[I 2026-03-24 15:36:50,591] Trial 232 finished with value: 0.941747572815534 and parameters: {'n_estimators': 211, 'max_depth': 13, 'learning_rate': 0.03988394113498974, 'reg_alpha': 0.616050474650497, 'reg_lambda': 7.497778414385134e-08, 'min_child_weight': 8}. Best is trial 0 with value: 0.941747572815534.
[I 2026-03-24 15:36:50,651] Trial 233 finished with value: 0.941747572815534 and parameters: {'n_estimators': 203, 'max_depth': 12, 'learning_rate': 0.02730964788218526, 'reg_alpha': 4.866782340729041e-07, 'reg_lambda': 3.308380672447404e-08, 'min_child_weight': 8}. Best is trial 0 with value: 0.941747572815534.
[I 2026-03-24 15:36:50,718] Trial 234 finished with value: 0.941747572815534 and parameters: {'n_estimators': 232, 'max_depth': 36, 'learning_rate': 0.04761661819094403, 'reg_alpha': 1.216694341433579e-06, 'reg_lambda': 3.821682781633653e-08, 'min_child_weight': 8}. Best is trial 0 with value: 0.941747572815534.
[I 2026-03-24 15:36:50,801] Trial 235 finished with value: 0.941747572815534 and parameters: {'n_estimators': 340, 'max_depth': 30, 'learning_rate': 0.053079767544382095, 'reg_alpha': 1.620469766290065e-06, 'reg_lambda': 5.5029953928387734e-08, 'min_child_weight': 7}. Best is trial 0 with value: 0.941747572815534.
[I 2026-03-24 15:36:50,862] Trial 236 finished with value: 0.941747572815534 and parameters: {'n_estimators': 200, 'max_depth': 18, 'learning_rate': 0.00218484836963572, 'reg_alpha': 7.44459283632699e-07, 'reg_lambda': 1.2657880274782974e-08, 'min_child_weight': 9}. Best is trial 0 with value: 0.941747572815534.
[I 2026-03-24 15:36:50,939] Trial 237 finished with value: 0.941747572815534 and parameters: {'n_estimators': 307, 'max_depth': 15, 'learning_rate': 0.02927916930654667, 'reg_alpha': 1.597466081341902e-07, 'reg_lambda': 7.4040883703521335e-06, 'min_child_weight': 9}. Best is trial 0 with value: 0.941747572815534.
[I 2026-03-24 15:36:51,068] Trial 238 finished with value: 0.941747572815534 and parameters: {'n_estimators': 385, 'max_depth': 22, 'learning_rate': 0.03559899973103228, 'reg_alpha': 0.00030502796135311, 'reg_lambda': 8.217699721833408e-05, 'min_child_weight': 4}. Best is trial 0 with value: 0.941747572815534.
[I 2026-03-24 15:36:51,137] Trial 239 finished with value: 0.941747572815534 and parameters: {'n_estimators': 254, 'max_depth': 16, 'learning_rate': 0.0027248622924736757, 'reg_alpha': 7.680568482807633e-08, 'reg_lambda': 2.951099772467254e-07, 'min_child_weight': 8}. Best is trial 0 with value: 0.941747572815534.
[I 2026-03-24 15:36:51,202] Trial 240 finished with value: 0.941747572815534 and parameters: {'n_estimators': 227, 'max_depth': 28, 'learning_rate': 0.0660397549063469, 'reg_alpha': 0.9696018975296238, 'reg_lambda': 0.0006446836189569679, 'min_child_weight': 5}. Best is trial 0 with value: 0.941747572815534.
[I 2026-03-24 15:36:51,336] Trial 241 finished with value: 0.941747572815534 and parameters: {'n_estimators': 645, 'max_depth': 9, 'learning_rate': 0.015225946096878263, 'reg_alpha': 0.00010110114484883305, 'reg_lambda': 0.00030953979773256583, 'min_child_weight': 6}. Best is trial 0 with value: 0.941747572815534.
[I 2026-03-24 15:36:51,479] Trial 242 finished with value: 0.941747572815534 and parameters: {'n_estimators': 688, 'max_depth': 11, 'learning_rate': 0.016005552283786317, 'reg_alpha': 6.448287953640714e-07, 'reg_lambda': 0.0011740356184214672, 'min_child_weight': 6}. Best is trial 0 with value: 0.941747572815534.
[I 2026-03-24 15:36:51,611] Trial 243 finished with value: 0.941747572815534 and parameters: {'n_estimators': 633, 'max_depth': 40, 'learning_rate': 0.02164263307780412, 'reg_alpha': 0.00017943022172644909, 'reg_lambda': 0.0008411249151240511, 'min_child_weight': 6}. Best is trial 0 with value: 0.941747572815534.
[I 2026-03-24 15:36:51,745] Trial 244 finished with value: 0.941747572815534 and parameters: {'n_estimators': 656, 'max_depth': 39, 'learning_rate': 0.01309637100801846, 'reg_alpha': 0.00023308440132107484, 'reg_lambda': 0.0001596280178084618, 'min_child_weight': 6}. Best is trial 0 with value: 0.941747572815534.
[I 2026-03-24 15:36:51,869] Trial 245 finished with value: 0.941747572815534 and parameters: {'n_estimators': 587, 'max_depth': 7, 'learning_rate': 0.04300272925365362, 'reg_alpha': 2.906321594184758e-07, 'reg_lambda': 0.0002352997174617045, 'min_child_weight': 7}. Best is trial 0 with value: 0.941747572815534.
[I 2026-03-24 15:36:51,996] Trial 246 finished with value: 0.941747572815534 and parameters: {'n_estimators': 613, 'max_depth': 38, 'learning_rate': 0.024635809190347403, 'reg_alpha': 0.0004915160516282638, 'reg_lambda': 0.0022428201848436534, 'min_child_weight': 6}. Best is trial 0 with value: 0.941747572815534.
[I 2026-03-24 15:36:52,133] Trial 247 finished with value: 0.941747572815534 and parameters: {'n_estimators': 668, 'max_depth': 10, 'learning_rate': 0.01762577901532091, 'reg_alpha': 0.0033456308452784254, 'reg_lambda': 2.0809916230432874e-08, 'min_child_weight': 10}. Best is trial 0 with value: 0.941747572815534.
[I 2026-03-24 15:36:52,317] Trial 248 finished with value: 0.941747572815534 and parameters: {'n_estimators': 956, 'max_depth': 11, 'learning_rate': 0.001484519541996567, 'reg_alpha': 0.007829450482430701, 'reg_lambda': 9.251676947321889e-08, 'min_child_weight': 9}. Best is trial 0 with value: 0.941747572815534.
[I 2026-03-24 15:36:52,591] Trial 249 finished with value: 0.941747572815534 and parameters: {'n_estimators': 919, 'max_depth': 8, 'learning_rate': 0.0017410139488007194, 'reg_alpha': 2.7483360466229136e-05, 'reg_lambda': 9.59662016221336e-07, 'min_child_weight': 4}. Best is trial 0 with value: 0.941747572815534.
[I 2026-03-24 15:36:52,743] Trial 250 finished with value: 0.941747572815534 and parameters: {'n_estimators': 723, 'max_depth': 6, 'learning_rate': 0.001957343173689088, 'reg_alpha': 2.8181852097110477e-06, 'reg_lambda': 2.820227961696756e-05, 'min_child_weight': 7}. Best is trial 0 with value: 0.941747572815534.
[I 2026-03-24 15:36:52,823] Trial 251 finished with value: 0.941747572815534 and parameters: {'n_estimators': 323, 'max_depth': 24, 'learning_rate': 0.005904171346209133, 'reg_alpha': 1.0302299579908096e-06, 'reg_lambda': 4.813291835444904e-05, 'min_child_weight': 8}. Best is trial 0 with value: 0.941747572815534.
[I 2026-03-24 15:36:52,907] Trial 252 finished with value: 0.941747572815534 and parameters: {'n_estimators': 353, 'max_depth': 13, 'learning_rate': 0.005406491532659919, 'reg_alpha': 0.01836313044376774, 'reg_lambda': 0.0004134548940458118, 'min_child_weight': 9}. Best is trial 0 with value: 0.941747572815534.
[I 2026-03-24 15:36:52,978] Trial 253 finished with value: 0.941747572815534 and parameters: {'n_estimators': 273, 'max_depth': 29, 'learning_rate': 0.060096509347450346, 'reg_alpha': 1.4556807020035108e-05, 'reg_lambda': 5.610205143190716e-07, 'min_child_weight': 10}. Best is trial 0 with value: 0.941747572815534.
[I 2026-03-24 15:36:53,112] Trial 254 finished with value: 0.941747572815534 and parameters: {'n_estimators': 402, 'max_depth': 35, 'learning_rate': 0.02025702726176503, 'reg_alpha': 1.0412783222523446e-08, 'reg_lambda': 2.3159603971701854e-07, 'min_child_weight': 4}. Best is trial 0 with value: 0.941747572815534.
[I 2026-03-24 15:36:53,271] Trial 255 finished with value: 0.941747572815534 and parameters: {'n_estimators': 795, 'max_depth': 46, 'learning_rate': 0.00478566949266028, 'reg_alpha': 0.0008399334232544552, 'reg_lambda': 2.9679360412940698e-08, 'min_child_weight': 5}. Best is trial 0 with value: 0.941747572815534.
[I 2026-03-24 15:36:53,444] Trial 256 finished with value: 0.941747572815534 and parameters: {'n_estimators': 886, 'max_depth': 10, 'learning_rate': 0.07200523669512629, 'reg_alpha': 0.0002909821822826708, 'reg_lambda': 0.0002111480683284409, 'min_child_weight': 7}. Best is trial 0 with value: 0.941747572815534.
[I 2026-03-24 15:36:53,541] Trial 257 finished with value: 0.941747572815534 and parameters: {'n_estimators': 241, 'max_depth': 17, 'learning_rate': 0.010655119877617074, 'reg_alpha': 4.758024831089192e-06, 'reg_lambda': 2.9432984433437397e-06, 'min_child_weight': 3}. Best is trial 0 with value: 0.941747572815534.
[I 2026-03-24 15:36:53,659] Trial 258 finished with value: 0.941747572815534 and parameters: {'n_estimators': 557, 'max_depth': 37, 'learning_rate': 0.007758767473966403, 'reg_alpha': 0.0014828170734909807, 'reg_lambda': 7.972121415931129e-05, 'min_child_weight': 9}. Best is trial 0 with value: 0.941747572815534.
[I 2026-03-24 15:36:53,827] Trial 259 finished with value: 0.941747572815534 and parameters: {'n_estimators': 862, 'max_depth': 14, 'learning_rate': 0.014466513556307029, 'reg_alpha': 6.344836222485118e-05, 'reg_lambda': 0.4653234711119229, 'min_child_weight': 6}. Best is trial 0 with value: 0.941747572815534.
[I 2026-03-24 15:36:53,925] Trial 260 finished with value: 0.941747572815534 and parameters: {'n_estimators': 429, 'max_depth': 12, 'learning_rate': 0.0013339317427953192, 'reg_alpha': 0.00014950953012793743, 'reg_lambda': 3.6707966187097514e-07, 'min_child_weight': 10}. Best is trial 0 with value: 0.941747572815534.
[I 2026-03-24 15:36:54,047] Trial 261 finished with value: 0.9365853658536586 and parameters: {'n_estimators': 288, 'max_depth': 20, 'learning_rate': 0.01179831603760212, 'reg_alpha': 0.2831690544099777, 'reg_lambda': 1.717246499790254e-05, 'min_child_weight': 2}. Best is trial 0 with value: 0.941747572815534.
[I 2026-03-24 15:36:54,129] Trial 262 finished with value: 0.941747572815534 and parameters: {'n_estimators': 338, 'max_depth': 8, 'learning_rate': 0.010090365798994673, 'reg_alpha': 6.660312028551416e-06, 'reg_lambda': 5.2822593888305477e-08, 'min_child_weight': 7}. Best is trial 0 with value: 0.941747572815534.
[I 2026-03-24 15:36:54,368] Trial 263 finished with value: 0.9365853658536586 and parameters: {'n_estimators': 773, 'max_depth': 36, 'learning_rate': 0.022991905914620955, 'reg_alpha': 1.9735505042632045e-06, 'reg_lambda': 1.2082695277761713e-06, 'min_child_weight': 3}. Best is trial 0 with value: 0.941747572815534.
[I 2026-03-24 15:36:54,433] Trial 264 finished with value: 0.941747572815534 and parameters: {'n_estimators': 220, 'max_depth': 50, 'learning_rate': 0.009045337678814762, 'reg_alpha': 0.0007139728240052449, 'reg_lambda': 1.2351397300235005e-07, 'min_child_weight': 9}. Best is trial 0 with value: 0.941747572815534.
