[I 2026-03-24 15:39:01,249] Trial 637 finished with value: 0.9154228855721394 and parameters: {'n_estimators': 317, 'max_depth': 20, 'learning_rate': 0.0010592694048423912, 'reg_alpha': 0.011274731630298827, 'reg_lambda': 3.357387441887632e-07, 'min_child_weight': 8}. Best is trial 0 with value: 0.9154228855721394.
[I 2026-03-24 15:39:01,335] Trial 638 finished with value: 0.9154228855721394 and parameters: {'n_estimators': 544, 'max_depth': 18, 'learning_rate': 0.0014056079753273323, 'reg_alpha': 0.07442705624158584, 'reg_lambda': 0.0003495783827992337, 'min_child_weight': 9}. Best is trial 0 with value: 0.9154228855721394.
[I 2026-03-24 15:39:01,390] Trial 639 finished with value: 0.9154228855721394 and parameters: {'n_estimators': 226, 'max_depth': 26, 'learning_rate': 0.001874254494828843, 'reg_alpha': 7.901691881998283e-05, 'reg_lambda': 6.6968949997475375e-06, 'min_child_weight': 3}. Best is trial 0 with value: 0.9154228855721394.
[I 2026-03-24 15:39:01,518] Trial 640 finished with value: 0.9154228855721394 and parameters: {'n_estimators': 872, 'max_depth': 36, 'learning_rate': 0.018031526501213126, 'reg_alpha': 4.976500911620843e-07, 'reg_lambda': 1.0442938653434386e-07, 'min_child_weight': 10}. Best is trial 0 with value: 0.9154228855721394.
[I 2026-03-24 15:39:01,594] Trial 641 finished with value: 0.9154228855721394 and parameters: {'n_estimators': 422, 'max_depth': 6, 'learning_rate': 0.0016357958858789134, 'reg_alpha': 8.739450786378297e-06, 'reg_lambda': 1.407372091636628e-05, 'min_child_weight': 2}. Best is trial 0 with value: 0.9154228855721394.
[I 2026-03-24 15:39:01,726] Trial 642 finished with value: 0.9154228855721394 and parameters: {'n_estimators': 936, 'max_depth': 17, 'learning_rate': 0.002294211100215661, 'reg_alpha': 0.34398113646967243, 'reg_lambda': 6.943357976966004e-05, 'min_child_weight': 7}. Best is trial 0 with value: 0.9154228855721394.
[I 2026-03-24 15:39:01,838] Trial 643 finished with value: 0.9154228855721394 and parameters: {'n_estimators': 755, 'max_depth': 24, 'learning_rate': 0.0012531707656719038, 'reg_alpha': 0.00020107607024064477, 'reg_lambda': 6.500551345310256e-07, 'min_child_weight': 5}. Best is trial 0 with value: 0.9154228855721394.
[I 2026-03-24 15:39:01,901] Trial 644 finished with value: 0.9154228855721394 and parameters: {'n_estimators': 294, 'max_depth': 39, 'learning_rate': 0.002084892547731169, 'reg_alpha': 0.11246009815732819, 'reg_lambda': 2.3458334559452273e-06, 'min_child_weight': 6}. Best is trial 0 with value: 0.9154228855721394.
[I 2026-03-24 15:39:01,996] Trial 645 finished with value: 0.9154228855721394 and parameters: {'n_estimators': 605, 'max_depth': 25, 'learning_rate': 0.008209337330579984, 'reg_alpha': 0.0031841577970826013, 'reg_lambda': 1.4447065135785586e-06, 'min_child_weight': 1}. Best is trial 0 with value: 0.9154228855721394.
[I 2026-03-24 15:39:02,069] Trial 646 finished with value: 0.9154228855721394 and parameters: {'n_estimators': 390, 'max_depth': 32, 'learning_rate': 0.023720454288120384, 'reg_alpha': 0.00130099168776167, 'reg_lambda': 4.009023905801886e-08, 'min_child_weight': 7}. Best is trial 0 with value: 0.9154228855721394.
[I 2026-03-24 15:39:02,184] Trial 647 finished with value: 0.9154228855721394 and parameters: {'n_estimators': 773, 'max_depth': 34, 'learning_rate': 0.001000832458777545, 'reg_alpha': 0.6805975948121823, 'reg_lambda': 0.017717683288816156, 'min_child_weight': 4}. Best is trial 0 with value: 0.9154228855721394.
[I 2026-03-24 15:39:02,323] Trial 648 finished with value: 0.9154228855721394 and parameters: {'n_estimators': 986, 'max_depth': 21, 'learning_rate': 0.0037072580318519683, 'reg_alpha': 1.967999294845021e-06, 'reg_lambda': 2.0022648953849628e-05, 'min_child_weight': 8}. Best is trial 0 with value: 0.9154228855721394.
[I 2026-03-24 15:39:02,419] Trial 649 finished with value: 0.9154228855721394 and parameters: {'n_estimators': 630, 'max_depth': 12, 'learning_rate': 0.005830974332040345, 'reg_alpha': 0.005211935420033924, 'reg_lambda': 0.005501721447151736, 'min_child_weight': 3}. Best is trial 0 with value: 0.9154228855721394.
[I 2026-03-24 15:39:02,524] Trial 650 finished with value: 0.9154228855721394 and parameters: {'n_estimators': 695, 'max_depth': 23, 'learning_rate': 0.0011473702142600528, 'reg_alpha': 0.000456598780425634, 'reg_lambda': 1.544952764218216e-08, 'min_child_weight': 6}. Best is trial 0 with value: 0.9154228855721394.
[I 2026-03-24 15:39:02,642] Trial 651 finished with value: 0.9154228855721394 and parameters: {'n_estimators': 797, 'max_depth': 49, 'learning_rate': 0.012561332474112159, 'reg_alpha': 1.693209502234208e-05, 'reg_lambda': 4.5795365662359023e-07, 'min_child_weight': 5}. Best is trial 0 with value: 0.9154228855721394.
[I 2026-03-24 15:39:02,737] Trial 652 finished with value: 0.9154228855721394 and parameters: {'n_estimators': 581, 'max_depth': 35, 'learning_rate': 0.0806134154952418, 'reg_alpha': 1.5462171141582674e-07, 'reg_lambda': 6.680514022319027e-08, 'min_child_weight': 3}. Best is trial 0 with value: 0.9154228855721394.
[I 2026-03-24 15:39:02,841] Trial 653 finished with value: 0.9154228855721394 and parameters: {'n_estimators': 674, 'max_depth': 27, 'learning_rate': 0.001522991204045867, 'reg_alpha': 5.834058970694989e-06, 'reg_lambda': 0.0001436385533581987, 'min_child_weight': 8}. Best is trial 0 with value: 0.9154228855721394.
[I 2026-03-24 15:39:02,923] Trial 654 finished with value: 0.9154228855721394 and parameters: {'n_estimators': 485, 'max_depth': 41, 'learning_rate': 0.0013553636129921666, 'reg_alpha': 0.05102078703995834, 'reg_lambda': 0.0005076859174969043, 'min_child_weight': 10}. Best is trial 0 with value: 0.9154228855721394.
[I 2026-03-24 15:39:03,050] Trial 655 finished with value: 0.9154228855721394 and parameters: {'n_estimators': 904, 'max_depth': 29, 'learning_rate': 0.0026024372074780816, 'reg_alpha': 5.626946092959655e-05, 'reg_lambda': 1.6931052476446046e-07, 'min_child_weight': 6}. Best is trial 0 with value: 0.9154228855721394.
[I 2026-03-24 15:39:03,123] Trial 656 finished with value: 0.9154228855721394 and parameters: {'n_estimators': 402, 'max_depth': 16, 'learning_rate': 0.00948458517777287, 'reg_alpha': 3.113885973067049e-05, 'reg_lambda': 0.0031672818932428717, 'min_child_weight': 1}. Best is trial 0 with value: 0.9154228855721394.
[I 2026-03-24 15:39:03,190] Trial 657 finished with value: 0.9154228855721394 and parameters: {'n_estimators': 332, 'max_depth': 38, 'learning_rate': 0.005371014417417187, 'reg_alpha': 0.16112952247898302, 'reg_lambda': 2.8149658678038366e-07, 'min_child_weight': 7}. Best is trial 0 with value: 0.9154228855721394.
[I 2026-03-24 15:39:03,268] Trial 658 finished with value: 0.9154228855721394 and parameters: {'n_estimators': 441, 'max_depth': 13, 'learning_rate': 0.0032069652628357492, 'reg_alpha': 0.4958732773347568, 'reg_lambda': 8.666729421828687e-07, 'min_child_weight': 2}. Best is trial 0 with value: 0.9154228855721394.
[I 2026-03-24 15:39:03,402] Trial 659 finished with value: 0.9154228855721394 and parameters: {'n_estimators': 954, 'max_depth': 26, 'learning_rate': 0.020155080117747293, 'reg_alpha': 4.023166242285069e-08, 'reg_lambda': 3.396413251611434e-05, 'min_child_weight': 8}. Best is trial 0 with value: 0.9154228855721394.
[I 2026-03-24 15:39:03,489] Trial 660 finished with value: 0.9154228855721394 and parameters: {'n_estimators': 526, 'max_depth': 28, 'learning_rate': 0.0048304069940867875, 'reg_alpha': 0.03610123342291926, 'reg_lambda': 3.471233905152995e-06, 'min_child_weight': 9}. Best is trial 0 with value: 0.9154228855721394.
[I 2026-03-24 15:39:03,590] Trial 661 finished with value: 0.9154228855721394 and parameters: {'n_estimators': 650, 'max_depth': 19, 'learning_rate': 0.0010873745834800955, 'reg_alpha': 0.00015289054466844238, 'reg_lambda': 5.300077989012574e-06, 'min_child_weight': 5}. Best is trial 0 with value: 0.9154228855721394.
[I 2026-03-24 15:39:03,682] Trial 662 finished with value: 0.9154228855721394 and parameters: {'n_estimators': 560, 'max_depth': 31, 'learning_rate': 0.0012109811762410253, 'reg_alpha': 0.25187849475181706, 'reg_lambda': 1.0017472864868197e-08, 'min_child_weight': 9}. Best is trial 0 with value: 0.9154228855721394.
[I 2026-03-24 15:39:03,754] Trial 663 finished with value: 0.9154228855721394 and parameters: {'n_estimators': 374, 'max_depth': 22, 'learning_rate': 0.01062579250036899, 'reg_alpha': 0.00025948595921090336, 'reg_lambda': 1.376210234171997e-07, 'min_child_weight': 7}. Best is trial 0 with value: 0.9154228855721394.
[I 2026-03-24 15:39:03,858] Trial 664 finished with value: 0.9154228855721394 and parameters: {'n_estimators': 712, 'max_depth': 11, 'learning_rate': 0.0019620039984906646, 'reg_alpha': 6.915794857334811e-07, 'reg_lambda': 0.0010389618839836748, 'min_child_weight': 4}. Best is trial 0 with value: 0.9154228855721394.
[I 2026-03-24 15:39:03,940] Trial 665 finished with value: 0.9154228855721394 and parameters: {'n_estimators': 469, 'max_depth': 43, 'learning_rate': 0.0022461514915671564, 'reg_alpha': 0.997048041831206, 'reg_lambda': 9.394213160076122e-05, 'min_child_weight': 10}. Best is trial 0 with value: 0.9154228855721394.
[I 2026-03-24 15:39:04,000] Trial 666 finished with value: 0.9154228855721394 and parameters: {'n_estimators': 271, 'max_depth': 40, 'learning_rate': 0.004070306403179744, 'reg_alpha': 3.01172676506173e-07, 'reg_lambda': 1.0978904422003129e-05, 'min_child_weight': 6}. Best is trial 0 with value: 0.9154228855721394.
[I 2026-03-24 15:39:04,070] Trial 667 finished with value: 0.9154228855721394 and parameters: {'n_estimators': 364, 'max_depth': 15, 'learning_rate': 0.007204244194666482, 'reg_alpha': 3.0693180750490348e-06, 'reg_lambda': 5.087921477366998e-08, 'min_child_weight': 3}. Best is trial 0 with value: 0.9154228855721394.
[I 2026-03-24 15:39:04,198] Trial 668 finished with value: 0.9154228855721394 and parameters: {'n_estimators': 880, 'max_depth': 46, 'learning_rate': 0.0017527489600236029, 'reg_alpha': 0.0806448761002789, 'reg_lambda': 0.00022991057817575708, 'min_child_weight': 8}. Best is trial 0 with value: 0.9154228855721394.
[I 2026-03-24 15:39:04,337] Trial 669 finished with value: 0.9154228855721394 and parameters: {'n_estimators': 1000, 'max_depth': 42, 'learning_rate': 0.0029291014076607675, 'reg_alpha': 0.002040766603680767, 'reg_lambda': 1.213431639921205e-06, 'min_child_weight': 7}. Best is trial 0 with value: 0.9154228855721394.
[I 2026-03-24 15:39:04,468] Trial 670 finished with value: 0.9154228855721394 and parameters: {'n_estimators': 917, 'max_depth': 50, 'learning_rate': 0.02961386149728501, 'reg_alpha': 0.007341849811926902, 'reg_lambda': 0.008488791793571806, 'min_child_weight': 6}. Best is trial 0 with value: 0.9154228855721394.
[I 2026-03-24 15:39:04,526] Trial 671 finished with value: 0.9154228855721394 and parameters: {'n_estimators': 246, 'max_depth': 25, 'learning_rate': 0.00348392357139695, 'reg_alpha': 2.654103120598342e-08, 'reg_lambda': 2.809158816186365e-08, 'min_child_weight': 1}. Best is trial 0 with value: 0.9154228855721394.
[I 2026-03-24 15:39:04,621] Trial 672 finished with value: 0.9154228855721394 and parameters: {'n_estimators': 594, 'max_depth': 9, 'learning_rate': 0.001336115636409042, 'reg_alpha': 1.148173357446954e-05, 'reg_lambda': 0.023463630153535756, 'min_child_weight': 5}. Best is trial 0 with value: 0.9154228855721394.
[I 2026-03-24 15:39:04,731] Trial 673 finished with value: 0.9154228855721394 and parameters: {'n_estimators': 724, 'max_depth': 24, 'learning_rate': 0.00146473625423933, 'reg_alpha': 0.0005359490129874946, 'reg_lambda': 0.0020055537260772684, 'min_child_weight': 4}. Best is trial 0 with value: 0.9154228855721394.
[I 2026-03-24 15:39:04,816] Trial 674 finished with value: 0.9154228855721394 and parameters: {'n_estimators': 499, 'max_depth': 48, 'learning_rate': 0.001008498189761086, 'reg_alpha': 1.1892006843882286e-06, 'reg_lambda': 2.522814885582765e-07, 'min_child_weight': 2}. Best is trial 0 with value: 0.9154228855721394.
[I 2026-03-24 15:39:04,907] Trial 675 finished with value: 0.9154228855721394 and parameters: {'n_estimators': 544, 'max_depth': 21, 'learning_rate': 0.06416517928373096, 'reg_alpha': 8.407592089351101e-05, 'reg_lambda': 5.018122834000083e-07, 'min_child_weight': 8}. Best is trial 0 with value: 0.9154228855721394.
[I 2026-03-24 15:39:04,983] Trial 676 finished with value: 0.9154228855721394 and parameters: {'n_estimators': 414, 'max_depth': 20, 'learning_rate': 0.006302038939131243, 'reg_alpha': 0.0001097611973605152, 'reg_lambda': 1.1105220328236431e-07, 'min_child_weight': 7}. Best is trial 0 with value: 0.9154228855721394.
[I 2026-03-24 15:39:05,060] Trial 677 finished with value: 0.9154228855721394 and parameters: {'n_estimators': 427, 'max_depth': 26, 'learning_rate': 0.002499906656289462, 'reg_alpha': 0.020163080697004596, 'reg_lambda': 2.081070251484439e-06, 'min_child_weight': 10}. Best is trial 0 with value: 0.9154228855721394.
[I 2026-03-24 15:39:05,185] Trial 678 finished with value: 0.9154228855721394 and parameters: {'n_estimators': 862, 'max_depth': 30, 'learning_rate': 0.03730570216014669, 'reg_alpha': 0.0037271918941172225, 'reg_lambda': 2.3262767930019692e-05, 'min_child_weight': 8}. Best is trial 0 with value: 0.9154228855721394.
[I 2026-03-24 15:39:05,283] Trial 679 finished with value: 0.9154228855721394 and parameters: {'n_estimators': 617, 'max_depth': 18, 'learning_rate': 0.001215819964260708, 'reg_alpha': 0.009762607766644124, 'reg_lambda': 0.000662757606255984, 'min_child_weight': 3}. Best is trial 0 with value: 0.9154228855721394.
[I 2026-03-24 15:39:05,405] Trial 680 finished with value: 0.9154228855721394 and parameters: {'n_estimators': 834, 'max_depth': 39, 'learning_rate': 0.001634446712296907, 'reg_alpha': 0.0008690610908376207, 'reg_lambda': 4.679034251768471e-05, 'min_child_weight': 1}. Best is trial 0 with value: 0.9154228855721394.
[I 2026-03-24 15:39:05,510] Trial 681 finished with value: 0.9154228855721394 and parameters: {'n_estimators': 684, 'max_depth': 44, 'learning_rate': 0.004396000483289101, 'reg_alpha': 0.13939407571464618, 'reg_lambda': 8.800595574086607e-06, 'min_child_weight': 6}. Best is trial 0 with value: 0.9154228855721394.
[I 2026-03-24 15:39:05,590] Trial 682 finished with value: 0.9154228855721394 and parameters: {'n_estimators': 453, 'max_depth': 47, 'learning_rate': 0.0011039273841540137, 'reg_alpha': 1.5663978496851104e-08, 'reg_lambda': 1.5078813490114035e-05, 'min_child_weight': 9}. Best is trial 0 with value: 0.9154228855721394.
[I 2026-03-24 15:39:05,724] Trial 683 finished with value: 0.9154228855721394 and parameters: {'n_estimators': 976, 'max_depth': 28, 'learning_rate': 0.0019072250110343995, 'reg_alpha': 0.0013425976874512648, 'reg_lambda': 7.810628767897278e-08, 'min_child_weight': 2}. Best is trial 0 with value: 0.9154228855721394.
[I 2026-03-24 15:39:05,779] Trial 684 finished with value: 0.9154228855721394 and parameters: {'n_estimators': 221, 'max_depth': 14, 'learning_rate': 0.007718090131342827, 'reg_alpha': 0.00268084499055798, 'reg_lambda': 1.3579581226975505e-08, 'min_child_weight': 7}. Best is trial 0 with value: 0.9154228855721394.
[I 2026-03-24 15:39:05,847] Trial 685 finished with value: 0.9154228855721394 and parameters: {'n_estimators': 351, 'max_depth': 34, 'learning_rate': 0.013126192174911903, 'reg_alpha': 0.0001812308740584234, 'reg_lambda': 7.982979446639831e-07, 'min_child_weight': 4}. Best is trial 0 with value: 0.9154228855721394.
[I 2026-03-24 15:39:05,938] Trial 686 finished with value: 0.9154228855721394 and parameters: {'n_estimators': 578, 'max_depth': 41, 'learning_rate': 0.09140913181595578, 'reg_alpha': 0.5173195580130819, 'reg_lambda': 5.2210625448159675e-06, 'min_child_weight': 5}. Best is trial 0 with value: 0.9154228855721394.
[I 2026-03-24 15:39:06,011] Trial 687 finished with value: 0.9154228855721394 and parameters: {'n_estimators': 392, 'max_depth': 23, 'learning_rate': 0.033761285869232084, 'reg_alpha': 0.0003299862122815714, 'reg_lambda': 3.7165845204196135e-07, 'min_child_weight': 7}. Best is trial 0 with value: 0.9154228855721394.
[I 2026-03-24 15:39:06,108] Trial 688 finished with value: 0.9154228855721394 and parameters: {'n_estimators': 643, 'max_depth': 32, 'learning_rate': 0.01491154972283446, 'reg_alpha': 0.19593386590673248, 'reg_lambda': 0.002696021153096551, 'min_child_weight': 10}. Best is trial 0 with value: 0.9154228855721394.
[I 2026-03-24 15:39:06,217] Trial 689 finished with value: 0.9154228855721394 and parameters: {'n_estimators': 747, 'max_depth': 37, 'learning_rate': 0.00325234427023728, 'reg_alpha': 0.09624708726826707, 'reg_lambda': 2.9962915795940044e-06, 'min_child_weight': 8}. Best is trial 0 with value: 0.9154228855721394.
[I 2026-03-24 15:39:06,331] Trial 690 finished with value: 0.9154228855721394 and parameters: {'n_estimators': 804, 'max_depth': 24, 'learning_rate': 0.0013651290190645011, 'reg_alpha': 7.209594070906976e-06, 'reg_lambda': 1.9660053270983534e-08, 'min_child_weight': 6}. Best is trial 0 with value: 0.9154228855721394.
[I 2026-03-24 15:39:06,468] Trial 691 finished with value: 0.9154228855721394 and parameters: {'n_estimators': 933, 'max_depth': 27, 'learning_rate': 0.008775750845366909, 'reg_alpha': 0.3451422567153137, 'reg_lambda': 0.001399640666696815, 'min_child_weight': 9}. Best is trial 0 with value: 0.9154228855721394.
[I 2026-03-24 15:39:06,550] Trial 692 finished with value: 0.9154228855721394 and parameters: {'n_estimators': 482, 'max_depth': 25, 'learning_rate': 0.0027375076044797585, 'reg_alpha': 0.05466880424986706, 'reg_lambda': 4.8028986227846875e-08, 'min_child_weight': 3}. Best is trial 0 with value: 0.9154228855721394.
[I 2026-03-24 15:39:06,634] Trial 693 finished with value: 0.9154228855721394 and parameters: {'n_estimators': 514, 'max_depth': 21, 'learning_rate': 0.002069457022167445, 'reg_alpha': 4.986013491555944e-06, 'reg_lambda': 0.00018306031800255403, 'min_child_weight': 5}. Best is trial 0 with value: 0.9154228855721394.
[I 2026-03-24 15:39:06,760] Trial 694 finished with value: 0.9154228855721394 and parameters: {'n_estimators': 898, 'max_depth': 45, 'learning_rate': 0.0015923262130158133, 'reg_alpha': 5.3781634522474005e-05, 'reg_lambda': 1.2037932851105631e-06, 'min_child_weight': 8}. Best is trial 0 with value: 0.9154228855721394.
[I 2026-03-24 15:39:06,857] Trial 695 finished with value: 0.9154228855721394 and parameters: {'n_estimators': 604, 'max_depth': 31, 'learning_rate': 0.0037646398719183454, 'reg_alpha': 2.0201585867743085e-05, 'reg_lambda': 2.2201991023617183e-07, 'min_child_weight': 3}. Best is trial 0 with value: 0.9154228855721394.
[I 2026-03-24 15:39:06,972] Trial 696 finished with value: 0.9154228855721394 and parameters: {'n_estimators': 771, 'max_depth': 11, 'learning_rate': 0.001163931715751418, 'reg_alpha': 0.0006489272799326466, 'reg_lambda': 0.006509844750480604, 'min_child_weight': 7}. Best is trial 0 with value: 0.9154228855721394.
[I 2026-03-24 15:39:07,109] Trial 697 finished with value: 0.9154228855721394 and parameters: {'n_estimators': 963, 'max_depth': 22, 'learning_rate': 0.0012678321902005107, 'reg_alpha': 0.0050674270882518765, 'reg_lambda': 6.898282298301896e-05, 'min_child_weight': 1}. Best is trial 0 with value: 0.9154228855721394.
[I 2026-03-24 15:39:07,199] Trial 698 finished with value: 0.9154228855721394 and parameters: {'n_estimators': 564, 'max_depth': 36, 'learning_rate': 0.011698247809070314, 'reg_alpha': 5.9572181082306205e-08, 'reg_lambda': 5.344470912115246e-07, 'min_child_weight': 6}. Best is trial 0 with value: 0.9154228855721394.
[I 2026-03-24 15:39:07,265] Trial 699 finished with value: 0.9154228855721394 and parameters: {'n_estimators': 337, 'max_depth': 50, 'learning_rate': 0.0735654591207599, 'reg_alpha': 0.00011605472889886894, 'reg_lambda': 9.774268268236914e-08, 'min_child_weight': 8}. Best is trial 0 with value: 0.9154228855721394.
[I 2026-03-24 15:39:07,339] Trial 700 finished with value: 0.9154228855721394 and parameters: {'n_estimators': 401, 'max_depth': 16, 'learning_rate': 0.006682242197997096, 'reg_alpha': 0.030063228721996366, 'reg_lambda': 1.6794590676797116e-06, 'min_child_weight': 10}. Best is trial 0 with value: 0.9154228855721394.
[I 2026-03-24 15:39:07,425] Trial 701 finished with value: 0.9154228855721394 and parameters: {'n_estimators': 527, 'max_depth': 7, 'learning_rate': 0.005817744701881145, 'reg_alpha': 0.012230618532176864, 'reg_lambda': 7.503838954580323e-06, 'min_child_weight': 4}. Best is trial 0 with value: 0.9154228855721394.
[I 2026-03-24 15:39:07,488] Trial 702 finished with value: 0.9154228855721394 and parameters: {'n_estimators': 299, 'max_depth': 49, 'learning_rate': 0.041220032415754206, 'reg_alpha': 1.1869844266917527e-07, 'reg_lambda': 0.0002929440494490789, 'min_child_weight': 3}. Best is trial 0 with value: 0.9154228855721394.
[I 2026-03-24 15:39:07,558] Trial 703 finished with value: 0.9154228855721394 and parameters: {'n_estimators': 372, 'max_depth': 26, 'learning_rate': 0.016296315421795958, 'reg_alpha': 0.0019312256545621694, 'reg_lambda': 1.147204839657749e-05, 'min_child_weight': 9}. Best is trial 0 with value: 0.9154228855721394.
[I 2026-03-24 15:39:07,658] Trial 704 finished with value: 0.9154228855721394 and parameters: {'n_estimators': 665, 'max_depth': 19, 'learning_rate': 0.0018069566544927176, 'reg_alpha': 2.9301694736368944e-05, 'reg_lambda': 3.080834194104011e-08, 'min_child_weight': 7}. Best is trial 0 with value: 0.9154228855721394.
[I 2026-03-24 15:39:07,754] Trial 705 finished with value: 0.9154228855721394 and parameters: {'n_estimators': 629, 'max_depth': 41, 'learning_rate': 0.0010633316016584785, 'reg_alpha': 0.6960145761085154, 'reg_lambda': 1.767499171620232e-07, 'min_child_weight': 6}. Best is trial 0 with value: 0.9154228855721394.
