[I 2026-03-24 15:39:34,760] Trial 181 finished with value: 0.9154228855721394 and parameters: {'n_estimators': 568, 'max_depth': 25, 'learning_rate': 0.002834124749288602, 'reg_alpha': 4.612245707636187e-07, 'reg_lambda': 2.142759414886778e-08, 'min_child_weight': 6}. Best is trial 0 with value: 0.9154228855721394.
[I 2026-03-24 15:39:34,848] Trial 182 finished with value: 0.9154228855721394 and parameters: {'n_estimators': 495, 'max_depth': 26, 'learning_rate': 0.0021197836115988385, 'reg_alpha': 6.592101050366381e-07, 'reg_lambda': 1.3146154769746432e-08, 'min_child_weight': 7}. Best is trial 0 with value: 0.9154228855721394.
[I 2026-03-24 15:39:34,932] Trial 183 finished with value: 0.9154228855721394 and parameters: {'n_estimators': 473, 'max_depth': 27, 'learning_rate': 0.003925889254782694, 'reg_alpha': 2.0437815957916775e-07, 'reg_lambda': 4.186453521258567e-05, 'min_child_weight': 6}. Best is trial 0 with value: 0.9154228855721394.
[I 2026-03-24 15:39:35,020] Trial 184 finished with value: 0.9154228855721394 and parameters: {'n_estimators': 514, 'max_depth': 28, 'learning_rate': 0.0025311930537493914, 'reg_alpha': 2.5463560657500257e-06, 'reg_lambda': 2.8024522982338137e-08, 'min_child_weight': 3}. Best is trial 0 with value: 0.9154228855721394.
[I 2026-03-24 15:39:35,112] Trial 185 finished with value: 0.9154228855721394 and parameters: {'n_estimators': 542, 'max_depth': 25, 'learning_rate': 0.03532193512454044, 'reg_alpha': 0.07585640603696646, 'reg_lambda': 0.13429535230670261, 'min_child_weight': 7}. Best is trial 0 with value: 0.9154228855721394.
[I 2026-03-24 15:39:35,204] Trial 186 finished with value: 0.9154228855721394 and parameters: {'n_estimators': 527, 'max_depth': 30, 'learning_rate': 0.0013961840392608504, 'reg_alpha': 6.76747274292222e-08, 'reg_lambda': 2.0857030139246453e-06, 'min_child_weight': 4}. Best is trial 0 with value: 0.9154228855721394.
[I 2026-03-24 15:39:35,279] Trial 187 finished with value: 0.9154228855721394 and parameters: {'n_estimators': 391, 'max_depth': 37, 'learning_rate': 0.047362523643178646, 'reg_alpha': 1.4441495548835003e-07, 'reg_lambda': 1.0032206370455269e-08, 'min_child_weight': 6}. Best is trial 0 with value: 0.9154228855721394.
[I 2026-03-24 15:39:35,376] Trial 188 finished with value: 0.9154228855721394 and parameters: {'n_estimators': 585, 'max_depth': 39, 'learning_rate': 0.0030376075607917307, 'reg_alpha': 1.613022532082546e-05, 'reg_lambda': 0.0002814890805595296, 'min_child_weight': 9}. Best is trial 0 with value: 0.9154228855721394.
[I 2026-03-24 15:39:35,478] Trial 189 finished with value: 0.9154228855721394 and parameters: {'n_estimators': 637, 'max_depth': 24, 'learning_rate': 0.00802445127976081, 'reg_alpha': 0.0021040887874507496, 'reg_lambda': 0.0014933388861497951, 'min_child_weight': 5}. Best is trial 0 with value: 0.9154228855721394.
[I 2026-03-24 15:39:35,602] Trial 190 finished with value: 0.9154228855721394 and parameters: {'n_estimators': 812, 'max_depth': 8, 'learning_rate': 0.003471118724845922, 'reg_alpha': 3.2653711511612925e-07, 'reg_lambda': 4.105379531142946e-06, 'min_child_weight': 10}. Best is trial 0 with value: 0.9154228855721394.
[I 2026-03-24 15:39:35,748] Trial 191 finished with value: 0.9154228855721394 and parameters: {'n_estimators': 991, 'max_depth': 32, 'learning_rate': 0.0014742340086815338, 'reg_alpha': 0.018878954367010193, 'reg_lambda': 2.3236027692007368e-07, 'min_child_weight': 2}. Best is trial 0 with value: 0.9154228855721394.
[I 2026-03-24 15:39:35,893] Trial 192 finished with value: 0.9154228855721394 and parameters: {'n_estimators': 982, 'max_depth': 31, 'learning_rate': 0.0013257721249407236, 'reg_alpha': 0.005277205857186875, 'reg_lambda': 1.1398536043510447e-06, 'min_child_weight': 3}. Best is trial 0 with value: 0.9154228855721394.
[I 2026-03-24 15:39:36,040] Trial 193 finished with value: 0.9154228855721394 and parameters: {'n_estimators': 997, 'max_depth': 35, 'learning_rate': 0.07072115346210447, 'reg_alpha': 0.010800956910837772, 'reg_lambda': 4.6834174006236887e-07, 'min_child_weight': 3}. Best is trial 0 with value: 0.9154228855721394.
[I 2026-03-24 15:39:36,181] Trial 194 finished with value: 0.9154228855721394 and parameters: {'n_estimators': 958, 'max_depth': 34, 'learning_rate': 0.0011810162592653523, 'reg_alpha': 2.692935074778177e-08, 'reg_lambda': 8.963196214792407e-07, 'min_child_weight': 3}. Best is trial 0 with value: 0.9154228855721394.
[I 2026-03-24 15:39:36,319] Trial 195 finished with value: 0.9154228855721394 and parameters: {'n_estimators': 928, 'max_depth': 44, 'learning_rate': 0.005282138116467921, 'reg_alpha': 0.00025125585406656447, 'reg_lambda': 3.602578431442625e-07, 'min_child_weight': 6}. Best is trial 0 with value: 0.9154228855721394.
[I 2026-03-24 15:39:36,380] Trial 196 finished with value: 0.91 and parameters: {'n_estimators': 240, 'max_depth': 23, 'learning_rate': 0.08414806315691582, 'reg_alpha': 0.007369703663898356, 'reg_lambda': 7.107026930402736e-06, 'min_child_weight': 1}. Best is trial 0 with value: 0.9154228855721394.
[I 2026-03-24 15:39:36,525] Trial 197 finished with value: 0.9154228855721394 and parameters: {'n_estimators': 964, 'max_depth': 33, 'learning_rate': 0.01940493346733076, 'reg_alpha': 0.0005413054398981018, 'reg_lambda': 6.864812180654474e-08, 'min_child_weight': 4}. Best is trial 0 with value: 0.9154228855721394.
[I 2026-03-24 15:39:36,578] Trial 198 finished with value: 0.9154228855721394 and parameters: {'n_estimators': 209, 'max_depth': 30, 'learning_rate': 0.0010667978651687114, 'reg_alpha': 0.024495716143084847, 'reg_lambda': 1.436426359828947e-06, 'min_child_weight': 7}. Best is trial 0 with value: 0.9154228855721394.
[I 2026-03-24 15:39:36,705] Trial 199 finished with value: 0.9154228855721394 and parameters: {'n_estimators': 841, 'max_depth': 48, 'learning_rate': 0.01704903473638363, 'reg_alpha': 2.3496259941770694e-05, 'reg_lambda': 1.395000701078569e-07, 'min_child_weight': 6}. Best is trial 0 with value: 0.9154228855721394.
[I 2026-03-24 15:39:36,823] Trial 200 finished with value: 0.9154228855721394 and parameters: {'n_estimators': 457, 'max_depth': 16, 'learning_rate': 0.001673710230165012, 'reg_alpha': 5.846697842946634e-05, 'reg_lambda': 6.810854997045001e-07, 'min_child_weight': 1}. Best is trial 0 with value: 0.9154228855721394.
[I 2026-03-24 15:39:36,939] Trial 201 finished with value: 0.9154228855721394 and parameters: {'n_estimators': 739, 'max_depth': 40, 'learning_rate': 0.004679934571965527, 'reg_alpha': 1.5611291247961122e-05, 'reg_lambda': 0.00012310044065445957, 'min_child_weight': 2}. Best is trial 0 with value: 0.9154228855721394.
[I 2026-03-24 15:39:37,052] Trial 202 finished with value: 0.9154228855721394 and parameters: {'n_estimators': 721, 'max_depth': 41, 'learning_rate': 0.004287668207471627, 'reg_alpha': 8.471262717573362e-06, 'reg_lambda': 0.0008288994728376522, 'min_child_weight': 3}. Best is trial 0 with value: 0.9154228855721394.
[I 2026-03-24 15:39:37,172] Trial 203 finished with value: 0.9154228855721394 and parameters: {'n_estimators': 767, 'max_depth': 10, 'learning_rate': 0.005746610348644359, 'reg_alpha': 6.562776661217412e-06, 'reg_lambda': 1.7580733924833103e-08, 'min_child_weight': 2}. Best is trial 0 with value: 0.9154228855721394.
[I 2026-03-24 15:39:37,349] Trial 204 finished with value: 0.9154228855721394 and parameters: {'n_estimators': 796, 'max_depth': 29, 'learning_rate': 0.005065419217074054, 'reg_alpha': 4.347367068414037e-06, 'reg_lambda': 0.003793279070923499, 'min_child_weight': 1}. Best is trial 0 with value: 0.9154228855721394.
[I 2026-03-24 15:39:37,457] Trial 205 finished with value: 0.9154228855721394 and parameters: {'n_estimators': 690, 'max_depth': 36, 'learning_rate': 0.02205409082228153, 'reg_alpha': 1.0902869699266251e-05, 'reg_lambda': 0.0005894316575446603, 'min_child_weight': 5}. Best is trial 0 with value: 0.9154228855721394.
[I 2026-03-24 15:39:37,578] Trial 206 finished with value: 0.9154228855721394 and parameters: {'n_estimators': 764, 'max_depth': 44, 'learning_rate': 0.007021099912861604, 'reg_alpha': 3.8326547090080275e-05, 'reg_lambda': 6.201805507976447e-05, 'min_child_weight': 3}. Best is trial 0 with value: 0.9154228855721394.
[I 2026-03-24 15:39:37,700] Trial 207 finished with value: 0.9154228855721394 and parameters: {'n_estimators': 789, 'max_depth': 26, 'learning_rate': 0.0012365259652058766, 'reg_alpha': 0.049974149444967586, 'reg_lambda': 0.0002011654941674469, 'min_child_weight': 4}. Best is trial 0 with value: 0.9154228855721394.
[I 2026-03-24 15:39:37,754] Trial 208 finished with value: 0.9154228855721394 and parameters: {'n_estimators': 220, 'max_depth': 32, 'learning_rate': 0.006131781192006844, 'reg_alpha': 0.0013984496581140743, 'reg_lambda': 0.01885829834922486, 'min_child_weight': 2}. Best is trial 0 with value: 0.9154228855721394.
[I 2026-03-24 15:39:37,871] Trial 209 finished with value: 0.9154228855721394 and parameters: {'n_estimators': 752, 'max_depth': 50, 'learning_rate': 0.041119651734104576, 'reg_alpha': 9.119792089093414e-08, 'reg_lambda': 1.805503504511702e-05, 'min_child_weight': 3}. Best is trial 0 with value: 0.9154228855721394.
[I 2026-03-24 15:39:38,015] Trial 210 finished with value: 0.9154228855721394 and parameters: {'n_estimators': 617, 'max_depth': 27, 'learning_rate': 0.002698125050609601, 'reg_alpha': 0.0007170058458527989, 'reg_lambda': 2.251936953002604e-06, 'min_child_weight': 1}. Best is trial 0 with value: 0.9154228855721394.
[I 2026-03-24 15:39:38,144] Trial 211 finished with value: 0.9154228855721394 and parameters: {'n_estimators': 866, 'max_depth': 35, 'learning_rate': 0.002298673927984932, 'reg_alpha': 0.11302525362161717, 'reg_lambda': 0.00011539772368667973, 'min_child_weight': 7}. Best is trial 0 with value: 0.9154228855721394.
[I 2026-03-24 15:39:38,209] Trial 212 finished with value: 0.9154228855721394 and parameters: {'n_estimators': 311, 'max_depth': 36, 'learning_rate': 0.002566371507735911, 'reg_alpha': 0.32113562802206186, 'reg_lambda': 0.0003107994356693345, 'min_child_weight': 7}. Best is trial 0 with value: 0.9154228855721394.
[I 2026-03-24 15:39:38,266] Trial 213 finished with value: 0.9154228855721394 and parameters: {'n_estimators': 262, 'max_depth': 34, 'learning_rate': 0.002993472076936299, 'reg_alpha': 0.03298636942927848, 'reg_lambda': 0.0022063483339106256, 'min_child_weight': 7}. Best is trial 0 with value: 0.9154228855721394.
[I 2026-03-24 15:39:38,380] Trial 214 finished with value: 0.9154228855721394 and parameters: {'n_estimators': 726, 'max_depth': 37, 'learning_rate': 0.0037941937350449784, 'reg_alpha': 0.23523904894539036, 'reg_lambda': 1.2187666042620928e-05, 'min_child_weight': 7}. Best is trial 0 with value: 0.9154228855721394.
[I 2026-03-24 15:39:38,443] Trial 215 finished with value: 0.9154228855721394 and parameters: {'n_estimators': 293, 'max_depth': 6, 'learning_rate': 0.0021014960092824515, 'reg_alpha': 0.015188811133497194, 'reg_lambda': 0.007378613764692767, 'min_child_weight': 5}. Best is trial 0 with value: 0.9154228855721394.
[I 2026-03-24 15:39:38,509] Trial 216 finished with value: 0.9154228855721394 and parameters: {'n_estimators': 319, 'max_depth': 22, 'learning_rate': 0.029893606587833563, 'reg_alpha': 0.00036735671613005245, 'reg_lambda': 3.667375783877009e-08, 'min_child_weight': 6}. Best is trial 0 with value: 0.9154228855721394.
[I 2026-03-24 15:39:38,578] Trial 217 finished with value: 0.9154228855721394 and parameters: {'n_estimators': 363, 'max_depth': 38, 'learning_rate': 0.00891114552734522, 'reg_alpha': 1.0574593333246519e-06, 'reg_lambda': 0.00018660529174980328, 'min_child_weight': 9}. Best is trial 0 with value: 0.9154228855721394.
[I 2026-03-24 15:39:38,685] Trial 218 finished with value: 0.9154228855721394 and parameters: {'n_estimators': 676, 'max_depth': 49, 'learning_rate': 0.001844944829313586, 'reg_alpha': 0.15765532662091472, 'reg_lambda': 8.33730171115737e-05, 'min_child_weight': 8}. Best is trial 0 with value: 0.9154228855721394.
[I 2026-03-24 15:39:38,751] Trial 219 finished with value: 0.9154228855721394 and parameters: {'n_estimators': 340, 'max_depth': 33, 'learning_rate': 0.003332726869974521, 'reg_alpha': 0.5804746954262805, 'reg_lambda': 0.0013813902019597867, 'min_child_weight': 6}. Best is trial 0 with value: 0.9154228855721394.
[I 2026-03-24 15:39:38,806] Trial 220 finished with value: 0.9154228855721394 and parameters: {'n_estimators': 233, 'max_depth': 35, 'learning_rate': 0.016039733549865036, 'reg_alpha': 5.171726276067562e-06, 'reg_lambda': 0.0003633789649546062, 'min_child_weight': 3}. Best is trial 0 with value: 0.9154228855721394.
[I 2026-03-24 15:39:38,871] Trial 221 finished with value: 0.9154228855721394 and parameters: {'n_estimators': 326, 'max_depth': 42, 'learning_rate': 0.003203803973610772, 'reg_alpha': 0.0001783808754157926, 'reg_lambda': 5.126745342741542e-07, 'min_child_weight': 8}. Best is trial 0 with value: 0.9154228855721394.
[I 2026-03-24 15:39:38,934] Trial 222 finished with value: 0.9154228855721394 and parameters: {'n_estimators': 298, 'max_depth': 45, 'learning_rate': 0.0027343315064302354, 'reg_alpha': 0.00013508208837530116, 'reg_lambda': 2.5398389529442122e-05, 'min_child_weight': 9}. Best is trial 0 with value: 0.9154228855721394.
[I 2026-03-24 15:39:38,995] Trial 223 finished with value: 0.9154228855721394 and parameters: {'n_estimators': 276, 'max_depth': 43, 'learning_rate': 0.004458368423954612, 'reg_alpha': 0.00027856477400843403, 'reg_lambda': 3.368189818722652e-05, 'min_child_weight': 7}. Best is trial 0 with value: 0.9154228855721394.
[I 2026-03-24 15:39:39,052] Trial 224 finished with value: 0.9154228855721394 and parameters: {'n_estimators': 252, 'max_depth': 43, 'learning_rate': 0.002341975135987762, 'reg_alpha': 0.009848487993432539, 'reg_lambda': 3.5907709145079108e-06, 'min_child_weight': 8}. Best is trial 0 with value: 0.9154228855721394.
[I 2026-03-24 15:39:39,194] Trial 225 finished with value: 0.9154228855721394 and parameters: {'n_estimators': 948, 'max_depth': 45, 'learning_rate': 0.003585299155099733, 'reg_alpha': 9.354656956781929e-05, 'reg_lambda': 5.388023335984479e-05, 'min_child_weight': 7}. Best is trial 0 with value: 0.9154228855721394.
[I 2026-03-24 15:39:39,329] Trial 226 finished with value: 0.9154228855721394 and parameters: {'n_estimators': 909, 'max_depth': 41, 'learning_rate': 0.009874345387267893, 'reg_alpha': 2.5169873247370046e-06, 'reg_lambda': 0.00015417999423534268, 'min_child_weight': 10}. Best is trial 0 with value: 0.9154228855721394.
[I 2026-03-24 15:39:39,435] Trial 227 finished with value: 0.91 and parameters: {'n_estimators': 564, 'max_depth': 20, 'learning_rate': 0.06109416127720096, 'reg_alpha': 0.000497561851755546, 'reg_lambda': 0.004980477465506153, 'min_child_weight': 1}. Best is trial 0 with value: 0.9154228855721394.
[I 2026-03-24 15:39:39,496] Trial 228 finished with value: 0.9154228855721394 and parameters: {'n_estimators': 287, 'max_depth': 12, 'learning_rate': 0.0049699621994261185, 'reg_alpha': 0.02241344302292379, 'reg_lambda': 2.2077474444568636e-05, 'min_child_weight': 4}. Best is trial 0 with value: 0.9154228855721394.
[I 2026-03-24 15:39:39,594] Trial 229 finished with value: 0.9154228855721394 and parameters: {'n_estimators': 602, 'max_depth': 23, 'learning_rate': 0.0029177116878793953, 'reg_alpha': 0.09265234617140253, 'reg_lambda': 0.22546860513711878, 'min_child_weight': 9}. Best is trial 0 with value: 0.9154228855721394.
[I 2026-03-24 15:39:39,705] Trial 230 finished with value: 0.9154228855721394 and parameters: {'n_estimators': 704, 'max_depth': 48, 'learning_rate': 0.03258943191508093, 'reg_alpha': 0.032772308596660985, 'reg_lambda': 1.615290784297204e-05, 'min_child_weight': 7}. Best is trial 0 with value: 0.9154228855721394.
[I 2026-03-24 15:39:39,783] Trial 231 finished with value: 0.9154228855721394 and parameters: {'n_estimators': 438, 'max_depth': 37, 'learning_rate': 0.008036521633800404, 'reg_alpha': 0.0026194356747137144, 'reg_lambda': 0.021852410017169702, 'min_child_weight': 8}. Best is trial 0 with value: 0.9154228855721394.
[I 2026-03-24 15:39:39,854] Trial 232 finished with value: 0.9154228855721394 and parameters: {'n_estimators': 370, 'max_depth': 39, 'learning_rate': 0.006809801642858185, 'reg_alpha': 0.005767746147965212, 'reg_lambda': 1.4926324886131271e-06, 'min_child_weight': 8}. Best is trial 0 with value: 0.9154228855721394.
[I 2026-03-24 15:39:39,928] Trial 233 finished with value: 0.9154228855721394 and parameters: {'n_estimators': 392, 'max_depth': 36, 'learning_rate': 0.017719986756483386, 'reg_alpha': 9.283187361697004e-06, 'reg_lambda': 2.975422657618158e-07, 'min_child_weight': 6}. Best is trial 0 with value: 0.9154228855721394.
[I 2026-03-24 15:39:40,073] Trial 234 finished with value: 0.9154228855721394 and parameters: {'n_estimators': 999, 'max_depth': 37, 'learning_rate': 0.007540013955739677, 'reg_alpha': 0.0032823974675847377, 'reg_lambda': 0.01305773983260375, 'min_child_weight': 9}. Best is trial 0 with value: 0.9154228855721394.
[I 2026-03-24 15:39:40,139] Trial 235 finished with value: 0.9154228855721394 and parameters: {'n_estimators': 330, 'max_depth': 9, 'learning_rate': 0.005469712841061525, 'reg_alpha': 0.00128169708929869, 'reg_lambda': 0.5738416916974107, 'min_child_weight': 7}. Best is trial 0 with value: 0.9154228855721394.
[I 2026-03-24 15:39:40,244] Trial 236 finished with value: 0.9154228855721394 and parameters: {'n_estimators': 406, 'max_depth': 15, 'learning_rate': 0.004139356669997916, 'reg_alpha': 0.00086306233235371, 'reg_lambda': 0.04432193059188156, 'min_child_weight': 1}. Best is trial 0 with value: 0.9154228855721394.
[I 2026-03-24 15:39:40,321] Trial 237 finished with value: 0.9154228855721394 and parameters: {'n_estimators': 427, 'max_depth': 34, 'learning_rate': 0.013746083651439596, 'reg_alpha': 1.4440394002037993e-08, 'reg_lambda': 8.674010756387878e-07, 'min_child_weight': 10}. Best is trial 0 with value: 0.9154228855721394.
[I 2026-03-24 15:39:40,403] Trial 238 finished with value: 0.9154228855721394 and parameters: {'n_estimators': 485, 'max_depth': 30, 'learning_rate': 0.006453551638231069, 'reg_alpha': 0.009400859085105719, 'reg_lambda': 5.801399476347746e-06, 'min_child_weight': 8}. Best is trial 0 with value: 0.9154228855721394.
[I 2026-03-24 15:39:40,536] Trial 239 finished with value: 0.9154228855721394 and parameters: {'n_estimators': 890, 'max_depth': 38, 'learning_rate': 0.005948984800327925, 'reg_alpha': 0.0004180063194308261, 'reg_lambda': 0.10987705150411124, 'min_child_weight': 3}. Best is trial 0 with value: 0.9154228855721394.
[I 2026-03-24 15:39:40,678] Trial 240 finished with value: 0.9154228855721394 and parameters: {'n_estimators': 969, 'max_depth': 40, 'learning_rate': 0.015053358005793892, 'reg_alpha': 0.00021373463484199496, 'reg_lambda': 0.009340227898262556, 'min_child_weight': 6}. Best is trial 0 with value: 0.9154228855721394.
[I 2026-03-24 15:39:40,730] Trial 241 finished with value: 0.9154228855721394 and parameters: {'n_estimators': 218, 'max_depth': 46, 'learning_rate': 0.011415024298469047, 'reg_alpha': 3.4320243788087653e-06, 'reg_lambda': 0.000891711662976217, 'min_child_weight': 5}. Best is trial 0 with value: 0.9154228855721394.
[I 2026-03-24 15:39:40,781] Trial 242 finished with value: 0.9154228855721394 and parameters: {'n_estimators': 204, 'max_depth': 45, 'learning_rate': 0.02054501088719011, 'reg_alpha': 1.4975531592302925e-06, 'reg_lambda': 0.0005926177197532324, 'min_child_weight': 5}. Best is trial 0 with value: 0.9154228855721394.
[I 2026-03-24 15:39:40,835] Trial 243 finished with value: 0.9154228855721394 and parameters: {'n_estimators': 233, 'max_depth': 44, 'learning_rate': 0.012530104295631042, 'reg_alpha': 1.8377101365365002e-06, 'reg_lambda': 0.0002959434122287162, 'min_child_weight': 5}. Best is trial 0 with value: 0.9154228855721394.
[I 2026-03-24 15:39:40,902] Trial 244 finished with value: 0.9154228855721394 and parameters: {'n_estimators': 349, 'max_depth': 47, 'learning_rate': 0.009618655398807022, 'reg_alpha': 2.768522315655812e-06, 'reg_lambda': 0.0032204908782817987, 'min_child_weight': 4}. Best is trial 0 with value: 0.9154228855721394.
[I 2026-03-24 15:39:40,958] Trial 245 finished with value: 0.9154228855721394 and parameters: {'n_estimators': 243, 'max_depth': 24, 'learning_rate': 0.010390367676016232, 'reg_alpha': 5.35862437133553e-07, 'reg_lambda': 1.2784493916092123e-08, 'min_child_weight': 5}. Best is trial 0 with value: 0.9154228855721394.
[I 2026-03-24 15:39:41,061] Trial 246 finished with value: 0.9154228855721394 and parameters: {'n_estimators': 646, 'max_depth': 28, 'learning_rate': 0.0025121054401006887, 'reg_alpha': 4.848489048459048e-06, 'reg_lambda': 1.0942084581856538e-05, 'min_child_weight': 2}. Best is trial 0 with value: 0.9154228855721394.
[I 2026-03-24 15:39:41,125] Trial 247 finished with value: 0.9154228855721394 and parameters: {'n_estimators': 313, 'max_depth': 50, 'learning_rate': 0.0011337909909292375, 'reg_alpha': 7.320061671255072e-07, 'reg_lambda': 0.0002192173523013443, 'min_child_weight': 7}. Best is trial 0 with value: 0.9154228855721394.
[I 2026-03-24 15:39:41,206] Trial 248 finished with value: 0.9154228855721394 and parameters: {'n_estimators': 455, 'max_depth': 19, 'learning_rate': 0.018213202500988165, 'reg_alpha': 0.014436712597200413, 'reg_lambda': 9.124608114967185e-05, 'min_child_weight': 5}. Best is trial 0 with value: 0.9154228855721394.
[I 2026-03-24 15:39:41,355] Trial 249 finished with value: 0.9154228855721394 and parameters: {'n_estimators': 830, 'max_depth': 21, 'learning_rate': 0.02598935927758963, 'reg_alpha': 1.1768098707039112e-05, 'reg_lambda': 0.043938466433272746, 'min_child_weight': 1}. Best is trial 0 with value: 0.9154228855721394.
