[I 2026-03-26 15:30:39,220] Trial 59 finished with value: 0.0 and parameters: {'sample_idx': 11034}. Best is trial 4 with value: 0.495.
累积trials数: 60
采样了 10 个点
OK: nan
OK: nan
OK: 97%
OK: 97%
OK: 99%
OK: 25%
[TPE] Itr 5 finished: drop_classes: [3, 6, 7, 8]

[TPE] Sampling finished.
[TPE] OK samples: ['COc1cc(I)c(C=O)cn1', 'CCOc1ccc2nc(Cl)c(C=O)cc2c1', 'COc1cc(N)ccc1C=O', 'N#Cc1cnc(Cl)c(C=O)c1', 'O=Cc1cnc2ccc(F)cn12', 'CN(C)C(=O)Oc1ccc(C=O)cc1', 'O=Cc1cccnc1OCC(F)F', 'O=Cc1cc([N+](=O)[O-])c(Br)cc1F', 'O=Cc1ccnc(N2CCOCC2)c1', 'O=Cc1ccc(C(F)F)cn1', 'O=Cc1ccc(C(F)(F)F)nc1', 'COc1cc(Cl)ncc1C=O', 'COc1cc(C=O)cc(F)c1OC', 'O=Cc1cccc2cccc(Br)c12', 'O=Cc1c(F)cc(Br)cc1F', 'C#Cc1ccc(C=O)s1', 'COc1cccc(-c2ccc(C=O)cc2C)c1OC', 'COC(=O)c1ccc(C(=O)OC)c(-c2ccc(C=O)o2)c1', 'CN(C)Cc1cccc(C=O)c1', 'CCOC(=O)c1oc2ccc(C=O)c(Cl)c2c1C', 'O=Cc1ccc(Sc2ccc(Cl)cc2)c([N+](=O)[O-])c1', 'O=Cc1cc(F)cc(OC(F)(F)F)c1', 'O=Cc1ccc(Sc2ccccn2)o1', 'Cc1cc(C=O)cc(I)c1F', 'C#Cc1cc2c(cc1C=O)OCO2', 'O=Cc1cnc2ccc(F)cc2c1Cl', 'O=Cc1cc(Br)ccc1[N+](=O)[O-]', 'COc1c(F)ccc(Br)c1C=O', 'C#Cc1csc(C=O)c1', 'Cc1csc(C=O)c1Cl', 'CC(C)Oc1cc(Br)ccc1C=O', 'Cc1cc(C=O)ccc1-n1cccn1', 'O=Cc1cc(F)c(Cl)nc1Cl', 'O=Cc1cc(F)ccc1F', 'COc1cc(C=O)cc(Cl)c1OC1CCCC1', 'CCc1cccc2cc(C=O)c(Cl)nc12']
[TPE] Dropped samples: 24
========== Seed 1 finished ==========


========== Running with seed=2 ==========

=== 预采样阶段: 计算缩放因子 (n=10) ===
预采样统计:
  熵: mean=5346.9032, std=0.0000
  反应产率: mean=0.0730, std=0.2190
  熵缩放因子: 1.000000
  预采样 OK: 1, Drop: 9
[I 2026-03-26 15:31:01,653] A new study created in memory with name: no-name-741e2291-e2fb-4a9d-898a-c6a00e55644e
[SAVE] Itr 1: saved after 10 samplings (pre-sampled)

=== 初始TPE阶段: 运行 10 trials 建立先验 ===
[I 2026-03-26 15:31:02,417] Trial 0 finished with value: 0.0 and parameters: {'sample_idx': 14454}. Best is trial 0 with value: 0.0.
[I 2026-03-26 15:31:02,952] Trial 1 finished with value: 0.0 and parameters: {'sample_idx': 859}. Best is trial 0 with value: 0.0.
[I 2026-03-26 15:31:03,516] Trial 2 finished with value: 0.0 and parameters: {'sample_idx': 18222}. Best is trial 0 with value: 0.0.
[I 2026-03-26 15:31:04,055] Trial 3 finished with value: 0.495 and parameters: {'sample_idx': 14431}. Best is trial 3 with value: 0.495.
[I 2026-03-26 15:31:04,597] Trial 4 finished with value: 0.0 and parameters: {'sample_idx': 13936}. Best is trial 3 with value: 0.495.
[I 2026-03-26 15:31:05,133] Trial 5 finished with value: 0.0 and parameters: {'sample_idx': 10951}. Best is trial 3 with value: 0.495.
[I 2026-03-26 15:31:05,706] Trial 6 finished with value: 0.0 and parameters: {'sample_idx': 6784}. Best is trial 3 with value: 0.495.
[I 2026-03-26 15:31:06,280] Trial 7 finished with value: 0.49 and parameters: {'sample_idx': 20530}. Best is trial 3 with value: 0.495.
[I 2026-03-26 15:31:06,847] Trial 8 finished with value: 0.0 and parameters: {'sample_idx': 9934}. Best is trial 3 with value: 0.495.
[I 2026-03-26 15:31:07,423] Trial 9 finished with value: 0.495 and parameters: {'sample_idx': 8845}. Best is trial 3 with value: 0.495.
初始trials完成，总trials数: 10

[TPE] Itr 1 start
可用数据数量: 33152
[I 2026-03-26 15:31:09,790] Trial 10 finished with value: 0.26 and parameters: {'sample_idx': 29274}. Best is trial 3 with value: 0.495.
[I 2026-03-26 15:31:10,340] Trial 11 finished with value: 0.0 and parameters: {'sample_idx': 24229}. Best is trial 3 with value: 0.495.
[I 2026-03-26 15:31:10,918] Trial 12 finished with value: 0.0 and parameters: {'sample_idx': 3880}. Best is trial 3 with value: 0.495.
[I 2026-03-26 15:31:11,464] Trial 13 finished with value: 0.475 and parameters: {'sample_idx': 9327}. Best is trial 3 with value: 0.495.
[I 2026-03-26 15:31:12,018] Trial 14 finished with value: 0.0 and parameters: {'sample_idx': 23402}. Best is trial 3 with value: 0.495.
[I 2026-03-26 15:31:12,554] Trial 15 finished with value: 0.43 and parameters: {'sample_idx': 15867}. Best is trial 3 with value: 0.495.
[I 2026-03-26 15:31:13,107] Trial 16 finished with value: 0.0 and parameters: {'sample_idx': 5236}. Best is trial 3 with value: 0.495.
[I 2026-03-26 15:31:13,643] Trial 17 finished with value: 0.23 and parameters: {'sample_idx': 12744}. Best is trial 3 with value: 0.495.
[I 2026-03-26 15:31:14,174] Trial 18 finished with value: 0.0 and parameters: {'sample_idx': 827}. Best is trial 3 with value: 0.495.
[I 2026-03-26 15:31:14,695] Trial 19 finished with value: 0.49 and parameters: {'sample_idx': 32508}. Best is trial 3 with value: 0.495.
累积trials数: 20
采样了 10 个点
OK: nan
OK: nan
OK: nan
OK: 98%
OK: nan
OK: nan
OK: nan
OK: nan
[SAVE] Itr 2: saved after 20 samplings
[TPE] Itr 1 finished: drop_classes: [8, 9]

[TPE] Itr 2 start
可用数据数量: 33140
[I 2026-03-26 15:31:26,087] Trial 20 finished with value: 0.0 and parameters: {'sample_idx': 17982}. Best is trial 3 with value: 0.495.
[I 2026-03-26 15:31:26,662] Trial 21 finished with value: 0.0 and parameters: {'sample_idx': 22337}. Best is trial 3 with value: 0.495.
[I 2026-03-26 15:31:27,254] Trial 22 finished with value: 0.0 and parameters: {'sample_idx': 19706}. Best is trial 3 with value: 0.495.
[I 2026-03-26 15:31:27,835] Trial 23 finished with value: 0.0 and parameters: {'sample_idx': 21117}. Best is trial 3 with value: 0.495.
[I 2026-03-26 15:31:28,428] Trial 24 finished with value: 0.465 and parameters: {'sample_idx': 26274}. Best is trial 3 with value: 0.495.
[I 2026-03-26 15:31:29,069] Trial 25 finished with value: 0.0 and parameters: {'sample_idx': 7235}. Best is trial 3 with value: 0.495.
[I 2026-03-26 15:31:29,577] Trial 26 finished with value: 0.0 and parameters: {'sample_idx': 16724}. Best is trial 3 with value: 0.495.
[I 2026-03-26 15:31:30,173] Trial 27 finished with value: 0.0 and parameters: {'sample_idx': 11931}. Best is trial 3 with value: 0.495.
[I 2026-03-26 15:31:30,758] Trial 28 finished with value: 0.425 and parameters: {'sample_idx': 26384}. Best is trial 3 with value: 0.495.
[I 2026-03-26 15:31:31,396] Trial 29 finished with value: 0.0 and parameters: {'sample_idx': 14883}. Best is trial 3 with value: 0.495.
累积trials数: 30
采样了 10 个点
OK: nan
OK: nan
OK: 99%
OK: nan
OK: nan
[SAVE] Itr 3: saved after 30 samplings
[TPE] Itr 2 finished: drop_classes: [0, 4, 6, 8, 9]

[TPE] Itr 3 start
可用数据数量: 33127
[I 2026-03-26 15:31:42,791] Trial 30 finished with value: 0.0 and parameters: {'sample_idx': 19866}. Best is trial 3 with value: 0.495.
[I 2026-03-26 15:31:43,309] Trial 31 finished with value: 0.0 and parameters: {'sample_idx': 30744}. Best is trial 3 with value: 0.495.
[I 2026-03-26 15:31:43,856] Trial 32 finished with value: 0.42 and parameters: {'sample_idx': 28441}. Best is trial 3 with value: 0.495.
[I 2026-03-26 15:31:44,399] Trial 33 finished with value: 0.49 and parameters: {'sample_idx': 32945}. Best is trial 3 with value: 0.495.
[I 2026-03-26 15:31:44,909] Trial 34 finished with value: 0.0 and parameters: {'sample_idx': 8922}. Best is trial 3 with value: 0.495.
[I 2026-03-26 15:31:45,425] Trial 35 finished with value: 0.0 and parameters: {'sample_idx': 2267}. Best is trial 3 with value: 0.495.
[I 2026-03-26 15:31:45,942] Trial 36 finished with value: 0.48 and parameters: {'sample_idx': 13596}. Best is trial 3 with value: 0.495.
[I 2026-03-26 15:31:46,457] Trial 37 finished with value: 0.275 and parameters: {'sample_idx': 7524}. Best is trial 3 with value: 0.495.
[I 2026-03-26 15:31:47,001] Trial 38 finished with value: 0.475 and parameters: {'sample_idx': 32703}. Best is trial 3 with value: 0.495.
[I 2026-03-26 15:31:47,443] Trial 39 finished with value: 0.0 and parameters: {'sample_idx': 11649}. Best is trial 3 with value: 0.495.
累积trials数: 40
采样了 10 个点
OK: 47%
OK: 98%
OK: nan
OK: 95%
OK: nan
[SAVE] Itr 4: saved after 40 samplings
[TPE] Itr 3 finished: drop_classes: [0, 1, 2, 6, 9]

[TPE] Itr 4 start
可用数据数量: 33113
[I 2026-03-26 15:31:57,823] Trial 40 finished with value: 0.0 and parameters: {'sample_idx': 17705}. Best is trial 3 with value: 0.495.
[I 2026-03-26 15:31:58,372] Trial 41 finished with value: 0.0 and parameters: {'sample_idx': 31954}. Best is trial 3 with value: 0.495.
[I 2026-03-26 15:31:58,929] Trial 42 finished with value: 0.495 and parameters: {'sample_idx': 29154}. Best is trial 3 with value: 0.495.
[I 2026-03-26 15:31:59,475] Trial 43 finished with value: 0.485 and parameters: {'sample_idx': 29487}. Best is trial 3 with value: 0.495.
[I 2026-03-26 15:32:00,020] Trial 44 finished with value: 0.0 and parameters: {'sample_idx': 26355}. Best is trial 3 with value: 0.495.
[I 2026-03-26 15:32:00,571] Trial 45 finished with value: 0.0 and parameters: {'sample_idx': 27786}. Best is trial 3 with value: 0.495.
[I 2026-03-26 15:32:01,121] Trial 46 finished with value: 0.0 and parameters: {'sample_idx': 24718}. Best is trial 3 with value: 0.495.
[I 2026-03-26 15:32:01,613] Trial 47 finished with value: 0.0 and parameters: {'sample_idx': 30859}. Best is trial 3 with value: 0.495.
[I 2026-03-26 15:32:02,077] Trial 48 finished with value: 0.42 and parameters: {'sample_idx': 4375}. Best is trial 3 with value: 0.495.
[I 2026-03-26 15:32:02,625] Trial 49 finished with value: 0.0 and parameters: {'sample_idx': 9920}. Best is trial 3 with value: 0.495.
累积trials数: 50
采样了 10 个点
OK: nan
OK: nan
OK: 68%
OK: 94%
OK: nan
OK: nan
OK: nan
OK: 99%
[SAVE] Itr 5: saved after 50 samplings
[TPE] Itr 4 finished: drop_classes: [0, 1]

[TPE] Itr 5 start
可用数据数量: 33100
[I 2026-03-26 15:32:13,211] Trial 50 finished with value: 0.0 and parameters: {'sample_idx': 14890}. Best is trial 3 with value: 0.495.
[I 2026-03-26 15:32:13,769] Trial 51 finished with value: 0.475 and parameters: {'sample_idx': 32781}. Best is trial 3 with value: 0.495.
[I 2026-03-26 15:32:14,367] Trial 52 finished with value: 0.0 and parameters: {'sample_idx': 31309}. Best is trial 3 with value: 0.495.
[I 2026-03-26 15:32:14,951] Trial 53 finished with value: 0.0 and parameters: {'sample_idx': 29680}. Best is trial 3 with value: 0.495.
[I 2026-03-26 15:32:15,542] Trial 54 finished with value: 0.485 and parameters: {'sample_idx': 28136}. Best is trial 3 with value: 0.495.
[I 2026-03-26 15:32:16,175] Trial 55 finished with value: 0.47 and parameters: {'sample_idx': 32987}. Best is trial 3 with value: 0.495.
[I 2026-03-26 15:32:16,772] Trial 56 finished with value: 0.0 and parameters: {'sample_idx': 22420}. Best is trial 3 with value: 0.495.
[I 2026-03-26 15:32:17,360] Trial 57 finished with value: 0.0 and parameters: {'sample_idx': 25385}. Best is trial 3 with value: 0.495.
[I 2026-03-26 15:32:17,948] Trial 58 finished with value: 0.0 and parameters: {'sample_idx': 30181}. Best is trial 3 with value: 0.495.
[I 2026-03-26 15:32:18,524] Trial 59 finished with value: 0.0 and parameters: {'sample_idx': 16821}. Best is trial 3 with value: 0.495.
累积trials数: 60
采样了 10 个点
OK: nan
OK: nan
OK: 99%
OK: 88%
OK: nan
OK: nan
OK: nan
[TPE] Itr 5 finished: drop_classes: [0, 2, 8]

[TPE] Sampling finished.
[TPE] OK samples: ['O=Cc1cc2c(ccc3cc(C=O)sc32)s1', 'Cc1cc(C(=O)O)ccc1C=O', 'O=Cc1ccc(OC(F)F)c([N+](=O)[O-])c1', 'Nc1cnc(Br)cc1C=O', 'Cc1ccc(F)c(C=O)c1', 'COCOc1ccc(Cl)cc1C=O', 'O=Cc1ccccc1-c1cccnc1', 'O=Cc1cn(-c2ccccc2)nc1-c1ccc(Br)s1', 'O=Cc1cc(OC(F)(F)F)cc([N+](=O)[O-])c1', 'Cc1cc(C=O)cc(Br)c1[N+](=O)[O-]', 'CC(C)c1ccc(C=O)cc1C(F)(F)F', 'O=Cc1ccc([N+](=O)[O-])cc1C(F)(F)F', 'O=Cc1cc(F)ccc1C(=O)O', 'O=Cc1cccc(Cl)c1', 'COC(=O)Cc1cccc(C=O)c1', 'O=Cc1cc(Br)c(F)cc1F', 'COCCCOc1cccc(C=O)c1', 'O=Cc1cc(Br)ccc1OC(F)(F)F', 'Cc1cc(C=O)ncc1[N+](=O)[O-]', 'C=C(CCO)C(=O)OCc1ccc(C=O)o1', 'O=Cc1cc(Br)co1', 'Cc1c(C=O)cccc1C=O', 'Cc1cc(C(C)C)ccc1C=O', 'O=Cc1occc1[N+](=O)[O-]', 'O=Cc1ccc(OCc2ccccc2)c(OCc2ccccc2)c1', 'O=Cc1c(Br)cc(F)c(F)c1F', 'Cc1c(C=O)cccc1[N+](=O)[O-]', 'CC(C)CS(=O)(=O)c1ccc(C=O)cc1', 'Cc1cc(C=O)ccc1F', 'CN(C)c1ccccc1C=O', 'O=Cc1cc(C(F)(F)F)cnc1Cl', 'CCOP(=O)(OCC)c1ccc(C=O)o1', 'O=Cc1ccc2ccccc2c1C(F)(F)F', 'O=Cc1ccccc1C(F)F']
[TPE] Dropped samples: 26
========== Seed 2 finished ==========


========== Running with seed=3 ==========

=== 预采样阶段: 计算缩放因子 (n=10) ===
预采样统计:
  熵: mean=5432.2656, std=0.0000
  反应产率: mean=0.3930, std=0.4814
  熵缩放因子: 1.000000
  预采样 OK: 4, Drop: 6
[I 2026-03-26 15:32:43,917] A new study created in memory with name: no-name-72f8c2a7-2388-4c58-8d53-92de9d168de1
[SAVE] Itr 1: saved after 10 samplings (pre-sampled)

=== 初始TPE阶段: 运行 10 trials 建立先验 ===
[I 2026-03-26 15:32:44,621] Trial 0 finished with value: 0.47 and parameters: {'sample_idx': 18260}. Best is trial 0 with value: 0.47.
[I 2026-03-26 15:32:45,192] Trial 1 finished with value: 0.0 and parameters: {'sample_idx': 23476}. Best is trial 0 with value: 0.47.
[I 2026-03-26 15:32:45,779] Trial 2 finished with value: 0.085 and parameters: {'sample_idx': 9644}. Best is trial 0 with value: 0.47.
[I 2026-03-26 15:32:46,427] Trial 3 finished with value: 0.0 and parameters: {'sample_idx': 16934}. Best is trial 0 with value: 0.47.
[I 2026-03-26 15:32:47,079] Trial 4 finished with value: 0.0 and parameters: {'sample_idx': 29602}. Best is trial 0 with value: 0.47.
[I 2026-03-26 15:32:47,672] Trial 5 finished with value: 0.0 and parameters: {'sample_idx': 29713}. Best is trial 0 with value: 0.47.
[I 2026-03-26 15:32:48,226] Trial 6 finished with value: 0.495 and parameters: {'sample_idx': 4163}. Best is trial 6 with value: 0.495.
[I 2026-03-26 15:32:48,817] Trial 7 finished with value: 0.0 and parameters: {'sample_idx': 6870}. Best is trial 6 with value: 0.495.
[I 2026-03-26 15:32:49,482] Trial 8 finished with value: 0.0 and parameters: {'sample_idx': 1706}. Best is trial 6 with value: 0.495.
[I 2026-03-26 15:32:50,059] Trial 9 finished with value: 0.0 and parameters: {'sample_idx': 14613}. Best is trial 6 with value: 0.495.
初始trials完成，总trials数: 10

[TPE] Itr 1 start
可用数据数量: 33152
[I 2026-03-26 15:32:52,881] Trial 10 finished with value: 0.0 and parameters: {'sample_idx': 1846}. Best is trial 6 with value: 0.495.
[I 2026-03-26 15:32:53,450] Trial 11 finished with value: 0.0 and parameters: {'sample_idx': 19947}. Best is trial 6 with value: 0.495.
[I 2026-03-26 15:32:54,059] Trial 12 finished with value: 0.48 and parameters: {'sample_idx': 10151}. Best is trial 6 with value: 0.495.
[I 2026-03-26 15:32:54,661] Trial 13 finished with value: 0.0 and parameters: {'sample_idx': 9499}. Best is trial 6 with value: 0.495.
[I 2026-03-26 15:32:55,281] Trial 14 finished with value: 0.0 and parameters: {'sample_idx': 6085}. Best is trial 6 with value: 0.495.
[I 2026-03-26 15:32:55,865] Trial 15 finished with value: 0.0 and parameters: {'sample_idx': 11282}. Best is trial 6 with value: 0.495.
[I 2026-03-26 15:32:56,437] Trial 16 finished with value: 0.0 and parameters: {'sample_idx': 76}. Best is trial 6 with value: 0.495.
[I 2026-03-26 15:32:57,012] Trial 17 finished with value: 0.0 and parameters: {'sample_idx': 5130}. Best is trial 6 with value: 0.495.
[I 2026-03-26 15:32:57,610] Trial 18 finished with value: 0.0 and parameters: {'sample_idx': 13280}. Best is trial 6 with value: 0.495.
[I 2026-03-26 15:32:58,195] Trial 19 finished with value: 0.075 and parameters: {'sample_idx': 4909}. Best is trial 6 with value: 0.495.
累积trials数: 20
采样了 10 个点
OK: nan
OK: nan
OK: nan
OK: nan
OK: nan
[SAVE] Itr 2: saved after 20 samplings
[TPE] Itr 1 finished: drop_classes: [5, 6, 7, 8, 9]

[TPE] Itr 2 start
可用数据数量: 33141
[I 2026-03-26 15:33:09,771] Trial 20 finished with value: 0.0 and parameters: {'sample_idx': 22767}. Best is trial 6 with value: 0.495.
[I 2026-03-26 15:33:10,304] Trial 21 finished with value: 0.0 and parameters: {'sample_idx': 17702}. Best is trial 6 with value: 0.495.
[I 2026-03-26 15:33:10,818] Trial 22 finished with value: 0.43 and parameters: {'sample_idx': 21007}. Best is trial 6 with value: 0.495.
[I 2026-03-26 15:33:11,335] Trial 23 finished with value: 0.0 and parameters: {'sample_idx': 25935}. Best is trial 6 with value: 0.495.
[I 2026-03-26 15:33:11,869] Trial 24 finished with value: 0.0 and parameters: {'sample_idx': 13404}. Best is trial 6 with value: 0.495.
[I 2026-03-26 15:33:12,375] Trial 25 finished with value: 0.48 and parameters: {'sample_idx': 8071}. Best is trial 6 with value: 0.495.
[I 2026-03-26 15:33:12,921] Trial 26 finished with value: 0.21 and parameters: {'sample_idx': 8775}. Best is trial 6 with value: 0.495.
[I 2026-03-26 15:33:13,431] Trial 27 finished with value: 0.315 and parameters: {'sample_idx': 2674}. Best is trial 6 with value: 0.495.
[I 2026-03-26 15:33:13,961] Trial 28 finished with value: 0.415 and parameters: {'sample_idx': 7570}. Best is trial 6 with value: 0.495.
[I 2026-03-26 15:33:14,451] Trial 29 finished with value: 0.0 and parameters: {'sample_idx': 11961}. Best is trial 6 with value: 0.495.
累积trials数: 30
采样了 10 个点
OK: nan
OK: nan
OK: nan
OK: nan
OK: nan
OK: nan
[SAVE] Itr 3: saved after 30 samplings
[TPE] Itr 2 finished: drop_classes: [0, 1, 8, 9]

[TPE] Itr 3 start
可用数据数量: 33131
[I 2026-03-26 15:33:24,780] Trial 30 finished with value: 0.0 and parameters: {'sample_idx': 4020}. Best is trial 6 with value: 0.495.
[I 2026-03-26 15:33:25,332] Trial 31 finished with value: 0.0 and parameters: {'sample_idx': 16183}. Best is trial 6 with value: 0.495.
[I 2026-03-26 15:33:25,861] Trial 32 finished with value: 0.0 and parameters: {'sample_idx': 10128}. Best is trial 6 with value: 0.495.
[I 2026-03-26 15:33:26,405] Trial 33 finished with value: 0.0 and parameters: {'sample_idx': 18620}. Best is trial 6 with value: 0.495.
[I 2026-03-26 15:33:26,957] Trial 34 finished with value: 0.34 and parameters: {'sample_idx': 15430}. Best is trial 6 with value: 0.495.
[I 2026-03-26 15:33:27,505] Trial 35 finished with value: 0.0 and parameters: {'sample_idx': 12051}. Best is trial 6 with value: 0.495.
[I 2026-03-26 15:33:28,049] Trial 36 finished with value: 0.425 and parameters: {'sample_idx': 25916}. Best is trial 6 with value: 0.495.
[I 2026-03-26 15:33:28,592] Trial 37 finished with value: 0.49 and parameters: {'sample_idx': 32495}. Best is trial 6 with value: 0.495.
[I 2026-03-26 15:33:29,136] Trial 38 finished with value: 0.395 and parameters: {'sample_idx': 32522}. Best is trial 6 with value: 0.495.
[I 2026-03-26 15:33:29,685] Trial 39 finished with value: 0.0 and parameters: {'sample_idx': 7054}. Best is trial 6 with value: 0.495.
累积trials数: 40
采样了 10 个点
OK: 98%
OK: nan
OK: nan
OK: 79%
OK: nan
[SAVE] Itr 4: saved after 40 samplings
[TPE] Itr 3 finished: drop_classes: [0, 2, 3, 4, 7]

[TPE] Itr 4 start
可用数据数量: 33118
[I 2026-03-26 15:33:40,865] Trial 40 finished with value: 0.485 and parameters: {'sample_idx': 8208}. Best is trial 6 with value: 0.495.
[I 2026-03-26 15:33:41,392] Trial 41 finished with value: 0.0 and parameters: {'sample_idx': 7955}. Best is trial 6 with value: 0.495.
[I 2026-03-26 15:33:41,947] Trial 42 finished with value: 0.0 and parameters: {'sample_idx': 3236}. Best is trial 6 with value: 0.495.
[I 2026-03-26 15:33:42,473] Trial 43 finished with value: 0.0 and parameters: {'sample_idx': 92}. Best is trial 6 with value: 0.495.
[I 2026-03-26 15:33:42,996] Trial 44 finished with value: 0.0 and parameters: {'sample_idx': 10297}. Best is trial 6 with value: 0.495.
[I 2026-03-26 15:33:43,507] Trial 45 finished with value: 0.275 and parameters: {'sample_idx': 8959}. Best is trial 6 with value: 0.495.
[I 2026-03-26 15:33:44,032] Trial 46 finished with value: 0.495 and parameters: {'sample_idx': 5256}. Best is trial 6 with value: 0.495.
[I 2026-03-26 15:33:44,544] Trial 47 finished with value: 0.0 and parameters: {'sample_idx': 5995}. Best is trial 6 with value: 0.495.
[I 2026-03-26 15:33:45,071] Trial 48 finished with value: 0.0 and parameters: {'sample_idx': 1400}. Best is trial 6 with value: 0.495.
[I 2026-03-26 15:33:45,638] Trial 49 finished with value: 0.0 and parameters: {'sample_idx': 4218}. Best is trial 6 with value: 0.495.
累积trials数: 50
采样了 10 个点
OK: nan
OK: 99%
OK: nan
OK: nan
OK: nan
[SAVE] Itr 5: saved after 50 samplings
[TPE] Itr 4 finished: drop_classes: [0, 5, 6, 8, 9]

[TPE] Itr 5 start
可用数据数量: 33107
[I 2026-03-26 15:33:56,714] Trial 50 finished with value: 0.0 and parameters: {'sample_idx': 5648}. Best is trial 6 with value: 0.495.
[I 2026-03-26 15:33:57,318] Trial 51 finished with value: 0.0 and parameters: {'sample_idx': 7254}. Best is trial 6 with value: 0.495.
[I 2026-03-26 15:33:57,934] Trial 52 finished with value: 0.0 and parameters: {'sample_idx': 11122}. Best is trial 6 with value: 0.495.
[I 2026-03-26 15:33:58,490] Trial 53 finished with value: 0.0 and parameters: {'sample_idx': 13224}. Best is trial 6 with value: 0.495.
[I 2026-03-26 15:33:58,999] Trial 54 finished with value: 0.47 and parameters: {'sample_idx': 8615}. Best is trial 6 with value: 0.495.
[I 2026-03-26 15:33:59,652] Trial 55 finished with value: 0.0 and parameters: {'sample_idx': 6325}. Best is trial 6 with value: 0.495.
[I 2026-03-26 15:34:00,216] Trial 56 finished with value: 0.0 and parameters: {'sample_idx': 29701}. Best is trial 6 with value: 0.495.
[I 2026-03-26 15:34:00,861] Trial 57 finished with value: 0.0 and parameters: {'sample_idx': 2964}. Best is trial 6 with value: 0.495.
[I 2026-03-26 15:34:01,466] Trial 58 finished with value: 0.0 and parameters: {'sample_idx': 4805}. Best is trial 6 with value: 0.495.
