nohup: ignoring input
(1091, 1193)
                                                  smiles  0  ...  conv  ScreenLabel
0         CCOC(=O)C[C@H]1C(=O)NCCN1c1nc2ccccn2c(=O)c1C=O  0  ...   NaN         BASE
1       COC(=O)C[C@H]1C(=O)NCCN1c1nc2ccc(C)cn2c(=O)c1C=O  0  ...   NaN         BASE
2      COC(=O)C[C@@H]1C(=O)NCCN1c1nc2c(C)cccn2c(=O)c1C=O  0  ...   NaN         BASE
3        CCOC(=O)C[C@@H]1C(=O)NCCN1c1nc2ccccn2c(=O)c1C=O  0  ...   NaN         BASE
4       COC(=O)C[C@H]1C(=O)NCCN1c1nc2c(C)cccn2c(=O)c1C=O  0  ...   NaN         BASE
...                                                  ... ..  ...   ...          ...
33157                               CCN(CC)c1ccc(C=O)cn1  0  ...   21%         BASE
33158                               O=Cc1cccc2cccc(F)c12  0  ...   93%         BASE
33159                              O=Cc1cccc2cccc(Br)c12  0  ...   25%         BASE
33160              O=Cc1ccc(-c2ccc([N+](=O)[O-])cc2Cl)o1  0  ...   15%         BASE
33161                            O=Cc1cccn1-c1ccc(Cl)cc1  0  ...   17%         BASE

[33162 rows x 1194 columns]
特征列数量: 1191

========== Running with seed=0 ==========

=== 预采样阶段: 计算缩放因子 (n=10) ===
预采样统计:
  熵: mean=5450.9755, std=0.0000
  反应产率: mean=0.2670, std=0.4094
  熵缩放因子: 1.000000
  预采样 OK: 3, Drop: 7
[I 2026-03-26 15:27:36,583] A new study created in memory with name: no-name-1e646f02-c51d-46c8-a6db-43c6c40ebd8b
[SAVE] Itr 1: saved after 10 samplings (pre-sampled)

=== 初始TPE阶段: 运行 10 trials 建立先验 ===
[I 2026-03-26 15:27:37,293] Trial 0 finished with value: 0.49 and parameters: {'sample_idx': 18194}. Best is trial 0 with value: 0.49.
[I 2026-03-26 15:27:37,827] Trial 1 finished with value: 0.0 and parameters: {'sample_idx': 23709}. Best is trial 0 with value: 0.49.
[I 2026-03-26 15:27:38,361] Trial 2 finished with value: 0.0 and parameters: {'sample_idx': 19982}. Best is trial 0 with value: 0.49.
[I 2026-03-26 15:27:38,917] Trial 3 finished with value: 0.495 and parameters: {'sample_idx': 18063}. Best is trial 3 with value: 0.495.
[I 2026-03-26 15:27:39,440] Trial 4 finished with value: 0.465 and parameters: {'sample_idx': 14045}. Best is trial 3 with value: 0.495.
[I 2026-03-26 15:27:40,082] Trial 5 finished with value: 0.0 and parameters: {'sample_idx': 21412}. Best is trial 3 with value: 0.495.
[I 2026-03-26 15:27:40,692] Trial 6 finished with value: 0.0 and parameters: {'sample_idx': 14506}. Best is trial 3 with value: 0.495.
[I 2026-03-26 15:27:41,306] Trial 7 finished with value: 0.0 and parameters: {'sample_idx': 29564}. Best is trial 3 with value: 0.495.
[I 2026-03-26 15:27:41,849] Trial 8 finished with value: 0.0 and parameters: {'sample_idx': 31947}. Best is trial 3 with value: 0.495.
[I 2026-03-26 15:27:42,418] Trial 9 finished with value: 0.0 and parameters: {'sample_idx': 12711}. Best is trial 3 with value: 0.495.
初始trials完成，总trials数: 10

[TPE] Itr 1 start
可用数据数量: 33152
[I 2026-03-26 15:27:44,981] Trial 10 finished with value: 0.435 and parameters: {'sample_idx': 2138}. Best is trial 3 with value: 0.495.
[I 2026-03-26 15:27:45,562] Trial 11 finished with value: 0.49 and parameters: {'sample_idx': 7729}. Best is trial 3 with value: 0.495.
[I 2026-03-26 15:27:46,100] Trial 12 finished with value: 0.47 and parameters: {'sample_idx': 9345}. Best is trial 3 with value: 0.495.
[I 2026-03-26 15:27:46,711] Trial 13 finished with value: 0.49 and parameters: {'sample_idx': 24273}. Best is trial 3 with value: 0.495.
[I 2026-03-26 15:27:47,269] Trial 14 finished with value: 0.495 and parameters: {'sample_idx': 18218}. Best is trial 3 with value: 0.495.
[I 2026-03-26 15:27:47,889] Trial 15 finished with value: 0.465 and parameters: {'sample_idx': 26590}. Best is trial 3 with value: 0.495.
[I 2026-03-26 15:27:48,471] Trial 16 finished with value: 0.405 and parameters: {'sample_idx': 8939}. Best is trial 3 with value: 0.495.
[I 2026-03-26 15:27:49,053] Trial 17 finished with value: 0.45 and parameters: {'sample_idx': 17162}. Best is trial 3 with value: 0.495.
[I 2026-03-26 15:27:49,613] Trial 18 finished with value: 0.0 and parameters: {'sample_idx': 432}. Best is trial 3 with value: 0.495.
[I 2026-03-26 15:27:50,214] Trial 19 finished with value: 0.495 and parameters: {'sample_idx': 5951}. Best is trial 3 with value: 0.495.
累积trials数: 20
采样了 10 个点
OK: nan
OK: nan
OK: nan
OK: nan
OK: nan
OK: nan
OK: nan
OK: nan
OK: nan
OK: nan
[SAVE] Itr 2: saved after 20 samplings
[TPE] Itr 1 finished: drop_classes: []

[TPE] Itr 2 start
可用数据数量: 33141
[I 2026-03-26 15:28:01,782] Trial 20 finished with value: 0.0 and parameters: {'sample_idx': 11733}. Best is trial 3 with value: 0.495.
[I 2026-03-26 15:28:02,368] Trial 21 finished with value: 0.0 and parameters: {'sample_idx': 4580}. Best is trial 3 with value: 0.495.
[I 2026-03-26 15:28:02,964] Trial 22 finished with value: 0.495 and parameters: {'sample_idx': 16439}. Best is trial 3 with value: 0.495.
[I 2026-03-26 15:28:03,533] Trial 23 finished with value: 0.0 and parameters: {'sample_idx': 5403}. Best is trial 3 with value: 0.495.
[I 2026-03-26 15:28:04,091] Trial 24 finished with value: 0.26 and parameters: {'sample_idx': 19154}. Best is trial 3 with value: 0.495.
[I 2026-03-26 15:28:04,692] Trial 25 finished with value: 0.0 and parameters: {'sample_idx': 23609}. Best is trial 3 with value: 0.495.
[I 2026-03-26 15:28:05,264] Trial 26 finished with value: 0.0 and parameters: {'sample_idx': 15753}. Best is trial 3 with value: 0.495.
[I 2026-03-26 15:28:05,854] Trial 27 finished with value: 0.0 and parameters: {'sample_idx': 21297}. Best is trial 3 with value: 0.495.
[I 2026-03-26 15:28:06,428] Trial 28 finished with value: 0.0 and parameters: {'sample_idx': 11282}. Best is trial 3 with value: 0.495.
[I 2026-03-26 15:28:06,971] Trial 29 finished with value: 0.0 and parameters: {'sample_idx': 18358}. Best is trial 3 with value: 0.495.
累积trials数: 30
采样了 10 个点
OK: nan
OK: nan
OK: nan
OK: nan
OK: nan
OK: nan
[SAVE] Itr 3: saved after 30 samplings
[TPE] Itr 2 finished: drop_classes: [2, 5, 6, 8]

[TPE] Itr 3 start
可用数据数量: 33131
[I 2026-03-26 15:28:19,709] Trial 30 finished with value: 0.475 and parameters: {'sample_idx': 27028}. Best is trial 3 with value: 0.495.
[I 2026-03-26 15:28:20,260] Trial 31 finished with value: 0.0 and parameters: {'sample_idx': 16048}. Best is trial 3 with value: 0.495.
[I 2026-03-26 15:28:20,808] Trial 32 finished with value: 0.0 and parameters: {'sample_idx': 21720}. Best is trial 3 with value: 0.495.
[I 2026-03-26 15:28:21,361] Trial 33 finished with value: 0.495 and parameters: {'sample_idx': 18132}. Best is trial 3 with value: 0.495.
[I 2026-03-26 15:28:21,916] Trial 34 finished with value: 0.0 and parameters: {'sample_idx': 14109}. Best is trial 3 with value: 0.495.
[I 2026-03-26 15:28:22,473] Trial 35 finished with value: 0.0 and parameters: {'sample_idx': 4846}. Best is trial 3 with value: 0.495.
[I 2026-03-26 15:28:23,027] Trial 36 finished with value: 0.0 and parameters: {'sample_idx': 20665}. Best is trial 3 with value: 0.495.
[I 2026-03-26 15:28:23,598] Trial 37 finished with value: 0.0 and parameters: {'sample_idx': 24263}. Best is trial 3 with value: 0.495.
[I 2026-03-26 15:28:24,146] Trial 38 finished with value: 0.0 and parameters: {'sample_idx': 15179}. Best is trial 3 with value: 0.495.
[I 2026-03-26 15:28:24,725] Trial 39 finished with value: 0.0 and parameters: {'sample_idx': 12081}. Best is trial 3 with value: 0.495.
累积trials数: 40
采样了 10 个点
OK: nan
OK: nan
OK: nan
OK: nan
OK: nan
[SAVE] Itr 4: saved after 40 samplings
[TPE] Itr 3 finished: drop_classes: [0, 1, 2, 3, 6]

[TPE] Itr 4 start
可用数据数量: 33121
[I 2026-03-26 15:28:35,408] Trial 40 finished with value: 0.495 and parameters: {'sample_idx': 17029}. Best is trial 3 with value: 0.495.
[I 2026-03-26 15:28:35,859] Trial 41 finished with value: 0.405 and parameters: {'sample_idx': 18724}. Best is trial 3 with value: 0.495.
[I 2026-03-26 15:28:36,406] Trial 42 finished with value: 0.0 and parameters: {'sample_idx': 22591}. Best is trial 3 with value: 0.495.
[I 2026-03-26 15:28:36,983] Trial 43 finished with value: 0.42 and parameters: {'sample_idx': 19621}. Best is trial 3 with value: 0.495.
[I 2026-03-26 15:28:37,529] Trial 44 finished with value: 0.235 and parameters: {'sample_idx': 17539}. Best is trial 3 with value: 0.495.
[I 2026-03-26 15:28:38,072] Trial 45 finished with value: 0.0 and parameters: {'sample_idx': 13486}. Best is trial 3 with value: 0.495.
[I 2026-03-26 15:28:38,624] Trial 46 finished with value: 0.0 and parameters: {'sample_idx': 26230}. Best is trial 3 with value: 0.495.
[I 2026-03-26 15:28:39,174] Trial 47 finished with value: 0.495 and parameters: {'sample_idx': 32729}. Best is trial 3 with value: 0.495.
[I 2026-03-26 15:28:39,720] Trial 48 finished with value: 0.0 and parameters: {'sample_idx': 8306}. Best is trial 3 with value: 0.495.
[I 2026-03-26 15:28:40,350] Trial 49 finished with value: 0.465 and parameters: {'sample_idx': 6573}. Best is trial 3 with value: 0.495.
累积trials数: 50
采样了 10 个点
OK: nan
OK: 99%
OK: nan
[SAVE] Itr 5: saved after 50 samplings
[TPE] Itr 4 finished: drop_classes: [0, 1, 2, 3, 4, 8, 9]

[TPE] Itr 5 start
可用数据数量: 33109
[I 2026-03-26 15:28:52,542] Trial 50 finished with value: 0.0 and parameters: {'sample_idx': 29491}. Best is trial 3 with value: 0.495.
[I 2026-03-26 15:28:53,137] Trial 51 finished with value: 0.0 and parameters: {'sample_idx': 10123}. Best is trial 3 with value: 0.495.
[I 2026-03-26 15:28:53,742] Trial 52 finished with value: 0.495 and parameters: {'sample_idx': 17365}. Best is trial 3 with value: 0.495.
[I 2026-03-26 15:28:54,317] Trial 53 finished with value: 0.0 and parameters: {'sample_idx': 16597}. Best is trial 3 with value: 0.495.
[I 2026-03-26 15:28:54,892] Trial 54 finished with value: 0.0 and parameters: {'sample_idx': 20061}. Best is trial 3 with value: 0.495.
[I 2026-03-26 15:28:55,436] Trial 55 finished with value: 0.0 and parameters: {'sample_idx': 13138}. Best is trial 3 with value: 0.495.
[I 2026-03-26 15:28:56,087] Trial 56 finished with value: 0.45 and parameters: {'sample_idx': 2756}. Best is trial 3 with value: 0.495.
[I 2026-03-26 15:28:56,693] Trial 57 finished with value: 0.0 and parameters: {'sample_idx': 22580}. Best is trial 3 with value: 0.495.
[I 2026-03-26 15:28:57,307] Trial 58 finished with value: 0.0 and parameters: {'sample_idx': 14776}. Best is trial 3 with value: 0.495.
[I 2026-03-26 15:28:58,018] Trial 59 finished with value: 0.0 and parameters: {'sample_idx': 10708}. Best is trial 3 with value: 0.495.
累积trials数: 60
采样了 10 个点
OK: nan
OK: 89%
OK: nan
[TPE] Itr 5 finished: drop_classes: [0, 2, 3, 4, 5, 8, 9]

[TPE] Sampling finished.
[TPE] OK samples: ['Cc1cc(OCC2CC2)ncc1C=O', 'O=Cc1c(F)ccc(F)c1OC(F)(F)F', 'COc1cc2oc(=O)ccc2cc1C=O', 'Cc1nc2c(C=O)cccc2s1', 'O=Cc1cc(C(F)(F)F)cnc1F', 'COc1cccc(Cl)c1-c1cccc(C=O)c1', 'O=Cc1ccccc1C(=O)C1CC1', 'COc1ccc(Cl)c(C=O)c1F', 'Cc1cc2nc(C=O)ccc2cc1F', 'O=Cc1ccnc(-c2ccco2)c1', 'O=Cc1ncc(Br)cc1C(F)(F)F', 'Cc1ccc(C=O)c(-c2cncnc2)c1', 'COc1ccc(OC(C)C)c(C=O)c1', 'CCc1cc(C=O)c(CC)cc1C=O', 'O=Cc1ccnc(N2CCCC2)c1', 'O=Cc1ccc(-c2cc(F)ccc2F)cc1F', 'COc1ccc2ccnc(C=O)c2c1', 'O=Cc1ccc(F)c(-c2c(F)cccc2Cl)c1', 'O=Cc1ccc(N2CC=CC2)nc1', 'COc1ccc2nccc(C=O)c2n1', 'CC(C)Cc1cnccc1C=O', 'COc1ccc2ncc(C=O)n2c1', 'CCCCc1ccc(C=O)o1', 'Cc1cc(Cl)c(C=O)c(C)n1', 'Cc1ccncc1C=O', 'COc1c(Br)cc(C=O)c(F)c1Br', 'O=Cc1ccc(SC2CCCCC2)cc1', 'O=Cc1cccc(-c2ccc(F)c(C(F)(F)F)c2)c1', 'O=Cc1cccc2ccoc12', 'CC(C)CSc1cccc(C=O)c1']
[TPE] Dropped samples: 30
========== Seed 0 finished ==========


========== Running with seed=1 ==========

=== 预采样阶段: 计算缩放因子 (n=10) ===
预采样统计:
  熵: mean=5460.4831, std=0.0000
  反应产率: mean=0.1970, std=0.3940
  熵缩放因子: 1.000000
  预采样 OK: 2, Drop: 8
[I 2026-03-26 15:29:22,935] A new study created in memory with name: no-name-6cc70db0-fcab-4953-b9e1-c74aff4e7996
[SAVE] Itr 1: saved after 10 samplings (pre-sampled)

=== 初始TPE阶段: 运行 10 trials 建立先验 ===
[I 2026-03-26 15:29:23,671] Trial 0 finished with value: 0.0 and parameters: {'sample_idx': 13824}. Best is trial 0 with value: 0.0.
[I 2026-03-26 15:29:24,195] Trial 1 finished with value: 0.0 and parameters: {'sample_idx': 23879}. Best is trial 0 with value: 0.0.
[I 2026-03-26 15:29:24,686] Trial 2 finished with value: 0.0 and parameters: {'sample_idx': 3}. Best is trial 0 with value: 0.0.
[I 2026-03-26 15:29:25,126] Trial 3 finished with value: 0.0 and parameters: {'sample_idx': 10022}. Best is trial 0 with value: 0.0.
[I 2026-03-26 15:29:25,584] Trial 4 finished with value: 0.495 and parameters: {'sample_idx': 4865}. Best is trial 4 with value: 0.495.
[I 2026-03-26 15:29:26,041] Trial 5 finished with value: 0.0 and parameters: {'sample_idx': 3061}. Best is trial 4 with value: 0.495.
[I 2026-03-26 15:29:26,497] Trial 6 finished with value: 0.455 and parameters: {'sample_idx': 6174}. Best is trial 4 with value: 0.495.
[I 2026-03-26 15:29:26,950] Trial 7 finished with value: 0.0 and parameters: {'sample_idx': 11455}. Best is trial 4 with value: 0.495.
[I 2026-03-26 15:29:27,433] Trial 8 finished with value: 0.0 and parameters: {'sample_idx': 13153}. Best is trial 4 with value: 0.495.
[I 2026-03-26 15:29:27,888] Trial 9 finished with value: 0.265 and parameters: {'sample_idx': 17862}. Best is trial 4 with value: 0.495.
初始trials完成，总trials数: 10

[TPE] Itr 1 start
可用数据数量: 33151
[I 2026-03-26 15:29:29,912] Trial 10 finished with value: 0.495 and parameters: {'sample_idx': 30236}. Best is trial 4 with value: 0.495.
[I 2026-03-26 15:29:30,378] Trial 11 finished with value: 0.49 and parameters: {'sample_idx': 32451}. Best is trial 4 with value: 0.495.
[I 2026-03-26 15:29:30,918] Trial 12 finished with value: 0.365 and parameters: {'sample_idx': 32063}. Best is trial 4 with value: 0.495.
[I 2026-03-26 15:29:31,448] Trial 13 finished with value: 0.0 and parameters: {'sample_idx': 23375}. Best is trial 4 with value: 0.495.
[I 2026-03-26 15:29:31,983] Trial 14 finished with value: 0.0 and parameters: {'sample_idx': 26211}. Best is trial 4 with value: 0.495.
[I 2026-03-26 15:29:32,516] Trial 15 finished with value: 0.0 and parameters: {'sample_idx': 18477}. Best is trial 4 with value: 0.495.
[I 2026-03-26 15:29:33,086] Trial 16 finished with value: 0.0 and parameters: {'sample_idx': 8006}. Best is trial 4 with value: 0.495.
[I 2026-03-26 15:29:33,673] Trial 17 finished with value: 0.475 and parameters: {'sample_idx': 27057}. Best is trial 4 with value: 0.495.
[I 2026-03-26 15:29:34,237] Trial 18 finished with value: 0.31 and parameters: {'sample_idx': 20539}. Best is trial 4 with value: 0.495.
[I 2026-03-26 15:29:34,805] Trial 19 finished with value: 0.0 and parameters: {'sample_idx': 29325}. Best is trial 4 with value: 0.495.
累积trials数: 20
采样了 10 个点
OK: nan
OK: nan
OK: 98%
OK: nan
OK: nan
OK: 73%
OK: nan
OK: nan
[SAVE] Itr 2: saved after 20 samplings
[TPE] Itr 1 finished: drop_classes: [8, 9]

[TPE] Itr 2 start
可用数据数量: 33138
[I 2026-03-26 15:29:45,319] Trial 20 finished with value: 0.0 and parameters: {'sample_idx': 4522}. Best is trial 4 with value: 0.495.
[I 2026-03-26 15:29:45,869] Trial 21 finished with value: 0.0 and parameters: {'sample_idx': 31452}. Best is trial 4 with value: 0.495.
[I 2026-03-26 15:29:46,425] Trial 22 finished with value: 0.495 and parameters: {'sample_idx': 32921}. Best is trial 4 with value: 0.495.
[I 2026-03-26 15:29:47,008] Trial 23 finished with value: 0.0 and parameters: {'sample_idx': 27685}. Best is trial 4 with value: 0.495.
[I 2026-03-26 15:29:47,628] Trial 24 finished with value: 0.49 and parameters: {'sample_idx': 22160}. Best is trial 4 with value: 0.495.
[I 2026-03-26 15:29:48,217] Trial 25 finished with value: 0.0 and parameters: {'sample_idx': 29483}. Best is trial 4 with value: 0.495.
[I 2026-03-26 15:29:48,810] Trial 26 finished with value: 0.0 and parameters: {'sample_idx': 15695}. Best is trial 4 with value: 0.495.
[I 2026-03-26 15:29:49,411] Trial 27 finished with value: 0.495 and parameters: {'sample_idx': 25169}. Best is trial 4 with value: 0.495.
[I 2026-03-26 15:29:50,055] Trial 28 finished with value: 0.48 and parameters: {'sample_idx': 33095}. Best is trial 4 with value: 0.495.
[I 2026-03-26 15:29:50,640] Trial 29 finished with value: 0.0 and parameters: {'sample_idx': 30156}. Best is trial 4 with value: 0.495.
累积trials数: 30
采样了 10 个点
OK: nan
OK: 99%
OK: nan
OK: 97%
OK: nan
OK: 96%
OK: nan
OK: 99%
[SAVE] Itr 3: saved after 30 samplings
[TPE] Itr 2 finished: drop_classes: [0, 8]

[TPE] Itr 3 start
可用数据数量: 33125
[I 2026-03-26 15:30:02,352] Trial 30 finished with value: 0.46 and parameters: {'sample_idx': 20541}. Best is trial 4 with value: 0.495.
[I 2026-03-26 15:30:02,901] Trial 31 finished with value: 0.0 and parameters: {'sample_idx': 25288}. Best is trial 4 with value: 0.495.
[I 2026-03-26 15:30:03,442] Trial 32 finished with value: 0.0 and parameters: {'sample_idx': 28796}. Best is trial 4 with value: 0.495.
[I 2026-03-26 15:30:04,009] Trial 33 finished with value: 0.49 and parameters: {'sample_idx': 1467}. Best is trial 4 with value: 0.495.
[I 2026-03-26 15:30:04,546] Trial 34 finished with value: 0.0 and parameters: {'sample_idx': 25668}. Best is trial 4 with value: 0.495.
[I 2026-03-26 15:30:05,107] Trial 35 finished with value: 0.0 and parameters: {'sample_idx': 30949}. Best is trial 4 with value: 0.495.
[I 2026-03-26 15:30:05,702] Trial 36 finished with value: 0.0 and parameters: {'sample_idx': 24002}. Best is trial 4 with value: 0.495.
[I 2026-03-26 15:30:06,285] Trial 37 finished with value: 0.0 and parameters: {'sample_idx': 27957}. Best is trial 4 with value: 0.495.
[I 2026-03-26 15:30:06,840] Trial 38 finished with value: 0.0 and parameters: {'sample_idx': 9067}. Best is trial 4 with value: 0.495.
[I 2026-03-26 15:30:07,424] Trial 39 finished with value: 0.0 and parameters: {'sample_idx': 14774}. Best is trial 4 with value: 0.495.
累积trials数: 40
采样了 10 个点
OK: nan
OK: 99%
OK: 91%
OK: nan
OK: 99%
OK: nan
OK: nan
[SAVE] Itr 4: saved after 40 samplings
[TPE] Itr 3 finished: drop_classes: [0, 3, 5]

[TPE] Itr 4 start
可用数据数量: 33112
[I 2026-03-26 15:30:18,948] Trial 40 finished with value: 0.0 and parameters: {'sample_idx': 6399}. Best is trial 4 with value: 0.495.
[I 2026-03-26 15:30:19,510] Trial 41 finished with value: 0.465 and parameters: {'sample_idx': 33004}. Best is trial 4 with value: 0.495.
[I 2026-03-26 15:30:20,026] Trial 42 finished with value: 0.0 and parameters: {'sample_idx': 30743}. Best is trial 4 with value: 0.495.
[I 2026-03-26 15:30:20,547] Trial 43 finished with value: 0.495 and parameters: {'sample_idx': 32368}. Best is trial 4 with value: 0.495.
[I 2026-03-26 15:30:21,090] Trial 44 finished with value: 0.095 and parameters: {'sample_idx': 12372}. Best is trial 4 with value: 0.495.
[I 2026-03-26 15:30:21,607] Trial 45 finished with value: 0.0 and parameters: {'sample_idx': 30665}. Best is trial 4 with value: 0.495.
[I 2026-03-26 15:30:22,120] Trial 46 finished with value: 0.0 and parameters: {'sample_idx': 28632}. Best is trial 4 with value: 0.495.
[I 2026-03-26 15:30:22,662] Trial 47 finished with value: 0.0 and parameters: {'sample_idx': 26515}. Best is trial 4 with value: 0.495.
[I 2026-03-26 15:30:23,171] Trial 48 finished with value: 0.49 and parameters: {'sample_idx': 24426}. Best is trial 4 with value: 0.495.
[I 2026-03-26 15:30:23,682] Trial 49 finished with value: 0.0 and parameters: {'sample_idx': 31845}. Best is trial 4 with value: 0.495.
累积trials数: 50
采样了 10 个点
OK: 83%
OK: 99%
OK: 93%
OK: nan
OK: 98%
[SAVE] Itr 5: saved after 50 samplings
[TPE] Itr 4 finished: drop_classes: [0, 1, 3, 6, 7]

[TPE] Itr 5 start
可用数据数量: 33098
[I 2026-03-26 15:30:34,815] Trial 50 finished with value: 0.0 and parameters: {'sample_idx': 17571}. Best is trial 4 with value: 0.495.
[I 2026-03-26 15:30:35,336] Trial 51 finished with value: 0.395 and parameters: {'sample_idx': 32785}. Best is trial 4 with value: 0.495.
[I 2026-03-26 15:30:35,861] Trial 52 finished with value: 0.0 and parameters: {'sample_idx': 31607}. Best is trial 4 with value: 0.495.
[I 2026-03-26 15:30:36,375] Trial 53 finished with value: 0.0 and parameters: {'sample_idx': 29855}. Best is trial 4 with value: 0.495.
[I 2026-03-26 15:30:36,937] Trial 54 finished with value: 0.0 and parameters: {'sample_idx': 122}. Best is trial 4 with value: 0.495.
[I 2026-03-26 15:30:37,405] Trial 55 finished with value: 0.0 and parameters: {'sample_idx': 27566}. Best is trial 4 with value: 0.495.
[I 2026-03-26 15:30:37,871] Trial 56 finished with value: 0.0 and parameters: {'sample_idx': 31965}. Best is trial 4 with value: 0.495.
[I 2026-03-26 15:30:38,335] Trial 57 finished with value: 0.0 and parameters: {'sample_idx': 22722}. Best is trial 4 with value: 0.495.
[I 2026-03-26 15:30:38,774] Trial 58 finished with value: 0.46 and parameters: {'sample_idx': 29199}. Best is trial 4 with value: 0.495.
