[I 2026-03-26 15:34:02,074] Trial 59 finished with value: 0.0 and parameters: {'sample_idx': 1424}. Best is trial 6 with value: 0.495.
累积trials数: 60
采样了 10 个点
OK: nan
OK: 95%
OK: nan
OK: nan
OK: nan
[TPE] Itr 5 finished: drop_classes: [1, 3, 4, 5, 9]

[TPE] Sampling finished.
[TPE] OK samples: ['O=Cc1c(F)ccc2ncccc12', 'O=Cc1cccn(-c2ccc(Cl)cc2)c1=S', 'O=Cc1ccc(-c2ccccc2[N+](=O)[O-])cc1', 'COC(=O)c1ccccc1-c1ccc(C=O)cc1', 'CNC(=O)c1ccc(OC)c(C=O)c1', 'O=Cc1ccc(-c2ccc([N+](=O)[O-])cc2Cl)o1', 'CN1CCC(c2ccc(C=O)cc2)CC1', 'CC(C)Oc1cc(C=O)cnc1F', 'O=Cc1cccc(F)c1F', 'O=Cc1ccc2ccccc2c1Br', 'O=Cc1c(F)cccc1Br', 'N#Cc1cc(C=O)ccc1OCc1ccccc1', 'CS(=O)(=O)c1ccc(C=O)c(S(C)(=O)=O)c1', 'CCCCCCC[C@H](C)Oc1ccc(C=O)cc1OCC', 'O=Cc1ccc(Sc2cccc3cccnc23)o1', 'NCc1ncccc1C=O', 'COc1ccc(C=O)c(Br)c1', 'O=Cc1ccccc1COC1CCCC1', 'Cc1ccc2ccc(C=O)c(O)c2n1', 'C[C@H]1CC[C@@H]1COc1ccc(C=O)cc1Br', 'O=Cc1cc2ccsc2cc1Br', 'O=Cc1c(F)ccc2ccccc12', 'Cc1nn(-c2ccccc2)c(C(F)(F)F)c1C=O', 'CCc1ccc(C=O)s1', 'CCOc1cc(C=O)ccc1OC(=O)C1CC1', 'Cc1ccc(Cc2ccc(C=O)o2)cc1', 'O=Cc1cccc(OC2CC2)c1', 'Cn1cc(C=O)nc1-c1ccc(F)cc1', 'O=Cc1ccc2cc(Br)ccc2n1', 'CCCCOc1cc(C=O)cc(C(F)(F)F)c1']
[TPE] Dropped samples: 30
========== Seed 3 finished ==========


========== Running with seed=4 ==========

=== 预采样阶段: 计算缩放因子 (n=10) ===
预采样统计:
  熵: mean=5422.6776, std=0.0000
  反应产率: mean=0.2920, std=0.4461
  熵缩放因子: 1.000000
  预采样 OK: 3, Drop: 7
[I 2026-03-26 15:34:25,055] A new study created in memory with name: no-name-fa035813-ac00-44cd-adef-fef875786403
[SAVE] Itr 1: saved after 10 samplings (pre-sampled)

=== 初始TPE阶段: 运行 10 trials 建立先验 ===
[I 2026-03-26 15:34:25,785] Trial 0 finished with value: 0.0 and parameters: {'sample_idx': 32057}. Best is trial 0 with value: 0.0.
[I 2026-03-26 15:34:26,264] Trial 1 finished with value: 0.0 and parameters: {'sample_idx': 18140}. Best is trial 0 with value: 0.0.
[I 2026-03-26 15:34:26,863] Trial 2 finished with value: 0.495 and parameters: {'sample_idx': 32244}. Best is trial 2 with value: 0.495.
[I 2026-03-26 15:34:27,418] Trial 3 finished with value: 0.0 and parameters: {'sample_idx': 23696}. Best is trial 2 with value: 0.495.
[I 2026-03-26 15:34:27,914] Trial 4 finished with value: 0.0 and parameters: {'sample_idx': 23129}. Best is trial 2 with value: 0.495.
[I 2026-03-26 15:34:28,407] Trial 5 finished with value: 0.495 and parameters: {'sample_idx': 7163}. Best is trial 2 with value: 0.495.
[I 2026-03-26 15:34:28,984] Trial 6 finished with value: 0.47 and parameters: {'sample_idx': 32363}. Best is trial 2 with value: 0.495.
[I 2026-03-26 15:34:29,548] Trial 7 finished with value: 0.275 and parameters: {'sample_idx': 206}. Best is trial 2 with value: 0.495.
[I 2026-03-26 15:34:30,110] Trial 8 finished with value: 0.0 and parameters: {'sample_idx': 8386}. Best is trial 2 with value: 0.495.
[I 2026-03-26 15:34:30,546] Trial 9 finished with value: 0.0 and parameters: {'sample_idx': 14413}. Best is trial 2 with value: 0.495.
初始trials完成，总trials数: 10

[TPE] Itr 1 start
可用数据数量: 33150
[I 2026-03-26 15:34:33,286] Trial 10 finished with value: 0.0 and parameters: {'sample_idx': 25514}. Best is trial 2 with value: 0.495.
[I 2026-03-26 15:34:33,854] Trial 11 finished with value: 0.0 and parameters: {'sample_idx': 6528}. Best is trial 2 with value: 0.495.
[I 2026-03-26 15:34:34,384] Trial 12 finished with value: 0.495 and parameters: {'sample_idx': 9783}. Best is trial 2 with value: 0.495.
[I 2026-03-26 15:34:34,885] Trial 13 finished with value: 0.0 and parameters: {'sample_idx': 706}. Best is trial 2 with value: 0.495.
[I 2026-03-26 15:34:35,455] Trial 14 finished with value: 0.0 and parameters: {'sample_idx': 15066}. Best is trial 2 with value: 0.495.
[I 2026-03-26 15:34:36,043] Trial 15 finished with value: 0.49 and parameters: {'sample_idx': 19320}. Best is trial 2 with value: 0.495.
[I 2026-03-26 15:34:36,551] Trial 16 finished with value: 0.0 and parameters: {'sample_idx': 5187}. Best is trial 2 with value: 0.495.
[I 2026-03-26 15:34:37,064] Trial 17 finished with value: 0.465 and parameters: {'sample_idx': 28688}. Best is trial 2 with value: 0.495.
[I 2026-03-26 15:34:37,572] Trial 18 finished with value: 0.485 and parameters: {'sample_idx': 11267}. Best is trial 2 with value: 0.495.
[I 2026-03-26 15:34:38,121] Trial 19 finished with value: 0.0 and parameters: {'sample_idx': 12434}. Best is trial 2 with value: 0.495.
累积trials数: 20
采样了 10 个点
OK: 99%
OK: nan
OK: nan
OK: nan
OK: nan
OK: 94%
OK: nan
OK: nan
[SAVE] Itr 2: saved after 20 samplings
[TPE] Itr 1 finished: drop_classes: [8, 9]

[TPE] Itr 2 start
可用数据数量: 33138
[I 2026-03-26 15:34:48,644] Trial 20 finished with value: 0.48 and parameters: {'sample_idx': 20579}. Best is trial 2 with value: 0.495.
[I 2026-03-26 15:34:49,182] Trial 21 finished with value: 0.485 and parameters: {'sample_idx': 9891}. Best is trial 2 with value: 0.495.
[I 2026-03-26 15:34:49,724] Trial 22 finished with value: 0.0 and parameters: {'sample_idx': 3585}. Best is trial 2 with value: 0.495.
[I 2026-03-26 15:34:50,264] Trial 23 finished with value: 0.0 and parameters: {'sample_idx': 7924}. Best is trial 2 with value: 0.495.
[I 2026-03-26 15:34:50,727] Trial 24 finished with value: 0.495 and parameters: {'sample_idx': 3551}. Best is trial 2 with value: 0.495.
[I 2026-03-26 15:34:51,326] Trial 25 finished with value: 0.0 and parameters: {'sample_idx': 13150}. Best is trial 2 with value: 0.495.
[I 2026-03-26 15:34:51,882] Trial 26 finished with value: 0.0 and parameters: {'sample_idx': 15919}. Best is trial 2 with value: 0.495.
[I 2026-03-26 15:34:52,339] Trial 27 finished with value: 0.0 and parameters: {'sample_idx': 10229}. Best is trial 2 with value: 0.495.
[I 2026-03-26 15:34:52,826] Trial 28 finished with value: 0.0 and parameters: {'sample_idx': 29041}. Best is trial 2 with value: 0.495.
[I 2026-03-26 15:34:53,283] Trial 29 finished with value: 0.155 and parameters: {'sample_idx': 29053}. Best is trial 2 with value: 0.495.
累积trials数: 30
采样了 10 个点
OK: 99%
OK: nan
OK: nan
OK: nan
OK: nan
OK: nan
OK: nan
OK: 98%
OK: nan
[SAVE] Itr 3: saved after 30 samplings
[TPE] Itr 2 finished: drop_classes: [1]

[TPE] Itr 3 start
可用数据数量: 33124
[I 2026-03-26 15:35:04,193] Trial 30 finished with value: 0.0 and parameters: {'sample_idx': 4154}. Best is trial 2 with value: 0.495.
[I 2026-03-26 15:35:04,780] Trial 31 finished with value: 0.0 and parameters: {'sample_idx': 2193}. Best is trial 2 with value: 0.495.
[I 2026-03-26 15:35:05,368] Trial 32 finished with value: 0.0 and parameters: {'sample_idx': 6066}. Best is trial 2 with value: 0.495.
[I 2026-03-26 15:35:05,955] Trial 33 finished with value: 0.495 and parameters: {'sample_idx': 8593}. Best is trial 2 with value: 0.495.
[I 2026-03-26 15:35:06,524] Trial 34 finished with value: 0.0 and parameters: {'sample_idx': 2515}. Best is trial 2 with value: 0.495.
[I 2026-03-26 15:35:07,101] Trial 35 finished with value: 0.495 and parameters: {'sample_idx': 17436}. Best is trial 2 with value: 0.495.
[I 2026-03-26 15:35:07,672] Trial 36 finished with value: 0.0 and parameters: {'sample_idx': 6344}. Best is trial 2 with value: 0.495.
[I 2026-03-26 15:35:08,271] Trial 37 finished with value: 0.0 and parameters: {'sample_idx': 12403}. Best is trial 2 with value: 0.495.
[I 2026-03-26 15:35:08,853] Trial 38 finished with value: 0.0 and parameters: {'sample_idx': 23566}. Best is trial 2 with value: 0.495.
[I 2026-03-26 15:35:09,454] Trial 39 finished with value: 0.49 and parameters: {'sample_idx': 21052}. Best is trial 2 with value: 0.495.
累积trials数: 40
采样了 10 个点
OK: 95%
OK: nan
OK: nan
OK: nan
OK: nan
OK: nan
[SAVE] Itr 4: saved after 40 samplings
[TPE] Itr 3 finished: drop_classes: [1, 2, 3, 8]

[TPE] Itr 4 start
可用数据数量: 33111
[I 2026-03-26 15:35:20,004] Trial 40 finished with value: 0.0 and parameters: {'sample_idx': 8468}. Best is trial 2 with value: 0.495.
[I 2026-03-26 15:35:20,510] Trial 41 finished with value: 0.0 and parameters: {'sample_idx': 8387}. Best is trial 2 with value: 0.495.
[I 2026-03-26 15:35:21,169] Trial 42 finished with value: 0.485 and parameters: {'sample_idx': 9817}. Best is trial 2 with value: 0.495.
[I 2026-03-26 15:35:21,649] Trial 43 finished with value: 0.0 and parameters: {'sample_idx': 4956}. Best is trial 2 with value: 0.495.
[I 2026-03-26 15:35:22,176] Trial 44 finished with value: 0.0 and parameters: {'sample_idx': 1600}. Best is trial 2 with value: 0.495.
[I 2026-03-26 15:35:22,773] Trial 45 finished with value: 0.0 and parameters: {'sample_idx': 7158}. Best is trial 2 with value: 0.495.
[I 2026-03-26 15:35:23,357] Trial 46 finished with value: 0.0 and parameters: {'sample_idx': 136}. Best is trial 2 with value: 0.495.
[I 2026-03-26 15:35:23,990] Trial 47 finished with value: 0.495 and parameters: {'sample_idx': 32795}. Best is trial 2 with value: 0.495.
[I 2026-03-26 15:35:24,532] Trial 48 finished with value: 0.0 and parameters: {'sample_idx': 25234}. Best is trial 2 with value: 0.495.
[I 2026-03-26 15:35:25,125] Trial 49 finished with value: 0.0 and parameters: {'sample_idx': 3278}. Best is trial 2 with value: 0.495.
累积trials数: 50
采样了 10 个点
OK: 88%
OK: nan
OK: nan
OK: 99%
OK: nan
OK: nan
[SAVE] Itr 5: saved after 50 samplings
[TPE] Itr 4 finished: drop_classes: [1, 3, 4, 9]

[TPE] Itr 5 start
可用数据数量: 33099
[I 2026-03-26 15:35:37,633] Trial 50 finished with value: 0.0 and parameters: {'sample_idx': 4957}. Best is trial 2 with value: 0.495.
[I 2026-03-26 15:35:38,232] Trial 51 finished with value: 0.0 and parameters: {'sample_idx': 31167}. Best is trial 2 with value: 0.495.
[I 2026-03-26 15:35:38,832] Trial 52 finished with value: 0.0 and parameters: {'sample_idx': 17179}. Best is trial 2 with value: 0.495.
[I 2026-03-26 15:35:39,418] Trial 53 finished with value: 0.465 and parameters: {'sample_idx': 13768}. Best is trial 2 with value: 0.495.
[I 2026-03-26 15:35:40,008] Trial 54 finished with value: 0.0 and parameters: {'sample_idx': 18524}. Best is trial 2 with value: 0.495.
[I 2026-03-26 15:35:40,518] Trial 55 finished with value: 0.0 and parameters: {'sample_idx': 11235}. Best is trial 2 with value: 0.495.
[I 2026-03-26 15:35:41,114] Trial 56 finished with value: 0.355 and parameters: {'sample_idx': 25800}. Best is trial 2 with value: 0.495.
[I 2026-03-26 15:35:41,641] Trial 57 finished with value: 0.0 and parameters: {'sample_idx': 15339}. Best is trial 2 with value: 0.495.
[I 2026-03-26 15:35:42,263] Trial 58 finished with value: 0.0 and parameters: {'sample_idx': 21882}. Best is trial 2 with value: 0.495.
[I 2026-03-26 15:35:42,817] Trial 59 finished with value: 0.425 and parameters: {'sample_idx': 9209}. Best is trial 2 with value: 0.495.
累积trials数: 60
采样了 10 个点
OK: 92%
OK: nan
OK: nan
OK: nan
OK: 70%
OK: nan
OK: nan
OK: nan
[TPE] Itr 5 finished: drop_classes: [1, 2]

[TPE] Sampling finished.
[TPE] OK samples: ['COc1c(C=O)ccnc1Br', 'O=Cc1cc(C(=O)O)ccn1', 'O=Cc1cc(Cl)cc(Cl)c1F', 'CC(C)(C)OC(=O)c1ccc(C=O)cc1', 'O=Cc1ccc(F)c2c1CCC2', 'Cc1ccc(C=O)cc1OC(C)C', 'O=Cc1ccc(-c2ccc(Cl)c(F)c2)cc1', 'Cc1ccc(Br)c(C=O)n1', 'O=Cc1ccccc1C(F)(F)F', 'COc1cc(C=O)ccc1OCc1ccc(Cl)cc1', 'Cc1c(C=O)oc2ccc(F)cc12', 'C#Cc1ccc(C=O)o1', 'O=Cc1cccnc1', 'CCCC[C@H](CC)COC(=O)c1cc2c(C=O)sc(Br)c2s1', 'COc1cc(C=O)cc(OC)c1OC(F)F', 'O=Cc1ncccc1C(F)(F)F', 'O=Cc1ccnc(F)c1', 'O=Cc1cc(Cl)cc(C(=O)O)c1Cl', 'Cc1cc(Cl)cc(C=O)c1', 'O=Cc1ccc2ncccc2c1Cl', 'NC(=O)CCc1ccc(C=O)cc1', 'O=Cc1ccc(OCc2ccccc2)cc1Cl', 'COC(=O)c1ccc(C=O)cc1C(F)(F)F', 'COC(=O)c1cc2c(C=O)ccc(OC)c2o1', 'Cc1cc(Br)c(C=O)cc1F', 'Cc1c(F)ccc(F)c1C=O', 'COc1cccc(Cl)c1C=O', 'O=Cc1ccccc1OCc1ccc(Cl)cc1', 'CP(C)(=O)c1ccc(C=O)cc1', 'O=Cc1ccc(Cl)cc1OCc1ccccc1', 'COc1ccc2sc(C=O)cc2c1', 'O=Cc1cccc(-c2ccc(Cl)cc2F)c1', 'O=Cc1ccc([N+](=O)[O-])c2ncccc12', 'CCOc1cc(C=O)ccc1OC(=O)CSc1nc(-c2ccccc2)cc(-c2ccc(OC)cc2)c1C#N', 'COc1cc(C=O)cc(O)c1OC', 'Cc1c(F)cccc1C=O', 'O=Cc1cc(Cl)ncc1F', 'O=Cc1cnc(Cl)c(F)c1', 'Cc1c(F)cc(Cl)c(C=O)c1F', 'O=Cc1c(Cl)cc(Cl)cc1Br']
[TPE] Dropped samples: 20
========== Seed 4 finished ==========

All done.
